ARM GAS  /tmp/ccyxSWFm.s 			page 1


   1              		.cpu cortex-m33
   2              		.eabi_attribute 27, 1
   3              		.eabi_attribute 28, 1
   4              		.eabi_attribute 20, 1
   5              		.eabi_attribute 21, 1
   6              		.eabi_attribute 23, 3
   7              		.eabi_attribute 24, 1
   8              		.eabi_attribute 25, 1
   9              		.eabi_attribute 26, 1
  10              		.eabi_attribute 30, 4
  11              		.eabi_attribute 34, 1
  12              		.eabi_attribute 18, 4
  13              		.file	"ux_device_class_cdc_acm_activate.c"
  14              		.section	.gnu.lto_.profile.4e57f03ded75e669,"e",%progbits
  15 0000 789C6361 		.ascii	"x\234ca\000\002F\006\006\000\000+\000\006"
  15      00024606 
  15      0600002B 
  15      0006
  16              		.text
  17              		.section	.gnu.lto_.icf.4e57f03ded75e669,"e",%progbits
  18 0000 789CE360 		.ascii	"x\234\343`@\000F\206%\273\356\375\347`\000\000\016\273"
  18      40004686 
  18      25BBEEFD 
  18      E7600000 
  18      0EBB
  19 0012 034D     		.ascii	"\003M"
  20              		.text
  21              		.section	.gnu.lto_.ipa_sra.4e57f03ded75e669,"e",%progbits
  22 0000 789C9365 		.ascii	"x\234\223e@\000F\006F\246%\314\014K\230\0319X\030\227"
  22      40004606 
  22      46A625CC 
  22      0C4B9819 
  22      39581897 
  23 0014 3003D9CC 		.ascii	"0\003\331\314\012,\214\014\014,\314@)\0009\222\002\376"
  23      0A2C8C0C 
  23      0C2CCC40 
  23      29003992 
  23      02FE
  24              		.text
  25              		.section	.gnu.lto_.inline.4e57f03ded75e669,"e",%progbits
  26 0000 789CCB66 		.ascii	"x\234\313f@\000F\006\006\376\227gf^fJgdb`\\\302\314"
  26      40004606 
  26      06FE9767 
  26      665E664A 
  26      67646260 
  27 0017 C4C0DCC0 		.ascii	"\304\300\334\300\304\000b100;0\260\3614\000\001s*\003"
  27      C4006231 
  27      30303B30 
  27      B0F13400 
  27      01732A03 
  28 002b 031B88C1 		.ascii	"\003\033\210\301\224\302\304\000T\006f&11\260\300\331"
  28      94C2C400 
  28      54066626 
  28      3131B0C0 
  28      D9
  29 003c 0C2C0851 		.ascii	"\014,\010Q\016\204(\007\320\006\026\001\2205\023\374"
  29      0E842807 
ARM GAS  /tmp/ccyxSWFm.s 			page 2


  29      D0061601 
  29      903513FC 
  30 004c 1800F741 		.ascii	"\030\000\367A\025\264"
  30      15B4
  31              		.text
  32              		.section	.gnu.lto_.jmpfuncs.4e57f03ded75e669,"e",%progbits
  33 0000 789C9365 		.ascii	"x\234\223e@\000F\006FF\306\372%\314,L@\366\001\026F"
  33      40004606 
  33      4646C6FA 
  33      25CC2C4C 
  33      40F60116 
  34 0015 0620FE0F 		.ascii	"\006 \376\017\004\374\014\365\012\014\000V\026\007\203"
  34      04FC0CF5 
  34      0A0C0056 
  34      160783
  35              		.text
  36              		.section	.gnu.lto_.pureconst.4e57f03ded75e669,"e",%progbits
  37 0000 789C6361 		.ascii	"x\234ca```d\230\305\002\000\001d\000\244"
  37      60606064 
  37      98C50200 
  37      016400A4 
  38              		.text
  39              		.section	.gnu.lto_.lto.4e57f03ded75e669,"e",%progbits
  40 0000 09000400 		.ascii	"\011\000\004\000\001\000\000\000"
  40      01000000 
  41              		.text
  42              		.section	.gnu.lto__ux_device_class_cdc_acm_activate.3.4e57f03ded75e669,"e",%progbits
  43 0000 789C6D91 		.ascii	"x\234m\221AH\024a\024\200\3777\377\314\216\246\273\006"
  43      41481461 
  43      1480FF37 
  43      FFCC8EA6 
  43      BB06
  44 0012 D5A143E0 		.ascii	"\325\241C\340%\"h\375M)\257\3211\352dA\267evv\205Ag"
  44      252268FD 
  44      4D29AFD1 
  44      31EA6441 
  44      B7657676 
  45 0029 77D919AD 		.ascii	"w\331\031\255N\316\352Bd\007]\013Aq\015\226)\274D\205"
  45      4ECEEA42 
  45      64075D0B 
  45      41710D96 
  45      29BC4485 
  46 003d 95ADA9AD 		.ascii	"\225\255\251\255hY$\225A\235\012\215b\311KX\227\022"
  46      68592495 
  46      419D0A8D 
  46      62C94B58 
  46      9712
  47 004f 827AFFCC 		.ascii	"\202z\377\3144\273V\207a\346\275\371\276\367\336\377"
  47      34BB5687 
  47      61E6BDF9 
  47      BEF7DEFF 
  48 005f 7E420959 		.ascii	"~B\011Y\"\204\234\300\007$\002\303\271\001\201X\226"
  48      22849CC0 
  48      072402C3 
  48      B9018158 
  48      96
  49 0070 754C1684 		.ascii	"uL\026\204\376\334e\001\036\301\330T\371\220\230\315"
ARM GAS  /tmp/ccyxSWFm.s 			page 3


  49      FEDC6501 
  49      1EC1D854 
  49      F99098CD 
  50 0080 85CA2BA3 		.ascii	"\205\312+\243\273D\012W}B\204Ln\340{\376\276\210\220"
  50      BB440A57 
  50      7D42844C 
  50      6EE07BFE 
  50      BE8890
  51 0093 9300D22B 		.ascii	"\223\000\322+P\021z\341\012\035\2470LmJ@\364\276\000"
  51      50117AE1 
  51      0A1DA730 
  51      4C6D4A40 
  51      F4BE00
  52 00a6 1A0F962C 		.ascii	"\032\017\226,\353\307\343\211\261\2170>Y\022m*\220\011"
  52      EBC7E389 
  52      B18F303E 
  52      59126D2A 
  52      9009
  53 00b8 04EE01DC 		.ascii	"\004\356\001\334\005\354N\020\244y \007\220zu\251\377"
  53      05EC4E10 
  53      A4792007 
  53      907A75A9 
  53      FF
  54 00c9 A2B51311 		.ascii	"\242\265\023\021\012\323P\005a\302\003\257\003\177\355"
  54      0AD35005 
  54      61C203AF 
  54      037FED
  55 00d8 4776F3DA 		.ascii	"Gv\363\332\342Hh(Scc\347\"l\253\350\2207}\362\366\004"
  55      E2486828 
  55      536363E7 
  55      226CABE8 
  55      90377DF2 
  56 00ee AF9A6DB4 		.ascii	"\257\232m\264\251\004\017\377CNW\310\374\0372\000s\177"
  56      A9040FFF 
  56      434E57C8 
  56      FC1F3200 
  56      737F
  57 0100 910102F3 		.ascii	"\221\001\002\363\000\263\0003\300\347\347{#\204\372"
  57      00B30033 
  57      C0E7E77B 
  57      2384FA
  58 010f B95BAFA5 		.ascii	"\271[\257\245\222\365\363\327\240e\255\355\3750/\327"
  58      92F5F3D7 
  58      A065ADED 
  58      FD302FD7 
  59 011f 010E8D9B 		.ascii	"\001\016\215\233\202\007|\273\263\200\366\014\310\274"
  59      82077CBB 
  59      B380F60C 
  59      C8BC
  60 012d 04218394 		.ascii	"\004!\203\224\357\321\022\301*\0212D\0057\310`\360\005"
  60      EFD112C1 
  60      2A113244 
  60      0537C860 
  60      F005
  61 013f FA668B6F 		.ascii	"\372f\213o\276\322\002\225\274\365Qg\266\033|\317\223"
  61      BED20295 
  61      BCF55167 
ARM GAS  /tmp/ccyxSWFm.s 			page 4


  61      B61B7CCF 
  61      93
  62 0150 FB6C5A53 		.ascii	"\373lZS\300\323\226\2004c\214'\257\205\005\310;\263"
  62      C0D39680 
  62      34638C27 
  62      AF8505C8 
  62      3BB3
  63 0162 7073EBED 		.ascii	"ps\353\355*\232\001\317\224\252\314\2436\335\2015a\321"
  63      2A9A01CF 
  63      94AACCA3 
  63      36DD8135 
  63      61D1
  64 0174 37EB6009 		.ascii	"7\353`\011M\360\314\342\273;R\201\312>\337\366O\247"
  64      4DF0CCE2 
  64      BB3B5281 
  64      CA3EDFF6 
  64      4FA7
  65 0186 3A7882BC 		.ascii	":x\202\274\340\362#[\3573\015^\233@\245\315\347=6\255"
  65      E0F2235B 
  65      EF330D5E 
  65      9B40A5CD 
  65      E73D36AD 
  66 019a C732F0B4 		.ascii	"\3072\360\264J{\206\032N\210s9fq-\027\364L\261\312\014"
  66      4A7B861A 
  66      4E887339 
  66      66712D17 
  66      F44CB1CA 
  67 01af D9348808 		.ascii	"\3314\210\010<\367\315\000\254\240)rSvO\367i\001\021"
  67      3CF7CD00 
  67      ACA02972 
  67      53764FF7 
  67      690111
  68 01c2 F095DD15 		.ascii	"\360\225\335\025\005s\236\025\202\027hI\304\251\302"
  68      05739E15 
  68      82176849 
  68      C4A9C2
  69 01d1 8F2DC34B 		.ascii	"\217-\303KL\004p\356\015\310n,F\013no\331\275S\334>"
  69      4C0470EE 
  69      0DC86E2C 
  69      460B6E6F 
  69      D9BD53DC 
  70 01e6 5D1D9D2A 		.ascii	"]\035\235*\013\316\3667!\273>\272\\\217\035\201\317"
  70      0BCEF637 
  70      21BB3EBA 
  70      5C8F1D81 
  70      CF
  71 01f7 6BD30687 		.ascii	"k\323\006\207\020+\367\363\015\372\326\347\226\203\274"
  71      102BF7F3 
  71      0DFAD6E7 
  71      9683BC
  72 0206 82E05618 		.ascii	"\202\340V\030\244P\271KB\332\230\2360\231\312L=\305"
  72      A450B94B 
  72      42DA989E 
  72      3099CA4C 
  72      3DC5
  73 0218 625AAA2B 		.ascii	"bZ\252+\251w*\314L'S\232\332|8l\230zkK\367\221p\267"
  73      A9772ACC 
ARM GAS  /tmp/ccyxSWFm.s 			page 5


  73      4C27539A 
  73      DA7C386C 
  73      987A6B4B 
  74 0230 110DC7E2 		.ascii	"\021\015\307\342=\235\232\031\3568\307\224T\212D\233"
  74      3D9D9A19 
  74      EE38C794 
  74      548A449B 
  75 0240 9A9811EB 		.ascii	"\232\230\021\353d\016\301\332O\237jm\211\234i?~6rR\213"
  75      640EC1DA 
  75      4F9F6A6D 
  75      899C693F 
  75      7E367252 
  76 0255 A695F405 		.ascii	"\246\225\364\005\246&u=\231`h\236\217\240\252\251\361"
  76      A626753D 
  76      9960689E 
  76      8FA0AAA9 
  76      F1
  77 0266 88DAA518 		.ascii	"\210\332\245\030F\334`FZe\335\333\263\0215\246F\024"
  77      46DC6046 
  77      5A65DDDB 
  77      B31135A6 
  77      4614
  78 0278 55C7C7D4 		.ascii	"U\307\307\324z\0243\336\244\022\231\227P\0221\331\373"
  78      7A1433DE 
  78      A4129997 
  78      501231D9 
  78      FB
  79 0289 57EB9229 		.ascii	"W\353\222)3\035\324\022f<\335\241\240\215\321o\221\373"
  79      331DD412 
  79      663CDDA1 
  79      A08DD16F 
  79      91FB
  80 029b 35C7     		.ascii	"5\307"
  81              		.text
  82              		.section	.gnu.lto_.symbol_nodes.4e57f03ded75e669,"e",%progbits
  83 0000 789CD360 		.ascii	"x\234\323`\000\002&\346z\206\006 `a\234p\216\201\241"
  83      000226E6 
  83      7A860620 
  83      60619C70 
  83      8E81A1
  84 0013 9E816157 		.ascii	"\236\201aWC##\003#H\212\201\205\341\342\314\315\317"
  84      43232303 
  84      23488A81 
  84      85E1E2CC 
  84      CDCF
  85 0025 9818A7B2 		.ascii	"\230\030\247\2621\000\000\316#\011\361"
  85      310000CE 
  85      2309F1
  86              		.text
  87              		.section	.gnu.lto_.refs.4e57f03ded75e669,"e",%progbits
  88 0000 789C6364 		.ascii	"x\234cd\000\002\000\000\012\000\002"
  88      00020000 
  88      0A0002
  89              		.text
  90              		.section	.gnu.lto_.decls.4e57f03ded75e669,"e",%progbits
  91 0000 789CB558 		.ascii	"x\234\265XyP\024W\032\177\337{\003\014\003\001\024T"
  91      79501457 
ARM GAS  /tmp/ccyxSWFm.s 			page 6


  91      1A7FDF7B 
  91      030C0301 
  91      1454
  92 0012 B26B5C72 		.ascii	"\262k\\rl\311&\321Q\250\335d\253\266*\262h\262V\024"
  92      6CC926D1 
  92      51A8DD64 
  92      ABB62AB2 
  92      68B25614 
  93 0026 2DD154B2 		.ascii	"-\321T\262\273U\263\303t\203S\302\014\231\303\350\376"
  93      BB55B3C3 
  93      748353C2 
  93      0C99C3E8 
  93      FE
  94 0037 B3AD12D1 		.ascii	"\263\255\022\3215x\340\211\304\3043h\022\025\317(^D"
  94      3578E089 
  94      C4C43368 
  94      1215CF28 
  94      5E44
  95 0049 34E28DF7 		.ascii	"4\342\215\367\221x\243r\251DQQT\366\353c\272{f\030L"
  95      9178A372 
  95      A9445151 
  95      54F6EB63 
  95      BA7B6618 
  96 005e D5EE4EF1 		.ascii	"\325\356N\361MO\367\373\275\337w\276\357\275\346o\335"
  96      4D4FF7FB 
  96      BDDF77BE 
  96      EFBDE66F 
  96      DD
  97 006f 08293211 		.ascii	"\010)2\021\262\235\020\322\216\037\212\327c(a(9(\233"
  97      B29D10D2 
  97      8E1F8AD7 
  97      63286128 
  97      39289B
  98 0082 515A50EE 		.ascii	"QZP\356\243$\002\221>\342%I\371\255\377\244\341\344"
  98      A3240291 
  98      3EE22549 
  98      F9ADFFA4 
  98      E1E4
  99 0094 38BC7645 		.ascii	"8\274vEI@9\242\314\311Eq\242,D\031\200\322\003dN\007"
  99      494039A2 
  99      CCC94571 
  99      A22C4419 
  99      80D20364 
 100 00aa C83A4AF0 		.ascii	"\310:J\360:\006e0\312;(\021\370\254\013^\033\361j\302"
 100      3A066530 
 100      CA3B2811 
 100      F8AC0B5E 
 100      1BF16AC2 
 101 00be EB6C142B 		.ascii	"\353l\024+\212\015\345=\010\255\277\230AW0\340w\002"
 101      8A0DE53D 
 101      08ADBF98 
 101      415730E0 
 101      7702
 102 00d0 2495327A 		.ascii	"$\2252z\371\364\316\277GW\012B\263\260x\267\001r`\023"
 102      F9F4CEBF 
 102      47570A42 
 102      B3B078B7 
ARM GAS  /tmp/ccyxSWFm.s 			page 7


 102      01726013 
 103 00e4 C04671F6 		.ascii	"\300Fq\366fP\240\227\011\243\204\375\232\230\005\351"
 103      6650A097 
 103      09A384FD 
 103      9A9805E9 
 104 00f4 B3F45F04 		.ascii	"\263\364_\004\266*\264l2\020\244h\230\265\262(*^\036"
 104      B62AB46C 
 104      3210A468 
 104      98B5B228 
 104      2A5E1E
 105 0107 AE948660 		.ascii	"\256\224\206`\033\300v\200\012\361\006\001KZ7n0iJp\304"
 105      1BC07680 
 105      0AF10601 
 105      4B5A376E 
 105      30694A70 
 106 011c A765874F 		.ascii	"\247e\207O\313Y\302\026\203\370\2637\210\001\216\225"
 106      CB59C216 
 106      83F8B337 
 106      88018E95 
 107 012c 7E11B647 		.ascii	"~\021\266GRPT1\351T\224I\232_Y\020I\224\331\260\033"
 107      52505431 
 107      E9549449 
 107      9A5F5910 
 107      4994D9B0 
 108 0141 105301F0 		.ascii	"\020S\001\360=@%\260\003 3\325\020\326\2003\213\250"
 108      3D4025B0 
 108      032033D5 
 108      10D68033 
 108      8BA8
 109 0153 38B3BEB5 		.ascii	"8\263\276\265\2401\326 Z\224\003Ni\230J\236\307\341"
 109      A031D620 
 109      5A94034E 
 109      69984A9E 
 109      C7E1
 110 0165 F747AAA6 		.ascii	"\367G\252\246\217\020\377\265\204\237_Q|<\"X\323a@\014"
 110      8F10FFB5 
 110      849F5F51 
 110      7C3C2258 
 110      D361400C 
 111 0179 6A3A0470 		.ascii	"j:\004p\020\020vxJ\315\311\260\036\350n\223 $\300\021"
 111      10107678 
 111      4ACDC9B0 
 111      1EE86E93 
 111      2024C011 
 112 018d 800300FB 		.ascii	"\200\003\000\373E\177\216\"\270\032$\247\367\010\365"
 112      457F8E22 
 112      B81A24A7 
 112      F708F5
 113 019c 07A9E6F4 		.ascii	"\007\251\346\364Q\315\351\032\237\323\325\204\255\305"
 113      51CDE91A 
 113      9FD3D584 
 113      ADC5
 114 01aa D8EEA5F2 		.ascii	"\330\356\245\362m%a\027\360\266M\262d\317\203\205\307"
 114      6D256117 
 114      F0B64DB2 
 114      64CF8385 
 114      C7
ARM GAS  /tmp/ccyxSWFm.s 			page 8


 115 01bb 987F504F 		.ascii	"\230\177PO\003\234\321\202\332X\3220'B\343?\243\361"
 115      039CD182 
 115      DA58D230 
 115      2742E33F 
 115      A3F1
 116 01cd 9F950D38 		.ascii	"\237\225\0158\271\376@w\311\365\263\000N\274\377\362"
 116      B9FE4077 
 116      C9F5B300 
 116      4EBCFFF2 
 117 01dd F4DC9AE8 		.ascii	"\364\334\232\350\216\214>\217F\237\223\347\314;\374"
 117      8E8C3E8F 
 117      469F93E7 
 117      CC3BFC
 118 01ec 6415D348 		.ascii	"d\025\323H\317k\244?\342\027+aD\012\237``k\231l\364"
 118      CF6BA43F 
 118      E2172B61 
 118      440A9F60 
 118      606B996C 
 119 0201 3B386BD7 		.ascii	";8k\327\241\252\013F\223\240D\015\037\372&]Ff3\\\002"
 119      A1AA0B46 
 119      93A0440D 
 119      1FFA265D 
 119      4666335C 
 120 0216 44F68476 		.ascii	"D\366\204v\371BX\025\023U\235\250]\267.V\014u\235\260"
 120      F9425815 
 120      13559DA8 
 120      5DB72E56 
 120      0C759DB0 
 121 022a 7B022390 		.ascii	"{\002#\220\012\375\010\\\003D`\240\257\002\\\021\003"
 121      0AFD085C 
 121      034460A0 
 121      AF025C11 
 121      03
 122 023b 3D77D686 		.ascii	"=w\326\206o\243\273\"s\201 \374\003j\001.\000\234\024"
 122      6FA3BB22 
 122      738120FC 
 122      036A012E 
 122      009C14
 123 024e 99AF83C4 		.ascii	"\231\257\203\304N\330~\305\216Z\331\262\305\341\245"
 123      4ED87EC5 
 123      8E5AD9B2 
 123      C5E1A5
 124 025d ACFBAAC7 		.ascii	"\254\373\252\307\207>\217zM\372\304\213_8\277\265\375"
 124      873E8F7A 
 124      4DFAC48B 
 124      5F38BFB5 
 124      FD
 125 026e E29905C9 		.ascii	"\342\231\005\311\365\253\016\012\302e!\034\247\303E"
 125      F5AB0E0A 
 125      C265211C 
 125      A7C345
 126 027d 803B1A9F 		.ascii	"\200;\032\237\031\245?\021\035\377b\321\216+ \024\367"
 126      19A53F11 
 126      1DFF62D1 
 126      8E2B2014 
 126      F7
 127 028e 438FE194 		.ascii	"C\217\341\224\204\361y#\0017\201\204\372r\321V\031\225"
ARM GAS  /tmp/ccyxSWFm.s 			page 9


 127      84F17923 
 127      01378184 
 127      FA72D156 
 127      1995
 128 02a0 0327FC40 		.ascii	"\003'\374@\307@e\332\262h\223\214\251\002\330\343\007"
 128      C74065DA 
 128      B268938C 
 128      A902D8E3 
 128      07
 129 02b1 DAA982CA 		.ascii	"\332\251\202\312\027-\372\270\272\022\304t\374\024\254"
 129      172DFAB8 
 129      BA12C474 
 129      FC14AC
 130 02c0 4CE659A9 		.ascii	"L\346Y\251\351:\036\254\013\015\222\343Si P\007p\023"
 130      E93A1EAC 
 130      0B0D92E3 
 130      53692050 
 130      077013
 131 02d3 23734382 		.ascii	"#sC\202a\034\353\001n\0014\0004\002\334\006\370\031"
 131      611CEB01 
 131      6E013400 
 131      3402DC06 
 131      F819
 132 02e5 E01E4013 		.ascii	"\340\036@\023\300]\200f\261\216D\013\266\311\026\354"
 132      C05D8066 
 132      B18E440B 
 132      B6C916EC 
 133 02f5 00D8E2C7 		.ascii	"\000\330\342\307\376\235f\301j_Lj\000\366\371\201\366"
 133      FE9D66C1 
 133      6A5F4C6A 
 133      00F6F981 
 133      F6
 134 0306 6AA0AD3A 		.ascii	"j\240\255:ww\005\273\253\004n\255\346\314\017\301L\233"
 134      777705BB 
 134      AB046EAD 
 134      E6CC0FC1 
 134      4C9B
 135 0318 A4F55E79 		.ascii	"\244\365^ye\325m\203V\205:P\213\\\246\313\257MY\255"
 135      65D56D83 
 135      56853A50 
 135      8B5CA6CB 
 135      AF4D59AD 
 136 032c 2BD3160D 		.ascii	"+\323\026\015p\337\267\266\222\245\357$v\314@\330]\203"
 136      70DFB7B6 
 136      92A5EF24 
 136      76CC40D8 
 136      5D83
 137 033e 38A9EAEE 		.ascii	"8\251\352\356\341i&\377\025\205qz\254\255\250\366u\367"
 137      E16926FF 
 137      1585717A 
 137      ACADA8F6 
 137      75F7
 138 0350 F6EA581F 		.ascii	"\366\352X\037k\254m>\326D6;\214\260\015a\362]\034;\201"
 138      6BAC6D3E 
 138      D644363B 
 138      8CB00D61 
 138      F25D1C3B 
ARM GAS  /tmp/ccyxSWFm.s 			page 10


 139 0365 77CDCA9D 		.ascii	"w\315\312\235\221M\013'\354+\224}(u\341\362\3237\245"
 139      914D0B27 
 139      EC2B947D 
 139      2875E1F2 
 139      D337A5
 140 0378 B2BC4C59 		.ascii	"\262\274LYa\004\352H\334\\\273\372L\244\\\225\362G\314"
 140      6104EA48 
 140      DC5CBBFA 
 140      4CA45C95 
 140      F247CC
 141 038b 4053A994 		.ascii	"@S\251\224\201\034(\2400\215\252Z'R)\266Zv\247P(\244"
 141      811C28A0 
 141      308DAA5A 
 141      275229B6 
 141      5A76A750 
 142 03a1 521F4014 		.ascii	"R\037@\024fw.\205\231\024\376Ma:\2059\024\212(\314\246"
 142      66772E85 
 142      9914FE4D 
 142      613A8539 
 142      148A28CC 
 143 03b6 504C6116 		.ascii	"PLa\026\205\317(\314\240J\202\237\370\350[AO\377P\227"
 143      85CF28CC 
 143      A04A829F 
 143      F8E85B41 
 143      4FFF5097 
 144 03ca 953BA54A 		.ascii	"\225;\245J\356\260\016\005?#\3325T\371\255R_\255N\012"
 144      EEB00E05 
 144      3F23DA35 
 144      54F9AD52 
 144      5FAD4E0A 
 145 03de 3654617A 		.ascii	"6TazZ\252\346w\252\037\350\201V\363\215>\203>\365C\230"
 145      5AAAE677 
 145      AA1FE881 
 145      56F38D3E 
 145      833EF543 
 146 03f3 354D6D32 		.ascii	"5Mm2\242\015\340Q\260\315r\271=\322\231\374\324\017"
 146      A20DE051 
 146      B0CD72B9 
 146      3DD299FC 
 146      D40F
 147 0405 F4446772 		.ascii	"\364Dgr\253j\362\263`\214l\315m\0252!\330s\031\322\240"
 147      AB6AF2B3 
 147      608C6CCD 
 147      6D153221 
 147      D87319D2 
 148 041a 42260759 		.ascii	"B&\007Y\334\037\233\270\230Z\372\244\350\316Ci\033\364"
 148      DC1F9BB8 
 148      985AFAA4 
 148      E8CE4369 
 148      1BF4
 149 042c CFD63CFA 		.ascii	"\317\326<\372\313\263\205,\327\356\3148\244\3336\346"
 149      CBB3852C 
 149      D7EECC38 
 149      A4DB36E6 
 150 043c 6BCA1650 		.ascii	"k\312\026P\011P\260\344\352\036\003\266?\212\317\014"
 150      0950B0E4 
 150      EA1E03B6 
ARM GAS  /tmp/ccyxSWFm.s 			page 11


 150      3F8ACF0C 
 151 044c 1C009CFD 		.ascii	"\034\000\234\375\003~\231\310_\031I\020\250@\3039FM"
 151      037E99C8 
 151      5F194910 
 151      A840C339 
 151      464D
 152 045e CCC43853 		.ascii	"\314\3048S5\364Jna\003\21449\326d\\Y\005q\2460#\245"
 152      35F44A6E 
 152      61038C34 
 152      39D6645C 
 152      590571A6 
 153 0475 75119C29 		.ascii	"u\021\234)\3711|K\027\207'\015\020\014\334g\335\352"
 153      F9317C4B 
 153      1787270D 
 153      100CDC67 
 153      DDEA
 154 0487 22043A33 		.ascii	"\"\004:3#!u\000~\327ET\003\207\263\206\033\214q\370"
 154      23217500 
 154      7ED74554 
 154      0387B386 
 154      1B8C71F8 
 155 049b AB2EC2D4 		.ascii	"\253.\302\324\302\026\027\205s\207\351\224\336\270\263"
 155      C2161785 
 155      7387E994 
 155      DEB8B3
 156 04aa 99B89404 		.ascii	"\231\270\224\004\364p\200\321\330+v7\333\315\336%\304"
 156      F47080D1 
 156      D82B7637 
 156      DBCDDE25 
 156      C4
 157 04bb 682C5FD3 		.ascii	"h,_\323\315T\027\021\213\024\311\\R\034\227\024[\015"
 157      CD541711 
 157      8B14C95C 
 157      521C9714 
 157      5B0D
 158 04cd 611C674A 		.ascii	"a\034gJH&h\004\227\2222\200\232\220\331`\254\206\024"
 158      48266804 
 158      97923280 
 158      9A90D960 
 158      AC8614
 159 04e0 06D129C2 		.ascii	"\006\321)\302\225\306\036&0E\366JJ&\204#\357R\344e\355"
 159      95C61E26 
 159      3045F64A 
 159      4A268423 
 159      EF52E465 
 160 04f5 BE0F44A0 		.ascii	"\276\017D\240NN\273\005H6\321\024\312\336\257\303\003"
 160      4E4EBB05 
 160      4836D114 
 160      CADEAFC3 
 160      03
 161 0506 0FA54984 		.ascii	"\017\245I\204\010\006ct4\010x\211\264\274\317\015O1"
 161      08066374 
 161      34087889 
 161      B4BCCF0D 
 161      4F31
 162 0518 91BA088A 		.ascii	"\221\272\010\212C\011\006\261t\265\231\246p\242\036"
 162      430906B1 
ARM GAS  /tmp/ccyxSWFm.s 			page 12


 162      74B599A6 
 162      70A21E
 163 0527 7FA4F310 		.ascii	"\177\244\363\020\210\177\362\027\021o\210^\213\364\\"
 163      887FF217 
 163      116F885E 
 163      8BF45C
 164 0536 44625C95 		.ascii	"Db\\\225\323\223\357\251zQ~\313\000\231\207\372\024"
 164      D393EFA9 
 164      7A517ECB 
 164      009987FA 
 164      14
 165 0547 804F0951 		.ascii	"\200O\011QFu\344\232\015\212\035>\036\237\036\235\215"
 165      4675E49A 
 165      0D8A1D3E 
 165      1E9F1E9D 
 165      8D
 166 0558 9AAD9861 		.ascii	"\232\255\230aY\011\325\317\221\346\371\031\256Q\022"
 166      5909D5CF 
 166      91E6F919 
 166      AE5112
 167 0567 9596E81C 		.ascii	"\225\226\350\034\227\353j\343\375\235\233\242o`\330"
 167      97EB6AE3 
 167      FD9D9BA2 
 167      6F60D8
 168 0576 842D4FD6 		.ascii	"\204-O\326=\214\200\230\231\003\010\260\233R\345>\\"
 168      3D8C8098 
 168      990308B0 
 168      9B52E53E 
 168      5C
 169 0587 76A190FA 		.ascii	"v\241\220\372wF\254Z\335Y\343\306\321\246b]g\374\\+"
 169      7746AC5A 
 169      DD59E3C6 
 169      D1A6625D 
 169      67FC5C2B 
 170 059b CA457251 		.ascii	"\312ErQ6\224.o\011\223\016\033\213\250t\330h(+\350\331"
 170      36942E6F 
 170      09930E1B 
 170      8BA874D8 
 170      68282BE8 
 171 05b0 D159E34B 		.ascii	"\321Y\343Kt\346\013y\316\365\232\371W#^Y\260@h]\277"
 171      74E60B79 
 171      CEF59AF9 
 171      57235E59 
 171      B040685D 
 172 05c5 74C9869E 		.ascii	"t\311\206\236\237\013\225\023q\202\001!PJe\325\004\177"
 172      9F0B9513 
 172      71820121 
 172      504A65D5 
 172      047F
 173 05d7 115848A1 		.ascii	"\021XH\241\204\312\333\273\334\325\231\364;\2215\031"
 173      84CADBBB 
 173      DCD599F4 
 173      3B913519 
 174 05e7 092B8E24 		.ascii	"\011+\216$l\013\312Y\224\007(\363L\204m6\311\275\367"
 174      6C0BCA59 
 174      940728F3 
 174      4C846D36 
ARM GAS  /tmp/ccyxSWFm.s 			page 13


 174      C9BDF7
 175 05fa 6D761EEF 		.ascii	"mv\036\357\332\225\273~lM\224\250\367\207\306\031\353"
 175      DA95BB7E 
 175      6C4D94A8 
 175      F787C619 
 175      EB
 176 060b 6334676A 		.ascii	"c4gj\2656_\216\206\261\023Q8\005eU4agP\332P\276x\001"
 176      B5365F8E 
 176      86B11351 
 176      38056555 
 176      34616750 
 177 0624 0F1A280F 		.ascii	"\017\032(\017P\226\307\310t\321rc'\254:\206\260\372"
 177      5096C7C8 
 177      74D17263 
 177      27AC3A86 
 177      B0FA
 178 0636 98A0D326 		.ascii	"\230\240\323&\336\267\325n\234D\325(\214V\203\260\013"
 178      DEB7D56E 
 178      9C44D528 
 178      8C5683B0 
 178      0B
 179 0647 9DDAA9AC 		.ascii	"\235\332\251\254\346\351\237^\014\327\214\331\245E\266"
 179      E6E99F5E 
 179      0CD78CD9 
 179      A545B6
 180 0656 5234664E 		.ascii	"R4fN,a;P\256\307\"\330xj\342\311\357\303\3043\015\342"
 180      2C613B50 
 180      AEC722D8 
 180      786AE2C9 
 180      EFC3C433 
 181 066c 5B2B9616 		.ascii	"[+\226\026\337\377S\325$AlL\225\024vP\370\241\303V\372"
 181      DFFF53D5 
 181      24416C4C 
 181      95147650 
 181      F8A1C356 
 182 0681 7561A110 		.ascii	"ua\241\020W\020-b\252\3740A\333\3136\214:Z\266[Ba\303"
 182      57102D62 
 182      AAFC3041 
 182      DBCB368C 
 182      3A5AB65B 
 183 0698 DA47610F 		.ascii	"\332Ga\017\205\275\276md\245F\364}\2202\354\2027\343"
 183      85BDBE6D 
 183      64A546F4 
 183      7D9032EC 
 183      8237E3
 184 06ab 4487D6AD 		.ascii	"D\207\326\255X612>\210\264\272\003R6\245\013\206\271"
 184      58363132 
 184      3E88B4BA 
 184      035236A5 
 184      0B86B9
 185 06be 8B386BC5 		.ascii	"\2138k\305\255\003\323\002N\273\007\251\376\025\242"
 185      AD03D302 
 185      4EBB07A9 
 185      FE15A2
 186 06cd B06C92AE 		.ascii	"\260l\222\256+\036\322\224\037\026\303\264\275\213r"
 186      2B1ED294 
 186      1F16C3B4 
ARM GAS  /tmp/ccyxSWFm.s 			page 14


 186      BD8B72
 187 06dc 2E0D63E7 		.ascii	".\015c\347%\276\262s\347W\320\216N\244\307\250x\"\335"
 187      25BEB273 
 187      E757D08E 
 187      4EA4C7A8 
 187      7822DD
 188 06ef 2F9E2D6B 		.ascii	"/\236-k\332\257/\216\324\237-\227QX*\306\3448\225p\310"
 188      DAAF2F8E 
 188      D49F2D97 
 188      51582AC6 
 188      E4389570 
 189 0704 D3F7E7D9 		.ascii	"\323\367\347\331\305\005\321\257\351?\361\372\235\273"
 189      C505D1AF 
 189      E93FF1FA 
 189      9DBB
 190 0712 B9BE6C5E 		.ascii	"\271\276l^\314\314\011L<\362\254\243\270\313\253z\326"
 190      CCCC094C 
 190      3CF2ACA3 
 190      B8CBAB7A 
 190      D6
 191 0723 5075F378 		.ascii	"Pu\363x\244\304\0151\253\3740\272\363d\371\343}\223"
 191      A4C40D31 
 191      ABFC30BA 
 191      F364F9E3 
 191      7D93
 192 0735 85B809D1 		.ascii	"\205\270\011\321\242\031+%\220x\034\326\237&\313\317"
 192      A2192B25 
 192      90781CD6 
 192      9F26CBCF 
 193 0745 69349BFD 		.ascii	"i4\233\375h|\333\035zR\336^&H4\307)\324H \237O\022\321"
 193      687CDB1D 
 193      7A52DE5E 
 193      264834C7 
 193      29D44820 
 194 075d 122A6F78 		.ascii	"\022*ox\012\023.\313\257\203\015\222\2655i\332V\373"
 194      0A132ECB 
 194      AF830D92 
 194      B53569DA 
 194      56FB
 195 076f 61BED11C 		.ascii	"a\276\321\034\253\3230\353\3750\017\364g\006M\331\267"
 195      ABD330EB 
 195      FD300FF4 
 195      67064DD9 
 195      B7
 196 0780 C1440AE8 		.ascii	"\301D\012\350'\015\264\321\017\244;\243\224\037\325"
 196      270DB4D1 
 196      0FA43BA3 
 196      941FD5
 197 078f D46DF103 		.ascii	"\324m\361\003\351\217(O\2658\256\010\214\3432\331\375"
 197      E98F284F 
 197      B538AE08 
 197      8CE332D9 
 197      FD
 198 07a0 360D5216 		.ascii	"6\015R\026\010I\325-\207\243T<\223\302\021\011\203\225"
 198      0849D52D 
 198      87A3543C 
 198      93C21109 
ARM GAS  /tmp/ccyxSWFm.s 			page 15


 198      8395
 199 07b2 7B85C235 		.ascii	"{\205\3025\0127)\\\240PK\3414\205z\012?Q\270N\341<\205"
 199      0A37295C 
 199      A0504BE1 
 199      34857A0A 
 199      3F51B84E 
 200 07c9 1314AE52 		.ascii	"\023\024\256R8G\341"
 200      3847E1
 201 07d0 470A6729 		.ascii	"G\012g)\234\244p\212\302%\012u\024.R\270\201\355TYG"
 201      9CA4708A 
 201      C2250A75 
 201      142E52B8 
 201      81ED5459 
 202 07e5 CD15FBE4 		.ascii	"\315\025\373\344\2329L\341\200\237\037\352;Hy\243\342"
 202      9A394CE1 
 202      809F1FEA 
 202      3B4879A3 
 202      E2
 203 07f6 6A3985B5 		.ascii	"j9\205\265\301e%\347\272y[\331\007\"\315~\\'\022F^i"
 203      C16525E7 
 203      BA795BD9 
 203      0722CD7E 
 203      5C271246 
 204 080c 7E6BFFAC 		.ascii	"~k\377\254\026\262\357\202kF\326uI\303l\010\316\242"
 204      16B2EF82 
 204      6B46D675 
 204      49C36C08 
 204      CEA2
 205 081e 8C79A685 		.ascii	"\214y\246\205ly`\310\224s\337\021\305+4ykpv\344#\333"
 205      6C7960C8 
 205      9473DF11 
 205      C52B3479 
 205      6B7076E4 
 206 0834 93B2792F 		.ascii	"\223\262y/\224\013L\244\371*\220\346\200l\361\217Z%"
 206      940B4CA4 
 206      F92A90E6 
 206      806CF18F 
 206      5A25
 207 0846 6C0AAE04 		.ascii	"l\012\256\004\3542\327\244\365\275go\333\212\350\370"
 207      EC32D7A4 
 207      F5BD676F 
 207      DB8AE8F8 
 208 0856 A05C35FC 		.ascii	"\240\\5\374/s\205j\316mk\330\252\373\307E\243fN\223"
 208      2F73856A 
 208      CE6D6BD8 
 208      AAFBC745 
 208      A3664E93 
 209 086a D8761E4B 		.ascii	"\330v\036K\266\324.\250\330\257\267Ey\007\273E\177\341"
 209      B6D42EA8 
 209      D8AFB745 
 209      7907BB45 
 209      7FE1
 210 087c 3B1852AC 		.ascii	";\030R\254n\331r<V\323s[\323sG\3243\265+a\337\240\354"
 210      6ED9723C 
 210      56D3735B 
 210      D37347D4 
 210      33B52B61 
ARM GAS  /tmp/ccyxSWFm.s 			page 16


 211 0893 4739D555 		.ascii	"G9\325Unuo\263\313\312\257~\354\036>\237\034\217{\037"
 211      6E756FB3 
 211      CBCAAF7E 
 211      EC1E3E9F 
 211      1C8F7B1F 
 212 08a7 CA7294CD 		.ascii	"\312r\224\315(\373P\316\240\\\212G\005\335'\337\232"
 212      28FB50CE 
 212      A05C8A47 
 212      05DD27DF 
 212      9A
 213 08b8 BA3F56D7 		.ascii	"\272?V\327\277\304\015\344\342U\341\273\256\2537\012"
 213      BFC40DE4 
 213      E255E1BB 
 213      AEAB370A 
 214 08c8 C2A44431 		.ascii	"\302\244D1#m\024\012\230\222\021\263\226\220\265\263"
 214      236D140A 
 214      989211B3 
 214      9690B5B3 
 215 08d8 ED0B7087 		.ascii	"\355\013p\207A\300\223\000@\2524\276]\035\177\0300\376"
 215      41C09300 
 215      40AA34BE 
 215      5D1D7F18 
 215      30FE
 216 08ea 804A2D69 		.ascii	"\200J-i\327\3540\021\200\035\351\256\004\360u$i\373"
 216      D7EC3011 
 216      801DE9AE 
 216      04F07524 
 216      69FB
 217 08fc 913976AA 		.ascii	"\2219v\252\034\367t\034\376\373\023\250[\3113\011\203"
 217      1CF7741C 
 217      FEFB13A8 
 217      5BC93309 
 217      83
 218 090d 819DCA00 		.ascii	"\201\235\312\000\213\251\235\302\024\006\223\031|\312"
 218      8BA99DC2 
 218      14069319 
 218      7CCA
 219 091b 00EBAF90 		.ascii	"\000\353\257\220\301$\006\023\231\357\345V\245n\015"
 219      C1240613 
 219      99EFE556 
 219      A56E0D
 220 092a 304F6986 		.ascii	"0Oi\206\025*\340Q\000@YC;T\300\375\000@\213\314\260"
 220      152AE051 
 220      00405943 
 220      3B54C0FD 
 220      00408BCC 
 221 093f 55053C0E 		.ascii	"U\005<\016\000(\015g\215\012x\032\000\300z~\2069Z\234"
 221      00280D67 
 221      8D0A781A 
 221      00C07A7E 
 221      86395A9C 
 222 0953 40D8D604 		.ascii	"@\330\326\004e\013\243\354\004\336\336O\220\376G\262"
 222      650BA3EC 
 222      04DEDE4F 
 222      90FE47B2 
 223 0963 7BD9CE30 		.ascii	"{\331\3160\377mq\006\203\231L\335\026\327\234;V\024"
 223      FF6D7106 
ARM GAS  /tmp/ccyxSWFm.s 			page 17


 223      83994CDD 
 223      16D79C3B 
 223      5614
 224 0975 A9150E8E 		.ascii	"\251\025\016\216\370\012g\026\023\0011wn\254-\004%\361"
 224      F80A6716 
 224      13013177 
 224      6EAC2D04 
 224      25F1
 225 0987 D25B5389 		.ascii	"\322[S\211\362z\206\257\373\315\024\346\263\216ZBS\211"
 225      F27A86AF 
 225      FBCD14E6 
 225      B38E5A42 
 225      5389
 226 0999 F27EF66F 		.ascii	"\362~\366o\246GLT[\177s}\211\366\256\377\231\037H\373"
 226      A6474C54 
 226      5B7F737D 
 226      89F6AEFF 
 226      991F48FB 
 227 09ad 474AA34F 		.ascii	"GJ\243O\025\276\305M\013\302(M\354N\311\246Har?1,?K"
 227      15BEC54D 
 227      0BC2284D 
 227      EC4EC9A6 
 227      4861723F 
 228 09c5 E6F8BAD8 		.ascii	"\346\370\272\330D\255\323)\353\252\210\211M@\374\327"
 228      44ADD329 
 228      EBAA8889 
 228      4D40FCD7 
 229 09d5 E27C29FD 		.ascii	"\342|)\375s\030\314e0\233\301<&\376gi\201\222\362\346"
 229      7318CC65 
 229      309BC13C 
 229      26FE6769 
 229      8192F2E6 
 230 09e9 369FDE59 		.ascii	"6\237\336Y\014\246\263 \027\345\1771,\254\272\275V\277"
 230      0CA6B320 
 230      17E57F31 
 230      2CACBABD 
 230      56BF
 231 09fb 6815F283 		.ascii	"h\025\362\203\264\023r\234v\353\364\216\351QZ\274K4"
 231      B413729C 
 231      76EBF48E 
 231      E9515ABC 
 231      4B34
 232 0a0d EE852222 		.ascii	"\356\205\"\"\321;\316\342\316\265\216\345-\266\\\253"
 232      D13BCEE2 
 232      CEB58EE5 
 232      2DB65CAB 
 233 0a1d DB6DB13B 		.ascii	"\333m\261;<\274+\333j\343\255}\373\232\335\334\030\263"
 233      3CBC2BDB 
 233      6AE3AD7D 
 233      FB9ADDDC 
 233      18B3
 234 0a2f DB93979A 		.ascii	"\333\223\227\232b\316\034945\3052*\363\317\037Z\206"
 234      62CE1C39 
 234      3435C532 
 234      2AF3CF1F 
 234      5A86
 235 0a41 D8B35C56 		.ascii	"\330\263\\V\327x\263\315\231\227\347t\230\275\356\254"
ARM GAS  /tmp/ccyxSWFm.s 			page 18


 235      D778B3CD 
 235      9997E774 
 235      98BDEEAC 
 236 0a51 71168E1F 		.ascii	"q\026\216\037k\267)\024\274\333\354v\331\314^\377\247"
 236      6BB72914 
 236      BCDBEC76 
 236      D9CC5EFF 
 236      A7
 237 0a62 161B67B3 		.ascii	"\026\033g\263Xmy(\036\373X\253\207\357k3\276\2271*)"
 237      586D7928 
 237      1EFB58AB 
 237      87EF6B33 
 237      BE97312A 
 238 0a77 BDFF5BE4 		.ascii	"\275\377[\344\305Q\037Z2\207\244}0\31028c\344\240\021"
 238      C5511F5A 
 238      3287A47D 
 238      30C83238 
 238      63E4A011 
 239 0a8b EFA6A50F 		.ascii	"\357\246\245\017\262d\216\0341*}\344\253\001\326\331"
 239      B2648E1C 
 239      312A7DE4 
 239      AB01D6D9 
 240 0a9b 9C8E6C7B 		.ascii	"\234\216l{\216\327e\365\330\235\016\213\303\233\227"
 240      8ED765F5 
 240      D89D0E8B 
 240      C39B97
 241 0aaa C5BBC246 		.ascii	"\305\273\302F\015\031\226\361\336oB\371\241\240^\011"
 241      0D1996F1 
 241      DE6F42F9 
 241      A1A05E09 
 242 0aba 399E6F75 		.ascii	"9\236ouY\363x\274\353\031\000\361X\335c,\331^\207MT"
 242      59F378BC 
 242      EB1900F1 
 242      58DD632C 
 242      D95E874D 
 243 0acf 661885B6 		.ascii	"f\030\205\266u\0134'\327\316;<=\202\250\335\036\253"
 243      750B3427 
 243      D7CE3B3C 
 243      3D82A8DD 
 243      1EAB
 244 0ae1 C3C6BF14 		.ascii	"\303\306\277\024\360\034\241\256\361*\341K\252\323\351"
 244      F01CA1AE 
 244      F12AE14B 
 244      AAD3E9
 245 0af0 43D23233 		.ascii	"C\32223-\351\303\206\016M\313\030\2508\036\250\011\031"
 245      2DE9C386 
 245      0E4DCB18 
 245      A8381EA8 
 245      0919
 246 0b02 3D5E777C 		.ascii	"=^w|\300S\007\032\0366*\375/i#\272\005\260\311,o\231"
 246      C053071A 
 246      1E362AFD 
 246      2F6923BA 
 246      05B0C92C 
 247 0b18 F31C1EB3 		.ascii	"\363\034\036\263\315\354\311\3137s\366\374\\g\336\030"
 247      CDECC9CB 
 247      3773F6FC 
ARM GAS  /tmp/ccyxSWFm.s 			page 19


 247      5C67DE18 
 248 0b28 ABD9E372 		.ascii	"\253\331\343r\346\333m\375\372\367\2212\353\375}\037"
 248      E6DB6DFD 
 248      FAF79132 
 248      EBFD7D1F 
 249 0b38 CC601F4C 		.ascii	"\314`\037L\325\030\273\247O\366'fk~>\371\343/\314\275"
 249      D518BBA7 
 249      4FF62766 
 249      6B7E3EF9 
 249      E32FCCBD 
 250 0b4c CDE9E2CD 		.ascii	"\315\351\342\315v\207\224lk\276\275\357h\222\024\224"
 250      7687946C 
 250      6BBEBDEF 
 250      68921494 
 251 0b5c B0BC3CAB 		.ascii	"\260\274<\253\203\323\202\034\012 \337\345{\\\201\211"
 251      83D3821C 
 251      0A20DFE5 
 251      7B5C8189 
 252 0b6c 54195C4E 		.ascii	"T\031\\N\217\323\346\314\0155\356\366fI\017\002\263"
 252      8FD3E6CC 
 252      0D35EEF6 
 252      66490F02 
 252      B3
 253 0b7d E8A7E057 		.ascii	"\350\247\340W!\006\307\332\271PC\371v.\224\315j\015"
 253      2106C7DA 
 253      B95043F9 
 253      762E94CD 
 253      6A0D
 254 0b8f 8574CAE9 		.ascii	"\205t\312\351\360X\355\016\336\325+\004\300\305\177"
 254      F058ED0E 
 254      DED52B04 
 254      C0C57F
 255 0b9e ECE5DD9E 		.ascii	"\354\345\335\236\336\317S\240\024q\367\216k&\301\352"
 255      DECF53A0 
 255      1471F78E 
 255      6B26C1EA 
 256 0bae CA1BFB76 		.ascii	"\312\033\373v\237\274\276y\250\354\015\316\235\377F"
 256      9FBCBE79 
 256      A8EC0DCE 
 256      9DFF46
 257 0bbd 763E89C2 		.ascii	"v>\211\302\344x\370q}\362RS\311\313\226\347\255\306"
 257      E478F871 
 257      7DF25253 
 257      C9CB96E7 
 257      ADC6
 258 0bcf ACFFFB6A 		.ascii	"\254\377\373j'\277\015tR\201pV\217\325\342\362\3105"
 258      27BF0D74 
 258      52817056 
 258      8FD5E2F2 
 258      C835
 259 0be1 CE778AE2 		.ascii	"\316w\212\342<.\031\025T\004zT\226\335\023\270\364|"
 259      3C2E1915 
 259      54047A54 
 259      96DD13B8 
 259      F47C
 260 0bf3 E3588676 		.ascii	"\343X\206v\317\370P\263\335\036g\2768;\324x\226\325"
 260      CFF850B3 
ARM GAS  /tmp/ccyxSWFm.s 			page 20


 260      DD1E67BE 
 260      383BD478 
 260      96D5
 261 0c05 CB61EBE1 		.ascii	"\313a\353\341_\015\345\355'\310\316\313\026\276\366"
 261      5F0DE5ED 
 261      27C8CECB 
 261      16BEF6
 262 0c14 7C8CD7DD 		.ascii	"|\214\327\335\267s\220R\035<g\311\345\0359\236\321\317"
 262      B7739052 
 262      1D3C67C9 
 262      E51D399E 
 262      D1CF
 263 0c26 E1CCF266 		.ascii	"\341\314\362fg\363\2567:\007aB\274\326\\\205\360w\235"
 263      67F3AE37 
 263      3A076142 
 263      BCD65C85 
 263      F0779D
 264 0c39 63473BDD 		.ascii	"cG;\335\036\005\331\247s\244\307eu\270Q\271\202\016"
 264      1E05D9A7 
 264      73A4C765 
 264      75B851B9 
 264      820E
 265 0c4b 1920176F 		.ascii	"\031 \027o\345\024\337_y.\206\177\275S\210\237'ov\012"
 265      E514DF5F 
 265      792E867F 
 265      BD53889F 
 265      276F760A 
 266 0c5f 0D302FA4 		.ascii	"\0150/\2443\02280\352\235;#\007=\250\001h\365&\267\275"
 266      33123830 
 266      EA9D3B23 
 266      073DA801 
 266      68F526B7 
 267 0c74 D743007C 		.ascii	"\327C\000|{\005j\360-\225\344\347A}\300\336\201\335"
 267      7B056AF0 
 267      2D95E4E7 
 267      417DC0DE 
 267      81DD
 268 0c86 6060BA25 		.ascii	"``\272%-}\250ex\332\210\264\241\203p#Uv\201\240\356"
 268      2D7DA865 
 268      78DA88B4 
 268      A1837023 
 268      557681A0 
 269 0c9b 12689CC5 		.ascii	"\022h\234\3056\332\352\310\341?\372/z\200\262\011t\024"
 269      36DAEAC8 
 269      E13FFA2F 
 269      7A80B209 
 269      7414
 270 0cad 27715778 		.ascii	"'qWx\236\245\241\342\2476\300\256\301G\204\240\015T"
 270      9EA5A1E2 
 270      A736C0AE 
 270      C14784A0 
 270      0D54
 271 0cbf 21959D36 		.ascii	"!\225\2356\272x7\357\032\313sA=S\206\305\370?~Y5@\327"
 271      BA7837EF 
 271      1ACB7341 
 271      3D5386C5 
 271      F83F7E59 
ARM GAS  /tmp/ccyxSWFm.s 			page 21


 272 0cd6 73F9711E 		.ascii	"s\371q\036\355\366\245\016\020\034\357\266\271\354\371"
 272      EDF6A50E 
 272      101CEFB6 
 272      B9ECF9
 273 0ce5 1EA72BCA 		.ascii	"\036\247+\312b\315\265\3478,n\373?y\223}\260jv\226\372"
 273      62CDB5E7 
 273      382C6EFB 
 273      3F79937D 
 273      B06A7696 
 274 0cfa 73B8B27F 		.ascii	"s\270\262\177\351\036ez\263\322Ewc\265G\322\375\013"
 274      E91E657A 
 274      B3D24577 
 274      63B547D2 
 274      FD0B
 275 0d0c 5919DEBC 		.ascii	"Y\031\336\274A\016.\337\211\252\334]\262\322rq\324\201"
 275      410E2EDF 
 275      89AADC5D 
 275      B2D27271 
 275      D481
 276 0d1e 19CFE43D 		.ascii	"\031\317\344=\036\273#'N\303gH\373Bl\326@\325\222\221"
 276      1EBB2327 
 276      4EC36748 
 276      FB426CD6 
 276      40D59291 
 277 0d32 E3F3F988 		.ascii	"\343\363\371\210\254!R\351\366B'\265#\325\300A\231\351"
 277      AC2152E9 
 277      F64227B5 
 277      23D5C041 
 277      99E9
 278 0d44 23060F1F 		.ascii	"#\006\017\0379\314W\030\0359\355\177\204I\014\205x\261"
 278      39CC5718 
 278      1D39ED7F 
 278      84490C85 
 278      78B1
 279 0d56 8301795D 		.ascii	"\203\001y]wD\232mwa'\341\025\217\022\325\320\017\312"
 279      77449A6D 
 279      776127E1 
 279      158F12D5 
 279      D00FCA
 280 0d69 18387C18 		.ascii	"\0308|\030\032\250\330\363\0377\266\025\274"
 280      1AA8D8F3 
 280      1F37B615 
 280      BC
 281              		.text
 282              		.section	.gnu.lto_.symtab.4e57f03ded75e669,"e",%progbits
 283 0000 5F75785F 		.ascii	"_ux_device_class_cdc_acm_activate\000"
 283      64657669 
 283      63655F63 
 283      6C617373 
 283      5F636463 
 284 0022 00       		.ascii	"\000"
 285 0023 00       		.ascii	"\000"
 286 0024 00       		.ascii	"\000"
 287 0025 00000000 		.ascii	"\000\000\000\000\000\000\000\000"
 287      00000000 
 288 002d 20010000 		.ascii	" \001\000\000"
 289              		.text
ARM GAS  /tmp/ccyxSWFm.s 			page 22


 290              		.section	.gnu.lto_.ext_symtab.4e57f03ded75e669,"e",%progbits
 291 0000 01       		.ascii	"\001"
 292 0001 01       		.ascii	"\001"
 293 0002 00       		.ascii	"\000"
 294              		.text
 295              		.section	.gnu.lto_.opts,"e",%progbits
 296 0000 272D666E 		.ascii	"'-fno-openmp' '-fno-openacc' '-fno-pie' '-fcf-prote"
 296      6F2D6F70 
 296      656E6D70 
 296      2720272D 
 296      666E6F2D 
 297 0033 6374696F 		.ascii	"ction=none' '-mcpu=cortex-m33' '-mthumb' '-mfpu=fpv"
 297      6E3D6E6F 
 297      6E652720 
 297      272D6D63 
 297      70753D63 
 298 0066 342D7370 		.ascii	"4-sp-d16' '-mfloat-abi=hard' '-mlibarch=armv8-m.mai"
 298      2D643136 
 298      2720272D 
 298      6D666C6F 
 298      61742D61 
 299 0099 6E2B6473 		.ascii	"n+dsp+fp' '-march=armv8-m.main+dsp+fp' '-Os' '-flto"
 299      702B6670 
 299      2720272D 
 299      6D617263 
 299      683D6172 
 300 00cc 2720272D 		.ascii	"' '-fdata-sections' '-ffunction-sections' '-Xassemb"
 300      66646174 
 300      612D7365 
 300      6374696F 
 300      6E732720 
 301 00ff 6C657227 		.ascii	"ler' '-a' '-Xassembler' '-ad' '-Xassembler' '-alms="
 301      20272D61 
 301      2720272D 
 301      58617373 
 301      656D626C 
 302 0132 6275696C 		.ascii	"build/../sdk/stm32/STM32_USBX_Library/common/usbx_d"
 302      642F2E2E 
 302      2F73646B 
 302      2F73746D 
 302      33322F53 
 303 0165 65766963 		.ascii	"evice_classes/src/ux_device_class_cdc_acm_activate."
 303      655F636C 
 303      61737365 
 303      732F7372 
 303      632F7578 
 304 0198 6C737427 		.ascii	"lst'\000"
 304      00
 305              		.text
 306              		.comm	__gnu_lto_slim,1,1
 307              		.ident	"GCC: (15:10.3-2021.07-4) 10.3.1 20210621 (release)"
ARM GAS  /tmp/ccyxSWFm.s 			page 23


DEFINED SYMBOLS
                            *ABS*:0000000000000000 ux_device_class_cdc_acm_activate.c
                            *COM*:0000000000000001 __gnu_lto_slim

NO UNDEFINED SYMBOLS
