ARM GAS  /tmp/ccz1sHMg.s 			page 1


   1              		.cpu cortex-m33
   2              		.eabi_attribute 27, 1
   3              		.eabi_attribute 28, 1
   4              		.eabi_attribute 20, 1
   5              		.eabi_attribute 21, 1
   6              		.eabi_attribute 23, 3
   7              		.eabi_attribute 24, 1
   8              		.eabi_attribute 25, 1
   9              		.eabi_attribute 26, 1
  10              		.eabi_attribute 30, 4
  11              		.eabi_attribute 34, 1
  12              		.eabi_attribute 18, 4
  13              		.file	"ux_device_class_cdc_acm_ioctl.c"
  14              		.section	.gnu.lto_.profile.ad94129c2406159d,"e",%progbits
  15 0000 789C6362 		.ascii	"x\234cb\000\001\000\000\022\000\003"
  15      00010000 
  15      120003
  16              		.text
  17              		.section	.gnu.lto_.icf.ad94129c2406159d,"e",%progbits
  18 0000 789CE363 		.ascii	"x\234\343c@\000&\206\357]\177?\2633^x\360\255\227\211"
  18      40002686 
  18      EF5D7F3F 
  18      B3335E78 
  18      F0AD9789 
  19 0014 01003493 		.ascii	"\001\0004\223\006\277"
  19      06BF
  20              		.text
  21              		.section	.gnu.lto_.ipa_sra.ad94129c2406159d,"e",%progbits
  22 0000 789C3361 		.ascii	"x\2343a@\000&\006f$\036\220\303\310\300\310\010\023"
  22      40002606 
  22      66241E90 
  22      C3C8C0C8 
  22      0813
  23 0012 62046256 		.ascii	"b\004bVff\306\006\026 \033\310alb\001\351\000\000\033"
  23      6666C606 
  23      16201BC8 
  23      616C6201 
  23      E900001B 
  24 0026 55015F   		.ascii	"U\001_"
  25              		.text
  26              		.section	.gnu.lto_.inline.ad94129c2406159d,"e",%progbits
  27 0000 789C5D54 		.ascii	"x\234]T;k\025A\024\376\346\314\254\214\2422\205\245"
  27      3B6B1541 
  27      14FEE6CC 
  27      AC8CA232 
  27      85A5
  28 0012 C8941682 		.ascii	"\310\224\026\202\215?`\177A\376\201\232\030\037\205"
  28      8D3F607F 
  28      41FE819A 
  28      181F85
  29 0021 0FCC1F08 		.ascii	"\017\314\037\010\023\260QD\302\255\024\004\203\244\021"
  29      13B05144 
  29      C2AD1404 
  29      83A411
  30 0030 5B914410 		.ascii	"[\221D\020\322\251\220\"v\212\240\202\240i\354\254D"
  30      D2A99022 
  30      768AA082 
ARM GAS  /tmp/ccz1sHMg.s 			page 2


  30      A069ECAC 
  30      44
  31 0041 B87E67F6 		.ascii	"\270~g\366\316\260;{wg\276\3079g\316>\346>s\250\207"
  31      CEB03B7B 
  31      7767BEC7 
  31      3967CE3E 
  31      E63E73A8 
  32 0056 001FB177 		.ascii	"\000\037\261w\377\307\206\3340g\314\335m\213\231\345"
  32      FFC786DC 
  32      3067CCDD 
  32      6D8B99E5 
  33 0066 600C3062 		.ascii	"`\0140b2av\302\334\204udw*\363d\267*;JvS\301+\255~["
  33      326176C2 
  33      DC847564 
  33      772AF364 
  33      B72A3B4A 
  34 0081 D18E29DA 		.ascii	"\321\216)\332n\325\336\020\011+\032\315\022vb\3269\217"
  34      6ED5DE10 
  34      092B1ACD 
  34      127662D6 
  34      398F
  35 0093 146914A3 		.ascii	"\024i\024\243\335\312\232\202\267Ze\255\3263Dzp\266"
  35      DDCA9A82 
  35      B75A65AD 
  35      D633447A 
  35      70B6
  36 00a5 20140283 		.ascii	" \024\002\203avE \3609\204\340\273+\350\323\200\000"
  36      61764520 
  36      F03984E0 
  36      BB2BE8D3 
  36      8000
  37 00b7 BB55B5BD 		.ascii	"\273U\265\275\212\336Wt\340r\021\214\252\305\002\316"
  37      8ADE5774 
  37      E072118C 
  37      AAC502CE 
  38 00c7 E23CB091 		.ascii	"\342<\260\221RZ\007\216\374\235\317\347vU\370\304OS"
  38      525A078E 
  38      FC9DCFE7 
  38      7655F8C4 
  38      4F53
  39 00d9 49720D29 		.ascii	"Ir\015)\005\230\255\331\207m\271\234$\361\266R\212\003"
  39      0598ADD9 
  39      876DB99C 
  39      24F1B652 
  39      8A03
  40 00eb 18A945C4 		.ascii	"\030\251E\304\251\247\017_~\226\325A\323\301\345\240"
  40      A9A70F5F 
  40      7E96D541 
  40      D3C1E5A0 
  41 00fb 954550C8 		.ascii	"\225EP\310\363\"\261\327Z\311\364\265R?pH\246\3134x"
  41      F322B1D7 
  41      5AC9F4B5 
  41      523F7048 
  41      A6CB3478 
  42 010f 16827E9A 		.ascii	"\026\202~\232'M\236T?\346\036c\265c\246\245PDDx\256"
  42      274D9E54 
  42      3FE61E63 
ARM GAS  /tmp/ccz1sHMg.s 			page 3


  42      B563A6A5 
  42      50444478 
  43 0124 F08A1A7D 		.ascii	"\360\212\032}\204?x\374n_\226\271\264\012\034\374\275"
  43      843F78FC 
  43      6E5F96B9 
  43      B40A1CFC 
  43      BD
  44 0135 D9A3AF14 		.ascii	"\331\243\257\024\350\351ev~\356?\261\227Rr\271\262\216"
  44      E8E96576 
  44      7EEE3FB1 
  44      975272B9 
  44      B28E
  45 0147 23292B5C 		.ascii	"#)+\\\352\337\203or\221m\344\030\311\253W)+\245\235"
  45      EADF836F 
  45      72916DE4 
  45      18C9AB57 
  45      292BA59D 
  46 015b 90DB77A1 		.ascii	"\220\333w\241\366\027\006^\032\244\021\352m\007\204"
  46      F617065E 
  46      1AA411EA 
  46      6D0784
  47 016a 699E6FF2 		.ascii	"i\236o\362|\365}\366\203\257\276\037xy\0054x\026\002"
  47      7CF57DF6 
  47      83AFBE1F 
  47      78790534 
  47      781602
  48 017d 3FCD8B4D 		.ascii	"?\315\213M^l\374\276\361\373\306O\246\011\240P\270\033"
  48      5E6CFCBE 
  48      F1FBC64F 
  48      A609A050 
  48      B81B
  49 018f 22C4D508 		.ascii	"\"\304\325\010\267\020\320\035\276\376\362[V\350\360"
  49      B710D01D 
  49      BEFEF25B 
  49      56E8F0
  50 019e 2C04AEC9 		.ascii	",\004\256\311tm\246k#|\033\341\365\357\303\235\000\322"
  50      746DA66B 
  50      237C1BE1 
  50      F5EFC39D 
  50      00D2
  51 01b0 85744E3F 		.ascii	"\205tN?{\330\343\340\253\227\315%\030\034\373\365\342"
  51      7BD8E3E0 
  51      AB97CD25 
  51      181CFBF5 
  51      E2
  52 01c1 CFA1BDCE 		.ascii	"\317\241\275\316\217\230\333\260\323\355\331\231\305"
  52      8F98DBB0 
  52      D3EDD999 
  52      C5
  53 01ce 16EC9077 		.ascii	"\026\354\220wI\331\020\271\317\253\272!\334\000\371"
  53      49D910B9 
  53      CFABBA21 
  53      DC00F9
  54 01dd E080EE24 		.ascii	"\340\200\356$\213\303n.\351\017\377\001\317\005&>"
  54      8BC36E2E 
  54      E90FFF01 
  54      CF05263E 
ARM GAS  /tmp/ccz1sHMg.s 			page 4


  55              		.text
  56              		.section	.gnu.lto_.jmpfuncs.ad94129c2406159d,"e",%progbits
  57 0000 789C658E 		.ascii	"x\234e\216\335\015\2000\010\204\357(\226G7\256;8C\007"
  57      DD0D8030 
  57      0884EF28 
  57      964737AE 
  57      3B384307 
  58 0014 7107BB8F 		.ascii	"q\007\273\217R\232\370Kr!\367q\020v\334%H$m\251ir\301"
  58      529AF84B 
  58      7221F771 
  58      1076DC25 
  58      48246DA9 
  59 002b C52C6BAA 		.ascii	"\305,k\252)S\300M).\217\015d\201\354\211\032\2025\004"
  59      2953C04D 
  59      292E8F0D 
  59      6481EC89 
  59      1A823504 
  60 003f D4E1BA39 		.ascii	"\324\341\2729\274fF\312\310\321\202\005\0025\222\032"
  60      BC6646CA 
  60      C8D18205 
  60      0235921A 
  61 004f 6BBC9E60 		.ascii	"k\274\236`\037\365'\264\200\357[\320B\374\220|S8\001"
  61      1FF527B4 
  61      80EF5BD0 
  61      42FC907C 
  61      533801
  62 0062 C6DA326B 		.ascii	"\306\3322k"
  63              		.text
  64              		.section	.gnu.lto_.pureconst.ad94129c2406159d,"e",%progbits
  65 0000 789C6367 		.ascii	"x\234cg```b\230\305\3028\203\005\000\004\257\001E"
  65      60606062 
  65      98C5C238 
  65      83050004 
  65      AF0145
  66              		.text
  67              		.section	.gnu.lto_.lto.ad94129c2406159d,"e",%progbits
  68 0000 09000400 		.ascii	"\011\000\004\000\001\000\000\000"
  68      01000000 
  69              		.text
  70              		.section	.gnu.lto__ux_device_class_cdc_acm_ioctl.3.ad94129c2406159d,"e",%progbits
  71 0000 789C8D57 		.ascii	"x\234\215W[pS\307\031\336\377\354\321]\226e[\262\015"
  71      5B7053C7 
  71      19DEFFEC 
  71      D15D9665 
  71      5BB20D
  72 0013 C5C54029 		.ascii	"\305\305@)\030jD`2\235v\246\323L_\372\322>\245\235\351"
  72      186A4460 
  72      329D76A6 
  72      D34C5FFA 
  72      D23EA59D 
  73 0028 E445A3C8 		.ascii	"\344E\243\310f\306\003\276T\222{y\312\301\\\334\361"
  73      66C603BE 
  73      54927B79 
  73      CAC15CDC 
  73      F1
  74 0039 D0209B84 		.ascii	"\320 \233\204\301`\354\314\261HH\240\016\230\\ \030"
  74      C160ECCC 
ARM GAS  /tmp/ccz1sHMg.s 			page 5


  74      B14848A0 
  74      0E985C20 
  74      18
  75 004a 70620810 		.ascii	"pb\010\020\300nR\010IM\301\306\015\227B(\227\322\030"
  75      C06E5208 
  75      494DC1C6 
  75      0D974228 
  75      97D218
  76 005d 3051FF7F 		.ascii	"0Q\377\177\367H:2X\265\036\366\354\356\371\276\357\277"
  76      F7483A32 
  76      58B51EF6 
  76      ECEEF9BE 
  76      EFBF
  77 006f EDE5E85C 		.ascii	"\355\345\350\\>c\327\031c\357\000cP\302\240\255\265"
  77      3E63D719 
  77      63EF0063 
  77      50C2A0AD 
  77      B5
  78 0080 45619AA6 		.ascii	"Ea\232\246=gSl\177\211\353p2\321\346\260\256iu\212\347"
  78      3D67536C 
  78      7F89EB70 
  78      32D1E6B0 
  78      AE69758A 
  79 0095 5AE3B9CE 		.ascii	"Z\343\271\316x6\033\317\365\306\263+E\340\320\323\246"
  79      78361BCF 
  79      F5C6B32B 
  79      45E0D0D3 
  79      A6
  80 00a6 DFD9B8E3 		.ascii	"\337\331\270\343\347p\014\204\230J\023{w[\304\300\""
  80      E7700C84 
  80      984A137B 
  80      775BC4C0 
  80      22
  81 00b7 0627E4C0 		.ascii	"\006'\344\300*\006\303r`\343\035q}\016\333u\356-\277"
  81      2A06C372 
  81      60E31D71 
  81      7D0EDB75 
  81      EE2DBF
  82 00ca 750B8A89 		.ascii	"u\013\212\211\316\326T\307\256\264\307{\347\240\344"
  82      CED654C7 
  82      AEB4C77B 
  82      E7A0E4
  83 00d9 CDEED1F9 		.ascii	"\315\356\321\371jG\3742\274r\241s\246\352\200\2166$"
  83      6A47FC32 
  83      BC72A173 
  83      A6EA808E 
  83      3624
  84 00eb 0901A7B2 		.ascii	"\011\001\247\262MB\304\033\202\010\254\313\004q+\333"
  84      4D42C41B 
  84      8208ACCB 
  84      04712BDB 
  85 00fb 25E4CAE9 		.ascii	"%\344\312\351\366\"\265\023![\367]\371\201\232G~Hg="
  85      F622B513 
  85      215BF75D 
  85      F9819A47 
  85      7E48673D 
  86 010f D435D0F9 		.ascii	"\3245\320\371\312\233i\233~u\247\264\271H\365\302\233"
ARM GAS  /tmp/ccz1sHMg.s 			page 6


  86      CA9B699B 
  86      7E75A7B4 
  86      B948F5C2 
  86      9B
  87 0120 694881F2 		.ascii	"iH\201\362V\332\346\"u\227\264\351W\013aW\032R\244\364"
  87      56DAE622 
  87      7597B4E9 
  87      570B6157 
  87      1A52A4F4 
  88 0134 48C8F0EB 		.ascii	"H\310\360\353\367\362\324\335\010\331\361\345\206e\252"
  88      F7F2D4DD 
  88      08D9F1E5 
  88      8665AA
  89 0143 CF64C89F 		.ascii	"\317d\310\237\261_\014\253[[\222\027\336SS\331\003\366"
  89      B15F0CAB 
  89      5B5B9217 
  89      DE5353D9 
  89      03F6
  90 0155 92C2558B 		.ascii	"\222\302U\213\325fw8]\356<O\276\267\240\260\310\347"
  90      D5667738 
  90      5DEE3C4F 
  90      BEB7A0B0 
  90      C8E7
  91 0167 2F869760 		.ascii	"/\206\227`\023\357\340\320\306\023\234\201j\364\000"
  91      13EFE0D0 
  91      C6139C81 
  91      6AF400
  92 0176 CA2BFA35 		.ascii	"\312+\3725m\374X\347\320\000t\354\354W\023\\a\235\010"
  92      6DFC58E7 
  92      D00074EC 
  92      EC57135C 
  92      619D08
  93 0189 781780CA 		.ascii	"x\027\200\312\314\030\002\371V`\013\020\365\327\307"
  93      CC1802F9 
  93      56600B10 
  93      F5D7C7
  94 0198 FB35CDC1 		.ascii	"\3735\315\301\022\234\303\373`\002\341\204\200\351\006"
  94      129CC3FB 
  94      6002E184 
  94      80E906
  95 01a7 AC634DB3 		.ascii	"\254cM\263\346E%\025\016d\303T\001\333+a\267\277\030"
  95      E6452515 
  95      0E64C354 
  95      01DB2B61 
  95      B7BF18
  96 01ba DBEC8943 		.ascii	"\333\354\211C\202[\340`6\314b\230=\010\364\230O\330"
  96      825BE060 
  96      36CC6298 
  96      3D08F498 
  96      4FD8
  97 01cc 1B03DB3C 		.ascii	"\033\003\333<\361\325\366\004\267\302!\310\362O O\247"
  97      F1D5F604 
  97      B7C221C8 
  97      F24F204F 
  97      A7
  98 01dd 917BFE45 		.ascii	"\221{\376E\306\327\226'\270\015\216<\005\371\367\014"
  98      C6D79627 
ARM GAS  /tmp/ccz1sHMg.s 			page 7


  98      B80D8E3C 
  98      05F9F70C 
  99 01ed F27A0A69 		.ascii	"\362z\012i\207\017\237\202\034\313X\037\3566\254+00"
  99      870F9F82 
  99      1CCB581F 
  99      EE36AC2B 
  99      3030
 100 01ff 09696570 		.ascii	"\011iep\024\340#\200~\200\303@\251\303\037\276R\315"
 100      14E02380 
 100      7E80C340 
 100      A9C31FBE 
 100      52CD
 101 0211 D36F7F66 		.ascii	"\323o\177f\351\327&\222\0335m\250l\264\267\344\307\200"
 101      E9D72692 
 101      1B356DA8 
 101      6CB4B7E4 
 101      C780
 102 0223 413A146C 		.ascii	"A:\024l\234\234\032\225\032\013\315Y\251g\243\306N\015"
 102      9C9C1A95 
 102      1A0BCD59 
 102      A967A3C6 
 102      4E0D
 103 0235 E5DAE9A4 		.ascii	"\345\332\351\244\306E\215\233\232<\302y\250\227\217"
 103      C6458D9B 
 103      9A3CC279 
 103      A8978F
 104 0244 8DCB4BBD 		.ascii	"\215\313K\275\002\352\025R\257\210\336\372\250\361S"
 104      02EA1552 
 104      AF88DEFA 
 104      A8F153
 105 0253 534CDE95 		.ascii	"SL\336\225PS\312\320\233\031\324\314\244\027\263\010"
 105      5053CAD0 
 105      9B19D4CC 
 105      A417B308 
 106 0263 5C06F001 		.ascii	"\\\006\360\001\314\006\330\017\345\014\035\235Co\347"
 106      CC06D80F 
 106      E50C1D9D 
 106      436FE7
 107 0272 52330FA0 		.ascii	"R3\017\240\017\026\320\334B\032VP\263\210\232\305\214"
 107      0F16D0DC 
 107      421A5650 
 107      B3889AC5 
 107      8C
 108 0283 82641B39 		.ascii	"\202d\0339\255CM\005\255\237\2618W\344`5\016\276\206"
 108      AD434D05 
 108      AD9FB138 
 108      57E46035 
 108      0EBE86
 109 0296 2D5ADFB7 		.ascii	"-Z\337\267\013u^\206\271\233\207\323\267?\330\265^\363"
 109      0B755E86 
 109      B99B87D3 
 109      B73FD8B5 
 109      5EF3
 110 02a8 2909EE36 		.ascii	")\011\3566r\203\277-\260Z\323\3544\305\340c\020\331"
 110      7283BF2D 
 110      B05AD3EC 
 110      34C5E063 
ARM GAS  /tmp/ccz1sHMg.s 			page 8


 110      10D9
 111 02ba 26E89E89 		.ascii	"&\350\236\2115Z\013e\305\0045\226\251\012\220&\301I"
 111      355A0B65 
 111      C5043596 
 111      A90A9026 
 111      C149
 112 02cc 6070C244 		.ascii	"`p\302Dk_75M\311\320p\215\300)\023\355\355\0344\236"
 112      6B5F3735 
 112      4DC9D070 
 112      8DC02913 
 112      EDED1C34 
 113 02e1 A10D216D 		.ascii	"\241\015!m\320D\273\230\203\246fh\237!\355S\023\355"
 113      D044BB98 
 113      83A66668 
 113      9F21ED53 
 113      13ED
 114 02f3 931C344B 		.ascii	"\223\0344K\206v\016igM\264K\315S\323\034\351\236=#\360"
 114      86760E69 
 114      674DB44B 
 114      CD53D31C 
 114      E99E3D23 
 115 0308 25C01700 		.ascii	"%\300\027\000\347\345\342\214s~\"\321v\222\211\322\334"
 115      E7E5E28C 
 115      737E22D1 
 115      769289D2 
 115      DC
 116 0319 84D523E3 		.ascii	"\204\325#\3436\312\334-h\352;p\254i\271\316\301\220"
 116      36CADC2D 
 116      68EA3B70 
 116      AC69B9CE 
 116      C190
 117 032b C8136BFD 		.ascii	"\310\023k\375u:AP\305\243\363y0\014l\251\034\252p\001"
 117      753A4150 
 117      C5A3F379 
 117      300C6CA9 
 117      1CAA7001 
 118 033f B60BEB48 		.ascii	"\266\013\353H\274\335r\306f\220x\206t\2558\301\363u"
 118      BCDD72C6 
 118      66907886 
 118      74AD38C1 
 118      F375
 119 0351 3E1B2E9A 		.ascii	">\033.\232X\227\220\205~\240\025a\361\201\260\250Lm"
 119      58979085 
 119      7EA01561 
 119      F181B0A8 
 119      4C6D
 120 0363 C70BA3C8 		.ascii	"\307\013\243\310P\262\354L\245\356\2051\304rRWd<\037"
 120      50B2EC4C 
 120      A5EE8531 
 120      C4725257 
 120      643C1F
 121 0376 933ACFA5 		.ascii	"\223:\317\245\376\0252\324i\252_E\254\205\324\271\364"
 121      FE1532D4 
 121      69AA5F45 
 121      AC85D4B9 
 121      F4
 122 0387 5DA8ABB9 		.ascii	"]\250\253\271\324\257#\303:M\365\033\210\265\221\272"
ARM GAS  /tmp/ccz1sHMg.s 			page 9


 122      D4AF23C3 
 122      3A4DF51B 
 122      88B591BA 
 123 0397 2A8AA466 		.ascii	"*\212\244f\027i\337'nZ\250\302\356P\323\263:\267\230"
 123      1769DF27 
 123      6E5AA8C2 
 123      EE50D3B3 
 123      3AB798
 124 03aa EC3E91E5 		.ascii	"\354>\221\345\257e\226\245\335\373\245i\273\263\236"
 124      AF6596A5 
 124      DDFBA569 
 124      BBB39E
 125 03b9 52C77FCB 		.ascii	"R\307\177\313:\242\242\314\331YR\267N\255\356\205;2"
 125      3AA2A2CC 
 125      D95952B7 
 125      4EADEE85 
 125      3B32
 126 03cb CBD350F7 		.ascii	"\313\323P\367\302=Y=T\224\276\013u[.\365\3732\313\323"
 126      C23D593D 
 126      5494BE0B 
 126      755B2EF5 
 126      FB32CBD3 
 127 03df 52FF4656 		.ascii	"R\377FV\017\025\245\357\347H\335\236K\375\201\314\362"
 127      0F15A5EF 
 127      E748DD9E 
 127      4BFD81CC 
 127      F2
 128 03f0 B4D41FC9 		.ascii	"\264\324\037\311\352\241\242\250\210%\273\"\227\260"
 128      EAA1A2A8 
 128      8825BB22 
 128      97B0
 129 03fe 22834645 		.ascii	"\"\203FE.\352\270\022\034\271\354>F-{\312\356\261Rc"
 129      2EEAB812 
 129      1CB9EC3E 
 129      462D7BCA 
 129      EEB15263 
 130 0412 B7146476 		.ascii	"\267\024dv\313N\364\240\220<H\232X\232\262\235;\310"
 130      CB4EF4A0 
 130      903C489A 
 130      589AB29D 
 130      3BC8
 131 0424 03878CEF 		.ascii	"\003\207\214\357\022\331q\346\262\323\204\014g\226\235"
 131      12D971E6 
 131      B2D3840C 
 131      67969D
 132 0433 A9D5D722 		.ascii	"\251\325\327\"\326E\352N\021\2375;\276WO\271\351\324"
 132      D645EA4E 
 132      119F353B 
 132      BE574FB9 
 132      E9D4
 133 0445 11766FF6 		.ascii	"\021vo\366\242]\227\311\356\023Z\353\245\247F^s\257"
 133      A25D97C9 
 133      EE135AEB 
 133      A5A7465E 
 133      73AF
 134 0457 F43F2922 		.ascii	"\364?)\"\027\250(\263'\324\335\271\324[\244\247\323"
 134      17A828B3 
ARM GAS  /tmp/ccz1sHMg.s 			page 10


 134      27D4DDB9 
 134      D45BA4A7 
 134      D3
 135 0468 52DF2033 		.ascii	"R\337 3\240\323M\202Q\331\262\243:\204Q}jT\355?\275"
 135      A0D34D82 
 135      51D9B2A3 
 135      3A84517D 
 135      6A54ED3F 
 136 047d 369D2F48 		.ascii	"6\235/H\247h\301\023b6x\031\305\334\322p\337\201\377"
 136      A768C113 
 136      62367819 
 136      C5DCD270 
 136      DF81FF
 137 0490 5EB6E87C 		.ascii	"^\266\350|\241Q:\233\351\240Cf\021*A\\I1}\320\212\314"
 137      A1513A9B 
 137      E9A04366 
 137      112A415C 
 137      49317DD0 
 138 04a6 3CC99C68 		.ascii	"<\311\234hN\366\274\240\363<\214\012\357B\025{\306I"
 138      4EF6BCA0 
 138      F33C8C0A 
 138      EF42157B 
 138      C649
 139 04b8 AEE139FE 		.ascii	"\256\3419\376\344%8~v\223E\336\203\233\224\314\241\377"
 139      E425387E 
 139      769345DE 
 139      839B94CC 
 139      A1FF
 140 04ca 60CABBC2 		.ascii	"`\312\273\302a\276\0077+\014^5\3216LyW8\314\367`;\322"
 140      61BE0737 
 140      2B0C5E35 
 140      D1364C79 
 140      5738CCF7 
 141 04e1 B628C6FD 		.ascii	"\266(\306\375`\037\030\335S\232\316\330]\027\011\212"
 141      601F18DD 
 141      539ACED8 
 141      5D17098A 
 142 04f1 047C7B19 		.ascii	"\004|{\031\023\3441\370vS\002f'\270\037S\003\333\024"
 142      13E431F8 
 142      76530266 
 142      27B81F53 
 142      03DB14
 143 0504 9A337250 		.ascii	"\2323rP\014\035\230\003\017\0239\331\371S\252\315v\234"
 143      0C1D9803 
 143      0F1339D9 
 143      F953AACD 
 143      769C
 144 0516 C84F25E5 		.ascii	"\310O%\345L\231N\011\367\260\353\260\366\342@/\340\210"
 144      4C994E09 
 144      F7B0EBB0 
 144      F6E2402F 
 144      E088
 145 0528 745DF29A 		.ascii	"t]\362\232B?\034\343]{=\302\017a\375\350\030\226kQ\272"
 145      423F1CE3 
 145      5D7B3DC2 
 145      0F61FDE8 
 145      18966B51 
ARM GAS  /tmp/ccz1sHMg.s 			page 11


 146 053d 5C95199B 		.ascii	"\\\225\031\233\351\244\277\206\372^\203\355\314\212"
 146      E9A4BF86 
 146      FA5E83ED 
 146      CC8A
 147 054b A27DD047 		.ascii	"\242}\320G\001\212\272\037\037C\263\336\377\347\274"
 147      018ABA1F 
 147      1F43B3DE 
 147      FFE7BC
 148 055a 3ED9F9EE 		.ascii	">\331\371\356\311\316\027\240\0129?,\234/\200\256T\002"
 148      C9CE17A0 
 148      0A393F2C 
 148      9C2F80AE 
 148      5402
 149 056c 5DA73E4C 		.ascii	"]\247>L:\322\216?8C\216W\344t|\207\311q\367I\363\212"
 149      3AD28E3F 
 149      38438E57 
 149      E4747C87 
 149      C971F749 
 150 0582 7D4E2C03 		.ascii	"}N,\003\324y\245\345\370\301\011\372\242\327\371\342"
 150      D479A5E5 
 150      F8C109FA 
 150      A2D7F9E2 
 151 0592 B4EF52AB 		.ascii	"\264\357R\2534\333\367\022x\003\345\012\030[+0\337K"
 151      34DBF712 
 151      7803E50A 
 151      185B2B30 
 151      DF4B
 152 05a4 206027FA 		.ascii	" `'\372v\033\326\215<\032\364\3404\256\272\031\235\362"
 152      761BD68D 
 152      3C1AF4E0 
 152      34AEBA19 
 152      9DF2
 153 05b6 1E5E8C5F 		.ascii	"\036^\214_%\011>\223\342\2706\360h;~\245\315\243*X@"
 153      25093E93 
 153      E2B836F0 
 153      683B7EA5 
 153      CDA32A58 
 154 05cb 94E12114 		.ascii	"\224\341!\024\323H\001\346\270u\250\001v+.E\216\377"
 154      D34801E6 
 154      B875A801 
 154      762B2E45 
 154      8EFF
 155 05dd C66C83F7 		.ascii	"\306l\203\367G\000g\354\362\205Sy\010\245X\037\307\313"
 155      470067EC 
 155      F2855379 
 155      08A5581F 
 155      C7CB
 156 05ef 77C6D1C5 		.ascii	"w\306\321\305\012\327{Q\014\3226\370\217\3758ZhW\260"
 156      0AD77B51 
 156      0CD236F8 
 156      8FFD385A 
 156      6857B0
 157 0602 712A185D 		.ascii	"q*\030]\336\345\363\343\376Tn\356\216_Z\363\214\371"
 157      DEE5F3E3 
 157      FE546EEE 
 157      8E5F5AF3 
 157      8CF9
ARM GAS  /tmp/ccz1sHMg.s 			page 12


 158 0614 0C9EB401 		.ascii	"\014\236\264\001\025\350\301H\012\031#\243\337\001\231"
 158      15E8C148 
 158      0A1923A3 
 158      DF0199
 159 0623 1FCFD5D3 		.ascii	"\037\317\325\323\355\3133\012\377\274\227\237Sa/*\024"
 159      EDCB330A 
 159      FFBC979F 
 159      53612F2A 
 159      14
 160 0634 E166DAA3 		.ascii	"\341f\332\243\010v~\366ypd\310M\037F\242N\367\367a\235"
 160      08767EF6 
 160      797064C8 
 160      4D1F46A2 
 160      4EF7F761 
 161 0649 CA739E07 		.ascii	"\312s\236\007\373\314\347\3017cx\036\314\231t\012\224"
 161      FBCCE7C1 
 161      3763781E 
 161      CC99740A 
 161      94
 162 065a 679D02EF 		.ascii	"g\235\002\357fN\201\276\007\023\335\250W\230\306\227"
 162      664E81BE 
 162      0713DDA8 
 162      5798C697 
 163 066a 89DACD99 		.ascii	"\211\332\315\231\274\356\3367\255\273\237\320\272\333"
 163      BCEEDE37 
 163      ADBB9FD0 
 163      BADB
 164 0678 9F5E776B 		.ascii	"\237^wk67+X\262Y\250B\011q\202\006r5~\325\256\210\205"
 164      36372B58 
 164      B259A842 
 164      09718206 
 164      72357ED5 
 165 068f 81F667C9 		.ascii	"\201\366g\311J\336\350\252\300\357m\374\362\023\213"
 165      4ADEE8AA 
 165      C0EF6DFC 
 165      F2138B
 166 069e 6A23F7DE 		.ascii	"j#\367\336\375s\367R\212Z\211\363\202L\012\020{}\340"
 166      FD73F752 
 166      8A5A89F3 
 166      824C0A10 
 166      7B7DE0
 167 06b1 6AD74241 		.ascii	"j\327BA\235)+>S\236\016,\277'\2310N\012\015\274T\273"
 167      9D292B3E 
 167      539E0E2C 
 167      BF279930 
 167      4E0A0DBC 
 168 06c7 C294888C 		.ascii	"\302\224\210\214\347q7\346kn:\236\357g\342I\307\177"
 168      E77137E6 
 168      6B6E3A9E 
 168      EF67E249 
 168      C77F
 169 06d9 C8B4AE8B 		.ascii	"\310\264\256\2132f\005\375h\302\241s\237q\232X\241\334"
 169      326605FD 
 169      68C2A173 
 169      9F719A58 
 169      A1DC
 170 06eb 74016084 		.ascii	"t\001`\2043\340\210\222\371H\351G\035\037c26\035#\365"
ARM GAS  /tmp/ccz1sHMg.s 			page 13


 170      33E08892 
 170      F948E947 
 170      1D1F6332 
 170      361D23F5 
 171 06ff D117BF70 		.ascii	"\321\027\277pw\006\332,\270\365\230\226\331\334\302"
 171      7706DA2C 
 171      B8F59896 
 171      D9DCC2
 172 070e C3C96B80 		.ascii	"\303\311k\200\246|\353\256\274\366\243\224\245\211\346"
 172      A67CEBAE 
 172      BCF6A394 
 172      A589E6
 173 071d AB277AAD 		.ascii	"\253'z\255:97O\336 \2173\367\342\374\247\030\373\010"
 173      3A39374F 
 173      DE208F33 
 173      F7E2FCA7 
 173      18FB08
 174 0730 8DF9696F 		.ascii	"\215\371io\370\205\337\376\354\025s\377s7\375A\271\015"
 174      F885DFFE 
 174      EC1573FF 
 174      7337FD41 
 174      B90D
 175 0742 EB471E7D 		.ascii	"\353G\036}nl\246\262N\372\310\221;\303\330 6\3718\213"
 175      6E6CA6B2 
 175      4EFAC891 
 175      3BC3D820 
 175      36F9388B 
 176 0756 67EF7785 		.ascii	"g\357w\205L\361\303d2\311\205\314]h\032\351:\217\367"
 176      4CF1C364 
 176      32C985CC 
 176      5D681AE9 
 176      3A8FF7
 177 0769 418988A0 		.ascii	"A\211\210\240\004\267\017\227\273HU\260\261Pc\305\035"
 177      04B70F97 
 177      BB4855B0 
 177      B15063C5 
 177      1D
 178 077a 53EC5119 		.ascii	"S\354Q\031v}\205X\\8\256\370\017\037\330\213Q\026\347"
 178      767D8558 
 178      5C38AEF8 
 178      0F1FD88B 
 178      5116E7
 179 078d A986A924 		.ascii	"\251\206\251$\024\365\264\216:\360-V\030\244>\375\373"
 179      14F5B48E 
 179      3AF02D56 
 179      18A43EFD 
 179      FB
 180 079e 62EC8781 		.ascii	"b\354\207\201\332\272X \034\210\3256\004\252j\032V\325"
 180      DABA5820 
 180      1C88D536 
 180      04AA6A1A 
 180      56D5
 181 07b0 D7AE0C05 		.ascii	"\327\256\014\005b\221\372\206\232\360\322g*\243\261"
 181      6291FA86 
 181      9AF0D267 
 181      2AA3B1
 182 07bf DAE5CB1A 		.ascii	"\332\345\313\032\237\255l\214\276XYU\375\273\2255\261"
ARM GAS  /tmp/ccz1sHMg.s 			page 14


 182      9FAD6C8C 
 182      BE585955 
 182      FDBB9535 
 182      B1
 183 07d0 CA15BF0F 		.ascii	"\312\025\277\017\204\032\032Xp\311\222@\264je@ \002"
 183      841A1A58 
 183      70C99240 
 183      B46A6540 
 183      2002
 184 07e2 CFFFEA97 		.ascii	"\317\377\352\227\313\227\005\177\375\374\317~\023\374"
 184      CB97057F 
 184      FDFCCF7E 
 184      13FC
 185 07f0 45CD8B91 		.ascii	"E\315\213\221P\344\217\201p}mm}]\000\231\177\010\"\265"
 185      50E48F81 
 185      707D6D6D 
 185      7D5D0099 
 185      7F0822B5 
 186 0804 265C1D0C 		.ascii	"&\\\035\014\257\012E\243\325\321@4\022\0164f\317\006"
 186      AF0A45A3 
 186      D5D14034 
 186      120E3466 
 186      CF06
 187 0816 C355E160 		.ascii	"\303U\341`(\\\033\254\251\017\307V-\0113\2331\341\021"
 187      285C1BAC 
 187      A90FC756 
 187      2D09339B 
 187      31E111
 188 0829 13C1158D 		.ascii	"\023\301\025\215u\341XM}\235\243!\024\011\325V\307\252"
 188      75E1584D 
 188      7D9DA321 
 188      1409D556 
 188      C7AA
 189 083b 23DE5824 		.ascii	"#\336X$T\027]Q\035\011F\252\177\333X\035\215\345\325"
 189      54175D51 
 189      1D0946AA 
 189      7FDB581D 
 189      8DE5D5
 190 084e D4E1F48A 		.ascii	"\324\341\364\212\020J6\304\"\366\352\272\252\206z\234"
 190      104A36C4 
 190      22F6EABA 
 190      AA867A9C 
 191 085e B24663A1 		.ascii	"\262Fc\241Xc\364\177\246\346\227\253"
 191      5863F47F 
 191      A6E697AB 
 192              		.text
 193              		.section	.gnu.lto__uxe_device_class_cdc_acm_ioctl.4.ad94129c2406159d,"e",%progbits
 194 0000 789C5590 		.ascii	"x\234U\220;h\024Q\024\206\317\271gf\037 \213\265\225"
 194      3B681451 
 194      1486CFB9 
 194      67661F20 
 194      8BB595
 195 0013 5DB0D8BD 		.ascii	"]\260\330\275\232E\004\253`a\245U\024\354\206\311\335"
 195      9A4504AB 
 195      6061A555 
 195      14EC86C9 
 195      DD
ARM GAS  /tmp/ccz1sHMg.s 			page 15


 196 0024 098CBBB3 		.ascii	"\011\214\273\2633\314\303G\225\033\263($E\262Q\202H"
 196      33CCC347 
 196      951BB328 
 196      2445B251 
 196      8248
 197 0036 5C709842 		.ascii	"\\p\230BP\024\301\340\232DX\010b%\250M\300B\024A| \011"
 197      5014C1E0 
 197      9A445808 
 197      6225A84D 
 197      C0421441 
 198 004d 561283E6 		.ascii	"V\022\203\346\316d1\331\342\300\275?\3379\347\377\317"
 198      CE6431D9 
 198      E2C0BD3F 
 198      DF39E7FF 
 198      CF
 199 005e 0C022C03 		.ascii	"\014\002,\003\300iU\250\003\316\267\247\031H)G\362\214"
 199      C06955A8 
 199      03CEB7A7 
 199      19482947 
 199      F28C
 200 0070 B5DA330C 		.ascii	"\265\3323\014_\340\302Z\367\2006\325.}_}U\325\010o\265"
 200      5FE0C25A 
 200      F78036D5 
 200      2E7D5F7D 
 200      55D5086F 
 201 0085 A7377E9C 		.ascii	"\2477~\234\314\020\015'\377\343\010\023\2144\234\300"
 201      CC100D27 
 201      FFE30813 
 201      8C349CC0 
 202 0095 9BB44838 		.ascii	"\233\264H8O\011\001j\375\027\342\341#=)\177\277\354"
 202      4F09016A 
 202      FD17E2E1 
 202      233D297F 
 202      BFEC
 203 00a7 3C788D8B 		.ascii	"<x\215\213\367{ZB\014:\012XB|\252\014\000(\220\356 "
 203      F77B5A42 
 203      0C3A0A58 
 203      427CAA0C 
 203      002890EE 
 204 00bc 0C29EACD 		.ascii	"\014)\352\315\337\256\224EH\210\360\031\356\203\224"
 204      DFAE9445 
 204      4888F019 
 204      EE8394
 205 00cb 9061711F 		.ascii	"\220aq\037\273;uC\036T\2234|>\210i\031\366d\027\333"
 205      BB3B7543 
 205      1E549334 
 205      7C3E8869 
 205      19F66417 
 206 00e0 7CF873A1 		.ascii	"|\370s\2414\207\011\351\2702\210\351jm\016R\033itU\217"
 206      348709E9 
 206      B83288E9 
 206      6A6D0E52 
 206      1B697455 
 207 00f5 DFE93DB9 		.ascii	"\337\351=\271\375oV\312\215\213\237\266\017\025QALy"
 207      FD6F56CA 
 207      8D8B9FB6 
 207      0F155141 
ARM GAS  /tmp/ccz1sHMg.s 			page 16


 207      4C79
 208 0107 EFA28EB8 		.ascii	"\357\242\216\270\2149\304U,\244\032\300,\245\241\245"
 208      8C39C455 
 208      2CA41AC0 
 208      2CA5A1A5 
 209 0117 86B20730 		.ascii	"\206\262\0070Gl\3673\251>\337\260\365u\355\363\322\355"
 209      476CF733 
 209      A93EDFB0 
 209      F575EDF3 
 209      D2ED
 210 0129 F4703151 		.ascii	"\364p1Q\232\236\262\204)Go\277\254(o)\267\211\327?\376"
 210      9A9EB284 
 210      29476FBF 
 210      AC286F29 
 210      B789D73F 
 211 013e 795F8AA9 		.ascii	"y_\212\251\320B\226P\256\223R\252!&=\246\\B\371\254"
 211      D0429650 
 211      AE9352AA 
 211      21263DA6 
 211      5C42F9AC 
 212 0152 41DB1BFC 		.ascii	"A\333\033\374\013\257\215( \235\265\205\331U\031n!{"
 212      0BAF8D28 
 212      209DB585 
 212      D955196E 
 212      217B
 213 0164 B47EAF98 		.ascii	"\264~\257\230\255*\320\207\365H\031\303=c\000'\270\323"
 213      AD2AD087 
 213      F54819C3 
 213      3D630027 
 213      B8D3
 214 0176 0CB9E0A1 		.ascii	"\014\271\340\241\343\361\232\3555\\\247n\362\320w=["
 214      E3F19AED 
 214      355CA76E 
 214      F2D0773D 
 214      5B
 215 0187 1C3D560E 		.ascii	"\034=V\016B\247:\034\035/G\301X\271f]\252\333ay\374"
 215      42A73A1C 
 215      1D2F47C1 
 215      58B9665D 
 215      AADB6179 
 216 019c 32373D0F 		.ascii	"27=\017\214J\205\007\265:\317\010>z\356lu\3308?z\352"
 216      8C4A8507 
 216      B53ACF08 
 216      3E7AEE6C 
 216      75D8383F 
 217 01b2 8271C61E 		.ascii	"\202q\306\036\363M\377*\027\256\343\270M\256:\257\030"
 217      F34DFF2A 
 217      17AEE3B8 
 217      4DAE3AAF 
 217      18
 218 01c3 AAD51696 		.ascii	"\252\325\026\226!\032f\020X\001\017|\301\243A\325\020"
 218      211A6610 
 218      58010F7C 
 218      C1A341D5 
 218      10
 219 01d4 356198C2 		.ascii	"5a\230\3021lW\204\215\212\200|_(e\2021\0365Eh\273\315"
 219      316C5784 
ARM GAS  /tmp/ccz1sHMg.s 			page 17


 219      8D8A807C 
 219      5F286582 
 219      311E3545 
 220 01eb A267FAA6 		.ascii	"\242g\372\246c\205\226\277\003\256Z\310\311"
 220      638596BF 
 220      03AE5AC8 
 220      C9
 221              		.text
 222              		.section	.gnu.lto_.symbol_nodes.ad94129c2406159d,"e",%progbits
 223 0000 789C9BC0 		.ascii	"x\234\233\300\000\004L\314\365\014\015@\300\3028\341"
 223      00044CCC 
 223      F50C0D40 
 223      C0C238E1 
 224 0010 1C03433D 		.ascii	"\034\003C=\003\303\256\206FF\006F\006\260\034K=#.9F"
 224      03C3AE86 
 224      46460646 
 224      06B01C4B 
 224      3D232E39 
 225 0025 B67AA6FF 		.ascii	"\266z\246\377P \017\226g\000\231\003\222dd\255g\306"
 225      50200F96 
 225      67009903 
 225      926464AD 
 225      67C6
 226 0037 21C5CCC0 		.ascii	"!\305\314\300|r\311\244\223\014\214K\244\230\031\230"
 226      7C72C9A4 
 226      930C8C4B 
 226      A4981998 
 227 0047 4E4098C9 		.ascii	"N@\230\311\314\214\014\027\237\355\236\303\314\350\304"
 227      CC8C0C17 
 227      9FED9EC3 
 227      CCE8C4
 228 0056 00006E7D 		.ascii	"\000\000n}.\220"
 228      2E90
 229              		.text
 230              		.section	.gnu.lto_.refs.ad94129c2406159d,"e",%progbits
 231 0000 789C6364 		.ascii	"x\234cd\000\002\000\000\012\000\002"
 231      00020000 
 231      0A0002
 232              		.text
 233              		.section	.gnu.lto_.decls.ad94129c2406159d,"e",%progbits
 234 0000 789CB559 		.ascii	"x\234\265YyXTW\226\277\347^\326\022\001\205\270\304"
 234      79585457 
 234      96BFE75E 
 234      D6120185 
 234      B8C4
 235 0012 4469DB6E 		.ascii	"Di\333n\311\242\030\350%\363}\3353\322.i\247\215\372"
 235      C9A218E8 
 235      25F37DDD 
 235      33D22E69 
 235      A78DFA
 236 0025 09E6EBCC 		.ascii	"\011\346\353\314\037SST=\265&l\251*\3142\377\224\212"
 236      1F535354 
 236      3DB5266C 
 236      A92ACC32 
 236      FF948A
 237 0038 BBB82FE0 		.ascii	"\273\270/\340\212\032\203\321DqW\024E\334\300}\011\004"
 237      8A1A83D1 
ARM GAS  /tmp/ccz1sHMg.s 			page 18


 237      44715714 
 237      45DCC07D 
 237      0904
 238 004a 708BC668 		.ascii	"p\213\306h\271\343\016n\314\271\357\276zK\025\005\275"
 238      B9E30E6E 
 238      CCB9EFBE 
 238      7A4B1505 
 238      BD
 239 005b CCD4E7E1 		.ascii	"\314\324\347\341m\277\373;\347\236{\3569\347=k\273\020"
 239      6DBFFB3B 
 239      E79E7BEE 
 239      39E73D6B 
 239      BB10
 240 006d E28C2464 		.ascii	"\342\214$d\011\020\322\204?F\0109\215\022\206\262\013"
 240      0910D284 
 240      3F460839 
 240      8D1286B2 
 240      0B
 241 007e 65144A4F 		.ascii	"e\024JO\224\227(\307Q\376\035q&\224\377A\341\277 \224"
 241      949728C7 
 241      51FE1D71 
 241      2694FF41 
 241      E1BF2094 
 242 0092 89783E19 		.ascii	"\211x>\031e\006\312|\345\276\376\327\026I\273\341\261"
 242      6506CA7C 
 242      E5BEFED7 
 242      1649BBE1 
 242      B1
 243 00a3 3D4A2C11 		.ascii	"=J,\021\3439\217\227\237sq\376} t\275\201\262\037\317"
 243      E3398F97 
 243      9F7371FE 
 243      7D2074BD 
 243      81B21FCF 
 244 00b7 47735BF0 		.ascii	"Gs[\360x\012e\020\010\375ux\254Ey\201\347\347\360X\206"
 244      780A6510 
 244      08FD7578 
 244      AC457981 
 244      E7E7F058 
 245 00cc F20D8A1D 		.ascii	"\362\015\212\035\345<\312\005\224y(\037\343\363/\361"
 245      E53CCA05 
 245      9479281F 
 245      E3F32FF1 
 246 00dc 7811250F 		.ascii	"x\021%\017\245\003^\037\303c\"\312Q\224$\316\207\362"
 246      A5035E1F 
 246      C36322CA 
 246      519424CE 
 246      87F2
 247 00ee 47941328 		.ascii	"G\224\023(\003Q\372\243T\241\374\001\245\032\345\337"
 247      0351FAA3 
 247      54A1FC01 
 247      A51AE5DF 
 248 00fe 509EE1B8 		.ascii	"P\236\341\270R<~\207\262\003e7\312\357P>\340\366\241"
 248      523C7E87 
 248      B2036537 
 248      CAEF503E 
 248      E0F6A1
 249 0111 7C8AC214 		.ascii	"|\212\302\024\037\314W|\340\373k\307\204?\003\315\377"
ARM GAS  /tmp/ccz1sHMg.s 			page 19


 249      1FCC577C 
 249      E0FB6BC7 
 249      843F03CD 
 249      FF
 250 0122 129E4F50 		.ascii	"\022\236OP\306Q\"|9\261\031\2369\014z\002_\244(\371"
 250      C651227C 
 250      39B1199E 
 250      390C7A02 
 250      5FA428F9 
 251 0136 8C304A12 		.ascii	"\2140J\022\334\362o\245\203\3006e\004\373o\016l\017"
 251      DCF26FA5 
 251      83C03665 
 251      04FB6F0E 
 251      6C0F
 252 0148 41F83716 		.ascii	"A\3707\026\342\0263\232W2\276\252\215\251\314\355\256"
 252      E216339A 
 252      5732BEAA 
 252      8DA9CCED 
 252      AE
 253 0159 7797E586 		.ascii	"w\227\345\206\023(\001\330\011\004v\000\222l\007\330"
 253      132801D8 
 253      09047600 
 253      926C07D8 
 254 0169 0AB005E4 		.ascii	"\012\260\005\344!\235X6as\200\340\230\233\263\327\344"
 254      219D5836 
 254      617380E0 
 254      989BB3D7 
 254      E4
 255 017a B58911EC 		.ascii	"\265\211\021\354e23\354\001\330\0138\000\317\021\260"
 255      653233EC 
 255      01D80B38 
 255      00CF11B0 
 256 018a A261CB66 		.ascii	"\242a\313fS\204LZX\036\304\237\010Z\002\034.\323\205"
 256      53844C5A 
 256      581EC49F 
 256      085A021C 
 256      2ED385
 257 019d C97F2364 		.ascii	"\311\177#d;~$\354[\020\267\231|\243\023;\242\\Sd+\252"
 257      3B7E24EC 
 257      5B10B799 
 257      7CA3133B 
 257      A25C5364 
 258 01b3 AD5B4D4D 		.ascii	"\255[MMn\305D\274\351%\253DC\023\240\202\333\367\006"
 258      6EC544BC 
 258      E925AB44 
 258      4313A082 
 258      DBF706
 259 01c6 34890361 		.ascii	"4\211\003a\325\262\215g\257n\334\030\305\347\345q\227"
 259      D5B28D67 
 259      AF6EDC18 
 259      C5E7E571 
 259      97
 260 01d7 8F650492 		.ascii	"\217e\004\222\240\017\201c\200\010\234\325Q\200#\200"
 260      A00F8163 
 260      80089CD5 
 260      51802380 
 261 01e7 A0534D3F 		.ascii	"\240SM?\027\206\267G\346\\\267\373\277\3408\300!\200"
ARM GAS  /tmp/ccz1sHMg.s 			page 20


 261      1786B747 
 261      E65CB7FB 
 261      BFE038C0 
 261      2180
 262 01f9 839C1957 		.ascii	"\203\234\031W\235\263\023v^\266#\026\336g\327\225\263"
 262      9DB31376 
 262      5EB62316 
 262      DE67D795 
 262      B3
 263 020a 3EEC9972 		.ascii	">\354\231r\026\317\362(aKQ\326Qq'\232\225\342\325\011"
 263      16CFF228 
 263      614B51D6 
 263      5171279A 
 263      95E2D509 
 264 021e 948B28D7 		.ascii	"\224\213(\327(\032\322a\342\235)\225Q=\370/F\376\213"
 264      281AD261 
 264      E29D2995 
 264      513DF82F 
 264      46FE8B
 265 0231 26352CAE 		.ascii	"&5,\256{5\261we\235\307\355\236\330\207\253\255\005"
 265      7B35B177 
 265      659DC7ED 
 265      9ED887AB 
 265      AD05
 266 0243 B802B289 		.ascii	"\270\002\262\2118!\224\032 \010+\3360\327\236_\006\034"
 266      3821941A 
 266      20082BDE 
 266      30D79E5F 
 266      061C
 267 0255 50E70348 		.ascii	"P\347\003H\222\237\357V\237\237\365y~\006\010\316\252"
 267      929FEF56 
 267      9F9FF579 
 267      7E0608CE 
 267      AA
 268 0266 78EFDC60 		.ascii	"x\357\334`\0168\001pX\006x\247\3077\223\302\261G\345"
 268      0E380170 
 268      580678A7 
 268      C73793C2 
 268      B147E5
 269 0279 38A9E390 		.ascii	"8\251\343\220\001\357\021\341\031\\3\330\017P\216\207"
 269      01EF11E1 
 269      195C33D8 
 269      0F508E87 
 270 0289 F332063D 		.ascii	"\3632\006=x\035\340\"\300\005\200k\000W\001~\002\270"
 270      781DE022 
 270      C005806B 
 270      0057017E 
 270      02B8
 271 029b 04F033C0 		.ascii	"\004\3603\300e\200\037y\020p\352]*u\225\217y\337\213"
 271      65801F79 
 271      1070EA5D 
 271      2A75958F 
 271      79DF8B
 272 02ae F995A880 		.ascii	"\371\225\250\200j\037@\211\000\224\252\200\323>\200"
 272      6A1F4089 
 272      0094AA80 
 272      D33E80
ARM GAS  /tmp/ccz1sHMg.s 			page 21


 273 02bd 5302B053 		.ascii	"S\002\260S\005\374\340\0038$\000\353U\3009\037\300{"
 273      05FCE003 
 273      382400EB 
 273      55C0391F 
 273      C07B
 274 02cf 843D6584 		.ascii	"\204=e\204\025\004\021\266)\210G\314\376\007\307\247"
 274      150411B6 
 274      298847CC 
 274      FE07C7A7 
 275 02df 998C517D 		.ascii	"\231\214Q}\023\340\226\026\325M\033\037\036dZT\337\322"
 275      13E09616 
 275      D54D1B1F 
 275      1E645A54 
 275      DFD2
 276 02f1 A2FA360F 		.ascii	"\242\3726\017\225\212 \021\262qr(\270)\273\202\324\271"
 276      958A2011 
 276      B2717228 
 276      B829BB82 
 276      D4B9
 277 0303 C1723096 		.ascii	"\301r0\226\257\332\023l\244\276\017\360@\243^_{:/\\"
 277      AFDA136C 
 277      A4BE0FF0 
 277      40A35E5F 
 277      7B3A2F5C 
 278 0317 A37EA051 		.ascii	"\243~\240Q?\004\016\210\274wm\303$P\242\210\303\032"
 278      3F040E88 
 278      BC776DC3 
 278      2450A288 
 278      C31A
 279 0329 0B765E06 		.ascii	"\013v^\006\367\234>\270\241\240\024\240Q\033\260[,\035"
 279      F79C3EB8 
 279      A1A014A0 
 279      511BB05B 
 279      2C1D
 280 033b 9FFCED82 		.ascii	"\237\374\355\202O+\360\371(\360\030\020\373TD\375\215"
 280      4F2BF0F9 
 280      28F01810 
 280      FB5444FD 
 280      8D
 281 034c 82AD8266 		.ascii	"\202\255\202f\027\300\035\003(A\305\334\362\252\272"
 281      17C01D03 
 281      2841C5DC 
 281      F2AABA
 282 035b 0D70C30F 		.ascii	"\015p\303\017S\"GZ\375\275\202\255\341<\230\321\305"
 282      5322475A 
 282      FDBD82AD 
 282      E13C98D1 
 282      C5
 283 036c 07648C08 		.ascii	"\007d\214\010\030E\231\000\361P\012\"p\017\340.\310"
 283      18459900 
 283      F1500A22 
 283      700FE02E 
 283      C8
 284 037d 19A3510E 		.ascii	"\031\243Q\016\245'\000O\001\036\0034\000<\002x\246\204"
 284      A527004F 
 284      011E0334 
 284      003C0278 
ARM GAS  /tmp/ccz1sHMg.s 			page 22


 284      A684
 285 038f 4FFD73AF 		.ascii	"O\375s\257\336\207\000\365\376SDN\266T\366\356\242\375"
 285      DE8700F5 
 285      FE53444E 
 285      B654F6EE 
 285      A2FD
 286 03a1 773744C4 		.ascii	"w7D\304\370)x\336\222\002\034v\247\272tF\033\315\347"
 286      F82978DE 
 286      92021C76 
 286      A7BA7446 
 286      1BCDE7
 287 03b4 2F34FE97 		.ascii	"/4\376\227\336$UAXq0f\024\224\027(KB\010+\011\021\217"
 287      DE245541 
 287      58713066 
 287      14941728 
 287      4B42082B 
 288 03cb CA08ABC3 		.ascii	"\312\010\253\303\313g\362\345\307j\346\375\030\255Z"
 288      CB67F2E5 
 288      C76AE6FD 
 288      18AD5A
 289 03da 16CAE917 		.ascii	"\026\312\351\027\226\3149\023\352\237X\247P\304\240"
 289      96CC3913 
 289      EA9F58A7 
 289      50C4A0
 290 03e9 5193294C 		.ascii	"Q\223)L\2422\323\373lU(FO\250\340\355\303\236\312\303"
 290      A232D3FB 
 290      6C552846 
 290      4FA8E0ED 
 290      C39ECAC3 
 291 03fd 0FDD9AB9 		.ascii	"\017\335\232\271)R\263\356\270f\335,,\003lI\230\200"
 291      2952B3EE 
 291      B866DD2C 
 291      2C036C49 
 291      9880
 292 040f C7B38A30 		.ascii	"\307\263\2120\302\036\240\024\206\023v\000\345:\312"
 292      C21EA014 
 292      86137600 
 292      E53ACA
 293 041e 1C93781A 		.ascii	"\034\223x\032\315\366\232\010\273\2032\273\015\206y"
 293      CDF69A08 
 293      BB8332BB 
 293      0D8679
 294 042d 1B4E7CA3 		.ascii	"\033N|\243!\367V\024\257\314\030\027Yx\375\374\352\226"
 294      21F75614 
 294      AFCC1817 
 294      5978FDFC 
 294      EA96
 295 043f F1B4237A 		.ascii	"\361\264#z\357\266\333\035\013\2431\367`F\305\247\313"
 295      EFB6DB1D 
 295      0BA331F7 
 295      6046C5A7 
 295      CB
 296 0450 29816554 		.ascii	")\201eT\366T\356\214\011\027C4[\226S\325\226Bn\313\005"
 296      F654EE8C 
 296      09174334 
 296      5B9653D5 
 296      96426ECB 
ARM GAS  /tmp/ccz1sHMg.s 			page 23


 297 0465 E49E1841 		.ascii	"\344\236\030A\330\372\010\004\207U\215\373~_\260\022"
 297      D8FA0804 
 297      87558DFB 
 297      7E5FB012 
 298 0475 A60DE7AF 		.ascii	"\246\015\347\257\315~\374\207\375\343\335<\014\013)"
 298      CD7EFC87 
 298      FDE3DD3C 
 298      0C0B29
 299 0484 2CA5F035 		.ascii	",\245\3605\365\015\037\036\251k'MrG\347Fp\314*\003\306"
 299      F50D1F1E 
 299      A96B274D 
 299      7247E746 
 299      70CC2A03 
 300 0499 988882D4 		.ascii	"\230\210\202\324D\264RF\241\037\213(|Ea5Ur\316\032\215"
 300      44B45246 
 300      A11F8B28 
 300      7C456135 
 300      5572CE1A 
 301 04ae 68859F32 		.ascii	"h\205\2372\334\362\305m\371\2046\256^5.<\306\217tM3"
 301      DCF2C56D 
 301      F98436AE 
 301      5E352E3C 
 301      C68F744D 
 302 04c3 A4ECB43C 		.ascii	"\244\354\264<b\365\235#\323\230q\007?7\224\274IE\343"
 302      62F59D23 
 302      D3987107 
 302      3F3794BC 
 302      4945E3
 303 04d6 A9E6A275 		.ascii	"\251\346\242u\232\342o\271\213\036\264\025\013rJ\324"
 303      9AE26FB9 
 303      8B1EB415 
 303      0B724AD4 
 304 04e6 0977309B 		.ascii	"\011w0\233\025\211\243z\337\237;'7\242\207\376\027\243"
 304      1589A37A 
 304      DF9F3B27 
 304      37A287FE 
 304      17A3
 305 04f8 9EC9FBB3 		.ascii	"\236\311\373\263hA\344\254\261\214o\317\331\024\366"
 305      6841E4AC 
 305      B18C6FCF 
 305      D914F6
 306 0507 68AC33A8 		.ascii	"h\2543\250\272\313\033\225)#f\202\001\223K5\007?;<\321"
 306      BACB1B95 
 306      29236682 
 306      01934B35 
 306      073F3B3C 
 307 051c 1D3D3682 		.ascii	"\035=6\202\307\321x\031$\022\341+-Y\324j4\013\0154\273"
 307      C7D17819 
 307      2412E12B 
 307      2D59D46A 
 307      340B0D34 
 308 0531 B51D5CDC 		.ascii	"\265\035\\\334T\344\226i\260\242\024\313 oE\221\211"
 308      54E49669 
 308      B0A214CB 
 308      206F4591 
 308      89
 309 0542 94B47E57 		.ascii	"\224\264~Wa\232Ja\242\277AJj\322\264\345\0310\3234\214"
ARM GAS  /tmp/ccz1sHMg.s 			page 24


 309      619A4A61 
 309      A2BF414A 
 309      6AD2B4E5 
 309      1930D334 
 310 0557 47C3CC35 		.ascii	"G\303\3145`\346\350&vGS6\335\237H\001\235\327@\363\015"
 310      60E6E826 
 310      76475336 
 310      DD9F4801 
 310      9DD740F3 
 311 056c A0BBA081 		.ascii	"\240\273\240\201Nj\352\026\031@\005:\246\227\232\037"
 311      4E6AEA16 
 311      1940053A 
 311      A6979A1F 
 312 057c DDBE7E54 		.ascii	"\335\276~TJ\316s\0152\316\027\222\244\213\344\015\024"
 312      4ACE730D 
 312      32CE1792 
 312      A48BE40D 
 312      14
 313 058d D6E31EFB 		.ascii	"\326\343\036\373N\306`\320\355\245\260\217\302A\012"
 313      4EC660D0 
 313      EDA5B08F 
 313      C2410A
 314 059c BB289453 		.ascii	"\273(\224S\330B\3410\332@a?\205\035\0246R(C\030\205"
 314      D842E130 
 314      DA40613F 
 314      851D1436 
 314      52284318 
 315 05b1 9D14B651 		.ascii	"\235\024\266Q\330Da3\205R\\\000\012\273)\034\240\260"
 315      D8446133 
 315      85525C00 
 315      0ABB291C 
 315      A0B0
 316 05c3 55D902F5 		.ascii	"U\331\002\365%\207E\314|Ka\255a\036jJ/\276\245Lu\026"
 316      258745CC 
 316      7C4B61AD 
 316      611E6A4A 
 316      2FBEA54C 
 317 05d9 8599FE61 		.ascii	"\205\231\376a\245\244\364]E\037q\232o(,\2211\336\214"
 317      A5A4F45D 
 317      451F719A 
 317      6F282C91 
 317      31DE8C
 318 05ec AEDBB635 		.ascii	"\256\333\2665\232\313\362\375cF\350\272\244a\346\371"
 318      9ACBF2FD 
 318      6346E8BA 
 318      A461E6F9 
 319 05fc AFA2C0BC 		.ascii	"\257\242\300\274\322\\\326\004>.\023\252\352O(\263B"
 319      D25CD604 
 319      3E2E13AA 
 319      EA4F28B3 
 319      42
 320 060d 9317FBAF 		.ascii	"\223\027\373\257\216\250T/\212\026\264-v3N3\326\327"
 320      8EA8542F 
 320      8A16B42D 
 320      76334E33 
 320      D6D7
 321 061f F34A4B75 		.ascii	"\363JKuN\213\204\005\376\221\200\011\242\200\357Kz\340"
ARM GAS  /tmp/ccz1sHMg.s 			page 25


 321      4E8B8405 
 321      FE918009 
 321      A280EF4B 
 321      7AE0
 322 0631 E0F3D5FA 		.ascii	"\340\363\325\372\222\242\254U\305\377\345Z\241\232\332"
 322      92A2AC55 
 322      C5FFE55A 
 322      A19ADA
 323 0640 5D3777EA 		.ascii	"]7w\352\372\344J\315\234#\224\210T\201u\2468R$\217P"
 323      FAE44ACD 
 323      9C239488 
 323      548175A6 
 323      3852248F 
 324 0655 1CB1B33A 		.ascii	"\034\261\263:\257\264Ms\27506\235\330\013\037\347\375"
 324      AFB44D73 
 324      BD30369D 
 324      D80B1FE7 
 324      FD
 325 0666 F266CFEC 		.ascii	"\362f\317\354*\246\357j\217R\221GOR\031G\330\251H\302"
 325      2AA6EF6A 
 325      8F529147 
 325      4F521947 
 325      D8A948C2 
 326 067a 1EA12C88 		.ascii	"\036\241,\210\"l\033\312\325(n\315\214\273\027\352\300"
 326      226C1BCA 
 326      D5286ECD 
 326      8CBB17EA 
 326      C0
 327 068b 98E3BEA7 		.ascii	"\230\343\276\247PE\325\034W\275h\307f]\003T\245\231"
 327      5045D51C 
 327      57BD68C7 
 327      665D0354 
 327      A599
 328 069d 5B2D0AC5 		.ascii	"[-\012\305\225\212\305K#\344\332RM\345\342\322\260c"
 328      958AC54B 
 328      23E4DA52 
 328      4DE5E2D2 
 328      B063
 329 06af FF77CD15 		.ascii	"\377w\315\025\227\032\264\344\0071\246\246h\276]\343"
 329      971AB4E4 
 329      0731A6A6 
 329      68BE5DE3 
 330 06bf ACD1386B 		.ascii	"\254\3218k\271\245/\321\272\245\321\204\035F\271\217"
 330      B9A52FD1 
 330      BAA5D184 
 330      1D46B98F 
 331 06cf B2AC1D61 		.ascii	"\262\254\035a\207P\356\243\024\266\307\373(7Q\246\304"
 331      8750EEA3 
 331      14B6C7FB 
 331      283751A6 
 331      C4
 332 06e0 28EE0A62 		.ascii	"(\356\012bkc\220\266\307\362\313_\255\011\325\247S5"
 332      6B6390B6 
 332      C7F2CB5F 
 332      AD09D5A7 
 332      5335
 333 06f2 A9363C5B 		.ascii	"\2516<[<\265\340\267\345\242(aT^\244p\243\331\310}\276"
ARM GAS  /tmp/ccz1sHMg.s 			page 26


 333      3CB5E0B7 
 333      E5A22861 
 333      545EA470 
 333      A3D9C87D 
 334 0707 F0530572 		.ascii	"\360S\005r\325\000I\360)I?S\036b\334W7\344\340\360P"
 334      D50049F0 
 334      29493F53 
 334      1E62DC57 
 334      37E4E0F0 
 335 071c B84BE101 		.ascii	"\270K\341\001\205\006\012\267)\334\243p\235\302#\012"
 335      85060AB7 
 335      29DCA370 
 335      9DC2230A 
 336 072c 4F293CA4 		.ascii	"O)<\244\360\204\302-\012\217)\334\247p\207B=\205\233"
 336      F084C22D 
 336      0A8F29DC 
 336      A7708742 
 336      3D859B
 337 073f 6AF12AF0 		.ascii	"j\361*\360*\274fP\250K\344\3653\013JEWTK\341\254\001"
 337      2ABC6650 
 337      A84BE4F5 
 337      330B4A45 
 337      57544BE1 
 338 0755 A5CB8AF5 		.ascii	"\245\313\212\365\223\275\275\023n\227\037\015(\335v"
 338      93BDBD13 
 338      6E971F0D 
 338      28DD76
 339 0764 59A66BFE 		.ascii	"Y\246k\376N\031@\272$\374Bu\302O~NP\262\300\024\325"
 339      4E1940BA 
 339      24FC4275 
 339      C24F7E4E 
 339      50B2C014 
 340 0779 EC4BFEAA 		.ascii	"\354K\376\252\224\302\261\274@~\0239I\341\230\214\361"
 340      94C2B1BC 
 340      407E1339 
 340      49E1988C 
 340      F1
 341 078a 86A43E4B 		.ascii	"\206\244>K/UyN\033xf\350&\366j\241\326\024^1\240t]m"
 341      2F55794E 
 341      1B7866E8 
 341      26F66AA1 
 341      D6145E31 
 342 07a2 9E6E62E7 		.ascii	"\236nb\347\014 }\276\237\246\252\273\340\037\001\012"
 342      0C207DBE 
 342      9FA6AABB 
 342      E01F010A 
 343 07b2 A640C59C 		.ascii	"\246@\305\234\3617I8h\206\012\251\363_\016\001\231\256"
 343      F1374938 
 343      68860AA9 
 343      F35F0E01 
 343      99AE
 344 07c4 42CEFB5B 		.ascii	"B\316\373[#LnZ\250-\330e"
 344      234C6E5A 
 344      A82DD865 
 345 07d0 FF79F166 		.ascii	"\377y\361f\267\206\3075}\264s\317\356\260\030\277\340"
 345      B786C735 
 345      7DB473CF 
ARM GAS  /tmp/ccz1sHMg.s 			page 27


 345      EEB018BF 
 345      E0
 346 07e1 6BFCA782 		.ascii	"k\374\247\202\21778U\245\265A\332>|\246\031\360\\i\002"
 346      8F373855 
 346      A5B541DA 
 346      3E7CA619 
 346      F05C6902 
 347 07f5 575C3910 		.ascii	"W\\9\020\3643\020\212\367\202l\000P\363;\374c\"\377"
 347      F433108A 
 347      F7826C00 
 347      50F33BFC 
 347      6322FF
 348 0808 C148AC9B 		.ascii	"\301H\254\233\272i\210\215Q\02331\233\251\002\272\306"
 348      BA69888D 
 348      51133331 
 348      9BA902BA 
 348      C6
 349 0819 3F627DC3 		.ascii	"?b}\303h|\224)l\315~\2106\005\207Q\352\011\265\231\342"
 349      687C9429 
 349      6CCD7E88 
 349      36058751 
 349      EA09B599 
 350 082e 9F61552A 		.ascii	"\237aU*\014\211\353\353\016\262M\177\315\023\352\246"
 350      0C89EBEB 
 350      0EB24D7F 
 350      CD13EAA6 
 351 083e B386C426 		.ascii	"\263\206\304&\365\305\277\236\320\012\260\341\250aA"
 351      F5C5BF9E 
 351      D00AB0E1 
 351      A86141
 352 084d 61D178E6 		.ascii	"a\321x\346\0115=b\205y!\266\343trOL\031&[b,\316\271"
 352      09353D62 
 352      857921B6 
 352      E374724F 
 352      4C19265B 
 353 0865 6F5858D7 		.ascii	"oXX\327\250rV\316\006\022\022\026V\274\3765\223'4\012"
 353      A87256CE 
 353      06121216 
 353      56BCFE35 
 353      9327340A 
 354 0879 29E26D71 		.ascii	")\342mq\321\266\270\250\012\010\266\331L\261\361\004"
 354      D1B6B8A8 
 354      0A08B6D9 
 354      4CB1F104 
 355 0889 8DB02526 		.ascii	"\215\260%&\366\245&d\016\012\253\200D\006\021\211\356"
 355      F6A52664 
 355      0E0AAB80 
 355      44061189 
 355      EE
 356 089a CBB73A9A 		.ascii	"\313\267:\232\300\024\3365.\236\020\033\031H\221\227"
 356      C014DE35 
 356      2E9E101B 
 356      19489197 
 357 08aa 35797F10 		.ascii	"5y\177\020\212:m\332%@\274\211&R\366\027O(!\224\306"
 357      8A3A6DDA 
 357      2540BC89 
 357      2652F617 
ARM GAS  /tmp/ccz1sHMg.s 			page 28


 357      4F282194 
 358 08bf 11E20E0A 		.ascii	"\021\342\016\012\213\210\0007\036\302\315\177\261\015"
 358      8B880037 
 358      1EC2CD7F 
 358      B10D
 359 08cd 4B34114F 		.ascii	"K4\021O(\305G\261A\274\025\320F\232B\210\372}\206\373"
 359      28C547B1 
 359      41BC15D0 
 359      469A4288 
 359      FA7D86FB 
 360 08e1 8F00FF27 		.ascii	"\217\000\377'\376\020~A\364Z\344\373\034\211~\225\321"
 360      FE107E41 
 360      F45AE4FB 
 360      1C897E95 
 360      D1
 361 08f2 8478EFAA 		.ascii	"\204x\357\252\007\345\\\000\004\017\365*\000\257\022"
 361      07E55C00 
 361      040FF52A 
 361      00AF12
 362 0901 A23CD591 		.ascii	"\242<\325\221k6(vxy\274zt6j\266\342\012\013%T?F\036"
 362      6B362876 
 362      7879BC7A 
 362      74366AB6 
 362      E20A0B25 
 363 0919 67305CA3 		.ascii	"g0\\\243$*-\321M\\\304\325\226\307{\266F\\C\267\271"
 363      242A2DD1 
 363      4D5CC4D5 
 363      96C77BB6 
 363      465C43B7 
 364 092e 3DAF1E35 		.ascii	"=\257\0365\305@\344\254\276\004\330\264\330\346^En\347"
 364      C540E4AC 
 364      BE04D8B4 
 364      D8E65E45 
 364      6EE7
 365 0940 CEDC6092 		.ascii	"\316\334`\222\257q\2534\361R6\343\346\354\355\021\306"
 365      AF71AB34 
 365      F15236E3 
 365      E6ECED11 
 365      C6
 366 0951 9284FD12 		.ascii	"\222\204\375\022\266\001\336\222t\271\344H\231\317\247"
 366      B601DE92 
 366      74B9E448 
 366      99CFA7
 367 0960 A80A0360 		.ascii	"\250\012\003`G\371\361\351QZ\\\217cj\\\217g2\340\336"
 367      47F9F1E9 
 367      515A5C8F 
 367      636A5C8F 
 367      6732E0DE 
 368 0974 FD255B42 		.ascii	"\375%[Bd\245\343\031\270\031\336\371ie\311\364p\265"
 368      64A5E319 
 368      B819DEF9 
 368      6965C9F4 
 368      70B5
 369 0986 6861A7E0 		.ascii	"ha\247\340\255Z\023\030\346b1\352Q\365\242o\333v\317"
 369      AD5A1318 
 369      E66231EA 
 369      51F5A26F 
ARM GAS  /tmp/ccz1sHMg.s 			page 29


 369      DB76CF
 370 0999 CF77376C 		.ascii	"\317w7l\371\351\301\316NK\334e\343p@\020B\340\225R0"
 370      F9E9C1CE 
 370      4E4BDC65 
 370      E3704010 
 370      42E09552 
 371 09ae B1F1400F 		.ascii	"\261\361@\017\276\244\360\202\0226\3655>\352\352\374"
 371      BEA4F082 
 371      1236F535 
 371      3EEAEAFC 
 372 09be 1535617C 		.ascii	"\0255a|T\361\272<\354C\324!\223\230w\310$\246\016Y+"
 372      54F1BA3C 
 372      EC43D421 
 372      939877C8 
 372      24A60E59 
 373 09d3 0F99EB39 		.ascii	"\017\231\3539R\013\262ySEI-]u\351^\244\367\306Tn\357"
 373      520BB279 
 373      5345492D 
 373      5D75E95E 
 373      A4F7C654 
 374 09e9 F552CF82 		.ascii	"\365R\317\202`\357\235i\374\316\351\325\245\333\242"
 374      60EF9D69 
 374      FCCEE9D5 
 374      A5DBA2
 375 09f8 9A29BB79 		.ascii	"\232)\273y\310>]L\340\320\017\013\377\265{>V\303\005"
 375      C83E5D4C 
 375      E0D00F0B 
 375      FFB57B3E 
 375      56C305
 376 0a0b 77CF6C7E 		.ascii	"w\317l~\253||a<>\205)\252!S\230\374\275pl\007\016~5"
 376      AB7C7C61 
 376      3C3E8529 
 376      AA215398 
 376      FCBD706C 
 377 0a23 63B227DC 		.ascii	"c\262'\334\2730\334\210\374\227\3237\207\030\335\336"
 377      BB30DC88 
 377      FC97D337 
 377      8718DDDE 
 378 0a33 6868156A 		.ascii	"hh\025j&_\333\241\373\2401[s\373\034\241\177\373\271"
 378      265FDBA1 
 378      FBA0315B 
 378      73FB1CA1 
 378      7FFBB9
 379 0a46 8DD7A94C 		.ascii	"\215\327\251L\211u{\0267z\354\321\263\227\232u\373<"
 379      89757B16 
 379      377AECD1 
 379      B3979A75 
 379      FB3C
 380 0a58 B47AAE18 		.ascii	"\264z\256\0305wB\376\326\266\262\331s\036n\332\325c"
 380      357742FE 
 380      D6B6B2D9 
 380      731E6EDA 
 380      D563
 381 0a6a 1F377B1E 		.ascii	"\0377{\036\203\231\252\3313\205\331W;`\353 \233\236"
 381      8399AAD9 
 381      3385D957 
 381      3B60EB20 
ARM GAS  /tmp/ccz1sHMg.s 			page 30


 381      9B9E
 382 0a7c FFF5ADF5 		.ascii	"\377\365\255\365>\226.d\220\257\005H\356\366s\026\315"
 382      3E962E64 
 382      90AF0548 
 382      EEF67316 
 382      CD
 383 0a8d D07CCDD0 		.ascii	"\320|\315\320\002\244b\363:b\377\205r\252#\307\356\255"
 383      02A462F3 
 383      3A62FF85 
 383      72AA23C7 
 383      EEAD
 384 0a9f 7E7220A4 		.ascii	"~r \244\271\356k)\343\335W\002\377\212TS\271)\2227_"
 384      B9EE6B29 
 384      E3DD5702 
 384      FF8A5453 
 384      B9299237 
 385 0ab4 1EA5F912 		.ascii	"\036\245\371\022=\3502&\203\360e\034\311\236v\344\315"
 385      3DE83226 
 385      83F0651C 
 385      C99E76E4 
 385      CD
 386 0ac5 CAAF3167 		.ascii	"\312\2571g0\371\210\257\317\2358\375\343Ew\272\363/"
 386      30F988AF 
 386      CF9D38FD 
 386      E34577BA 
 386      F32F
 387 0ad7 06B7319A 		.ascii	"\006\2671\232\202\2112\177X\305!\230\331W2X\301X^'\302"
 387      8289327F 
 387      58C52198 
 387      D9573258 
 387      C1585E27 
 388 0aec 16A1ACE3 		.ascii	"\026\241\254\343#\242_\026M;\004\336&G\3646u\215\277"
 388      23A25F16 
 388      4D3B04DE 
 388      2647F436 
 388      758DBF
 389 0aff 5939DEAD 		.ascii	"Y9\336\255}7\374\206\031\276\033*\225\003#S\224`(b\034"
 389      7D37FC86 
 389      19BE1B2A 
 389      95032353 
 389      94602862 
 390 0b14 82FC1B18 		.ascii	"\202\374\033\030\254a\360\035\203u\370\356\300`=\203"
 390      AC61F01D 
 390      8375F8EE 
 390      C0603D83 
 391 0b24 B5DC99BC 		.ascii	"\265\334\231\274z_j\034\315\011\2271\376\035\321@\250"
 391      7A5F6A1C 
 391      CD099731 
 391      FE1DD140 
 391      A8
 392 0b35 7C873B2F 		.ascii	"|\207;/\000\250q53\002\224\227\242\013\215\351k\020"
 392      00A87135 
 392      33029497 
 392      A20B8DE9 
 392      6B10
 393 0b47 F0158342 		.ascii	"\360\025\203B\031\340][]\033qN\345\370\332\207C\351"
 393      19E05D5B 
ARM GAS  /tmp/ccz1sHMg.s 			page 31


 393      5D1B714E 
 393      E5F8DA87 
 393      43E9
 394 0b59 DD2FAA80 		.ascii	"\335/\252\200\345>\2003\002P\253\002\316\371\230\211"
 394      E53E8033 
 394      0250AB02 
 394      CEF99889 
 395 0b69 8D7D253A 		.ascii	"\215}%:\355\"\312\223N\242\233\366(\015c\010\233\331"
 395      ED22CA93 
 395      4EA29BF6 
 395      280D6308 
 395      9BD9
 396 0b7b 195DD9FE 		.ascii	"\031]\331\376\336\251\307\265m\324\267p\036\020'\275"
 396      DEA9C7B5 
 396      6DD4B770 
 396      1E1027BD 
 397 0b8b 4D540183 		.ascii	"MT\001\203\005\014\366\260\346Z\204\372R]\263\261\311"
 397      050CF6B0 
 397      E65A84FA 
 397      525DB3B1 
 397      C9
 398 0b9c 80D23EA1 		.ascii	"\200\322>\241\035\325}\312Zl\300\350\337-\367z?\327"
 398      1DD57DCA 
 398      5A6CC0E8 
 398      DF2DF77A 
 398      3FD7
 399 0bae 151B205A 		.ascii	"\025\033 ZcS|\\ \360\337\"\177{\204\252=:s6\372\231"
 399      63537C5C 
 399      20F0DF22 
 399      7F7B84AA 
 399      3D3A7336 
 400 0bc4 A37463B5 		.ascii	"\243tc\265\005\301\234\007;\206\2552D4\021jC\302!\225"
 400      05C19C07 
 400      3B86AD32 
 400      4434116A 
 400      43C22195 
 401 0bd8 05C17CC1 		.ascii	"\005\301|\301\320\213Kd\210\267a\363\377\236\267\205"
 401      D08B4B64 
 401      88B761F3 
 401      FF9EB785 
 402 0be8 C166267F 		.ascii	"\301f&\177\320\334#\307\321v\006\273\030\354dP\312`"
 402      D0DC23C7 
 402      D17606BB 
 402      18EC6450 
 402      CA60
 403 0bfa 07AA67B0 		.ascii	"\007\252g\260\215\301n\036JlSg\371c\347\332cw \306\217"
 403      8DC16E1E 
 403      4A6C5367 
 403      F963E7DA 
 403      637720C6 
 404 0c0f 602F6B95 		.ascii	"`/k\225\000\007O[:q\262\356CK\231\316Or\212\010\251"
 404      00074F5B 
 404      3A71B2EE 
 404      434B99CE 
 404      4F728A08 
 405 0c24 6FAC7BBD 		.ascii	"o\254{\275\0136&(\230_\013\177\003\373\231\274\033\313"
 405      0B362628 
ARM GAS  /tmp/ccz1sHMg.s 			page 32


 405      985F0B7F 
 405      03FB99BC 
 405      1BCB
 406 0c36 BCFF0B40 		.ascii	"\274\377\013@\360\016\201r\006\007\030\002^D\341%;\320"
 406      F00E8172 
 406      06071802 
 406      5E44E125 
 406      3BD0
 407 0c48 99B0DB28 		.ascii	"\231\260\333(\013^'\254\014\345\321\353He\032;\351r"
 407      0B5E27AC 
 407      0CE5D1EB 
 407      48651A3B 
 407      E972
 408 0c5a 6E5B7973 		.ascii	"n[ysi\306*\273\246\202\301\021\331\330c\350\032|\343"
 408      69C62ABB 
 408      A682C111 
 408      D9D863E8 
 408      1A7CE3
 409 0c6d 64708289 		.ascii	"dp\202\211.\276\341\374\265\261\213\177\265Z\335\202"
 409      2EBEE1FC 
 409      B5B18B7F 
 409      B55ADD82 
 410 0c7d 8764A4DF 		.ascii	"\207d\244\337\247\355\223S\324\327\342\3032\302\377"
 410      A7ED9353 
 410      D4D7E2C3 
 410      32C2FF
 411 0c8c 2DBDB652 		.ascii	"-\275\266R}+>\350C\242|i\251\323\020\225>\2103\374C"
 411      7D2B3EE8 
 411      43A27C69 
 411      A9D31095 
 411      3E8833FC 
 412 0ca1 6417EEB1 		.ascii	"d\027\356\261\247\207_\354\213\214\361\233\301\311\346"
 412      A7875FEC 
 412      8B8CF19B 
 412      C1C9E6
 413 0cb0 678003B6 		.ascii	"g\200\003\266\336\335\270I\367\232wJ\263\3554\317`G"
 413      DEDDB849 
 413      F79A774A 
 413      B3ED34CF 
 413      6047
 414 0cc2 BB10568F 		.ascii	"\273\020V\217\262\352\015\356\356\207g\313\362\230\330"
 414      B2EA0DEE 
 414      EE8767CB 
 414      F298D8
 415 0cd1 30C51ECD 		.ascii	"0\305\036\315\2343\014~0n@\016\270\241\001\276\367\001"
 415      9C330C7E 
 415      306E400E 
 415      B8A101BE 
 415      F701
 416 0ce3 A89909D4 		.ascii	"\250\231\011\324\304wV\206\240\205U\014\252\345\370"
 416      C4775686 
 416      A085550C 
 416      AAE5F8
 417 0cf2 A9E02A69 		.ascii	"\251\340*i\345\306\013OBb\374\3405\276p^\375g=\234\240"
 417      E5C60B4F 
 417      4262FCE0 
 417      35BE705E 
ARM GAS  /tmp/ccz1sHMg.s 			page 33


 417      FD673D9C 
 418 0d07 8B965A6D 		.ascii	"\213\226Zm*u\242\240\374\370\315\222{\272O\233\272\355"
 418      2A75A2A0 
 418      FCF8CD92 
 418      7BBA4F9B 
 418      BAED
 419 0d19 724E00CA 		.ascii	"rN\000\312w\024\344\267\325\000\272\306\374\274\000"
 419      7714E4B7 
 419      D500BAC6 
 419      FCBC00
 420 0d28 3C2928D8 		.ascii	"<)(\330\255c\230\2471\\\020\200\223\327\252\216\006"
 420      AD6398A7 
 420      315C1080 
 420      93D7AA8E 
 420      06
 421 0d39 6B803C0D 		.ascii	"k\200<\015pQ\000\266-\233\367B\347\357\011\032\340\022"
 421      705100B6 
 421      2D9BF742 
 421      E7EF091A 
 421      E012
 422 0d4b 9FC67FF6 		.ascii	"\237\306\177\366\356\235\340\264}\222\340te$%&\244\244"
 422      EE9DE0B4 
 422      7D92E074 
 422      65242526 
 422      A4A4
 423 0d5d 7E989468 		.ascii	"~\230\224h\036\221\362\247\277\232\007\333\323\034\026"
 423      1E91F2A7 
 423      BF9A07DB 
 423      D31C16
 424 0d6c C71709D6 		.ascii	"\307\027\011\326\254\214\214\254\314\204\034g\332\347"
 424      AC8C8CAC 
 424      CC841C67 
 424      DAE7
 425 0d7a 669B34C6 		.ascii	"f\2334\306n\225\314\326t\213\323)9\023\234\016kB\216"
 425      6E95CCD6 
 425      748BD329 
 425      39139C0E 
 425      6B428E
 426 0d8d F1AED96A 		.ascii	"\361\256\331j\263\232-\326\014\263=\313\352J\357m\015"
 426      B39A2DD6 
 426      0CB33DCB 
 426      EA4AEF6D 
 426      0D
 427 0d9e FB60C888 		.ascii	"\373`\310\210\270~\357\375\236\004\217\030<t\310\007"
 427      B87EEFFD 
 427      9E048F18 
 427      3C74C807 
 428 0dae BF40B833 		.ascii	"\277@\2703\3352F2\3333]\222c\244\005\307eJ\237\273\264"
 428      DD324632 
 428      DB335D92 
 428      63A405C7 
 428      654A9FBB 
 429 0dc3 CBCE23FE 		.ascii	"\313\316#\376jN\031\234\374\321\000\363\240!\251\003"
 429      6A4E199C 
 429      FCD100F3 
 429      A021A903 
 430 0dd3 860F4CEE 		.ascii	"\206\017L\3567\300\234\222:|D\277\3247\233\031k\223"
ARM GAS  /tmp/ccz1sHMg.s 			page 34


 430      37C09C92 
 430      3A7C44BF 
 430      D4379B19 
 430      6B93
 431 0de5 9C56873D 		.ascii	"\234V\207=\333\225\345hc\266\244\333Ge\232\235\366/"
 431      DB95E568 
 431      63B6A4DB 
 431      47659A9D 
 431      F62F
 432 0df7 A5E011FD 		.ascii	"\245\340\021\375\376\234<\334d\037\344\305\265OSO\207"
 432      FE9C3CDC 
 432      641FE4C5 
 432      B54F534F 
 432      87
 433 0e08 39B25C59 		.ascii	"9\262\\Y\326\254t\335\255\224\234\264~\334\366(\355"
 433      D6AC74DD 
 433      AD949CB4 
 433      7EDCF628 
 433      ED
 434 0e19 967CDD36 		.ascii	"\226|\3356mHN\306\200L[v\026*t\266KKN\307\247\231\026"
 434      6D484EC6 
 434      804C5B76 
 434      162A74B6 
 434      4B4B4EC7 
 435 0e30 979422B9 		.ascii	"\227\224\"\271\\\366\314Q\321\032\036\201i\222#*\255"
 435      5CF6CC51 
 435      D11A1E81 
 435      6992232A 
 435      AD
 436 0e41 BF6A4FEA 		.ascii	"\277jO\352\027\331Rh\332`)s\224ktW\234\2236\233\376"
 436      17D95268 
 436      DA602973 
 436      946B7457 
 436      9C93369B 
 437 0e56 0352FA0D 		.ascii	"\003R\372\015\0374,u\350peb\277O\310\310t%X\023\\\031"
 437      1F342C75 
 437      E8706562 
 437      BF4FC8C8 
 437      74255813 
 438 0e6c D909367B 		.ascii	"\331\0116{vzV\306'\226\004\227#+\333n\355\363^/yar~"
 438      767A56C6 
 438      27960497 
 438      232BDB6E 
 438      EDF35E2F 
 439 0e84 DB0B17A0 		.ascii	"\333\013\027\240\027z\372\023\273\253\327\310\317\022"
 439      177AFA13 
 439      BBABD7C8 
 439      CF12
 440 0e92 2CD9D9E4 		.ascii	",\331\331\344_\376\306\245\263f9\244\004{\246\274V\226"
 440      5FFEC6A5 
 440      B36639A4 
 440      047BA6BC 
 440      5696
 441 0ea4 6C7BEFD1 		.ascii	"l{\357\321\244\271e\020\313g\317t\272,\231V\251S \304"
 441      A4B96510 
 441      CB67CF74 
 441      BA2C9956 
ARM GAS  /tmp/ccz1sHMg.s 			page 35


 441      A95320C4 
 442 0eb8 6BEAFAF4 		.ascii	"k\352\372\364\033\234\234\222\242L\241s3p$r\3458\233"
 442      1B9C9C92 
 442      A24CA173 
 442      33702472 
 442      E5389B
 443 0ecb 5335D2EE 		.ascii	"S5\322\356p\272\314\222\342\331N*\343\200!\375\207\015"
 443      70BACC92 
 443      E2D94E2A 
 443      E38021FD 
 443      870D
 444 0edd 454729A4 		.ascii	"EG)\244\355\375C\341W*\2331\332l\026\227\305\354p9e"
 444      EDFD43E1 
 444      572A9B31 
 444      DA6C1697 
 444      C5EC7039 
 445 0ef2 A5528B28 		.ascii	"\245R\213(\233\313!P\335ZB\245\331]o\006x\236mq\330"
 445      9BCB2150 
 445      DD5A42A5 
 445      D95D6F06 
 445      789E6D71 
 446 0f07 5D5F041A 		.ascii	"]_\004\032\355tee\363\321\201\236\247Yrl\016\324\376"
 446      ED746565 
 446      F3D1819E 
 446      A759726C 
 446      0ED4FE
 447 0f1a CB401BE7 		.ascii	"\313@\033\3473d\027\316\223\202F\340\304{\264\016\314"
 447      336417CE 
 447      938246E0 
 447      C47BB40E 
 447      CC
 448 0f2b 71F66E19 		.ascii	"q\366n\031\344\220>\315\221\234.\311fN\227\003\262\025"
 448      E4903ECD 
 448      919C2EC9 
 448      664E9703 
 448      B215
 449 0f3d CEB49C91 		.ascii	"\316\264\234\221#%\307;-\203,VW\216%]!|\253e\354\350"
 449      2325C73B 
 449      2D832C56 
 449      578E255D 
 449      217CAB65 
 450 0f53 2C5C6F81 		.ascii	",\\o\201\354\3252\322\345\260d:Q\271\202\016\350%\207"
 450      ECD532D2 
 450      E5B0643A 
 450      51B9820E 
 450      E82587
 451 0f66 64B12973 		.ascii	"d\261)s\357\336*Fz\273E\210a&\357\266\010\3651/\340"
 451      EFDE2A46 
 451      7ABB4588 
 451      6126EFB6 
 451      08F5312F 
 452 0f7b 6464B0AF 		.ascii	"dd\260\257\327[\236\214pz\\\340\240\263dH\270\201\336"
 452      D75B9E8C 
 452      707A5CE0 
 452      A0B36448 
 452      B881DE
 453 0f8e 0E00F06E 		.ascii	"\016\000\360n\\\324\200\363\261\217\301Y\307\267\006"
ARM GAS  /tmp/ccz1sHMg.s 			page 36


 453      5CD480F3 
 453      B18FC159 
 453      C7B706
 454 0f9d F5027B   		.ascii	"\365\002{"
 455 0fa0 FAECE97E 		.ascii	"\372\354\351~\375\373\231\223\373}h\036\226<<\371\303"
 455      FDFB9993 
 455      FB7D681E 
 455      963C3CF9 
 455      C3
 456 0fb1 01B8F594 		.ascii	"\001\270\365\224\015\331\2635\343\314\326\321\226\314"
 456      0DD9B335 
 456      E3CCD6D1 
 456      96CC
 457 0fbf 51D2C7FF 		.ascii	"Q\322\307\377DMQ\362Ts~\302\304\025\327\232\245\201"
 457      444D51F2 
 457      54737EC2 
 457      C415D79A 
 457      A581
 458 0fd1 FCA7269F 		.ascii	"\374\247&\2377\0030\210\031\2069$\247\344\030#\331:"
 458      37033088 
 458      19863924 
 458      A7E41823 
 458      D93A
 459 0fe3 340FD376 		.ascii	"4\017\323v\265\032\011\312*\233\235\222+'\373\227\201"
 459      B51A09CA 
 459      2A9B9D92 
 459      2B27FB97 
 459      81
 460 0ff4 9F8FCC72 		.ascii	"\237\217\314r\340\204\276L\317\376E`"
 460      E084BE4C 
 460      CFFE4560 
 461 1000 8CCB9E21 		.ascii	"\214\313\236!e\345\270Z\322\302\303\271W\340\347\350"
 461      65E5B85A 
 461      D2C2C3B9 
 461      57E0E7E8 
 462 1010 D9EC74C9 		.ascii	"\331\354t\311e\317\3124\217\314\311\264\362\023-\277"
 462      65CFCA34 
 462      8FCCC9B4 
 462      F2132DBF 
 463 1020 A60E4F1E 		.ascii	"\246\016O\036\2222P]\316\026\324d\217\2668\245\267\376"
 463      9232505D 
 463      CE16D464 
 463      8FB638A5 
 463      B7FE
 464 1032 2635D62C 		.ascii	"&5\326,[KH\237\035\363n`\244=\323\027\33430\330\260"
 464      5B4B489F 
 464      1DF36E60 
 464      A43DD317 
 464      DC3330D8 
 465 1047 67DF0E8C 		.ascii	"g\337\016\214\363\335\203\275[\230S\216\303!e\272D\376"
 465      F3DD83BD 
 465      5B98538E 
 465      C32165BA 
 465      44FE
 466 1059 972B93E4 		.ascii	"\227+\223\344\370u`\270\036\326=0\314[\345\272\266\340"
 466      F87560B8 
 466      1ED63D30 
ARM GAS  /tmp/ccz1sHMg.s 			page 37


 466      CC5BE5BA 
 466      B6E0
 467 106b 226C15E2 		.ascii	"\"l\025\342Z^\362\034g\013k.\000b\315\314\330\003a\271"
 467      5A5EF21C 
 467      670B6B2E 
 467      0062CDCC 
 467      D80361B9 
 468 107f 6FE7B7E6 		.ascii	"o\347\267\346\261\026G\306\230\367{e\364\316\260\330"
 468      B11647C6 
 468      98F77B65 
 468      F4CEB0D8 
 469 108f 33DFB139 		.ascii	"3\337\2619\263\337\031\231M\332`k\340\222>\357\225\221"
 469      B3DF1999 
 469      4DDA606B 
 469      E0923EEF 
 469      9591
 470 10a1 9444BA9A 		.ascii	"\224D\272\232[l\345\314\377\277}\"\351\206\352\245\026"
 470      5B6CE5CC 
 470      FFBF7D22 
 470      E986EAA5 
 470      16
 471 10b2 209DB879 		.ascii	" \235\270y\316/p)3\314\222\303\221\3450c\252\261\245"
 471      CE2F7029 
 471      33CC92C3 
 471      91E53063 
 471      AAB1A5
 472 10c5 4B8E3FFE 		.ascii	"K\216?\376\003]P\216\313\236\2165\034\023J7\335\254"
 472      035D508E 
 472      CB9E8E35 
 472      1C134A37 
 472      DDAC
 473 10d7 D18FD64F 		.ascii	"\321\217\326O4\367Z\322\3209\177\372\007\330\365t\250"
 473      34F75AD2 
 473      D0397FFA 
 473      07D8F574 
 473      A8
 474 10e8 426BA5BC 		.ascii	"Bk\245\274\261\240 \264\034\323\177\300G\203\324>\267"
 474      B1A020B4 
 474      1CD37FC0 
 474      4783D43E 
 474      B7
 475 10f9 8B3F5ECD 		.ascii	"\213?^\315^\335\374\237\311\355\263\367\352\215\346"
 475      5EDDFC9F 
 475      C9EDB3F7 
 475      EA8DE6
 476 1108 74795BD2 		.ascii	"ty[\322p\321\257\216\261\244G~\366\241\345\363ah\236"
 476      70D1AF8E 
 476      B1A4477E 
 476      F6A1E5F3 
 476      61689E
 477 111b E44AC17E 		.ascii	"\344J\301~9dD\312\237\207\016O\215H\313Hv\271\034\366"
 477      396444CA 
 477      9F870E4F 
 477      8D48CB48 
 477      76B91CF6 
 478 112f B41C97E4 		.ascii	"\264\034\227\344\214N\363v\276\3116\033fE'O\234j\203"
 478      8C4EF376 
ARM GAS  /tmp/ccz1sHMg.s 			page 38


 478      BEC9361B 
 478      6645274F 
 478      9C6A83
 479 1142 E6D7C3C6 		.ascii	"\346\327\303\306\372+\226l\035\375o\312\371\253\031"
 479      FA2B966C 
 479      1DFD6FCA 
 479      F9AB19
 480 1151 8F68A5DC 		.ascii	"\217h\245\334\347\201o\264\267\363\353\026[\257J\242"
 480      E7816FB4 
 480      B7F3EB16 
 480      5BAF4AA2 
 481 1161 637BAB55 		.ascii	"c{\253U\234\267wk\035\351\355\342\222\002T\223\301\203"
 481      9CB7776B 
 481      1DE9EDE2 
 481      92025493 
 481      C183
 482 1173 86E0ADA1 		.ascii	"\206\340\255\241\375\007\015\371\300\257\212\266\316"
 482      FD070DF9 
 482      C0AF8AB6 
 482      CE
 483 1180 EEED40DF 		.ascii	"\356\355@\337\375{\330{\264J\213\375qbK\214)\251\311"
 483      FD7BD87B 
 483      B44A8BFD 
 483      71624B8C 
 483      29A9C9
 484 1193 A903FCCC 		.ascii	"\251\003\374\314m\235\027;\352w\376\016\336\377\005"
 484      6D9D173B 
 484      EA77FE0E 
 484      DEFF05
 485 11a2 626A999E 		.ascii	"bj\231\236"
 486              		.text
 487              		.section	.gnu.lto_.symtab.ad94129c2406159d,"e",%progbits
 488 0000 5F75785F 		.ascii	"_ux_device_class_cdc_acm_ioctl\000"
 488      64657669 
 488      63655F63 
 488      6C617373 
 488      5F636463 
 489 001f 00       		.ascii	"\000"
 490 0020 00       		.ascii	"\000"
 491 0021 00       		.ascii	"\000"
 492 0022 00000000 		.ascii	"\000\000\000\000\000\000\000\000"
 492      00000000 
 493 002a 86010000 		.ascii	"\206\001\000\000"
 494 002e 5F757865 		.ascii	"_uxe_device_class_cdc_acm_ioctl\000"
 494      5F646576 
 494      6963655F 
 494      636C6173 
 494      735F6364 
 495 004e 00       		.ascii	"\000"
 496 004f 00       		.ascii	"\000"
 497 0050 00       		.ascii	"\000"
 498 0051 00000000 		.ascii	"\000\000\000\000\000\000\000\000"
 498      00000000 
 499 0059 88010000 		.ascii	"\210\001\000\000"
 500 005d 5F75785F 		.ascii	"_ux_system_error_handler\000"
 500      73797374 
 500      656D5F65 
ARM GAS  /tmp/ccz1sHMg.s 			page 39


 500      72726F72 
 500      5F68616E 
 501 0076 00       		.ascii	"\000"
 502 0077 02       		.ascii	"\002"
 503 0078 00       		.ascii	"\000"
 504 0079 00000000 		.ascii	"\000\000\000\000\000\000\000\000"
 504      00000000 
 505 0081 8E010000 		.ascii	"\216\001\000\000"
 506 0085 5F75785F 		.ascii	"_ux_device_stack_transfer_abort\000"
 506      64657669 
 506      63655F73 
 506      7461636B 
 506      5F747261 
 507 00a5 00       		.ascii	"\000"
 508 00a6 02       		.ascii	"\002"
 509 00a7 00       		.ascii	"\000"
 510 00a8 00000000 		.ascii	"\000\000\000\000\000\000\000\000"
 510      00000000 
 511 00b0 95010000 		.ascii	"\225\001\000\000"
 512              		.text
 513              		.section	.gnu.lto_.ext_symtab.ad94129c2406159d,"e",%progbits
 514 0000 01       		.ascii	"\001"
 515 0001 01       		.ascii	"\001"
 516 0002 00       		.ascii	"\000"
 517 0003 01       		.ascii	"\001"
 518 0004 00       		.ascii	"\000"
 519 0005 01       		.ascii	"\001"
 520 0006 00       		.ascii	"\000"
 521 0007 01       		.ascii	"\001"
 522 0008 00       		.ascii	"\000"
 523              		.text
 524              		.section	.gnu.lto_.opts,"e",%progbits
 525 0000 272D666E 		.ascii	"'-fno-openmp' '-fno-openacc' '-fno-pie' '-fcf-prote"
 525      6F2D6F70 
 525      656E6D70 
 525      2720272D 
 525      666E6F2D 
 526 0033 6374696F 		.ascii	"ction=none' '-mcpu=cortex-m33' '-mthumb' '-mfpu=fpv"
 526      6E3D6E6F 
 526      6E652720 
 526      272D6D63 
 526      70753D63 
 527 0066 342D7370 		.ascii	"4-sp-d16' '-mfloat-abi=hard' '-mlibarch=armv8-m.mai"
 527      2D643136 
 527      2720272D 
 527      6D666C6F 
 527      61742D61 
 528 0099 6E2B6473 		.ascii	"n+dsp+fp' '-march=armv8-m.main+dsp+fp' '-Os' '-flto"
 528      702B6670 
 528      2720272D 
 528      6D617263 
 528      683D6172 
 529 00cc 2720272D 		.ascii	"' '-fdata-sections' '-ffunction-sections' '-Xassemb"
 529      66646174 
 529      612D7365 
 529      6374696F 
 529      6E732720 
ARM GAS  /tmp/ccz1sHMg.s 			page 40


 530 00ff 6C657227 		.ascii	"ler' '-a' '-Xassembler' '-ad' '-Xassembler' '-alms="
 530      20272D61 
 530      2720272D 
 530      58617373 
 530      656D626C 
 531 0132 6275696C 		.ascii	"build/../sdk/stm32/STM32_USBX_Library/common/usbx_d"
 531      642F2E2E 
 531      2F73646B 
 531      2F73746D 
 531      33322F53 
 532 0165 65766963 		.ascii	"evice_classes/src/ux_device_class_cdc_acm_ioctl.lst"
 532      655F636C 
 532      61737365 
 532      732F7372 
 532      632F7578 
 533 0198 2700     		.ascii	"'\000"
 534              		.text
 535              		.comm	__gnu_lto_slim,1,1
 536              		.ident	"GCC: (15:10.3-2021.07-4) 10.3.1 20210621 (release)"
ARM GAS  /tmp/ccz1sHMg.s 			page 41


DEFINED SYMBOLS
                            *ABS*:0000000000000000 ux_device_class_cdc_acm_ioctl.c
                            *COM*:0000000000000001 __gnu_lto_slim

NO UNDEFINED SYMBOLS
