ARM GAS  /tmp/ccD9hCjh.s 			page 1


   1              		.cpu cortex-m33
   2              		.eabi_attribute 27, 1
   3              		.eabi_attribute 28, 1
   4              		.eabi_attribute 20, 1
   5              		.eabi_attribute 21, 1
   6              		.eabi_attribute 23, 3
   7              		.eabi_attribute 24, 1
   8              		.eabi_attribute 25, 1
   9              		.eabi_attribute 26, 1
  10              		.eabi_attribute 30, 4
  11              		.eabi_attribute 34, 1
  12              		.eabi_attribute 18, 4
  13              		.file	"ux_device_class_cdc_acm_deactivate.c"
  14              		.text
  15              		.section	.text._ux_device_class_cdc_acm_deactivate,"ax",%progbits
  16              		.align	1
  17              		.global	_ux_device_class_cdc_acm_deactivate
  18              		.arch armv8-m.main
  19              		.arch_extension dsp
  20              		.syntax unified
  21              		.thumb
  22              		.thumb_func
  23              		.fpu fpv4-sp-d16
  25              	_ux_device_class_cdc_acm_deactivate:
  26              		@ args = 0, pretend = 0, frame = 0
  27              		@ frame_needed = 0, uses_anonymous_args = 0
  28 0000 38B5     		push	{r3, r4, r5, lr}
  29 0002 036A     		ldr	r3, [r0, #32]
  30 0004 2621     		movs	r1, #38
  31 0006 9C6C     		ldr	r4, [r3, #72]
  32 0008 2368     		ldr	r3, [r4]
  33 000a D869     		ldr	r0, [r3, #28]
  34 000c 90F90E30 		ldrsb	r3, [r0, #14]
  35 0010 4569     		ldr	r5, [r0, #20]
  36 0012 002B     		cmp	r3, #0
  37 0014 A2BF     		ittt	ge
  38 0016 0346     		movge	r3, r0
  39 0018 2846     		movge	r0, r5
  40 001a 1D46     		movge	r5, r3
  41 001c FFF7FEFF 		bl	_ux_device_stack_transfer_all_request_abort
  42 0020 2621     		movs	r1, #38
  43 0022 2846     		mov	r0, r5
  44 0024 FFF7FEFF 		bl	_ux_device_stack_transfer_all_request_abort
  45 0028 0022     		movs	r2, #0
  46 002a 0721     		movs	r1, #7
  47 002c 2046     		mov	r0, r4
  48 002e FFF7FEFF 		bl	_ux_device_class_cdc_acm_ioctl
  49 0032 A368     		ldr	r3, [r4, #8]
  50 0034 0BB1     		cbz	r3, .L3
  51 0036 2046     		mov	r0, r4
  52 0038 9847     		blx	r3
  53              	.L3:
  54 003a 0020     		movs	r0, #0
  55 003c 84F84B00 		strb	r0, [r4, #75]
  56 0040 84F84C00 		strb	r0, [r4, #76]
  57 0044 38BD     		pop	{r3, r4, r5, pc}
  59              		.ident	"GCC: (15:10.3-2021.07-4) 10.3.1 20210621 (release)"
ARM GAS  /tmp/ccD9hCjh.s 			page 2


ARM GAS  /tmp/ccD9hCjh.s 			page 3


DEFINED SYMBOLS
                            *ABS*:0000000000000000 ux_device_class_cdc_acm_deactivate.c
     /tmp/ccD9hCjh.s:16     .text._ux_device_class_cdc_acm_deactivate:0000000000000000 $t
     /tmp/ccD9hCjh.s:25     .text._ux_device_class_cdc_acm_deactivate:0000000000000000 _ux_device_class_cdc_acm_deactivate

UNDEFINED SYMBOLS
_ux_device_stack_transfer_all_request_abort
_ux_device_class_cdc_acm_ioctl
