ARM GAS  /tmp/cc2HHloI.s 			page 1


   1              		.cpu cortex-m33
   2              		.eabi_attribute 27, 1
   3              		.eabi_attribute 28, 1
   4              		.eabi_attribute 20, 1
   5              		.eabi_attribute 21, 1
   6              		.eabi_attribute 23, 3
   7              		.eabi_attribute 24, 1
   8              		.eabi_attribute 25, 1
   9              		.eabi_attribute 26, 1
  10              		.eabi_attribute 30, 4
  11              		.eabi_attribute 34, 1
  12              		.eabi_attribute 18, 4
  13              		.file	"ux_device_class_cdc_acm_entry.c"
  14              		.text
  15              		.section	.text._ux_device_class_cdc_acm_entry,"ax",%progbits
  16              		.align	1
  17              		.global	_ux_device_class_cdc_acm_entry
  18              		.arch armv8-m.main
  19              		.arch_extension dsp
  20              		.syntax unified
  21              		.thumb
  22              		.thumb_func
  23              		.fpu fpv4-sp-d16
  25              	_ux_device_class_cdc_acm_entry:
  26              		@ args = 0, pretend = 0, frame = 0
  27              		@ frame_needed = 0, uses_anonymous_args = 0
  28              		@ link register save eliminated.
  29 0000 0368     		ldr	r3, [r0]
  30 0002 013B     		subs	r3, r3, #1
  31 0004 062B     		cmp	r3, #6
  32 0006 15D8     		bhi	.L10
  33 0008 DFE803F0 		tbb	[pc, r3]
  34              	.L4:
  35 000c 08       		.byte	(.L9-.L4)/2
  36 000d 0E       		.byte	(.L8-.L4)/2
  37 000e 10       		.byte	(.L7-.L4)/2
  38 000f 12       		.byte	(.L6-.L4)/2
  39 0010 04       		.byte	(.L5-.L4)/2
  40 0011 14       		.byte	(.L10-.L4)/2
  41 0012 06       		.byte	(.L3-.L4)/2
  42 0013 00       		.p2align 1
  43              	.L5:
  44 0014 FFF7FEBF 		b	_ux_device_class_cdc_acm_initialize
  45              	.L3:
  46 0018 FFF7FEBF 		b	_ux_device_class_cdc_acm_uninitialize
  47              	.L9:
  48 001c 4369     		ldr	r3, [r0, #20]
  49 001e 0A2B     		cmp	r3, #10
  50 0020 0CBF     		ite	eq
  51 0022 0020     		moveq	r0, #0
  52 0024 5720     		movne	r0, #87
  53 0026 7047     		bx	lr
  54              	.L8:
  55 0028 FFF7FEBF 		b	_ux_device_class_cdc_acm_activate
  56              	.L7:
  57 002c FFF7FEBF 		b	_ux_device_class_cdc_acm_deactivate
  58              	.L6:
ARM GAS  /tmp/cc2HHloI.s 			page 2


  59 0030 FFF7FEBF 		b	_ux_device_class_cdc_acm_control_request
  60              	.L10:
  61 0034 5420     		movs	r0, #84
  62 0036 7047     		bx	lr
  64              		.ident	"GCC: (15:10.3-2021.07-4) 10.3.1 20210621 (release)"
ARM GAS  /tmp/cc2HHloI.s 			page 3


DEFINED SYMBOLS
                            *ABS*:0000000000000000 ux_device_class_cdc_acm_entry.c
     /tmp/cc2HHloI.s:16     .text._ux_device_class_cdc_acm_entry:0000000000000000 $t
     /tmp/cc2HHloI.s:25     .text._ux_device_class_cdc_acm_entry:0000000000000000 _ux_device_class_cdc_acm_entry
     /tmp/cc2HHloI.s:35     .text._ux_device_class_cdc_acm_entry:000000000000000c $d
     /tmp/cc2HHloI.s:42     .text._ux_device_class_cdc_acm_entry:0000000000000013 $d
     /tmp/cc2HHloI.s:42     .text._ux_device_class_cdc_acm_entry:0000000000000014 $t

UNDEFINED SYMBOLS
_ux_device_class_cdc_acm_initialize
_ux_device_class_cdc_acm_uninitialize
_ux_device_class_cdc_acm_activate
_ux_device_class_cdc_acm_deactivate
_ux_device_class_cdc_acm_control_request
