ARM GAS  /tmp/cc2v1sob.s 			page 1


   1              		.cpu cortex-m33
   2              		.eabi_attribute 27, 1
   3              		.eabi_attribute 28, 1
   4              		.eabi_attribute 20, 1
   5              		.eabi_attribute 21, 1
   6              		.eabi_attribute 23, 3
   7              		.eabi_attribute 24, 1
   8              		.eabi_attribute 25, 1
   9              		.eabi_attribute 26, 1
  10              		.eabi_attribute 30, 4
  11              		.eabi_attribute 34, 1
  12              		.eabi_attribute 18, 4
  13              		.file	"ux_device_class_cdc_acm_unitialize.c"
  14              		.section	.gnu.lto_.profile.517a63eb6dbb0f9b,"e",%progbits
  15 0000 789C6362 		.ascii	"x\234cb\000\001\000\000\022\000\003"
  15      00010000 
  15      120003
  16              		.text
  17              		.section	.gnu.lto_.icf.517a63eb6dbb0f9b,"e",%progbits
  18 0000 789CE360 		.ascii	"x\234\343`@\000F\206i\213\027\334ad\000\000\014\205"
  18      40004686 
  18      698B17DC 
  18      61640000 
  18      0C85
  19 0012 02C0     		.ascii	"\002\300"
  20              		.text
  21              		.section	.gnu.lto_.ipa_sra.517a63eb6dbb0f9b,"e",%progbits
  22 0000 789C9360 		.ascii	"x\234\223`@\000F\006F\306%\314\014K\230\031\025X\030"
  22      40004606 
  22      46C625CC 
  22      0C4B9819 
  22      155818
  23 0013 5958D898 		.ascii	"YX\330\230\031\031\301\242\000\036\244\001\244"
  23      1919C1A2 
  23      001EA401 
  23      A4
  24              		.text
  25              		.section	.gnu.lto_.inline.517a63eb6dbb0f9b,"e",%progbits
  26 0000 789CF361 		.ascii	"x\234\363a@\000F\006\006\316\273;f\377aJcdd`\\\302\314"
  26      40004606 
  26      06CEBB3B 
  26      66FF614A 
  26      63646460 
  27 0017 C0C0DCC0 		.ascii	"\300\300\334\300\304\300\302\326\000\004\314)\014\014"
  27      C4C0C2D6 
  27      0004CC29 
  27      0C0C
  28 0025 6006530A 		.ascii	"`\006S\012\023\003\023\003#\230\231\004\224\205\263"
  28      13031303 
  28      23989904 
  28      9485B3
  29 0034 19588046 		.ascii	"\031X\200F0q\203\314\231\340\307\000\000\263\014\017"
  29      307183CC 
  29      99E0C700 
  29      00B30C0F 
  30 0044 BD       		.ascii	"\275"
  31              		.text
ARM GAS  /tmp/cc2v1sob.s 			page 2


  32              		.section	.gnu.lto_.jmpfuncs.517a63eb6dbb0f9b,"e",%progbits
  33 0000 789C9366 		.ascii	"x\234\223f@\000F\006FF\306\372%\314LL@\366\001\026F"
  33      40004606 
  33      4646C6FA 
  33      25CC4C4C 
  33      40F60116 
  34 0015 0620FE0F 		.ascii	"\006 \376\017\004\374\014\014\000F\035\006\340"
  34      04FC0C0C 
  34      00461D06 
  34      E0
  35              		.text
  36              		.section	.gnu.lto_.pureconst.517a63eb6dbb0f9b,"e",%progbits
  37 0000 789C6361 		.ascii	"x\234ca```d\230\311\002\000\001b\000\243"
  37      60606064 
  37      98C90200 
  37      016200A3 
  38              		.text
  39              		.section	.gnu.lto_.lto.517a63eb6dbb0f9b,"e",%progbits
  40 0000 09000400 		.ascii	"\011\000\004\000\001\000\000\000"
  40      01000000 
  41              		.text
  42              		.section	.gnu.lto__ux_device_class_cdc_acm_uninitialize.3.517a63eb6dbb0f9b,"e",%progbits
  43 0000 789C5D90 		.ascii	"x\234]\220Mh\023Q\020\307g\336\333m\332\252\305\243"
  43      4D681351 
  43      10C767DE 
  43      DB6DDAAA 
  43      C5A3
  44 0012 20852288 		.ascii	" \205\"\210xH^mQ\257\342Q\364T\005o\313v7\302\222l\262"
  44      78485E6D 
  44      51AFE251 
  44      F454056F 
  44      CB7637C2 
  45 0029 64377E5D 		.ascii	"d7~]\372\322\006\204\372\221\246z3F,\213\326\223\012"
  45      FAD20684 
  45      FA91A67A 
  45      33462C8B 
  45      D6930A
  46 003c A6B65A6D 		.ascii	"\246\266Zm\264\010R/\352E\274H\265H\350E\253'\005A\347"
  46      B408522F 
  46      EA45BC48 
  46      B548E845 
  46      AB270541 
  47 0051 6D62DA7A 		.ascii	"mb\332zXv\337\354\357\367\1773\323@\200Y\0008B\017\352"
  47      5876DFEC 
  47      EFF77F33 
  47      D3408059 
  47      0038420F 
  48 0066 8093E571 		.ascii	"\200\223\345q\006R\312C1\306\306\312\027\031>\305\327"
  48      0652CA43 
  48      31C6C6CA 
  48      17193EC5 
  48      D7
  49 0077 B72ABBB4 		.ascii	"\267*\273\264b\271\247\366q\245W\343x\255MhX(\217\277"
  49      62B9A7F6 
  49      71A557E3 
  49      78AD4D68 
  49      58288FBF 
ARM GAS  /tmp/cc2v1sob.s 			page 3


  50 008b BF3BA311 		.ascii	"\277;\243\021\024\025\020F\030\327p\004\257\362\012"
  50      14151046 
  50      18D77004 
  50      AFF20A
  51 009a C7491E72 		.ascii	"\307I\036r@\255\365\205\330\267\267.\345\317\227\325"
  51      40ADF585 
  51      D8B7B72E 
  51      E5CF97D5 
  52 00aa F915AC4C 		.ascii	"\371\025\254L\327\265\2203\250\022PC|HM\000\020\310"
  52      D7B59033 
  52      A8125043 
  52      7C484D00 
  52      10C8
  53 00bc 6F22EC21 		.ascii	"o\"\354!\352\315\345\261\013r;!\034\037\341\006\210"
  53      EACDE5B1 
  53      0B723B21 
  53      1C1FE106 
  53      88
  54 00cd 0A2DF00E 		.ascii	"\012-\360\016\252\327nb\327^-\226z&\012\235!\335<\207"
  54      AAD76E62 
  54      D75E2D96 
  54      7A260A9D 
  54      21DD3C87 
  55 00e1 9B1223F2 		.ascii	"\233\022#\362A\233\274\277\240R\213}!\327\361\311\177"
  55      419BBCBF 
  55      A0528B7D 
  55      21D7F1C9 
  55      7F
  56 00f2 6407E03C 		.ascii	"d\007\340<\342cT-\251U\000\260f\341\336;\275.\177\377"
  56      E263542D 
  56      A95500B0 
  56      66E1DE3B 
  56      BD2E7FFF 
  57 0106 2949F96D 		.ascii	")I\371m\347\247\231\356\030\0152\213\032\320\037])\000"
  57      E7A799EE 
  57      180D328B 
  57      1AD01F5D 
  57      2900
  58 0118 25AEB621 		.ascii	"%\256\266!5\224u\200\011\316\232\207\002\035\276\342"
  58      35947580 
  58      09CE9A87 
  58      021DBEE2 
  59 0128 E8FCAF2F 		.ascii	"\350\374\257/\337\371\024\377\267\004\036\365r[mk\272"
  59      DFF914FF 
  59      B7041EF5 
  59      725B6D6B 
  59      BA
  60 0139 37E41D53 		.ascii	"7\344\035STy\206\320Og\352?\206\013x#\272^\231s\215"
  60      547986D0 
  60      4F67EA3F 
  60      860B7823 
  60      BA5E9973 
  61 014e B764EA2D 		.ascii	"\267d\352-S\333`\036\010y'e\342\363\266\331\205/\310"
  61      53DB601E 
  61      08792765 
  61      E2F3B6D9 
  61      852FC8
ARM GAS  /tmp/cc2v1sob.s 			page 4


  62 0161 5493AC62 		.ascii	"T\223\254bqu\261qe\007\231J\323\233\323Q_\374\303\245"
  62      7175B171 
  62      6507994A 
  62      D39BD351 
  62      5FFCC3A5 
  63 0175 CF6516F5 		.ascii	"\317e\026\365\265\206\305\345\353K[\241\210,\344\335"
  63      B586C5E5 
  63      EB4B5BA1 
  63      882CE4DD 
  64 0185 55E5111E 		.ascii	"U\345\021\036\362-\021\250\255\017\360\003G\227kK\333"
  64      F22D11A8 
  64      AD0FF003 
  64      47976B4B 
  64      DB
  65 0196 54106B06 		.ascii	"T\020k\006\2258\256\017\013pP\270\231@X\"p=a;^:\353"
  65      9538AE0F 
  65      0B7050B8 
  65      99405822 
  65      703D613B 
  66 01ad A64C11E4 		.ascii	"\246L\021\344\262\236c\365\357\213\373\201;8\220\337"
  66      B29E63F5 
  66      EF8BFB81 
  66      3B3890DF 
  67 01bd 1FCFFBC3 		.ascii	"\037\317\373\303q;y:\345\004\361Sg\204\351y`'\022\302"
  67      713B793A 
  67      E504F153 
  67      6784E979 
  67      602712C2 
  68 01d1 B7532222 		.ascii	"\267S\"\"\304\320\361c\203\003\306\211\241\303'\215"
  68      C4D0F163 
  68      8303C689 
  68      A1C3278D 
  69 01e1 A3CE70CE 		.ascii	"\243\316p\316\314\235\023V\326u\263\031A\346Y\203T\307"
  69      CC9D1356 
  69      D675B319 
  69      41E65983 
  69      54C7
  70 01f3 4A1A56DA 		.ascii	"J\032V\332\364\375\244/\374\234%\362\233\253\206e[\206"
  70      F4FDA42F 
  70      FC9C25F2 
  70      9BAB8665 
  70      5B86
  71 0205 69B9463E 		.ascii	"i\271F>\343\004\216\231v\316'\023\026\304T\210\231\261"
  71      E3048E99 
  71      76CE2713 
  71      16C45488 
  71      99B1
  72 0217 BB9A8C17 		.ascii	"\273\232\214\027\344b-\356/\217O\342)"
  72      E4622DEE 
  72      2F8F4FE2 
  72      29
  73              		.text
  74              		.section	.gnu.lto_.symbol_nodes.517a63eb6dbb0f9b,"e",%progbits
  75 0000 789C7361 		.ascii	"x\234sa\000\002&\346z\206\006 `a\234p\216\201\241\236"
  75      000226E6 
  75      7A860620 
  75      60619C70 
ARM GAS  /tmp/cc2v1sob.s 			page 5


  75      8E81A19E 
  76 0014 81615743 		.ascii	"\201aWC##\003#H\212\201\221\245\236\361?\024\310\203"
  76      23230323 
  76      488A8191 
  76      A59EF13F 
  76      14C883
  77 0027 E519406A 		.ascii	"\345\031@jA\222\314\014\2147{\036Mdblad\000\000\323"
  77      4192CC0C 
  77      8C377B1E 
  77      4D64626C 
  77      61640000 
  78 003c 721548   		.ascii	"r\025H"
  79              		.text
  80              		.section	.gnu.lto_.refs.517a63eb6dbb0f9b,"e",%progbits
  81 0000 789C6364 		.ascii	"x\234cd\000\002\000\000\012\000\002"
  81      00020000 
  81      0A0002
  82              		.text
  83              		.section	.gnu.lto_.decls.517a63eb6dbb0f9b,"e",%progbits
  84 0000 789CBD58 		.ascii	"x\234\275X{t\024\325\031\277\337\275\233d\263\254$B"
  84      7B7414D5 
  84      19BFDFBD 
  84      9B64B3AC 
  84      2442
  85 0012 78B445CC 		.ascii	"x\264E\314A-\251\232,$\247\325\236\323\036I#\332\036"
  85      412DA99A 
  85      2C24A7D5 
  85      9ED31E49 
  85      23DA1E
  86 0025 013D403C 		.ascii	"\001=@<\332\177\266\233\235I\330Cv7\356\003\265\377"
  86      DA7FB69B 
  86      9D49D843 
  86      7637EE03 
  86      B5FF
  87 0037 742051B0 		.ascii	"t Q\260H\201(\030\015hDi\010\005M\220\360T\014!\220"
  87      48812818 
  87      0D684469 
  87      08054D90 
  87      F0540C21 
  88 004c F00E6FA2 		.ascii	"\360\016o\242 \217\004\314\213\207\022\344m\372\315"
  88      208F04CC 
  88      8B8712E4 
  88      6DFACD
  89 005b DCD99DD9 		.ascii	"\334\331\235\331\0356\361\264=\235\223;3w\356\357\376"
  89      1D36F1B4 
  89      3D9D933B 
  89      3377EEEF 
  89      FE
  90 006c BEE7BDF7 		.ascii	"\276\347\275\367\333l\275\227\220\374DB\312\010!\275"
  90      DB6CBD97 
  90      90FC4442 
  90      CA0821BD 
  91 007c 78517C1E 		.ascii	"xQ|\036\300\306\260]\301\326\203m\030\020\345\222\307"
  91      C0C6B05D 
  91      C1D6836D 
  91      1810E592 
  91      C7
ARM GAS  /tmp/cc2v1sob.s 			page 6


  92 008d EEC7F707 		.ascii	"\356\307\367\007\324\276\376z\002\007\255\370\034\204"
  92      D4BEFE7A 
  92      0207ADF8 
  92      1C84
  93 009b 2D05DB5E 		.ascii	"-\005\333^u\336/\261\025a\033\012\234\357!|\026\340"
  93      75DE2FB1 
  93      15611B0A 
  93      9CEF217C 
  93      16E0
  94 00ad F3497C8E 		.ascii	"\363I|\216\002\316\231\214\317\316~\370K\031\014\002"
  94      02CE998C 
  94      CFCE7EF8 
  94      4B190C02 
  95 00bd 13DE5320 		.ascii	"\023\336S Uy?M\030%\354\027\304&)\327\331\277\021\330"
  95      55793F4D 
  95      1825EC17 
  95      C42629D7 
  95      D9BF11D8 
  96 00d1 A0CE6373 		.ascii	"\240\316cs\200\2243\332\271p\305\274\001\203\371p\235"
  96      809433DA 
  96      B970C5BC 
  96      0183F970 
  96      9D
  97 00e2 32049B00 		.ascii	"2\004\233\0006\003l\224;\010\370\360\372\332\317,\326"
  97      36036C94 
  97      3B08F8F0 
  97      FADACF2C 
  97      D6
  98 00f3 3A49BA2C 		.ascii	":I\272,U\324\233\344\221Z\200\2658\010\237\203*\361"
  98      55D49BE4 
  98      915A80B5 
  98      38089F83 
  98      2AF1
  99 0105 3861CB40 		.ascii	"8a\313@~\035\015\262w\222\2247\302v(\002\346m*>2\300"
  99      7E1D0DB2 
  99      77929437 
  99      C2762802 
  99      E66D2A3E 
 100 011b A2CCAF2B 		.ascii	"\242\314\257+I$\352l\330\012\210\331\010P\007\360%\260"
 100      4924EA6C 
 100      D80A88D9 
 100      085007F0 
 100      25B0
 101 012d 3DC0999A 		.ascii	"=\300\231\232\011\353\306\231\363\251<\263\343zIW\222"
 101      09EBC699 
 101      F3A93CB3 
 101      E37A4957 
 101      92
 102 013e 49D6A800 		.ascii	"I\326\250\000\274\3120ULK\306\373\213aI/\"~\225\202"
 102      BCCA3055 
 102      4C4BC6FB 
 102      8B61492F 
 102      227E9582 
 103 0152 7F6753E9 		.ascii	"\177gS\351\301\004\243\244=\200\030\224\264\033`\027"
 103      C104A3A4 
 103      3D801894 
 103      B41B6017 
ARM GAS  /tmp/cc2v1sob.s 			page 7


 104 0162 206CEF9C 		.ascii	" l\357\234\346\303q\303\320\334nIJ\201\275\000;\001"
 104      E6C371C3 
 104      D0DC6E49 
 104      4A81BD00 
 104      3B01
 105 0174 9A647BF6 		.ascii	"\232d{\366!\270\021\024\243\033\244\216\335T3z\237f"
 105      21B81114 
 105      A31BA48E 
 105      DD54337A 
 105      9F66
 106 0186 F4FE90D1 		.ascii	"\364\376\220\321M\204\325\240o\033)\357\326\021v\012"
 106      4D84D5A0 
 106      6F1B29EF 
 106      D611760A 
 107 0196 BB77144D 		.ascii	"\273w\024M\032~x\357\000\213t\352\021\200\243\232S\273"
 107      1A7E78EF 
 107      008B74EA 
 107      1180A39A 
 107      53BB
 108 01a8 DEED7C3B 		.ascii	"\336\355|;A\343?\252\361\037\343\012\034^\263k\250b"
 108      41E33FAA 
 108      F11FE30A 
 108      1C5EB36B 
 108      A862
 109 01ba FA31002F 		.ascii	"\3721\000/\366?8\272\250\331z7\245[P\351\343|\316\342"
 109      F63F38BA 
 109      A8D97A37 
 109      A55B50E9 
 109      E37CCEE2 
 110 01ce BDB7AB98 		.ascii	"\275\267\253\230F\332\242\221~\2057V\316\210\342>\311"
 110      46DAA291 
 110      7E853756 
 110      CE88E23E 
 110      C9
 111 01df C46A1857 		.ascii	"\304j\030W\372\011\234\365\345\236m'\315\026I\365\032"
 111      FA099CF5 
 111      E59E6D27 
 111      CD1649F5 
 111      1A
 112 01f0 7E0C4D3A 		.ascii	"~\014M:\205\3146\370\006\0209\002z\371\203\260\355L"
 112      85CC36F8 
 112      06103902 
 112      7AF983B0 
 112      ED4C
 113 0202 1675A8AD 		.ascii	"\026u\250\255\246&Ivu\273T?\223\021\310\2021\004\316"
 113      A6264976 
 113      75BB543F 
 113      9311C882 
 113      3104CE
 114 0215 0222D0D1 		.ascii	"\002\"\320\321g\000N\313\216^\264\360\263U\326A\310"
 114      67004ECB 
 114      8E5EB4F0 
 114      B355D641 
 114      C8
 115 0226 5C22497F 		.ascii	"\\\"I\177\201V\200\023\000\207d\3466P\330\011\333\255"
 115      81568013 
 115      008764E6 
ARM GAS  /tmp/cc2v1sob.s 			page 8


 115      3650D809 
 115      DBAD
 116 0238 EAD1C635 		.ascii	"\352\321\3065\253\210/gC\253n\356Y2\340A\345\032,\337"
 116      AB882F67 
 116      43AB6EEE 
 116      5932E041 
 116      E51A2CDF 
 117 024c 70FEF5B7 		.ascii	"p\376\365\267N\235(K\353\250\332-I\247\245x\234\016"
 117      4E9D284B 
 117      EBA8DA2D 
 117      49A7A578 
 117      9C0E
 118 025e 27012E6A 		.ascii	"'\001.j|6lc\211l\370\373K\2778\003R\351\030\264\030"
 118      7C366C63 
 118      896CF8FB 
 118      4BBF3803 
 118      52E918B4 
 119 0273 0E2B9890 		.ascii	"\016+\230\2205\012\260\026\024\324\007K7rT\001\034\214"
 119      350AB016 
 119      14D4074B 
 119      37725401 
 119      1C8C
 120 0285 00354398 		.ascii	"\0005C\230i\303\322Z\216\251\007\330\026\001\372\"\014"
 120      69C3D25A 
 120      8EA907D8 
 120      1601FA22 
 120      0C
 121 0296 AA5EBAF4 		.ascii	"\252^\272\364\245&L`\014\307\327Fa\234g\205&\353\200"
 121      A5264C60 
 121      0CC7D746 
 121      619C6785 
 121      26EB80
 122 02a9 51162AC4 		.ascii	"Q\026*\304\375Sg\"\360-\300y\364\3149\005\206~l\007"
 122      FD536722 
 122      F02DC079 
 122      F4CC3905 
 122      867E6C07 
 123 02bd E806E800 		.ascii	"\350\006\350\000\350\004\270\000p\031\340{\200.\200"
 123      E804B800 
 123      7019E07B 
 123      802E80
 124 02cc EF002EC9 		.ascii	"\357\000.\311y$k\260\231k\3609\300\372\010\366u\232"
 124      79246BB0 
 124      996BF039 
 124      C0FA08F6 
 124      759A
 125 02de 06AB433E 		.ascii	"\006\253C>\331\017\260#\002\324\240\2016\352\314\335"
 125      D90FB023 
 125      02D4A081 
 125      36EACCDD 
 126 02ee 62345775 		.ascii	"b4Wu\334\247\2321\333\215L\265\312z\257;Su\321\244e"
 126      DCA79A31 
 126      DB8D4CB5 
 126      CA7AAF3B 
 126      5375D1A4 
 127 0303 A10E7485 		.ascii	"\241\016t\205\247\351\307\255sV\353\322\364\212\006"
 127      A7E9C7AD 
ARM GAS  /tmp/cc2v1sob.s 			page 9


 127      7356EBD2 
 127      F48A06
 128 0312 E809ADAD 		.ascii	"\350\011\255\2554\345\236\312\016\231\010\3531\311\223"
 128      34E59ECA 
 128      0E9908EB 
 128      31C993
 129 0321 B67DBF77 		.ascii	"\266}\277w\256%rE\241\237nh+\252\267\346\312v\035\353"
 129      AE257245 
 129      A19F6E68 
 129      2BAAB7E6 
 129      CA761DEB 
 130 0335 0D8DF566 		.ascii	"\015\215\365f\210u8[\024GXm\034\357%\263#\330\373^\355"
 130      8875385B 
 130      1447586D 
 130      1CEF25B3 
 130      23D8FB5E 
 131 034a 99D9BC78 		.ascii	"\231\331\274x\302V`\333\211\2553\236\177}TI\313\323"
 131      C25660DB 
 131      89AD339E 
 131      7F7D5449 
 131      CBD3
 132 035c 94BD9180 		.ascii	"\224\275\221\2002\206\257k[},\221g%\277\344\010t\227"
 132      3286AF6B 
 132      5B7D2C91 
 132      6725BFE4 
 132      087497
 133 036f 2B112880 		.ascii	"+\021(\200b\012\177\247a\2513\251\342[-\272\263)\274"
 133      620A7FA7 
 133      61A933A9 
 133      E25B2DBA 
 133      B329BC
 134 0382 4E957D00 		.ascii	"N\225}\000Q\030\335\267)\314\247\360\006\205y\024\336"
 134      5118DDB7 
 134      29CCA7F0 
 134      06857914 
 134      DE
 135 0393 A2F02685 		.ascii	"\242\360&\205R\012\013),\2400\227\302?\250\032\340\333"
 135      520A0B29 
 135      2CA03097 
 135      C23FA81A 
 135      E0DB
 136 03a5 21FA6BA0 		.ascii	"!\372k\240\247\377A\027\225K\345j\3540\017{#P?j\250"
 136      A7FF4117 
 136      954BE56A 
 136      EC300F7B 
 136      23503F6A 
 137 03ba EA0BE5A1 		.ascii	"\352\013\345\241\\\235eTTe\272S\036\216\357\234\010"
 137      5C9D6554 
 137      5465BA53 
 137      1E8EEF9C 
 137      08
 138 03cb D0552DE7 		.ascii	"\320U-\347\273B\012\225D l\232\244[\034q\023\340\272"
 138      BB420A95 
 138      44206C9A 
 138      A45B1C71 
 138      13E0BA
 139 03de 51679E6E 		.ascii	"Qg\236n7t*\337\216\000\335\322\251|=\254\362\035#\206"
ARM GAS  /tmp/cc2v1sob.s 			page 10


 139      37742ADF 
 139      8E00DDD2 
 139      A97C3DAC 
 139      F21D2386 
 140 03f2 6B73310C 		.ascii	"ks1\014\221\250\301r\016\351\014C^3h<\0267q9\264\364"
 140      91A8C172 
 140      0EE90C43 
 140      5E33683C 
 140      16377139 
 141 0408 F6BC4BD7 		.ascii	"\366\274K\327\224c02Z\213\350O\217\026\262\264^\232"
 141      94633032 
 141      5A8BE84F 
 141      8F16B2B4 
 141      5E9A
 142 041a BF47776C 		.ascii	"\277Gwl,\326\204\275C\025@\311\207g\033L\347\200P\374"
 142      2CD684BD 
 142      431540C9 
 142      87671B4C 
 142      E78050FC 
 143 042e 661200E0 		.ascii	"f\022\000\340\370o\360f!\177f$E\242\022\215\027\030"
 143      F86FF066 
 143      217F6624 
 143      45A2128D 
 143      1718
 144 0440 B5300B13 		.ascii	"\2650\013\023,M02\255\207\2153\323\264$\213y\3056H\266"
 144      2C4D3032 
 144      AD878D33 
 144      D3B4248B 
 144      79C53648 
 145 0455 C499296D 		.ascii	"\304\231)mO\020,i7a\025\255\210O\035'\231\2047\207\264"
 145      4F102C69 
 145      376115AD 
 145      884F1D27 
 145      99843787 
 146 046a 274874C1 		.ascii	"'Ht\301\244\224\254qxoOh\002\001g=g2'\343[{\202\245"
 146      A494AC71 
 146      786F4F68 
 146      0201673D 
 146      673227E3 
 147 0482 8755CC8B 		.ascii	"\207U\314\213\027\366\3229\243\361\264\260\010\231)"
 147      17F6D239 
 147      A3F1B4B0 
 147      089929
 148 0491 68E138B3 		.ascii	"h\3418\263ydR=\253gO\021b6W\1772\304\322\236\220\204"
 148      7964523D 
 148      AB674F11 
 148      6236577F 
 148      32C4D29E 
 149 04a7 1469426A 		.ascii	"\024iBj\262\220\232\324\004q\202`II#\250\204\220\231"
 149      B2909AD4 
 149      04718260 
 149      494923A8 
 149      849099
 150 04ba 398E5A90 		.ascii	"9\216Z\220\331dn\202L\006\326L\351L\3270\013X\022G\246"
 150      D9646E82 
 150      4C06D64C 
 150      E94CD730 
ARM GAS  /tmp/cc2v1sob.s 			page 11


 150      0B581247 
 151 04cf A6112290 		.ascii	"\246\021\"\220\247(\362\262\336\320\005\011(S\320\272"
 151      A728F2B2 
 151      DED00509 
 151      2853D0BA 
 152 04df 0069169A 		.ascii	"\000i\026\232I\3313\355\011X\270\320TB$\223\331j\005"
 152      49D933ED 
 152      0958B8D0 
 152      54422493 
 152      D96A05
 153 04f2 091F89F6 		.ascii	"\011\037\211\366g\204\3472-\244=\201\342P\212I\016\240"
 153      6784E732 
 153      2DA43D81 
 153      E2508A49 
 153      0EA0
 154 0504 36D3124F 		.ascii	"6\323\022O\302\365\215\354?\002\362\037\277\021\271"
 154      C2F58DEC 
 154      3F02F21F 
 154      BF11B9
 155 0513 43F45294 		.ascii	"C\364R\224\3572\022\375\252\240\011\011}\015?\324w\016"
 155      EF3212FD 
 155      AAA00909 
 155      7D0D3FD4 
 155      770E
 156 0525 E03C3424 		.ascii	"\340<4$\000BB\210:\252#\327tP\365\010\361\204\344\350"
 156      00424288 
 156      3AAA23D7 
 156      7450F508 
 156      F184E4E8 
 157 0539 74D474C5 		.ascii	"t\324t\305\010s!T?G\231\027\241\270FI\302\264Dg8\317"
 157      08732154 
 157      3F479917 
 157      A1B84649 
 157      C2B44467 
 158 054f ABB557B7 		.ascii	"\253\265W\267\324Z\317\243\333\244\323\267\017\\K\200"
 158      D45ACFA3 
 158      DBA4D3B7 
 158      0F5C4B80 
 159 055f 810BC611 		.ascii	"\201\013\306\021`\035J\346^\373\350\344l\032\2713b\326"
 159      601D4AE6 
 159      5EFBE8E4 
 159      6C1AB933 
 159      62D6
 160 0571 EA6A8DF3 		.ascii	"\352j\215\363\373\273Ku;c\271\226\224KxRv\226\177\334"
 160      FBBB4B75 
 160      3B63B996 
 160      944B7852 
 160      76967FDC 
 161 0585 13A7141B 		.ascii	"\023\247\024\033K\250RltV\226\214\270[\255\361>\032"
 161      4BA8526C 
 161      7456968C 
 161      B85BADF1 
 161      3E1A
 162 0597 B394CF59 		.ascii	"\263\224\317Y\323\375\303\331\201\243\312\312\244\353"
 162      D3FDC3D9 
 162      81A3CACA 
 162      A4EB
ARM GAS  /tmp/cc2v1sob.s 			page 12


 163 05a5 5B966D5D 		.ascii	"[\226m]?b\211T7\013'\230\020\002\357Q.\232\340\033\201"
 163      3F628954 
 163      370B2798 
 163      1002EF51 
 163      2E9AE01B 
 164 05ba 77299461 		.ascii	"w)\224a]\324c6Tt\330\277\325\266\266\230\206%M\013\013"
 164      5DD46336 
 164      5474D8BF 
 164      D5B6B698 
 164      86254D0B 
 165 05cf 5A86133F 		.ascii	"Z\206\023?\344\202\326\237x\355\203{F\225a\021\260a"
 165      E482D69F 
 165      78ED837B 
 165      46956111 
 165      B061
 166 05e1 E577B569 		.ascii	"\345w\265i\365\305\025i8\014\025a!\025J\024\331\256"
 166      F5C51569 
 166      380C1561 
 166      21154A14 
 166      D9AE
 167 05f3 4419DD56 		.ascii	"D\031\335V\266i\247U\267\214\325#\365c\372\023\217T"
 167      B669A755 
 167      B78CD523 
 167      F563FA13 
 167      8F54
 168 0605 A458DDB3 		.ascii	"\244X\335\263\341`\222\346\256\345\232\273\376I\011"
 168      E16092E6 
 168      AEE59ABB 
 168      FE4909
 169 0614 AF53F8F1 		.ascii	"\257S\370\361\304\224\367\341\254%\221\260^l\313-X\035"
 169      C494F7E1 
 169      AC2591B0 
 169      5E6CCB2D 
 169      581D
 170 0626 616BC556 		.ascii	"ak\305V<\200\260\217\006\360C\344q\326\210\275n\265"
 170      3C80B08F 
 170      06F043E4 
 170      71D688BD 
 170      6EB5
 171 0638 3786955B 		.ascii	"7\206\225[e1;\272\346\257\031\250\211i\325\035\335("
 171      65313BBA 
 171      E6AF19A8 
 171      8969D51D 
 171      DD28
 172 064a 86D55971 		.ascii	"\206\325Yq\012\266\305\367\020\326\200\255\035\333\334"
 172      0AB6C5F7 
 172      10D680AD 
 172      1DDBDC
 173 0659 8184ADC3 		.ascii	"\201\204\255\303\326\212ma\022\247\263\362\023\012\217"
 173      D68A6D61 
 173      12A7B3F2 
 173      130A8F
 174 0668 B524C28E 		.ascii	"\265$\302\216&){\314?^\373&^c^\246\031\320 3\317L&l"
 174      26297BCC 
 174      3F5EFB26 
 174      5E635EA6 
 174      19D02033 
ARM GAS  /tmp/cc2v1sob.s 			page 13


 175 0680 25B683C9 		.ascii	"%\266\203\311\0106\037\231uxk\234\\i!\376zOe\351\325"
 175      08361F99 
 175      75786B9C 
 175      5C6921FE 
 175      7A4F65E9 
 176 0695 DF6D2B96 		.ascii	"\337m+\226\344\355\262\201\3026\012\273\356\272\301"
 176      E4EDB281 
 176      C2360ABB 
 176      EEBAC1
 177 06a4 AF9C3D5B 		.ascii	"\257\234=[J.\261\312\230\306\010\214\341\320\333J\241"
 177      4A2EB1CA 
 177      98C6088C 
 177      E1D0DB4A 
 177      A1
 178 06b5 0E63B943 		.ascii	"\016c\271CA\31158\356\027\024v\206\016\267\025\032\321"
 178      41C93538 
 178      EE171476 
 178      860EB715 
 178      1AD1
 179 06c7 768330DC 		.ascii	"v\2030\334\233\017\337+\033T\263\374\243Y\211\203\015"
 179      9B0FDF2B 
 179      1B54B3FC 
 179      A3598983 
 179      0D
 180 06d8 A47BEE42 		.ascii	"\244{\356B\312\256\336\213>\033$\317Z~a\327\334\250"
 180      CAAEDE8B 
 180      3E1B24CF 
 180      5A7E61D7 
 180      DCA8
 181 06ea 1A7C3FD5 		.ascii	"\032|?\325\377\260\231]Y\254\333\253\2335\341\007d7"
 181      FFB0995D 
 181      59ACDBAB 
 181      9B35E107 
 181      6437
 182 06fc 550D52AB 		.ascii	"U\015R\253\3458\326\250\360U\266|\265\234\336\255N>"
 182      E538D6A8 
 182      F055B67C 
 182      B59CDEAD 
 182      4E3E
 183 070e 42E53AB9 		.ascii	"B\345:\271I\256x\233{\317U$\352+\336*\012+d\237\034"
 183      49AE789B 
 183      7BCF5524 
 183      EA2BDE2A 
 183      0A2B649F 
 184 0723 A50A0E79 		.ascii	"\245\012\016y2\276{\253\264\304\372\240\376\032\254"
 184      32BE7BAB 
 184      B4C4FAA0 
 184      FE1AAC
 185 0732 AF272E77 		.ascii	"\257'.wT.\036\270`&\223\013\261\365\024\3324\265\326"
 185      542E1EB8 
 185      6026930B 
 185      B1F514DA 
 185      34B5D6
 186 0745 D2F09176 		.ascii	"\322\360\221vC\365\033b>\215\300\350\252\334\352\233"
 186      43F51B62 
 186      3E8DC0E8 
 186      AADCEA9B 
ARM GAS  /tmp/cc2v1sob.s 			page 14


 187 0755 8DAF4BC9 		.ascii	"\215\257K\3113\255\262\032\237( \271H\327\327\270\325"
 187      33ADB21A 
 187      9F2820B9 
 187      48D7D7B8 
 187      D5
 188 0766 2D1ACDE7 		.ascii	"-\032\315\347\0214\241C\030-\251\356\255\224\024\232"
 188      1134A143 
 188      182DA9EE 
 188      AD94149A 
 189 0776 A3140E2B 		.ascii	"\243\024\016+\240\220M\012Q%\345\307\260\312\204\233"
 189      A0904D0A 
 189      5125E5C7 
 189      B0CA849B 
 190 0786 45B55121 		.ascii	"E\265Q!.\255[\223\366Y\004\246F3\254]\303l\210\300\\"
 190      2EAD5B93 
 190      F65904A6 
 190      4633AC5D 
 190      C36C88C0 
 191 079b D557329A 		.ascii	"\325W2\232\2605F\"\025tB\003m\212\000\351*\247\352\375"
 191      B0354622 
 191      15744203 
 191      6D8A00E9 
 191      2AA7EAFD 
 192 07af 9AB82D11 		.ascii	"\232\270-\021 }\341tG\363\343\277\242\375X\305\315\277"
 192      207DE174 
 192      47F3E3BF 
 192      A2FD58C5 
 192      CDBF
 193 07c1 A5415647 		.ascii	"\245AVGC\262t\313\341\020\225+e8\250"
 193      43B274CB 
 193      E110952B 
 193      6538A8
 194 07d0 603073CF 		.ascii	"`0s\317Q\370\226B\027\2053\024\332)|E\341\002\305r\023"
 194      51F89642 
 194      17853314 
 194      DA297C45 
 194      E102C572 
 195 07e5 3A287C43 		.ascii	":(|C\341\030\205\363\024NR8E\341\004\205\343\024Z(\264"
 195      E11885F3 
 195      144E5238 
 195      45E10485 
 195      E3145A28 
 196 07fa 52E8A670 		.ascii	"R\350\246p\226B'\205\257\325utyS#\317\231\003\024\366"
 196      96422785 
 196      AFD57574 
 196      795323CF 
 196      990314F6 
 197 080e 45D811FE 		.ascii	"E\330\021\376eT\335\245\232\272\016\007\215i\305c}y"
 197      6554DDA5 
 197      9ABA0E07 
 197      8D69C563 
 197      7D79
 198 0820 73E5F332 		.ascii	"s\345\3632\315^\012\365\012\206\257\264\210\265\177"
 198      CD5E0AF5 
 198      0A86AFB4 
 198      88B57F
 199 082f 5C73D917 		.ascii	"\\s\331\027\306\234\341\262Ni\230\215\306(r\314\217"
ARM GAS  /tmp/cc2v1sob.s 			page 15


 199      C69CE1B2 
 199      4E69988D 
 199      C62872CC 
 199      8F
 200 0840 9ACB5646 		.ascii	"\232\313VF\273L\255F\367\251V\241\312_\032\243\303\013"
 200      BB4CAD46 
 200      F7A956A1 
 200      CA5F1AA3 
 200      C30B
 201 0852 C9DB958B 		.ascii	"\311\333\225\213\357\251\226\230L\263*\232f'\327\370"
 201      EFA99698 
 201      4CB32A9A 
 201      6627D7F8 
 202 0862 6B2D1336 		.ascii	"k-\0236\0333\001w\231fe}7l\277\265\\\177t\250\261\272"
 202      1B330177 
 202      9966657D 
 202      376CBFB5 
 202      5C7F74A8 
 203 0878 F8BF8C15 		.ascii	"\370\277\214\025\212i\331\334\271Q\367\357\224K\232"
 203      8A69D9DC 
 203      B951F7EF 
 203      944B9A
 204 0887 3A9765C4 		.ascii	":\227e\304\360\340+v\177\241c\206hw\026:\374~\273\313"
 204      F0E02B76 
 204      7FA16386 
 204      6877163A 
 204      FC7EBBCB 
 205 089b 13107DF9 		.ascii	"\023\020}\371\016\247\350\314\310\260\371\205\3516\177"
 205      0EA7E8CC 
 205      C8B0F985 
 205      E9367F
 206 08aa C09D9569 		.ascii	"\300\235\225i\2332ubV\246=w\312\037^\260Op\345\371\034"
 206      9B327562 
 206      56A63D77 
 206      CA1F5EB0 
 206      4F70E5F9 
 207 08bf BE576D4E 		.ascii	"\276WmN\257\333\355\365\330\202\376\274W\354\2028\303"
 207      AFDBEDF5 
 207      D882FEBC 
 207      57EC8238 
 207      C3
 208 08d0 E5542944 		.ascii	"\345T)D\277\315\357s\332\202\221_\355N\301iw8\335\366"
 208      BFCDEF73 
 208      DA82915F 
 208      ED4EC169 
 208      7738DDF6 
 209 08e4 A0C71570 		.ascii	"\240\307\025p9\012]\177\0253\234\346\247'\345\246\346"
 209      390A5D7F 
 209      15339CE6 
 209      A727E5A6 
 209      E6
 210 08f5 8C7D8CFC 		.ascii	"\214}\214\374,\367\005\373\224\011\331\317\217\267\377"
 210      2CF705FB 
 210      9409D9CF 
 210      8FB7FF
 211 0904 69D2D4F1 		.ascii	"i\322\324\361\223\237\312\316\031o\2372urn\316\324\007"
 211      939FCACE 
ARM GAS  /tmp/cc2v1sob.s 			page 16


 211      196F9F32 
 211      75726ECE 
 211      D407
 212 0916 A2F4737A 		.ascii	"\242\364sz=\371\256\202\240\317\021py=vO\320\235'\372"
 212      3DF9AE82 
 212      A0CF1170 
 212      793D764F 
 212      D09D27FA 
 213 092a E272273C 		.ascii	"\342r'<;\351\351\373cY\242\242F\305\034/r\370\034n\021"
 213      3BE9E9FB 
 213      6359A2A2 
 213      46C51C2F 
 213      72F81C6E 
 214 093f 7B23A220 		.ascii	"{#\242 \001\207\177\272=?\350q\312\302L\271\250\333"
 214      01877FBA 
 214      3D3FE871 
 214      CAC24CB9 
 214      A8DB
 215 0951 9068750A 		.ascii	"\220hu\012]\242'0\314@\355\0178<N\361\276\250\357\010"
 215      5DA22730 
 215      CC40ED0F 
 215      383C4EF1 
 215      BEA8EF08 
 216 0965 F5BD1A26 		.ascii	"\365\275\032&\274/lt\316\204\354)S\3549\317N\234\230"
 216      BC2F6C74 
 216      CE84EC29 
 216      53EC39CF 
 216      4E9C98
 217 0978 3DE949D5 		.ascii	"=\351I\325\360hI\310\030\010\372\007G}\365\240\342q"
 217      F06849C8 
 217      1808FA07 
 217      477DF5A0 
 217      E271
 218 098a B9397FCC 		.ascii	"\2719\177\314\236<$\212\215\263<fs{\0026\247-\340.\262"
 218      9E3C248A 
 218      8DB33C66 
 218      737B0236 
 218      A72DE02E 
 219 099f 09AEA242 		.ascii	"\011\256\242B\257{\272\303\026\360y\213\\\3161c\323"
 219      AF7BBAC3 
 219      16F0798B 
 219      5CCE3163 
 219      D3
 220 09b0 95D8067F 		.ascii	"\225\330\006\177\235\2161L\307`Mw\005\322\363_\2669"
 220      9D8E314C 
 220      C7604D77 
 220      05D2F35F 
 220      B639
 221 09c2 8A8AC86F 		.ascii	"\212\212\310o\177b\364\235^\237hsy\224p;\212\\\031\323"
 221      7F62F49D 
 221      5E9F6873 
 221      7994703B 
 221      8A5C19D3 
 222 09d6 48AA2160 		.ascii	"H\252!`n\267\303#hN\216\005\340\275\242\200/:\220a\006"
 222      6EB7C323 
 222      684E8E05 
 222      E0BDA280 
ARM GAS  /tmp/cc2v1sob.s 			page 17


 222      2F3A9061 
 223 09eb 9F37E075 		.ascii	"\2377\340uz\013c\215\373\203y\312\207\350(F\010\370"
 223      7A0B638D 
 223      FB8379CA 
 223      87E82846 
 223      08F8
 224 09fd 798CC119 		.ascii	"y\214\301\031.!\326P\221K\210\245s8\207b\032\345\365"
 224      2E21D650 
 224      914B88A5 
 224      73388762 
 224      1AE5F5
 225 0a10 041C2E8F 		.ascii	"\004\034.\217\350\033\031\003\340\023_\012\212\376\300"
 225      E81B1903 
 225      E0135F0A 
 225      8AFEC0
 226 0a1f E8FE04A8 		.ascii	"\350\376\004\250I<\364\3569\223\342\360\271g<\236\356"
 226      493CF4EE 
 226      3993E2F0 
 226      B9673C9E 
 226      EE
 227 0a30 CE70A3B0 		.ascii	"\316p\243\260G\004\177\321#\371Ed\000\006' \276\222"
 227      47047FD1 
 227      23F94564 
 227      00062720 
 227      BE92
 228 0a42 EECECA22 		.ascii	"\356\316\312\"\017\331\373X\217\341\025)\374\037\326"
 228      0FD9FB58 
 228      8FE11529 
 228      FC1FD6
 229 0a51 3C1926AB 		.ascii	"<\031&\253\022\014\270\012]\201W\355n\321\355\225\227"
 229      120CB80A 
 229      5D8157ED 
 229      6ED1ED95 
 229      97
 230 0a62 844F147F 		.ascii	"\204O\024\177\377\037\244\234J\203i70\3221\017E\373"
 230      FF1FA49C 
 230      4A836937 
 230      30D2310F 
 230      45FB
 231 0a74 53D54470 		.ascii	"S\325Dp\004\034v_\200/'\261O\224\020\360q\224!\337\364"
 231      041C765F 
 231      802F27B1 
 231      4F9410F0 
 231      719421DF 
 232 0a89 A83C5720 		.ascii	"\250<W z\225\207\3061\343Q\267X\263\375\001o\221<;\326"
 232      7A9587C6 
 232      31E351B7 
 232      58B3FD01 
 232      6F913C3B 
 233 0a9e 789E2328 		.ascii	"x\236#(\340.'>\020\313\251/#\273\3105|\260\177L\320"
 233      E02E273E 
 233      10CBA92F 
 233      23BBC835 
 233      7CB07F4C 
 234 0ab3 9FD13748 		.ascii	"\237\3217HMDQ\260\027\212\236\202\300\264~8\363\202"
 234      4D4451B0 
 234      178A9E82 
ARM GAS  /tmp/cc2v1sob.s 			page 18


 234      C0B47E38 
 234      F382
 235 0ac5 F9F9A2EF 		.ascii	"\371\371\242\357\221\276A\016g \350(T\011\177\3257v"
 235      91BE410E 
 235      6720E828 
 235      54097FD5 
 235      3776
 236 0ad7 9AD71F50 		.ascii	"\232\327\037P\221\351}#\003>\207\307\217\302UtL\007"
 236      91E97D23 
 236      033E87C7 
 236      8FC25574 
 236      4C07
 237 0ae9 F94487A0 		.ascii	"\371D\207\240\332>\252_\214\370p\237\220\010K\036\355"
 237      DA3EAA5F 
 237      8CF8709F 
 237      90084B1E 
 237      ED
 238 0afa 131AA55E 		.ascii	"\023\032\245^Lc\024p\264\327\3736\206;\335\260\327h"
 238      4C631470 
 238      B4D7FB36 
 238      863BDDB0 
 238      D768
 239 0b0c F9C677D8 		.ascii	"\371\306w\330\207c\000B\307\022J@{\\3\320\352\264\376"
 239      87630042 
 239      C7124A40 
 239      7B5C33D0 
 239      EAB4FE
 240 0b1f A021E0E8 		.ascii	"\240!\340\350\350\215\347\311\034{v\316D\373s\331\223"
 240      E88DE7C9 
 240      1C7B76CE 
 240      44FB73D9 
 240      93
 241 0b30 B3278EC7 		.ascii	"\263'\216\3073[=p\014\033Y\264rv\3474\207\247@|\361"
 241      335B3D70 
 241      0C1B59B4 
 241      7276E734 
 241      87A7407C 
 242 0b45 BFD86AD4 		.ascii	"\277\330j\324\305\1777?\311\007P\177\232\306\362_x\257"
 242      C57F373F 
 242      C907507F 
 242      9AC6F25F 
 242      78AF
 243 0b57 1D64AC46 		.ascii	"\035d\254F\014g\265J\312\2156\373D\277\350\233!\012"
 243      0C67B54A 
 243      CA8D36FB 
 243      44BFE89B 
 243      210A
 244 0b69 86ED99C3 		.ascii	"\206\355\231\303\376\015yK\241C"
 244      FE0D794B 
 244      A143
 245              		.text
 246              		.section	.gnu.lto_.symtab.517a63eb6dbb0f9b,"e",%progbits
 247 0000 5F75785F 		.ascii	"_ux_device_class_cdc_acm_uninitialize\000"
 247      64657669 
 247      63655F63 
 247      6C617373 
 247      5F636463 
ARM GAS  /tmp/cc2v1sob.s 			page 19


 248 0026 00       		.ascii	"\000"
 249 0027 00       		.ascii	"\000"
 250 0028 00       		.ascii	"\000"
 251 0029 00000000 		.ascii	"\000\000\000\000\000\000\000\000"
 251      00000000 
 252 0031 1F010000 		.ascii	"\037\001\000\000"
 253 0035 5F75785F 		.ascii	"_ux_utility_memory_free\000"
 253      7574696C 
 253      6974795F 
 253      6D656D6F 
 253      72795F66 
 254 004d 00       		.ascii	"\000"
 255 004e 02       		.ascii	"\002"
 256 004f 00       		.ascii	"\000"
 257 0050 00000000 		.ascii	"\000\000\000\000\000\000\000\000"
 257      00000000 
 258 0058 23010000 		.ascii	"#\001\000\000"
 259              		.text
 260              		.section	.gnu.lto_.ext_symtab.517a63eb6dbb0f9b,"e",%progbits
 261 0000 01       		.ascii	"\001"
 262 0001 01       		.ascii	"\001"
 263 0002 00       		.ascii	"\000"
 264 0003 01       		.ascii	"\001"
 265 0004 00       		.ascii	"\000"
 266              		.text
 267              		.section	.gnu.lto_.opts,"e",%progbits
 268 0000 272D666E 		.ascii	"'-fno-openmp' '-fno-openacc' '-fno-pie' '-fcf-prote"
 268      6F2D6F70 
 268      656E6D70 
 268      2720272D 
 268      666E6F2D 
 269 0033 6374696F 		.ascii	"ction=none' '-mcpu=cortex-m33' '-mthumb' '-mfpu=fpv"
 269      6E3D6E6F 
 269      6E652720 
 269      272D6D63 
 269      70753D63 
 270 0066 342D7370 		.ascii	"4-sp-d16' '-mfloat-abi=hard' '-mlibarch=armv8-m.mai"
 270      2D643136 
 270      2720272D 
 270      6D666C6F 
 270      61742D61 
 271 0099 6E2B6473 		.ascii	"n+dsp+fp' '-march=armv8-m.main+dsp+fp' '-Os' '-flto"
 271      702B6670 
 271      2720272D 
 271      6D617263 
 271      683D6172 
 272 00cc 2720272D 		.ascii	"' '-fdata-sections' '-ffunction-sections' '-Xassemb"
 272      66646174 
 272      612D7365 
 272      6374696F 
 272      6E732720 
 273 00ff 6C657227 		.ascii	"ler' '-a' '-Xassembler' '-ad' '-Xassembler' '-alms="
 273      20272D61 
 273      2720272D 
 273      58617373 
 273      656D626C 
 274 0132 6275696C 		.ascii	"build/../sdk/stm32/STM32_USBX_Library/common/usbx_d"
ARM GAS  /tmp/cc2v1sob.s 			page 20


 274      642F2E2E 
 274      2F73646B 
 274      2F73746D 
 274      33322F53 
 275 0165 65766963 		.ascii	"evice_classes/src/ux_device_class_cdc_acm_unitializ"
 275      655F636C 
 275      61737365 
 275      732F7372 
 275      632F7578 
 276 0198 652E6C73 		.ascii	"e.lst'\000"
 276      742700
 277              		.text
 278              		.comm	__gnu_lto_slim,1,1
 279              		.ident	"GCC: (15:10.3-2021.07-4) 10.3.1 20210621 (release)"
ARM GAS  /tmp/cc2v1sob.s 			page 21


DEFINED SYMBOLS
                            *ABS*:0000000000000000 ux_device_class_cdc_acm_unitialize.c
                            *COM*:0000000000000001 __gnu_lto_slim

NO UNDEFINED SYMBOLS
