ARM GAS  /tmp/ccnLOAgq.s 			page 1


   1              		.cpu cortex-m33
   2              		.eabi_attribute 27, 1
   3              		.eabi_attribute 28, 1
   4              		.eabi_attribute 20, 1
   5              		.eabi_attribute 21, 1
   6              		.eabi_attribute 23, 3
   7              		.eabi_attribute 24, 1
   8              		.eabi_attribute 25, 1
   9              		.eabi_attribute 26, 1
  10              		.eabi_attribute 30, 4
  11              		.eabi_attribute 34, 1
  12              		.eabi_attribute 18, 4
  13              		.file	"ux_device_class_cdc_acm_read_run.c"
  14              		.text
  15              		.section	.text._ux_device_class_cdc_acm_read_run,"ax",%progbits
  16              		.align	1
  17              		.global	_ux_device_class_cdc_acm_read_run
  18              		.arch armv8-m.main
  19              		.arch_extension dsp
  20              		.syntax unified
  21              		.thumb
  22              		.thumb_func
  23              		.fpu fpv4-sp-d16
  25              	_ux_device_class_cdc_acm_read_run:
  26              		@ args = 0, pretend = 0, frame = 0
  27              		@ frame_needed = 0, uses_anonymous_args = 0
  28 0000 2DE9F041 		push	{r4, r5, r6, r7, r8, lr}
  29 0004 9846     		mov	r8, r3
  30 0006 344B     		ldr	r3, .L20
  31 0008 0446     		mov	r4, r0
  32 000a 1B68     		ldr	r3, [r3]
  33 000c 5E6A     		ldr	r6, [r3, #36]
  34 000e 032E     		cmp	r6, #3
  35 0010 0AD0     		beq	.L2
  36 0012 5122     		movs	r2, #81
  37 0014 0721     		movs	r1, #7
  38 0016 0220     		movs	r0, #2
  39 0018 FFF7FEFF 		bl	_ux_system_error_handler
  40 001c 0023     		movs	r3, #0
  41 001e 2362     		str	r3, [r4, #32]
  42 0020 5123     		movs	r3, #81
  43              	.L18:
  44 0022 0126     		movs	r6, #1
  45 0024 6362     		str	r3, [r4, #36]
  46 0026 1DE0     		b	.L1
  47              	.L2:
  48 0028 0368     		ldr	r3, [r0]
  49 002a DD69     		ldr	r5, [r3, #28]
  50 002c 95F90E30 		ldrsb	r3, [r5, #14]
  51 0030 002B     		cmp	r3, #0
  52 0032 036A     		ldr	r3, [r0, #32]
  53 0034 B8BF     		it	lt
  54 0036 6D69     		ldrlt	r5, [r5, #20]
  55 0038 212B     		cmp	r3, #33
  56 003a 0AD0     		beq	.L5
  57 003c 222B     		cmp	r3, #34
  58 003e 1DD0     		beq	.L6
ARM GAS  /tmp/ccnLOAgq.s 			page 2


  59 0040 002B     		cmp	r3, #0
  60 0042 45D1     		bne	.L7
  61 0044 2127     		movs	r7, #33
  62 0046 2220     		movs	r0, #34
  63 0048 C4E90412 		strd	r1, r2, [r4, #16]
  64 004c C4E90870 		strd	r7, r0, [r4, #32]
  65 0050 E361     		str	r3, [r4, #28]
  66              	.L5:
  67 0052 E369     		ldr	r3, [r4, #28]
  68 0054 6269     		ldr	r2, [r4, #20]
  69 0056 D21A     		subs	r2, r2, r3
  70 0058 07D1     		bne	.L8
  71 005a C8F80030 		str	r3, [r8]
  72 005e C4E90822 		strd	r2, r2, [r4, #32]
  73              	.L19:
  74 0062 0426     		movs	r6, #4
  75              	.L1:
  76 0064 3046     		mov	r0, r6
  77 0066 BDE8F081 		pop	{r4, r5, r6, r7, r8, pc}
  78              	.L8:
  79 006a 2B8A     		ldrh	r3, [r5, #16]
  80 006c 9342     		cmp	r3, r2
  81 006e 94BF     		ite	ls
  82 0070 A361     		strls	r3, [r4, #24]
  83 0072 A261     		strhi	r2, [r4, #24]
  84 0074 2223     		movs	r3, #34
  85 0076 2362     		str	r3, [r4, #32]
  86 0078 0023     		movs	r3, #0
  87 007a 2B65     		str	r3, [r5, #80]
  88              	.L6:
  89 007c A269     		ldr	r2, [r4, #24]
  90 007e 05F12000 		add	r0, r5, #32
  91 0082 1146     		mov	r1, r2
  92 0084 FFF7FEFF 		bl	_ux_device_stack_transfer_run
  93 0088 0328     		cmp	r0, #3
  94 008a 04D8     		bhi	.L9
  95 008c 0023     		movs	r3, #0
  96 008e 2362     		str	r3, [r4, #32]
  97 0090 6B6C     		ldr	r3, [r5, #68]
  98 0092 6362     		str	r3, [r4, #36]
  99 0094 E6E7     		b	.L1
 100              	.L9:
 101 0096 0428     		cmp	r0, #4
 102 0098 18D1     		bne	.L11
 103 009a A269     		ldr	r2, [r4, #24]
 104 009c E96A     		ldr	r1, [r5, #44]
 105 009e 2069     		ldr	r0, [r4, #16]
 106 00a0 FFF7FEFF 		bl	_ux_utility_memory_copy
 107 00a4 AA6B     		ldr	r2, [r5, #56]
 108 00a6 2369     		ldr	r3, [r4, #16]
 109 00a8 1344     		add	r3, r3, r2
 110 00aa 2361     		str	r3, [r4, #16]
 111 00ac E369     		ldr	r3, [r4, #28]
 112 00ae 1A44     		add	r2, r2, r3
 113 00b0 6B6C     		ldr	r3, [r5, #68]
 114 00b2 E261     		str	r2, [r4, #28]
 115 00b4 6362     		str	r3, [r4, #36]
ARM GAS  /tmp/ccnLOAgq.s 			page 3


 116 00b6 C8F80020 		str	r2, [r8]
 117 00ba D5E90D32 		ldrd	r3, r2, [r5, #52]
 118 00be 9A42     		cmp	r2, r3
 119 00c0 02D2     		bcs	.L10
 120 00c2 0023     		movs	r3, #0
 121 00c4 2362     		str	r3, [r4, #32]
 122 00c6 CCE7     		b	.L19
 123              	.L10:
 124 00c8 2123     		movs	r3, #33
 125 00ca 2362     		str	r3, [r4, #32]
 126              	.L11:
 127 00cc 0526     		movs	r6, #5
 128 00ce C9E7     		b	.L1
 129              	.L7:
 130 00d0 0023     		movs	r3, #0
 131 00d2 0362     		str	r3, [r0, #32]
 132 00d4 FB23     		movs	r3, #251
 133 00d6 A4E7     		b	.L18
 134              	.L21:
 135              		.align	2
 136              	.L20:
 137 00d8 00000000 		.word	_ux_system_slave
 139              		.section	.text._uxe_device_class_cdc_acm_read_run,"ax",%progbits
 140              		.align	1
 141              		.global	_uxe_device_class_cdc_acm_read_run
 142              		.syntax unified
 143              		.thumb
 144              		.thumb_func
 145              		.fpu fpv4-sp-d16
 147              	_uxe_device_class_cdc_acm_read_run:
 148              		@ args = 0, pretend = 0, frame = 0
 149              		@ frame_needed = 0, uses_anonymous_args = 0
 150              		@ link register save eliminated.
 151 0000 20B1     		cbz	r0, .L22
 152 0002 01B9     		cbnz	r1, .L24
 153 0004 12B9     		cbnz	r2, .L22
 154              	.L24:
 155 0006 0BB1     		cbz	r3, .L22
 156 0008 FFF7FEBF 		b	_ux_device_class_cdc_acm_read_run
 157              	.L22:
 158 000c 0320     		movs	r0, #3
 159 000e 7047     		bx	lr
 161              		.ident	"GCC: (15:10.3-2021.07-4) 10.3.1 20210621 (release)"
ARM GAS  /tmp/ccnLOAgq.s 			page 4


DEFINED SYMBOLS
                            *ABS*:0000000000000000 ux_device_class_cdc_acm_read_run.c
     /tmp/ccnLOAgq.s:16     .text._ux_device_class_cdc_acm_read_run:0000000000000000 $t
     /tmp/ccnLOAgq.s:25     .text._ux_device_class_cdc_acm_read_run:0000000000000000 _ux_device_class_cdc_acm_read_run
     /tmp/ccnLOAgq.s:137    .text._ux_device_class_cdc_acm_read_run:00000000000000d8 $d
     /tmp/ccnLOAgq.s:140    .text._uxe_device_class_cdc_acm_read_run:0000000000000000 $t
     /tmp/ccnLOAgq.s:147    .text._uxe_device_class_cdc_acm_read_run:0000000000000000 _uxe_device_class_cdc_acm_read_run

UNDEFINED SYMBOLS
_ux_system_error_handler
_ux_device_stack_transfer_run
_ux_utility_memory_copy
_ux_system_slave
