ARM GAS  /tmp/ccDxTgk8.s 			page 1


   1              		.cpu cortex-m33
   2              		.eabi_attribute 27, 1
   3              		.eabi_attribute 28, 1
   4              		.eabi_attribute 20, 1
   5              		.eabi_attribute 21, 1
   6              		.eabi_attribute 23, 3
   7              		.eabi_attribute 24, 1
   8              		.eabi_attribute 25, 1
   9              		.eabi_attribute 26, 1
  10              		.eabi_attribute 30, 4
  11              		.eabi_attribute 34, 1
  12              		.eabi_attribute 18, 4
  13              		.file	"ux_device_class_cdc_acm_write_run.c"
  14              		.text
  15              		.section	.text._ux_device_class_cdc_acm_write_run,"ax",%progbits
  16              		.align	1
  17              		.global	_ux_device_class_cdc_acm_write_run
  18              		.arch armv8-m.main
  19              		.arch_extension dsp
  20              		.syntax unified
  21              		.thumb
  22              		.thumb_func
  23              		.fpu fpv4-sp-d16
  25              	_ux_device_class_cdc_acm_write_run:
  26              		@ args = 0, pretend = 0, frame = 0
  27              		@ frame_needed = 0, uses_anonymous_args = 0
  28 0000 F8B5     		push	{r3, r4, r5, r6, r7, lr}
  29 0002 1F46     		mov	r7, r3
  30 0004 394B     		ldr	r3, .L20
  31 0006 0446     		mov	r4, r0
  32 0008 1B68     		ldr	r3, [r3]
  33 000a 5E6A     		ldr	r6, [r3, #36]
  34 000c 032E     		cmp	r6, #3
  35 000e 0BD0     		beq	.L2
  36 0010 5122     		movs	r2, #81
  37 0012 0721     		movs	r1, #7
  38 0014 0220     		movs	r0, #2
  39 0016 FFF7FEFF 		bl	_ux_system_error_handler
  40 001a 5123     		movs	r3, #81
  41 001c 4FF0000E 		mov	lr, #0
  42 0020 C4E90F3E 		strd	r3, lr, [r4, #60]
  43              	.L18:
  44 0024 0126     		movs	r6, #1
  45 0026 24E0     		b	.L1
  46              	.L2:
  47 0028 0368     		ldr	r3, [r0]
  48 002a DD69     		ldr	r5, [r3, #28]
  49 002c 95F90E30 		ldrsb	r3, [r5, #14]
  50 0030 002B     		cmp	r3, #0
  51 0032 036C     		ldr	r3, [r0, #64]
  52 0034 A8BF     		it	ge
  53 0036 6D69     		ldrge	r5, [r5, #20]
  54 0038 212B     		cmp	r3, #33
  55 003a 1CD0     		beq	.L13
  56 003c 222B     		cmp	r3, #34
  57 003e 2BD0     		beq	.L6
  58 0040 002B     		cmp	r3, #0
ARM GAS  /tmp/ccDxTgk8.s 			page 2


  59 0042 4FD1     		bne	.L7
  60 0044 2220     		movs	r0, #34
  61 0046 4FF0210C 		mov	ip, #33
  62 004a C4E90D12 		strd	r1, r2, [r4, #52]
  63 004e 2363     		str	r3, [r4, #48]
  64 0050 B2FA82F2 		clz	r2, r2
  65 0054 4FF40073 		mov	r3, #512
  66 0058 C4E90F0C 		strd	r0, ip, [r4, #60]
  67 005c E362     		str	r3, [r4, #44]
  68 005e 5209     		lsrs	r2, r2, #5
  69              	.L5:
  70 0060 216B     		ldr	r1, [r4, #48]
  71 0062 A36B     		ldr	r3, [r4, #56]
  72 0064 5B1A     		subs	r3, r3, r1
  73 0066 08D1     		bne	.L8
  74 0068 1ABB     		cbnz	r2, .L9
  75 006a 3960     		str	r1, [r7]
  76 006c C4E90F22 		strd	r2, r2, [r4, #60]
  77              	.L19:
  78 0070 0426     		movs	r6, #4
  79              	.L1:
  80 0072 3046     		mov	r0, r6
  81 0074 F8BD     		pop	{r3, r4, r5, r6, r7, pc}
  82              	.L13:
  83 0076 0022     		movs	r2, #0
  84 0078 F2E7     		b	.L5
  85              	.L8:
  86 007a B3F5007F 		cmp	r3, #512
  87 007e 18D9     		bls	.L9
  88 0080 4FF40073 		mov	r3, #512
  89 0084 A362     		str	r3, [r4, #40]
  90              	.L10:
  91 0086 A26A     		ldr	r2, [r4, #40]
  92 0088 616B     		ldr	r1, [r4, #52]
  93 008a E86A     		ldr	r0, [r5, #44]
  94 008c FFF7FEFF 		bl	_ux_utility_memory_copy
  95 0090 2223     		movs	r3, #34
  96 0092 2364     		str	r3, [r4, #64]
  97 0094 0023     		movs	r3, #0
  98 0096 2B65     		str	r3, [r5, #80]
  99              	.L6:
 100 0098 05F12000 		add	r0, r5, #32
 101 009c D4E90A12 		ldrd	r1, r2, [r4, #40]
 102 00a0 FFF7FEFF 		bl	_ux_device_stack_transfer_run
 103 00a4 0328     		cmp	r0, #3
 104 00a6 09D8     		bhi	.L11
 105 00a8 0023     		movs	r3, #0
 106 00aa 2364     		str	r3, [r4, #64]
 107 00ac 6B6C     		ldr	r3, [r5, #68]
 108 00ae E363     		str	r3, [r4, #60]
 109 00b0 DFE7     		b	.L1
 110              	.L9:
 111 00b2 A362     		str	r3, [r4, #40]
 112 00b4 40F20123 		movw	r3, #513
 113 00b8 E362     		str	r3, [r4, #44]
 114 00ba E4E7     		b	.L10
 115              	.L11:
ARM GAS  /tmp/ccDxTgk8.s 			page 3


 116 00bc 0428     		cmp	r0, #4
 117 00be 0FD1     		bne	.L14
 118 00c0 AB6B     		ldr	r3, [r5, #56]
 119 00c2 626B     		ldr	r2, [r4, #52]
 120 00c4 1A44     		add	r2, r2, r3
 121 00c6 6263     		str	r2, [r4, #52]
 122 00c8 226B     		ldr	r2, [r4, #48]
 123 00ca 1344     		add	r3, r3, r2
 124 00cc 6A6C     		ldr	r2, [r5, #68]
 125 00ce 2363     		str	r3, [r4, #48]
 126 00d0 E263     		str	r2, [r4, #60]
 127 00d2 3B60     		str	r3, [r7]
 128 00d4 A36B     		ldr	r3, [r4, #56]
 129 00d6 0BB9     		cbnz	r3, .L12
 130 00d8 2364     		str	r3, [r4, #64]
 131 00da C9E7     		b	.L19
 132              	.L12:
 133 00dc 2123     		movs	r3, #33
 134 00de 2364     		str	r3, [r4, #64]
 135              	.L14:
 136 00e0 0526     		movs	r6, #5
 137 00e2 C6E7     		b	.L1
 138              	.L7:
 139 00e4 0023     		movs	r3, #0
 140 00e6 0364     		str	r3, [r0, #64]
 141 00e8 9CE7     		b	.L18
 142              	.L21:
 143 00ea 00BF     		.align	2
 144              	.L20:
 145 00ec 00000000 		.word	_ux_system_slave
 147              		.section	.text._uxe_device_class_cdc_acm_write_run,"ax",%progbits
 148              		.align	1
 149              		.global	_uxe_device_class_cdc_acm_write_run
 150              		.syntax unified
 151              		.thumb
 152              		.thumb_func
 153              		.fpu fpv4-sp-d16
 155              	_uxe_device_class_cdc_acm_write_run:
 156              		@ args = 0, pretend = 0, frame = 0
 157              		@ frame_needed = 0, uses_anonymous_args = 0
 158              		@ link register save eliminated.
 159 0000 20B1     		cbz	r0, .L22
 160 0002 01B9     		cbnz	r1, .L24
 161 0004 12B9     		cbnz	r2, .L22
 162              	.L24:
 163 0006 0BB1     		cbz	r3, .L22
 164 0008 FFF7FEBF 		b	_ux_device_class_cdc_acm_write_run
 165              	.L22:
 166 000c 0320     		movs	r0, #3
 167 000e 7047     		bx	lr
 169              		.ident	"GCC: (15:10.3-2021.07-4) 10.3.1 20210621 (release)"
ARM GAS  /tmp/ccDxTgk8.s 			page 4


DEFINED SYMBOLS
                            *ABS*:0000000000000000 ux_device_class_cdc_acm_write_run.c
     /tmp/ccDxTgk8.s:16     .text._ux_device_class_cdc_acm_write_run:0000000000000000 $t
     /tmp/ccDxTgk8.s:25     .text._ux_device_class_cdc_acm_write_run:0000000000000000 _ux_device_class_cdc_acm_write_run
     /tmp/ccDxTgk8.s:145    .text._ux_device_class_cdc_acm_write_run:00000000000000ec $d
     /tmp/ccDxTgk8.s:148    .text._uxe_device_class_cdc_acm_write_run:0000000000000000 $t
     /tmp/ccDxTgk8.s:155    .text._uxe_device_class_cdc_acm_write_run:0000000000000000 _uxe_device_class_cdc_acm_write_run

UNDEFINED SYMBOLS
_ux_system_error_handler
_ux_utility_memory_copy
_ux_device_stack_transfer_run
_ux_system_slave
