ARM GAS  /tmp/cc1x4Y8h.s 			page 1


   1              		.cpu cortex-m33
   2              		.eabi_attribute 27, 1
   3              		.eabi_attribute 28, 1
   4              		.eabi_attribute 20, 1
   5              		.eabi_attribute 21, 1
   6              		.eabi_attribute 23, 3
   7              		.eabi_attribute 24, 1
   8              		.eabi_attribute 25, 1
   9              		.eabi_attribute 26, 1
  10              		.eabi_attribute 30, 4
  11              		.eabi_attribute 34, 1
  12              		.eabi_attribute 18, 4
  13              		.file	"ux_device_class_cdc_acm_initialize.c"
  14              		.text
  15              		.section	.text._ux_device_class_cdc_acm_initialize,"ax",%progbits
  16              		.align	1
  17              		.global	_ux_device_class_cdc_acm_initialize
  18              		.arch armv8-m.main
  19              		.arch_extension dsp
  20              		.syntax unified
  21              		.thumb
  22              		.thumb_func
  23              		.fpu fpv4-sp-d16
  25              	_ux_device_class_cdc_acm_initialize:
  26              		@ args = 0, pretend = 0, frame = 0
  27              		@ frame_needed = 0, uses_anonymous_args = 0
  28 0000 0021     		movs	r1, #0
  29 0002 38B5     		push	{r3, r4, r5, lr}
  30 0004 5022     		movs	r2, #80
  31 0006 0446     		mov	r4, r0
  32 0008 056A     		ldr	r5, [r0, #32]
  33 000a 0846     		mov	r0, r1
  34 000c FFF7FEFF 		bl	_ux_utility_memory_allocate
  35 0010 90B1     		cbz	r0, .L3
  36 0012 636A     		ldr	r3, [r4, #36]
  37 0014 A864     		str	r0, [r5, #72]
  38 0016 1A68     		ldr	r2, [r3]
  39 0018 4260     		str	r2, [r0, #4]
  40 001a 5A68     		ldr	r2, [r3, #4]
  41 001c 9B68     		ldr	r3, [r3, #8]
  42 001e 8260     		str	r2, [r0, #8]
  43 0020 C360     		str	r3, [r0, #12]
  44 0022 4FF4E133 		mov	r3, #115200
  45 0026 4364     		str	r3, [r0, #68]
  46 0028 0123     		movs	r3, #1
  47 002a A0F84830 		strh	r3, [r0, #72]	@ movhi
  48 002e 0823     		movs	r3, #8
  49 0030 80F84A30 		strb	r3, [r0, #74]
  50 0034 0020     		movs	r0, #0
  51              	.L1:
  52 0036 38BD     		pop	{r3, r4, r5, pc}
  53              	.L3:
  54 0038 1220     		movs	r0, #18
  55 003a FCE7     		b	.L1
  57              		.ident	"GCC: (15:10.3-2021.07-4) 10.3.1 20210621 (release)"
ARM GAS  /tmp/cc1x4Y8h.s 			page 2


DEFINED SYMBOLS
                            *ABS*:0000000000000000 ux_device_class_cdc_acm_initialize.c
     /tmp/cc1x4Y8h.s:16     .text._ux_device_class_cdc_acm_initialize:0000000000000000 $t
     /tmp/cc1x4Y8h.s:25     .text._ux_device_class_cdc_acm_initialize:0000000000000000 _ux_device_class_cdc_acm_initialize

UNDEFINED SYMBOLS
_ux_utility_memory_allocate
