ARM GAS  /tmp/cceL7qqK.s 			page 1


   1              		.cpu cortex-m33
   2              		.eabi_attribute 27, 1
   3              		.eabi_attribute 28, 1
   4              		.eabi_attribute 20, 1
   5              		.eabi_attribute 21, 1
   6              		.eabi_attribute 23, 3
   7              		.eabi_attribute 24, 1
   8              		.eabi_attribute 25, 1
   9              		.eabi_attribute 26, 1
  10              		.eabi_attribute 30, 4
  11              		.eabi_attribute 34, 1
  12              		.eabi_attribute 18, 4
  13              		.file	"ux_device_class_cdc_acm_control_request.c"
  14              		.section	.gnu.lto_.profile.fa04ab8388485754,"e",%progbits
  15 0000 789C6365 		.ascii	"x\234ce\000\002F \006\000\000:\000\007"
  15      00024620 
  15      0600003A 
  15      0007
  16              		.text
  17              		.section	.gnu.lto_.icf.fa04ab8388485754,"e",%progbits
  18 0000 789CE360 		.ascii	"x\234\343`@\000F\206#\375\0376\2611\000\000\016\001"
  18      40004686 
  18      23FD1F36 
  18      B1310000 
  18      0E01
  19 0012 0305     		.ascii	"\003\005"
  20              		.text
  21              		.section	.gnu.lto_.ipa_sra.fa04ab8388485754,"e",%progbits
  22 0000 789CD360 		.ascii	"x\234\323`@\000F\006F\306%\314\014K\230\031\025X\030"
  22      40004606 
  22      46C625CC 
  22      0C4B9819 
  22      155818
  23 0013 5958D898 		.ascii	"YX\330\230!b`)F0\001&\031\000<;\001\271"
  23      21626029 
  23      46300126 
  23      19003C3B 
  23      01B9
  24              		.text
  25              		.section	.gnu.lto_.inline.fa04ab8388485754,"e",%progbits
  26 0000 789C6B66 		.ascii	"x\234kf@\000F\006\206\263\014\2636?\273\300\234\301"
  26      40004606 
  26      86B30CB3 
  26      363FBBC0 
  26      9CC1
  27 0012 C8C8C0B8 		.ascii	"\310\310\300\270\204\231\201\201\271\201\211\201%\251"
  27      84998181 
  27      B9818981 
  27      25A9
  28 0020 A1A1A185 		.ascii	"\241\241\241\205)\235\201\201\015\310h`Jab`b`\0043\223"
  28      299D8181 
  28      0DC86860 
  28      4A616260 
  28      62600433 
  29 0035 80B27036 		.ascii	"\200\262p6\003\013\320\014f\036\220A\023\374XxA\234"
  29      030BD00C 
  29      661E9041 
ARM GAS  /tmp/cceL7qqK.s 			page 2


  29      13FC5878 
  29      419C
  30 0047 097E2008 		.ascii	"\011~ \010\026c\202\263\030\0214\213\000*\315\000\000"
  30      166382B3 
  30      1811348B 
  30      002ACD00 
  30      00
  31 0058 93371933 		.ascii	"\2237\0313"
  32              		.text
  33              		.section	.gnu.lto_.jmpfuncs.fa04ab8388485754,"e",%progbits
  34 0000 789CBBC6 		.ascii	"x\234\273\306\200\000\214\014\214\214\214\365K\230\231"
  34      80008C0C 
  34      8C8C8CF5 
  34      4B9899
  35 000f 9880EC03 		.ascii	"\230\200\354\003,\214\014@\374\037\010\370\031\330\320"
  35      2C8C0C40 
  35      FC1F08F8 
  35      19D8D0
  36 001e 04189926 		.ascii	"\004\030\231&1/affd\204P\020Ehz\320\371,\204\024\240"
  36      312F6166 
  36      66648450 
  36      1045687A 
  36      D0F92C84 
  37 0034 DBCAC8C4 		.ascii	"\333\312\310\304\270\205\221q+#\261\342\014\365\012"
  37      B8859171 
  37      2B23B1E2 
  37      0CF50A
  38 0043 58841800 		.ascii	"X\204\030\000\200\021D\240"
  38      801144A0 
  39              		.text
  40              		.section	.gnu.lto_.pureconst.fa04ab8388485754,"e",%progbits
  41 0000 789C6361 		.ascii	"x\234ca```d\230\305\002\000\001d\000\244"
  41      60606064 
  41      98C50200 
  41      016400A4 
  42              		.text
  43              		.section	.gnu.lto_.lto.fa04ab8388485754,"e",%progbits
  44 0000 09000400 		.ascii	"\011\000\004\000\001\000\000\000"
  44      01000000 
  45              		.text
  46              		.section	.gnu.lto__ux_device_class_cdc_acm_control_request.3.fa04ab8388485754,"e",%progbits
  47 0000 789C8D56 		.ascii	"x\234\215VmLSW\030>\357=\267\275\375\242T@\220\015\244"
  47      6D4C5357 
  47      183EEF3D 
  47      B7BDFDA2 
  47      5440900D 
  48 0015 20665B32 		.ascii	" f[2\254\037\321\375\331\026\262?\373\263\375rK\366"
  48      AC1FD1FD 
  48      D916B23F 
  48      FBB3FD72 
  48      4BF6
  49 0027 6359534B 		.ascii	"cYSK\335\210\024X[\334\366\313\" \031\306\010\350\034"
  49      DD881458 
  49      5BDCF6CB 
  49      222019C6 
  49      08E81C
  50 003a 62ADB1BB 		.ascii	"b\255\261\273\333p\303\3148\215\2601e~f(Q\211\272\231"
ARM GAS  /tmp/cceL7qqK.s 			page 3


  50      DB70C3CC 
  50      388DB031 
  50      657E6628 
  50      5189BA99 
  51 004e 404454C4 		.ascii	"@DT\304\315)\3426?\242\262\367\334s\333\333\326Z%\341"
  51      CD29E236 
  51      3FA2B2F7 
  51      DC73DBDB 
  51      D65A25E1 
  52 0062 F4DC739F 		.ascii	"\364\334s\237\367y\237\363\336\347\274\367>2\023r\233"
  52      F7799FF3 
  52      DEE7BCF7 
  52      3E321372 
  52      9B
  53 0073 10328EFF 		.ascii	"\0202\216\377\220A\240\275\255E \301`\260\\\022\304"
  53      9041A0BD 
  53      AD4520C1 
  53      60B05C12 
  53      C4
  54 0084 506B0470 		.ascii	"Pk\004pj\323wF'\233\243\223\2066\223\362K\205\306\266"
  54      6AD37746 
  54      279BA393 
  54      863693F2 
  54      4B85C6B6 
  55 0098 B5021C61 		.ascii	"\265\002\034a\253v\261\251\315\252\374\212\360E\214"
  55      AB76B1A9 
  55      CDAAFC8A 
  55      F0458C
  56 00a7 4627AC89 		.ascii	"F'\254\211C4\253\010=|\031CHBG\353\356bDt\3768\3762"
  56      4334AB08 
  56      3D7C1943 
  56      484247EB 
  56      EE624474 
  57 00bf 261D83F1 		.ascii	"&\035\203\361\023\233\263E\003\204\332#\305\034bd\363"
  57      139BB345 
  57      0384DA23 
  57      C51C6264 
  57      F3
  58 00d0 5B7D5FBF 		.ascii	"[}_\277\311y\312%\223\260\245uwR\2009.\300\002\365\212"
  58      C979CA25 
  58      93B0A575 
  58      77528039 
  58      2EC002F5 
  59 00e5 C27209C8 		.ascii	"\302r\011\310*\201\212:\275d0\232\314\026X\005\033h"
  59      2A818A3A 
  59      BD64309A 
  59      CC165805 
  59      1B68
  60 00f7 88423B95 		.ascii	"\210B;\225)\001Q\235\001\330_\352\017\006\357\036\011"
  60      2901519D 
  60      01D85FEA 
  60      0F06EF1E 
  60      09
  61 0108 872E41A8 		.ascii	"\207.A\250\253_\224\251@\302\010\330\013\260\007\260"
  61      AB5F94A9 
  61      40C208D8 
  61      0BB007B0 
ARM GAS  /tmp/cceL7qqK.s 			page 4


  62 0118 32048154 		.ascii	"2\004\201T\006\362\002\242Nu44\007m\010\241\260\017"
  62      06F202A2 
  62      4E753434 
  62      076D08A1 
  62      B00F
  63 012a E240B8A0 		.ascii	"\342@\270\240\002\273\201\375\314E\354\344\316\2576"
  63      02BB81FD 
  63      CC45ECE4 
  63      CEAF36
  64 0139 595BEB0D 		.ascii	"Y[\353\0152\025\241\027\022\030\025d_\014\271\253\233"
  64      3215A117 
  64      12181564 
  64      5F0CB9AB 
  64      9B
  65 014a B136DA19 		.ascii	"\2616\332\031\362\347\024\310\343\032\362{\015\371K"
  65      F2E714C8 
  65      E31AF27B 
  65      0DF94B
  66 0159 0AE4692D 		.ascii	"\012\344i-{\327!5\273\016\016\244@\216i\234\333\242"
  66      7BD72135 
  66      BB0E0EA4 
  66      408E699C 
  66      DBA2
  67 016b 9C7AF835 		.ascii	"\234z\3705\005\362\272\206\014G\221\022\034JB\352\011"
  67      05F2BA86 
  67      0C479112 
  67      1C4A42EA 
  67      09
  68 017c 1C063808 		.ascii	"\034\0068\010\320\017\260\037\240\017\340'`ed\326\302"
  68      D00FB01F 
  68      A00FE027 
  68      606564D6 
  68      C2
  69 018d BB8FDFFC 		.ascii	"\273\217\337\374aH\327\037|0\275>\030\274\231\177q\322"
  69      6148D71F 
  69      7C30BD3E 
  69      18BC997F 
  69      71D2
  70 019f BC04B088 		.ascii	"\274\004\260\210\006\001\007#\305\301$\262A\207\203"
  70      06010723 
  70      C5C124B2 
  70      418783
  71 01ae 59CF0609 		.ascii	"Y\317\006\011\007\213\201\255\031\331\245\211\315\314"
  71      078B81AD 
  71      19D9A589 
  71      CDCC
  72 01bc 0C6C61B3 		.ascii	"\014la\263\0146\263\262Y&\233\331\330l\006\303e\261"
  72      0C36B3B2 
  72      59269BD9 
  72      D86C06C3 
  72      65B1
  73 01ce 59365BCB 		.ascii	"Y6[\313a\303L6\3442\252<\034\204\002\200\036($(l6S_"
  73      61C34C36 
  73      E432AA3C 
  73      1C840280 
  73      1E282428 
  74 01e6 44509F9D 		.ascii	"DP\237\235\240\266\022\2022K\011\012%d=e\256\012\212"
ARM GAS  /tmp/cceL7qqK.s 			page 5


  74      A0B61282 
  74      324B090A 
  74      25643D65 
  74      AE0A8A
  75 01f9 10EC27A4 		.ascii	"\020\354'\244\225\012\374\242\036/n\300\352\276\336"
  75      950AFCA2 
  75      1E2F6EC0 
  75      EABEDE
  76 0208 E15B73D0 		.ascii	"\341[s\320\227\021Z\250\332\211*\325\372\2069\265\253"
  76      97115AA8 
  76      DA892AD5 
  76      FA8639B5 
  76      AB
  77 0219 50A61911 		.ascii	"P\246\031\021Z\000G\201\314\307k|\026V8\006[\225\242"
  77      5A004781 
  77      CCC76B7C 
  77      16563806 
  77      5B95A2
  78 022c B0E07B23 		.ascii	"\260\340{#\247i\204\316V#\365q\221Kd\232\211\234\360"
  78      A76984CE 
  78      5623F571 
  78      914B649A 
  78      899CF0
  79 023f 5B2CD206 		.ascii	"[,\322\006\003\030\011<rS\357\2056c\204\202\0329C\211"
  79      0318093C 
  79      7253EF85 
  79      36638482 
  79      1A394389 
  80 0253 6C0401A7 		.ascii	"l\004\001\247]\310\376\215RK\030\0048\001\012~c\313"
  80      5DC8FE8D 
  80      524B1804 
  80      38010A7E 
  80      63CB
  81 0265 C9D0FB11 		.ascii	"\311\320\373\021Z\244\342\263\2404\232i\242T\246\331"
  81      5AA4E2B3 
  81      A0349A69 
  81      A254A6D9 
  82 0275 C8042715 		.ascii	"\310\004'\025\0165Y\016\234\302d\002\211.u\035\005\231"
  82      0E35590E 
  82      9CC26402 
  82      892E751D 
  82      0599
  83 0287 CE84D3B8 		.ascii	"\316\204\323\270\210\364\215J`\201Lsa\210\363\237\352"
  83      88F48D4A 
  83      60814C73 
  83      6188F39F 
  83      EA
  84 0298 1DAFD745 		.ascii	"\035\257\327E\250\240\362\353`8\266\225\211\2712\315"
  84      A8A0F2EB 
  84      6038B695 
  84      89B932CD 
  85 02a8 6309CEC4 		.ascii	"c\011\316\304'\230\005g\221K$d!c\317\221i>\234\003\230"
  85      27980567 
  85      914B2464 
  85      2163CF91 
  85      693E9C03 
  86 02bd AF166663 		.ascii	"\257\026fc\313t\350\325\010\215\236U\033t\202B\207\273"
ARM GAS  /tmp/cceL7qqK.s 			page 6


  86      CB74E8D5 
  86      088D9E55 
  86      1B748242 
  86      87BB
  87 02cf 9AC5A8FE 		.ascii	"\232\305\250\376\000\324\200\027\317\301y\314?\011\215"
  87      00D48017 
  87      CFC179CC 
  87      3F098D
  88 02de F6082D51 		.ascii	"\366\010-Q\266\377|\230\225\010CeZ\300\231~\337Z\033"
  88      B6FF7C98 
  88      95084365 
  88      5AC0997E 
  88      DF5A1B
  89 02f1 A1628C29 		.ascii	"\241b\214)\234\3104\034c\032\2111\225&0\211\214\351"
  89      9CC8341C 
  89      631A8931 
  89      95263089 
  89      8CE9
  90 0303 6F681A3D 		.ascii	"oh\032=pL\340;\234\303\034\020lAL\241jp\374\353\200"
  90      704CE03B 
  90      9CC31C10 
  90      6C414CA1 
  90      6A70FCEB 
  91 0318 FA60B0E7 		.ascii	"\372`\260\347\037\226\244\020\035?\012J\355\030t\327"
  91      1F96A410 
  91      1D3F0A4A 
  91      ED1874D7 
  92 0328 FE260493 		.ascii	"\376&\004\223\004\264*\307\010v%\016\013R\010\227\200"
  92      04B42AC7 
  92      0876250E 
  92      0B520897 
  92      80
  93 0339 C0585C58 		.ascii	"\300X\\Xg\232\260b-l\034\303\256\304\205\375\331\360"
  93      679AB062 
  93      2D6C1CC3 
  93      AEC485FD 
  93      D9F0
  94 034b E4B0122D 		.ascii	"\344\260\022-\354\032\206M\360\223\333J)\333\020(\236"
  94      EC1A864D 
  94      F093DB4A 
  94      29DB1028 
  94      9E
  95 035c BE0EF576 		.ascii	"\276\016\365vv\003k7u\367\277\213\231j\254\244ys\"W"
  95      76036B37 
  95      75F7BF8B 
  95      996AACA4 
  95      79732257 
  96 0370 A6B3D1B5 		.ascii	"\246\263\321\265\360W\314\233\371p\035\237\246\216\020"
  96      F057CC9B 
  96      F9701D9F 
  96      A68E10
  97 037f 06CDE796 		.ascii	"\006\315\347\226\230\352\271\243D?9\346&\306\350\261"
  97      98EAB9A3 
  97      443F39E6 
  97      26C6E8B1 
  98 038f 563758B6 		.ascii	"V7X\266\206M\315'\267}\020\241\350\242\022\306b\006"
  98      864DCD27 
ARM GAS  /tmp/cceL7qqK.s 			page 7


  98      B77D10A1 
  98      E8A212C6 
  98      6206
  99 03a1 20D7A0F1 		.ascii	" \327\240\361\332\241\010\236-\035_!\252\\\021\031\372"
  99      DAA1089E 
  99      2D1D5F21 
  99      AA5C1119 
  99      FA
 100 03b2 49F4084E 		.ascii	"I\364\010N\365<\334\276 \226\250 E\242\333\361\342@"
 100      F53CDCBE 
 100      2096A820 
 100      45A2DBF1 
 100      E240
 101 03c4 A1D0693B 		.ascii	"\241\320i;Vr\337d\271\365\261\334\202\226[\017S\321"
 101      5672DF64 
 101      B9F5B1DC 
 101      82965B0F 
 101      53D1
 102 03d6 32E993F2 		.ascii	"2\351\223\362N?%\357\035u\203\377\362\234R|N<\374\207"
 102      4E3F25EF 
 102      1D7583FF 
 102      F29C527C 
 102      4E3CFC87 
 103 03ea 0FE21197 		.ascii	"\017\342\021\227R1h\347\244\010\356!\211D\024\322\256"
 103      523168E7 
 103      A408EE21 
 103      894414D2 
 103      AE
 104 03fb D7B171C1 		.ascii	"\327\261q\301}\\0 aL\241\3044[b\3251\354\031?q\236\253"
 104      7D5C3020 
 104      614CA1C4 
 104      345B62D5 
 104      31EC193F 
 105 0412 443F8F6E 		.ascii	"D?\217n\031\310A\027K\370?[\246v\005aLx\334\243{\007"
 105      19C84117 
 105      4BF83F5B 
 105      A6760561 
 105      4C78DCA3 
 106 0428 2CCC4158 		.ascii	",\314AX\207\2515\002\342\354\214O\004\011O\002\027z"
 106      87A93502 
 106      E2EC8C4F 
 106      04094F02 
 106      177A
 107 043a 6688B738 		.ascii	"f\210\2678CL\353b\355L3a\023V\354\262\360\010\205\031"
 107      434CEB62 
 107      ED4C3361 
 107      1356ECB2 
 107      F0088519 
 108 044e D5CE86CD 		.ascii	"\325\316\206\315\311\030E\367\234\0352'V\347\356\231"
 108      C91845F7 
 108      9C1D3227 
 108      56E7EE99 
 109 045e 21254550 		.ascii	"!%EP\330JM\204\351l\262\023\345\324\025\207Y\327\301"
 109      D84A4D84 
 109      E96CB213 
 109      E5D41587 
 109      59D7C1
ARM GAS  /tmp/cceL7qqK.s 			page 8


 110 0471 54182FD3 		.ascii	"T\030/\323\022\236\377\354j\2443E\351\014\211\271\015"
 110      129EFFEC 
 110      6AA43345 
 110      E90C89B9 
 110      0D
 111 0482 2C7583A0 		.ascii	",u\203\240\245\3361\210\347\324\034\207~\354\2714!\332"
 111      A5DE3188 
 111      E7D41C87 
 111      7EECB934 
 111      21DA
 112 0494 CCD1932D 		.ascii	"\314\321\223-G^T-n\002\221o\0167\223\217\371\240\231"
 112      475E542D 
 112      6E02916F 
 112      0E37938F 
 112      F9A099
 113 04a7 15C3CCBB 		.ascii	"\025\303\314\273\3749&\301\222N\302\347\311\0222\322"
 113      FC3926C1 
 113      924EC2E7 
 113      C91232D2 
 114 04b7 49588B68 		.ascii	"IX\213hK\012\011\272x\011\026X\307$d\360*(\022\254\351"
 114      4B0A09BA 
 114      78091658 
 114      C72464F0 
 114      2A2812AC 
 115 04cc 24AC4F96 		.ascii	"$\254O\226\220\231NB\033\2423RH\320\307K\260\302\006"
 115      90994E42 
 115      1BA23352 
 115      48D0C74B 
 115      B0C206
 116 04df 2621931B 		.ascii	"&!\223\033~\270=f\370\256\242\307\004\340\207\037RZ"
 116      7EB83D66 
 116      F8AEA2C7 
 116      04E0871F 
 116      525A
 117 04f1 F9411381 		.ascii	"\371A\023\201\342c]3zg\300\312\237\354\2340{u\340;\010"
 117      E2635D33 
 117      7A67C0CA 
 117      9FEC9C30 
 117      7B75E03B 
 118 0506 0D86CE92 		.ascii	"\015\206\316\222\321\\\314\213\246D/>D/\216\001\337"
 118      D15CCC8B 
 118      A6442F3E 
 118      442F8E01 
 118      DF
 119 0517 F0E5DD78 		.ascii	"\360\345\335x>l1\317]\206$\323\275\306\324nV\367\314"
 119      3E6C31CF 
 119      5D8624D3 
 119      BDC6D46E 
 119      56F7CC
 120 052a 5BF78C68 		.ascii	"[\367\214h\353\026Y*\233\372\022\230l\031\224\322t\""
 120      EB16592A 
 120      9BFA1298 
 120      6C1994D2 
 120      7422
 121 053c 1142DC87 		.ascii	"\021B\334\207\030\317\237\366\225\261E\021\232\225\256"
 121      18CF9FF6 
 121      95B14511 
ARM GAS  /tmp/cceL7qqK.s 			page 9


 121      9A95AE
 122 054b D461ADD4 		.ascii	"\324a\255\324\035k\007\361\250d+\357\024\254X\026\363"
 122      1D6B07F1 
 122      A8642BEF 
 122      14AC5816 
 122      F3
 123 055c 0DCF0A69 		.ascii	"\015\317\012i\333\337v\356B\014\345,\027\272\247\360"
 123      DBDF76EE 
 123      420CE52C 
 123      17BAA7F0 
 124 056c 8CE5683C 		.ascii	"\214\345h<\353\236\215G\346V\302P\316sU\341\231\251"
 124      EB9E8D47 
 124      E656C250 
 124      CE7355E1 
 124      99A9
 125 057e F16C7836 		.ascii	"\361lx6\236o\271\0370\224\227\377*kO\271OkO;\204\244"
 125      9E6FB91F 
 125      309497FF 
 125      2A6B4FB9 
 125      4F6B4F3B 
 126 0594 F6F49D90 		.ascii	"\366\364\235\220\324\236r\341A\264\201\232\023[\323"
 126      D49E72E1 
 126      41B4819A 
 126      135BD3
 127 05a3 BEE3AC35 		.ascii	"\276\343\2545\345\306\267&\213\366u\205v(W^\244S\200"
 127      E5C6B726 
 127      8BF67585 
 127      7628575E 
 127      A45380
 128 05b6 56CEC3DB 		.ascii	"V\316\303\333\367!\217YK\200i\020\366\217t\033\261)"
 128      F7218F59 
 128      4B806910 
 128      F68F741B 
 128      B129
 129 05c8 F16B627C 		.ascii	"\361kb|4R\005;\005\203\200\203\211\015\022\033\314\002"
 129      3452053B 
 129      05838083 
 129      890D121B 
 129      CC02
 130 05da 7EBC81F6 		.ascii	"~\274\201\366\361F\310+\016ou\300\341v\004\274\265\216"
 130      F146C82B 
 130      0E6F75C0 
 130      E17604BC 
 130      B58E
 131 05ec 8ACADAAA 		.ascii	"\212\312\332\252\032\357\012\227#\340\253\251\255t\317"
 131      1AEF0A97 
 131      23E0ABA9 
 131      AD74CF
 132 05fb 5F50E60F 		.ascii	"_P\346\017x\027-\254[\\V\347_VV\341Y\271\2422P\266\374"
 132      78172DAC 
 132      5B5C56E7 
 132      5F5656E1 
 132      59B9A232 
 133 0612 1387ABB6 		.ascii	"\023\207\253\266\226T\316\233\347\360W\254p(\010\307"
 133      9654CE9B 
 133      E7F057AC 
 133      702808C7 
ARM GAS  /tmp/cceL7qqK.s 			page 10


 134 0622 D277DE5E 		.ascii	"\322w\336^\264\320\371\356\3227\336s\276U\271\314\347"
 134      B4D0F9EE 
 134      D237DE73 
 134      BE55B9CC 
 134      E7
 135 0633 F27DE670 		.ascii	"\362}\346p\327x\2755\325\016\214\374\324\211\241\225"
 135      D778BD35 
 135      D50E8CFC 
 135      D489A195 
 136 0643 6E8FD35D 		.ascii	"n\217\323]\345\362\373=~\207\337\347v\324%\256:\335"
 136      E5F2FB3D 
 136      7E87DFE7 
 136      76D425AE 
 136      3ADD
 137 0655 156EA7CB 		.ascii	"\025n\247\313\355u\272k\2521{\225\323\347\371\270\316"
 137      ED75BA6B 
 137      AA317B95 
 137      D3E7F9B8 
 137      CE
 138 0666 E30FCC73 		.ascii	"\343\017\314s\023\2111\271\252+2\003>W\265\337[\031"
 138      138931B9 
 138      AA2B3203 
 138      3E57B5DF 
 138      5B19
 139 0678 705679AA 		.ascii	"pVy\252?\014|dU!\352\245n\245\253\252\316cS@\313=\276"
 139      3F0C7C64 
 139      5521EAA5 
 139      6EA5ABAA 
 139      CE635340 
 140 068f 288191D3 		.ascii	"(\201\221\323\327\006|\222\232\342\177\023\\\015\333"
 140      D7067C92 
 140      9AE27F13 
 140      5C0DDB
 141              		.text
 142              		.section	.gnu.lto_.symbol_nodes.fa04ab8388485754,"e",%progbits
 143 0000 789CBBC3 		.ascii	"x\234\273\303\000\004L\314\365\014\015@\300\3028\341"
 143      00044CCC 
 143      F50C0D40 
 143      C0C238E1 
 144 0010 1C03433D 		.ascii	"\034\003C=\003\303\256\206FF\006F\220\024\003+\013\203"
 144      03C3AE86 
 144      46460646 
 144      9014032B 
 144      0B83
 145 0022 029062E4 		.ascii	"\002\220b\344\250g\374\017\005\362`e\014 - 5\214\354"
 145      A867FC0F 
 145      05F26065 
 145      0C202D20 
 145      358CEC
 146 0035 F54CB8A4 		.ascii	"\365L\270\244\330\352\231qI\261\326\263\340\220bf`\205"
 146      D8EA9971 
 146      49B1D6B3 
 146      E0906266 
 146      6085
 147 0047 B8E60923 		.ascii	"\270\346\011#\234\271\204\215\231\201\005\304dd|\302"
 147      9CB9848D 
 147      998105C4 
ARM GAS  /tmp/cceL7qqK.s 			page 11


 147      64647CC2 
 148 0057 C7CCC00C 		.ascii	"\307\314\300\014a\036\021ff`\2020\227\210\2610lyv\346"
 148      611E1166 
 148      66608230 
 148      9788B130 
 148      6C7976E6 
 149 006b 2603E355 		.ascii	"&\003\343Un\030k\2524\003\000\363XK\205"
 149      6E186BAA 
 149      340300F3 
 149      584B85
 150              		.text
 151              		.section	.gnu.lto_.refs.fa04ab8388485754,"e",%progbits
 152 0000 789C6367 		.ascii	"x\234cg```\004\"f\006\006\000\000l\000\015"
 152      60606004 
 152      22660606 
 152      00006C00 
 152      0D
 153              		.text
 154              		.section	.gnu.lto_.decls.fa04ab8388485754,"e",%progbits
 155 0000 789CBD5A 		.ascii	"x\234\275Zgt\024W\226\256[\257Z\022B \006D\230\001c"
 155      67741457 
 155      96AE5BAF 
 155      5A124220 
 155      06449801 
 156 0015 0DC6B61C 		.ascii	"\015\306\266\034@\030vgf\367\354\2365\003x\306g\014"
 156      40187667 
 156      66F7EC9E 
 156      350378C6 
 156      670C
 157 0027 66093EE3 		.ascii	"f\011>\343\375\323\333R7\320\307J\356n\031{~5\301d\221"
 157      FDD3DB52 
 157      37D0C74A 
 157      EE6E197B 
 157      7E35C164 
 158 003c 6C404208 		.ascii	"l@B\010\204\011\022Y \202$\222\020\301\"g\220\310\006"
 158      84091259 
 158      20822492 
 158      10C12267 
 158      90C806
 159 004f 0C021104 		.ascii	"\014\002\021\004&\210\274\367\205\252W\325\245\026\234"
 159      2688BCF7 
 159      85AA57D5 
 159      A5169C
 160 005e 99DDD5D1 		.ascii	"\231\335\325\321UU\275\372\336M\357\276\373\356{\245"
 160      5555BDFA 
 160      DE4DEFBE 
 160      FBEE7BA5 
 161 006e FCAE8AE2 		.ascii	"\374\256\212\342j\243(\203@Q^\340\217\252(\312a$\015"
 161      6AA32883 
 161      40515EE0 
 161      8FAA28CA 
 161      61240D
 162 0081 E917A47B 		.ascii	"\351\027\244{Hm\361];$\372\343@\212\307\373\316H\211"
 162      486DF15D 
 162      3B24FAE3 
 162      408AC7FB 
 162      CE4889
ARM GAS  /tmp/cceL7qqK.s 			page 12


 163 0094 48FF84F4 		.ascii	"H\377\204\364;$\372:UU,?=\361\371M\274\266D\212C\332"
 163      3B24FA3A 
 163      55552C3F 
 163      3DF1F94D 
 163      BCB6448A 
 164 00aa 2F7855E0 		.ascii	"/xU\3405\035\337\015\300\373\265xMA\352\240p\031o\343"
 164      351DDF0D 
 164      C0FBB578 
 164      4D41EAA0 
 164      70196FE3 
 165 00be 751C3EB7 		.ascii	"u\034>\267\001.\377?\361:\024\257\353\260m=\305!]\307"
 165      012EFF3F 
 165      F13A14AF 
 165      EBB06D3D 
 165      C5215DC7 
 166 00d2 B612A40D 		.ascii	"\266\022\244\015x\237\2064\037\357/!\246\004\357K\221"
 166      789F8634 
 166      1FEF2F21 
 166      A604EF4B 
 166      91
 167 00e3 DEC0E761 		.ascii	"\336\300\347a\370\\\214\367\323\220\306\"\225!\365\300"
 167      F85C8CF7 
 167      D390C622 
 167      9521F5C0 
 168 00f3 F68D78ED 		.ascii	"\366\215x\355\212\327X|\337\002\257\327\361\332\006"
 168      8AD7587C 
 168      DF02AFD7 
 168      F1DA06
 169 0102 DB6AF07E 		.ascii	"\333j\360~+\322b\274_\211\264\014)\013\351Gl\233\203"
 169      2BD262BC 
 169      5F89B40C 
 169      290BE947 
 169      6C9B83
 170 0115 D73CA402 		.ascii	"\327<\244\002\244\"\244\235 \375\360;\341\203D\341\223"
 170      A422A49D 
 170      20FDF03B 
 170      E18344E1 
 170      93
 171 0126 86FC309D 		.ascii	"\206\3740\235@K\320\360o\034\304\263\373\013\012Q\025"
 171      404BD0F0 
 171      6F1CC4B3 
 171      FB0B0A51 
 171      15
 172 0137 D25E490C 		.ascii	"\322^I\014\262\237\221\013@\201\022\341`\222\005J.Q"
 172      B29F910B 
 172      408112E1 
 172      6092054A 
 172      2E51
 173 0149 AF4F2BCC 		.ascii	"\257O+\314j\332\212\277/g\257\240\014`#@)}@\300\374"
 173      6ADA8ABF 
 173      2F67AFA0 
 173      0C602340 
 173      297D40C0 
 174 015e FAB5C5D1 		.ascii	"\372\265\305\3211\345\301`]0\277B\243o\326\001\254\245"
 174      31E5C160 
 174      5D30BF42 
 174      A36FD601 
ARM GAS  /tmp/cceL7qqK.s 			page 13


 174      ACA5
 175 0170 1A6C0221 		.ascii	"\032l\002!\262J!\005@o\337\006:\264\261\354N!{\231\200"
 175      B24A2105 
 175      406FDF06 
 175      3AB4B1EC 
 175      4E217B99 
 176 0185 ACB251C7 		.ascii	"\254\262Q\307\233F\263\376\345\243\233(\2427l\003\304"
 176      9B46B3FE 
 176      E5A39B28 
 176      A2376C03 
 176      C4
 177 0196 94029403 		.ascii	"\224\002\224\003l\005r\0308\247C\012\271\203=\277Wi"
 177      6C057218 
 177      38A7430A 
 177      B9833DBF 
 177      5769
 178 01a8 CF6BF5A3 		.ascii	"\317k\365\243kci|\300PHg\257Uf[\013\374\373\271!\351"
 178      6B63697C 
 178      C0504867 
 178      AF55665B 
 178      0BFCFBB9 
 179 01be 73C4AF66 		.ascii	"s\304\257f\370Ye\323\217D\332%\355\003\304\240\244\275"
 179      F85965D3 
 179      8F44DA25 
 179      ED03C4A0 
 179      A4BD
 180 01d0 007B0061 		.ascii	"\000{\000a\373\307\035:\346h\213\346\336\010\006\343"
 180      FBC71D3A 
 180      E6688BE6 
 180      DE0806E3 
 181 01e0 603FC06E 		.ascii	"`?\300n\200Jj\317\001\004\323a@\314\216\340\265\275"
 181      804A6ACF 
 181      0104D361 
 181      40CC8EE0 
 181      B5BD
 182 01f2 AA34FA80 		.ascii	"\2524\372\2004\372\240nt\245B0N\310>\225?\226+\3442"
 182      34FAA06E 
 182      74A54230 
 182      4EC83E95 
 182      3F962BE4 
 183 0207 3E8E24AC 		.ascii	">\216$\254\373\203\331\207\211\325\251\307\001NH\247"
 183      FB83D987 
 183      89D5A9C7 
 183      014E48A7 
 184 0217 D6E65CFF 		.ascii	"\326\346\\\377>R\362?!\371\237\344\012\034[\263\247"
 184      3E52F23F 
 184      21F99FE4 
 184      0A1C5BB3 
 184      A7
 185 0228 0D33FD24 		.ascii	"\0153\375$@:>\317;1\343PLCJW\243\322U\274\317\314\375"
 185      403A3ECF 
 185      3B31E350 
 185      4C434A57 
 185      A3D255BC 
 186 023f 4F9710C9 		.ascii	"O\227\020\311\264Z2=\205\177H>Q\230\373\202\032YO\270"
 186      B45A323D 
 186      857F483E 
ARM GAS  /tmp/cceL7qqK.s 			page 14


 186      5198FB82 
 186      1A594FB8 
 187 0253 D2FF81BD 		.ascii	"\322\377\201\275\266\356\333~6*:(\274\206\215z\247\363"
 187      B6EEDB7E 
 187      362A3A28 
 187      BC868D7A 
 187      A7F3
 188 0265 C83911CE 		.ascii	"\3109\021\316\001\";\300\013~Q\310\036f\340\321\313"
 188      01223BC0 
 188      0B7E51C8 
 188      1E66E0D1 
 188      CB
 189 0276 AB57C752 		.ascii	"\253W\307RW\327\004+F\020\005z@7\005.\002\"\320\321"
 189      57D7042B 
 189      4610057A 
 189      4037052E 
 189      0222D0D1 
 190 028a 3F015CA0 		.ascii	"?\001\\\240\216\2361\255xyLK\344<:\030\374o\270\004"
 190      8E9E31AD 
 190      78794C4B 
 190      E43C3A18 
 190      FC6FB804 
 191 029e 7006E028 		.ascii	"p\006\340(\345|\031\030w\205\034\022z\\\346\232\345"
 191      E57C1918 
 191      77851C12 
 191      7A5CE69A 
 191      E5
 192 02af 47E49236 		.ascii	"G\344\2226K\036\357\233\323\2643\373iE\377`\377\372"
 192      4B1EEF9B 
 192      D3B433FB 
 192      6945FF60 
 192      FFFA
 193 02c1 BC79E7B3 		.ascii	"\274y\347\263\023\256-\331\033\014^\010F`w8\013pK\362"
 193      13AE2DD9 
 193      1B0C5E08 
 193      46607738 
 193      0B704BF2 
 194 02d5 4B44FA40 		.ascii	"KD\372@\241\206\317\315\333\374\023\004\247wC\213\341"
 194      A186CFCD 
 194      DBFC1304 
 194      A777438B 
 194      E1
 195 02e6 18C3E8D6 		.ascii	"\030\303\350\3260\340:`\250yy\245\0345\024\216X@\207"
 195      30E03A60 
 195      A87979A5 
 195      1C35148E 
 195      584087
 196 02f9 C0E05492 		.ascii	"\300\340T\222\267\216c*\000\266[@\233\015PQ^\336\227"
 196      B78E632A 
 196      00B65B40 
 196      9B0D5051 
 196      5EDE97
 197 030c 9518C038 		.ascii	"\225\030\3008\034\247\355\3028\237B)\353\260]\026*\304"
 197      1CA7EDC2 
 197      389F4229 
 197      EBB05D16 
 197      2AC4
ARM GAS  /tmp/cceL7qqK.s 			page 15


 198 031e FD53AE29 		.ascii	"\375S\256)p\025\340\012z\346g\006C?\326\000\334\000"
 198      7015E00A 
 198      7AE66706 
 198      433FD600 
 198      DC00
 199 0330 B806701D 		.ascii	"\270\006p\035\340&@\035\300]\200Z\200;\000\267i\034"
 199      E026401D 
 199      C05D805A 
 199      803B00B7 
 199      691C
 200 0342 510D3672 		.ascii	"Q\0156r\0156\001l\260p_/5X\241\373\344 \300.\013h\207"
 200      0D36016C 
 200      B0705F2F 
 200      3558A1FB 
 200      E420C02E 
 201 0359 04959ACC 		.ascii	"\004\225\232\314\335b7W8n\2254f\247\235\323:6\337\313"
 201      DD623757 
 201      386E9534 
 201      66A79DD3 
 201      3A36DFCB 
 202 036d 7F5A724B 		.ascii	"\177ZrK\223Qh\002\375\302\303t\341\245q+La\372\213\004"
 202      93516802 
 202      FDC2C374 
 202      E1A5712B 
 202      4C61FA8B 
 203 0382 DCD3E756 		.ascii	"\334\323\347V\002\373\033O\2524\205<\322h\247\355w\367"
 203      02FB1B4F 
 203      AA34853C 
 203      D268A7ED 
 203      77F7
 204 0394 4F8CB6CE 		.ascii	"O\214\266\316(\364\323#9\243^\254\376e\247\211\353#"
 204      28F4D323 
 204      39A35EAC 
 204      FE65A789 
 204      EB23
 205 03a6 C9F5B1CE 		.ascii	"\311\365\261\316\265\035\231\355PH\231\203?\265 \247"
 205      B51D99ED 
 205      50489983 
 205      3FB520A7 
 206 03b6 F0E9A178 		.ascii	"\360\351\241x\212\"\323#\024\262\002\351\000\322\355"
 206      8A22D323 
 206      14B202E9 
 206      00D2ED
 207 03c5 08DEFA3E 		.ascii	"\010\336\372>\013\313\013*\231\034\2112\332\255\277"
 207      0BCB0B2A 
 207      991C8932 
 207      DAADBF
 208 03d4 BCE26413 		.ascii	"\274\342d\023\036\225\374\207\216\300\215\\6\002Ca\224"
 208      1E95FC87 
 208      8EC08D5C 
 208      36024361 
 208      94
 209 03e5 0A135443 		.ascii	"\012\023TC\352\010\225\371V\216\356X\025\306\250,\017"
 209      EA0895F9 
 209      568EEE58 
 209      15C6A82C 
 209      0F
ARM GAS  /tmp/cceL7qqK.s 			page 16


 210 03f6 200A47F7 		.ascii	" \012G\367{\025\246\2500^\205,\025\276Sa\222\012\323"
 210      7B15A6A8 
 210      305E852C 
 210      15BE5361 
 210      920AD3
 211 0409 5598A6C2 		.ascii	"U\230\246\302T\025&\2520Y\025\003\374Tg\377\020\314"
 211      541526AA 
 211      30591503 
 211      FC5467FF 
 211      10CC
 212 041b EC1F9846 		.ascii	"\354\037\230F\345v\256\030;\214\303\027\026\324s\211"
 212      E576AE18 
 212      3B8CC317 
 212      16D47389 
 213 042b 2ABA99AB 		.ascii	"*\272\231\253\307\352H\273\242\202\323\263\\c|\307Y"
 213      C7EA48BB 
 213      A282D3B3 
 213      5C637CC7 
 213      59
 214 043c 40F765CC 		.ascii	"@\367e\314\327\352\012\215\266 \022\245\244'\034\361"
 214      D7EA0A8D 
 214      B62012A5 
 214      A4271CF1 
 215 044c 18A0DEAE 		.ascii	"\030\240\336\2563\017\267G&\225\237Z@OL*\327\033*?\263"
 215      330FB747 
 215      26959F5A 
 215      404F4C2A 
 215      D71B2A3F 
 216 0461 63B836B7 		.ascii	"c\2706\267\014HP\265Y\316!\327\015\310\2676\215?\300"
 216      0C4850B5 
 216      59CE21D7 
 216      0DC8B736 
 216      8D3FC0
 217 0474 244E8756 		.ascii	"$N\207V}\232u\373![\006\255\2435C}\365\321B.\227nO\331"
 217      7D9A75FB 
 217      215B06AD 
 217      A335437D 
 217      F5D1422E 
 218 048c 675A3666 		.ascii	"gZ6fJa\263T\006\330U;eMs\011\270$\2434\233\003F\317"
 218      4A61B354 
 218      06D8553B 
 218      654D7309 
 218      B824A334 
 219 04a4 BFB843FB 		.ascii	"\277\270C\373\031\024\025\33347\000T\375\016\377D+\377"
 219      191415DB 
 219      34370054 
 219      FD0EFF44 
 219      2BFF
 220 04b6 4594B8A0 		.ascii	"E\224\270\240\032T#\334D\215&\321\304\035]\011\035\023"
 220      1A5423DC 
 220      448D26D1 
 220      C41D5D09 
 220      1D13
 221 04c8 EE910FA3 		.ascii	"\356\221\017\243\324\204\330\350\250\302\355\320\"\332"
 221      D484D8E8 
 221      A8C2EDD0 
 221      22DA
ARM GAS  /tmp/cceL7qqK.s 			page 17


 222 04d6 11A5AA35 		.ascii	"\021\245\2525\221\356\350\204\307\260\\\315\217\210"
 222      91EEE884 
 222      C7B05CCD 
 222      8F88
 223 04e4 FF30A8B9 		.ascii	"\3770\250\271'\265\256\211\014\252S\373\305\365\370"
 223      27B5AE89 
 223      0CAA53FB 
 223      C5F5F8
 224 04f3 10FFD644 		.ascii	"\020\377\326DV\202\033{\365\327\242Z\340]Md\364=\222"
 224      56821B7B 
 224      F5D7A25A 
 224      E05D4D64 
 224      F43D92
 225 0506 9F15E1DE 		.ascii	"\237\025\341\336\257\216{\033\227\223hw\3678t\301\207"
 225      AF8E7B1B 
 225      97936877 
 225      F73874C1 
 225      87
 226 0517 51511D63 		.ascii	"QQ\035c+H\005\371HQ\242\242\212V\266\216\256\211\214"
 226      2B4805F9 
 226      4851A2A2 
 226      8A56B68E 
 226      AE898C
 227 052a 451609EE 		.ascii	"E\026\011\356\370\026\356\370\330Jp\270\335\321q\011"
 227      F816EEF8 
 227      D84A70B8 
 227      DDD17109 
 228 053a 0A2AE1EE 		.ascii	"\012*\341\356\336\375C5\0329kQ\225\320\235@L\367\340"
 228      DEFD4335 
 228      1A396B51 
 228      95D09D40 
 228      4CF7E0
 229 054d 4FB56DA3 		.ascii	"O\265m\243!\272I\307\370\004Eq+\037\251\310\227\274"
 229      21BA49C7 
 229      F8044571 
 229      2B1FA9C8 
 229      97BC
 230 055f D07F2012 		.ascii	"\320\177 \022e\272\345#@B\264\332]%\177\251\211T\024"
 230      65BAE523 
 230      4042B4DA 
 230      5D257FA9 
 230      895414
 231 0572 558D5794 		.ascii	"U\215W\224\240\026\025\023\003A\2744q\376\305\335\277"
 231      A0161513 
 231      0341BC34 
 231      71FEC5DD 
 231      BF
 232 0583 7BB45213 		.ascii	"{\264R\023\251\342\2538\215\216\260\354\031\035\241"
 232      A9E2AB38 
 232      8D8EB0EC 
 232      191DA1
 233 0592 805EF7B0 		.ascii	"\200^\367\260r\010\350/\377\243\320\007\305,\205\265"
 233      7208E82F 
 233      FFA3D007 
 233      C52C85B5 
 234 05a2 5324FA55 		.ascii	"S$\372U\024Oz\253q\021\367\034\300\371\350\365\025\200"
 234      144F7AAB 
ARM GAS  /tmp/cceL7qqK.s 			page 18


 234      7111F71C 
 234      C0F9E8F5 
 234      1580
 235 05b4 2E44116F 		.ascii	".D\021oM\314\245\016B\017\235\217.\307\244\243\324\025"
 235      4DCCA50E 
 235      420F9D8F 
 235      2EC7A4A3 
 235      D415
 236 05c6 47980B51 		.ascii	"G\230\013Q\315}X?\213\342\222\245b\260UL\206\363\300"
 236      CD7D583F 
 236      8BE292A5 
 236      62B0554C 
 236      86F3C0
 237 05d9 5B7B7FCB 		.ascii	"[{\177\313\272\230+\350\266\340\275\247\363\037EB\363"
 237      BA982BE8 
 237      B6E0BDA7 
 237      F31F4542 
 237      F3
 238 05ea A91F2A40 		.ascii	"\251\037*@n\261\320~\270\340\354X\325\232:1\254M\305"
 238      6EB1D07E 
 238      B8E0EC58 
 238      D59A3A31 
 238      AC4DC5
 239 05fd C8958337 		.ascii	"\310\225\2037\246\233R\347\034\031\265y<(\257\347.\274"
 239      A69B52E7 
 239      1C19B579 
 239      3C28AFE7 
 239      2EBC
 240 060f E760D548 		.ascii	"\347`\325H\236\312\252\221\353\005\243;4T\214\314Cc"
 240      9ECAAA91 
 240      EB05A33B 
 240      34548CCC 
 240      4363
 241 0621 E6F23EC5 		.ascii	"\346\362>\305\347*\347\220N\331\331\301\372s?l+\356"
 241      E72AE790 
 241      4ED9D9C1 
 241      FA733F6C 
 241      2BEE
 242 0633 3027583E 		.ascii	"0'X>\022;h\010\201\\\225\213V\360N\201\331*\344`\341"
 242      123B6808 
 242      815C958B 
 242      56F04E81 
 242      D92AE460 
 243 0648 34A209ED 		.ascii	"4\242\011\355uf\324\255\255\315\230\244l.\351\304\212"
 243      7566D4AD 
 243      ADCD98A4 
 243      6C2EE9C4 
 243      8A
 244 0659 7D4765DD 		.ascii	"}Ge\335S!E-\300\256?pQ5\213\262\277\354\224\215e\302"
 244      5321452D 
 244      C0AE3F70 
 244      51358BB2 
 244      BFEC948D 
 245 066f 99A523D6 		.ascii	"\231\245#\326%T\214\312O\300\2670\337\2202\237\015#"
 245      25548CCA 
 245      4FC0B730 
 245      DF90329F 
ARM GAS  /tmp/cceL7qqK.s 			page 19


 245      0D23
 246 0681 39C6243C 		.ascii	"9\306$<\237<\256\246\011\223P\301+\253\354gG/\304\350"
 246      9F3CAEA6 
 246      099350C1 
 246      2BABEC67 
 246      472FC4E8 
 247 0695 0D8B55F2 		.ascii	"\015\213U\362\200\301&\337:{\012\254N+Ta\211\340I\246"
 247      80C126DF 
 247      3A7B0AAC 
 247      4E2B5461 
 247      89E049A6 
 248 06a9 442BACEB 		.ascii	"D+\254\353\244\342\010+h\251\004!\240j\334\225\222&"
 248      A4E2082B 
 248      68A90421 
 248      A06ADC95 
 248      9226
 249 06bb D2B3CBA4 		.ascii	"\322\263\313\244g\227s\325\203u\253\343\230\354\345"
 249      679773D5 
 249      8375ABE3 
 249      98ECE5
 250 06ca 2A14A8D8 		.ascii	"*\024\250\330\2602\370\340PtC\256\305\275\002\254\340"
 250      B032F8E0 
 250      507443AE 
 250      C5BD02AC 
 250      E0
 251 06db 9D462DBE 		.ascii	"\235F-\276=&\202\031<\275x\376\306\316\333\250\301+"
 251      3D268219 
 251      3CBD78FE 
 251      C6CEDBA8 
 251      C12B
 252 06ed 55586418 		.ascii	"UXd\030\274\210\033|9\272A\203\247\314\2743>J\367\361"
 252      BC881B7C 
 252      39BA4183 
 252      A7CCBC33 
 252      3E4AF7F1 
 253 0701 6A2A74C4 		.ascii	"j*t\304\311=?H'\0173d\342\276\006\326p\231W7\036\317"
 253      C93D3F48 
 253      270F3364 
 253      E2BE06D6 
 253      70995737 
 254 0717 143E9E26 		.ascii	"\024>\236&|\\\254B\221!\262\210\213|\304D\336\334\236"
 254      7C5CAC42 
 254      9121B288 
 254      8B7CC444 
 254      DEDC9E
 255 072a 5FEFA0E8 		.ascii	"_\357\240\350\242\003\243\306\226\267P\351p\2543\240"
 255      A203A3C6 
 255      96B750E9 
 255      70AC33A0 
 256 073a EB38744A 		.ascii	"\3538tJS\276\306\326\250$_\334\342B\273\253i\203:\237"
 256      53BEC6D6 
 256      A8245FDC 
 256      E242BBAB 
 256      69833A9F 
 257 074e DD7D6453 		.ascii	"\335}dS\363\206\334\262\031U\334\304U\234uqY\231\311"
 257      F386DCB2 
 257      1955DCC4 
ARM GAS  /tmp/cceL7qqK.s 			page 20


 257      559C7571 
 257      5999C9
 258 0761 D99BA5B3 		.ascii	"\331\233\245\263\267 \200\\\021B\252T2&F!\253b\304\216"
 258      B720805C 
 258      1142AA54 
 258      32264621 
 258      AB62C48E 
 259 0775 432555F8 		.ascii	"C%U\3708\262\231\250\352U\262\264\031\026\246\342\261"
 259      38B299A8 
 259      EA55B2B4 
 259      1916A6E2 
 259      B1
 260 0786 5C258FF0 		.ascii	"\\%\217\360qFs\376\030T\3112q\033\213\022/,[\363\020"
 260      714673FE 
 260      1854C932 
 260      711B8B12 
 260      2F2C5BF3 
 261 079b 1A2A9D0F 		.ascii	"\032*\235\017\252\264t>\240\222\303\315\251f\227\263"
 261      AAB4743E 
 261      A092C3CD 
 261      A96697B3 
 262 07ab CB76C798 		.ascii	"\313v\307\230\026\027Q\350\035R_\261\320C\026+\356\225"
 262      161751E8 
 262      1D525FB1 
 262      D043162B 
 262      EE95
 263 07bd 1C8995C6 		.ascii	"\034\211\225\306\035\226\306\035\341\326\237\254\315"
 263      1D96C61D 
 263      E1D69FAC 
 263      CD
 264 07ca D9A917DB 		.ascii	"\331\251\027\333\371*"
 264      F92A
 265 07d0 B61AD5F1 		.ascii	"\266\032\325\361Q\225)\304\325\256\007r\201\351tx\356"
 265      519529C4 
 265      D5AE0772 
 265      81E97478 
 265      EE
 266 07e1 DCCDCDAC 		.ascii	"\334\315\315\254\261\213\372\230\012\252\202\333\213"
 266      B18BFA98 
 266      0AAA82DB 
 266      8B
 267 07ee 2682698B 		.ascii	"&\202i\213\"%\236\244\356|*\374P\007d~\254B\266\306"
 267      22259EA4 
 267      EE7C2AFC 
 267      5007647E 
 267      AC42B6C6 
 268 0802 8AD10472 		.ascii	"\212\321\004r\003\037\247\267\020#\012\244\254\205B"
 268      031FA7B7 
 268      10230AA4 
 268      AC8542
 269 0811 4E8BC72A 		.ascii	"N\213\307* \223\177\205%\330\257\204\357\201\334\304"
 269      20937F85 
 269      25D8AF84 
 269      EF81DCC4 
 270 0821 C79C96C2 		.ascii	"\307\234\226\302\367@\266\211\333B`\225Wy4\271(Z\362"
 270      F740B689 
 270      DB426095 
ARM GAS  /tmp/cceL7qqK.s 			page 21


 270      577934B9 
 270      285AF2
 271 0834 813C12B7 		.ascii	"\201<\022\267\331@\346\265R\310\226Vl'R\261`\213\303"
 271      D940E6B5 
 271      52C89656 
 271      6C2752B1 
 271      608BC3
 272 0847 6AC71D15 		.ascii	"j\307\035\025\356\3129\270\262\372p\226),\356J;~\241"
 272      EECA39B8 
 272      B2FA7096 
 272      292CEE4A 
 272      3B7EA1
 273 085a 769C6CC5 		.ascii	"v\234l\305\231N\005\362\034\231\316\215\023#\015\354"
 273      994E05F2 
 273      1C99CE8D 
 273      13230DEC 
 274 086a 12C30B40 		.ascii	"\022\303\013@\024\026\247\220\253q|\233\362\007R'\356"
 274      1416A790 
 274      AB717C9B 
 274      F2075227 
 274      EE
 275 087b BA9167E2 		.ascii	"\272\221g\342.\201Lj\215[,\244U\255i\313[\270T\021v"
 275      2E814C6A 
 275      8D5B2CA4 
 275      55AD69CB 
 275      5BB85411 
 276 0890 55C8A6D6 		.ascii	"U\310\246\326T\217\373\263ov\242;\246\033\230\011\035"
 276      548FFBB3 
 276      6F76A23B 
 276      A61B9809 
 276      1D
 277 08a1 8A086018 		.ascii	"\212\010`\030K!\030\002c\010|K\310v\354\177\024\351"
 277      4B211802 
 277      63087C4B 
 277      C876EC7F 
 277      14E9
 278 08b3 34EDD172 		.ascii	"4\355\321ro\366\335)\315;\353[!\354Z\377\364b]N\313"
 278      6FF6DD29 
 278      CD3BEB5B 
 278      21EC5AFF 
 278      F4625D4E 
 279 08c8 156B83C1 		.ascii	"\025k\203\301Q\355h\3550\236\300w\204\355\275x5\323"
 279      51ED68ED 
 279      309EC077 
 279      84EDBD78 
 279      35D3
 280 08da 83D53B55 		.ascii	"\203\325;U\323R\013\261\336\031G`4{\257O\025\212\330"
 280      D3520BB1 
 280      DE194760 
 280      347BAF4F 
 280      158AD8
 281 08ed CD0BABD3 		.ascii	"\315\013\253\323\323\274\331\010A\026\301\020\026/T"
 281      D3BCD908 
 281      4116C110 
 281      162F54
 282 08fc 06386300 		.ascii	"\0068c\000\236\253V\3003\016\2506\000\243B8\210\332"
 282      9EAB56C0 
ARM GAS  /tmp/cceL7qqK.s 			page 22


 282      330EA836 
 282      00A34238 
 282      88DA
 283 090e ED940118 		.ascii	"\355\224\001\030\031\002\300\375\"\005\234\235\306\312"
 283      1902C0FD 
 283      22059C9D 
 283      C6CA
 284 091c 329CE04F 		.ascii	"2\234\340O\231\210\260\205\363c\014K\014\341\211\214"
 284      9988B085 
 284      F3630C4B 
 284      0CE1898C 
 285 092c 0D2DC508 		.ascii	"\015-\305\010L\"\220E`*\201i\004&\023\230Bp\264D\275"
 285      4C229045 
 285      602A8169 
 285      04261398 
 285      4270B444 
 286 0941 7CC0903B 		.ascii	"|\300\220;!D.\326z\317[\213(\345\203V\036A\026\265\021"
 286      21442ED6 
 286      7ACF5B8B 
 286      28E58356 
 286      1E4116B5 
 287 0956 B71AD9D5 		.ascii	"\267\032\331\325F!\327\332p\300\037x\243Bf\265\345\015"
 287      4621D7DA 
 287      70C01F78 
 287      A34266B5 
 287      E50D
 288 0968 913882A5 		.ascii	"\2218\202\245'\26267mh\272\343\316\032\247\373<B\227"
 288      27B23637 
 288      6D68BAE3 
 288      CE1AA7FB 
 288      3C4297
 289 097b BD9A69C7 		.ascii	"\275\232i\307\211y\317\233G\270E\363\011\303)d\203\340"
 289      8979CF9B 
 289      47B845F3 
 289      09C32964 
 289      83E0
 290 098d D88D9C6E 		.ascii	"\330\215\234n\253\220gHy\355h|\234\230]RlZ\205\227\310"
 290      AB906748 
 290      79ED687C 
 290      9C985D52 
 290      6C5A8597 
 291 09a2 382D202C 		.ascii	"8- ,\220/V\346\346\361\205\252\200\260\244X_\262}\205"
 291      902F56E6 
 291      E6F185AA 
 291      80B0A458 
 291      5FB27D85 
 292 09b6 DA40DA5E 		.ascii	"\332@\332^\202\242\012y\237\252\202\031^\023O\351\345"
 292      82A20A79 
 292      9FAA8219 
 292      5E134FE9 
 292      E5
 293 09c7 A55495BD 		.ascii	"\245T\225\275\355\024R\2134\343\3278\201\221n }\377"
 293      ED14528B 
 293      34E3D738 
 293      81916E20 
 293      7DFF
 294 09d9 1BBC47BA 		.ascii	"\033\274G\272\2054\243\275BJ\220N\266G^\235\347\375"
ARM GAS  /tmp/cceL7qqK.s 			page 23


 294      8534A3BD 
 294      424A904E 
 294      B6475E9D 
 294      E7FD
 295 09eb B4B030B2 		.ascii	"\264\2600\262\263y\373c\354\201&\344\350c\271\212@\011"
 295      B379FB63 
 295      EC8126E4 
 295      E863B98A 
 295      4009
 296 09fd 69A8507F 		.ascii	"i\250P\1772K\207\254\263@\022CF;\207\320\2351]lK\330"
 296      324B87AC 
 296      B3401243 
 296      463B87D0 
 296      9D315D6C 
 297 0a13 686F20B0 		.ascii	"ho \260\231\3006\002?\022\330H`\013\201\365\004\266"
 297      99C03602 
 297      3F12D848 
 297      600B81F5 
 297      04B6
 298 0a25 13D845A0 		.ascii	"\023\330E\240\202\300N\002e\004v\020('\260\211\300V"
 298      82C04E02 
 298      65047610 
 298      2827B089 
 298      C056
 299 0a37 ECA20742 		.ascii	"\354\242\007B\241\241S\256E\240\371 `J\216\330\032/"
 299      A1A153AE 
 299      45A0F920 
 299      604A8ED8 
 299      1A2F
 300 0a49 25B0D882 		.ascii	"%\260\330\202\272oB\215\313\021\273\"\272^ZPr\227Q7"
 300      BA6F428D 
 300      CB11BB22 
 300      BA5E5A50 
 300      72975137 
 301 0a5d 37476EA0 		.ascii	"7Gn\240\177\260\200\346\020\303\011O\015'\254\2659A"
 301      7FB080E6 
 301      10C3094F 
 301      0D27ACB5 
 301      3941
 302 0a6f CC9BF186 		.ascii	"\314\233\361\206\332EvQ\374\270\240h^\216\203\306\370"
 302      DA457651 
 302      FCB8A068 
 302      5E8E83C6 
 302      F8
 303 0a80 7C027319 		.ascii	"|\002s\031F\2171&I\360\3113\370,\264\360Y 1u\317g\011"
 303      468F3126 
 303      49F0C933 
 303      F82CB4F0 
 303      59203175 
 304 0a97 C37E51A1 		.ascii	"\303~Q\241\330\202\022\223\220\202\262L\206-\267\200"
 304      D8821293 
 304      9082B24C 
 304      862DB780 
 305 0aa7 4C7BD0A2 		.ascii	"L{\320\242\211\206\270\225\366\010\020\230\034\003\263"
 305      8986B895 
 305      F6081098 
 305      1C03B3
ARM GAS  /tmp/cceL7qqK.s 			page 24


 306 0ab6 C8AE1277 		.ascii	"\310\256\022w\320d\003\262\314>\034\0342\311\200\254"
 306      D06403B2 
 306      CC3E1C1C 
 306      32C980AC 
 307 0ac6 B06BC355 		.ascii	"\260k\303U~1K\016\330\032\273]\250\016\251\307\260\236"
 307      7E314B0E 
 307      D81ABB5D 
 307      A80EA9C7 
 307      B09E
 308 0ad8 D6811571 		.ascii	"\326\201\025q\213kW\206\024q\273\011\354!\306\0022z"
 308      8B6B5786 
 308      1471BB09 
 308      EC21C602 
 308      327A
 309 0aea C369979C 		.ascii	"\303i\227\234C{$\263\275t\016\025vP\310\016\244\313"
 309      437B24B3 
 309      BD740E15 
 309      7650C80E 
 309      A4CB
 310 0afc 48235EA3 		.ascii	"H#^\243\370\255'\036\354\210h(M\034bi\"\221\236fT\355"
 310      F8AD271E 
 310      EC886828 
 310      4D1C6269 
 310      22919E66 
 311 0b12 5ED39C66 		.ascii	"^\323\234f\211\032\221%x\226:L\030H!Y\257a\346y\215"
 311      891A9125 
 311      78963A4C 
 311      18482159 
 311      AF61E679 
 312 0b27 67A67664 		.ascii	"g\246vd1>m\240\254[<+\230\270\013\364\031HU:\365h\355"
 312      313E6DA0 
 312      AC5B3C2B 
 312      98B80BF4 
 312      1948553A 
 313 0b3e 61088EE9 		.ascii	"a\010\216\351&V\203*\353j f\025&O\036!p\202ApV\235#"
 313      2656832A 
 313      EB6A2066 
 313      15264F1E 
 313      21708241 
 314 0b56 7092C019 		.ascii	"p\222\300\031\002\247\010\234&p\226@5\23574\270\316"
 314      02A7089C 
 314      26709640 
 314      359D3734 
 314      B8CE
 315 0b68 3F1A4683 		.ascii	"?\032F\203\3530\201\203!\014E\352?\303\001|m\260\000"
 315      EB308183 
 315      210C45EA 
 315      3FC3017C 
 315      6DB000
 316 0b7b 8E89CCFE 		.ascii	"\216\211\314\376(E,@G\031\007\363\002$B\341\264\301"
 316      28452C40 
 316      471907F3 
 316      022442E1 
 316      B4C1
 317 0b8d E3788810 		.ascii	"\343x\210\020\261B\2353\000GB\000b\205\2526\000\023"
 317      B1429D33 
 317      00474200 
ARM GAS  /tmp/cceL7qqK.s 			page 25


 317      6285AA36 
 317      0013
 318 0b9f 420098E7 		.ascii	"B\000\230\347\217\243\307\256#\215\354H\327\321\333"
 318      8FA3C7AE 
 318      238DEC48 
 318      D7D1DB
 319 0bae 87EE5737 		.ascii	"\207\356W7\325\323U+\352\266\203\372\214\336K\240\222"
 319      D5D3552B 
 319      EAB683FA 
 319      8CDE4BA0 
 319      92
 320 0bbf C0F506E3 		.ascii	"\300\365\006\343\265n\263)\362\177\262\240\344\201\343"
 320      B56EB329 
 320      F27FB2A0 
 320      E481E3
 321 0bce DE1C3985 		.ascii	"\336\0349\205\366[0\346\263\227\2559\342\314\344\274"
 321      F65B30E6 
 321      B397AD39 
 321      E2CCE4BC 
 322 0bde 05226759 		.ascii	"\005\"gY\321\376\034\375\034o\237]\037.j\213I\235\013"
 322      D1FE1CFD 
 322      1C6F9F5D 
 322      1F2E6A8B 
 322      499D0B
 323 0bf1 3675446A 		.ascii	"6uDj\250\316qP>\030\362\263\031\204\247ScvP\310\356"
 323      A8CE7150 
 323      3E18F2B3 
 323      1984A753 
 323      637650C8 
 324 0c06 1C071D1E 		.ascii	"\034\007\035\036\364\331\001\006\321\263\207>7d.\236"
 324      F4D90106 
 324      D1B3873E 
 324      37642E9E 
 325 0c16 45602661 		.ascii	"E`&a\365\324u\0265\227\010\\%\3603\201k\004.\023\270"
 325      F5D47516 
 325      3597085C 
 325      25F03381 
 325      6B042E13 
 326 0c2b 42E02281 		.ascii	"B\340\"\201\032\242\177y\210\343\207\270@r\251\333\325"
 326      1AA27F79 
 326      88E387B8 
 326      4072A9DB 
 326      D5
 327 0c3c 75B79E16 		.ascii	"u\267\236\0269\032\232\007\267\330<\350\206\220;\223"
 327      391A9A07 
 327      B7D83CE8 
 327      86903B93 
 328 0c4c 9F8F8934 		.ascii	"\237\217\2114\257\226z\250\334&\014\246\220\365\035"
 328      AF967AA8 
 328      DC260CA6 
 328      90F51D
 329 0c5b 15B21BE9 		.ascii	"\025\262\033\351$\322\005\244[H\365H#_W\310D\244\\\244"
 329      24D205A4 
 329      5B48F548 
 329      235F57C8 
 329      44A45CA4 
 330 0c6f 65481B91 		.ascii	"eH\033\221*\221\016\276\216\242\343\257\027m\036\032"
ARM GAS  /tmp/cceL7qqK.s 			page 26


 330      2A910EBE 
 330      8EA2E3AF 
 330      176D1E1A 
 331 0c7f BA4EC9C9 		.ascii	"\272N\311\311p\203@-\362\177J\340\0313k\222\006/\010"
 331      7083402D 
 331      F27F4AE0 
 331      19336B92 
 331      062F08
 332 0c92 4CD0609C 		.ascii	"L\320`\234\006#4\030\253\301\267\032\340Vu\242\006\243"
 332      06233418 
 332      ABC1B71A 
 332      E05675A2 
 332      06A3
 333 0ca4 3518A5C1 		.ascii	"5\030\245\301H\015\236\023\030\257\301\030M,.\233\236"
 333      480D9E13 
 333      18AFC118 
 333      4D2C2E9B 
 333      9E
 334 0cb5 E8D17787 		.ascii	"\350\321w\207q\341\321g:tZb\000\306\233\000\262H[\365"
 334      71E1D167 
 334      3A745A62 
 334      00C69B00 
 334      B2485BF5 
 335 0cc9 449F230F 		.ascii	"D\237#\017\330{\335pSH,7X<\012a!*\250\215\006\340\256"
 335      D87BDD70 
 335      53482C37 
 335      583C0A61 
 335      212AA88D 
 336 0ce0 09C03888 		.ascii	"\011\3008\210\251Zf ~\011E\210iTj\350q\317\256\207\210"
 336      A95A6620 
 336      7E094588 
 336      69546AE8 
 336      71CFAE87 
 337 0cf5 DE950697 		.ascii	"\336\225\006\227\207!\212\240\030\032Q[\236h\024p\233"
 337      87218AA0 
 337      181A515B 
 337      9E681470 
 337      9B
 338 0d06 A50C1313 		.ascii	"\245\014\023\023\346\0171\241W\030L\352C\230\010M\226"
 338      E60F31A1 
 338      57184CEA 
 338      4398084D 
 338      96
 339 0d17 1980C721 		.ascii	"\031\200\307!\000\241\306f\003P\027\352s\356\323\245"
 339      00A1C666 
 339      035017EA 
 339      73EED3A5 
 340 0d27 862D4F2C 		.ascii	"\206-O,j\230\322J\211\001\271o7W`\012\237\2302\313\263"
 340      6A98D24A 
 340      8901B96F 
 340      3757600A 
 340      9F9832CB 
 341 0d3c 90CC528B 		.ascii	"\220\314R\21316\"\236\036\006\347\035+9\257\232\276"
 341      3136229E 
 341      1E06E71D 
 341      2B39AF9A 
 341      BE
ARM GAS  /tmp/cceL7qqK.s 			page 27


 342 0d4d 53B04268 		.ascii	"S\260BhR\256\2768ei0C\263'\214\242\034\0031\203\230"
 342      52AEBE38 
 342      65693043 
 342      B3278CA2 
 342      1C033183 
 343 0d62 11F546D9 		.ascii	"\021\365F\331[\224\233\313\3460\026\257OT\012\341\005"
 343      5B949BCB 
 343      E63016AF 
 343      4F540AE1 
 343      05
 344 0d73 B0800867 		.ascii	"\260\200\010g\024\032l\356\251f6\267\345\302\2754W\246"
 344      141A6CEE 
 344      A96636B7 
 344      E5C2BD34 
 344      57A6
 345 0d85 A63A3B88 		.ascii	"\246:;\210\317\364\272\311\271\353\232\004't\243\206"
 345      CFF4BAC9 
 345      B9EB9A04 
 345      2774A386 
 346 0d95 DE640AF1 		.ascii	"\336d\012\361\331aN*\"\033\324b\032P\331\342\210(\234"
 346      D9614E2A 
 346      221BD462 
 346      1A50D9E2 
 346      88289C
 347 0da8 365334F8 		.ascii	"6S4\370^\203\231\032L\325`\232\006\2635\310\326`\272"
 347      5E83991A 
 347      4CD5609A 
 347      06B335C8 
 347      D660BA
 348 0dbb 06DF6930 		.ascii	"\006\337i0K\203\034M\254'\331\334\032\314 \331\254'"
 348      4B831C4D 
 348      AC27D9DC 
 348      1ACC20D9 
 348      AC27
 349 0dcd 4F2A96DA 		.ascii	"O*\226\332p\231a\314-\213\2367\2451\363tc0C>\260\200"
 349      709961CC 
 349      2D8B9E37 
 349      A531F374 
 349      6330433E 
 350 0de3 EE9BCEAF 		.ascii	"\356\233\316\257\227\347\312\0249Y\263\261\022\250<"
 350      97E7CA14 
 350      3959B3B1 
 350      12A83C
 351 0df2 13AF8776 		.ascii	"\023\257\207v^8\312yt\204\325\331s\017W\233\317\204"
 351      5E38CA79 
 351      7484D5D9 
 351      730F579B 
 351      CF84
 352 0e04 850372B5 		.ascii	"\205\003r\265Ww\000\313\213\235y^T\311\212x\205lC\272"
 352      577700CB 
 352      8B9D795E 
 352      54C98A78 
 352      856C43BA 
 353 0e18 186FFBBC 		.ascii	"\030o\373\274Iw\360\017\356\215\343\317\373\261\204"
 353      4977F00F 
 353      EE8DE3CF 
 353      FBB184
ARM GAS  /tmp/cceL7qqK.s 			page 28


 354 0e27 D4483D43 		.ascii	"\324H=C\0358\265yq\214\265<Y\250\301\"\315(O\362\013"
 354      1D38B579 
 354      718CB53C 
 354      59A8C122 
 354      CD284FF2 
 355 0e3c 7F58623A 		.ascii	"\177Xb:s^$\255Y\254\361\015\360\364\013\023#\031\337"
 355      735E24AD 
 355      59ACF10D 
 355      F0F40B13 
 355      2319DF
 356 0e4f C51A2CD0 		.ascii	"\305\032,\320\260e\313\366)K\2325t\232R\210V\026\360"
 356      B065CBF6 
 356      294B9A35 
 356      749A5288 
 356      5616F0
 357 0e62 5E0B47FF 		.ascii	"^\013G\377\274\322\264\035)\224l\227 \200L\372-\226"
 357      BCD2B41D 
 357      29946C97 
 357      20804CFA 
 357      2D96
 358 0e74 3E482548 		.ascii	">H%H\273\221\256\"\215\356\244\220\354N\264sE\351\356"
 358      BB91AE22 
 358      8DEEA490 
 358      EC4EB473 
 358      45E9EE
 359 0e87 B3A08BA4 		.ascii	"\263\240\213\244\266\335\031\261\351\224\326\220\304"
 359      B6DD19B1 
 359      E994D690 
 359      C4
 360 0e94 35287135 		.ascii	"5(q5\227X\273\251\2420JJ\\#%\0263@\334\310\343\273j"
 360      9758BBA9 
 360      A2304A4A 
 360      5C232516 
 360      3340DCC8 
 361 0eab 9B1AD38D 		.ascii	"\233\032\323\215\325?{L\003\276L\203\015\0324P\232\357"
 361      D53F7B4C 
 361      03BE4C83 
 361      0D1A3450 
 361      9AEF
 362 0ebd 975F35F2 		.ascii	"\227_5\362-\030\363b\277\327\304i\251\235\223e&\314"
 362      2D18F362 
 362      BFD7C469 
 362      A99D9365 
 362      26CC
 363 0ecf D5204F63 		.ascii	"\325 Oc\343\260\201\005B\251\006e\032l\326`\243\006"
 363      E3B08105 
 363      42A90665 
 363      1A6CD660 
 363      A306
 364 0ee1 6B3558AF 		.ascii	"k5X\257\301&\354\256A\211X.\352\252r\305>\243X\203\""
 364      C126ECAE 
 364      4189582E 
 364      EAAA72C5 
 364      3EA35883 
 365 0ef6 0B7353D5 		.ascii	"\013sS\325\272\305\364Md\225\005$\263\307V\343[\306"
 365      BAC5F44D 
 365      64950524 
ARM GAS  /tmp/cceL7qqK.s 			page 29


 365      B3C756E3 
 365      5BC6
 366 0f08 4A1B4264 		.ascii	"J\033Bd\206\335\006d\271\005b\376\316\263O\327g\211"
 366      86DD0664 
 366      B90562FE 
 366      CEB34FD7 
 366      6789
 367 0f1a 06F3ED2E 		.ascii	"\006\363\355.\341\372T\232\364Yag\205\323d-\033\354"
 367      E1FA549A 
 367      F4596167 
 367      85D3642D 
 367      1BEC
 368 0f2c F54FCA72 		.ascii	"\365O\312r\233\267\262yg\313+y\207l\353$\316\221\370"
 368      9BB7B279 
 368      67CB2B79 
 368      876CEB24 
 368      CE91F8
 369 0f3f B7FD605B 		.ascii	"\267\375`[R\305\270\316]~p\271\351\330\246\302\364\255"
 369      52C5B8CE 
 369      5D7E70B9 
 369      E9D8A6C2 
 369      F4AD
 370 0f51 9187CB84 		.ascii	"\221\207\313\204\251w\362y\214\355\3401\266\377\320"
 370      A977F279 
 370      8CEDE031 
 370      B6FFD0
 371 0f60 DCDAE6FA 		.ascii	"\334\332\346\372\271\346N\032\347{g\214Y\331L?F\334"
 371      B9E64E1A 
 371      E77B678C 
 371      59D94C3F 
 371      46DC
 372 0f72 455B8277 		.ascii	"E[\202w\017\355\321\364\226\037i\313\361\033\247k\242"
 372      0FEDD1F4 
 372      961F69CB 
 372      F11BA76B 
 372      A2
 373 0f83 F5964ADA 		.ascii	"\365\226J\332R\373b\346\301\246z\313n\332\362`\372\254"
 373      52FB62E6 
 373      C1A67ACB 
 373      6EDAF260 
 373      FAAC
 374 0f95 870D7E7C 		.ascii	"\207\015~|\337\213v\356\341\352\274"
 374      DF8B76EE 
 374      E1EABC
 375 0fa0 383EEDA9 		.ascii	"8>\355\251C\352\273Wzk\037\003\374k\305\251\371\213"
 375      43EABB57 
 375      7A6B1F03 
 375      FC6BC5A9 
 375      F98B
 376 0fb2 D5CEB69F 		.ascii	"\325\316\266\237\220\257\211\245\305z*\274\254\302y"
 376      90AF89A5 
 376      C57A2ABC 
 376      ACC279
 377 0fc1 C9E4A2AC 		.ascii	"\311\344\242\254\013\316\033\220\255\026H\231\204\354"
 377      0BCE1B90 
 377      AD164899 
 377      84EC
ARM GAS  /tmp/cceL7qqK.s 			page 30


 378 0fcf 36205516 		.ascii	"6 U\026\3101\0119e@~\264@v\231\026\231U\006\346\252"
 378      C8310939 
 378      65407EB4 
 378      40769916 
 378      995506E6 
 379 0fe4 05F3B364 		.ascii	"\005\363\263ds\316\200l\263@\312MlN\033\230\235\026"
 379      73CE806C 
 379      B340CA4D 
 379      6C4E1B98 
 379      9D16
 380 0ff6 CC76C9E6 		.ascii	"\314v\311\346\214\001\331a\207\210"
 380      8C01D961 
 380      8788
 381 1000 A0AD2916 		.ascii	"\240\255)\026A\273E\205\215v\313\005je\261\334\373]"
 381      41BB4585 
 381      8D76CB05 
 381      6A65B1DC 
 381      FB5D
 382 1012 B3A06A4C 		.ascii	"\263\240jL\250\215\305\246\322\336\202:/\225:h(\265"
 382      A88DC5A6 
 382      D2DE823A 
 382      2F953A68 
 382      28B5
 383 1024 D702D92D 		.ascii	"\327\002\331-\227\245-&ig-\2403&\007\224pF\210\271b"
 383      97A52D26 
 383      69672DA0 
 383      33260794 
 383      704688B9 
 384 1039 F7A35887 		.ascii	"\367\243X\207W\024\343:\214\214\346\340\012\314@|\265"
 384      5714E33A 
 384      8C8CE6E0 
 384      0ACC407C 
 384      B5
 385 104a B17EE9DD 		.ascii	"\261~\351\335\257\213;\251\302q\373\310\012q\225\206"
 385      AF8B3BA9 
 385      C271FBC8 
 385      0A719586 
 386 105a B853164C 		.ascii	"\270S\026L\265\311\001\327L\016(\265\240JB\317\3370"
 386      B5C901D7 
 386      4C0E28B5 
 386      A04A42CF 
 386      DF30
 387 106c 9AB7E1A5 		.ascii	"\232\267\341\245\\\243(\234\317W48\255\301\011\015\016"
 387      5CA3289C 
 387      CF573438 
 387      ADC1090D 
 387      0E
 388 107d 6B704A83 		.ascii	"kpJ\203\375\032\\\323\340\244\006\0274\250\321\240Z"
 388      FD1A5CD3 
 388      E0A40617 
 388      34A8D1A0 
 388      5A
 389 108e 834B1A9C 		.ascii	"\203K\032\234\325\340\240\006g4\270\254A\225\006?k\360"
 389      D5E0A006 
 389      6734B8AC 
 389      4195063F 
 389      6BF0
ARM GAS  /tmp/cceL7qqK.s 			page 31


 390 10a0 93068734 		.ascii	"\223\006\20748\252\3011\015.jpD\203\003\032\034\327"
 390      38AAC131 
 390      0D2E6A70 
 390      4483031A 
 390      1CD7
 391 10b2 E09C0657 		.ascii	"\340\234\006W\3654\271\311\344\315\013\366Q\021\252"
 391      F534B9C9 
 391      E4CD0BF6 
 391      5111AA
 392 10c1 579B54AF 		.ascii	"W\233T\257\264\307.\037\273\263\306\330U\330\343R\344"
 392      B4C72E1F 
 392      BBB3C6D8 
 392      55D8E352 
 392      E4
 393 10d2 520372DA 		.ascii	"R\003r\332\356&\346\200\272\003\305\245lP\216\342\346"
 393      EE26E680 
 393      BA03C5A5 
 393      6C508EE2 
 393      E6
 394 10e3 8E61F433 		.ascii	"\216a\3643\365}2\004\252L\352\354\261\307\211\330\227"
 394      F57D3204 
 394      AA4CEAEC 
 394      B1C789D8 
 394      97
 395 10f4 2D2F6655 		.ascii	"-/fU\320V\015\3461?\362$i\336I^\327\303{\237\006\333"
 395      D0560DE6 
 395      313FF224 
 395      69DE495E 
 395      D7C37B9F 
 396 110a 35DB88E8 		.ascii	"5\333\210\350{R\223\264s\366\200\343\254\312L~\274d"
 396      7B5293B4 
 396      73F680E3 
 396      ACCA4C7E 
 396      BC64
 397 111c 4F23F4FC 		.ascii	"O#\364\374c\354\0334i-\331w\355`\263V\266\241\276\376"
 397      63EC1B34 
 397      692DD977 
 397      ED60B356 
 397      B6A1BEFE 
 398 1130 7F3BD434 		.ascii	"\177;\3244y\347\3552}\315\250\225\012\336\340\331\364"
 398      79E7ED32 
 398      7DCDA895 
 398      0ADEE0D9 
 398      F4
 399 1141 D2F4E55B 		.ascii	"\322\364\345[\232\275Y\025\014\326\237+\233t*\242\264"
 399      9ABD5915 
 399      0CD69F2B 
 399      9B742AA2 
 399      B4
 400 1152 24883BC8 		.ascii	"$\210;\310\033\270\242\260\217\361:x\003\377\364q\257"
 400      1BB8A2B0 
 400      8FF13A78 
 400      03FFF471 
 400      AF
 401 1163 74CBA628 		.ascii	"t\313\246(\223\025\342\010q\351?t\204\210|\027\035\337"
 401      9315E208 
 401      71E93F74 
ARM GAS  /tmp/cceL7qqK.s 			page 32


 401      84887C17 
 401      1DDF
 402 1175 5C6DFE4F 		.ascii	"\\m\376O\026S\001\255\211\322\216\220co(\3441R~g\205"
 402      165301AD 
 402      89D28E90 
 402      636F28E4 
 402      31527E67 
 403 118a 94239D43 		.ascii	"\224#\235Cz\2164\367M\205T ]E\232\371\026nP\221\256"
 403      7A8E34F7 
 403      4D855420 
 403      5D459AF9 
 403      166E5091 
 404 119f 224D7B5B 		.ascii	"\"M{[![\221.!\215IP\310j\244sH\223\336QH\021\322\341"
 404      215B912E 
 404      218D4950 
 404      C86AA473 
 404      4893DE51 
 405 11b7 771AAA0D 		.ascii	"w\032\252\015\237\\^;\252\241\243\336\261\016\005\306"
 405      9F5C5E3B 
 405      AAA1A3DE 
 405      B10E05C6 
 406 11c7 38F831D5 		.ascii	"8\3701\325\344o\317EHm\307:\014m\3079\350\367\032\344"
 406      E46FCF45 
 406      486DC73A 
 406      0C6DC739 
 406      E8F71AE4 
 407 11db BDE85D85 		.ascii	"\275\350]\205\354\177\027\301Q\307G\036\333\346\320"
 407      EC7F17C1 
 407      51C7471E 
 407      DBE6D0
 408 11ea BF2A9CDA 		.ascii	"\277*\234\332\220u\244\371\326\222`p|;\304\302\267\016"
 408      9075A4F9 
 408      D6926070 
 408      7C3BC4C2 
 408      B70E
 409 11fc 982C3B9B 		.ascii	"\230,;\233*\213\245c\307\006[\214\216\241\230\211\026"
 409      2A8BA563 
 409      C7065B8C 
 409      8EA19889 
 409      16
 410 120d 4CB823FB 		.ascii	"L\270#\373\011\014E+e\007Lr@\226C?\232\225\214\306\333"
 410      090C452B 
 410      65074C72 
 410      4096433F 
 410      9A958CC6 
 411 1222 84615D71 		.ascii	"\204a]q\360=j\320\352E\013F6iec:\265\001\246\244\356"
 411      F03D6AD0 
 411      EA450B46 
 411      36696563 
 411      3AB501A6 
 412 1238 3DF4ECFB 		.ascii	"=\364\354\373l\320n\356\231\030\362\257w\3379\314\377"
 412      6CD06EEE 
 412      9918F2AF 
 412      77DF39CC 
 412      FF
 413 1249 CF38B660 		.ascii	"\3178\266`\224\251\\\376^\012\237A\335\264\360}\361"
 413      94A95CFE 
ARM GAS  /tmp/cceL7qqK.s 			page 33


 413      5E0A9F41 
 413      DDB4F07D 
 413      F1
 414 125a 4F720E52 		.ascii	"Or\016R\301\370\025T\237Z\2446t\212\221\343\240\247"
 414      C1F81554 
 414      9F5AA436 
 414      748A91E3 
 414      A0A7
 415 126c 1895F41F 		.ascii	"\030\225\364\037\335\016\275\3709\277\211\371\030\343"
 415      DD0EBDF8 
 415      39BF89F9 
 415      18E3
 416 127a 18813A3A 		.ascii	"\030\201::\273g;\030\016\371t\275\363\335\364\3211a"
 416      BB673B18 
 416      0EF974BD 
 416      F3DDF4D1 
 416      3161
 417 128c 567E9690 		.ascii	"V~\226\220\013f6\237:\202\320y\375\004\313m\251\226"
 417      0B66369F 
 417      3A82D079 
 417      FD04CB6D 
 417      A996
 418 129e E974F491 		.ascii	"\351t\364\221\360\033b\036X0\2463\355\242\307?\216\011"
 418      F01B621E 
 418      5830A633 
 418      EDA2C73F 
 418      8E09
 419 12b0 B6181143 		.ascii	"\266\030\021C\325\270\317@|\377*\377\265\255\250Z\262"
 419      D5B8CF40 
 419      7CFF2AFF 
 419      B5ADA85A 
 419      B2
 420 12c1 093ACC6C 		.ascii	"\011:\314l\364z\230&\254\027\005A\306f\266\003\262\031"
 420      F47A9826 
 420      AC170541 
 420      C666B603 
 420      B219
 421 12d3 48B78931 		.ascii	"H\267\2111\022'\020\267\004',\211\036\332\025\342\322"
 421      122710B7 
 421      04272C89 
 421      1EDA15E2 
 421      D2
 422 12e4 6E48698F 		.ascii	"nHi\217,\030\323\271x\215\304<\265`L\307\360E7\245\260"
 422      2C18D3B9 
 422      788DC43C 
 422      B5604CC7 
 422      F04537A5 
 423 12f9 7A3B2301 		.ascii	"z;#\001:#A\317- \363a\365A)n\244\305\001\3463\273g\322"
 423      3A2341CF 
 423      2D20F361 
 423      F541296E 
 423      A4C501E6 
 424 1311 8F7743FD 		.ascii	"\217wC\375(\016:\237H\310\275PH\017\323t\230\345\240"
 424      280E3A9F 
 424      48C8BD50 
 424      480FD374 
 424      98E5A0
ARM GAS  /tmp/cceL7qqK.s 			page 34


 425 1324 FF200733 		.ascii	"\377 \0073\231,\214\334%\016X\346\200U\016X\344\200"
 425      992C8CDC 
 425      250E58E6 
 425      80550E58 
 425      E480
 426 1336 E50E98EB 		.ascii	"\345\016\230\353\200\325\016X\350\200\025\016\370\301"
 426      80D50E58 
 426      E880150E 
 426      F8C1
 427 1344 01B90E58 		.ascii	"\001\271\016X\352\200\371\016X\340\200|\007\314q@\236"
 427      EA80F90E 
 427      58E0807C 
 427      07CC7140 
 427      9E
 428 1355 030A1C50 		.ascii	"\003\012\034P\344\200\305\016X\351\200yb\036\325\225"
 428      E480C50E 
 428      58E98079 
 428      621ED595 
 429 1365 FDC86366 		.ascii	"\375\310cf\206\003\246[\354\220\033\206Za*\256\004\217"
 429      8603A65B 
 429      EC901B86 
 429      5A612AAE 
 429      048F
 430 1377 ED61256A 		.ascii	"\355a%j\217\215\005\237Q6\323\0340\232\261\321\017\034"
 430      8F8D059F 
 430      5136D31C 
 430      309AB1D1 
 430      0F1C
 431 1389 4C73BF4A 		.ascii	"Ls\277J\272l\204=fDa*1\317\354\243\3101\317\245\313"
 431      BA6C843D 
 431      6644612A 
 431      31CFECA3 
 431      C831CFA5 
 432 139e EE84BA4C 		.ascii	"\356\204\272L,q\007\204U\250\362(\373\350\360\025\356"
 432      2C710784 
 432      55A8F228 
 432      FBE8F015 
 432      EE
 433 13af 69C1CC66 		.ascii	"i\301\314fEA\302N\266B\331\350\3378e$\274\260G\002f"
 433      4541C24E 
 433      B642D9E8 
 433      DF386524 
 433      BCB04702 
 434 13c4 99BD6C7E 		.ascii	"\231\275l~\357\330\371d\221\371\333\274\030\2535\377"
 434      EFD8F964 
 434      91F9DBBC 
 434      18AB35FF 
 435 13d4 9B638562 		.ascii	"\233c\205b\2527^/5\375\027u\261Tg-O\337\007\367e_j&"
 435      AA375E2F 
 435      35FD1775 
 435      B154672D 
 435      4FDF07F7 
 436 13ec 0137E462 		.ascii	"\0017\344b\263\216\003n\235\256\337`Z\215\346H\300z"
 436      B38E036E 
 436      9DAEDF60 
 436      5A8DE648 
 436      C07A
ARM GAS  /tmp/cceL7qqK.s 			page 35


 437 13fe 0EA828C9 		.ascii	"\016\250(\311\3116q0}\365\330\300\001\343\257\3368\026"
 437      C9367130 
 437      7DF5D8C0 
 437      01E3AFDE 
 437      3816
 438 1410 2301F325 		.ascii	"#\001\363%\240\204\003\352\226\026\026\233\226\345\005"
 438      A08403EA 
 438      9616169B 
 438      96E505
 439 141f F2136429 		.ascii	"\362\023d)\007\254=\261y\261\331\012\011(\343\200]\027"
 439      07AC3DB1 
 439      79B1D90A 
 439      0928E380 
 439      5D17
 440 1431 7E1C65DA 		.ascii	"~\034e\332\265\255\224\200\215\324\021\3552\277v\372"
 440      B5AD9480 
 440      8DD411ED 
 440      32BF76FA 
 441 1441 535C5F79 		.ascii	"S\\_y\234\311).\277\337\351M\013x|C\\\311\236a]\273"
 441      9CC9292E 
 441      BFDFE94D 
 441      0B787C43 
 441      5CC99E61 
 442 1457 26FADD5F 		.ascii	"&\372\335_$\372\003\251=\272'\016\034\324\267Gw\347"
 442      24FA03A9 
 442      3DBA270E 
 442      1CD4B747 
 442      77E7
 443 1469 E0817FFC 		.ascii	"\340\201\177\374\253\363\023o\222\317\345\373&19=55"
 443      ABF3136F 
 443      92CFE5FB 
 443      2631393D 
 443      3535
 444 147b 3D2D31D3 		.ascii	"=-1\323\237\364\265\323\355\371\312\233,Xx\374\211~"
 444      9FF4B5D3 
 444      EDF9CA9B 
 444      2C5878FC 
 444      897E
 445 148d 5F7262A6 		.ascii	"_rb\246\265\325\231\354Nv\272\222S\235\311\351i\001"
 445      B5D599EC 
 445      4E76BA92 
 445      539DC9E9 
 445      6901
 446 149f 5F7A8AD3 		.ascii	"_z\212\323\347\3712\323\343\017tM\216\372S\277\301\361"
 446      E7F932D3 
 446      E30F744D 
 446      8EFA53BF 
 446      C1F1
 447 14b1 BD3EF8BD 		.ascii	"\275>\370\275\362\353\301\177u\016\374\244\347g}\234"
 447      F2EBC17F 
 447      750EFCA4 
 447      E7677D9C 
 448 14c1 1FF71BD4 		.ascii	"\037\367\033\324g\300G={\365q\016\0344`p\257Ao\204("
 448      67C0473D 
 448      7BF5710E 
 448      1C346070 
 448      AF416F84 
ARM GAS  /tmp/cceL7qqK.s 			page 36


 449 14d6 893C8678 		.ascii	"\211<\206x\207f\372\\\001oz\2323-35\311\343s\014\376"
 449      8766FA5C 
 449      016F7A9A 
 449      332D3335 
 449      C9E3730C 
 450 14eb E4D37E7F 		.ascii	"\344\323~\177z=\2349\002\325)\354\373\014\227\317\225"
 450      7A3D9C39 
 450      02D529EC 
 450      FB0C97CF 
 450      95
 451 14fc EAC1A70E 		.ascii	"\352\301\247\016!\220\200\313\377\205sHfZ2\025\246\015"
 451      219080CB 
 451      FF857348 
 451      665A3215 
 451      A60D
 452 150e 46DD5A87 		.ascii	"F\335Z\207\252\223\342\365\244\005\332\332X\373\003"
 452      AA93E2F5 
 452      A405DADA 
 452      58FB03
 453 151d AEB464CF 		.ascii	"\256\264d\317k!\355\010\365}c0|\3150\272\327'=\007\016"
 453      6B21ED08 
 453      F57D6330 
 453      7CCD30BA 
 453      D7273D07 
 454 1532 74F6FAB4 		.ascii	"t\366\372\264o\337\236\375z\013\303C%!\307@\246\277"
 454      6FDF9EFD 
 454      7A0BC343 
 454      2521C740 
 454      A6BF
 455 1544 55486B1A 		.ascii	"UHk\032*\356\030\334\353\317=\007\264\016\341\306\271"
 455      2AEE18DC 
 455      EBCF3D07 
 455      B40EE1C6 
 455      B9
 456 1555 FC3E3135 		.ascii	"\374>15-\220\230\234\030H\315Ht{3R\322S\277p%\342 d"
 456      2D90989C 
 456      1848CD48 
 456      747B3352 
 456      D253BF70 
 457 156d 7893BB7D 		.ascii	"x\223\273}\320\205\015p\346?w\301\201\354\202#\366\205"
 457      D0850D70 
 457      E63F77C1 
 457      81EC8223 
 457      F685
 458 157f 37D065C8 		.ascii	"7\320e\310\360DWF\206\362/\257\030\002\311\351>O\242"
 458      F0445746 
 458      86F22FAF 
 458      1802C9E9 
 458      3E4FA2
 459 1592 378D8DB9 		.ascii	"7\215\215\271+\303\333u\230\022o\033\260\324TW\232["
 459      2BC3DB75 
 459      98126F1B 
 459      B0D45457 
 459      9A5B
 460 15a4 3A391C80 		.ascii	":9\034\200?e\004|\241\003ip\360\245\007\322\223\323"
 460      3F65047C 
 460      A1036970 
ARM GAS  /tmp/cceL7qqK.s 			page 37


 460      F0A507D2 
 460      93D3
 461 15b6 53C2BDF7 		.ascii	"S\302\275\367g&\261\206\320Q\264\010\370M\230\227_y"
 461      6726B186 
 461      D051B408 
 461      F84D9897 
 461      5F79
 462 15c8 DDE15E65 		.ascii	"\335\341^ex\335\341t6b(\254Q\030\362.o\232\307\3271"
 462      78DDE174 
 462      366228AC 
 462      5118F22E 
 462      6F9AC7D7 
 463 15dd 0C40CC85 		.ascii	"\014@\314\205\267_&@\004q\233\206c&\316\345K\375\352"
 463      B75F2640 
 463      04719B86 
 463      6326CEE5 
 463      4BFDEA
 464 15f0 0F5D52BB 		.ascii	"\017]R\273\246\242\260\367\334\376\214\367\206d(Mqp"
 464      A6A2B0F7 
 464      DCFE8CF7 
 464      8664284D 
 464      7170
 465 1602 029EAFBB 		.ascii	"\002\236\257\273\244\366\350\241$8_qRz\377\277\346\276"
 465      A4F6E8A1 
 465      24385F71 
 465      527AFFBF 
 465      E6BE
 466 1614 124755CA 		.ascii	"\022GU\312\014xS\274\201o\234)\351iC\235C=\201\177\377"
 466      0C7853BC 
 466      816F9C29 
 466      E969439D 
 466      433D817F 
 467 1629 3BE24EF0 		.ascii	";\342N\360\300\330\373\255\311J\234/\311_8\003>W\232"
 467      C0D8FBAD 
 467      C94A9C2F 
 467      C95F3803 
 467      3E579A
 468 163c 7F88C7A7 		.ascii	"\177\210\307\247\313mg\370o\320\200\236\375\006~\324"
 468      CB6D67F8 
 468      6FD0809E 
 468      FD067ED4 
 469 164c 67809828 		.ascii	"g\200\230(\277\262\275\370\343\337\241\212Y6\352c71"
 469      BFB2BDF8 
 469      E3DFA18A 
 469      5936EA63 
 469      3731
 470 165e 2333D0DA 		.ascii	"#3\320\332\334\350\037\206cD\015oA[\375\337\370\003"
 470      DCE81F86 
 470      63440D6F 
 470      415BFDDF 
 470      F803
 471 1670 9E541E08 		.ascii	"\236T\036\010o\206<\353\274\277\362\244\271\323\015"
 471      6F863CEB 
 471      BCBFF2A4 
 471      B9D30D
 472 167f 7B5E0F45 		.ascii	"{^\017E%\017s\245\015\365\0309\306\366^pq\017\311t\246"
 472      250F73A5 
ARM GAS  /tmp/cceL7qqK.s 			page 38


 472      0DF51839 
 472      C6F65E70 
 472      710FC974 
 473 1694 A6BB3D09 		.ascii	"\246\273=\011\215\274\247\031\307\343Lu%\017\303\000"
 473      8DBCA719 
 473      C7E34C75 
 473      250FC300 
 474 16a4 6E0C6838 		.ascii	"n\014h8\331\357\375\233\347\235F\200n\017:f\2303\340"
 474      D9EFFD9B 
 474      E79D4680 
 474      6E0F3A66 
 474      9833E0
 475 16b7 4DF5A467 		.ascii	"M\365\244g\362\230\017\203Lve\270\222\250\213\274\036"
 475      F2980F83 
 475      4C7665B8 
 475      92A88BBC 
 475      1E
 476 16c8 BFCD133E 		.ascii	"\277\315\023>Oj:j6\334\365\205'3\003\223\252+)\305\343"
 476      4F6A3A6A 
 476      36DCF585 
 476      27330393 
 476      AA2B29C5 
 477 16dd B6296845 		.ascii	"\266)hE\031\014\277i\037\012\314H\037Nu\247\326\266"
 477      190CBF69 
 477      1F0ACC48 
 477      1F4E75A7 
 477      D6B6
 478 16ef 0E7DE7CF 		.ascii	"\016}\347\317\360x\3346\005\344\254\344A\356\362\371"
 478      F078DC36 
 478      05E4ACE4 
 478      41EEF2F9 
 479 16ff 5CDF34B7 		.ascii	"\\\3374\267NM\233\030\023\264\263\315r4y\010\315\217"
 479      4E4D9B18 
 479      13B4B3CD 
 479      72347908 
 479      CD8F
 480 1711 C3D37D5F 		.ascii	"\303\323}_8S<iC\003\303^k\024\364~\350\333\024\034\367"
 480      38533C69 
 480      4303C35E 
 480      6B14F47E 
 480      E8DB141C 
 481 1726 4C170EBD 		.ascii	"L\027\016\275\327mce3\240A\260m<\374\001\237\027c6\224"
 481      D76D6365 
 481      33A041B0 
 481      6D3CFC01 
 481      9F176336 
 482 173b 5BFCCB70 		.ascii	"[\374\313p\335\303\014l(#\3470\357\320a\334\305\357"
 482      DDC30C6C 
 482      2823E730 
 482      EFD061DC 
 482      C5EF
 483 174d BDB48BC4 		.ascii	"\275\264\213\304\2762\373!\231))\257\312^b\303\205\345"
 483      BE32FB21 
 483      992929AF 
 483      CA5E62C3 
 483      85E5
 484 175f 4BDD108A 		.ascii	"K\335\020\212k\3230\340M#\325\213\0168\2413\3221\244"
ARM GAS  /tmp/cceL7qqK.s 			page 39


 484      6BD330E0 
 484      4D23D58B 
 484      0E38A133 
 484      D231A4
 485 1772 70F14BC7 		.ascii	"p\361K\307\014\311\023}\307\306Q2\217\365\351\327\273"
 485      0CC9137D 
 485      C7C65132 
 485      8FF5E9D7 
 485      BB
 486 1783 FFA75899 		.ascii	"\377\247X\231\210<\366Vh?#V-\354_\177\011\314\366~\210"
 486      883CF656 
 486      683F2356 
 486      2DEC5F7F 
 486      09CCF67E 
 487 1798 D7E70F48 		.ascii	"\327\347\017HTB\350{k]\346\366\370\223}\336\214@\272"
 487      5442E87B 
 487      6B5DE6F6 
 487      F8937DDE 
 487      8C40BA
 488 17ab 2FAAAFEB 		.ascii	"/\252\257\353\353\376t\202\305$\245\366\014`\240$e\006"
 488      EBFE7482 
 488      C524A5F6 
 488      0C60A024 
 488      6506
 489 17bd 3CFEE6DE 		.ascii	"<\376\346\336^f|\253$\313\343g\256\224LO\363\244~"
 489      5E667CAB 
 489      24CBE367 
 489      AE944C4F 
 489      F3A47E
 490 17d0 99A91F1B 		.ascii	"\231\251\037\033Z\305\014\037\224\036p\245|\302\\\037"
 490      5AC50C1F 
 490      941E70A5 
 490      7CC25C1F 
 491 17e0 3178E09F 		.ascii	"1x\340\237?\0350(6\251\267!g\3207\031\236\310$\376\272"
 491      3F1D3028 
 491      36A9B721 
 491      67D03719 
 491      9EC824FE 
 492 17f5 133AA7D7 		.ascii	"\023:\247\327\247\375>\372\370O\203\007\364\034\364"
 492      A7FD3EFA 
 492      F84F8307 
 492      F41CF4
 493 1804 F1A7FD9C 		.ascii	"\361\247\375\234\275\373\014\3545\340\343\376\203>\035"
 493      BDFB0CEC 
 493      35E0E3FE 
 493      833E1D
 494 1813 10CE4D56 		.ascii	"\020\316MV\375\375\236\024Or\300cZ\367%\214-c\372h\310"
 494      FDFD9E14 
 494      4F72C063 
 494      5AF7258C 
 494      2D63FA68 
 495 1828 A2526FB1 		.ascii	"\242Ro\261-9]\014H\350\033Q\32393\206\271\3748\002C"
 495      2D395D0C 
 495      48E81B51 
 495      D3393386 
 495      B9FC3802 
 496 183d D3702579 		.ascii	"\323p%y\275\021\264'\220\231\361F\370\367C\322}\250"
ARM GAS  /tmp/cceL7qqK.s 			page 40


 496      BD11B427 
 496      9099F146 
 496      F8F743D2 
 496      7DA8
 497 184f E1DF5232 		.ascii	"\341\337R2~\033\036#RocRh\036lDg\\\3652R<\314K\226E"
 497      7E1B1E23 
 497      526F6352 
 497      681E6C44 
 497      675CF532 
 498 1869 A6613433 		.ascii	"\246a43\355\235W\342\226\214\313Q#H\243\201\317\276"
 498      ED9D57E2 
 498      968CCB51 
 498      2348A381 
 498      CFBE
 499 187b F7C323BD 		.ascii	"\367\303#\275i\241\340\267\303\203]\311\201LW\212\300"
 499      69A1E0B7 
 499      C3835DC9 
 499      814C578A 
 499      C0
 500 188c BD1B1E27 		.ascii	"\275\033\036'\256\036\267\200vm\304\246L\237\017+}\247"
 500      AE1EB780 
 500      766DC4A6 
 500      4C9F0F2B 
 500      7DA7
 501 189e DB157039 		.ascii	"\333\025p9YLx|o\205\207\233a\235\302\303\364\370\352"
 501      594C787C 
 501      6F85879B 
 501      619DC2C3 
 501      F4F8EA
 502 18b1 D8888B70 		.ascii	"\330\210\213p\016\304\277,\332\332\331#\226\307\266"
 502      0EC4BF2C 
 502      DADAD923 
 502      96C7B6
 503 18c0 2C2D7BF7 		.ascii	",-{\367\371\354cc\003\326\336\2167\262\300\353\366w"
 503      F9EC6363 
 503      03D6DE8E 
 503      37B2C0EB 
 503      F677
 504 18d2 699EAFA5 		.ascii	"i\236\257\245\256\035\032\222\245\317\330\246NW\012"
 504      AE1D1A92 
 504      A5CFD8A6 
 504      4E570A
 505 18e1 C63C2B1A 		.ascii	"\306<+\032\232$\261\231\376\225+\245\371p\2320\260|"
 505      9A24B199 
 505      FE952BA5 
 505      F9709A30 
 505      B07C
 506 18f3 F20406E2 		.ascii	"\362\004\006\342\213\026I}D\317\236n\267\317\343\367"
 506      8B16497D 
 506      44CF9E6E 
 506      B7CFE3F7 
 507 1903 D34D9391 		.ascii	"\323M\223\221\362l\323:\316.\320\343nkodA\336\200'\270"
 507      F26CD33A 
 507      CE2ED0E3 
 507      6E6B6F64 
 507      41DE8027 
 508 1918 8B7E133A 		.ascii	"\213~\023:\353\245\322-iV\262$+\1773\357@\217\317\353"
ARM GAS  /tmp/cceL7qqK.s 			page 41


 508      EBA5D22D 
 508      6956B224 
 508      2B7F33EF 
 508      408FCFEB 
 509 192c 4AE9C712 		.ascii	"J\351\307\022k\224\267\277/\335\235\231\034h\346\355"
 509      6B94B7BF 
 509      2FDD9D99 
 509      1C68E6ED 
 510 193c EB4ACB1C 		.ascii	"\353J\313\034B\343\313\347\3615IJv\367f\314\232x\335"
 510      42E3CBE7 
 510      F135494A 
 510      76F766CC 
 510      9A78DD
 511 194f 0211E575 		.ascii	"\002\021\345u\177\306\212\271\330$\213\315\335h^\243"
 511      7FC68AB9 
 511      D8248BCD 
 511      DD685EA3 
 512 195f D0FE62C3 		.ascii	"\320\376b\303\243?\017\314L\352E\213\210\030\361\314"
 512      A33F0FCC 
 512      4CEA458B 
 512      8818F1CC 
 513 196f 1E229033 		.ascii	"\036\"\2203\226\245\355\321/b\334l^i\035j\0173\277}"
 513      96A5EDD1 
 513      2F62DC6C 
 513      5E691D6A 
 513      0F33BF7D 
 514 1983 68ABA90E 		.ascii	"h\253\251\016\212\015\211\205V\266\245,\331\234\033"
 514      8A0D8985 
 514      56B6A52C 
 514      D99C1B
 515 1992 93DD7A62 		.ascii	"\223\335zbLA\016\303\\>\367p\227\317\323\332\002\320"
 515      4C410EC3 
 515      5C3EF770 
 515      97CFD3DA 
 515      02D0
 516 19a4 93452BC9 		.ascii	"\223E+\311\272Wo[\214Q\244P\307\305\007<\326\362\316"
 516      BA576F5B 
 516      8C51A450 
 516      C7C5073C 
 516      D6F2CE
 517 19b7 9BDEC2FA 		.ascii	"\233\336\302\372\354\373\3625KCz`\250\245x\354\020N"
 517      ECFBF235 
 517      4B437A60 
 517      A8A578EC 
 517      104E
 518 19c9 4B3A595A 		.ascii	"K:YZY^\362\301o/\313x\332h9\002\2101\353\316\346\313"
 518      595EF2C1 
 518      6F2FCB78 
 518      DA683902 
 518      8831EBCE 
 519 19df E70307F5 		.ascii	"\347\003\007\365\351+\332\270-]_\251n7X\306\206p\371"
 519      E92BDAB8 
 519      2D5D5FA9 
 519      6E3758C6 
 519      8670F9
 520 19f2 B7BF63D7 		.ascii	"\267\277c\327\301\305\341~C\226\026\326\315\027K1\276"
 520      C1C5E17E 
ARM GAS  /tmp/cceL7qqK.s 			page 42


 520      439616D6 
 520      CD174B31 
 520      BE
 521 1a03 003F44F0 		.ascii	"\000?D\3604\212r\007D\010\330v\331fT\2227\020z\266\241"
 521      348A7207 
 521      4408D876 
 521      D9665492 
 521      37107AB6 
 522 1a18 BFC77D3E 		.ascii	"\277\307}>\026\331\341z\373\003\351\031\264w\270\367"
 522      16D9E17A 
 522      FB03E919 
 522      B477B8F7 
 523 1a28 49AE4C37 		.ascii	"I\256L7\316+\317\033\341\366\221\303\221\273\010\340"
 523      CE2BCF1B 
 523      E1F691C3 
 523      91BB08E0 
 524 1a38 CE2FC764 		.ascii	"\316/\307d\372\2736\016\012M\353/\341\231\2249\0043"
 524      FABB360E 
 524      0A4DEB2F 
 524      E1999439 
 524      0433
 525 1a4a EA7B8D83 		.ascii	"\352{\215\203,K\312;\215c\207\245c,pd\227\306\221!K"
 525      2C4BCA3B 
 525      8D6387A5 
 525      632C7064 
 525      97C69121 
 526 1a5f 5A5807F9 		.ascii	"ZX\007\371<.=\224;\275\024\343y\267Q\210\305\222\367"
 526      3C2E3D94 
 526      3BBD14E3 
 526      79B75188 
 526      C592F7
 527 1a72 1B8586A8 		.ascii	"\033\205\206\250\027\326\030\006\016\365z\343\306p\247"
 527      17D61806 
 527      0EF57AE3 
 527      C670A7
 528 1a81 DB4E5864 		.ascii	"\333NXd\274\361s\245w\303\000\364\3038\224\200\366x"
 528      BCF173A5 
 528      77C300F4 
 528      C3389480 
 528      F678
 529 1a93 BF42AB13 		.ascii	"\277B\253\023^\006\325\201o\207\036\267\364\356\345"
 529      5E06D581 
 529      6F871EB7 
 529      F4EEE5
 530 1aa2 ECD9ABAF 		.ascii	"\354\331\253\257\263\177\317\001=\373\366\031d\234\036"
 530      B37FCF01 
 530      3DFBF619 
 530      649C1E
 531 1ab1 D88E6F42 		.ascii	"\330\216oB\225\023\373\362\317\377\201\323\025\353\021"
 531      9513FBF2 
 531      CFFF81D3 
 531      15EB11
 532 1ac0 83450E3D 		.ascii	"\203E\016=v{\231\246\341\374g,\346-\355g\260\266\023"
 532      767B99A6 
 532      E1FC672C 
 532      E62DED67 
 532      B0B613
ARM GAS  /tmp/cceL7qqK.s 			page 43


 533 1ad3 4AC1941B 		.ascii	"J\301\224\033\035\205\351\031\327l\217\333v(\305a\377"
 533      1D85E919 
 533      D76C8FDB 
 533      7628C561 
 533      FF
 534 1ae4 0300FB45 		.ascii	"\003\000\373E\013"
 534      0B
 535              		.text
 536              		.section	.gnu.lto_.symtab.fa04ab8388485754,"e",%progbits
 537 0000 5F75785F 		.ascii	"_ux_device_class_cdc_acm_control_request\000"
 537      64657669 
 537      63655F63 
 537      6C617373 
 537      5F636463 
 538 0029 00       		.ascii	"\000"
 539 002a 00       		.ascii	"\000"
 540 002b 00       		.ascii	"\000"
 541 002c 00000000 		.ascii	"\000\000\000\000\000\000\000\000"
 541      00000000 
 542 0034 20010000 		.ascii	" \001\000\000"
 543 0038 5F75785F 		.ascii	"_ux_system_slave\000"
 543      73797374 
 543      656D5F73 
 543      6C617665 
 543      00
 544 0049 00       		.ascii	"\000"
 545 004a 02       		.ascii	"\002"
 546 004b 00       		.ascii	"\000"
 547 004c 00000000 		.ascii	"\000\000\000\000\000\000\000\000"
 547      00000000 
 548 0054 6D020000 		.ascii	"m\002\000\000"
 549 0058 5F75785F 		.ascii	"_ux_utility_long_get\000"
 549      7574696C 
 549      6974795F 
 549      6C6F6E67 
 549      5F676574 
 550 006d 00       		.ascii	"\000"
 551 006e 02       		.ascii	"\002"
 552 006f 00       		.ascii	"\000"
 553 0070 00000000 		.ascii	"\000\000\000\000\000\000\000\000"
 553      00000000 
 554 0078 24010000 		.ascii	"$\001\000\000"
 555 007c 5F75785F 		.ascii	"_ux_device_stack_transfer_request\000"
 555      64657669 
 555      63655F73 
 555      7461636B 
 555      5F747261 
 556 009e 00       		.ascii	"\000"
 557 009f 02       		.ascii	"\002"
 558 00a0 00       		.ascii	"\000"
 559 00a1 00000000 		.ascii	"\000\000\000\000\000\000\000\000"
 559      00000000 
 560 00a9 2F010000 		.ascii	"/\001\000\000"
 561 00ad 5F75785F 		.ascii	"_ux_utility_long_put\000"
 561      7574696C 
 561      6974795F 
 561      6C6F6E67 
ARM GAS  /tmp/cceL7qqK.s 			page 44


 561      5F707574 
 562 00c2 00       		.ascii	"\000"
 563 00c3 02       		.ascii	"\002"
 564 00c4 00       		.ascii	"\000"
 565 00c5 00000000 		.ascii	"\000\000\000\000\000\000\000\000"
 565      00000000 
 566 00cd 34010000 		.ascii	"4\001\000\000"
 567 00d1 5F75785F 		.ascii	"_ux_utility_short_get\000"
 567      7574696C 
 567      6974795F 
 567      73686F72 
 567      745F6765 
 568 00e7 00       		.ascii	"\000"
 569 00e8 02       		.ascii	"\002"
 570 00e9 00       		.ascii	"\000"
 571 00ea 00000000 		.ascii	"\000\000\000\000\000\000\000\000"
 571      00000000 
 572 00f2 36010000 		.ascii	"6\001\000\000"
 573              		.text
 574              		.section	.gnu.lto_.ext_symtab.fa04ab8388485754,"e",%progbits
 575 0000 01       		.ascii	"\001"
 576 0001 01       		.ascii	"\001"
 577 0002 00       		.ascii	"\000"
 578 0003 02       		.ascii	"\002"
 579 0004 01       		.ascii	"\001"
 580 0005 01       		.ascii	"\001"
 581 0006 00       		.ascii	"\000"
 582 0007 01       		.ascii	"\001"
 583 0008 00       		.ascii	"\000"
 584 0009 01       		.ascii	"\001"
 585 000a 00       		.ascii	"\000"
 586 000b 01       		.ascii	"\001"
 587 000c 00       		.ascii	"\000"
 588              		.text
 589              		.section	.gnu.lto_.opts,"e",%progbits
 590 0000 272D666E 		.ascii	"'-fno-openmp' '-fno-openacc' '-fno-pie' '-fcf-prote"
 590      6F2D6F70 
 590      656E6D70 
 590      2720272D 
 590      666E6F2D 
 591 0033 6374696F 		.ascii	"ction=none' '-mcpu=cortex-m33' '-mthumb' '-mfpu=fpv"
 591      6E3D6E6F 
 591      6E652720 
 591      272D6D63 
 591      70753D63 
 592 0066 342D7370 		.ascii	"4-sp-d16' '-mfloat-abi=hard' '-mlibarch=armv8-m.mai"
 592      2D643136 
 592      2720272D 
 592      6D666C6F 
 592      61742D61 
 593 0099 6E2B6473 		.ascii	"n+dsp+fp' '-march=armv8-m.main+dsp+fp' '-Os' '-flto"
 593      702B6670 
 593      2720272D 
 593      6D617263 
 593      683D6172 
 594 00cc 2720272D 		.ascii	"' '-fdata-sections' '-ffunction-sections' '-Xassemb"
 594      66646174 
ARM GAS  /tmp/cceL7qqK.s 			page 45


 594      612D7365 
 594      6374696F 
 594      6E732720 
 595 00ff 6C657227 		.ascii	"ler' '-a' '-Xassembler' '-ad' '-Xassembler' '-alms="
 595      20272D61 
 595      2720272D 
 595      58617373 
 595      656D626C 
 596 0132 6275696C 		.ascii	"build/../sdk/stm32/STM32_USBX_Library/common/usbx_d"
 596      642F2E2E 
 596      2F73646B 
 596      2F73746D 
 596      33322F53 
 597 0165 65766963 		.ascii	"evice_classes/src/ux_device_class_cdc_acm_control_r"
 597      655F636C 
 597      61737365 
 597      732F7372 
 597      632F7578 
 598 0198 65717565 		.ascii	"equest.lst'\000"
 598      73742E6C 
 598      73742700 
 599              		.text
 600              		.comm	__gnu_lto_slim,1,1
 601              		.ident	"GCC: (15:10.3-2021.07-4) 10.3.1 20210621 (release)"
ARM GAS  /tmp/cceL7qqK.s 			page 46


DEFINED SYMBOLS
                            *ABS*:0000000000000000 ux_device_class_cdc_acm_control_request.c
                            *COM*:0000000000000001 __gnu_lto_slim

NO UNDEFINED SYMBOLS
