ARM GAS  /tmp/ccWVOtCN.s 			page 1


   1              		.cpu cortex-m33
   2              		.eabi_attribute 27, 1
   3              		.eabi_attribute 28, 1
   4              		.eabi_attribute 20, 1
   5              		.eabi_attribute 21, 1
   6              		.eabi_attribute 23, 3
   7              		.eabi_attribute 24, 1
   8              		.eabi_attribute 25, 1
   9              		.eabi_attribute 26, 1
  10              		.eabi_attribute 30, 4
  11              		.eabi_attribute 34, 1
  12              		.eabi_attribute 18, 4
  13              		.file	"ux_device_class_cdc_acm_write_with_callback.c"
  14              		.text
  15              		.section	.text._ux_device_class_cdc_acm_write_with_callback,"ax",%progbits
  16              		.align	1
  17              		.global	_ux_device_class_cdc_acm_write_with_callback
  18              		.arch armv8-m.main
  19              		.arch_extension dsp
  20              		.syntax unified
  21              		.thumb
  22              		.thumb_func
  23              		.fpu fpv4-sp-d16
  25              	_ux_device_class_cdc_acm_write_with_callback:
  26              		@ args = 0, pretend = 0, frame = 0
  27              		@ frame_needed = 0, uses_anonymous_args = 0
  28              		@ link register save eliminated.
  29 0000 5420     		movs	r0, #84
  30 0002 7047     		bx	lr
  32              		.section	.text._uxe_device_class_cdc_acm_write_with_callback,"ax",%progbits
  33              		.align	1
  34              		.global	_uxe_device_class_cdc_acm_write_with_callback
  35              		.syntax unified
  36              		.thumb
  37              		.thumb_func
  38              		.fpu fpv4-sp-d16
  40              	_uxe_device_class_cdc_acm_write_with_callback:
  41              		@ args = 0, pretend = 0, frame = 0
  42              		@ frame_needed = 0, uses_anonymous_args = 0
  43              		@ link register save eliminated.
  44 0000 28B1     		cbz	r0, .L4
  45 0002 31B9     		cbnz	r1, .L5
  46 0004 002A     		cmp	r2, #0
  47 0006 0CBF     		ite	eq
  48 0008 5420     		moveq	r0, #84
  49 000a FA20     		movne	r0, #250
  50 000c 7047     		bx	lr
  51              	.L4:
  52 000e FA20     		movs	r0, #250
  53 0010 7047     		bx	lr
  54              	.L5:
  55 0012 5420     		movs	r0, #84
  56 0014 7047     		bx	lr
  58              		.ident	"GCC: (15:10.3-2021.07-4) 10.3.1 20210621 (release)"
ARM GAS  /tmp/ccWVOtCN.s 			page 2


DEFINED SYMBOLS
                            *ABS*:0000000000000000 ux_device_class_cdc_acm_write_with_callback.c
     /tmp/ccWVOtCN.s:16     .text._ux_device_class_cdc_acm_write_with_callback:0000000000000000 $t
     /tmp/ccWVOtCN.s:25     .text._ux_device_class_cdc_acm_write_with_callback:0000000000000000 _ux_device_class_cdc_acm_write_with_callback
     /tmp/ccWVOtCN.s:33     .text._uxe_device_class_cdc_acm_write_with_callback:0000000000000000 $t
     /tmp/ccWVOtCN.s:40     .text._uxe_device_class_cdc_acm_write_with_callback:0000000000000000 _uxe_device_class_cdc_acm_write_with_callback

NO UNDEFINED SYMBOLS
