ARM GAS  /tmp/ccxFAm9C.s 			page 1


   1              		.cpu cortex-m33
   2              		.eabi_attribute 27, 1
   3              		.eabi_attribute 28, 1
   4              		.eabi_attribute 20, 1
   5              		.eabi_attribute 21, 1
   6              		.eabi_attribute 23, 3
   7              		.eabi_attribute 24, 1
   8              		.eabi_attribute 25, 1
   9              		.eabi_attribute 26, 1
  10              		.eabi_attribute 30, 4
  11              		.eabi_attribute 34, 1
  12              		.eabi_attribute 18, 4
  13              		.file	"ux_device_class_cdc_acm_tasks_run.c"
  14              		.section	.gnu.lto_.profile.cee91ed4b488e08b,"e",%progbits
  15 0000 789C6362 		.ascii	"x\234cb\000\001\000\000\022\000\003"
  15      00010000 
  15      120003
  16              		.text
  17              		.section	.gnu.lto_.icf.cee91ed4b488e08b,"e",%progbits
  18 0000 789CE360 		.ascii	"x\234\343`@\000F\206\306\347S\346\2610\000\000\014w"
  18      40004686 
  18      C6E753E6 
  18      B1300000 
  18      0C77
  19 0012 02A8     		.ascii	"\002\250"
  20              		.text
  21              		.section	.gnu.lto_.ipa_sra.cee91ed4b488e08b,"e",%progbits
  22 0000 789CE364 		.ascii	"x\234\343d@\000F d``ef\000\000\000\367\000\024"
  22      40004620 
  22      64606065 
  22      66000000 
  22      F70014
  23              		.text
  24              		.section	.gnu.lto_.inline.cee91ed4b488e08b,"e",%progbits
  25 0000 789C5361 		.ascii	"x\234Sa@\000F\006\006\346\006 `Jad`b`h\0042\353\030"
  25      40004606 
  25      06E60620 
  25      604A6164 
  25      60626068 
  26 0018 18D82042 		.ascii	"\030\330 BL !\006\006\000\231\226\007\201"
  26      4C202106 
  26      06009996 
  26      0781
  27              		.text
  28              		.section	.gnu.lto_.jmpfuncs.cee91ed4b488e08b,"e",%progbits
  29 0000 789CE362 		.ascii	"x\234\343b@\000F\006FF\006\206%\314\014\014\000\003"
  29      40004606 
  29      46460686 
  29      25CC0C0C 
  29      0003
  30 0012 A400B5   		.ascii	"\244\000\265"
  31              		.text
  32              		.section	.gnu.lto_.pureconst.cee91ed4b488e08b,"e",%progbits
  33 0000 789C6361 		.ascii	"x\234ca```dh`\001\000\0010\000\212"
  33      60606064 
  33      68600100 
  33      0130008A 
ARM GAS  /tmp/ccxFAm9C.s 			page 2


  34              		.text
  35              		.section	.gnu.lto_.lto.cee91ed4b488e08b,"e",%progbits
  36 0000 09000400 		.ascii	"\011\000\004\000\001\000\000\000"
  36      01000000 
  37              		.text
  38              		.section	.gnu.lto__ux_device_class_cdc_acm_tasks_run.3.cee91ed4b488e08b,"e",%progbits
  39 0000 789C558E 		.ascii	"x\234U\216;K\003A\024\205\357\335Y\237\277\301\"\225"
  39      3B4B0341 
  39      1485EFDD 
  39      599FBFC1 
  39      2295
  40 0012 62B1194D 		.ascii	"b\261\031M\020[\261\326*\012v\303dv\205e\263\017vv}"
  40      105BB1D6 
  40      2A0A76C3 
  40      64768565 
  40      B30F7676 
  41 0027 549958A6 		.ascii	"T\231X\246\211\211m\330*\210V\202\304W\267 \242\235"
  41      89896DD8 
  41      2A885682 
  41      C457B720 
  41      A29D
  42 0039 E21F10FF 		.ascii	"\342\037\020\377\202\225\205\240\263QP\213\003\367\034"
  42      829585A0 
  42      B351508B 
  42      03F71C
  43 0048 BE733943 		.ascii	"\276s9C\0008\326\232\325B\002\330\353\266\015PJ\255"
  43      0038D69A 
  43      D54202D8 
  43      EBB60D50 
  43      4AAD
  44 005a 4C18D8EA 		.ascii	"L\030\330\352\266\357O/M\274\301Q\200\3204\260\211G"
  44      B6EF4F2F 
  44      4DBCC151 
  44      80D034B0 
  44      8947
  45 006c A44FB047 		.ascii	"\244O\260G\006\0326\177.\304\322|\256\324\373]\366p"
  45      061A367F 
  45      2EC4D27C 
  45      AED4FB5D 
  45      F670
  46 007e 8BFD93DC 		.ascii	"\213\375\223\334\034\020\0032\015\\ \016Q\177\006\015"
  46      1C100332 
  46      0D5C200E 
  46      517F060D 
  47 008e 920C614E 		.ascii	"\222\014aNSO/\327JM\301\200\020\274\302?\220\01648\016"
  47      534F2FD7 
  47      4A4DC180 
  47      10BCC23F 
  47      900E3438 
  48 00a3 45B118A3 		.ascii	"E\261\030\243u\366<\226\253\217\317\216R\2173\257\347"
  48      75F63C96 
  48      AB8FCF8E 
  48      528F33AF 
  48      E7
  49 00b4 D3064087 		.ascii	"\323\006@\207\024\343\224\211*\0078$\306\267ii\363\206"
  49      14E39489 
  49      2A073824 
ARM GAS  /tmp/ccxFAm9C.s 			page 3


  49      C6B76969 
  49      F386
  50 00c6 07A5628B 		.ascii	"\007\245b\213\211FQ\357\020\374\005\001\226\251\037"
  50      894651EF 
  50      10FC0501 
  50      96A91F
  51 00d5 2454D0C4 		.ascii	"$T\320\304\217\250\355F\215\320\3678M\3420r\305\302"
  51      8FA8ED46 
  51      8DD0F738 
  51      4DE23072 
  51      C5C2
  52 00e7 A22513BF 		.ascii	"\242%\023\277ZI\227\254T\326-\333\331\361\334\304\332"
  52      5A4997AC 
  52      54D62DDB 
  52      D9F1DCC4 
  52      DA
  53 00f8 DEA53C8A 		.ascii	"\336\245<\212@\224\313T\332\036\035\021\264\266\261"
  53      4094CB54 
  53      DA1E1D11 
  53      B4B6B1
  54 0107 5EADB0CD 		.ascii	"^\255\260\315\332\352\026[s\3531\217\367\251\010}?\014"
  54      DAEA165B 
  54      73EB318F 
  54      F7A9087D 
  54      3F0C
  55 0119 A86EEE31 		.ascii	"\250n\3561]u\205\303D\203K\351H*cA\323\377)\023\266"
  55      5D7585C3 
  55      44834BE9 
  55      482A6341 
  55      D3FF2913 
  56 012e 605CF82C 		.ascii	"`\\\370,\341\322\223,N\203\262\200I7\220\011\017\204"
  56      E1D2932C 
  56      4E83B280 
  56      49379009 
  56      0F84
  57 0140 F305CB8D 		.ascii	"\363\005\313\215y\324"
  57      79D4
  58              		.text
  59              		.section	.gnu.lto_.symbol_nodes.cee91ed4b488e08b,"e",%progbits
  60 0000 789C9363 		.ascii	"x\234\223c\000\002&\346z\206\006 `a\234p\216\201\241"
  60      000226E6 
  60      7A860620 
  60      60619C70 
  60      8E81A1
  61 0013 9E816157 		.ascii	"\236\201aWC##\003#\003\030\000\000uh\006B"
  61      43232303 
  61      23031800 
  61      00756806 
  61      42
  62              		.text
  63              		.section	.gnu.lto_.refs.cee91ed4b488e08b,"e",%progbits
  64 0000 789C6364 		.ascii	"x\234cd\000\002\000\000\012\000\002"
  64      00020000 
  64      0A0002
  65              		.text
  66              		.section	.gnu.lto_.decls.cee91ed4b488e08b,"e",%progbits
  67 0000 789CB552 		.ascii	"x\234\265RMh\023Q\020\236y\273\311n\237\301\024\331"
ARM GAS  /tmp/ccxFAm9C.s 			page 4


  67      4D681351 
  67      109E79BB 
  67      C96E9FC1 
  67      14D9
  68 0012 D25B89F5 		.ascii	"\322[\211\365`\240$\253\033\3749\006\005E\324\"\332"
  68      60A024AB 
  68      1BFC3906 
  68      0545D422 
  68      DA
  69 0023 82F5B2A4 		.ascii	"\202\365\262\244\373\322\022\332MB6\325z{`EA\205\322"
  69      FBD212DA 
  69      4D4236D5 
  69      7A7B6045 
  69      4185D2
  70 0036 8B821EAC 		.ascii	"\213\202\036\254\007\361 \"b\265V\255\375\361\020\020"
  70      07F12022 
  70      62B556AD 
  70      FDF11010 
  71 0046 41C58337 		.ascii	"A\305\2037QP\"\025\364\240 ^tv\2234)\036zr\3307\357"
  71      51502215 
  71      F4A0205E 
  71      74769334 
  71      291E7A72 
  72 005d 6766BEEF 		.ascii	"gf\276\357{\363v\263\002p\024\001\004\000\374!c4\277"
  72      7BF376B3 
  72      02701401 
  72      0400FC21 
  72      6334BF
  73 0070 A6414730 		.ascii	"\246AG0\0145\363\327\313\360\257\235\243@\210\346M4"
  73      0C35F3D7 
  73      CBF0AF9D 
  73      A34088E6 
  73      4D34
  74 0082 0C1A8BF5 		.ascii	"\014\032\213\365\232\201u\352\256*lb\372\343s\365\023"
  74      9A8175EA 
  74      AE2A6C62 
  74      FAE373F5 
  74      13
  75 0093 02A31C55 		.ascii	"\002\243\034U \342\273\235\3448\234P\300\220L\262\260"
  75      20E2BB9D 
  75      E4389C50 
  75      C0904CB2 
  75      B0
  76 00a4 501857B8 		.ascii	"P\030W\270\"x\005\273\342?\224\264\316\342Q\256\337"
  76      227805BB 
  76      E23F94B4 
  76      CEE251AE 
  76      DF
  77 00b5 5AC6761E 		.ascii	"Z\306v\036\322\031\253j\202\307\177\343mv=\034KKU\\"
  77      D219AB6A 
  77      82C77FE3 
  77      6D763D1C 
  77      4B4B555C 
  78 00c9 ECA86A92 		.ascii	"\354\250j\222M\366\032\2514\371\252VAAUGT\275\235VU"
  78      4DF61AA9 
  78      34F9AA56 
  78      41415547 
ARM GAS  /tmp/ccxFAm9C.s 			page 5


  78      54BD9D56 
  79 00de 8DFF50AE 		.ascii	"\215\377P\256_\012\213\227\354\374V\254 \027\226!\245"
  79      5F0A8B97 
  79      ECFC56AC 
  79      20179621 
  79      A5
  80 00ef 4CEB7A57 		.ascii	"L\353zWtIYR\366\001\350\372\335;\035\274\252E\011\""
  80      74495952 
  80      F601E8FA 
  80      DD3B1DBC 
  80      AA450922 
  81 0103 2E62ED22 		.ascii	".b\355\"\026\255`H\010n\304\201D\010\313J3N\310\252"
  81      16AD6048 
  81      086EC481 
  81      4408CB4A 
  81      334EC8AA 
  82 0117 5E414BC1 		.ascii	"^AK\301\210%?\254tr\344m]\261\270\337\274}\214p\225"
  82      88253FAC 
  82      7472E46D 
  82      5DB1B8DF 
  82      BC7D8C70 
  83 012c 3F0D438D 		.ascii	"?\015C\2158Es\213\030\347\314b\312\301\252\006\300X"
  83      3845738B 
  83      18E7CC62 
  83      CAC1AA06 
  83      C058
  84 013e 0C40AA7A 		.ascii	"\014@\252z$\202\222\2466\373\2408bq\250j\214B\206\212"
  84      248292A6 
  84      36FBA038 
  84      6271A86A 
  84      8C42868A 
  85 0152 9261B392 		.ascii	"\222a\263\222\207\20366\372\211\200\376Ws\340o\240\225"
  85      87833636 
  85      FA8980FE 
  85      5773E06F 
  85      A095
  86 0164 2538F733 		.ascii	"%8\3673\251\257X{\200\306\351\352T_\327\022j8\254A\200"
  86      A9AF587B 
  86      80C6E9EA 
  86      545FD712 
  86      6A38AC41 
  87 0179 0D12A847 		.ascii	"\015\022\250G[\300\233\032\352:\0328\015\236\026\215"
  87      5BC09B1A 
  87      EA3A1A38 
  87      0D9E168D 
  88 0189 4DADF4C2 		.ascii	"M\255\364\3025\022\326Z\023\324\255\021\336\204\204"
  88      3512D65A 
  88      13D4AD11 
  88      DE8484
  89 0198 555868B9 		.ascii	"UXh\271x\355\267\271\377s~&\362\231\332&+\235\270q2"
  89      78EDB7B9 
  89      FF737E26 
  89      F299DA26 
  89      2B9DB871 
  90 01ad 0DA86C01 		.ascii	"\015\250l\001z?S\006v\343\001U?\304\325\277\354\313"
  90      7A3F5306 
  90      76E30155 
ARM GAS  /tmp/ccxFAm9C.s 			page 6


  90      3FC4D5BF 
  90      ECCB
  91 01bf AF8995A8 		.ascii	"\257\211\225\250\352\003\014caJ\301M\310\310\033\330"
  91      EA030C63 
  91      614AC14D 
  91      C8C81BD8 
  92 01cf 4E7E2068 		.ascii	"N~ hr4X\201r\017!\210\253A<F\265\227\347\246\336h|A"
  92      72345881 
  92      720F2188 
  92      AB413C46 
  92      B597E7A6 
  93 01e7 CAEF7261 		.ascii	"\312\357ra\242\015p\001\361\031\241\317#\345\317\">"
  93      A20D7001 
  93      F119A1CF 
  93      23E5CF22 
  93      3E
  94 01f8 457C8294 		.ascii	"E|\202\224\366\362\374\253\267\241N\342\376*\245\201"
  94      F6F2FCAB 
  94      B7A14EE2 
  94      FE2AA581 
  95 0208 8B888F11 		.ascii	"\213\210\217\021\347\374\333,Q\362#\014dL\337\2740\023"
  95      E7FCDB2C 
  95      51F2230C 
  95      644CDFBC 
  95      3013
  96 021a EEBE7645 		.ascii	"\356\276vE\376z\377\342\333\031\353\303\254\224g\251"
  96      FE7AFFE2 
  96      DB19EBC3 
  96      AC9467A9 
  97 022a 42F793F0 		.ascii	"B\367\223\360\001\022\\pI_\374\014\342}\332\031\231"
  97      01125C70 
  97      495FFC0C 
  97      E27DDA19 
  97      99
  98 023b 927B7277 		.ascii	"\222{rw\302M\272\231\\\276Gx\305\236\241\"lp\012\245"
  98      C24DBA99 
  98      5CBE4778 
  98      C59EA122 
  98      6C700AA5 
  99 024f 72763CE1 		.ascii	"rv<\341\246R\320m\217\215\333\"{2\347dmg4\343y\266#"
  99      A652D06D 
  99      8F8DDB22 
  99      7B32E764 
  99      6D6734E3 
 100 0266 1C3BE3B8 		.ascii	"\034;\343\270v9\343\215xvi,?\230L\232\236\0301\275\262"
 100      7639E38D 
 100      7876692C 
 100      3F984C9A 
 100      9E1831BD 
 101 027b 9BB2CC63 		.ascii	"\233\262\314c}\207S\226\335\177l\317q\373Pn\260\224"
 101      7D875396 
 101      DD7F6CCF 
 101      71FB506E 
 101      B094
 102 028d 299D369D 		.ascii	")\2356\235\202\353\026\362\346\2307\270\026*\353\231"
 102      82EB16F2 
 102      E69837B8 
ARM GAS  /tmp/ccxFAm9C.s 			page 7


 102      162AEB99 
 103 029d 5EC931D7 		.ascii	"^\3111\327%H:\372\376\336\376\330\336\355\273@\355?"
 103      25483AFA 
 103      FEDEFED8 
 103      DEEDBB40 
 103      ED3F
 104 02af D0DBB7CB 		.ascii	"\320\333\267\313t\363e\3231\313n\321\024\271\342h\301"
 104      74F365D3 
 104      31CB6ED1 
 104      14B9E268 
 104      C1
 105 02c0 1DC998E5 		.ascii	"\035\311\230\345R\241\230s\266mO\0042\306v$\210.A\270"
 105      52A19873 
 105      B66D4F04 
 105      32C67624 
 105      882E41B8 
 106 02d4 23B97262 		.ascii	"#\271rb\350\224\231)\026\301\371\377B\341/\300z;\016"
 106      E8949929 
 106      16C1F9FF 
 106      42E12FC0 
 106      7A3B0E
 107              		.text
 108              		.section	.gnu.lto_.symtab.cee91ed4b488e08b,"e",%progbits
 109 0000 5F75785F 		.ascii	"_ux_device_class_cdc_acm_tasks_run\000"
 109      64657669 
 109      63655F63 
 109      6C617373 
 109      5F636463 
 110 0023 00       		.ascii	"\000"
 111 0024 00       		.ascii	"\000"
 112 0025 00       		.ascii	"\000"
 113 0026 00000000 		.ascii	"\000\000\000\000\000\000\000\000"
 113      00000000 
 114 002e C3000000 		.ascii	"\303\000\000\000"
 115              		.text
 116              		.section	.gnu.lto_.ext_symtab.cee91ed4b488e08b,"e",%progbits
 117 0000 01       		.ascii	"\001"
 118 0001 01       		.ascii	"\001"
 119 0002 00       		.ascii	"\000"
 120              		.text
 121              		.section	.gnu.lto_.opts,"e",%progbits
 122 0000 272D666E 		.ascii	"'-fno-openmp' '-fno-openacc' '-fno-pie' '-fcf-prote"
 122      6F2D6F70 
 122      656E6D70 
 122      2720272D 
 122      666E6F2D 
 123 0033 6374696F 		.ascii	"ction=none' '-mcpu=cortex-m33' '-mthumb' '-mfpu=fpv"
 123      6E3D6E6F 
 123      6E652720 
 123      272D6D63 
 123      70753D63 
 124 0066 342D7370 		.ascii	"4-sp-d16' '-mfloat-abi=hard' '-mlibarch=armv8-m.mai"
 124      2D643136 
 124      2720272D 
 124      6D666C6F 
 124      61742D61 
 125 0099 6E2B6473 		.ascii	"n+dsp+fp' '-march=armv8-m.main+dsp+fp' '-Os' '-flto"
ARM GAS  /tmp/ccxFAm9C.s 			page 8


 125      702B6670 
 125      2720272D 
 125      6D617263 
 125      683D6172 
 126 00cc 2720272D 		.ascii	"' '-fdata-sections' '-ffunction-sections' '-Xassemb"
 126      66646174 
 126      612D7365 
 126      6374696F 
 126      6E732720 
 127 00ff 6C657227 		.ascii	"ler' '-a' '-Xassembler' '-ad' '-Xassembler' '-alms="
 127      20272D61 
 127      2720272D 
 127      58617373 
 127      656D626C 
 128 0132 6275696C 		.ascii	"build/../sdk/stm32/STM32_USBX_Library/common/usbx_d"
 128      642F2E2E 
 128      2F73646B 
 128      2F73746D 
 128      33322F53 
 129 0165 65766963 		.ascii	"evice_classes/src/ux_device_class_cdc_acm_tasks_run"
 129      655F636C 
 129      61737365 
 129      732F7372 
 129      632F7578 
 130 0198 2E6C7374 		.ascii	".lst'\000"
 130      2700
 131              		.text
 132              		.comm	__gnu_lto_slim,1,1
 133              		.ident	"GCC: (15:10.3-2021.07-4) 10.3.1 20210621 (release)"
ARM GAS  /tmp/ccxFAm9C.s 			page 9


DEFINED SYMBOLS
                            *ABS*:0000000000000000 ux_device_class_cdc_acm_tasks_run.c
                            *COM*:0000000000000001 __gnu_lto_slim

NO UNDEFINED SYMBOLS
