ARM GAS  /tmp/ccI7r3XX.s 			page 1


   1              		.cpu cortex-m33
   2              		.eabi_attribute 27, 1
   3              		.eabi_attribute 28, 1
   4              		.eabi_attribute 20, 1
   5              		.eabi_attribute 21, 1
   6              		.eabi_attribute 23, 3
   7              		.eabi_attribute 24, 1
   8              		.eabi_attribute 25, 1
   9              		.eabi_attribute 26, 1
  10              		.eabi_attribute 30, 4
  11              		.eabi_attribute 34, 1
  12              		.eabi_attribute 18, 4
  13              		.file	"ux_device_stack_endpoint_stall.c"
  14              		.section	.gnu.lto_.profile.2e4855704445e454,"e",%progbits
  15 0000 789C6361 		.ascii	"x\234ca\000\002F\006\006\000\000+\000\006"
  15      00024606 
  15      0600002B 
  15      0006
  16              		.text
  17              		.section	.gnu.lto_.icf.2e4855704445e454,"e",%progbits
  18 0000 789CE360 		.ascii	"x\234\343`@\000F\206\335\223\036-ga\000\000\015}\002"
  18      40004686 
  18      DD931E2D 
  18      67610000 
  18      0D7D02
  19 0013 E4       		.ascii	"\344"
  20              		.text
  21              		.section	.gnu.lto_.ipa_sra.2e4855704445e454,"e",%progbits
  22 0000 789CE367 		.ascii	"x\234\343g@\000F \004\002f0\305\304\000\000\001\356"
  22      40004620 
  22      04026630 
  22      C5C40000 
  22      01EE
  23 0012 0018     		.ascii	"\000\030"
  24              		.text
  25              		.section	.gnu.lto_.inline.2e4855704445e454,"e",%progbits
  26 0000 789CB365 		.ascii	"x\234\263e@\000F\006\006\231\007\235\253n3e020I\266"
  26      40004606 
  26      0699079D 
  26      AB6E3365 
  26      30323049 
  27 0015 9E5DBD90 		.ascii	"\236]\275\220)\215\201\201\263c\372\316[L)L\014L@%L"
  27      298D8181 
  27      B363FACE 
  27      5B4C294C 
  27      0C4C4025 
  28 002a DC2075FD 		.ascii	"\334 u\375~`\232\201]\030H0O\360c\000\"\000\3524\014"
  28      7E609A81 
  28      5D184830 
  28      4FF06300 
  28      2200EA34 
  29 003f CB       		.ascii	"\313"
  30              		.text
  31              		.section	.gnu.lto_.jmpfuncs.2e4855704445e454,"e",%progbits
  32 0000 789C0B65 		.ascii	"x\234\013e@\000F\006FF\306\372%\314\014L@\366\001\026"
  32      40004606 
  32      4646C6FA 
ARM GAS  /tmp/ccI7r3XX.s 			page 2


  32      25CC0C4C 
  32      40F60116 
  33 0014 460620FE 		.ascii	"F\006 \376\017\004\374\014\014l\350\"L\223\230\2270"
  33      0F04FC0C 
  33      0C6CE822 
  33      4C939897 
  33      30
  34 0025 33328A80 		.ascii	"32\212\200\205E@R\014,u\014\350\252\352\025\030\000"
  34      85454052 
  34      0C2C750C 
  34      E8AAEA15 
  34      1800
  35 0037 9624165E 		.ascii	"\226$\026^"
  36              		.text
  37              		.section	.gnu.lto_.pureconst.2e4855704445e454,"e",%progbits
  38 0000 789C6361 		.ascii	"x\234ca```d\230\305\002\000\001d\000\244"
  38      60606064 
  38      98C50200 
  38      016400A4 
  39              		.text
  40              		.section	.gnu.lto_.lto.2e4855704445e454,"e",%progbits
  41 0000 09000400 		.ascii	"\011\000\004\000\001\000\000\000"
  41      01000000 
  42              		.text
  43              		.section	.gnu.lto__ux_device_stack_endpoint_stall.3.2e4855704445e454,"e",%progbits
  44 0000 789C6D53 		.ascii	"x\234mSKl\023W\024}\347\335\231\261\023c7-?uQ\225MU"
  44      4B6C1357 
  44      147DE7DD 
  44      99B11363 
  44      372D3F75 
  45 0018 B1488606 		.ascii	"\261H\206\006E,[\261a\003\013\004U\273\263\034\333T"
  45      452C5BB1 
  45      61030B04 
  45      55BBB31C 
  45      DB54
  46 002a 56E27864 		.ascii	"V\342xd;\224\256\230$&\225\002\002\314'\002)\265\210"
  46      3B94AE98 
  46      24269502 
  46      02CC2702 
  46      29B588
  47 003d 71A35420 		.ascii	"q\243T uA[\022\022\300\220\242\240\266\224\237\004B"
  47      75415B12 
  47      12C090A2 
  47      A0B6949F 
  47      0442
  48 004f 881254A9 		.ascii	"\210\022T\251\220Ei\232\262(\264R\270\357\215?\004\305"
  48      9045699A 
  48      B228B452 
  48      B8EF8D3F 
  48      04C5
  49 0061 92DFF81D 		.ascii	"\222\337\370\035\237{\356y\347\276\331d\010qJ\010\341"
  49      9F7BEE79 
  49      E7BED964 
  49      08714A08 
  49      E1
  50 0072 F0173E81 		.ascii	"\360\027>\201C\371\001)\\\327\375\310'e_~\257\304E\234"
  50      43F90129 
ARM GAS  /tmp/ccI7r3XX.s 			page 3


  50      5CD7FDC8 
  50      27655F7E 
  50      AFC4459C 
  51 0086 F9E397B5 		.ascii	"\371\343\227\265F\177>t\355\370\231U\006\311\\>\360"
  51      467F3E74 
  51      EDF89955 
  51      06C95C3E 
  51      F0
  52 0097 F5BD7DAD 		.ascii	"\365\275}\255\012\271?\362O\3200\344\236|\200+\326("
  52      0AB93FF2 
  52      4FD030E4 
  52      9E7C802B 
  52      D628
  53 00a9 443F4D0C 		.ascii	"D?M\014\326T,\364\344\007\026\012?\030,\244\001\210"
  53      D6542CF4 
  53      E407160A 
  53      3F182CA4 
  53      0188
  54 00bb DD920CD3 		.ascii	"\335\222\014\323\302n\034\246!\302!*\221\200Q\371\005"
  54      C26E1CA6 
  54      21C2212A 
  54      918051F9 
  54      05
  55 00cc AC595B76 		.ascii	"\254Y[v\335\177\257\024\012\277ch\264l\224H\212\002"
  55      DD7FAF14 
  55      0ABF6368 
  55      B46C9448 
  55      8A02
  56 00de 13BE07BE 		.ascii	"\023\276\007\276\003{\024L\244}\020\3573\353\306\213"
  56      037B144C 
  56      A47D10EF 
  56      33EBC68B 
  57 00ee 31D76D10 		.ascii	"1\327m\020%\"\234\305+$\006*\304\243P\217\367\230;w"
  57      25229CC5 
  57      2B24062A 
  57      C4A3508F 
  57      F7983B77 
  58 0102 FAE4DED0 		.ascii	"\372\344\336\320\301\036?\353a\034\213\0245s\250\316"
  58      C11E3FEB 
  58      611C8B14 
  58      3573A8CE 
  59 0112 3C355561 		.ascii	"<5Ua\032\230X\202y\242\316\374\346\244s\325e\213&\316"
  59      1A985882 
  59      79A2CEFC 
  59      E6A473D5 
  59      658B26CE 
  60 0126 BF46B404 		.ascii	"\277F\264\004.\000\223\3009(\373*\\!\250\206}{\313,"
  60      2E0093C0 
  60      3928FB2A 
  60      5C21A886 
  60      7D7BCB2C 
  61 013a BBFF2F1C 		.ascii	"\273\377/\034p\335\377\336\356\377p9\330\262%\325B\274"
  61      70DDFFDE 
  61      EEFF7039 
  61      D8B225D5 
  61      42BC
  62 014c F80CB598 		.ascii	"\370\014\265\230\274\370-^\032x*\347\320(\2702\240\266"
ARM GAS  /tmp/ccI7r3XX.s 			page 4


  62      BCF82D5E 
  62      1A782AE7 
  62      D028B832 
  62      A0B6
  63 015e 41251D02 		.ascii	"A%\035\002\306\320\244\376\020\342\000\211\005\376\020"
  63      C6D0A4FE 
  63      10E20089 
  63      05FE10
  64 016d DCB21007 		.ascii	"\334\262\020\007Iz\233\036\336<E\357\340\370\203G\276"
  64      497A9B1E 
  64      DE3C45EF 
  64      E0F88347 
  64      BE
  65 017e 22A1926F 		.ascii	"\"\241\222o\2436\237\203\344\237\243\354kD\267\306%"
  65      A3369F83 
  65      E49FA3EC 
  65      6B44B7C6 
  65      25
  66 018f A00CCD3F 		.ascii	"\240\014\315?2p\015Ej\254\320-M\037Q\223\033}\267D\001"
  66      32700D45 
  66      6AACD02D 
  66      4D1F5193 
  66      1B7DB744 
  67 01a4 16C294C6 		.ascii	"\026\302\224\306\3261\304\021-\303\217\370J\235/\247"
  67      D631C411 
  67      2DC38FF8 
  67      4A9D2FA7 
  68 01b4 392115DA 		.ascii	"9!\025\332\025V\232C\337\314\321iY\244\240\356\025,"
  68      15569A43 
  68      DFCCD169 
  68      59A4A0EE 
  68      152C
  69 01c6 909E4BC8 		.ascii	"\220\236K\310\263\364x\230-\311\245\214\\\255\031\231"
  69      B3F47898 
  69      2DC9A58C 
  69      5CAD1999 
  70 01d6 9C6D2B12 		.ascii	"\234m+\022\325\272\277\243\273\313\305\335\337\300O"
  70      D5BABFA3 
  70      BBCBC5DD 
  70      DFC04F
  71 01e5 DC9DF96A 		.ascii	"\334\235\371j\377\244M\015\342g\006$\373\231Env\252"
  71      FFA44D0D 
  71      E2670624 
  71      FB99456E 
  71      76AA
  72 01f7 9D15D431 		.ascii	"\235\025\3241Lo(\034\016\035\343\333,U8P=\236?\0366"
  72      4C6F281C 
  72      0E1DE3DB 
  72      2C553850 
  72      3D9E3F1E 
  73 020c 8B54BD7C 		.ascii	"\213T\275|T?-\2137\025)\204_!*\275L\\gi\252JO\354?O"
  73      543F2D8B 
  73      37152984 
  73      5F212ABD 
  73      4C5C6769 
  74 0226 5CE9A9CB 		.ascii	"\\\351\251\313\212\272q\261\357rNV\243\237|\376\347"
  74      8ABA71B1 
ARM GAS  /tmp/ccI7r3XX.s 			page 5


  74      EF724E56 
  74      A39F7CFE 
  74      E7
  75 0237 DFAC6E56 		.ascii	"\337\254nV\324\215E\352\313T\224\267j\352~\334fu~\027"
  75      D48D45EA 
  75      CB5494B7 
  75      6AEA7EDC 
  75      66757E17 
  76 024b 39B9FE13 		.ascii	"9\271\376\023\237\024UwS\360 T\245\304\012\366R\242"
  76      9F145577 
  76      53F02054 
  76      A5C40AF6 
  76      52A2
  77 025d 37B5EAF8 		.ascii	"7\265\352\370_\217\202E\262\252ZOV\327\255\326\223y"
  77      5F8F8245 
  77      B2AA5A4F 
  77      56D7ADD6 
  77      9379
  78 026f 0B7758CF 		.ascii	"\013wX\317\364\222\031\335P\242\345\270\313\200%\224"
  78      F49219DD 
  78      50A2E5B8 
  78      CB802594 
  79 027f B3BEC12F 		.ascii	"\263\276\301/%ks\236\226\222o\000yg\232\367\363K\312"
  79      256B739E 
  79      96926F00 
  79      79679AF7 
  79      F34BCA
  80 0292 B8075623 		.ascii	"\270\007V#3\037\366\014\367\242z\250\371\261g\371`m"
  80      331FF60C 
  80      F7A27AA8 
  80      F9B167F9 
  80      606D
  81 02a4 2AAB9788 		.ascii	"*\253\227\210\351\276\027\023nB\227[\214\273\206.\237"
  81      E9BE1713 
  81      6E42975B 
  81      8CBB862E 
  81      9F
  82 02b5 436EE6DE 		.ascii	"Cn\346\336\264\024z\352+\012jN|AJ\264R\314\243w\346"
  82      B4147AEA 
  82      2B0A6A4E 
  82      7C414AB4 
  82      52CCA377 
  83 02ca E1341FCB 		.ascii	"\3414\037\313\3075/\340\363N\275\000\371\364\254\203"
  83      C7352FE0 
  83      F34EBD00 
  83      F9F4AC83 
  84 02da DF407C91 		.ascii	"\337@|\221\232\214\013\023\247\331]\223)\371\306\303"
  84      9A8C0B13 
  84      A7D95D93 
  84      29F9C6C3 
  85 02ea 5355375E 		.ascii	"SU7^\210\015v\262+kG\355l\322\261c\011\2473\225\354"
  85      880D76B2 
  85      2B6B47ED 
  85      6CD2B163 
  85      09A73395 
  86 02ff 88D8D974 		.ascii	"\210\330\331t\312ID\327}\320\234\311&\327\267v\2675"
  86      CA4944D7 
ARM GAS  /tmp/ccI7r3XX.s 			page 6


  86      7DD09CC9 
  86      26D7B776 
  86      B735
  87 0311 7767DA9B 		.ascii	"wg\332\233c\361\235\035\211l\363\216\317\355\210\343"
  87      63F19D1D 
  87      896CF38E 
  87      CFED88E3 
  88 0321 88AD2D2D 		.ascii	"\210\255--v&\326ak\206\275m\373\226\365\255\341\217"
  88      7626D661 
  88      6B86BD6D 
  88      FB96F5AD 
  88      E18F
  89 0333 B76DFC34 		.ascii	"\267m\3744\2749\321\236\216\244\277\260\243\251d2\325"
  89      BC39D19E 
  89      8EA4BFB0 
  89      A3A96432 
  89      D5
  90 0344 C58F74DC 		.ascii	"\305\217t\334\316\244\243v\367\2560+$\242\361p&\033"
  90      CEA4A376 
  90      F7AE302B 
  90      24A2F170 
  90      261B
  91 0356 897684E3 		.ascii	"\211v\204\343]1'\225\350\312\252mggKT\370\253\210\305"
  91      5D312795 
  91      E8CAAA6D 
  91      67674B54 
  91      F8AB88C5 
  92 036a 48B63B43 		.ascii	"H\266;C\261h,\220\211\354\214\307\302;:#\237e^\002\231"
  92      B1682C90 
  92      89EC8CC7 
  92      C23B3A23 
  92      9F655E02 
  93 037f D89373   		.ascii	"\330\223s"
  94              		.text
  95              		.section	.gnu.lto_.symbol_nodes.2e4855704445e454,"e",%progbits
  96 0000 789C758C 		.ascii	"x\234u\214\261\015\2000\020\003\355|\222\202%`8\246"
  96      B10D8030 
  96      1003ED7C 
  96      92822560 
  96      38A6
  97 0012 A0F94764 		.ascii	"\240\371Gd\000\346\241Ab\000:\346\011\037\240\345\032"
  97      00E6A141 
  97      62003AE6 
  97      091FA0E5 
  97      1A
  98 0023 4B3ECB13 		.ascii	"K>\313\023\234 \212\352\010\327\023P`\263\231`SH\021"
  98      9C208AEA 
  98      08D71350 
  98      60B39960 
  98      534811
  99 0036 8307B3B2 		.ascii	"\203\007\263\262~\364\317\0140\263\266a\322\360\243"
  99      7EF4CF0C 
  99      30B3B661 
  99      D2F0A3
 100 0045 04F2FE8E 		.ascii	"\004\362\376\216\202\340\235E\226.b_\216\022xe\334-"
 100      82E09D45 
 100      962E625F 
ARM GAS  /tmp/ccI7r3XX.s 			page 7


 100      8E127865 
 100      DC2D
 101 0057 772A2A   		.ascii	"w**"
 102              		.text
 103              		.section	.gnu.lto_.refs.2e4855704445e454,"e",%progbits
 104 0000 789CE366 		.ascii	"x\234\343f```b``d\004b\026\006\006\000\000\351\000\025"
 104      60606062 
 104      60606404 
 104      62160606 
 104      0000E900 
 105              		.text
 106              		.section	.gnu.lto_.decls.2e4855704445e454,"e",%progbits
 107 0000 789CB559 		.ascii	"x\234\265YyTT\307\232\277\337\255\313b\203@\004\227"
 107      795454C7 
 107      9ABFDFAD 
 107      CB628340 
 107      0497
 108 0012 C4757C26 		.ascii	"\304u|&\341M\236bt\336{\2319\363f\364\241I</.#\232\363"
 108      E14D9E62 
 108      74DE7B99 
 108      39F366F4 
 108      A1493C2F 
 109 002a 32FF300D 		.ascii	"2\3770\015\335j\037\033\232\364\022\343\233\177Zc\014"
 109      DD6A1F1B 
 109      9AF412E3 
 109      9B7F5A63 
 109      0C
 110 003b EE625C40 		.ascii	"\356b\\@\004q\307\005D\221\210\250H\300(\270\357\373"
 110      0471C705 
 110      449188A8 
 110      48C028B8 
 110      EFFB
 111 004d AE511417 		.ascii	"\256Q\024\027\334qe\276\252\272k_@\347\235\231>\024"
 111      DC7165BE 
 111      AABA6B5F 
 111      40E79D99 
 111      3E14
 112 005f B7ABEA57 		.ascii	"\267\253\352W\277o\251\257\252\276\272}\3727\202\260"
 112      BF6FA9AF 
 112      AABEBA7D 
 112      FA3782B0 
 113 006f 2D52102E 		.ascii	"-R\020.\011\202\320\210\037\021\237\207\261\320\347"
 113      0982D088 
 113      1F119F87 
 113      B1D0E7
 114 007e C72008BF 		.ascii	"\307 \010\277\307B?\004\313\237\360{\177,\003\260\320"
 114      C7423F04 
 114      CB9FF07B 
 114      7F2C03B0 
 114      D0
 115 008f E601A260 		.ascii	"\346\001\242`\370\3747\326\333\341\263\015\226\030\201"
 115      F8FC37D6 
 115      DBE1B30D 
 115      961881
 116 009e 8FA51C03 		.ascii	"\217\245\034\003\261\275\036\353\361\370\374P\340\344"
 116      B1BD1EEB 
 116      F1F8FC50 
ARM GAS  /tmp/ccI7r3XX.s 			page 8


 116      E0E4
 117 00ac 9DF0F129 		.ascii	"\235\360\361)>\377L\307`\371\014K<b\037b\351\215\245"
 117      3EFF4CC7 
 117      60F90C4B 
 117      3C621F62 
 117      E98DA5
 118 00bf 11CB35C4 		.ascii	"\021\3135\304\034\301\3629\366\365\303z\010\325\001"
 118      1CC1F239 
 118      F6F5C37A 
 118      08D501
 119 00ce BFF7C172 		.ascii	"\277\367\301r\035\353\037a\211\306\357=\361y]\247\343"
 119      1DEB1F61 
 119      89C6EF3D 
 119      F1795DA7 
 119      E3
 120 00df 0059CFA6 		.ascii	"\000Y\317\246t\234C\240\015H\370?\006\272\261\357\374"
 120      749C43A0 
 120      0D48F83F 
 120      06BAB1EF 
 120      FC
 121 00f0 7FB5C09A 		.ascii	"\177\265\300\232*$V\353@D\201t\024\342\374\3543q\234"
 121      2A2456EB 
 121      40448174 
 121      14E2FCEC 
 121      33719C
 122 0103 005B1537 		.ascii	"\000[\0257\370\204l\"f\256\254+\014\216\346\275\025"
 122      F8846C22 
 122      66AEAC2B 
 122      0C8EE6BD 
 122      15
 123 0114 AC07B603 		.ascii	"\254\007\266\003\224\003l\243\025\004L\332|\326\032"
 123      94036CA3 
 123      15044CDA 
 123      7CD61A
 124 0123 5EE1F7D7 		.ascii	"^\341\367\327\373\363*%\332Q\002\260\211j\264\003\377"
 124      FBF32A25 
 124      DA5102B0 
 124      896AB403 
 124      FF
 125 0134 91E92090 		.ascii	"\221\351 \220|\240\270[\031\3713\302\214D?\003TjDK\032"
 125      7CA0B85B 
 125      19F933C2 
 125      8C443F03 
 125      546A444B 
 126 0149 36155B34 		.ascii	"6\025[4\246J\215\251\012dc\242H%\362]a|G+\227\225\007"
 126      A64A8DA9 
 126      0A6463A2 
 126      4825F25D 
 126      617C472B 
 127 0160 19F97601 		.ascii	"\031\371v\001\354\326\370\012O\037\236\321J\343\333"
 127      ECD6F80A 
 127      4F1F9ED1 
 127      4AE3DB
 128 016f ADF1552B 		.ascii	"\255\361U+|\241\334\023\002y\001\334)\237\220L\221\216"
 128      7CA1DC13 
 128      027901DC 
 128      299F904C 
ARM GAS  /tmp/ccI7r3XX.s 			page 9


 128      918E
 129 0181 DD71E2C9 		.ascii	"\335q\342\311\316`\213\237\216\255\230\324\012\221\312"
 129      CE608B9F 
 129      8EAD98D4 
 129      0A91CA
 130 0190 D0032040 		.ascii	"\320\003 @\034\304!\270\0234\002{\010d9\033s\364\332"
 130      1CC421B8 
 130      1334027B 
 130      0864391B 
 130      73F4DA
 131 01a3 860D9116 		.ascii	"\206\015\221\026\224W\353\257\234@\004\350\013\275\005"
 131      9457EBAF 
 131      9C4004E8 
 131      0BBD05
 132 01b2 380C88D8 		.ascii	"8\014\210\330\006p\010\340  \250\352T\315\306\2106~"
 132      067008E0 
 132      2020A8EA 
 132      54CDC688 
 132      367E
 133 01c4 0AF2FF17 		.ascii	"\012\362\377\027\034\001\206\022\340(0j\256Do\262F\344"
 133      1C018612 
 133      E028306A 
 133      AE446FB2 
 133      46E4
 134 01d6 FA89AC1E 		.ascii	"\372\211\254\036E6\261\372\007\320\330H\330S UL\344"
 134      4536B1FA 
 134      07D0D848 
 134      D8532055 
 134      4CE4
 135 01e8 E38577BA 		.ascii	"\343\205w\272S\211\267\375\025\023\203\0048\011p\002"
 135      5389B7FD 
 135      15138304 
 135      38097002 
 136 01f8 89CE0242 		.ascii	"\211\316\002BP\346\031\200\323\300\030:\220=8\313'\261"
 136      50E61980 
 136      D3C0183A 
 136      903D38CB 
 136      27B1
 137 020a D46269C0 		.ascii	"\324bi\300\342'8>\352\325\252i\273\240Gt\017\366A\236"
 137      E227383E 
 137      EAD5AA69 
 137      BBA04774 
 137      0FF6419E 
 138 021e 86570B4F 		.ascii	"\206W\013O\356\376\303\2663\250\334\344\336T\273K\000"
 138      EEFEC3B6 
 138      33A8DCE4 
 138      DE54BB4B 
 138      00
 139 022f D7141DE3 		.ascii	"\327\024\035\343\260\364\025P\365I\350pQ\200=\0005("
 139      B0F41550 
 139      F549E870 
 139      51803D00 
 139      3528
 140 0241 ED0A83A0 		.ascii	"\355\012\203\240\270[\000W\001j\001\256\003\334\000"
 140      B85B0057 
 140      016A01AE 
 140      03DC00
ARM GAS  /tmp/ccI7r3XX.s 			page 10


 141 0250 B809F02B 		.ascii	"\270\011\360+\235\011\034Pt\361\331\230\314\012@+a\177"
 141      9D091C50 
 141      74F1D998 
 141      CC0A402B 
 141      617F
 142 0262 00E13E10 		.ascii	"\000\341>\020Pn\3219\016@\211\027\002\000\3479\340\374"
 142      506ED139 
 142      0E408917 
 142      0200E739 
 142      E0FC
 143 0274 33673E02 		.ascii	"3g>\002\316\001\234b\000n*\207\224p\310Y\225\343b\000"
 143      CE019C62 
 143      006E2A87 
 143      9470C859 
 143      95E36200 
 144 0288 C7490EB8 		.ascii	"\307I\016\270\240\002\216\007\000\216q\300i\025p9\000"
 144      A0028E07 
 144      008E71C0 
 144      69157039 
 144      00
 145 0299 F0B14066 		.ascii	"\360\261@fK\002Y!\321y\370\020\350\356\021\311\276\011"
 145      4B025921 
 145      D179F810 
 145      E8EE11C9 
 145      BE09
 146 02ab 64BB4467 		.ascii	"d\273DgbF\331w\307\303,\025r\300\010r\274\300=@\014"
 146      6246D977 
 146      C7C32C15 
 146      72C00872 
 146      BCC03D40 
 147 02c0 FAE62EC0 		.ascii	"\372\346.\300\035 U\022\237\326Zy\005\006\223sr\013"
 147      1D205512 
 147      9FD65A79 
 147      05069373 
 147      720B
 148 02d2 8660A3FC 		.ascii	"\206`\243\374\365\023R\020\304\277\205 \357\226\023"
 148      F5135210 
 148      C4BF8520 
 148      EF9613
 149 02e1 33B68735 		.ascii	"3\266\2075\025\210\317Y >\2431U\\\233q\234\264\341\023"
 149      1588CF59 
 149      203EA331 
 149      555C9B71 
 149      9CB4E113 
 150 02f5 C3628ACF 		.ascii	"\303b\212\317\214\000\030\325\024'\220\3752cor?H ?\006"
 150      8C0018D5 
 150      142790FD 
 150      32636F72 
 150      3F48203F 
 151 030a F35A2C29 		.ascii	"\363Z,)\016\026\310\345`\252\377\314\273\347\317\200"
 151      0E16C8E5 
 151      60AAFFCC 
 151      BBE7CF80 
 152 031a 71354D14 		.ascii	"q5M\024\341;Q]M'\026\226\026\023m5a\217\242\311$\221"
 152      E13B515D 
 152      4D271696 
 152      16136D35 
ARM GAS  /tmp/ccI7r3XX.s 			page 11


 152      618FA2C9 
 153 0330 01AE5467 		.ascii	"\001\256Tg\347\204K\002k\000\02764\224V\025\210\355"
 153      E7844B02 
 153      6B001736 
 153      34945615 
 153      88ED
 154 0342 FD343AFD 		.ascii	"\3754:\37510F\235\262\311\030;\337\3631\247V\315sh\234"
 154      3130469D 
 154      B2C9183B 
 154      DFF331A7 
 154      56CD7368 
 155 0357 9335CE1F 		.ascii	"\2235\316\037\260\237<G\355\026\206\010d'\226\273X\262"
 155      B09F3C47 
 155      ED168608 
 155      642796BB 
 155      58B2
 156 0369 4331EEB1 		.ascii	"C1\356\261\334\015\245cw\325\315\332\030\241\015>\242"
 156      DC0DA563 
 156      77D5CDDA 
 156      18A10D3E 
 156      A2
 157 037a 2DEF5974 		.ascii	"-\357YtpN+\034\210\345\006\226\311\026\034\320c\361"
 157      704E2B1C 
 157      88E50696 
 157      C9161CD0 
 157      63F1
 158 038c E5E5F921 		.ascii	"\345\345\371!=\224hW?t\342\247f}]\215\023_\0170]\204"
 158      3D946857 
 158      3F74E2A7 
 158      667D5D8D 
 158      135F0F30 
 159 03a2 F99A1A5B 		.ascii	"\371\232\032[\200\315=\205\274X\240@~4@xt\310\253B\022"
 159      80CD3D85 
 159      BC58A040 
 159      7E344078 
 159      74C8AB42 
 160 03b7 A0146033 		.ascii	"\240\024`30\347\315\247\316\203y\"d\213\260X\204\025"
 160      30E7CDA7 
 160      CE837922 
 160      648BB058 
 160      8415
 161 03c9 226489B0 		.ascii	"\"d\211\260H\204\271\",\021a\271\010y\",\023!S\204\245"
 161      4884B922 
 161      2C1161B9 
 161      0879222C 
 161      13215384 
 162 03de 22E48AB0 		.ascii	"\"\344\212\260P\204\034\021\026\320M\234\012\314Wuz"
 162      50841C11 
 162      16D04D9C 
 162      0ACC5775 
 162      7A
 163 03ef 027A818F 		.ascii	"\002z\201\217A\015\371\372YY\333/\203\177No\364\027"
 163      410DF9FA 
 163      5959DB2F 
 163      837F4E6F 
 163      F417
 164 0401 4C30A8E5 		.ascii	"L0\250\345\0275Tz\326\026\216\232%\302L\003j\247j_}"
ARM GAS  /tmp/ccI7r3XX.s 			page 12


 164      1735547A 
 164      D6168E9A 
 164      25C24C03 
 164      6AA76A5F 
 165 0416 6E560907 		.ascii	"nV\011\007\241\300\227\006\201O5'\274T\2350\307\344"
 165      A1C09706 
 165      814F3527 
 165      BC549D30 
 165      C7E4
 166 0428 0479154E 		.ascii	"\004y\025NQ\325\236a\026\205\030\272\035,\316\012\242"
 166      51D59E61 
 166      168518BA 
 166      1D2CCE0A 
 166      A2
 167 0439 EBEC0540 		.ascii	"\353\354\005@\003\223\244\304\353S\315\264\242\034\225"
 167      0393A4C4 
 167      EB53CDB4 
 167      A21C95
 168 0448 E7B5419B 		.ascii	"\347\265A\233W:\363_/\220\015\253\006\3100H\253\321"
 168      573AF35F 
 168      2F900DAB 
 168      06C83048 
 168      ABD1
 169 045a 0C9BA133 		.ascii	"\014\233\2413l\212\001\364\223N\3344U\3344s\004\310"
 169      6C8A01F4 
 169      934EDC34 
 169      55DC3473 
 169      04C8
 170 046c 982C15D3 		.ascii	"\230,\025\323hV\211;h\246\012I7O\007\207LW!S\315\332"
 170      6856893B 
 170      68A60A49 
 170      374F0787 
 170      4C572153 
 171 0482 70951B17 		.ascii	"p\225\033\027h\0236\333lW\011=\377\332\334;\364\370"
 171      681336DB 
 171      6C57093D 
 171      FFDADC3B 
 171      F4F8
 172 0494 749812C4 		.ascii	"t\230\022\304\321\224\371 g\336\001P\006P\330\244\015"
 172      D194F920 
 172      67DE0150 
 172      0650D8A4 
 172      0D
 173 04a5 F5DB75DE 		.ascii	"\365\333u\336\270o@\305\251\342\367fin\375\305\200\331"
 173      B86F40C5 
 173      A9E2F766 
 173      696EFDC5 
 173      80D9
 174 04b7 A9F3C60E 		.ascii	"\251\363\306\016.m4\324\031 \232\347\213\366sD\025@"
 174      2E6D34D4 
 174      19209AE7 
 174      8BF67344 
 174      1540
 175 04c9 85591F2E 		.ascii	"\205Y\037.\252\\\247\316m\223:r\270\234\316\012\242"
 175      AA5CA7CE 
 175      6D933A72 
 175      B89CCE0A 
ARM GAS  /tmp/ccI7r3XX.s 			page 13


 175      A2
 176 04da 3CE88647 		.ascii	"<\350\206G\014\302\227\230\3521\012\251\311\012\242"
 176      0CC29798 
 176      EA310AA9 
 176      C90AA2
 177 04e9 C703EED9 		.ascii	"\307\003\356\331{\031D\211\250\032-\352\344\365\371"
 177      7B194489 
 177      A81A2DEA 
 177      E4F5F9
 178 04f8 10E001B0 		.ascii	"\020\340\001\260T\241\220\255\317U\"\254\025a\265\010"
 178      54A190AD 
 178      CF5522AC 
 178      1561B508 
 179 0508 0522E48B 		.ascii	"\005\"\344\213\260F\204\225\"\254\243\213\220\254\262"
 179      B0468495 
 179      22ACA38B 
 179      90ACB2
 180 0517 B03462CD 		.ascii	"\2604b\315\276;lg4\022\254\027\337H\200\203\247\345"
 180      BE3B6C67 
 180      3412AC17 
 180      DF488083 
 180      A7E5
 181 0529 4C4E17B5 		.ascii	"LN\027\265M\252H\263o\203\310N\373\257\324\263\344+"
 181      4DAA48B3 
 181      6F83C84E 
 181      FBAFD4B3 
 181      E42B
 182 053b 3C4BB630 		.ascii	"<K\2660\211\013\312\346\034\0111\237%\233D\304\240\300"
 182      890BCAE6 
 182      1C09319F 
 182      259B44C4 
 182      A0C0
 183 054d 6211368A 		.ascii	"b\0216\2124\361Zre\247\204G\254\210t\222\015\360d\374"
 183      34F15A72 
 183      65A78447 
 183      AC887492 
 183      0DF064FC 
 184 0561 03FEB308 		.ascii	"\003\376\263\010\377I\204\030\277\350\027\203mD\264"
 184      FF498418 
 184      BFE81783 
 184      6D44B4
 185 0570 100BB159 		.ascii	"\020\013\261Y\252\241K\354#\322/T\214\215\264\204\346"
 185      AAA14BEC 
 185      23D22F54 
 185      8C8DB484 
 185      E6
 186 0581 57419425 		.ascii	"WA\224%(T\024kCl\226\330\347\250j^p\267~~\3116\275m"
 186      2854146B 
 186      436C96D8 
 186      E7A86A5E 
 186      70B77E7E 
 187 0599 6D885F9C 		.ascii	"m\210_\234=$\246o?\374_\033R\0156\0345L\012\215\302"
 187      3D24A66F 
 187      3FFC5F1B 
 187      520D361C 
 187      354C0A8D 
 188 05ae 6FB52196 		.ascii	"o\265!\226G$oF\260m\277\230\376!\006\206\305\326'\006"
ARM GAS  /tmp/ccI7r3XX.s 			page 14


 188      47246F46 
 188      B06DBF98 
 188      FE210686 
 188      C5D62706 
 189 05c2 7DD22F34 		.ascii	"}\322/4\264Kd%\251$\237\012BhhQa[KmH$R\304\332\272E"
 189      B44B6425 
 189      A9249F0A 
 189      42686851 
 189      615B4B6D 
 190 05dd D9BA4556 		.ascii	"\331\272EVC\220\315f\211\211\025P\011[\237>\375D\013"
 190      4390CD66 
 190      89891550 
 190      095B9F3E 
 190      FD440B
 191 05f0 324BA1D5 		.ascii	"2K\241\325\320\207@x\037\377\345\272\366\026\260\264"
 191      D0874078 
 191      1FFFE5BA 
 191      F616B0B4 
 192 0600 EAD22D56 		.ascii	"\352\322-V\020l\230\"#/iT>\020\2022mZ\025 \326\"\366"
 192      106C9822 
 192      232F6954 
 192      3E108232 
 192      6D5A1520 
 193 0617 11C95F6A 		.ascii	"\021\311_j17\026\305n\230YH\241\341\341\340\307G\253"
 193      313716C5 
 193      6E985948 
 193      A1E1E1E0 
 193      C747AB
 194 062a C4BFD886 		.ascii	"\304\277\330\206\365\261\010\265!\"v\305H\270\336@\033"
 194      F5B108B5 
 194      212276C5 
 194      48B8DE40 
 194      1B
 195 063b 69091640 		.ascii	"i\011\026@\311\211Y\252\014\364\217\377\023hE\320Ka"
 195      C98959AA 
 195      0CF48FFF 
 195      136845D0 
 195      4B61
 196 064d ED14897E 		.ascii	"\355\024\211~\225\023k\245U}\310\3379\200\363(\2717"
 196      95136BA5 
 196      557DC8DF 
 196      3980F328 
 196      B937
 197 065f 80224490 		.ascii	"\200\"D\220{u\344\232\016\262\036\012\217\"G\247\243"
 197      7B75E49A 
 197      0EB21E0A 
 197      8F2247A7 
 197      A3
 198 0670 A62BCE30 		.ascii	"\246+\3160\027\"\352\307\260q\006\3055JA\245\025t\206"
 198      1722EAC7 
 198      B07106C5 
 198      354A41A5 
 198      157486
 199 0683 F390DCF4 		.ascii	"\363\220\334\364\270\274$\374:\272\315\337pccI\030D"
 199      B8BC24FC 
 199      3ABACDDF 
 199      70636349 
ARM GAS  /tmp/ccI7r3XX.s 			page 15


 199      1844
 200 0695 CCEE2700 		.ascii	"\314\356'\000\271\310\"\257\354\\\3462\2131\013\300"
 200      B9C822AF 
 200      EC5CE632 
 200      8B310BC0 
 201 06a5 38D7E5D4 		.ascii	"8\327\345\324G\017-\275\256\313\321\267h\361\\\306O"
 201      470F2DBD 
 201      AECBD1B7 
 201      68F15CC6 
 201      4F
 202 06b6 F46D0533 		.ascii	"\364m\0053s\202X\026P\306\263\200\364\252g\027\203\325"
 202      73825816 
 202      50C6B380 
 202      F4AA6717 
 202      83D5
 203 06c8 2CA04454 		.ascii	",\240DT\323\200mh\315V>h\352\235\011\367C\272gf\372"
 203      D3806D68 
 203      CD563E68 
 203      EA9D09F7 
 203      43BA6766 
 204 06dd 1B5E6FBE 		.ascii	"\033^o\276\\\334i\021f\2638@B\010\224\312\031\010\036"
 204      5CDC6911 
 204      66B33840 
 204      420894CA 
 204      19081E
 205 06f0 AC88DF2C 		.ascii	"\254\210\337,\302O\230\274\036\016\243\243^\317L\257"
 205      C24F98BC 
 205      1E0EA3A3 
 205      5ECF4CAF 
 206 0700 6DC544E1 		.ascii	"m\305D\341\346AEe\245?X\021\326D\302A\223\325\035\\"
 206      E6414565 
 206      A53F5811 
 206      D644C241 
 206      93D51D5C 
 207 0714 D2C9F2EA 		.ascii	"\322\311\362\352\213\320=\023m/\337q\377\344?U~\227"
 207      8BD03D13 
 207      6D2FDF71 
 207      FFE43F55 
 207      7E97
 208 0726 178BDD50 		.ascii	"\027\213\335P\256J)g\363H\012\302)zs\375\2762-\203\251"
 208      AE4A2967 
 208      F3480AC2 
 208      297A73FD 
 208      BE322D83 
 209 073b D7B24ECC 		.ascii	"\327\262N\314\276\301\305\010\237?\254\236\022I\011"
 209      BEC1C508 
 209      9F3FAC9E 
 209      124909
 210 074a 8B0ABEFF 		.ascii	"\213\012\276\377\241\"J\304.\250T\331*9\333\336p9\357"
 210      A1224AC4 
 210      2EA854D9 
 210      2A39DBDE 
 210      7039EF
 211 075d 13C939F9 		.ascii	"\023\3119\371\353%\221Ll\335\244\025\347k\216l\213h"
 211      EB25914C 
 211      6CDDA415 
 211      E76B8E6C 
ARM GAS  /tmp/ccI7r3XX.s 			page 16


 211      8B68
 212 076f CA617B69 		.ascii	"\312a{i\316\315\315Xpem\231\356j\263W\233\206}4\367"
 212      CECDCD58 
 212      70656D99 
 212      EE6AB357 
 212      9B867D34 
 213 0784 59DA9A0B 		.ascii	"Y\332\232\0139%\222\312\326\002\251\223\253\207D27B"
 213      392592CA 
 213      D602A993 
 213      AB874432 
 213      3742
 214 0796 20E511BC 		.ascii	" \345\021\274Z-\222\353X\235\036)\247\240\")\211D\337"
 214      5A2D92EB 
 214      589D1E29 
 214      A7A02229 
 214      8944DF
 215 07a9 CA553FBF 		.ascii	"\312U?\277{\370%rCn\211D\301\227\326n|\012M\245\243"
 215      7BF82572 
 215      436E8944 
 215      C197D66E 
 215      7C0A4DA5 
 216 07be 17449A8E 		.ascii	"\027D\232\216\236\027\271q\262x\201\314\210\022\310"
 216      9E17B971 
 216      B27881CC 
 216      8812C8
 217 07cd 862859   		.ascii	"\206(Y"
 218 07d0 3C9263F5 		.ascii	"<\222c\365Q\024\265\340f\303\244\272Hf\366hf\365\376"
 218      5114B5E0 
 218      66C3A4BA 
 218      4866F668 
 218      66F5FE
 219 07e3 F443C782 		.ascii	"\364C\307\202\232\262\372\006\022_\347V\357\364\337"
 219      9AB2FA06 
 219      125FE756 
 219      EFF4DF
 220 07f2 DCABDB4C 		.ascii	"\334\253\333LohV\327R\2533\336\301-\033\313\016,\347"
 220      6F6856D7 
 220      52AB33DE 
 220      C12D1BCB 
 220      0E2CE7
 221 0805 DF61039E 		.ascii	"\337a\003\236,<L\214\341|[\204;ZR[\227ukn\210\306xG"
 221      2C3C4C8C 
 221      E17C5B84 
 221      3B5A525B 
 221      97756B6E 
 222 081d 63BCCB45 		.ascii	"c\274\313E\036\333\270\247\035\323\362.\217\346\305"
 222      1EDBB8A7 
 222      1DD3F22E 
 222      8FE6C5
 223 082c 27E61D0A 		.ascii	"'\346\035\012oJ\315zT\363\036\0373\177\377\313\325\272"
 223      6F4ACD7A 
 223      54F31E1F 
 223      337FFFCB 
 223      D5BA
 224 083e 4CB95E23 		.ascii	"L\271^#\275O\325|\201\352e\264\341.\371wz\325\334Wu"
 224      BD4FD57C 
 224      81EA65B4 
ARM GAS  /tmp/ccI7r3XX.s 			page 17


 224      E12EF977 
 224      7AD5DC57 
 225 0853 3EB42997 		.ascii	">\264)\227>f.}D\267\372y\031\305\353\302\365\031\376"
 225      3E662E7D 
 225      44B7FA79 
 225      19C5EBC2 
 225      F519FE
 226 0866 5991E781 		.ascii	"Y\221\347\201OD\206\303\233\211\314x\215_-\362\202\311"
 226      4F4486C3 
 226      9B89CC78 
 226      8D5F2DF2 
 226      82C9
 227 0878 D636A84C 		.ascii	"\3266\250L\273\325\317\367-\222\263\004\226\370\"G\351"
 227      BBD5CFF7 
 227      2D92B304 
 227      96F82247 
 227      E9
 228 0889 B9DC8539 		.ascii	"\271\334\20590\301_1!\034\307\303CL\035\211J\250e\001"
 228      30C15F31 
 228      211CC7C3 
 228      434C1D89 
 228      4AA86501 
 229 089d B939726E 		.ascii	"\2719rny_\204:\206i*\003]\234#\347\012\243\341\226\001"
 229      795F843A 
 229      86692A03 
 229      5D9C23E7 
 229      0AA3E196 
 230 08b2 B4593BE4 		.ascii	"\264Y;\344Ks\264C\376\212\001tIK\213rrX\262\200.}`\026"
 230      4B73B443 
 230      FE8A0174 
 230      494B8B72 
 230      7258B280 
 231 08ca C679F235 		.ascii	"\306y\3625Y7\315\262\014\247\3743\021\360\226\013O\031"
 231      5937CDB2 
 231      0CA7FC33 
 231      11F0960B 
 231      4F19
 232 08dc 0CCFCC17 		.ascii	"\014\317\314\027x\036\210\360R\204W\"\370\011|G\340"
 232      781E88F0 
 232      52845722 
 232      F8097C47 
 232      E0
 233 08ed 7B02AF45 		.ascii	"{\002\257E\230D`\"\221\023\356\2559J\272\362\334\300"
 233      98446022 
 233      9113EEAD 
 233      394ABAF2 
 233      DCC0
 234 08ff 7E5155B2 		.ascii	"~QU\262\276@\361I\255\010\277\032@W5\320\026\235\271"
 234      BE40F149 
 234      AD08BF1A 
 234      405735D0 
 234      169DB9
 235 0912 97CDE6CA 		.ascii	"\227\315\346\312\216[\257\031s\315\314\204 r\214N\240"
 235      8E5BAF19 
 235      73CDCC84 
 235      20728C4E 
 235      A0
ARM GAS  /tmp/ccI7r3XX.s 			page 18


 236 0923 782DB3AC 		.ascii	"x-\263\254&<\332d\331d\362\226\226!E\301\243\322#\221"
 236      263CDA64 
 236      D964F296 
 236      962145C1 
 236      A3D22391 
 237 0937 5A40FEA0 		.ascii	"Z@\376\240\311J'|W\254\313\372E\011/\274\224\244k\341"
 237      C94A277C 
 237      57ACCBFA 
 237      45092FBC 
 237      94A46BE1 
 238 094b 3085B0A5 		.ascii	"0\205\260\245\315c\253\001\310U\246S\325\203\375\323"
 238      CD63AB01 
 238      C855A653 
 238      D583FDD3 
 239 095b 028E09F4 		.ascii	"\002\216\011\364\364t\242\256\253\303\271\271\333[\033"
 239      F474A2AE 
 239      ABC3B9B9 
 239      DB5B1B
 240 096a 01A8B00E 		.ascii	"\001\250\260\016\260\352\336\212i\240\2514CSi&\252D"
 240      B0EADE8A 
 240      69A0A934 
 240      43536926 
 240      AA44
 241 097c 1AE568AE 		.ascii	"\032\345h\256\007\262<Z \225\321\362\376\011\344\036"
 241      07B23C5A 
 241      2095D1F2 
 241      FE09E41E 
 242 098c 56E7C5C8 		.ascii	"V\347\305\310{(\220\3551\002\271 WO\001\311h\213\367"
 242      7B2890ED 
 242      3102B920 
 242      574F01C9 
 242      688BF7
 243 099f F1B6F276 		.ascii	"\361\266\362v\003\244\036\253\213\332\311\273\035\220"
 243      03A41EAB 
 243      8BDAC9BB 
 243      1D90
 244 09ad 9DF2D77C 		.ascii	"\235\362\327|\376R\244\302B~\225[\362\200\274\224\277"
 244      FE52A4C2 
 244      427E955B 
 244      F280BC94 
 244      BF
 245 09be 660259DA 		.ascii	"f\002Y\332^ ?\267\347\325\331@j\261\232\336A\336\025"
 245      5E203FB7 
 245      E7D5D940 
 245      6AB19ADE 
 245      41DE15
 246 09d1 813DC219 		.ascii	"\201=\302\031\301%\201\344w\300M\015\313\231\016|\335"
 246      C12581E4 
 246      77C04D0D 
 246      CB990E7C 
 246      DD
 247 09e2 C5929B58 		.ascii	"\305\222\233X{\205e\372\273\002\311z\227&\352{3\037"
 247      7B8565FA 
 247      BB02C97A 
 247      9726EA7B 
 247      331F
 248 09f4 CC8A50F2 		.ascii	"\314\212P\362tz\335\254?\230Qr\030\2647,\345\304\360"
ARM GAS  /tmp/ccI7r3XX.s 			page 19


 248      747ADDAC 
 248      3F985172 
 248      18B4372C 
 248      E5C4F0
 249 0a07 8685C6E2 		.ascii	"\206\205\306\342\251\214\024\371uG\011\241\375\372\327"
 249      A98C14F9 
 249      754709A1 
 249      FDFAD7
 250 0a16 1DF2DB8C 		.ascii	"\035\362\333\214\263\031\016\371e\305\006b\244\220\337"
 250      B3190EF9 
 250      65C50662 
 250      A490DF
 251 0a25 669C5301 		.ascii	"f\234S\001\027\002d\310/]N\253\200M\001\014r\212\177"
 251      170264C8 
 251      2F5D4EAB 
 251      804D010C 
 251      728A7F
 252 0a38 46051407 		.ascii	"F\005\024\007\0006\022\376V&C\271\313\0241@\300%@\213"
 252      003612FE 
 252      562643B9 
 252      CB143140 
 252      C025408B 
 253 0a4c DA420205 		.ascii	"\332B\002\005\030J?1\024F\355\016\002\233\011\224\022"
 253      184A3F31 
 253      1446ED0E 
 253      029B0994 
 253      12
 254 0a5d D88A5502 		.ascii	"\330\212U\002[\010\224\021\330\256\254\304\003\252\334"
 254      5B089411 
 254      D8AEACC4 
 254      03AADC
 255 0a6c CB019A7F 		.ascii	"\313\001\232\177,\220m\350\330\253\357\362\351\210\341"
 255      2C906DE8 
 255      D8ABEFF2 
 255      E988E1
 256 0a7b 9B1D9049 		.ascii	"\233\035\220I\357\321\250*\271\373\262(\250\251\255"
 256      EFD1A82A 
 256      B9FBB228 
 256      A8A9AD
 257 0a8a F41742B7 		.ascii	"\364\027B\267\322\336\010\271?\363\365\344\020\375N"
 257      D2DE08B9 
 257      3FF3F5E4 
 257      10FD4E
 258 0a99 AA787617 		.ascii	"\252xv\027a0\201,~O \033\261T`\251\301r\022\313e,uX"
 258      6130812C 
 258      7E4F201B 
 258      B15460A9 
 258      C17212CB 
 259 0ab1 1E6199D4 		.ascii	"\036a\231\324Q s\261,\307\262\001KiG\024\335\355V\321"
 259      512073B1 
 259      2CC7B201 
 259      4B694714 
 259      DDED56D1 
 260 0ac5 F6D1816F 		.ascii	"\366\321\201o\026\264WeU\004*\221\377(\201c\314\374"
 260      16B45765 
 260      55042A91 
 260      FF288163 
ARM GAS  /tmp/ccI7r3XX.s 			page 20


 260      CCFC
 261 0ad7 AB044E10 		.ascii	"\253\004N\020\270L\340\"\201S\004.\0208\207sL\340\012"
 261      B84CE022 
 261      8153042E 
 261      10388773 
 261      4CE00A
 262 0aea AE3C0267 		.ascii	"\256<\002g\010\234&p\234\300%\002\347\025\237l{\241"
 262      089C2670 
 262      9CC02502 
 262      E7159F6C 
 262      7BA1
 263 0afc BC9BAA66 		.ascii	"\274\233\252f,\334'\332\005\276h\265\012\300\220:f\016"
 263      2CDC27DA 
 263      05BE68B5 
 263      0AC0903A 
 263      660E
 264 0b0e A9F52F94 		.ascii	"\251\365/\2247h\373\031\201b\270\356\302\266N\2458D"
 264      3768FB19 
 264      8162B8EE 
 264      C2B64EA5 
 264      3844
 265 0b20 8C14F27C 		.ascii	"\214\024\362|oU\0015:\000c\220c\252LE\354\011D\310a"
 265      6F550135 
 265      3A006390 
 265      63AA4C45 
 265      EC0944C8 
 266 0b35 B945D563 		.ascii	"\271E\325c\257Y\0179\360\012U\226\003\001\212\354\343"
 266      AF590F39 
 266      F00A5596 
 266      03018AEC 
 266      E3
 267 0b46 57C2F217 		.ascii	"W\302\362\027\022\005\354\"\364\205\242\216\204\371"
 267      1205EC22 
 267      F485A28E 
 267      84F9
 268 0b54 435E2005 		.ascii	"C^ \005*\311\301\000\022Y\223\265*\340p\000@Vc\273\012"
 268      2AC9C100 
 268      125993B5 
 268      2AE07000 
 268      405663BB 
 269 0b69 D81DE873 		.ascii	"\330\035\350s\356\3235\252-G\014\266\350\226i\251\012"
 269      EED335AA 
 269      2D470CB6 
 269      E89669A9 
 269      0A
 270 0b7a D9673657 		.ascii	"\331g6W\306\344\277\320\275w<\026\020\357\3070\306n"
 270      C6E4BFD0 
 270      BD773C16 
 270      10EFC730 
 270      C66E
 271 0b8c D118EB90 		.ascii	"\321\030\353\220s\254\364\242\250;\313\331\253\253\351"
 271      73ACF4A2 
 271      A83BCBD9 
 271      ABABE9
 272 0b9b D9CA12BC 		.ascii	"\331\312\022\274F\3406\001\323u\276(KET\030\020\353"
 272      46E03601 
 272      D375BE28 
ARM GAS  /tmp/ccI7r3XX.s 			page 21


 272      4B455418 
 272      10EB
 273 0bad 887A7DCE 		.ascii	"\210z}\316\316f7l\\j\353\031\204/W\031\";#_\245\311"
 273      CE66376C 
 273      5C6AEB19 
 273      842F5719 
 273      223B235F 
 274 0bc3 37D0AC24 		.ascii	"7\320\254$\352\311\267&[{q\260\312\014\342't\375\314"
 274      EAC9B726 
 274      5B7B71B0 
 274      CA0CE227 
 274      74FDCC
 275 0bd6 EC9256FE 		.ascii	"\354\222V\376\251\275\251\241;\031\210\257\016\375\225"
 275      A9BDA9A1 
 275      3B1988AF 
 275      0EFD95
 276 0be5 5FDE3596 		.ascii	"_\3365\226\022XB\330\357\015\267\331\262\271N\240\216"
 276      125842D8 
 276      EF0DB7D9 
 276      B2B94EA0 
 276      8E
 277 0bf6 C01D0237 		.ascii	"\300\035\0027\010\324\022\270O\340\036\201\233\004n"
 277      08D412B8 
 277      4FE01E81 
 277      9B046E
 278 0c05 11B84BA0 		.ascii	"\021\270K\240\236\310o\2333\2715x=\377\231\361\363\033"
 278      9EC86F9B 
 278      33B93578 
 278      3DFF99F1 
 278      F31B
 279 0c17 BBE16DDE 		.ascii	"\273\341m\336Z\325\230\025\006=\227k\306,V\214\301\204"
 279      5AD59815 
 279      063D976B 
 279      C62C568C 
 279      C184
 280 0c29 608D01B4 		.ascii	"`\215\001\264Z\363J\375\272l\355\260\377\325L%\243r"
 280      5AF34AFD 
 280      BA6CEDB0 
 280      FFD54C25 
 280      A372
 281 0c3b 745C6BCD 		.ascii	"t\\k\315\\8\313\223;\321\015la\356\341\323a\321&\007"
 281      5C38CB93 
 281      3BD10D6C 
 281      61EEE1D3 
 281      61D12607 
 282 0c4f 3C206FEF 		.ascii	"< o\357\000\266/\366\340\373\242H\346w\022\310\032,"
 282      00B62FF6 
 282      E0FBA248 
 282      E67712C8 
 282      1A2C
 283 0c61 7B3B3595 		.ascii	"{;5\225t\237|\362(\235\3271\355zF\310e\206:pf\373\312"
 283      749F7CF2 
 283      289DD731 
 283      ED7A46C8 
 283      65863A70 
 284 0c78 70E3E1FD 		.ascii	"p\343\341\375\202\300K\355\360\316\313_\272Z\227\207"
 284      82C04BED 
ARM GAS  /tmp/ccI7r3XX.s 			page 22


 284      F0CECB5F 
 284      BA5A9787 
 285 0c88 BFD4AC79 		.ascii	"\277\324\254y\305\363\211\3029\227\246\2050\336W\004"
 285      C5F389C2 
 285      3997A685 
 285      30DE5704 
 286 0c98 9E136C29 		.ascii	"\236\023l)\257\232\265\272uSys#\232\367\232\217Z>\351"
 286      AF9AB5BA 
 286      75537973 
 286      239AF79A 
 286      8F5A3EE9 
 287 0cac D7425DDE 		.ascii	"\327B]\336\334\250\321\372\221\213<F32:\013d\011\226"
 287      DCA8D1FA 
 287      918B3C46 
 287      33323A0B 
 287      640996
 288 0cbf 8D580E61 		.ascii	"\215X\016a\271\203eB\027:\270rK\315yPDR\333\356O\330"
 288      B9836542 
 288      173AB872 
 288      4BCD7950 
 288      4452DBEE 
 289 0cd5 76466A4A 		.ascii	"vFjJ\342\024\364k\272\304\323\377m\225\371\241\232\304"
 289      E214F46B 
 289      BAC4D3FF 
 289      6D95F9A1 
 289      9AC4
 290 0ce7 29922A71 		.ascii	")\222*q*\003\304L<\276\253.L]n\354\354\336\243\233\360"
 290      2A03C44C 
 290      3CBEAB2E 
 290      4C5D6EEC 
 290      ECDEA39B 
 291 0cfc 8912CCD4 		.ascii	"\211\022\314\324\306\350^\246\356\317V\223\273\247D"
 291      C6E85EA6 
 291      EECF5693 
 291      BBA744
 292 0d0b 8FD1BF8A 		.ascii	"\217\321\277\212\333\253c\232`f2\254\204\307\004\036"
 292      DBAB639A 
 292      606632AC 
 292      84C7041E 
 293 0d1b 11360F08 		.ascii	"\0216\017\010\303@\230-A\206\004s%\230#\3014\314\237"
 293      C340982D 
 293      41860473 
 293      259823C1 
 293      34CC9F
 294 0d2e 24F85182 		.ascii	"$\370Q\202\351\022\314\222\370qQ\177*[\316T\247b\302"
 294      E912CC92 
 294      F871517F 
 294      2A5BCE54 
 294      A762C2
 295 0d41 6720D7BD 		.ascii	"g \327\275g,W4@\367L6\200\264\335cG\266\222\227\177"
 295      672C5734 
 295      40F74C36 
 295      80B4DD63 
 295      47B69297 
 296 0d56 6F42C83B 		.ascii	"oB\310;C\215\012\371\316\000\321\355\350\365\373\024"
 296      438D0AF9 
 296      CE00D1ED 
ARM GAS  /tmp/ccI7r3XX.s 			page 23


 296      E8F5FB14 
 297 0d66 7DF05ADF 		.ascii	"}\360Z\337`v\011\327\247Z\247\317$3\025.\223\0346\331"
 297      607609D7 
 297      A75AA7CF 
 297      2433152E 
 297      931C36D9 
 298 0d7a 3FBD28CB 		.ascii	"?\275(\313\216\2106yg\236\3646\336!k\272\310\311\245"
 298      8E883679 
 298      679EF436 
 298      DE216BBA 
 298      C8C9A5
 299 0d8d 7CC36D4F 		.ascii	"|\303mO~f\254\271\353\016\256\323]\252\353\265\037\024"
 299      7E66ACB9 
 299      EB0EAED3 
 299      5DAAEBB5 
 299      1F14
 300 0d9f B279B84C 		.ascii	"\262y\270L\235}?\217\307X\266\304/\255\207r\353\"X\303"
 300      9D7D3F8F 
 300      C758B6C4 
 300      2FAD8772 
 300      EB2258C3 
 301 0db3 2C111649 		.ascii	",\021\026I\330\262w\336\344\302\326\312m>\207\266\370"
 301      D8B277DE 
 301      E4C2D6CA 
 301      6D3E87B6 
 301      F8
 302 0dc4 1F1CDA23 		.ascii	"\037\034\332#)-\271\264\345\370\355\263\265\026\245"
 302      292DB9B4 
 302      E5F8EDB3 
 302      B516A5
 303 0dd3 65316DA9 		.ascii	"e1m\251k\234\1770Li\311\243-O\346,x\332\344=s)\232\273"
 303      6B9C7F30 
 303      4C69C9A3 
 303      2D4FE62C 
 303      78DAE43D 
 304 0deb 84ABD378 		.ascii	"\204\253\323x<\343e\220\246\357R\315[\313\030\340_*"
 304      3CE36590 
 304      A6EF52CD 
 304      5BCB18E0 
 304      5F2A
 305 0dfd CF2C5929 		.ascii	"\317,Y)\3660}ti\012;\217\213\225\2550\233\300O\032I"
 305      F6307D74 
 305      690A3B8F 
 305      8B95AD30 
 305      9BC04F1A 
 306 0e12 96BA1516 		.ascii	"\226\272\025\026]T!\373E=\244Z\273\276\325\250\220Y"
 306      5D5421FB 
 306      453DA45A 
 306      BBBED5A8 
 306      9059
 307 0e24 0696A91A 		.ascii	"\006\226\251\032\313\031\025r\334\300rL\273\025\025"
 307      CB191572 
 307      DCC0724C 
 307      BB1515
 308 0e33 AD5731B9 		.ascii	"\255W1\271\006\232E\032\315\005\025r\320@s@GsV\305\034"
 308      069A451A 
 308      CD051572 
ARM GAS  /tmp/ccI7r3XX.s 			page 24


 308      D0407340 
 308      477356C5 
 309 0e48 35600E6B 		.ascii	"5`\016k\012\237S!G\314\0209hk\213\345\240\335'B\215"
 309      0A9F5321 
 309      47CC1039 
 309      686B8BE5 
 309      A0DD2742 
 310 0e5d D9721955 		.ascii	"\331r\031UX\254\275\255\3173h\275Xw\004l-\326V{\246"
 310      58ACBDAD 
 310      CF3368BD 
 310      5877046C 
 310      2DD6567B 
 311 0e72 01355FB3 		.ascii	"\0015_\263\355\240\252\324i\203\270\223\332\355\262"
 311      EDA0AAD4 
 311      6983B893 
 311      DAEDB2
 312 0e81 5C276DAE 		.ascii	"\\'m\256\201\347G\335a]\312\211\020\223c\366\243|\016"
 312      81E747DD 
 312      615DCA89 
 312      109363F6 
 312      A37C0E
 313 0e94 1714E339 		.ascii	"\027\024\3439\214D\017\011,c ~\332\030~\027\251\337"
 313      8C440F09 
 313      2C63207E 
 313      DA187E17 
 313      A9DF
 314 0ea6 AF889B49 		.ascii	"\257\210\233I`\232yfeq\325\252\270\014\003f\266\316"
 314      609A7966 
 314      6571D5AA 
 314      B80C0366 
 314      B6CE
 315 0eb8 0137750E 		.ascii	"\0017u\016\330m\260n\227(\030o\013Y\022d\342c\201DQ"
 315      D86DB06E 
 315      9728186F 
 315      0B591264 
 315      E2638144 
 316 0ecd B89EB74B 		.ascii	"\270\236\267K\260Q\202\002\011\362%\330 \301r\011*$"
 316      B0518202 
 316      09F225D8 
 316      20C17209 
 316      2A24
 317 0edf 289460B3 		.ascii	"(\224`\263\004;$(\222\240L\202M\022\254\224\240X\202"
 317      043B2428 
 317      92A04C82 
 317      4D12AC94 
 317      A05882
 318 0ef2 AD12ACC7 		.ascii	"\255\022\254\307Q\022\224J\260J\2025\022\254\225`\213"
 318      5112944A 
 318      B04A8235 
 318      12AC9560 
 318      8B
 319 0f03 04AB2558 		.ascii	"\004\253%X!\301:\024+A\271\262Mn\323ys\201yVd\325O\353"
 319      21C13A14 
 319      2B41B9B2 
 319      4D6ED379 
 319      73817956 
 320 0f1b 543F618E 		.ascii	"T?a\216]>w\347\325\271;d\216Ky/U!s\314nb\016\250?P\274"
ARM GAS  /tmp/ccI7r3XX.s 			page 25


 320      5D3E77E7 
 320      D5B93B64 
 320      8E4B792F 
 320      552173CC 
 321 0f36 854DCA14 		.ascii	"\205M\312\024\274\0220\032\345&~F\013\201S:uN\231\343"
 321      BC12301A 
 321      E5267E46 
 321      0B81533A 
 321      754E99E3 
 322 0f4a 44FED564 		.ascii	"D\376\325d]1\377\325D\202'L\030\337$\365oxn)\341\275"
 322      5D31FFD5 
 322      4482274C 
 322      18DF24F5 
 322      6F786E29 
 323 0f60 4C828592 		.ascii	"L\202\205\222iF\224_\214t\322\346\231\003\216S\225\351"
 323      6946945F 
 323      8C74D2E6 
 323      99038E53 
 323      95E9
 324 0f72 FCB8D0BC 		.ascii	"\374\270\320\274\215\320\327\031\365l\223]\275\357\346"
 324      8DD0D719 
 324      F56C935D 
 324      BDEFE6
 325 0f81 C1D6D1A6 		.ascii	"\301\326\321\246\251\376\371\377w\252\351\346\235\263"
 325      A9FEF9FF 
 325      77AAE9E6 
 325      9DB3
 326 0f8f 4BF70EA4 		.ascii	"K\367\016\244RS\260\212\357\246W\347\254+o\375\376"
 326      5253B08A 
 326      EFA657E7 
 326      AC2B6FFD 
 326      FE
 327 0fa0 29BFBF61 		.ascii	")\277\277a\366\363\243%=\252\276\313\373\034\273\340"
 327      F6F3A325 
 327      3DAABECB 
 327      FB1CBBE0 
 328 0fb0 17F61B8F 		.ascii	"\027\366\033\217z\217\224\337\360=\254\256\325\235\024"
 328      7A8F94DF 
 328      F03DACAE 
 328      D59D14
 329 0fbf F335B25F 		.ascii	"\3635\262_8\331\301}\231W[k\200*\235g9\2400\367\356"
 329      38D9C17D 
 329      99575B6B 
 329      802A9D67 
 329      39A030F7 
 330 0fd4 BFE9FAB5 		.ascii	"\277\351\372\265W\204\273y\177\376\205\206\365\272\037"
 330      5784BB79 
 330      7FFE8586 
 330      F5BA1F
 331 0fe3 B72B3440 		.ascii	"\267+4@5\265\247\203\357\333D\217\323\372\215=\321\236"
 331      35B5A783 
 331      EFDB448F 
 331      D3FA8D3D 
 331      D19E
 332 0ff5 6A4B7339 		.ascii	"jKs9R\275\2116\3737\216"
 332      52BD8936 
 332      FB378E
ARM GAS  /tmp/ccI7r3XX.s 			page 26


 333 1000 64FBB05E 		.ascii	"d\373\260^\275\342<\266\261q\036oJ\337>q\011#\006\367"
 333      BDE23CB6 
 333      B1711E6F 
 333      4ADF3E71 
 333      092306F7 
 334 1014 ED933832 		.ascii	"\355\22382\341\317\177M\374\302\221\344\266\272\307"
 334      E1CF7F4D 
 334      FCC291E4 
 334      B6BAC7
 335 1023 C725BB52 		.ascii	"\307%\273RR\\\251\370p\333\343<\356\3448$\342#\023="
 335      525CA9F8 
 335      70DBE33C 
 335      EEE43824 
 335      E223133D 
 336 1037 5E6BF258 		.ascii	"^k\362X\215\017\253Ng\257\344\320\317\206\214\354\026"
 336      8D0FAB4E 
 336      67AFE4D0 
 336      CF868CEC 
 336      16
 337 1048 FFF11F85 		.ascii	"\377\361\037\205v#\377\232\230\360E\377/\007&\016\030"
 337      7623FF9A 
 337      98F045FF 
 337      2F07260E 
 337      18
 338 1059 F8E5A0F8 		.ascii	"\370\345\240\370\201\211\011#\206\217\214\037\321\321"
 338      81890923 
 338      868F8C1F 
 338      D1D1
 339 1067 AC0916BB 		.ascii	"\254\011\026\273{\2245\331\376\256:d\320\220\021\003"
 339      7B9435D9 
 339      FEAE3A64 
 339      D0901103 
 340 1077 877FDA5F 		.ascii	"\207\177\332_\035\325\325<*\325\376\255W\255uPG\016"
 340      1DD5D53C 
 340      2AD5FEAD 
 340      57AD7550 
 340      470E
 341 1089 1C3260D8 		.ascii	"\0342`\330P\034.\017\354\324\224\341\236d\267#\315\353"
 341      501C2E0F 
 341      ECD494E1 
 341      9E64B723 
 341      CDEB
 342 109b 7287255A 		.ascii	"r\207%Z\235\216\321\251\211\036\307\337\354A#\343?\357"
 342      9D8ED1A9 
 342      891EC7DF 
 342      EC4123E3 
 342      3FEF
 343 10ad 3FBC55D2 		.ascii	"?\274U\322 \252\3147Vg\304\270\301\326o\207\241\205"
 343      20AACC37 
 343      5667C4B8 
 343      C1D66F87 
 343      A185
 344 10bf 766F0276 		.ascii	"vo\002v\007\217L\370|\350\360\021\341I)\375\275^\267"
 344      078F4CF8 
 344      7CE8F011 
 344      E14929FD 
 344      BD5EB7
ARM GAS  /tmp/ccI7r3XX.s 			page 27


 345 10d2 23C9E7B5 		.ascii	"#\311\347\265{\242\222\006\312\234\375m6\267\335\343"
 345      7BA29206 
 345      CA9CFD6D 
 345      36B7DDE3 
 346 10e2 894C1AA0 		.ascii	"\211L\032\240r\217\030\237f\017I\372\302\236:\332;\246"
 346      728F189F 
 346      660F49FA 
 346      C29E3ADA 
 346      3BA6
 347 10f4 336AA7EA 		.ascii	"3j\247\3525``B\374\360A\303F\014\035.\253\370\307\270"
 347      35606042 
 347      FCF041C3 
 347      460C1D2E 
 347      ABF8C7B8 
 348 1108 94546F5C 		.ascii	"\224To\\r\2347%-\316\346Hs\272R\306Z\343\274nW\232#"
 348      729C3725 
 348      2DCEE648 
 348      73BA52C6 
 348      5AE3BC6E 
 349 111f B9F7C73D 		.ascii	"\271\367\307=\331\304\370~\337\323\347I\352\211\216"
 349      D9C4F87E 
 349      DFD3E749 
 349      EA898E
 350 112e 1FEBF0F6 		.ascii	"\037\353\360\366\0345.\316\232\226&\374\363\377f\352"
 350      1C352ECE 
 350      9A9626FC 
 350      F3FF66EA 
 351 113e 1CA96CEA 		.ascii	"\034\251l\352\254i\216^c\204\030\263S\354\266\366\346"
 351      AC698E5E 
 351      638418B3 
 351      53ECB6F6 
 351      E6
 352 114f 469C522F 		.ascii	"F\234R/:\346\213\241C>k\"\200h\257\317\323\335\334\341"
 352      3AE68BA1 
 352      433E6B22 
 352      8068AFCF 
 352      D3DDDCE1 
 353 1163 755B533D 		.ascii	"u[S=\243\354\356D\267\375k\237\335\343\355\251B\002"
 353      A3ECEE44 
 353      B7FD6B9F 
 353      DDE3EDA9 
 353      4202
 354 1175 7B648EC4 		.ascii	"{d\216\304\2641V\217=\021\247\002U\355\332\002\332\356"
 354      B431568F 
 354      3D11A702 
 354      55EDDA02 
 354      DAEE
 355 1187 F5A5FDA6 		.ascii	"\365\245\375\246\371\376Q.7\306\345\337\234i\377\320"
 355      F9FE512E 
 355      37C6E5DF 
 355      9C69FFD0 
 356 1197 3CC6EB48 		.ascii	"<\306\353H\261\273|\336\226\244P\253[\320\031\335\232"
 356      B1BB7CDE 
 356      96A450AB 
 356      5BD019DD 
 356      9A
 357 11a8 E6B47B1D 		.ascii	"\346\264{\035\256\324\304Q\276\324d\372E\013\277\021"
ARM GAS  /tmp/ccI7r3XX.s 			page 28


 357      AED4C451 
 357      BED464FA 
 357      450BBF11 
 358 11b8 C3FB0F49 		.ascii	"\303\373\017I\370t\340pS\334\232h\230\315\277}+1\311"
 358      F874E070 
 358      53DC9A68 
 358      98CDBF7D 
 358      2B31C9
 359 11cb 2E5B4B48 		.ascii	".[KH\265\301\311\242\355w\315#\035\251\201\340\017\233"
 359      B5C1C9A2 
 359      ED77CD23 
 359      1DA981E0 
 359      0F9B
 360 11dd 075B93BD 		.ascii	"\007[\223\275>\253S\306\375c\3638\371i\267\311\320^"
 360      3EAB53C6 
 360      FD63F338 
 360      F969B7C9 
 360      D05E
 361 11ef 2DD8E473 		.ascii	"-\330\344s\273\355t\011Z\275\326D\026,v\367\007\315"
 361      BBED7409 
 361      5ABDD644 
 361      162C76F7 
 361      07CD
 362 1201 C3F5B0EE 		.ascii	"\303\365\260\356\315\303\224\300\353\322\202\213p5v"
 362      CDC394C0 
 362      EBD2828B 
 362      703576
 363 1210 7B5318BE 		.ascii	"{S\030\276c\332D\244\221\370/\306\352N\371\346\223\236"
 363      63DA44A4 
 363      91F82FC6 
 363      EA4EF9E6 
 363      939E
 364 1222 29BD52AC 		.ascii	")\275R\254\216\324\217l\236\264\217F\245\011a\270\252"
 364      8ED48F6C 
 364      9EB48F46 
 364      A50961B8 
 364      AA
 365 1233 BCF66F7B 		.ascii	"\274\366o{\246\364\355+tMlyS\374\217\377\353=V\350L"
 365      A6F4ED2B 
 365      744D6C79 
 365      53FC8FFF 
 365      EB3D56E8 
 366 1248 25FABC0E 		.ascii	"%\372\274\016\247\303;\236o\237n_\032\235\011\017\356"
 366      A7C33B9E 
 366      6F9F6E5F 
 366      1A9D090F 
 366      EE
 367 1259 3CF63FFD 		.ascii	"<\366?\375\035\033\203L\206\233C3\3346\207\307\232\344"
 367      1D1B834C 
 367      869B4333 
 367      DC3687C7 
 367      9AE4
 368 126b B447D15E 		.ascii	"\264G\321^\317x\234\356\024\356\314\367\003\352\212"
 368      CF789CEE 
 368      14EECCF7 
 368      03EA8A
 369 127a E6DFA0D2 		.ascii	"\346\337\240\322.\325\303]\003Q\311c\254\251\243\355"
ARM GAS  /tmp/ccI7r3XX.s 			page 29


 369      2ED5C35D 
 369      0351C963 
 369      ACA9A3ED 
 370 128a EA0232F5 		.ascii	"\352\0022\365\313,\266Q\276\304\024\214\376\330\026"
 370      CB2CB651 
 370      BEC4148C 
 370      FED816
 371 1299 FAD97A4D 		.ascii	"\372\331zML\261&\217q\244\266\010T\247\235\356\367\277"
 371      4CB1268F 
 371      71A4B608 
 371      54A79DEE 
 371      F7BF
 372 12ab 6D0168B3 		.ascii	"m\001h\263\243\333\307([\305\207- \223\255i\326$\352"
 372      A3DBC728 
 372      5BC5872D 
 372      2093AD69 
 372      D624EA
 373 12be 2A87DD63 		.ascii	"*\207\335c\362\204\333\236\342B\315\306Y\307\332}i8"
 373      F284DB9E 
 373      E242CDC6 
 373      59C7DA7D 
 373      6938
 374 12d0 89D47F36 		.ascii	"\211\324\1776\223\202F\224J8\276c 0\3155\216\352N\255"
 374      93824694 
 374      4A38BE63 
 374      2030CD35 
 374      8EEA4EAD 
 375 12e4 6D1BD8E7 		.ascii	"m\033\330\347I\263\333m&\005\324\20351\331i\365x\022"
 375      49B3DB6D 
 375      2605D483 
 375      3531D969 
 375      F57812
 376 12f7 AD6EB775 		.ascii	"\255n\267u\274\266\177\362\306dW\352(\307h\237\333\312"
 376      BCB67FF2 
 376      C66457EA 
 376      28C7689F 
 376      DBCA
 377 1309 B69A545F 		.ascii	"\266\232T_J\222\335\3355\000\243\021\361\376\356\315"
 377      4A92DDDD 
 377      3500A311 
 377      F1FEEECD 
 378 1319 F6A759DD 		.ascii	"\366\247Y\335\326\024;\326:\005@\274V\317Xu\272\333"
 378      D6143BD6 
 378      3A0540BC 
 378      56CF5875 
 378      BADB
 379 132b 06EAE074 		.ascii	"\006\352\340t\340\266\320\336\304\212\306\246&\333;"
 379      E0B6D0DE 
 379      C48AC6A6 
 379      26DB3B
 380 133a 07B423D4 		.ascii	"\007\264#\324=^\345\352\254\256\332\370/\372'$$\306"
 380      3D5EE5EA 
 380      ACAEDAF8 
 380      2FFA2724 
 380      24C6
 381 134c 0F1D3CB8 		.ascii	"\017\035<\270\377\220\001\362\006\034(\211\257\364\350"
 381      FF9001F2 
ARM GAS  /tmp/ccI7r3XX.s 			page 30


 381      061C2889 
 381      AFF4E8
 382 135b 80D654D4 		.ascii	"\200\326T\324\271m\000\017\037\337\2419K#\214p\323l"
 382      B96D000F 
 382      1FDFA139 
 382      4B238C70 
 382      D36C
 383 136d E93CDEC3 		.ascii	"\351<\336\303\024@\0309\243\250\237\306\271\334c\345"
 383      14401839 
 383      A3A89FC6 
 383      B9DC63E5 
 384 137d 5DB3738B 		.ascii	"]\263s\213\240\337\005\366:q\371\370\254\270\202\034"
 384      A0DF05F6 
 384      3A71F9F8 
 384      ACB8821C 
 385 138d 36139529 		.ascii	"6\023\225)\016\232\004\233\302\332\203yM\352h\023[\267"
 385      0E9A049B 
 385      C2DA8379 
 385      4DEA6813 
 385      5BB7
 386 139f 37E1FA34 		.ascii	"7\341\3724\263>\002\211\022\3078F\217\341\221\372\321"
 386      B33E0289 
 386      12C73846 
 386      8FE191FA 
 386      D1
 387 13b0 1B8768D8 		.ascii	"\033\207h\330\267\246\037\345s:\337\226^\3036\267\272"
 387      B7A61FE5 
 387      733ADF96 
 387      5EC336B7 
 387      BA
 388 13c1 DFE88640 		.ascii	"\337\350\206@\\\273\246\001\357\253\001$\017P6s\314"
 388      5CBBA601 
 388      EFAB0124 
 388      0F503673 
 388      CC
 389 13d2 7A5C2EA7 		.ascii	"z\\.\247\274\240\272\264\214\372 \260[\015C\003K\327"
 389      BCA0BAB4 
 389      8CFA20B0 
 389      5B0D4303 
 389      4BD7
 390 13e4 37C04CFD 		.ascii	"7\300L\375\243\034n\217.\377\216\015\3547\356\015Z\342"
 390      A31C6E8F 
 390      2EFF8E0D 
 390      EC37EE0D 
 390      5AE2
 391 13f6 1C4A7363 		.ascii	"\034Jsc\272\035E8\342\365\220\350$C\365K\253\323g\217"
 391      BA1D4538 
 391      E2F590E8 
 391      2443F54B 
 391      ABD3678F 
 392 140a 481AE24B 		.ascii	"H\032\342K\031\244*\022>n\204\013O1\236\030w\307E\024"
 392      19A42A12 
 392      3E6E840B 
 392      4F319E18 
 392      77C74514 
 393 141e 3F74C8A7 		.ascii	"?t\310\247\203>\0339\274\377\210AC\207\230\263c\223"
 393      833E1B39 
ARM GAS  /tmp/ccI7r3XX.s 			page 31


 393      BCFF8841 
 393      438798B3 
 393      6393
 394 1430 E9469D3C 		.ascii	"\351F\235<v\247=\031s\217nM\3000\207v\252\216|/\020"
 394      76A73D19 
 394      738F6E4D 
 394      C0308776 
 394      AA8E7C2F 
 395 1445 A059D386 		.ascii	"\240Y\323\206jhP\334\323\332\221`w;\254\316!\314\257"
 395      6A6850DC 
 395      D3DA9160 
 395      773BACCE 
 395      21CCAF
 396 1458 A18E616E 		.ascii	"\241\216an\227\315\227\354m\355\030lM\365\215\242\231"
 396      97CD97EC 
 396      6DED186C 
 396      4DF58DA2 
 396      99
 397 1469 91DBEE6E 		.ascii	"\221\333\356n\225\224l\033\300\310Z9l2\"\324a\373\222"
 397      95946C1B 
 397      C0C85A39 
 397      6C3222D4 
 397      61FB92
 398 147c 9D7C9149 		.ascii	"\235|\221I\206\373Coz7`\027.\267\313\353Jv9\225z\202"
 398      86FB436F 
 398      7A376017 
 398      2EB7CBEB 
 398      4A763995 
 399 1492 2F299E6E 		.ascii	"/)\236n\025\341r\235U\202\221\031O\354\216\350\036\371"
 399      15E1729D 
 399      55829119 
 399      4FEC8EE8 
 399      1EF9
 400 14a4 F264F24B 		.ascii	"\362d\362K\333@{\330\301\3201\260UwhD\006\\\310\242"
 400      DB407BD8 
 400      C1D031B0 
 400      55776844 
 400      065CC8A2 
 401 14b8 4D019BAC 		.ascii	"M\001\233\254wc\262M\361\241\023\031\306X\335\266qV"
 401      7763B24D 
 401      F1A11319 
 401      C658DDB6 
 401      7156
 402 14ca B7BDAD01 		.ascii	"\267\275\255\001\240\354\301\321\032u\374\000\323E\217"
 402      A0ECC1D1 
 402      1A75FC00 
 402      D3458F
 403 14d9 226575AC 		.ascii	"\"eu\254\362E\311\320\347pE\031\353\356\257;\033\032"
 403      F245C9D0 
 403      E7704519 
 403      EBEEAF3B 
 403      1B1A
 404 14eb 5CDED186 		.ascii	"\\\336\321\206\223\266SsZ\3224/\332\320\311\367\373"
 404      93B65373 
 404      5AD2342F 
 404      DAD0C9F7 
 404      FB
ARM GAS  /tmp/ccI7r3XX.s 			page 32


 405 14fc 8E5A4645 		.ascii	"\216ZFE\033\015gQ\270^wvi\375*a\304\300\301r\033\267"
 405      1B0D6751 
 405      B85E7776 
 405      69FD2A61 
 405      C4C0C172 
 406 1512 A5D75B25 		.ascii	"\245\327[%9*ed\000\313\277\376\035\011\031\027\207\371"
 406      392A6564 
 406      00CBBFFE 
 406      1D091917 
 406      87F9
 407 1524 D8FF0004 		.ascii	"\330\377\000\004\276u\350"
 407      BE75E8
 408              		.text
 409              		.section	.gnu.lto_.symtab.2e4855704445e454,"e",%progbits
 410 0000 5F75785F 		.ascii	"_ux_device_stack_endpoint_stall\000"
 410      64657669 
 410      63655F73 
 410      7461636B 
 410      5F656E64 
 411 0020 00       		.ascii	"\000"
 412 0021 00       		.ascii	"\000"
 413 0022 00       		.ascii	"\000"
 414 0023 00000000 		.ascii	"\000\000\000\000\000\000\000\000"
 414      00000000 
 415 002b 3D010000 		.ascii	"=\001\000\000"
 416 002f 5F75785F 		.ascii	"_ux_system_slave\000"
 416      73797374 
 416      656D5F73 
 416      6C617665 
 416      00
 417 0040 00       		.ascii	"\000"
 418 0041 02       		.ascii	"\002"
 419 0042 00       		.ascii	"\000"
 420 0043 00000000 		.ascii	"\000\000\000\000\000\000\000\000"
 420      00000000 
 421 004b 44020000 		.ascii	"D\002\000\000"
 422 004f 5F75785F 		.ascii	"_ux_utility_interrupt_restore\000"
 422      7574696C 
 422      6974795F 
 422      696E7465 
 422      72727570 
 423 006d 00       		.ascii	"\000"
 424 006e 02       		.ascii	"\002"
 425 006f 00       		.ascii	"\000"
 426 0070 00000000 		.ascii	"\000\000\000\000\000\000\000\000"
 426      00000000 
 427 0078 41010000 		.ascii	"A\001\000\000"
 428 007c 5F75785F 		.ascii	"_ux_utility_interrupt_disable\000"
 428      7574696C 
 428      6974795F 
 428      696E7465 
 428      72727570 
 429 009a 00       		.ascii	"\000"
 430 009b 02       		.ascii	"\002"
 431 009c 00       		.ascii	"\000"
 432 009d 00000000 		.ascii	"\000\000\000\000\000\000\000\000"
 432      00000000 
ARM GAS  /tmp/ccI7r3XX.s 			page 33


 433 00a5 44010000 		.ascii	"D\001\000\000"
 434              		.text
 435              		.section	.gnu.lto_.ext_symtab.2e4855704445e454,"e",%progbits
 436 0000 01       		.ascii	"\001"
 437 0001 01       		.ascii	"\001"
 438 0002 00       		.ascii	"\000"
 439 0003 02       		.ascii	"\002"
 440 0004 01       		.ascii	"\001"
 441 0005 01       		.ascii	"\001"
 442 0006 00       		.ascii	"\000"
 443 0007 01       		.ascii	"\001"
 444 0008 00       		.ascii	"\000"
 445              		.text
 446              		.section	.gnu.lto_.opts,"e",%progbits
 447 0000 272D666E 		.ascii	"'-fno-openmp' '-fno-openacc' '-fno-pie' '-fcf-prote"
 447      6F2D6F70 
 447      656E6D70 
 447      2720272D 
 447      666E6F2D 
 448 0033 6374696F 		.ascii	"ction=none' '-mcpu=cortex-m33' '-mthumb' '-mfpu=fpv"
 448      6E3D6E6F 
 448      6E652720 
 448      272D6D63 
 448      70753D63 
 449 0066 342D7370 		.ascii	"4-sp-d16' '-mfloat-abi=hard' '-mlibarch=armv8-m.mai"
 449      2D643136 
 449      2720272D 
 449      6D666C6F 
 449      61742D61 
 450 0099 6E2B6473 		.ascii	"n+dsp+fp' '-march=armv8-m.main+dsp+fp' '-Os' '-flto"
 450      702B6670 
 450      2720272D 
 450      6D617263 
 450      683D6172 
 451 00cc 2720272D 		.ascii	"' '-fdata-sections' '-ffunction-sections' '-Xassemb"
 451      66646174 
 451      612D7365 
 451      6374696F 
 451      6E732720 
 452 00ff 6C657227 		.ascii	"ler' '-a' '-Xassembler' '-ad' '-Xassembler' '-alms="
 452      20272D61 
 452      2720272D 
 452      58617373 
 452      656D626C 
 453 0132 6275696C 		.ascii	"build/../sdk/stm32/STM32_USBX_Library/common/core/s"
 453      642F2E2E 
 453      2F73646B 
 453      2F73746D 
 453      33322F53 
 454 0165 72632F75 		.ascii	"rc/ux_device_stack_endpoint_stall.lst'\000"
 454      785F6465 
 454      76696365 
 454      5F737461 
 454      636B5F65 
 455              		.text
 456              		.comm	__gnu_lto_slim,1,1
 457              		.ident	"GCC: (15:10.3-2021.07-4) 10.3.1 20210621 (release)"
ARM GAS  /tmp/ccI7r3XX.s 			page 34


ARM GAS  /tmp/ccI7r3XX.s 			page 35


DEFINED SYMBOLS
                            *ABS*:0000000000000000 ux_device_stack_endpoint_stall.c
                            *COM*:0000000000000001 __gnu_lto_slim

NO UNDEFINED SYMBOLS
