ARM GAS  /tmp/ccG1kkLP.s 			page 1


   1              		.cpu cortex-m33
   2              		.eabi_attribute 27, 1
   3              		.eabi_attribute 28, 1
   4              		.eabi_attribute 20, 1
   5              		.eabi_attribute 21, 1
   6              		.eabi_attribute 23, 3
   7              		.eabi_attribute 24, 1
   8              		.eabi_attribute 25, 1
   9              		.eabi_attribute 26, 1
  10              		.eabi_attribute 30, 4
  11              		.eabi_attribute 34, 1
  12              		.eabi_attribute 18, 4
  13              		.file	"ux_device_stack_interface_set.c"
  14              		.section	.gnu.lto_.profile.aca7583d76fa5b0,"e",%progbits
  15 0000 789C6361 		.ascii	"x\234ca\000\002F\006\006\000\000+\000\006"
  15      00024606 
  15      0600002B 
  15      0006
  16              		.text
  17              		.section	.gnu.lto_.icf.aca7583d76fa5b0,"e",%progbits
  18 0000 789CE360 		.ascii	"x\234\343`@\000F\206\255-\323\21711\000\000\014@\002"
  18      40004686 
  18      AD2DD38F 
  18      31310000 
  18      0C4002
  19 0013 A2       		.ascii	"\242"
  20              		.text
  21              		.section	.gnu.lto_.ipa_sra.aca7583d76fa5b0,"e",%progbits
  22 0000 789CD366 		.ascii	"x\234\323f@\000F\006fd\0363\003\023\003\023\013#\003"
  22      40004606 
  22      66641E33 
  22      03130313 
  22      0B2303
  23 0013 2A606400 		.ascii	"*`d\000\211\000\000\013k\000?"
  23      8900000B 
  23      6B003F
  24              		.text
  25              		.section	.gnu.lto_.inline.aca7583d76fa5b0,"e",%progbits
  26 0000 789C8B64 		.ascii	"x\234\213d@\000F\006\206\267\014\263_n\371\307\224\305"
  26      40004606 
  26      86B70CB3 
  26      5F6EF9C7 
  26      94C5
  27 0012 C8C0B494 		.ascii	"\310\300\264\224q\317\323\031[\231\262\030\030\330\347"
  27      71CFD319 
  27      5B99B218 
  27      18D8E7
  28 0021 6EFBB182 		.ascii	"n\373\261\202)\205\211\201\011\250\210\231\007\244r"
  28      29858981 
  28      09A88899 
  28      07A472
  29 0030 821F8C66 		.ascii	"\202\037\214f\345\003jc\231\340\307\300\000b3\300\331"
  29      E5036A63 
  29      99E0C7C0 
  29      006233C0 
  29      D9
  30 0041 ECC24071 		.ascii	"\354\302@qf \033\210\0006\226\023\256"
ARM GAS  /tmp/ccG1kkLP.s 			page 2


  30      66201B88 
  30      00369613 
  30      AE
  31              		.text
  32              		.section	.gnu.lto_.jmpfuncs.aca7583d76fa5b0,"e",%progbits
  33 0000 789C7D8F 		.ascii	"x\234}\217\261\015\2000\014\004\377c\024\221\006V\240"
  33      B10D8030 
  33      0C04FF63 
  33      14910656 
  33      A0
  34 0011 614DB203 		.ascii	"aM\262\0033\244`\000\350\331\014\034\007Q$\010K/K\347"
  34      33A46000 
  34      E8D90C1C 
  34      07512408 
  34      4B2F4BE7 
  35 0025 7F5B9E89 		.ascii	"\177[\236\211\267\010!)1\011T\204\312)=;Bui\215h@_\003"
  35      B7082129 
  35      31095484 
  35      CA293D3B 
  35      4275698D 
  36 003d D9A44274 		.ascii	"\331\244Bt\253$qdi\306\014\011\2759}v\243Iq'\017\366"
  36      AB247164 
  36      69C60C09 
  36      BD397D76 
  36      A3497127 
  37 0053 DD528FF2 		.ascii	"\335R\217\362\015~\273\237\275\301\246\341o\257o^+\321"
  37      0D7EBB9F 
  37      BDC1A6E1 
  37      6FAF6F5E 
  37      2BD1
  38 0065 C1F0F015 		.ascii	"\301\360\360\025E\234p\003\270\266Q\030"
  38      459C7003 
  38      B8B65118 
  39              		.text
  40              		.section	.gnu.lto_.pureconst.aca7583d76fa5b0,"e",%progbits
  41 0000 789C6361 		.ascii	"x\234ca```d\230\305\002\000\001d\000\244"
  41      60606064 
  41      98C50200 
  41      016400A4 
  42              		.text
  43              		.section	.gnu.lto_.lto.aca7583d76fa5b0,"e",%progbits
  44 0000 09000400 		.ascii	"\011\000\004\000\001\000\000\000"
  44      01000000 
  45              		.text
  46              		.section	.gnu.lto__ux_device_stack_interface_set.3.aca7583d76fa5b0,"e",%progbits
  47 0000 789C8D57 		.ascii	"x\234\215WiPTW\026~\347\275\327\315\332\335\320\354"
  47      69505457 
  47      167EE7BD 
  47      D7CDDADD 
  47      D0EC
  48 0012 3B0804E3 		.ascii	";\010\004\343\002D\243cL\324\224Y~L\215)\253\314d\253"
  48      0244A363 
  48      4CD49459 
  48      7E4C8D29 
  48      ABCC64AB 
  49 0026 A9A21030 		.ascii	"\251\242\0200C)K5m\226\251\251I\203\004*\232a\213\032"
  49      43294B35 
ARM GAS  /tmp/ccG1kkLP.s 			page 3


  49      6D96A9A9 
  49      4983042A 
  49      9A618B1A 
  50 003a 8D08A927 		.ascii	"\215\010\251'Q\\@Eb@\326\010j0\010Qb4Q\021\305\021\214"
  50      515C4045 
  50      6240D608 
  50      6A300851 
  50      62345111 
  51 0051 0AC4B861 		.ascii	"\012\304\270aH\230s\357}K\267\366X\323?.\367\235\373"
  51      489873EF 
  51      7D4BB7F6 
  51      58D33F2E 
  51      F79DFB
  52 0064 9DEF2CF7 		.ascii	"\235\357,\367\334s/o\371p\334?\201\343n\362\034\007"
  52      DC732F6F 
  52      F970DC3F 
  52      81E36EF2 
  52      1C07
  53 0076 4F705056 		.ascii	"OpPV\272\226\347l6\333\363.<l(];ZyP\2043@\005\002_P"
  53      BA96E76C 
  53      36DBF32E 
  53      3C6C285D 
  53      3B5A7950 
  54 0091 EA71E6D8 		.ascii	"\352q\346\330aA\314/5\356lhyN\024a\303~\005\256\343"
  54      6141CC2F 
  54      35EE6C68 
  54      794E1461 
  54      C37E05AE 
  55 00a6 D794AEE3 		.ascii	"\327\224\256\343\021KW\012J\215\024\251\347\273J\352"
  55      114B570A 
  55      4A8D14A9 
  55      E7BB4AEA 
  56 00b6 E05E5761 		.ascii	"\340^Wa\200XXj\374\350\340\375\251\242\013\277\011E"
  56      8058586A 
  56      FCE8E0FD 
  56      A9A20BBF 
  56      0945
  57 00c8 57BB37FB 		.ascii	"W\2737\373\210\337\226\\\206\317\016\\\235!\272\302"
  57      88DF965C 
  57      86CF0E5C 
  57      9D21BAC2 
  58 00d8 96328959 		.ascii	"\2262\211Y\211\206\315y\300(\335\370\023%uQHyj\354\301"
  58      8986CD79 
  58      C028DDF8 
  58      13257551 
  58      48796AEC 
  59 00ed 3CF13304 		.ascii	"<\3613\004\327\026\177\350\"\306j\010wM\317\003\332"
  59      D7167FE8 
  59      22C66A08 
  59      774DCF03 
  59      DA
  60 00fe CAA4FD13 		.ascii	"\312\244\375\023\261\212\267\236Bk\211\024\305\355>"
  60      B18AB79E 
  60      426B8914 
  60      C5ED3E
  61 010d BDCB4FDF 		.ascii	"\275\313O\337R\"\001\235lU&\006\330Y&\375R9\364g\005"
  61      5222019D 
ARM GAS  /tmp/ccG1kkLP.s 			page 4


  61      6C552606 
  61      D85926FD 
  61      5239F467 
  62 0122 6EE42BD1 		.ascii	"n\344+\321+\352s5\032\242A\230`\027\202jwxP\204\027"
  62      2BEA7335 
  62      1AA24198 
  62      6017826A 
  62      77785084 
  63 0137 AA6C8F62 		.ascii	"\252l\217bv\275\371\012\346\031\305\355B\005\252i\246"
  63      76BDF90A 
  63      E619C5ED 
  63      4205AA69 
  63      A6
  64 0148 D1DED876 		.ascii	"\321\336\330v\011\304\335([\177\276b\241\350\303\357"
  64      09C4DD28 
  64      5B7FBE62 
  64      A1E8C3EF 
  65 0158 61323F71 		.ascii	"a2?q/\223M\023}\371\032\224!S$\225\321\211\037_\373"
  65      2F934D13 
  65      7DF91A94 
  65      21532495 
  65      D1891F5F 
  66 016d 88CC1FF6 		.ascii	"\210\314\037\366\226I\262\311\000\276\201\231\244\364"
  66      9649B2C9 
  66      00BE8199 
  66      A4F4
  67 017b 8D0A7D20 		.ascii	"\215\012} t\241\217\207\2561\037\203\370CH\322\335T"
  67      74A18F87 
  67      AE311F83 
  67      F84348D2 
  67      DD54
  68 018d 33453C8E 		.ascii	"3E<\216\210\372\316Sab0\264*9\232\002MJ\346B\370n\273"
  68      88FACE53 
  68      616230B4 
  68      2A399A02 
  68      4D4AE642 
  69 01a4 DC362BB9 		.ascii	"\3346+\271\215\321\020\241\232^\03052rM\315V8&[\311"
  69      8DD110A1 
  69      9A5E1835 
  69      32724DCD 
  69      5638265B 
  70 01b9 45045FCE 		.ascii	"E\004_\316\230\250?\337 \023\3650\222\352l\272\256\247"
  70      98A83FDF 
  70      2013F530 
  70      92EA6CBA 
  70      AEA7
  71 01cb A028C855 		.ascii	"\240(\310U\013\013\270\017xA\324\351]\\\243\335b\335"
  71      0B0BB80F 
  71      7841D4E9 
  71      5D5CA3DD 
  71      62DD
  72 01dd 3D3C0D46 		.ascii	"=<\015F\223\227\267\331\307\327\317? 0(xJHLhXxDd\024"
  72      9397B7D9 
  72      C7D7CF3F 
  72      20302878 
  72      4A484C68 
  73 01f6 7CA0D771 		.ascii	"|\240\327q\320.\302$\376L\352\204\223\177n\234\366\213"
ARM GAS  /tmp/ccG1kkLP.s 			page 5


  73      D02EC224 
  73      FE4CEA84 
  73      937F6E9C 
  73      F68B
  74 0208 B09B7B3F 		.ascii	"\260\233{?F'\304\016\367\211P.@\231P%p \3123\200\310"
  74      4627C40E 
  74      F789502E 
  74      40995025 
  74      7020CA33 
  75 021e 27DB6DB6 		.ascii	"'\333m\266\373G*\032\006\241\274\272]\254\022x\256\002"
  75      FB472A1A 
  75      06A1BCBA 
  75      5DAC1278 
  75      AE02
  76 0230 015F02D4 		.ascii	"\001_\002\324\003QB\240\260\016\2708D}\327\337`\263"
  76      035142A0 
  76      B00EB838 
  76      447DD7DF 
  76      60B3
  77 0242 B9715582 		.ascii	"\271qU\202\000_\201\035\010\005\024V.\303\212\326\024"
  77      005F811D 
  77      08051456 
  77      2EC38AD6 
  77      14
  78 0253 DABC9049 		.ascii	"\332\274\220I\204FG\230Ha\365\0146\3268Xa,\001\002k"
  78      84464798 
  78      4861F50C 
  78      36D63858 
  78      612C0102 
  79 0268 7A18C6CC 		.ascii	"z\030\306\314v\003\371\023K\260?u|j,\311u%\340\026p"
  79      7603F913 
  79      4BB03F75 
  79      7C6A2CC9 
  79      7525E016 
  80 027d F08F22BF 		.ascii	"\360\217\"\277W\221\3375\022\037#\011\260\315\011pX"
  80      5791DF35 
  80      121F2309 
  80      B0CD0970 
  80      58
  81 028e 05EEFB91 		.ascii	"\005\356\373\221x\231\217H\036\276v\202\034\325\220"
  81      78998F48 
  81      1EBE7682 
  81      1CD590
  82 029d 6715A408 		.ascii	"g\025\244\010\035N\220\037\362*\262\267\243\300\346"
  82      1D4E901F 
  82      F22AB2B7 
  82      A3C0E6
  83 02ac 958B481D 		.ascii	"\225\213H\035\034\241\310\331\220\250\3426h\270\036"
  83      1CA1C8D9 
  83      90A8E236 
  83      68B81E
  84 02bb 8DF19813 		.ascii	"\215\361\230\023\306\035*r\354DG\021\013\\\017]N\220"
  84      C61D2A72 
  84      EC444711 
  84      0B5C0F5D 
  84      4E90
  85 02cd 5F6A9CDD 		.ascii	"_j\234\335\012\247\036\276u\202l\3258\217o+R\222y\302"
ARM GAS  /tmp/ccG1kkLP.s 			page 6


  85      0AA71EBE 
  85      75826CD5 
  85      388F6F2B 
  85      529279C2 
  86 02e1 09F2B486 		.ascii	"\011\362\264\206\354R\254\273@\257\023\344\025\315z"
  86      EC52ACBB 
  86      40AF13E4 
  86      15CD7A
  87 02f0 9B62DD05 		.ascii	"\233b\335\005N:A\336\322\220-\012\322\025\372\234 \307"
  87      4E3A41DE 
  87      D2902D0A 
  87      D215FA9C 
  87      20C7
  88 0302 3564B382 		.ascii	"5d\263\202t\203\323\017!\365\034\374\000\360=\300)\200"
  88      7483D30F 
  88      21F51CFC 
  88      00F03DC0 
  88      2980
  89 0314 EF007A00 		.ascii	"\357\000z\000\272\001\216\003|\003p\024\240\023\340"
  89      BA018E03 
  89      7C037014 
  89      A013E0
  90 0323 30403B40 		.ascii	"0@;@+\220b\306\037j\031\376O\215\275\247t\355\266\211"
  90      2B9062C6 
  90      1F6A19FE 
  90      4F8DBDA7 
  90      74EDB689 
  91 0337 C9629BED 		.ascii	"\311b\233\355L\310\245:\377\267\000+\322\235\347PO\300"
  91      4CC8A53A 
  91      FFB7002B 
  91      D29DE750 
  91      4FC0
  92 0349 99878883 		.ascii	"\231\207\210\203\247\016\007\203\236\014.8\030]\311"
  92      A70E0783 
  92      9E0C2E38 
  92      185DC9
  93 0358 821B878C 		.ascii	"\202\033\207\214\356d\360 2O\"3\340`2\342\340e\",^D"
  93      EE64F020 
  93      324F2233 
  93      E06032E2 
  93      E065222C 
  94 036e E64D56CD 		.ascii	"\346MV\315\004\347\303\241\003\276\370\351\355\207\203"
  94      04E7C3A1 
  94      03BEF8E9 
  94      ED8783
  95 037d D99F0C01 		.ascii	"\331\237\014\001\0344@ \007\207 \210\230\014\346\320"
  95      1C344020 
  95      07872088 
  95      980CE6D0 
  96 038d D9100EDD 		.ascii	"\331\020\016\335\015%\032aD#\234Cw#\360\314C$j\360q"
  96      0D251A61 
  96      44239C43 
  96      7723F0CC 
  96      43246AF0 
  97 03a2 24155339 		.ascii	"$\025S9\014\355I\2421\215\200\247\223\331\0142\213\007"
  97      0CED49A2 
  97      318D80A7 
ARM GAS  /tmp/ccG1kkLP.s 			page 7


  97      93D90C32 
  97      8B07
  98 03b4 E44B242C 		.ascii	"\344K$,\263\310\347\323\200\314s\010\375\\bh\036\207"
  98      B3C8E7D3 
  98      80CC7308 
  98      FD5C6268 
  98      1E87
  99 03c6 613F43FC 		.ascii	"a?C\374\233\317a&\236\3450\027\317\021C\013\210\215"
  99      9BCF6126 
  99      9EE53017 
  99      CF11430B 
  99      888D
 100 03d8 8564B688 		.ascii	"\205d\266\210\314\026\023k/p\230\235\027\311\360\022"
 100      CC16136B 
 100      2F70989D 
 100      17C9F012 
 101 03e8 195E26B2 		.ascii	"\031^&\262%\204\340\025\002YJ\206e$\266W\011\337kd\341"
 101      2584E015 
 101      02594A86 
 101      6524B657 
 101      09DF6B64 
 102 03fd 7532BC41 		.ascii	"u2\274A\254\275I\254q\\\261\300\355:wy.\330\3329\256"
 102      ACBD49AC 
 102      715CB1C0 
 102      ED3A7779 
 102      2ED8DA39 
 103 0412 44E0E93C 		.ascii	"D\340\351<\027\347#\220\267\261\361\316\2458l\251\222"
 103      17E72390 
 103      B7B1F1CE 
 103      A5386CA9 
 103      92
 104 0423 00726FF2 		.ascii	"\000ro\362\241'0\037x\234V\343.n\247;\001?\002\234\005"
 104      A127301F 
 104      789C56E3 
 104      2E6EA73B 
 104      013F029C 
 105 0438 AAB27EED 		.ascii	"\252\262~\355\011\204\307\311pw\012\337N\272uuD\225"
 105      0984C7C9 
 105      70770ADF 
 105      4EBA7575 
 105      4495
 106 044a E08B4470 		.ascii	"\340\213Dp\216\312\022Q\2045\354\007\347a+\251\206|"
 106      8ECA1251 
 106      8435EC07 
 106      E7612BA9 
 106      867C
 107 045c 8A3192BA 		.ascii	"\2121\222\272\272\2400]\017\227\204\251\212\376p\214"
 107      BAA0305D 
 107      0F9784A9 
 107      8AFE708C 
 108 046c 337D7FB8 		.ascii	"3}\177\270\210\372 \353\017\233H\005\0170\375\346\361"
 108      88FA20EB 
 108      0F9B4805 
 108      0F30FDE6 
 108      F1
 109 047d 89FD3A49 		.ascii	"\211\375:IxRv\305\025bTW\302Q\221P]\006N\3461\300 \362"
 109      785276C5 
ARM GAS  /tmp/ccG1kkLP.s 			page 8


 109      15625457 
 109      C2519150 
 109      5D064EE6 
 110 0495 E0E3836A 		.ascii	"\340\343\203jn\376\003c\230\246Z~\342\021\270\010\377"
 110      6EFE0363 
 110      98A65A7E 
 110      E211B808 
 110      FF
 111 04a6 4138AD62 		.ascii	"A8\255b\314\231p\374\360\365AAIZscg\235\213$(}\335E"
 111      CC9970FC 
 111      F0F54141 
 111      495A7363 
 111      679D8B24 
 112 04be 4B012A06 		.ascii	"K\001*\006HB\020\014\331\361\014#\017\351\255\327 \177"
 112      4842100C 
 112      D9F10C23 
 112      0FE9ADD7 
 112      207F
 113 04d0 B8C3826A 		.ascii	"\270\303\202jDGd\007\012\251\305\263U[\273\024\3525"
 113      44476407 
 113      0AA9C5B3 
 113      555BBB14 
 113      EA35
 114 04e2 750543D5 		.ascii	"u\005C\325\177\223\204\351H\302\256\214H\"-/\230\254"
 114      7F9384E9 
 114      48C2AE8C 
 114      48222D2F 
 114      98AC
 115 04f4 FE9724CC 		.ascii	"\376\227$\314\220\204\020\246\254\\6%\202\016\315\330"
 115      908410A6 
 115      AC5C3625 
 115      820ECDD8 
 116 0504 44AA8E06 		.ascii	"D\252\216\006\256u\334+\016A\024\374L\371\037@\020\246"
 116      AE75DC2B 
 116      0E4114FC 
 116      4CF91F40 
 116      10A6
 117 0516 87AF68DB 		.ascii	"\207\257h\333\203\321N\027{N6\300\003\300\365i|O\333"
 117      83D14E17 
 117      7B4E36C0 
 117      03C0F569 
 117      7C4FDB
 118 0529 188A6688 		.ascii	"\030\212f\210\177\234\234\000d\321\357Vj\202z9\272>"
 118      7F9C9C00 
 118      64D1EF56 
 118      6A827A39 
 118      BA3E
 119 053b 501266A9 		.ascii	"P\022f\251$<z\203!\340\250\303\257Y\310/\340G\210\216"
 119      243C7A83 
 119      21E0A8C3 
 119      AF59C82F 
 119      E047888E 
 120 054f D877691C 		.ascii	"\330wi\034\310\217V\022s\253\341L\336L\254&5\257~4\037"
 120      C88F5612 
 120      73ABE14C 
 120      DE4CAC26 
 120      35AF7E34 
ARM GAS  /tmp/ccG1kkLP.s 			page 9


 121 0564 BC433E6E 		.ascii	"\274C>n\262|\260@\200\325\301\344\356w$ATwo\246\246"
 121      B27CB040 
 121      80D5C1E4 
 121      EE772441 
 121      54776FA6 
 122 0579 A6154220 		.ascii	"\246\025B \214\241\246N)\2040l\010\360\013z8\006\205"
 122      8CA1A64E 
 122      2984306C 
 122      08F00B7A 
 122      380685
 123 058c 03E3C779 		.ascii	"\003\343\307y\216\226lP\005)\025I\210\227\367&X\253"
 123      8E966C50 
 123      05291549 
 123      8897F726 
 123      58AB
 124 059e E6E06A41 		.ascii	"\346\340jA\336(,\350\020\270\003p\033P)\017\357\341"
 124      DE282CE8 
 124      10B80370 
 124      1B50290F 
 124      EFE1
 125 05b0 FE321D81 		.ascii	"\3762\035\201\336\005\364\235h\361\340\206\356T\011"
 125      DE05F49D 
 125      68F1E086 
 125      EE5409
 126 05bf A16CB7AF 		.ascii	"\241l\267\257\346a\225\351\354\366\370\221\322\032G"
 126      E66195E9 
 126      ECF6F891 
 126      D21A47
 127 05ce CFF4CA1E 		.ascii	"\317\364\312\036/G0a1\250{\354\332y\360kw\365\310\215"
 127      2F473061 
 127      31A87BEC 
 127      DA79F06B 
 127      77F5C88D 
 128 05e2 0FD519D4 		.ascii	"\017\325\031\324P}\235\260M06\211Vk\261\020}ggG \220"
 128      507D9DB0 
 128      4D303689 
 128      566BB110 
 128      7D676747 
 129 05f8 6D72EBD9 		.ascii	"mr\353\331\375[?\250e8>r\013\313P\357X|\301v\3116\300"
 129      FD5B3FA8 
 129      65383E72 
 129      0BCB50EF 
 129      587CC176 
 130 060f 1F48E5C2 		.ascii	"\037H\345\302\311\265\201%\244\207\337\344M\015F/\243"
 130      C9B58125 
 130      A487DFE4 
 130      4D0D462F 
 130      A3
 131 0620 7BCE0D60 		.ascii	"{\316\015`\031\350cG\316\215\001Z\212\3751\267\001\333"
 131      19E86347 
 131      CE8D015A 
 131      8AFD31B7 
 131      01DB
 132 0632 3231E54E 		.ascii	"21\345N\215\252.\217\2362\251.\207R;\211\016vl<\265"
 132      8DAA2E8F 
 132      9E32A92E 
 132      87523B89 
ARM GAS  /tmp/ccG1kkLP.s 			page 10


 132      0E766C3C 
 133 0647 435D7E00 		.ascii	"C]~\000\211\350\206\233H\"\367\260/\217M\353\216\355"
 133      89E8869B 
 133      4822F7B0 
 133      2F8F4DEB 
 133      8EED
 134 0659 ADD3D16E 		.ascii	"\255\323\321n\343\"\357\017n\211\342;\3468\036\362x"
 134      E322EF0F 
 134      6E89E23B 
 134      E6381EF2 
 134      78
 135 066a 8A9C283C 		.ascii	"\212\234(<!J\202+\342H\371W\024\334\024$a\216$<\215"
 135      214A822B 
 135      E248F957 
 135      14DC1424 
 135      618E243C 
 136 067f 32764A7A 		.ascii	"2vJz\367\342)\231\213\032DB\014y\356;\272\355<gg\251"
 136      F7E22999 
 136      8B1A4442 
 136      0C79EE3B 
 136      BAED3C67 
 137 0695 A11CCD78 		.ascii	"\241\034\315x\330\221\007h\344\027\220n>\2562\350\305"
 137      D8910768 
 137      E417906E 
 137      3EAE32E8 
 137      C5
 138 06a6 063C95CF 		.ascii	"\006<\225\317\252\016\261\002\241\012\370\306\340n\302"
 138      AA0EB102 
 138      A10AF8C6 
 138      E06EC2
 139 06b5 87035B7B 		.ascii	"\207\003[{<\031\"\232\2346\333Z\254\2460\371\212\303"
 139      3C19229A 
 139      9C36DB5A 
 139      ACA630F9 
 139      8AC3
 140 06c7 DF26C8B5 		.ascii	"\337&\310\265\3316M\210D\310A!OoT\202\334w\341#\304"
 140      D9364D88 
 140      44C84121 
 140      4F6F5482 
 140      DC77E123 
 141 06dc 720E60D9 		.ascii	"r\016`\331\214\016x\252\206\256\205\001b\340#\336nM"
 141      8C0E78AA 
 141      86AE8501 
 141      62E023DE 
 141      6E4D
 142 06ee 6494A384 		.ascii	"d\224\243\204\022>\326V)\351\346\302\377M\252\323H\213"
 142      123ED656 
 142      29E9E6C2 
 142      FF4DAAD3 
 142      488B
 143 0700 51AD8897 		.ascii	"Q\255\210\227\013\320\320\364\351\245p\232\234\033\220"
 143      0BD0D0F4 
 143      E9A5709A 
 143      9C1B90
 144 070f 1B49E4B4 		.ascii	"\033I\344\264~z\0061\314\347\324\323\032\361H-\232\241"
 144      7E7A0631 
 144      CCE7D4D3 
ARM GAS  /tmp/ccG1kkLP.s 			page 11


 144      1AF1482D 
 144      9AA1
 145 0721 1437D655 		.ascii	"\0247\326Un\232\215\275\007\360\\,P\013!\336I\327\374"
 145      6E9A8DBD 
 145      07F05C2C 
 145      500B21DE 
 145      49D7FC
 146 0734 04F16EB2 		.ascii	"\004\361n\262U\343'\215\347\213y\255k\236\036\304r\365"
 146      55E3278D 
 146      E78B79AD 
 146      6B9E1EC4 
 146      72F5
 147 0746 949DD53B 		.ascii	"\224\235\325;tM\274\007B\001\237j*\317F\344qWNT\035"
 147      744DBC07 
 147      42019F6A 
 147      2ACF46E4 
 147      71574E54 
 148 075b 6EA5A7DC 		.ascii	"n\245\247\334\216\220\327\264\347\356}\243\332s\356"
 148      8E90D7B4 
 148      E7EE7DA3 
 148      DA73EE
 149 076a FFD067B2 		.ascii	"\377\320g\262\277\202\220\312\315\201j\023\243\002|"
 149      BF8290CA 
 149      CD816A13 
 149      A3027C
 150 0779 5B626D62 		.ascii	"[bmb\004\241F\021'\257HB\270\221\320y\015\037\036\264"
 150      04A14611 
 150      27AF4842 
 150      B891D079 
 150      0D1F1EB4 
 151 078d F15A073E 		.ascii	"\361Z\007>\323tK\244E\272\020\241\254\013\017s\254\015"
 151      D3744BA4 
 151      45BA10A1 
 151      AC0B0F73 
 151      AC0D
 152 079f 8F367D86 		.ascii	"\2176}\206\362E\250\0117\200\372\342]\365Sg%\257\365"
 152      F245A809 
 152      3780FAE2 
 152      5DF55367 
 152      25AFF5
 153 07b2 DFC9F2E9 		.ascii	"\337\311\362\351dUi\235\241\230_C\377\257\015\204\315"
 153      6455699D 
 153      A1985F43 
 153      FFAF0D84 
 153      CD
 154 07c3 ABF6DE15 		.ascii	"\253\366\336\025\354\277\350\337\002\303\310\257{"
 154      ECBFE8DF 
 154      02C3C8AF 
 154      7B
 155 07d0 B0AB2EF2 		.ascii	"\260\253.\362\352\277W\317#\213\271Y\331\037\032\357"
 155      EABF57CF 
 155      238BB959 
 155      D91F1AEF 
 156 07e0 8E8AA992 		.ascii	"\216\212\251\222\260T%q\307\210L\244\377\206z\343\327"
 156      B0542571 
 156      C7884CA4 
 156      FF867AE3 
ARM GAS  /tmp/ccG1kkLP.s 			page 12


 156      D7
 157 07f1 524978C5 		.ascii	"RIx\305\204\037\341\336\304\276\317\361\333\267\303"
 157      841FE1DE 
 157      C4BECFF1 
 157      DBB7C3
 158 0800 945CAC5F 		.ascii	"\224\\\254_{\254\245\202\0350\265\303\014?MS\342\016"
 158      7BACA582 
 158      1D30B5C3 
 158      0C3F4D53 
 158      E20E
 159 0812 EC212C67 		.ascii	"\354!,g%\002\266`V<\224f\032\207\017&(\347Y3\335\322"
 159      2502B660 
 159      563C9466 
 159      1A870F26 
 159      28E75933 
 160 0828 6B746CA6 		.ascii	"ktl\246\001v-\224\267k\241\030\267\322B\033\206\372"
 160      01762D94 
 160      B76BA118 
 160      B7D2421B 
 160      86FA
 161 083a 5C480BFD 		.ascii	"\\H\013\375\234W[\250\036\235P[\350\235>\223$\030\037"
 161      9C575BA8 
 161      1E9D505B 
 161      E89D3E93 
 161      24181F
 162 084d DAA6477C 		.ascii	"\332\246G|\332\306|\"\337\303\013\253\204H\250B\201"
 162      DAC67C22 
 162      DFC30BAB 
 162      8448A842 
 162      81
 163 085e 27ADBE35 		.ascii	"'\255\2765\033\361`I\3023\310B\350\275\000\357?z\226"
 163      1BF16049 
 163      C233C842 
 163      E8BD00EF 
 163      3F7A96
 164 0871 7B5BCB58 		.ascii	"{[\313X\304\213q\225=i\356\222259{\305\354\340\225W"
 164      C48B7195 
 164      3D69EE92 
 164      3235397B 
 164      C5ECE095 
 165 0886 4C3342BC 		.ascii	"L3B\274\354\012\020\037\036&\362\360P\253f'\2326(\005"
 165      EC0A101F 
 165      1E26F2F0 
 165      50AB6627 
 165      9A362805 
 166 089a 2821BF17 		.ascii	"(!\277\027\273\261\224#\345\273\371\347\015\264\247"
 166      BBB19423 
 166      E5BBF9E7 
 166      0DB4A7
 167 08a9 033D4A77 		.ascii	"\003=Jw\267a\200\336j\322\303\234\007\270G\013\260z"
 167      B76180DE 
 167      6AD2C39C 
 167      07B8470B 
 167      B07A
 168 08bb 0139B035 		.ascii	"\0019\2605(0\332\007\270\014Y\210!#vaZP\007*k\242i|"
 168      2830DA07 
 168      B80C5988 
ARM GAS  /tmp/ccG1kkLP.s 			page 13


 168      21237661 
 168      5A50072A 
 169 08d3 CB9858B9 		.ascii	"\313\230X\271S\374\376}g\255N)Z\246\373\252\232\034"
 169      53FCFE7D 
 169      67AD4E29 
 169      5AA6FBAA 
 169      9A1C
 170 08e5 5B224BCE 		.ascii	"[\"K\316d\253\\\312/\340*\343\033\252\304g\304\013\332"
 170      64AB5CCA 
 170      2FE02AE3 
 170      1BAAC467 
 170      C40BDA
 171 08f8 61F23F7A 		.ascii	"a\362?z\350\210Z\374\023\005\027\333\376!\011/\"\202"
 171      E8885AFC 
 171      130517DB 
 171      FE21092F 
 171      2282
 172 090a 10458107 		.ascii	"\020E\201\007\253\373A,\371\227PN\316\020\012\366\025"
 172      ABFB412C 
 172      F997504E 
 172      CE100AF6 
 172      15
 173 091b 8CB69133 		.ascii	"\214\266\2213\3712\315\372K\224'\300\276\0207\216\037"
 173      F932CDFA 
 173      4B9427C0 
 173      BE10378E 
 173      1F
 174 092c A99F2D1F 		.ascii	"\251\237-\037\364)\020i\277\357\321$-\007\354\216g="
 174      F4291069 
 174      BFEFD124 
 174      2D07EC8E 
 174      673D
 175 093e A6C044CA 		.ascii	"\246\300D\312,\202\355\336\261\316\247\036\2037\303"
 175      2C82EDDE 
 175      B1CEA71E 
 175      8337C3
 176 094d 41C47B11 		.ascii	"A\304{\021\274;;\376\335\365\217\303\213\320\200xo\366"
 176      BC3B3BFE 
 176      DDF58FC3 
 176      8BD08078 
 176      6FF6
 177 095f DEF0901F 		.ascii	"\336\360\220\037N\324N\317\367\332-\034\240m\227z\245"
 177      4ED44ECF 
 177      F7DA2D1C 
 177      A06D977A 
 177      A5
 178 0970 35A19E99 		.ascii	"5\241\236\231]i4\242\336\252\307\341c\240\005\361>\004"
 178      5D6934A2 
 178      DEAAC7E1 
 178      63A005F1 
 178      3E04
 179 0982 3F55EE76 		.ascii	"?U\356v\365\330\355|\345$\2709t;?\3225\333T]ohG]_\216"
 179      F5D8ED7C 
 179      E524B839 
 179      743B3FD2 
 179      35DB545D 
 180 099c 1CBF82CF 		.ascii	"\034\277\202\317\223$a\011*\"Q\034;HF\264T%\304\262"
ARM GAS  /tmp/ccG1kkLP.s 			page 14


 180      93246109 
 180      2A22511C 
 180      3B4846B4 
 180      5425C4B2 
 181 09b0 EDFBEA0B 		.ascii	"\355\373\352\013l\015K\330\002\307\332C\004\356\202"
 181      6C0D4BD8 
 181      02C7DA43 
 181      04EE82
 182 09bf 4FC5EF55 		.ascii	"O\305\357U\330P\026\373\222\301\017\207\227\375\373"
 182      D85016FB 
 182      92C10F87 
 182      97FDFB
 183 09ce 27AF90D6 		.ascii	"'\257\220\326\022x\371\213k\234\326,\317_\321\242`E"
 183      1278F98B 
 183      6B9CD62C 
 183      CF5FD1A2 
 183      6045
 184 09e0 6A766896 		.ascii	"jvh\226\235r\263\374\2316K3\232\016 \315\362u4\032P"
 184      9D72B3FC 
 184      99364B33 
 184      9A0E20CD 
 184      F275341A 
 185 09f5 BBA1C50D 		.ascii	"\273\241\305\015\253\011I\203\206{\326\205i\215\375"
 185      AB094983 
 185      867BD685 
 185      698DFD
 186 0a04 E26D0CD5 		.ascii	"\342m\014\325\317\361\035b\377\3503\303Q\244\365\263"
 186      CFF11D62 
 186      FFE833C3 
 186      51A4F5B3 
 187 0a14 3F4D7E24 		.ascii	"?M~$\004\263Z\315\301%\327{LZ\365\\\321j\200\334J\217"
 187      04B35ACD 
 187      C125D77B 
 187      4C5AF55C 
 187      D16A80DC 
 188 0a2a D075313A 		.ascii	"\320u1:\211^\021\305\302\224\263\203\315\006\372l\011"
 188      895E11C5 
 188      C294B383 
 188      CD06FA6C 
 188      09
 189 0a3b A9196A7B 		.ascii	"\251\031j{\300i/\244\241+x\316\375\035/\2320\273\200"
 189      C0692FA4 
 189      A12B78CE 
 189      FD1D2F9A 
 189      30BB80
 190 0a4e CDF02D52 		.ascii	"\315\360-R\371+/\244V\364\314\037\276\341Yb\303\320"
 190      F92B2FA4 
 190      56F4CC1F 
 190      BEE15962 
 190      C3D0
 191 0a60 CD29239B 		.ascii	"\315)#\233\177'\302\230\242-5<\232\2129\275f\315M\216"
 191      7F27C298 
 191      A22D353C 
 191      9A8A39BD 
 191      66CD4D8E 
 192 0a74 DA0AA556 		.ascii	"\332\012\245VU\237oT9\370\214\206|\034\014\235`\206"
 192      559F6F54 
ARM GAS  /tmp/ccG1kkLP.s 			page 15


 192      39F88C86 
 192      7C1C0C9D 
 192      6086
 193 0a86 A8CF0FC0 		.ascii	"\250\317\017\300\007\375\010\241O\2440\373\273y\240"
 193      07FD08A1 
 193      4FA430FB 
 193      BB79A0
 194 0a95 A9EF63F2 		.ascii	"\251\357c\362\012%7\376\030\344\017\234\351\303\330"
 194      0A2537FE 
 194      18E40F9C 
 194      E9C3D8
 195 0aa4 5FA37DEC 		.ascii	"_\243}\354\211\012\362\270\302LT\011q4g\341\333\256"
 195      890AF2B8 
 195      C24C5409 
 195      713467E1 
 195      DBAE
 196 0ab6 DE785651 		.ascii	"\336xVQ|\236\276<\350ci\264W\356\210oH\002\276\343\347"
 196      7C9EBE3C 
 196      E86369B4 
 196      57EE886F 
 196      4802BEE3 
 197 0acb B35BEDD8 		.ascii	"\263[\355\330Y\253$\274)\221\\\316\247\352\021\027\216"
 197      59AB24BC 
 197      29915CCE 
 197      A7EA1117 
 197      8E
 198 0adc FED2CF69 		.ascii	"\376\322\317i7\327\257\237\342\177\006\201\352\245\203"
 198      37D7AF9F 
 198      E27F0681 
 198      EAA583
 199 0aeb B8B91E15 		.ascii	"\270\271\036\025\027\311\315\365fx\321\376kxs!\331\034"
 199      17C9CDF5 
 199      6678D1FE 
 199      6B787321 
 199      D91C
 200 0afd 8FA28BB7 		.ascii	"\217\242\213\267\011ux\177\345\027\244\274\"kl=\254"
 200      0975787F 
 200      E517A4BC 
 200      226B6C3D 
 200      AC
 201 0b0e 7D1077B7 		.ascii	"}\020w\267\374\200]p\236sw\243j\225\3771nA\336\363\270"
 201      FC805D70 
 201      9E7377A3 
 201      6A95FF31 
 201      6E41DEF3 
 202 0b23 1249ED44 		.ascii	"\022I\355D\262Z6\353\217\366\221V\005'ys\355x3\232x"
 202      B25A36EB 
 202      8FF69156 
 202      05277973 
 202      ED78339A 
 203 0b38 3D70FB06 		.ascii	"=p\373\006\374\363Z\330\310\326\032\374;/\262\350@\006"
 203      FCF35AD8 
 203      C8D61AFC 
 203      3B2FB2E8 
 203      4006
 204 0b4a 6E00D42A 		.ascii	"n\000\324*\377\312r\334\237\02222\255\011)\011\326\214"
 204      FFCA72DC 
ARM GAS  /tmp/ccG1kkLP.s 			page 16


 204      9F123232 
 204      AD092909 
 204      D68C
 205 0b5c EC84D4F4 		.ascii	"\354\204\324\364\354UY\031+\223\023\254\226\254\354"
 205      EC555919 
 205      2B9313AC 
 205      96ACEC
 206 0b6b F494C4A7 		.ascii	"\364\224\304\247f\346X3f\317Z=g\346\352\234\3453S\323"
 206      66E65833 
 206      66CF5A3D 
 206      67E6EA9C 
 206      E53353D3 
 207 0b7f DE59996E 		.ascii	"\336Y\231n\235\271\342\335\204\344\354lni||BN\352\312"
 207      9DB9E2DD 
 207      84E4EC6C 
 207      6E697C7C 
 207      424EEACA 
 208 0b93 048A4858 		.ascii	"\004\212HX\366\352\222\331\263\222\376\272l\361\033"
 208      F6EA92D9 
 208      B392FEBA 
 208      6CF11B
 209 0ba2 497F495F 		.ascii	"I\177I_nI\266\274\237\220\222\225\221\221\225\211\177"
 209      6E49B6BC 
 209      9F909295 
 209      91919589 
 209      7F
 210 0bb3 2C690939 		.ascii	",i\0119\226\224\204\325\357%!CzJZR\21659eeRz\2465\315"
 210      969484D5 
 210      EF252143 
 210      7A4A5A52 
 210      8E353965 
 211 0bcd B222997C 		.ascii	"\262\"\231|\247Y\343S8/yu\205%9#\355\335,\313\312\200"
 211      A759E353 
 211      382F7975 
 211      85253923 
 211      EDDD2CCB 
 212 0be3 870549AB 		.ascii	"\207\005I\253\3222\337\266\376= y\025jf&[\251\2465="
 212      D232DFB6 
 212      FE3D2079 
 212      156A6626 
 212      5BA9A635 
 213 0bf8 F3EDA477 		.ascii	"\363\355\244w\222W\255Ns\311L\262Z\2223s|2\222\337c"
 213      9257AD4E 
 213      73C94CB2 
 213      5A923373 
 213      7C3292DF 
 214 0c0d B3156916 		.ascii	"\263\025i\026YG\2176\255\253s\374\3222S\263\263\320"
 214      59478F36 
 214      ADAB73FC 
 214      D23253B3 
 214      B3D0
 215 0c1f 724E5276 		.ascii	"rNRvV\326\252\244\314\325\031\313\323,\246\324\264\234"
 215      56D6AAA4 
 215      CCD519CB 
 215      D32CA6D4 
 215      B49C
 216 0c31 144B7AB6 		.ascii	"\024Kz\2665\313\222d}?;\315\333\356\233\251\033\024"
ARM GAS  /tmp/ccG1kkLP.s 			page 17


 216      35CB9264 
 216      7D3F3BCD 
 216      DBEE9BA9 
 216      1B14
 217 0c43 BDA455E9 		.ascii	"\275\244U\351\231+]\225/\1775\006\007>\243\026\032\201"
 217      992B5D95 
 217      2F7F3506 
 217      073EA316 
 217      1A81
 218 0c55 1BB4CF6C 		.ascii	"\033\264\317l\253E\317\242\022RSR\377\013\335\023Y\222"
 218      AB45CFA2 
 218      12525352 
 218      FF0BDD13 
 218      5992
 219              		.text
 220              		.section	.gnu.lto_.symbol_nodes.aca7583d76fa5b0,"e",%progbits
 221 0000 789C9BC9 		.ascii	"x\234\233\311\000\004L\314\365\014\253n?2c\234p\216"
 221      00044CCC 
 221      F50CAB6E 
 221      3F32639C 
 221      708E
 222 0012 81A19E81 		.ascii	"\201\241\236\201aWC##\003#H\206\201\225\205I\001D\261"
 222      61574323 
 222      23032348 
 222      86819585 
 222      490144B1 
 223 0026 31822976 		.ascii	"1\202)v\006\020\305\310Q\317\370\037\012\344\301\232"
 223      0610C5C8 
 223      51CFF81F 
 223      0AE4C19A 
 224 0036 18181A1A 		.ascii	"\030\030\032\032\032@:\030Y\353\231pH13\260\356|\320"
 224      1A403A18 
 224      59EB9970 
 224      483133B0 
 224      EE7CD0
 225 0049 A2CC7884 		.ascii	"\242\314x\204\013\310:\365\345\213,c\21343\003\313\356"
 225      0BC83AF5 
 225      E58B2C63 
 225      8B343303 
 225      CBEE
 226 005b E90FE518 		.ascii	"\351\017\345\030\227\344\001Yk\033\31611\266\024\261"
 226      97E40159 
 226      6B1BCE31 
 226      31B614B1 
 227 006b 308025BF 		.ascii	"0\200%\277\2461\000\0002\205/\372"
 227      A6310000 
 227      32852FFA 
 228              		.text
 229              		.section	.gnu.lto_.refs.aca7583d76fa5b0,"e",%progbits
 230 0000 789C1366 		.ascii	"x\234\023f```a``dd`b\022b`b6\001\262-\030\030\000\005"
 230      60606061 
 230      60606464 
 230      60621262 
 230      60623601 
 231 001a 7100A2   		.ascii	"q\000\242"
 232              		.text
 233              		.section	.gnu.lto_.decls.aca7583d76fa5b0,"e",%progbits
ARM GAS  /tmp/ccG1kkLP.s 			page 18


 234 0000 789CB55A 		.ascii	"x\234\265ZyTTW\232\177\337\273\217\255@ \202\321\304"
 234      79545457 
 234      9A7FDFBB 
 234      8FAD4020 
 234      82D1C4
 235 0013 8DB64D62 		.ascii	"\215\266Mb\246[1zf:=g\346Ll5\351\234\216\313\210\346"
 235      A65B317A 
 235      663A3D67 
 235      E64C6C35 
 235      E99C8ECB 
 236 0029 74F7FCC1 		.ascii	"t\367\374\301\024T\2515\262uU\021c\317V\356\373\276"
 236      1454A935 
 236      B2755511 
 236      63CF56EE 
 236      FBBE
 237 003b 8188628C 		.ascii	"\201\210b\214\212\212\212\"Q\020\020A\015\250(\270 "
 237      8A8A8A22 
 237      51101041 
 237      0DA828B8 
 237      20
 238 004c E0BE06C5 		.ascii	"\340\276\006\305\005\025\025\367\371\356\275o\255W\220"
 238      051515F7 
 238      F9EEBD6F 
 238      AD5790
 239 005b 74CF4C1D 		.ascii	"t\317L\035\276z\365\356\373\275o\273\337r\357{\234\377"
 239      BE7AF5EE 
 239      FBBD6FBB 
 239      DF72EF7B 
 239      9CFF
 240 006d 50104ADE 		.ascii	"P\020J\336\022\004\017\010\302\033\374\210\202 \324"
 240      12040F08 
 240      C21BFC88 
 240      8220D4
 241 007c 20494845 		.ascii	" IHEH\245HeH\207\005\376!H\325H\365H\227\345\363\253"
 241      48A54865 
 241      488705FE 
 241      2148D548 
 241      F54897E5 
 242 0092 48D79186 		.ascii	"H\327\221\206\213\202\341\263\016y\366\301cG\244H\231"
 242      8B82E1B3 
 242      0E79F6C1 
 242      6347A448 
 242      99
 243 00a3 87C2731F 		.ascii	"\207\302s\037\322?#\376k\244IH\177F\032\206\364\001"
 243      D23F23FE 
 243      6BA44948 
 243      7F461A86 
 243      F401
 244 00b5 8EFF3B1E 		.ascii	"\216\377;\036\377\003\251\033\376\376O<\276\217G\013"
 244      FF03A91B 
 244      FEFE4F3C 
 244      BE8F470B 
 245 00c5 1EFF0BE9 		.ascii	"\036\377\013\351\277\221\276@\212Bz\205\374'\342\321"
 245      BF91BE40 
 245      8A427A85 
 245      FC27E2D1 
 246 00d5 86E411B9 		.ascii	"\206\344\021\271\236\007\220.!\215G\032\211c\005\210"
ARM GAS  /tmp/ccG1kkLP.s 			page 19


 246      9E07902E 
 246      218D471A 
 246      89630588 
 247 00e5 B121FD11 		.ascii	"\261!\375\021\317\247\342\371\024\244iHAH\323\221\352"
 247      CFA7E2F9 
 247      14A46948 
 247      4148D391 
 247      EA
 248 00f6 70BC33D2 		.ascii	"p\2743\322g\370\373\037\220\236!\366\021\222\023\177"
 248      67F8FB1F 
 248      909E21F6 
 248      1192137F 
 249 0106 BB915EE0 		.ascii	"\273\221^\340\357\024<\266\340\261\025\351 \322\021"
 249      EF143CB6 
 249      E0B115E9 
 249      20D211
 250 0115 A422A45F 		.ascii	"\244\"\244_\343\370><nB\372\006\270\275\337#\225#u\307"
 250      E3F83E3C 
 250      6E42FA06 
 250      B8BDDF23 
 250      952375C7 
 251 0129 6B5F211D 		.ascii	"k_!\035\002\315g\227e\277\021\331W\327e\337\351?K\010"
 251      02CD6797 
 251      65BF11D9 
 251      57D765DF 
 251      E93F4B08 
 252 013d 740409BF 		.ascii	"t\004\011\277#!\012\277\273\301\033`\007\201\210B\264"
 252      23210ABF 
 252      BBC11B60 
 252      07818842 
 252      B4
 253 014e 877DCAFE 		.ascii	"\207}\312\376M\200\275 O\307\277\010\031D<u}\347\316"
 253      4D80BD20 
 253      4FC7BF08 
 253      19443C75 
 253      7DE7CE
 254 0161 304BA9C7 		.ascii	"0K\251\307\323\350)\233L\004\030\010\375\005(\004\274"
 254      D3E8299B 
 254      4C041808 
 254      FD052804 
 254      BC
 255 0172 AD00600F 		.ascii	"\255\000`\017\300w\200\240\303M\013w\205\206 \250\331"
 255      C07780A0 
 255      C34D0B77 
 255      858620A8 
 255      D9
 256 0183 935526C1 		.ascii	"\223U&\301>\200|\200\335\310\007\250-(\344\003\240\001"
 256      3E807C80 
 256      DDC807A8 
 256      2D28E403 
 256      A001
 257 0195 10C67E09 		.ascii	"\020\306~\011\304J\031\317/\234z&\330\302\356)\235\026"
 257      C44A19CF 
 257      2F9C7A26 
 257      D8C2EE29 
 257      9D16
 258 01a7 24C877C0 		.ascii	"$\310w\300~@\010\262.\001(\246\254k\312\357\357\203"
ARM GAS  /tmp/ccG1kkLP.s 			page 20


 258      7E4008B2 
 258      2E0128A6 
 258      AC6BCAEF 
 258      EF83
 259 01b9 8EA8DA34 		.ascii	"\216\250\3324\217\347_a\037\323\015\016\260\003^\315"
 259      8FE75F61 
 259      1FD30D0E 
 259      B0035ECD 
 260 01c9 CF9FB2CC 		.ascii	"\317\237\262\314\242\011>\240\011.\343\202\377\240\012"
 260      A2093EA0 
 260      092EE382 
 260      FFA00A
 261 01d8 FE030A1E 		.ascii	"\376\003\012\036G\357YY\270\344d\200Y\360!@\010\012"
 261      47EF5959 
 261      B8E46480 
 261      59F02140 
 261      080A
 262 01ea 3E08504E 		.ascii	">\010PN\005O[w\365\240t\003\004\021\031I6\000\250\373"
 262      054F5B77 
 262      F5A07403 
 262      04111949 
 262      3600A8FB 
 263 01fe 3BFCB208 		.ascii	";\374\262\010\177$B\244G\364\210\3766\"Z\210\205\330"
 263      7F2442A4 
 263      47F488FE 
 263      36225A88 
 263      85D8
 264 0210 2C15D0A3 		.ascii	",\025\320\243O\013\371$P\354\023f\011\314.\207p\213"
 264      4F0BF924 
 264      50EC1366 
 264      09CC2E87 
 264      708B
 265 0222 5FA02836 		.ascii	"_\240(6\006\330,}\236C\216\230\345\037\365\211G\262"
 265      06D82C7D 
 265      9E438E98 
 265      E51FF589 
 265      47B2
 266 0234 CDEBD418 		.ascii	"\315\353\324\030\340\021\027\015\217\034\370\011~7\006"
 266      E011170D 
 266      8F1CF809 
 266      7E3706
 267 0243 54800DEF 		.ascii	"T\200\015\357\032)\005\206\343\257\306\000K\013\311"
 267      1A290586 
 267      E3AFC600 
 267      4B0BC9
 268 0252 9AEF6FAB 		.ascii	"\232\357o\253\022g}\000\025`\261\015\210D\233?\011\014"
 268      12677D00 
 268      1560B10D 
 268      88449B3F 
 268      090C
 269 0264 EC115646 		.ascii	"\354\021VF\312\310\247\202\020\030\230\273\275\223\245"
 269      CAC8A782 
 269      101898BB 
 269      BD93A5
 270 0273 31200C59 		.ascii	"1 \014Y\364\261E\205\333\242\302*\300\317f\263D\366"
 270      F4B14585 
 270      DBA2C22A 
ARM GAS  /tmp/ccG1kkLP.s 			page 21


 270      C0CF66B3 
 270      44F6
 271 0285 115009DB 		.ascii	"\021P\011\333\200\001\237\210\026\344,\005V\300\000"
 271      80019F88 
 271      16E42C05 
 271      56C000
 272 0294 0221033C 		.ascii	"\002!\003<W\232:[\300\022\324#\012\023\305&|*\"_\362"
 272      579A3A5B 
 272      C012D423 
 272      0A13C526 
 272      7C2A225F 
 273 02a9 46F94000 		.ascii	"F\371@\000\312\264i\247\000},\342\000\221\374\2561@"
 273      CAB469A7 
 273      007D2CE2 
 273      0091FCAE 
 273      3140
 274 02bb 1044310A 		.ascii	"\020D1\012\303^\012\014\011\001\017\036\202b\177g\033"
 274      C35E0A0C 
 274      09010F1E 
 274      82627F67 
 274      1B
 275 02cc 39C02234 		.ascii	"9\300\"4\006\210x)R\002\217\010\332\235\026\177\001"
 275      06887829 
 275      52028F08 
 275      DA9D167F 
 275      01
 276 02dd 9410A39E 		.ascii	"\224\020\243\236\027\200\376\361/\201\236\010z)l\234"
 276      1780FEF1 
 276      2F819E08 
 276      7A296C9C 
 277 02ed 22D1AF0C 		.ascii	"\"\321\257\014-\010\312\250z\220\177s\000\347\243\244"
 277      2D08CAA8 
 277      7A907F73 
 277      00E7A3A4 
 278 02fd 3F802244 		.ascii	"?\200\"D\220\257\352\230k:\310z(|\0249:\0355]q\206\271"
 278      90AFEA98 
 278      6B3AC87A 
 278      287C1439 
 278      3A1D355D 
 279 0314 10517F0F 		.ascii	"\020Q\177\017\273\317\240\270\306RP\331\012:\303yD\356"
 279      BBCFA0B8 
 279      C65250D9 
 279      0A3AC379 
 279      44EE
 280 0326 7E5C921F 		.ascii	"~\\\222\037r\023\335\346i^0\333\017B\027}\"\000\231"
 280      7213DDE6 
 280      695E30DB 
 280      0F42177D 
 280      220099
 281 0339 0FF4D2EB 		.ascii	"\017\364\322\353\005\263\032\203h\361\203R\200d\034"
 281      05B31A83 
 281      68F18352 
 281      80641C
 282 0348 487B75EA 		.ascii	"H{u\352r\2102p\204\006\235\247\342f\225?\033)\0028\012"
 282      72883270 
 282      84069DA7 
 282      E266953F 
ARM GAS  /tmp/ccG1kkLP.s 			page 22


 282      1B290238 
 283 035d 2C634596 		.ascii	",cE\226\261\3414\027\322\317n\011\350\214\254\357x<"
 283      B1E13417 
 283      D2CF6E09 
 283      E88CACEF 
 283      783C
 284 036f 917018E0 		.ascii	"\221p\030\3408@\025\325\353\004\252t\014\230\374\326"
 284      384015D5 
 284      EB04AA74 
 284      0C98FCD6 
 285 037f FC759782 		.ascii	"\374u\227\202{\245\245yZ\013\346\336\234\332\357\301"
 285      7BA5A579 
 285      5A0BE6DE 
 285      9CDAEFC1 
 286 038f 5E8F673A 		.ascii	"^\217g:\336\021HAP\011P\3003\250\022\357\250\000\300"
 286      DE114841 
 286      500950C0 
 286      33A812EF 
 286      A800C0
 287 03a2 9242F245 		.ascii	"\222B\362E\201\324\212\364\336\333\213\263\347\007G"
 287      81D48AF4 
 287      DEDB8BB3 
 287      E70747
 288 03b1 F04A50CA 		.ascii	"\360JP\312q'\001N\3117\221f\006\332p\367\310\\b\004"
 288      7127014E 
 288      C9379166 
 288      06DA70F7 
 288      C85C6204 
 289 03c5 9DD64008 		.ascii	"\235\326@\010\230\271i\252\250\245\344\031-%k\271\206"
 289      98B969AA 
 289      A8A5E419 
 289      2D256BB9 
 289      86
 290 03d6 37CE9CCD 		.ascii	"7\316\234\315\340n\250\345n\2309s\327\035\311\227Yu"
 290      E06EA8E5 
 290      6E983973 
 290      D71DC997 
 290      5975
 291 03e8 A8E4597E 		.ascii	"\250\344Y~\323\314\223+\037\004\365J\363xZW\254:\261"
 291      D3CC932B 
 291      1F04F54A 
 291      F3785A57 
 291      AC3AB1
 292 03fb DE7FB5A7 		.ascii	"\336\177\265\247L\304\313P\243\032T\303\016\3440\241"
 292      4CC4CB50 
 292      A31A54C3 
 292      0EE430A1 
 293 040b E8F353EF 		.ascii	"\350\363S\357\355\357\240\270\221\212\310>\266\373p"
 293      EDEFA0B8 
 293      918AC83E 
 293      B6FB70
 294 041a 201B40F6 		.ascii	" \033@\366\347\250\247g__\3604T\201\234\247#wOM>\242"
 294      E7A8A767 
 294      5F5FF034 
 294      54819CA7 
 294      23774F4D 
 295 0430 8E5CA023 		.ascii	"\216\\\240#yW\257_&\252b\343U\275.\241^\027\271^\363"
ARM GAS  /tmp/ccG1kkLP.s 			page 23


 295      7957AF5F 
 295      26AA62E3 
 295      55BD2EA1 
 295      5E17B95E 
 296 0445 6AB39F03 		.ascii	"j\263\237\003\327k\355\252r\013\323\353\022@\203\252"
 296      D76BEDAA 
 296      720BD3EB 
 296      124083AA 
 297 0455 5703D76B 		.ascii	"W\003\327k\235D\321\027\217\344\356\017|\217\242w\337"
 297      9D44D117 
 297      8FE4EE0F 
 297      7C8FA277 
 297      DF
 298 0466 6CCEFF78 		.ascii	"l\316\377x\261'\253\013\255YWT\364\025Z\322g\37217\335"
 298      B127AB0B 
 298      AD595754 
 298      F4155AD2 
 298      67FA3137 
 299 047b 9C33CF42 		.ascii	"\2343\317B\261\271\205\353=\245\341@\201\327T\3405\012"
 299      B1B985EB 
 299      3DA5E140 
 299      81D754E0 
 299      350A
 300 048d DCE9C76B 		.ascii	"\334\351\307kz\243H\312\344\237\227E\322\350\3473\330"
 300      7AA348CA 
 300      E49F9745 
 300      D2E8E733 
 300      D8
 301 049e 2E549E2C 		.ascii	".T\236,\012\365\345\345&\264\3466\267f\345\325\255\205"
 301      0AF5E5E5 
 301      26B4E636 
 301      B766E5D5 
 301      AD85
 302 04b0 41DADC35 		.ascii	"A\332\3345isw\207\312\233\345\317\205\324\211$\333_"
 302      69737787 
 302      CA9BE5CF 
 302      85D48924 
 302      DB5F
 303 04c2 2035F269 		.ascii	" 5\362i\265H\236\343\351\267\001\374\264B$\307\002\004"
 303      B5489EE3 
 303      E9B701FC 
 303      B44224C7 
 303      0204
 304 04d4 F2503E2D 		.ascii	"\362P>-\025IF\240@\366\004\362S\217\310G\005\026\325"
 304      154946A0 
 304      40F604F2 
 304      538FC847 
 304      0516D5
 305 04e7 1E8954C9 		.ascii	"\036\211T\311\027\302P\376\345\255\273\236\202\305#"
 305      17C250FE 
 305      E5ADBB9E 
 305      82C523
 306 04f6 97661C54 		.ascii	"\227f\034T\304\277A\035\243\3415O\210\313\262\026\002"
 306      C4BF411D 
 306      A3E1354F 
 306      88CBB216 
 306      02
ARM GAS  /tmp/ccG1kkLP.s 			page 24


 307 0507 79848C57 		.ascii	"y\204\214W\006\311Z\240\214 \2014\004QCn\265Nk\012c"
 307      06C95AA0 
 307      8C208134 
 307      0451436E 
 307      B54E6B0A 
 308 051c D68F63C6 		.ascii	"\326\217c\306W\315\252>\355\347\313\370Y\230\3643Ef"
 308      57CDAA3E 
 308      EDE7CBF8 
 308      5998F433 
 308      4566
 309 052e FC41CFAD 		.ascii	"\374A\317\255\243\272\300\235%\252\322g\213r\363\254"
 309      A3BAC09D 
 309      25AAD267 
 309      8B72F3AC 
 310 053e 10C85394 		.ascii	"\020\310S\2241\337\"\220\015H\345\026v\337\223U5^\011"
 310      31DF2290 
 310      0D48E516 
 310      76DF9355 
 310      355E09
 311 0551 B1408485 		.ascii	"\261@\204\205\242\232\020M\351\267\227\005h\214\027"
 311      A29A104D 
 311      E9B79705 
 311      688C17
 312 0560 6A8C1771 		.ascii	"j\214\027q\311\247w\035y\233)\273Hd\332\256\255]^\035"
 312      C9A7771D 
 312      799B29BB 
 312      4864DAAE 
 312      AD5D5E1D 
 313 0574 E24BDB25 		.ascii	"\342K\333%\250\355b~\317\212\252\227\233\211\306t\211"
 313      A8ED627E 
 313      CF8AAA97 
 313      9B89C674 
 313      89
 314 0585 C6742902 		.ascii	"\306t)\002\310\025T\357\251\205k\375O\010\337\177\254"
 314      C81554EF 
 314      A9856BFD 
 314      4F08DF7F 
 314      AC
 315 0596 FC42A02F 		.ascii	"\374B\240/\317\256\024\251gW\210\210Y\2768/'D\327j\341"
 315      CFAE14A9 
 315      67578888 
 315      59BE382F 
 315      2744D76A 
 316 05ab 25005DA3 		.ascii	"%\000]\243@\232\310p\002\231\033\3149^\347\263\227\345"
 316      409AC870 
 316      02991BCC 
 316      395EE7B3 
 316      97E5
 317 05bd 4FD60553 		.ascii	"O\326\005Se\326\265\356\316\323\265\341SZ\334d2m\337"
 317      65D6B5EE 
 317      CED3B5E1 
 317      535ADC64 
 317      326DDF
 318 05d0 DEFCFCD8 		.ascii	"\336\374\374\330\352\340\336\354\023A\277PHk\313\276"
 318      EAE0DEEC 
 318      1341BF50 
 318      486BCBBE 
ARM GAS  /tmp/ccG1kkLP.s 			page 25


 319 05e0 75A722B6 		.ascii	"u\247\"\266M\361x\246vA\011\260\\\204oEUd4\322G\002"
 319      4DF178A6 
 319      764109B0 
 319      5C846F45 
 319      556434D2 
 320 05f6 E5B826B3 		.ascii	"\345\270&\263\370\012x\226\364G\273`>\303(\274\0310"
 320      F80A7896 
 320      F447BB60 
 320      3EC328BC 
 320      1930
 321 0608 1F186A6D 		.ascii	"\037\030jmf\001G\215\203y\006\320\034Q\345\26473\237"
 321      6601478D 
 321      837906D0 
 321      1C51E5B4 
 321      37339F
 322 061b 633023A6 		.ascii	"c0#\246\032@\223UPnf\346\237*\360::}\231Y\030\347\223"
 322      1A409355 
 322      506E66E6 
 322      9F2AF03A 
 322      3A7D9959 
 323 0632 ADC99A6B 		.ascii	"\255\311\232k\226\205\012q\027\226J\002d\210\260\012"
 323      96850A71 
 323      17964A02 
 323      6488B00A 
 324 0642 9D97CE60 		.ascii	"\235\227\316`\270\270X#\3027\"\254\025!K\204\365\"l"
 324      B8B85823 
 324      C23722AC 
 324      15214B84 
 324      F5226C
 325 0655 14215B84 		.ascii	"\024![\204u\"l\022a\003mqT\203}\\\203L\021V\033\270"
 325      75226C12 
 325      61036D71 
 325      54837D5C 
 325      834C1156 
 326 066b 7B344BB6 		.ascii	"{4K\266)>\231-\302\014\003h\232\006*\320\231;\305l\256"
 326      293E992D 
 326      C20C0368 
 326      9A062AD0 
 326      993BC56C 
 327 0680 ECB81D9A 		.ascii	"\354\270\035\2321\323\315\234\020DZ\330\024_O+\254\014"
 327      31D3CD9C 
 327      10445AD8 
 327      145F4F2B 
 327      AC0C
 328 0692 893059B6 		.ascii	"\2110Y\266\371\247Z\206,\266\265\354=\031\246E\311\026"
 328      F9A75A86 
 328      2CB6B5EC 
 328      3D19A645 
 328      C916
 329 06a4 4DD6561E 		.ascii	"M\326V\036\323g\233\322\017)\001\210l\266j\341\220#"
 329      D3679BD2 
 329      0F290188 
 329      6CB66AE1 
 329      9023
 330 06b6 B21AC0A3 		.ascii	"\262\032\300\243\257\025\310\324\020\212/\177X5\327"
 330      AF15C8D4 
 330      108A2F7F 
ARM GAS  /tmp/ccG1kkLP.s 			page 26


 330      5835D7
 331 06c5 62CC3CF4 		.ascii	"b\314<\364\364\016-\363j\326\254)\356`\004l6\0006\335"
 331      F40E2DF3 
 331      6AD6AC29 
 331      EE60046C 
 331      360036DD 
 332 06d9 DF301734 		.ascii	"\3370\0274\225r5\225v\322x_\033\302%6\0039\030\"\220"
 332      95723595 
 332      76D2785F 
 332      1BC22536 
 332      03391822 
 333 06ee ABF26923 		.ascii	"\253\362i#\220\205\035\260qv\220k.\220\013x\372Z>\255"
 333      90851DB0 
 333      7176906B 
 333      2E900B78 
 333      FA5A3EAD 
 334 0702 03B23354 		.ascii	"\003\2623T \027B\345\272\004dQ\230@\212\302\344\022"
 334      201742E5 
 334      BA046451 
 334      98408AC2 
 334      E412
 335 0714 02E4BAFC 		.ascii	"\002\344\272\3743\212}g\003\313\245R\013\231\036\316"
 335      338A7D67 
 335      03CBA552 
 335      0B991ECE 
 336 0724 C7B380AC 		.ascii	"\307\263\200\254\226\177\246\001)\013\307l\016gK\361"
 336      967FA601 
 336      290BC76C 
 336      0E674BF1 
 337 0734 B2F5257E 		.ascii	"\262\365%~Fk\216\211P\245Y\263\275\276f\276\256|Wi\326"
 337      466B8E89 
 337      50A559B3 
 337      BDBE66BE 
 337      AE7C5769 
 338 0749 1CA7D63C 		.ascii	"\034\247\326<\227\231.\002\262\356-\201\034xK\256\310"
 338      97992E02 
 338      B2EE2D81 
 338      1C784BAE 
 338      C8
 339 075a BCAA8630 		.ascii	"\274\252\20605.\2430y<\220\314\351\310\363\374c\262"
 339      352EA330 
 339      793C90CC 
 339      E9C8F3FC 
 339      63B2
 340 076c 54FED59F 		.ascii	"T\376\325\237d\311\277\372\220\035\035\261\002\"\235"
 340      64C9BFFA 
 340      901D1DB1 
 340      02229D
 341 077b 6423EFE3 		.ascii	"d#\357\343\212\220\260\243@.u\244\332<^u\267\027]f\337"
 341      8A90B0A3 
 341      402E75A4 
 341      DA3C5E75 
 341      B7175D66 
 342 0790 F1944EF1 		.ascii	"\361\224N\361\023\344\032\006\327D\204`\274\\\025\341"
 342      13E41A06 
 342      D7448460 
 342      BC5C15E1 
ARM GAS  /tmp/ccG1kkLP.s 			page 27


 343 07a0 8A486EE2 		.ascii	"\212Hn\342\375O\220^\323;:\036M{\2700\264\267R&\250"
 343      FD4F905E 
 343      D33B3A1E 
 343      4D7BB830 
 343      B4B75226 
 344 07b5 1D2716E7 		.ascii	"\035'\026\347\327\200gF\177Z\215n\210p_d\373\017^\036"
 344      D7806746 
 344      7F5A8D6E 
 344      88705F64 
 344      FB0F5E1E 
 345 07c9 06B26CA9 		.ascii	"\006\262l\251[\234\230"
 345      5B9C98
 346 07d0 8D017E5D 		.ascii	"\215\001~]\304\326G\257+\245\222\"\216\263\020\317="
 346      C4D647AF 
 346      2BA59222 
 346      8EB310CF 
 346      3D
 347 07e1 B7D89186 		.ascii	"\267\330\221\206\020dq\336\213\3059\221\001\316\253"
 347      106471DE 
 347      8BC53991 
 347      01CEAB
 348 07f0 80062F40 		.ascii	"\200\006/@=\007\324\253\200K^\000\236E\271\015*\340"
 348      3D07D4AB 
 348      804B5E00 
 348      9E45B90D 
 348      2AE0
 349 0802 A217E002 		.ascii	"\242\027\340\002\347pa1Kj\374\253c\000eb\316\362|\325"
 349      E7706131 
 349      4B6AFCAB 
 349      63006562 
 349      CEF27CD5 
 350 0816 F2EA8C08 		.ascii	"\362\352\214\010\2471\330\177`(\364S\263\210\355\035"
 350      A731D87F 
 350      6028F453 
 350      B388ED1D 
 351 0826 6E897047 		.ascii	"n\211pG\204\273\"\334\026\241I\204{J\2558\256\312\275"
 351      84BB22DC 
 351      16A14984 
 351      7B4AAD38 
 351      AECABD
 352 0839 E925F723 		.ascii	"\351%\367#\\sD\360\211\354\302\203\226\317[\251?\251"
 352      5C7344F0 
 352      89ECC283 
 352      96CF5BA9 
 352      3FA9
 353 084b 88907F4A 		.ascii	"\210\220\177J\344V\204@\346Er\330\307|P \205\362@\000"
 353      E4568440 
 353      E64572D8 
 353      C77C5020 
 353      85F24000 
 354 085f 4E6241ED 		.ascii	"NbA\355\374\342`_}\343\025\353\033/i\337\310k\\|\206"
 354      FCE2605F 
 354      7DE315EB 
 354      1B2F69DF 
 354      C86B5C7C 
 355 0874 E8FBC673 		.ascii	"\350\373\306s\221\333\365Zd8l\3122\307\376\344u\244"
 355      91DBF55A 
ARM GAS  /tmp/ccG1kkLP.s 			page 28


 355      64386CCA 
 355      32C7FEE4 
 355      75A4
 356 0886 40B23AF1 		.ascii	"@\262:\361\263>\244\264\223@\356u\242\301\262\340\336"
 356      B33EA4B4 
 356      9340EE75 
 356      A2C1B2E0 
 356      DE
 357 0897 850630C6 		.ascii	"\205\0060\306\366t\0023\210\032\333\265\253\366\346"
 357      F6740233 
 357      881ADBB5 
 357      ABF6E6
 358 08a6 E9FA1D5E 		.ascii	"\351\372\035^Q4\231I\030\340jEF&_L\317$\254\213\266"
 358      51349949 
 358      18E06A45 
 358      46265F4C 
 358      CF24AC8B 
 359 08bb EE2DDF26 		.ascii	"\356-\337&\372X\275\315\306]\354,~O\335\246\345\016"
 359      FA58BDCD 
 359      C65DEC2C 
 359      7E4FDDA6 
 359      E50E
 360 08cd 8DE76C8D 		.ascii	"\215\347l\215\347\034B\327ao\013d\023R\015\322\013\244"
 360      E71C42D7 
 360      616F0B64 
 360      13520DD2 
 360      0BA4
 361 08df ECCE5CEF 		.ascii	"\354\316\\\357pR\335\031G\220\266t\301\253H-HK\337A"
 361      7052DD19 
 361      4790B674 
 361      C1AB482D 
 361      484BDF41 
 362 08f3 8EBDD75E 		.ascii	"\216\275\327^\3716;@nr\272\017\235\2539\351J\010,$\220"
 362      F9363B40 
 362      6E72BA0F 
 362      9DAB39E9 
 362      4A082C24 
 363 0908 AEC97AA8 		.ascii	"\256\311z\2505\237\027+\025\310\012\003$\332+H\236\210"
 363      359F172B 
 363      15C80A03 
 363      24DA2B48 
 363      9E88
 364 091a B4D7500F 		.ascii	"\264\327P\017\245S\017A\032\2015\004\276!\220M`5\201"
 364      A5530F41 
 364      1A813504 
 364      BE21904D 
 364      603581
 365 092d B5045612 		.ascii	"\265\004V\022\370\226\300&\002\353\011l$\270\230\205"
 365      F896C026 
 365      02EB096C 
 365      24B89885 
 366 093d 0D04D611 		.ascii	"\015\004\326\021\310$\220E`\025\221\343'[\325\251U\324"
 366      C8249045 
 366      601591E3 
 366      275BD5A9 
 366      55D4
 367 094f 0BD4B7D6 		.ascii	"\013\324\267\326\205\351r\263\231C`\232A\255\251DC\315"
ARM GAS  /tmp/ccG1kkLP.s 			page 29


 367      85E972B3 
 367      9943609A 
 367      41ADA944 
 367      43CD
 368 0961 4A97FB08 		.ascii	"J\227\373\010.\236\227\030P\213\210\326\313\323\265"
 368      2E9E9718 
 368      508B88D6 
 368      CBD3B5
 369 0970 96F4C620 		.ascii	"\226\364\306 \360\231\346\204\227\252\023\226\233\234"
 369      F099E684 
 369      97AA1396 
 369      9B9C
 370 097e 20A7DB6C 		.ascii	" \247\333lU\355\305fQ\274\001\347\256M\367\243\251\361"
 370      55EDC566 
 370      51BC01E7 
 370      AE4DF7A3 
 370      A9F1
 371 0990 5A84174C 		.ascii	"Z\204\027L\222\022\224\317\264\346\227\233\251\362\231"
 371      921294CF 
 371      B4E6979B 
 371      A9F299
 372 099f 6CE0E3D1 		.ascii	"l\340\343\321\031\366z\245l\330q\021\226\031Pg\265^"
 372      19F67AA5 
 372      6CD87111 
 372      96195067 
 372      B55E
 373 09b1 3B5F67D8 		.ascii	";_g\330<\003\350\240N\334\\U\334\002s\004\310\230t\025"
 373      3C03E8A0 
 373      4EDC5C55 
 373      DC027304 
 373      C8987415 
 374 09c5 33C5AC12 		.ascii	"3\305\254\022w\320\002\0252\327<\035\0342O\205\3147"
 374      77D00215 
 374      32D73C1D 
 374      1C324F85 
 374      CC37
 375 09d7 6BC3557E 		.ascii	"k\303U~\263R\233\260\245f\273h\347\337\375\216@\252"
 375      B3529BB0 
 375      A566BB68 
 375      E7DFFD8E 
 375      40AA
 376 09e9 68588B69 		.ascii	"hX\213i\033\233\266\373\033\323s\013\201\255ZzN\333"
 376      1B9BB6FB 
 376      1BD3730B 
 376      81AD5A7A 
 376      4EDB
 377 09fb 73CEAA65 		.ascii	"s\316\252e\322V\215Y\016\315\244\353\310\310\363.f>"
 377      D2568D59 
 377      0ECDA4EB 
 377      C8C8F32E 
 377      663E
 378 0a0d 52F1BB14 		.ascii	"R\361\273\024\277\277\366\311A\177_ue'\241u%\232v\367"
 378      BFBFF6C9 
 378      417F5F75 
 378      6527A175 
 378      259A76F7 
 379 0a21 BACA5DA1 		.ascii	"\272\312]\241\264\2544\312e\205\027\267]\204\201\004"
ARM GAS  /tmp/ccG1kkLP.s 			page 30


 379      B4AC34CA 
 379      658517B7 
 379      5D848104 
 380 0a31 5289CC4E 		.ascii	"R\211\314N\275\313KY\027r\025\317\036Q\326\341\2576"
 380      BDCB4B59 
 380      177215CF 
 380      1E51D6E1 
 380      AF36
 381 0a43 CD3D0C4A 		.ascii	"\315=\014J\006R\225\032\236\355\3267\221\002bh\"rVa"
 381      0652951A 
 381      9EEDD637 
 381      91026268 
 381      22725661 
 382 0a57 3AF10881 		.ascii	":\361\010\201=\204B0\253\366\023\330K\240\230\300>\002"
 382      3D844230 
 382      ABF613D8 
 382      4BA098C0 
 382      3E02
 383 0a69 45044A08 		.ascii	"E\004J\010\024\322\274\241\301u\351\331x\032\\\273\010"
 383      14D2BCA1 
 383      C175E9D9 
 383      781A5CBB 
 383      08
 384 0a7a E4122343 		.ascii	"\344\022#C\271c\234\347\000\336R\014\200|\302\033\302"
 384      B9639CE7 
 384      00DE520C 
 384      807CC21B 
 384      C2
 385 0a8b B304B96F 		.ascii	"\263\004\271o\355f\034\364}K\016\205s*\217\357\274\204"
 385      ED661CF4 
 385      7D4B0E85 
 385      732A8FEF 
 385      BC84
 386 0a9d C88DEDA2 		.ascii	"\310\215\355\242\012\310\363\002\310\215\255^\005\334"
 386      0AC8F302 
 386      C88DAD5E 
 386      05DC
 387 0aab F4D202DB 		.ascii	"\364\322\002\333\303\342\256\002\331\210T\322\225\366"
 387      C3E2AE02 
 387      D98854D2 
 387      95F6
 388 0ab9 DEFBD58F 		.ascii	"\336\373\325\217\353\203\225r\025\301z\257\222\3219"
 388      EB839572 
 388      15C17AAF 
 388      92D139
 389 0ac8 04361338 		.ascii	"\0046\0238\3523^\233\213u\221_f@iK\370\243\351Z\012"
 389      EA335E9B 
 389      8B75915F 
 389      6640694B 
 389      F8A3E95A 
 390 0add 6D376016 		.ascii	"m7`\026i\211\226\273\237\307\3548(5@\264,\313\255JW"
 390      698996BB 
 390      9FC7EC38 
 390      283540B4 
 390      2CCBAD4A 
 391 0af2 56C6DBCC 		.ascii	"V\306\333\314\372pQ%:u\016\230\324\221KC}\272\037\345"
 391      FA705125 
ARM GAS  /tmp/ccG1kkLP.s 			page 31


 391      3A750E98 
 391      D4914B43 
 391      7DBA1FE5 
 392 0b06 8321FF54 		.ascii	"\203!\377T\244\020^N\325\354\240\220\312t?:=\350\263"
 392      A4105E4E 
 392      D5ECA090 
 392      CA743F3A 
 392      3DE8B3
 393 0b19 1D8C8B52 		.ascii	"\035\214\213R=\316\232\226\370-\"<\022\331J\354(\213"
 393      3DCE9A96 
 393      F82D223C 
 393      12D94AEC 
 393      288B
 394 0b2b 9A83042A 		.ascii	"\232\203\004*\010\034&p\204\300!\002\337\023('PI\224"
 394      081C2670 
 394      84C02102 
 394      DF132827 
 394      504994
 395 0b3e E7AF917C 		.ascii	"\347\257\221|\347\004\344lW\366\000\363\336\313\\?_"
 395      E704E46C 
 395      57F600F3 
 395      DECB5C3F 
 395      5F
 396 0b4f 797082E5 		.ascii	"yp\202\345A\177\204<X\360zF\200\276\275*\241RM\030\014"
 396      417F843C 
 396      58F07A46 
 396      80BEBD2A 
 396      A1524D18 
 397 0b64 B7DA388B 		.ascii	"\267\3328\213\323\273a\013BZ\215\264\005i7R\011\322"
 397      D3BB610B 
 397      425A8DB4 
 397      05693752 
 397      09D2
 398 0b76 F7486791 		.ascii	"\367Hg\221~@z\2124\255;n\343\272\243\350\250\333\271"
 398      7E407A8A 
 398      34AD3B6E 
 398      E3BAA3E8 
 398      A8DBB9
 399 0b89 C5E3BCFB 		.ascii	"\305\343\274\373\224\226\014U\004\216!\377\013\004."
 399      94960C55 
 399      048E21FF 
 399      0B042E
 400 0b98 32B3EE12 		.ascii	"2\263\356\022\270L\240\211\300-\002W\0114\022\270I\340"
 400      B84CA089 
 400      C02D0257 
 400      093412B8 
 400      49E0
 401 0baa 0A813B04 		.ascii	"\012\201;\004n\020\270N\340\032\201K\004n\023\370Ai"
 401      6E10B84E 
 401      E01A814B 
 401      046E13F8 
 401      4169
 402 0bbc 2E452F94 		.ascii	".E/\224\350;\311\270\360\350\323\332A\356f\025\200i"
 402      E83BC9B8 
 402      F0E8D3DA 
 402      41EE6615 
 402      8069
ARM GAS  /tmp/ccG1kkLP.s 			page 32


 403 0bce 799198D6 		.ascii	"y\221\230\326v;^(9r\2261P\014\327\205D\216\312\242\201"
 403      763B5E28 
 403      39729631 
 403      500CD785 
 403      448ECAA2 
 404 0be3 1859C80B 		.ascii	"\030Y\310\013\257}*\340\224\016\3008\310\251Z\250\""
 404      AF7D2AE0 
 404      940EC038 
 404      C8A95AA8 
 404      22
 405 0bf4 4E7B23E4 		.ascii	"N{#\3444*P\3658c\326C\216\336\355*\227:/EP\014\215\250"
 405      342A50F5 
 405      3863D643 
 405      8EDEED2A 
 405      973A2F45 
 406 0c0c 92171205 		.ascii	"\222\027\022\005T\263\222\241c\302\374!'\3646\225I\275"
 406      54B392A1 
 406      63C2FC21 
 406      27F43695 
 406      49BD
 407 0c1e 17135993 		.ascii	"\027\023Y\223\255*\340\234\027@V\243X\005\324x\373\234"
 407      AD2AE09C 
 407      174056A3 
 407      5805D478 
 407      FB9C
 408 0c30 FB748B6A 		.ascii	"\373t\213j\313y\203\032\272\262\262W\205\324\232\315"
 408      CB79831A 
 408      BAB2B257 
 408      85D49ACD 
 409 0c40 9531D92F 		.ascii	"\2251\331/t\225\345\242We\331\2041VLc\254K\346\351\275"
 409      7495E5A2 
 409      5765D984 
 409      31564C63 
 409      AC4BE6E9 
 410 0c55 9744DDBE 		.ascii	"\227D\335\276\237-\204\346e(\315\351\036\346\236\217"
 410      9F2D84E6 
 410      6528CDE9 
 410      1EE69E8F 
 411 0c65 82919BAE 		.ascii	"\202\221\233\256\"\036\210z\304)-A32X\016\343\232\267"
 411      221E887A 
 411      C4292D41 
 411      3332580E 
 411      E39AB7
 412 0c78 9641F8BA 		.ascii	"\226A\370\272Y\206\310\316\310V\331\2340\2609\242\325"
 412      5986C8CE 
 412      C856D99C 
 412      30B039A2 
 412      D5
 413 0c89 8B2D195A 		.ascii	"\213-\031Zi:j\006\361Lo^\220\221\037\344\231\323\237"
 413      693A6A06 
 413      F14C6F5E 
 413      90911FE4 
 413      99D39F
 414 0c9c 3983A9CC 		.ascii	"9\203\251\314\263C_T\344jpX\204C\"k\216OX\3324\023x"
 414      B3435F54 
 414      E46A7058 
 414      8443226B 
ARM GAS  /tmp/ccG1kkLP.s 			page 33


 414      8E4F58DA 
 415 0cb3 8C6586C0 		.ascii	"\214e\206\300\003\002\017\011\274 \360\214\300#\002"
 415      03020F09 
 415      BC20F08C 
 415      C02302
 416 0cc2 2D045AB1 		.ascii	"-\004Z\261\252(\375$\215[\203\025\3441S\202\027\025"
 416      AA28FD24 
 416      8D5B8315 
 416      E4315382 
 416      1715
 417 0cd4 C3DA70AB 		.ascii	"\303\332p\253jL\245A\317\012\315\230\265\2121X!k\014"
 417      6A4CA541 
 417      CF0ACD98 
 417      B58A3158 
 417      216B0C
 418 0ce7 A06A5DC5 		.ascii	"\240j]\305\316\311\320J\344}bb%\2432u\274N\232y\341"
 418      CEC9D04A 
 418      E47D6262 
 418      25A33275 
 418      BC4E9A79 
 419 0cfc 2CD7D319 		.ascii	",\327\323\031\026W\255\251\251\017\21609\340\345_\340"
 419      1657ADA9 
 419      A90F8E30 
 419      39E0E55F 
 419      E0
 420 0d0d 0056177B 		.ascii	"\000V\027{\363\272(\222[\030<\257\220\326\364\360\365"
 420      F3BA2892 
 420      5B183CAF 
 420      90D6F4F0 
 420      F5
 421 0d1e 20EFEC93 		.ascii	" \357\354\223\226Ya\312\203\334\251\022\331\315P\307"
 421      965961CA 
 421      83DCA912 
 421      D9CD50C7 
 422 0d2e 1B8A3786 		.ascii	"\033\2127\206x\355\036p\217 \251\313\223\254\354o6\353"
 422      78ED1E70 
 422      8F20A9CB 
 422      93ACEC6F 
 422      36EB
 423 0d40 9EEDE115 		.ascii	"\236\355\341\025u\367 \361\255\363\222\313s\003\370"
 423      75F720F1 
 423      ADF392CB 
 423      7303F8
 424 0d4f EE418269 		.ascii	"\356A\202i\022\216\224\224/\334\334\301\327C\270\331"
 424      128E9494 
 424      2FDCDCC1 
 424      D743B8D9 
 425 0d5f 68E52C7E 		.ascii	"h\345,~\327\267\323nl\327mJfkl\347 \200T\364\300\245"
 425      D7B7D36E 
 425      6CD76D4A 
 425      666B6CE7 
 425      208054F4 
 426 0d75 0F520BD2 		.ascii	"\017R\013\322\364\236\002Y\217T\212t\272'\275\271\254"
 426      F49E0259 
 426      8F548A74 
 426      BA27BDB9 
 426      AC
ARM GAS  /tmp/ccG1kkLP.s 			page 34


 427 0d86 A0F20228 		.ascii	"\240\362\002(\"\251m\017&\0275\370|\016\276\024%.\341"
 427      22A96D0F 
 427      261735F8 
 427      7C0EBE14 
 427      252EE1
 428 0d99 129B8ACA 		.ascii	"\022\233\212\312\262\0035\211K5\211\313\030 r\312\231"
 428      B2033589 
 428      4B3589CB 
 428      182072CA 
 428      99
 429 0daa C34DC16A 		.ascii	"\303M\301j\272\261\365\317\021\335\204\317\223 M\002"
 429      BAB1F5CF 
 429      11DD84CF 
 429      93204D02 
 430 0dba 1F4BF3AA 		.ascii	"\037K\363\252\014\3659\320d\003F\337\354\217\3528\315"
 430      0CF539D0 
 430      640346DF 
 430      EC8FEA38 
 430      CD
 431 0dcb 35733264 		.ascii	"5s2d\302\033\002\257\011\233\2074:\017\260J\202\014"
 431      C21B02AF 
 431      099B8734 
 431      3A0FB04A 
 431      820C
 432 0ddd 09D648B0 		.ascii	"\011\326H\260Z\202\345\022\254\224 S\202\025\022\244"
 432      5A82E512 
 432      AC942053 
 432      821512A4 
 433 0ded 4BBC5D34 		.ascii	"K\274]4\327e\310\373\214e\022,60\327\255ZK\024\015\320"
 433      D765C8FB 
 433      8C65122C 
 433      3630D7AD 
 433      5A4B140D 
 434 0e02 3D8B0C20 		.ascii	"=\213\014 \255z\354\317P\036\341-4!\344\312P\251B\346"
 434      AD7AECCF 
 434      501EE12D 
 434      3421E4CA 
 434      50A942E6 
 435 0e16 1B20BA8A 		.ascii	"\033 \272\212\336|L\321g\216\004S\314.\341\372T\350"
 435      DE7C4CD1 
 435      678E0453 
 435      CC2EE1FA 
 435      54E8
 436 0e28 F4596066 		.ascii	"\364Y`f\205i\322\314&\373\273\027\205\031\241\021&\357"
 436      8569D2CC 
 436      26FBBB17 
 436      8519A111 
 436      26EF
 437 0e3a ACFD49DE 		.ascii	"\254\375I\336!\257z\312\317\241\370\273 Og\262,\212"
 437      21AF7ACA 
 437      CFA1F8BB 
 437      204F67B2 
 437      2C8A
 438 0e4c 725D9373 		.ascii	"r]\223s\"G\367\300\247T{\356\272\201\207\313\234E\017"
 438      2247F7C0 
 438      A7547BEE 
 438      BA8187CB 
ARM GAS  /tmp/ccG1kkLP.s 			page 35


 438      9C450F
 439 0e5f B2788C6D 		.ascii	"\262x\214m\3401VU\275\246I}\311\261\221\306\371\321"
 439      E0315655 
 439      BDA6497D 
 439      C9B191C6 
 439      F9D1
 440 0e71 E533B677 		.ascii	"\3453\266wP^\024l\242#\236\207\325G$e$\233\216\234\271"
 440      505E146C 
 440      A2239E87 
 440      D5472465 
 440      249B8E9C 
 441 0e86 73AED1A2 		.ascii	"s\256\321\242\214l\246#MoV\234\010VF\266\320\221'KV"
 441      8C6CA623 
 441      4D6F569C 
 441      085646B6 
 441      D091274B 
 442 0e9b 3EF5F9D0 		.ascii	">\365\371\320:\007\315\335\312\325ysf\361K?M\337\034"
 442      3A07CDDD 
 442      CAD57973 
 442      66F14B3F 
 442      4DDF1C
 443 0eae CD5BDB18 		.ascii	"\315[\333\030\340\357\313\032\326m\024{\233>\272e\012"
 443      E0EFCB1A 
 443      D66D147B 
 443      9B3EBA65 
 443      0A
 444 0ebf EBC7794A 		.ascii	"\353\307yJ),\021\241TcR\244U\313K*\344.\350!\215\352"
 444      292C11A1 
 444      546352A4 
 444      55CB4B2A 
 444      E42EE821 
 445 0ed5 63DCDC4A 		.ascii	"c\334\334J\025\262\313\300e\233\306\245A\205<6pi\321"
 445      15B2CBC0 
 445      659BC6A5 
 445      41853C36 
 445      7069D1
 446 0ee8 B6C7B93B 		.ascii	"\266\307\271;T\314\001\003\233\375\032\233\213*\344"
 446      54CC0103 
 446      9BFD1A9B 
 446      8B2AE4
 447 0ef7 BE81CD3D 		.ascii	"\276\201\315=\035\233s*\346\221\001\363@S\370\274\012"
 447      1D9B732A 
 447      E69101F3 
 447      4053F8BC 
 447      0A
 448 0f08 796886C8 		.ascii	"yh\206\310A\333\230'\007\355\035\200[f\313e\324\366"
 448      41DB9827 
 448      07ED1D80 
 448      5B66CB65 
 448      D4F6
 449 0f1a 3C6DEF57 		.ascii	"<m\357Wn\320\272L\227\000\373\362\264l\337g@\025h\266"
 449      6ED0BA4C 
 449      9700FBF2 
 449      B46CDF67 
 449      401568B6 
 450 0f2e 9D50957A 		.ascii	"\235P\225zf\020\367T{^^\242\223\266\307\300\347;]\263"
 450      6610F754 
ARM GAS  /tmp/ccG1kkLP.s 			page 36


 450      7B5E5EA2 
 450      93B6C7C0 
 450      E73B5DB3 
 451 0f42 DECB1921 		.ascii	"\336\313\031!\246\324\354G\271\017o\313\303>\214\214"
 451      A6D4EC47 
 451      B90F6FCB 
 451      C33E8C8C 
 452 0f52 5EE1BA9A 		.ascii	"^\341\272\232\201x\2671\354\262\233\253\024q;q\267a"
 452      8178B731 
 452      ECB29BAB 
 452      14713B71 
 452      B761
 453 0f64 9E59595C 		.ascii	"\236YY\\\205*n\267\001\223\247\343tK\347\200\037\014"
 453      852A6EB7 
 453      0193A7E3 
 453      744BE780 
 453      1F0C
 454 0f76 D6DD0465 		.ascii	"\326\335\004e!\"\347\363z\011\276\301\303:\211\2420"
 454      2122E7F3 
 454      7A09BEC1 
 454      C33A89A2 
 454      30
 455 0f87 9FBF97A0 		.ascii	"\237\277\227\240H\202=\022\354\222`\237\004\333%8\""
 455      48823D12 
 455      EC92609F 
 455      04DB2538 
 455      22
 456 0f98 C15E090E 		.ascii	"\301^\011\016HP)A"
 456      48502941 
 457 0fa0 A1040725 		.ascii	"\241\004\007%(\221 W\202b\011\016\341-h\213\004\230"
 457      28912057 
 457      8262090E 
 457      E12D688B 
 457      0498
 458 0fb2 133B25D8 		.ascii	"\023;%\330\215r$(\227 O\202\035\022|'\301~\011*\224"
 458      8D722428 
 458      97204F82 
 458      1D127C27 
 458      C17E092A 
 459 0fc7 3259A4F3 		.ascii	"2Y\244\363f\241yVd\325\353u\252?1\307.\237\273\013\352"
 459      66A17956 
 459      64D5EB75 
 459      AA3F31C7 
 459      2E9FBB0B 
 460 0fdc DC359BE3 		.ascii	"\3345\233\343R\256\245*$\337\354&\346\200\346\343y\005"
 460      52AEA52A 
 460      24DFEC26 
 460      E680E6E3 
 460      7905
 461 0fee 6C527244 		.ascii	"lRrDx\305\330(\017\355\237k!P\247S\247\325"
 461      78C5D828 
 461      0FED9F6B 
 461      2150A753 
 461      A7D5
 462 1000 1C27F2BE 		.ascii	"\034'\362\276,'\217\255\202\262$\3600?\362\"\251\337"
 462      2C278FAD 
 462      82B224F0 
ARM GAS  /tmp/ccG1kkLP.s 			page 37


 462      303FF222 
 462      A9DF
 463 1012 49DE56C2 		.ascii	"I\336V\302{\233\004\337J\246\031Q\366\244:i{\315\001"
 463      7B9B04DF 
 463      4AA61951 
 463      F6A43A69 
 463      7BCD01
 464 1025 C75915EA 		.ascii	"\307Y\025\352\374Xl.#\364\371G9+\262\233\217\335:\321"
 464      FC586C2E 
 464      23F4F947 
 464      392BB29B 
 464      8FDD3AD1 
 465 1039 21C234D5 		.ascii	"!\3024\325G\377\177\247\232\026\357\314\303\272\327"
 465      47FF7FA7 
 465      9A16EFCC 
 465      C3BAD7
 466 1048 25C73405 		.ascii	"%\3074\005\253x5\275\266$\247\244\303{u\354mru~\357"
 466      AB7835BD 
 466      B624A7A4 
 466      C37B75EC 
 466      6D72757E 
 467 105d F2A959BF 		.ascii	"\362\251Y\277\305Kp\203\276$V\2617\360\213\234b\206"
 467      C54B7083 
 467      BE2456B1 
 467      37F08B9C 
 467      6286
 468 106f 6CDF72EC 		.ascii	"l\337r\354.\350\014\221w\256'\244\037\335\271\342\315"
 468      2EE80C91 
 468      77AE27A4 
 468      1FDDB9E2 
 468      CD
 469 1080 733367CC 		.ascii	"s3g\314\322\255\240\2525mj\350R\347F\224@f\376\214w"
 469      D2ADA0AA 
 469      356D6AE8 
 469      52E74694 
 469      4066FE8C 
 470 1095 29425FAC 		.ascii	")B_\254\3247l\020}\355k\317Ht_[E_\257W\277\271\221\025"
 470      D4376C10 
 470      7DED6BCF 
 470      48745F5B 
 470      455FAF57 
 471 10ad A4DFD8E6 		.ascii	"\244\337\330\346\0238\215\314\240Vb8\201l\370\231@r"
 471      13388DCC 
 471      A0566238 
 471      816CF899 
 471      4072
 472 10bf 91CA916A 		.ascii	"\221\312\221j\221n\"\265 \315\350%\220\225\275\350\213"
 472      916E22B5 
 472      20CDE825 
 472      9095BDE8 
 472      8B
 473 10d0 C5197767 		.ascii	"\305\031wgW\206\031\367\027\255-\373&\357\351\270m7"
 473      578619F7 
 473      17AD2DFB 
 473      26EFE9B8 
 473      6D37
 474 10e2 7BB1885C 		.ascii	"{\261\210\\/Hp]2?<\331\261\324\241m>\015\000\276Q*R"
ARM GAS  /tmp/ccG1kkLP.s 			page 38


 474      2F48705D 
 474      323F3CD9 
 474      B1D4A16D 
 474      3E0D00BE 
 475 10f9 AFD77B31 		.ascii	"\257\327{18\3077t\373\227\262\007\214\265\022\335\320"
 475      38C73774 
 475      FB97B207 
 475      8CB512DD 
 475      D0
 476 110a 2140D19E 		.ascii	"!@\321\2365~\316\243D\345qV\307\303\370\314\037\324"
 476      357ECEA3 
 476      44E57156 
 476      C7C3F8CC 
 476      1FD4
 477 111c 67FE1719 		.ascii	"g\376\027\031\006'\342\226\004\227%\270$A\243\0047q"
 477      0627E296 
 477      049725B8 
 477      2441A304 
 477      3771
 478 112e 4225B822 		.ascii	"B%\270\"\301\017\022\\\223\340\252\244\274%TY7x\251"
 478      C10F125C 
 478      93E0AAA4 
 478      BC255459 
 478      3778A9
 479 1141 276F7C0B 		.ascii	"'o|\013U\3009/\200\262UT\001u^\000yc\\\240\002\316{"
 479      55C0392F 
 479      80B25554 
 479      01755E00 
 479      79635CA0 
 480 1158 73E0CFB0 		.ascii	"s\340\317\260\266/\325\275}0\000p\335\363\035\316Q]"
 480      B62FD5BD 
 480      7D300070 
 480      DDF31DCE 
 480      515D
 481 116a 2FD6F577 		.ascii	"/\326\365w>:\244[%\357\320\336~\334\241\223\374\240"
 481      3E3AA45B 
 481      25EFD0DE 
 481      7EDCA193 
 481      FCA0
 482 117c 97FCBF00 		.ascii	"\227\374\277\000\"\231\373s\304\207\336\277\271c&\350"
 482      2299FB73 
 482      C487DEBF 
 482      B96326E8 
 483 118c 5E023D4B 		.ascii	"^\002=K\327mE$x\354k!\226{Gyzt\333\200\320=\243\275"
 483      D76D4524 
 483      78EC6B21 
 483      967B4779 
 483      7A74DB80 
 484 11a4 A57B3474 		.ascii	"\245{4t\327\000\322\352K\223\"\352\216\004M&\214\334"
 484      D700D2EA 
 484      4B9322EA 
 484      8E044D26 
 484      8CDC
 485 11b6 85EEA763 		.ascii	"\205\356\247c\027\232\321\237Z|\212a\224\275\247\371"
 485      179AD19F 
 485      5A7C8A61 
 485      94BDA7F9 
ARM GAS  /tmp/ccG1kkLP.s 			page 39


 486 11c6 E1D03D89 		.ascii	"\341\320=\211\266&\372_4\217\331\314>\224\340\221\004"
 486      B626FA5F 
 486      348FD9CC 
 486      3E94E091 
 486      04
 487 11d7 0F246891 		.ascii	"\017$h\221\240Y\202'JQ\177\241{Bv\337lb>\373\377\241"
 487      A0598227 
 487      4A517FA1 
 487      7B4276DF 
 487      6C623EFB 
 488 11ed 55E5F776 		.ascii	"U\345\367v\350_\301\312\314O\267\307\234\376_Km\361"
 488      E85FC1CA 
 488      CC4FB7C7 
 488      9CFE5F4B 
 488      6DF1
 489 11ff 8260CDFD 		.ascii	"\202`\315\375O5\336\255\274\216\334;\327\272G\322\000"
 489      4F35DEAD 
 489      BC8EDC3B 
 489      D7BA47D2 
 489      00
 490 1210 AF744FE5 		.ascii	"\257tO\3459`\305\243\212F\33523K\343\360\234\003f\254"
 490      3960C5A3 
 490      8A46DD32 
 490      334BE3F0 
 490      9C0366AC 
 491 1224 AFBDA403 		.ascii	"\257\275\244\003\\\327\000/8`}\346\303\012\035@g\337"
 491      5CD7002F 
 491      38607DE6 
 491      C30A1D40 
 491      67DF
 492 1236 4B0E5876 		.ascii	"K\016Xv&m\221\356\177$\0124\035^q\300\345\315\253\357"
 492      266D91EE 
 492      7F240A34 
 492      1D5E71C0 
 492      E5CDABEF 
 493 124a FB6B00DD 		.ascii	"\373k\000\335\203\275\327\034p\342X\332\265\016\272"
 493      83BDD71C 
 493      70E258DA 
 493      B50EBA
 494 1259 979F9A88 		.ascii	"\227\237\232\2107\362f\355v\343#\335\326\351\222V#="
 494      37F266ED 
 494      76E323DD 
 494      D6E99256 
 494      233D
 495 126b 7E1886DB 		.ascii	"~\030\206\333h\354\211-\005%E\201:\037\313oZ&\373\375"
 495      68EC892D 
 495      05254581 
 495      3A1FCB6F 
 495      5A26FBFD 
 496 127f 6FDEB4D0 		.ascii	"o\336\264\320\377\232:S\\\257\363\361\024?\355\251\275"
 496      FF9A3A53 
 496      5CAFF3F1 
 496      143FEDA9 
 496      BD
 497 1290 1F034CCD 		.ascii	"\037\003L\315\2701O\2674\326\355\267\247q@\376\365\373"
 497      B8314FB7 
 497      34D6EDB7 
ARM GAS  /tmp/ccG1kkLP.s 			page 40


 497      A77140FE 
 497      F5FB
 498 12a2 E7741CEA 		.ascii	"\347t\034\3524\365\247#@\030\321\257_\264\3136!\332"
 498      34F5A723 
 498      4018D1AF 
 498      5FB4CB36 
 498      21DA
 499 12b4 E54E1C38 		.ascii	"\345N\0348 :f\364\260\201\003b\307\304\374\346\367\261"
 499      203A66F4 
 499      B0810362 
 499      C7C4FCE6 
 499      F7B1
 500 12c6 5F38E29C 		.ascii	"_8\342\234V\347\244\350\370\344\304\304\344$<8\355\321"
 500      56E7A4E8 
 500      F8E4C4C4 
 500      E4243C38 
 500      EDD1
 501 12d8 2E677C74 		.ascii	".g|t\352\327\2616\373W\216x{\254\313m\215\237\020\353"
 501      EAD7B136 
 501      FB578E78 
 501      7BACCB6D 
 501      8D9F10EB 
 502 12ec 4872DB9D 		.ascii	"Hr\333\235c\255\364\334\356\356\027\037\370\331\360"
 502      63ADF4DC 
 502      EEEE171F 
 502      F8D9F0
 503 12fb 3151833F 		.ascii	"1Q\203?\372\225\3407f\360o\007\215\362\033\363\305\210"
 503      FA95E037 
 503      66F06F07 
 503      8DF21BF3 
 503      C588
 504 130d E19F4963 		.ascii	"\341\237Ic>\037>:\322\352L\374\352\343\276\211\375\022"
 504      3E1F3E3A 
 504      D2EA4CFC 
 504      EAE3BE89 
 504      FD12
 505 131f AD8EA45F 		.ascii	"\255\216\244_\330\\)\277\030\233\"\004#_\267\375\353"
 505      D85C29BF 
 505      189B2204 
 505      235FB7FD 
 505      EB
 506 1330 BE890307 		.ascii	"\276\211\003\007\012=b\333\345\375\253\350\304$wt|\264"
 506      0A3D62DB 
 506      E5FDABE8 
 506      C4247774 
 506      7CB4
 507 1342 3B3125DA 		.ascii	";1%\332\346HIHN\234`\215v;\223S\034\361\375?\352\313"
 507      E6484948 
 507      4E9C608D 
 507      763B9353 
 507      1CF1FD3F 
 508 1358 F44FFDDB 		.ascii	"\364O\375\333\276\251\256\270\276\310c\202\303\335w"
 508      BEA9AEB8 
 508      BEC86382 
 508      C3DD77
 509 1367 ECC4686B 		.ascii	"\354\304hkJ\2120\362\377\330B!\252==\335V\247\373\235"
 509      4A8A30F2 
ARM GAS  /tmp/ccG1kkLP.s 			page 41


 509      FFD84221 
 509      AA3D3DDD 
 509      56A7FB9D 
 510 137b 31BF8F8D 		.ascii	"1\277\217\215\371b\320\227Cc\321\354\241\243>\0354x"
 510      F962D097 
 510      4363D1EC 
 510      A1A33E1D 
 510      3478
 511 138d 686CCCE8 		.ascii	"hl\314\350Qc\006\217\356h\276\362\233\277D=G\222I\275"
 511      5163068F 
 511      EE68BEF2 
 511      9BBF443D 
 511      479249BD 
 512 13a1 7EE3856E 		.ascii	"~\343\205nT\241T\267#\301\341\236\204\327\\\361NG\212"
 512      54A154B7 
 512      23C1E19E 
 512      84D75CF1 
 512      4E478A
 513 13b4 3BD9199B 		.ascii	";\331\031\233bu\272\354\377\370W\360\227y!\353>\224"
 513      6275BAEC 
 513      FFF857F0 
 513      977921EB 
 513      3E94
 514 13c6 B56B92CB 		.ascii	"\265k\222\313mO\214\265'\331R\222\321T\275\010\227\333"
 514      6D4F8CB5 
 514      27D95292 
 514      D154BD08 
 514      97DB
 515 13d8 991AEF4E 		.ascii	"\231\032\357Nu\332\377\341\257\020\303\371\242\224\017"
 515      75DAFFE1 
 515      AF10C3F9 
 515      A2940F
 516 13e7 7552345F 		.ascii	"uR4_\372\022\023\256C\272\022\254_\331\337\363:W|\363"
 516      FA1213AE 
 516      43BA12AC 
 516      5FD9DFF3 
 516      3A577CF3 
 517 13fb 156A8B37 		.ascii	"\025j\2137:\355\177J\265\273\334=\275Q\361\343\255I"
 517      3AED7F4A 
 517      B5BBDC3D 
 517      BD51F1E3 
 517      AD49
 518 140d E3ECB163 		.ascii	"\343\354\261cS\223\342\335\216\344$\323u\231\213mlj"
 518      5393E2DD 
 518      8EE424D3 
 518      75998B6D 
 518      6C6A
 519 141f 6C62B2CD 		.ascii	"lb\262\315\336\247\235\3538\013n{l\2425~\274#\251]\240"
 519      DEA79DEB 
 519      380B6E7B 
 519      6CA2357E 
 519      BC23A95D 
 520 1434 DB694D72 		.ascii	"\333iMr\215\265\2435\216?\333?l\007h\263\343\304\216"
 520      8DB5A335 
 520      8E3FDB3F 
 520      6C0768B3 
 520      E3C48E
ARM GAS  /tmp/ccG1kkLP.s 			page 42


 521 1447 8F753B12 		.ascii	"\217u;\022\355\311\251\356\017\332A\306[S\254qt\256"
 521      EDC9A9EE 
 521      0FDA41C6 
 521      5B53AC71 
 521      74AE
 522 1459 1C7697C9 		.ascii	"\034v\227\311\023N{b2j6\321:\301\236\232\202\263g\215"
 522      134E7B62 
 522      326A36D1 
 522      3AC19E9A 
 522      82B3678D 
 523 146d 4BB0DB4C 		.ascii	"K\260\333L\012\032Q*\303I]\275\201)\311\023\251\356"
 523      0A1A512A 
 523      C3495DBD 
 523      8129C913 
 523      A9EE
 524 147f D4DA4EDE 		.ascii	"\324\332N\336\327\\)v\273\315\244\2006\225\361\011V"
 524      D75C2976 
 524      BBCDA480 
 524      3695F109 
 524      56
 525 1490 972BD6EA 		.ascii	"\227+\326\352tZ'\375\234\242\370\034\260\301\370\344"
 525      745A27FD 
 525      9CA2F81C 
 525      B0C1F8E4 
 526 14a0 A4B18E71 		.ascii	"\244\261\216q\251N+\235\207\330\244\324\3048\273\263"
 526      A94E2B9D 
 526      87D8A4D4 
 526      C438BBB3 
 527 14b0 A7174663 		.ascii	"\247\027Fc\304\257\367j\363:\206\2745\321\216g\335\274"
 527      C4AFF76A 
 527      F33A86BC 
 527      35D18E67 
 527      DDBC
 528 14c2 206EAB6B 		.ascii	" n\253k\202:\335\235\274uHp\330\223\334\235M\\\321\330"
 528      823ADD9D 
 528      BC754870 
 528      D893DC9D 
 528      4D5CD1D8 
 529 14d6 A4787B77 		.ascii	"\244x{w\257q\204:'\251\274\272\253)=\370\213A11\261"
 529      AF71843A 
 529      27A9BCBA 
 529      AB293DF8 
 529      8B413131 
 530 14eb 83470C1B 		.ascii	"\203G\014\0336h\370\0209\341\275%Q\367\245\272\"\274"
 530      3668F810 
 530      39E1BD25 
 530      51F7A5BA 
 530      22BC
 531 14fd 469350E7 		.ascii	"F\223P\347N^|\370\375]\332\262\364\327\177E\276YS\034"
 531      4E5E7CF8 
 531      FD5DDAB2 
 531      F4D77F45 
 531      BE59531C 
 532 1511 986CA146 		.ascii	"\230l\241FA\246y\326\315UoS\350a\314\215\245\036\236"
 532      41A679D6 
 532      CD556F53 
 532      E861CC8D 
ARM GAS  /tmp/ccG1kkLP.s 			page 43


 532      A51E9E
 533 1524 98EC9C10 		.ascii	"\230\354\234\020\233`O\032\347\036\337\275]\320/\275"
 533      9B604F1A 
 533      E71EDFBD 
 533      5DD02FBD 
 534 1534 AF2660E2 		.ascii	"\257&`\342\245Z1\367\0346\023+S\004\371\004\233\022"
 534      A55A31F7 
 534      1C36132B 
 534      5304F904 
 534      9B12
 535 1546 02AB8323 		.ascii	"\002\253\203#i\234\211[\324\217\341\006\264\221Y\336"
 535      699C895B 
 535      D48FE106 
 535      B49159DE 
 536 1556 8C62C73B 		.ascii	"\214b\307;\306\215\3471\376\213\037\275E\303\376d\366"
 536      C68DE731 
 536      FE8B1FBD 
 536      45C3FE64 
 536      F6
 537 1567 63531312 		.ascii	"cS\023\022~*{\015\333V]\370Q7x\343\336\366\015xO\015"
 537      7E2A7B0D 
 537      DB565DF8 
 537      513778E3 
 537      DEF60D78 
 538 157d 3DF906A5 		.ascii	"=\371\006\245\376\273\260\024$'\310\251\330\243}T\027"
 538      FEBBB014 
 538      2427C8A9 
 538      D8A37D54 
 538      17
 539 158e 35D8860E 		.ascii	"5\330\206\016\0372r\004v=9\260\337\367\276O\215l\003"
 539      1F327204 
 539      763D39B0 
 539      DFF7BE4F 
 539      8D6C03
 540 15a1 FB9E3F02 		.ascii	"\373\236?\0023]\037\353p\272\334\032\252\217\367uc\271"
 540      335D1FEB 
 540      70BADC1A 
 540      AA8FF775 
 540      63B9
 541 15b3 D15A4CE0 		.ascii	"\321ZL\3400\353\327#i\205\013\211K\034\344\306@\211"
 541      30EBD723 
 541      69850B89 
 541      4B1CE4C6 
 541      4089
 542 15c5 4B75DB5D 		.ascii	"Ku\333]\241\216\301z|D\234\341\364KkB\252=4nxj\342\347"
 542      A18EC17A 
 542      7C449CE1 
 542      F44B6B42 
 542      AA3D346E 
 543 15dd AA562113 		.ascii	"\252V!\023G'\273\255\011_0\327\373\217\211\371\355\210"
 543      4727BBAD 
 543      095F30D7 
 543      FB8F89F9 
 543      ED88
 544 15ef 51A3C3E2 		.ascii	"Q\243\303\342\206\250rFOJ\261\007\304\361\313\275\320"
 544      86A87246 
 544      4F4AB107 
ARM GAS  /tmp/ccG1kkLP.s 			page 44


 544      C4F1CBBD 
 544      D0
 545 1600 3983470C 		.ascii	"9\203G\014\377\364\363\317\306\214\0324\372\363\021"
 545      FFF4F3CF 
 545      C68C1A34 
 545      FAF311
 546 160f C363870C 		.ascii	"\303c\207\014\215\031<\352\363\221\243G\214j\313MF\375"
 546      8D193CEA 
 546      F391A347 
 546      8C6ACB4D 
 546      46FD
 547 1621 5DF6047B 		.ascii	"]\366\004{\274\333n\213\362\001\303\245Q\202:\033Z\305"
 547      BCDB6E8B 
 547      F201C3A5 
 547      51823A1B 
 547      5AC5
 548 1633 54BBB8DA 		.ascii	"T\273\270\332\216\344\036\331W\205x_\221\253Vl\312x"
 548      8EE41ED9 
 548      5785785F 
 548      91AB566C 
 548      CA78
 549 1645 AB0B6760 		.ascii	"\253\013g`\\\022\326\224\236\355\240\355\356\324\224"
 549      5C12D694 
 549      9EEDA0ED 
 549      EED494
 550 1654 9FB77D7D 		.ascii	"\237\267}}l\262\0235\374sB\312\317\332\306\310\275\257"
 550      6CB21335 
 550      FC7342CA 
 550      CFDAC6C8 
 550      BDAF
 551 1666 3D29B411 		.ascii	"=)\264\021\265\2433\326\277\224\004;\363\222R\252\265"
 551      B5A333D6 
 551      BF94043B 
 551      F39252AA 
 551      B5
 552 1677 601C3D6A 		.ascii	"`\034=j\320\360\230O\207*^nG\014\263\371\303\237$&\036"
 552      D0F0984F 
 552      872A5E6E 
 552      470CB3F9 
 552      C39F2426 
 553 168c 170AED20 		.ascii	"\027\012\355 \325\001\236\226\277l\033\351H\362\006"
 553      D5019E96 
 553      BF6C1BE9 
 553      48F206
 554 169b 7FD036D8 		.ascii	"\177\3206\330\212\353\"k\202\214\373\233\266q\362\321"
 554      8AEB226B 
 554      828CFB9B 
 554      B671F2D1 
 555 16ab 6E93A1FD 		.ascii	"n\223\241\375\332\261)\325\351\264\323u\236\325m\215"
 555      DAB129D5 
 555      E9B4D375 
 555      9ED56D8D 
 556 16bb 65C16277 		.ascii	"e\301bw\276\3376\\\017\353\3256L\011\274\036\355\270"
 556      BEDF365C 
 556      0FEBD536 
 556      4C09BC1E 
 556      EDB8
ARM GAS  /tmp/ccG1kkLP.s 			page 45


 557 16cd 089323EA 		.ascii	"\010\223#\352\307\302\260\2139\224y\320\277\255N\357"
 557      C7C2B08B 
 557      399479D0 
 557      BFAD4EEF 
 558 16dd 90A15F7E 		.ascii	"\220\241_~\256\256\271\273\232\361jy\350i\276\226d\377"
 558      AEAEB9BB 
 558      9AF16A79 
 558      E869BE96 
 558      64FF
 559 16ef 5AD3B59B 		.ascii	"Z\323\265\233/YJ*\007\307Z\0230\031\330r.(\216\225\200"
 559      2F594A2A 
 559      07C75A13 
 559      3019D872 
 559      2E288E95 
 560 1704 AFAC09A1 		.ascii	"\257\254\011\241\023i%\301\205\271\335\035\203\027\302"
 560      136925C1 
 560      85B9DD1D 
 560      8317C2
 561 1713 E386CA77 		.ascii	"\343\206\312w\016\262\331\234v\227\213\256\027\324Z"
 561      0EB2D99C 
 561      76978BAE 
 561      17D45A
 562 1722 68CAF748 		.ascii	"h\312\367H\263@\273\255\263y\220E\277\017Op\027\275"
 562      B340BBAD 
 562      B3799045 
 562      BF0F4F70 
 562      17BD
 563 1734 EB5D0E34 		.ascii	"\353]\0164\245;\322re\250b\256\016\216\030\273\323a"
 563      A53BD272 
 563      65A862AE 
 563      0E8E18BB 
 563      D361
 564 1746 4D18CE2A 		.ascii	"M\030\316*n\240c\2443\331\206\253\355\016\216a\326\244"
 564      6EA063A4 
 564      33D986AB 
 564      ED0E8E61 
 564      D6A4
 565 1758 D4B156B6 		.ascii	"\324\261V\266\356v\006\305\305\333\2060fA\016\233\214"
 565      EE7606C5 
 565      C5DB8630 
 565      66410E9B 
 565      8C
 566 1769 0874D8BE 		.ascii	"\010t\330\276d\313\354\2608\203\315\375i\301\243P\304"
 566      64CBECB0 
 566      3883CDFD 
 566      69C1A350 
 566      C4
 567 177a B993E393 		.ascii	"\271\223\343\223\023\224\363\230\324\270\301tu\021\""
 567      1394F398 
 567      D4B8C174 
 567      751122
 568 1789 9FB3137F 		.ascii	"\237\263\023\177\344\214+\227\256\350\027y\336L^\351"
 568      E48C2B97 
 568      AEE81779 
 568      DE4C5EE9 
 569 1799 E46D0F33 		.ascii	"\344m\0173\277\253\367\250n\205\032\346\025\013\021"
 569      BFABF7A8 
ARM GAS  /tmp/ccG1kkLP.s 			page 46


 569      6E851AE6 
 569      150B11
 570 17a8 A61E17AF 		.ascii	"\246\036\027\257/\232\3616\245b& \207\361V\247m\242"
 570      2F9AF136 
 570      A5622620 
 570      87F156A7 
 570      6DA2
 571 17ba D569EF64 		.ascii	"\325i\357d\000(U$Bc=x\210)\306(RV\307\312'<"
 571      00285524 
 571      42633D78 
 571      8829C628 
 571      5256C7CA 
 572 17d0 CC70CD91 		.ascii	"\314p\315\221\034n<w\376\251\273a \331=\316\260\254"
 572      1C6E3C77 
 572      FEA9BB61 
 572      20D93DCE 
 572      B0AC
 573 17e2 EFD69696 		.ascii	"\357\326\226\2264Y\"\014\027\371\344w\3256\210t\320"
 573      3459220C 
 573      17F9E477 
 573      D5368874 
 573      D0
 574 17f3 B0F00DD1 		.ascii	"\260\360\015\321\353\316\362\345\0171\243\207\016\223"
 574      EBCEF2E5 
 574      0F31A387 
 574      0E93
 575 1801 C7B82DFD 		.ascii	"\307\270-\375~\322\216Je\031\346\305\345-S\307\327\312"
 575      7ED28E4A 
 575      6519E6C5 
 575      E52D53C7 
 575      D7CA
 576 1813 BC6E1D4F 		.ascii	"\274n\035O\263L=\355\356\003\241\205\254\305\241\266"
 576      B34C3DED 
 576      EE03A185 
 576      ACC5A1B6 
 577 1823 D78E71EA 		.ascii	"\327\216q\352O%\266tCJx\205iC\354\274\003\215y%\015"
 577      4F25B674 
 577      434A7885 
 577      6943ECBC 
 577      038D7925 
 578 1838 5D6FC50D 		.ascii	"]o\305\015J\300\253I\030%1v\267\033W\204\341\032\236"
 578      4AC0AB49 
 578      18253176 
 578      B71B5784 
 578      E11A9E
 579 184b E7400FB4 		.ascii	"\347@\017\264A\333\272\233\302\321\227A\306-C\227\266"
 579      41DBBA9B 
 579      C2D19741 
 579      C62D4397 
 579      B6
 580 185c 10EFF8B8 		.ascii	"\020\357\370\270\300\247\315\027S\276\230Q\222\373-"
 580      C0A7CD17 
 580      53BE9851 
 580      92FB2D
 581 186b 53FBFA1F 		.ascii	"S\373\372\037>Y,\231"
 581      3E592C99 
 582              		.text
ARM GAS  /tmp/ccG1kkLP.s 			page 47


 583              		.section	.gnu.lto_.symtab.aca7583d76fa5b0,"e",%progbits
 584 0000 5F75785F 		.ascii	"_ux_device_stack_interface_set\000"
 584      64657669 
 584      63655F73 
 584      7461636B 
 584      5F696E74 
 585 001f 00       		.ascii	"\000"
 586 0020 00       		.ascii	"\000"
 587 0021 00       		.ascii	"\000"
 588 0022 00000000 		.ascii	"\000\000\000\000\000\000\000\000"
 588      00000000 
 589 002a D0000000 		.ascii	"\320\000\000\000"
 590 002e 5F75785F 		.ascii	"_ux_system_slave\000"
 590      73797374 
 590      656D5F73 
 590      6C617665 
 590      00
 591 003f 00       		.ascii	"\000"
 592 0040 02       		.ascii	"\002"
 593 0041 00       		.ascii	"\000"
 594 0042 00000000 		.ascii	"\000\000\000\000\000\000\000\000"
 594      00000000 
 595 004a 4E020000 		.ascii	"N\002\000\000"
 596 004e 5F75785F 		.ascii	"_ux_system_interface_descriptor_structure\000"
 596      73797374 
 596      656D5F69 
 596      6E746572 
 596      66616365 
 597 0078 00       		.ascii	"\000"
 598 0079 02       		.ascii	"\002"
 599 007a 00       		.ascii	"\000"
 600 007b 00000000 		.ascii	"\000\000\000\000\000\000\000\000"
 600      00000000 
 601 0083 E4000000 		.ascii	"\344\000\000\000"
 602 0087 5F75785F 		.ascii	"_ux_system_endpoint_descriptor_structure\000"
 602      73797374 
 602      656D5F65 
 602      6E64706F 
 602      696E745F 
 603 00b0 00       		.ascii	"\000"
 604 00b1 02       		.ascii	"\002"
 605 00b2 00       		.ascii	"\000"
 606 00b3 00000000 		.ascii	"\000\000\000\000\000\000\000\000"
 606      00000000 
 607 00bb E2000000 		.ascii	"\342\000\000\000"
 608 00bf 5F75785F 		.ascii	"_ux_device_stack_interface_start\000"
 608      64657669 
 608      63655F73 
 608      7461636B 
 608      5F696E74 
 609 00e0 00       		.ascii	"\000"
 610 00e1 02       		.ascii	"\002"
 611 00e2 00       		.ascii	"\000"
 612 00e3 00000000 		.ascii	"\000\000\000\000\000\000\000\000"
 612      00000000 
 613 00eb D9000000 		.ascii	"\331\000\000\000"
 614 00ef 5F75785F 		.ascii	"_ux_utility_descriptor_parse\000"
ARM GAS  /tmp/ccG1kkLP.s 			page 48


 614      7574696C 
 614      6974795F 
 614      64657363 
 614      72697074 
 615 010c 00       		.ascii	"\000"
 616 010d 02       		.ascii	"\002"
 617 010e 00       		.ascii	"\000"
 618 010f 00000000 		.ascii	"\000\000\000\000\000\000\000\000"
 618      00000000 
 619 0117 E0000000 		.ascii	"\340\000\000\000"
 620              		.text
 621              		.section	.gnu.lto_.ext_symtab.aca7583d76fa5b0,"e",%progbits
 622 0000 01       		.ascii	"\001"
 623 0001 01       		.ascii	"\001"
 624 0002 00       		.ascii	"\000"
 625 0003 02       		.ascii	"\002"
 626 0004 01       		.ascii	"\001"
 627 0005 02       		.ascii	"\002"
 628 0006 01       		.ascii	"\001"
 629 0007 02       		.ascii	"\002"
 630 0008 01       		.ascii	"\001"
 631 0009 01       		.ascii	"\001"
 632 000a 00       		.ascii	"\000"
 633 000b 01       		.ascii	"\001"
 634 000c 00       		.ascii	"\000"
 635              		.text
 636              		.section	.gnu.lto_.opts,"e",%progbits
 637 0000 272D666E 		.ascii	"'-fno-openmp' '-fno-openacc' '-fno-pie' '-fcf-prote"
 637      6F2D6F70 
 637      656E6D70 
 637      2720272D 
 637      666E6F2D 
 638 0033 6374696F 		.ascii	"ction=none' '-mcpu=cortex-m33' '-mthumb' '-mfpu=fpv"
 638      6E3D6E6F 
 638      6E652720 
 638      272D6D63 
 638      70753D63 
 639 0066 342D7370 		.ascii	"4-sp-d16' '-mfloat-abi=hard' '-mlibarch=armv8-m.mai"
 639      2D643136 
 639      2720272D 
 639      6D666C6F 
 639      61742D61 
 640 0099 6E2B6473 		.ascii	"n+dsp+fp' '-march=armv8-m.main+dsp+fp' '-Os' '-flto"
 640      702B6670 
 640      2720272D 
 640      6D617263 
 640      683D6172 
 641 00cc 2720272D 		.ascii	"' '-fdata-sections' '-ffunction-sections' '-Xassemb"
 641      66646174 
 641      612D7365 
 641      6374696F 
 641      6E732720 
 642 00ff 6C657227 		.ascii	"ler' '-a' '-Xassembler' '-ad' '-Xassembler' '-alms="
 642      20272D61 
 642      2720272D 
 642      58617373 
 642      656D626C 
ARM GAS  /tmp/ccG1kkLP.s 			page 49


 643 0132 6275696C 		.ascii	"build/../sdk/stm32/STM32_USBX_Library/common/core/s"
 643      642F2E2E 
 643      2F73646B 
 643      2F73746D 
 643      33322F53 
 644 0165 72632F75 		.ascii	"rc/ux_device_stack_interface_set.lst'\000"
 644      785F6465 
 644      76696365 
 644      5F737461 
 644      636B5F69 
 645              		.text
 646              		.comm	__gnu_lto_slim,1,1
 647              		.ident	"GCC: (15:10.3-2021.07-4) 10.3.1 20210621 (release)"
ARM GAS  /tmp/ccG1kkLP.s 			page 50


DEFINED SYMBOLS
                            *ABS*:0000000000000000 ux_device_stack_interface_set.c
                            *COM*:0000000000000001 __gnu_lto_slim

NO UNDEFINED SYMBOLS
