ARM GAS  /tmp/ccfFTZYg.s 			page 1


   1              		.cpu cortex-m33
   2              		.eabi_attribute 27, 1
   3              		.eabi_attribute 28, 1
   4              		.eabi_attribute 20, 1
   5              		.eabi_attribute 21, 1
   6              		.eabi_attribute 23, 3
   7              		.eabi_attribute 24, 1
   8              		.eabi_attribute 25, 1
   9              		.eabi_attribute 26, 1
  10              		.eabi_attribute 30, 4
  11              		.eabi_attribute 34, 1
  12              		.eabi_attribute 18, 4
  13              		.file	"ux_device_stack_get_status.c"
  14              		.text
  15              		.section	.text._ux_device_stack_get_status,"ax",%progbits
  16              		.align	1
  17              		.global	_ux_device_stack_get_status
  18              		.arch armv8-m.main
  19              		.arch_extension dsp
  20              		.syntax unified
  21              		.thumb
  22              		.thumb_func
  23              		.fpu fpv4-sp-d16
  25              	_ux_device_stack_get_status:
  26              		@ args = 0, pretend = 0, frame = 0
  27              		@ frame_needed = 0, uses_anonymous_args = 0
  28 0000 0022     		movs	r2, #0
  29 0002 224B     		ldr	r3, .L14
  30 0004 70B5     		push	{r4, r5, r6, lr}
  31 0006 1C68     		ldr	r4, [r3]
  32 0008 A56E     		ldr	r5, [r4, #104]
  33 000a 04F13C06 		add	r6, r4, #60
  34 000e 2A70     		strb	r2, [r5]
  35 0010 A56E     		ldr	r5, [r4, #104]
  36 0012 6A70     		strb	r2, [r5, #1]
  37 0014 10F00305 		ands	r5, r0, #3
  38 0018 08D0     		beq	.L2
  39 001a 022D     		cmp	r5, #2
  40 001c A369     		ldr	r3, [r4, #24]
  41 001e 26D0     		beq	.L3
  42              	.L12:
  43 0020 3246     		mov	r2, r6
  44 0022 1421     		movs	r1, #20
  45 0024 2046     		mov	r0, r4
  46 0026 9847     		blx	r3
  47 0028 0020     		movs	r0, #0
  48 002a 70BD     		pop	{r4, r5, r6, pc}
  49              	.L2:
  50 002c B1F5704F 		cmp	r1, #61440
  51 0030 2AD0     		beq	.L11
  52 0032 1A68     		ldr	r2, [r3]
  53 0034 D2F84421 		ldr	r2, [r2, #324]
  54 0038 022A     		cmp	r2, #2
  55 003a 02BF     		ittt	eq
  56 003c 0121     		moveq	r1, #1
  57 003e A26E     		ldreq	r2, [r4, #104]
  58 0040 1170     		strbeq	r1, [r2]
ARM GAS  /tmp/ccfFTZYg.s 			page 2


  59 0042 1B68     		ldr	r3, [r3]
  60 0044 D3F84C31 		ldr	r3, [r3, #332]
  61 0048 5BB9     		cbnz	r3, .L7
  62              	.L13:
  63 004a 0225     		movs	r5, #2
  64              	.L5:
  65 004c 0323     		movs	r3, #3
  66 004e 2A46     		mov	r2, r5
  67 0050 2946     		mov	r1, r5
  68 0052 C4F88430 		str	r3, [r4, #132]
  69 0056 04F15C00 		add	r0, r4, #92
  70 005a BDE87040 		pop	{r4, r5, r6, lr}
  71 005e FFF7FEBF 		b	_ux_device_stack_transfer_request
  72              	.L7:
  73 0062 A26E     		ldr	r2, [r4, #104]
  74 0064 1378     		ldrb	r3, [r2]	@ zero_extendqisi2
  75 0066 43F00203 		orr	r3, r3, #2
  76 006a 1370     		strb	r3, [r2]
  77 006c EDE7     		b	.L13
  78              	.L3:
  79 006e 0A46     		mov	r2, r1
  80 0070 2046     		mov	r0, r4
  81 0072 1521     		movs	r1, #21
  82 0074 9847     		blx	r3
  83 0076 FF28     		cmp	r0, #255
  84 0078 04D0     		beq	.L8
  85 007a 0128     		cmp	r0, #1
  86 007c E5D1     		bne	.L13
  87 007e A36E     		ldr	r3, [r4, #104]
  88 0080 1870     		strb	r0, [r3]
  89 0082 E3E7     		b	.L5
  90              	.L8:
  91 0084 A369     		ldr	r3, [r4, #24]
  92 0086 CBE7     		b	.L12
  93              	.L11:
  94 0088 0125     		movs	r5, #1
  95 008a DFE7     		b	.L5
  96              	.L15:
  97              		.align	2
  98              	.L14:
  99 008c 00000000 		.word	_ux_system_slave
 101              		.ident	"GCC: (15:10.3-2021.07-4) 10.3.1 20210621 (release)"
ARM GAS  /tmp/ccfFTZYg.s 			page 3


DEFINED SYMBOLS
                            *ABS*:0000000000000000 ux_device_stack_get_status.c
     /tmp/ccfFTZYg.s:16     .text._ux_device_stack_get_status:0000000000000000 $t
     /tmp/ccfFTZYg.s:25     .text._ux_device_stack_get_status:0000000000000000 _ux_device_stack_get_status
     /tmp/ccfFTZYg.s:99     .text._ux_device_stack_get_status:000000000000008c $d

UNDEFINED SYMBOLS
_ux_device_stack_transfer_request
_ux_system_slave
