ARM GAS  /tmp/ccUMDGDi.s 			page 1


   1              		.cpu cortex-m33
   2              		.eabi_attribute 27, 1
   3              		.eabi_attribute 28, 1
   4              		.eabi_attribute 20, 1
   5              		.eabi_attribute 21, 1
   6              		.eabi_attribute 23, 3
   7              		.eabi_attribute 24, 1
   8              		.eabi_attribute 25, 1
   9              		.eabi_attribute 26, 1
  10              		.eabi_attribute 30, 4
  11              		.eabi_attribute 34, 1
  12              		.eabi_attribute 18, 4
  13              		.file	"ux_device_stack_disconnect.c"
  14              		.section	.gnu.lto_.profile.b1f232a4841a95af,"e",%progbits
  15 0000 789C6363 		.ascii	"x\234cc\000\002F\020\001\000\000K\000\010"
  15      00024610 
  15      0100004B 
  15      0008
  16              		.text
  17              		.section	.gnu.lto_.icf.b1f232a4841a95af,"e",%progbits
  18 0000 789CE360 		.ascii	"x\234\343`@\000F\206\275[\177\235`g\000\000\017\001"
  18      40004686 
  18      BD5B7F9D 
  18      60670000 
  18      0F01
  19 0012 0345     		.ascii	"\003E"
  20              		.text
  21              		.section	.gnu.lto_.ipa_sra.b1f232a4841a95af,"e",%progbits
  22 0000 789CE365 		.ascii	"x\234\343e@\000F\006\006f \301\310\300\004\304\000\001"
  22      40004606 
  22      066620C1 
  22      C8C004C4 
  22      0001
  23 0012 A10017   		.ascii	"\241\000\027"
  24              		.text
  25              		.section	.gnu.lto_.inline.b1f232a4841a95af,"e",%progbits
  26 0000 789C7365 		.ascii	"x\234se@\000F\006\035\275c\275\353\2770g220\231\234"
  26      40004606 
  26      1DBD63BD 
  26      EBBF3067 
  26      32323099 
  27 0015 3AB0F00C 		.ascii	":\260\360\014S\006\003\003[kCC\003S\012\023\003\023"
  27      53060303 
  27      5B6B4343 
  27      03530A13 
  27      0313
  28 0027 50091337 		.ascii	"P\011\0237#P\335\004?\026\001\260zva \305<\301\217\001"
  28      2350DD04 
  28      3F1601B0 
  28      7A766120 
  28      C53CC18F 
  29 003c 24029261 		.ascii	"$\002\222a`\000\000`4\015\001"
  29      60000060 
  29      340D01
  30              		.text
  31              		.section	.gnu.lto_.jmpfuncs.b1f232a4841a95af,"e",%progbits
  32 0000 789C658B 		.ascii	"x\234e\213\301\011\2000\020\004w.\342\303OZH\247\351"
ARM GAS  /tmp/ccUMDGDi.s 			page 2


  32      C1098030 
  32      1004772E 
  32      E2C34F5A 
  32      48A7E9
  33 0013 C1B74F6B 		.ascii	"\301\267Ok\320\257\205\011z\271 \202.,\007{3\213\336"
  33      D0AF8509 
  33      7AB92082 
  33      2E2C077B 
  33      338BDE
  34 0026 E0353FC7 		.ascii	"\3405?\307\200\274\227'\313lNk\022S\354S\373\251\226"
  34      80BC9727 
  34      CB6C4E6B 
  34      1253EC53 
  34      FBA996
  35 0039 F187350A 		.ascii	"\361\2075\012r\3149\250\017B \006\375\304V\213\011\\"
  35      72CC39A8 
  35      0F422006 
  35      FDC4568B 
  35      095C
  36 004b 14DD4F8F 		.ascii	"\024\335O\217rv\205\015vj\321\015\350B(\220"
  36      7276850D 
  36      766AD10D 
  36      E8422890 
  37              		.text
  38              		.section	.gnu.lto_.pureconst.b1f232a4841a95af,"e",%progbits
  39 0000 789C6361 		.ascii	"x\234ca```d\230\305\002\000\001d\000\244"
  39      60606064 
  39      98C50200 
  39      016400A4 
  40              		.text
  41              		.section	.gnu.lto_.lto.b1f232a4841a95af,"e",%progbits
  42 0000 09000400 		.ascii	"\011\000\004\000\001\000\000\000"
  42      01000000 
  43              		.text
  44              		.section	.gnu.lto__ux_device_stack_disconnect.3.b1f232a4841a95af,"e",%progbits
  45 0000 789C7D55 		.ascii	"x\234}UmL[U\030>\357=\267\337\037\033\260\241ll\200"
  45      6D4C5B55 
  45      183EEF3D 
  45      B7DF1F1B 
  45      B0A16C6C 
  46 0015 99891AA0 		.ascii	"\231\211\032\240s\313\342\374\263\030\177\273_h\342"
  46      73CBE2FC 
  46      B3187FBB 
  46      5F68E2
  47 0024 BFA6B45D 		.ascii	"\277\246\264]\322\260\026\322\026\235\277v\331\312\266"
  47      D2B016D2 
  47      169DBF76 
  47      D9CAB6
  48 0033 602205C9 		.ascii	"`\"\005\311&\033\020-\335DE\366\351\266\2722\031\037"
  48      261B102D 
  48      DD4445F6 
  48      E9B6BA32 
  48      191F
  49 0045 12418C23 		.ascii	"\022A\214#Q\262\251\014\266\311\207A\304J\024\010\033"
  49      51B2A90C 
  49      B6C98741 
  49      C44A1408 
ARM GAS  /tmp/ccUMDGDi.s 			page 3


  49      1B
  50 0056 BEE7DCDB 		.ascii	"\276\347\334\333\3332\310\232\364\364\334{\236\367y"
  50      DB32C89A 
  50      F4F4DC7B 
  50      9EF779
  51 0065 CFFBBCCF 		.ascii	"\317\373\274\3179\335\252#\244\237\020\222\300/X\011"
  51      39DDAA23 
  51      A49F1092 
  51      C02F5809 
  52 0075 D4D7D508 		.ascii	"\324\327\325\010D\222\244\327t\202p\264\356}\001\372"
  52      4492A4D7 
  52      748270B4 
  52      EE7D01FA 
  53 0085 60A6757C 		.ascii	"`\246u|\263\330\030\276\017\015\277\266\274$R8UW3\331"
  53      B3D818BE 
  53      0F0DBFB6 
  53      BC245238 
  53      555733D9 
  54 0099 B28F6344 		.ascii	"\262\217cD\241\272\316t\372\362D\241x\254\316:\361}"
  54      A1BACE74 
  54      FAF244A1 
  54      78ACCE3A 
  54      F17D
  55 00ab 6396A881 		.ascii	"c\226\250\201\223*\203\026N]4\362\231N\010\311\\\303"
  55      932A8316 
  55      4E5D34F2 
  55      994E08C9 
  55      5CC3
  56 00bd 734B7BC5 		.ascii	"sK{\305\217\220\253\243\266Z'\352\241\261>R \203\015"
  56      8F90ABA3 
  56      B65A27EA 
  56      A1B13E52 
  56      20830D
  57 00d0 C2E9F0A5 		.ascii	"\302\351\360\245\002\204L\2368\233'\236AH\343\177w\363"
  57      02844C9E 
  57      389B279E 
  57      4148E37F 
  57      77F3
  58 00e2 45239C51 		.ascii	"E#\234Q!&\241I\206\360\214\315\010\341)\315\320\254"
  58      2126A149 
  58      86F08CCD 
  58      08E129CD 
  58      D0AC
  59 00f4 422C5055 		.ascii	"B,PUW\323\337qUD\024\177\001\344\260@E\215V\2477\030"
  59      57D3DF71 
  59      5544147F 
  59      01E4B040 
  59      458D56A7 
  60 010a 4D660B1C 		.ascii	"Mf\013\034\026\260`\365\363!m\242PO\243\224\200\250"
  60      16B060F5 
  60      F3216DA2 
  60      504FA394 
  60      80A8
  61 011c CC00F25F 		.ascii	"\314\000\362_\354\222\244\205\276\226\317\037@S[\227"
  61      EC92A485 
  61      BE96CF1F 
  61      40535B97 
ARM GAS  /tmp/ccUMDGDi.s 			page 4


  62 012c 18A50269 		.ascii	"\030\245\002iA\300W\000W@\016C(=\001\354\347y\204\316"
  62      41C05700 
  62      57400E43 
  62      283D01EC 
  62      E77984CE 
  63 0140 75B6D65A 		.ascii	"u\266\326Z\303Uz\004\3025X\015U\351\013U\3721\201\205"
  63      C3557A04 
  63      C235580D 
  63      55E90B55 
  63      FA318185 
  64 0154 D7CAE161 		.ascii	"\327\312\341aI\272\020o\225\244\215\241\374(\245p\203"
  64      49BA106F 
  64      95A48DA1 
  64      FC28A570 
  64      83
  65 0165 877F0D10 		.ascii	"\207\177\015\020S\303is*\321\215\036%\221\010\235k\023"
  65      53C36973 
  65      2AD18D1E 
  65      2591089D 
  65      6B13
  66 0177 D14F55E4 		.ascii	"\321OU\344\205\330\321\3432\247\006\276Y\007y5\205<"
  66      85D8D1E3 
  66      32A706BE 
  66      59077935 
  66      853C
  67 0189 9F42DE5A 		.ascii	"\237B\336Z\007\331\233B~\231Dj\241\347\011\244\226@"
  67      07D99B42 
  67      7E99446A 
  67      A1E709A4 
  67      9640
  68 019b 2F403740 		.ascii	"/@7@\027\300M\2008\300u`\2421S\341\352\332\305\363\303"
  68      17C04D80 
  68      38C07560 
  68      A23153E1 
  68      EADAC5F3 
  69 01b0 9A2E6979 		.ascii	"\232.iy\245V\222\356m\031\0376\025\000\211R\235\200"
  69      A55692EE 
  69      6D191F36 
  69      15008952 
  69      9D80
  70 01c2 839EE260 		.ascii	"\203\236\342`\020\331L\203\203Q\213\203I\307V\3658\230"
  70      10D94C83 
  70      83518B83 
  70      49C756F5 
  70      3898
  71 01d4 0D04898C 		.ascii	"\015\004\211\214\004\0312X\312L\366\230M\2206\207 }"
  71      04193258 
  71      CA4CF698 
  71      4D903687 
  71      207D
  72 01e6 2E5B20A4 		.ascii	".[ \244\226\222\317\246\207\317\002H]\204\204\251 ?"
  72      9692CFA6 
  72      87CF0248 
  72      5D8484A9 
  72      203F
  73 01f8 54E1C32C 		.ascii	"T\341\303,\0349\031{8\256\213PP\372a\341\365\205@\300"
  73      1C39197B 
ARM GAS  /tmp/ccUMDGDi.s 			page 5


  73      38AE8B50 
  73      50FA61E1 
  73      F58540C0 
  74 020c 691B6EF8 		.ascii	"i\033n\370\034\337\011\364\003|\013\034\337P3\004\021"
  74      1CDF09F4 
  74      037C0B1C 
  74      DF503304 
  74      11
  75 021d 9AA1C075 		.ascii	"\232\241\300u\034~\216y\253-/J\255H\004\337\361w;\361"
  75      1C7E8E79 
  75      AB2D2F4A 
  75      AD4804DF 
  75      F1773BF1 
  76 0231 15766603 		.ascii	"\025vf\003\014@3+<\3041V\246\326\240\314\024_\234\255"
  76      0C40332B 
  76      3CC43156 
  76      A6D6A0CC 
  76      145F9CAD 
  77 0245 D244A8A0 		.ascii	"\322D\250\240Pm\204\035I*\214\313`LC@\024\232L\370\001"
  77      506D841D 
  77      492A8CCB 
  77      604C4340 
  77      149A4CF8 
  78 025a 6998B8D3 		.ascii	"i\230\270\323\020\232\352)\3050\026\223\011\\S,\212"
  78      109AEA29 
  78      C5301693 
  78      095C532C 
  78      8A
  79 026b CE2EB5ED 		.ascii	"\316.\265\355M\326\024\217\315\377\215\314\231I\276"
  79      4DD6148F 
  79      CDFF8DCC 
  79      9949BE
  80 027a A91D6B08 		.ascii	"\251\035k\010\263\3406\022\012J\264\030\256\036\351"
  80      B3E03612 
  80      0A4AB418 
  80      AE1EE9
  81 0289 A7C9F0C4 		.ascii	"\247\311\360\304\302\362'\033\030\256m\033\363p\034"
  81      C2F2271B 
  81      18AE6D1B 
  81      F3701C
  82 0298 819886E5 		.ascii	"\201\230\206\345\0230\037\327\354\321-\025\260\211\003"
  82      13301FD7 
  82      ECD12D15 
  82      B08903
  83 02a7 444222D4 		.ascii	"DB\"\324 \227\365\230%\317V\312\322\244)T\030\245\233"
  83      2097F598 
  83      25CF56CA 
  83      D2A42954 
  83      18A59B
  84 02ba 11053FAB 		.ascii	"\021\005?\253\333\310\206\021\014\326\020\245\025\275"
  84      DBC88611 
  84      0CD610A5 
  84      15BD
  85 02c8 DD2A6D36 		.ascii	"\335*m6\247\3252\332lV\364t\317\371\206\027p\3168E\345"
  85      A7D532DA 
  85      6C56F474 
  85      CFF98617 
ARM GAS  /tmp/ccUMDGDi.s 			page 6


  85      70CE3845 
  86 02dd DC85A966 		.ascii	"\334\205\251f\352\337\345\233B\252\356\376K\330K\232"
  86      EADFE59B 
  86      42AAEEFE 
  86      4BD84B9A 
  87 02ed A6E33318 		.ascii	"\246\3433\030\002w\325|\006\370\005Y\331\221\237\203"
  87      0277D57C 
  87      06F80559 
  87      D9919F83 
  88 02fd D0C72548 		.ascii	"\320\307%HN\225\316\354\213\322g\231\027\373 Js8\267"
  88      4E95CEEC 
  88      8BD26799 
  88      17FB204A 
  88      7338B7
  89 0310 769528F1 		.ascii	"v\225(\361\330P7r\347\250\232\026\257)&\013F\221\\/"
  89      D8503772 
  89      E7A89A16 
  89      AF29260B 
  89      46915C2F 
  90 0324 938F750E 		.ascii	"\223\217u\016X\011\367\321\226\026\3268\204F\351VN\254"
  90      5809F7D1 
  90      9616D638 
  90      8446E956 
  90      4EAC
  91 0336 43B82472 		.ascii	"C\270$rb^\330\345\332<\205\010?K`\300\316\321\017:\343"
  91      625ED8E5 
  91      DA3C8508 
  91      3F4B60C0 
  91      CED10F3A 
  92 034b 68B31C6D 		.ascii	"h\263\034m\307O3\200!\372\271\264\366&\026F\352M\252"
  92      C74F3380 
  92      21FAB9B4 
  92      F6261646 
  92      EA4DAA
  93 035e A89BD631 		.ascii	"\250\233\3261\313\270l\026\331\"\300\223\032\332\323"
  93      CBB86C16 
  93      D922C093 
  93      1ADAD3
  94 036d 5D1FBFF3 		.ascii	"]\037\277\363\233\020\241\342\323\014\367\360\011\303"
  94      9B10A1E2 
  94      D30CF7F0 
  94      09C3
  95 037b 89F00014 		.ascii	"\211\360\000\024\325\215w\216?\376\221\244\224\271\227"
  95      D58D778E 
  95      3FFE91A4 
  95      94B997
  96 038a C0866B94 		.ascii	"\300\206k\224\206kS\015g\376g\264\023*\255\021&\221"
  96      866B530D 
  96      67FE67B4 
  96      132AAD11 
  96      2691
  97 039c D64094A3 		.ascii	"\326@\224\243\264\362\305\025\254R\253\326\262'\265"
  97      B4F2C515 
  97      AC52ABD6 
  97      B227B5
  98 03ab 8FD411CA 		.ascii	"\217\324\021\312\205i\2141&\217P\021^\000\360\0070\221"
  98      85698C31 
ARM GAS  /tmp/ccUMDGDi.s 			page 7


  98      268F5011 
  98      5E00F007 
  98      3091
  99 03bd 8F8D3D1A 		.ascii	"\217\215=\032\300\036\344br\3247Cv(f\324F\3516\276Q"
  99      C01EE462 
  99      72D43743 
  99      762866D4 
  99      46E936BE 
 100 03d2 D3AAA213 		.ascii	"\323\252\242\023\327\177\277oQsY\327\251\371OLdJ\352"
 100      D77FBF6F 
 100      517359D7 
 100      A9F94F4C 
 100      644AEA
 101 03e5 A6683D31 		.ascii	"\246h=1lxj\314\234\254\023\374\005\262\207g\352\321"
 101      6C786ACC 
 101      9CAC13FC 
 101      05B28767 
 101      EAD1
 102 03f7 26BAF52E 		.ascii	"&\272\365.\221\204z\211\304\261\307\3724\225\360\336"
 102      91847A89 
 102      C4B1C7FA 
 102      3495F0DE 
 103 0407 D0B17B43 		.ascii	"\320\261{C!5\303<\222\232\211\342\217\355\010f[2\313"
 103      2135C33C 
 103      929A89E2 
 103      8FED0866 
 103      5B32CB
 104 041a FA2F8151 		.ascii	"\372/\201Q\256t\005\014\243\327\346Q\300\\\343\354H"
 104      AE74050C 
 104      A3D7E651 
 104      C05CE3EC 
 104      48
 105 042b 3BB38979 		.ascii	";\263\211yqy\361\037\2711\314\202\261A3\352\242W\352"
 105      7179F11F 
 105      B931CC82 
 105      B14133EA 
 105      A257EA
 106 043e 3146E976 		.ascii	"1F\351v\256\212%]\225\356Qv\005\277\372\034\376\335"
 106      AE8A255D 
 106      95EE5176 
 106      05BFFA1C 
 106      FEDD
 107 0450 90041C19 		.ascii	"\220\004\034\031\273=h\2110\261\331\265\011\355\352"
 107      BB3D6889 
 107      30B1D9B5 
 107      09EDEA
 108 045f B549C82B 		.ascii	"\265I\310+6\257/hs\332\202\336\012\233\313Sq\260\334"
 108      36AF2F68 
 108      73DA82DE 
 108      0A9BCB53 
 108      71B0DC
 109 0472 5BE6B005 		.ascii	"[\346\260\005\375\345\025\036\347\316\227\213\002A\357"
 109      FDE5151E 
 109      E7CE978B 
 109      0241EF
 110 0481 EE5D957B 		.ascii	"\356]\225{\212*\003\245E.\367;e\236`\321\201wm\216\212"
 110      8A2A03A5 
ARM GAS  /tmp/ccUMDGDi.s 			page 8


 110      452EF73B 
 110      659E60D1 
 110      81776D8E 
 111 0496 0AB2BFB8 		.ascii	"\012\262\277\270\330\026p\225\3318\302V\362\346\376"
 111      D8167095 
 111      D938C256 
 111      F2E6FE
 112 04a5 DDBBEC6F 		.ascii	"\335\273\354o\225\274\376\266\375\015O\251\337\341\177"
 112      95BCFEB6 
 112      FD0D4FA9 
 112      DFE17F
 113 04b4 CFE62CF7 		.ascii	"\317\346,\367z\313}\370\343w\333\002~\247\255\362\220"
 113      7ACB7DF8 
 113      E377DB02 
 113      7EA7ADF2 
 113      90
 114 04c5 1D193C4E 		.ascii	"\035\031<N\267=\020t8\313\354.O\300Y\356\363\271\235"
 114      B73D1074 
 114      38CBEC2E 
 114      4FC059EE 
 114      F3B99D
 115 04d8 C16227D1 		.ascii	"\301b'\321\342\273`e\300\342<\350\010\004\354,\324\341"
 115      E2BB6065 
 115      C0E23CE8 
 115      0804EC2C 
 115      D4E1
 116 04ea 7319E4A7 		.ascii	"s\031\344\247\212\240\337\352s\037\012\332=\276\240"
 116      8AA0DFEA 
 116      731F0ADA 
 116      3DBEA0
 117 04f9 DB7FC0E1 		.ascii	"\333\177\300\341t[\324\031[\244.\247\353\177\241\306"
 117      745BD419 
 117      5BA42EA7 
 117      EB7FA1C6 
 118 0509 ACB2     		.ascii	"\254\262"
 119              		.text
 120              		.section	.gnu.lto_.symbol_nodes.b1f232a4841a95af,"e",%progbits
 121 0000 789CCB64 		.ascii	"x\234\313d\000\002&\346z\206\225//-ed\234p\216\201\241"
 121      000226E6 
 121      7A86952F 
 121      2F2D6564 
 121      9C708E81 
 122 0015 9E816157 		.ascii	"\236\201aWC##\003#H\212\201\225\205A\001H1\262\3263"
 122      43232303 
 122      23488A81 
 122      95854101 
 122      4831B2D6 
 123 002a FE870279 		.ascii	"\376\207\002y\2602\006\206\206\206\006\220\032f\006"
 123      B0320686 
 123      86860690 
 123      1A6606
 124 0039 A609ADD7 		.ascii	"\246\011\255\327\21733\036agax\361\355\317>&\306\251"
 124      8F33331E 
 124      61676178 
 124      F1EDCF3E 
 124      26C6A9
 125 004c 40D6CDF6 		.ascii	"@\326\315\366\177\027\030\030\257r\2630\374\374\363"
ARM GAS  /tmp/ccUMDGDi.s 			page 9


 125      7F171818 
 125      AF72B330 
 125      FCFCF3
 126 005b F33303E3 		.ascii	"\3633\003\343V~\006\000\327^#\270"
 126      567E0600 
 126      D75E23B8 
 127              		.text
 128              		.section	.gnu.lto_.refs.b1f232a4841a95af,"e",%progbits
 129 0000 789CE366 		.ascii	"x\234\343f```b``d\004b)\006\006\000\001+\000+"
 129      60606062 
 129      60606404 
 129      62290606 
 129      00012B00 
 130              		.text
 131              		.section	.gnu.lto_.decls.b1f232a4841a95af,"e",%progbits
 132 0000 789CB55A 		.ascii	"x\234\265ZyPTI\232\177\337\313\307a\201`\013\036\323"
 132      79505449 
 132      9A7FDFCB 
 132      C7618160 
 132      0B1ED3
 133 0013 DA4ADBCE 		.ascii	"\332J\333\316\264s(\266\306\356\314n\314\306\266\243"
 133      B47328B6 
 133      C6EECC6E 
 133      CCC6B6A3 
 134 0023 764FC7B4 		.ascii	"vO\307\264G\210vL\317FlmA\225Z!T1UE\333N\354\037\345"
 134      4788764C 
 134      CF466C6D 
 134      41955A21 
 134      54315545 
 135 003c 7D1F68AB 		.ascii	"}\037h\253 \015\242\266\2127\212\007\240\002\215G\203"
 135      200DA2B6 
 135      8A378A07 
 135      A0028D47 
 135      83
 136 004d 8AF70128 		.ascii	"\212\367\001(\336\332(*x!6\036\373e\346;\353\001:\023"
 136      DEDA282A 
 136      7821361E 
 136      FB65E63B 
 136      EB013A13 
 137 0061 B38459EF 		.ascii	"\263\204Y\357\275\314_~W~G\346{\026\374R\020\276\354"
 137      BDCC5F7E 
 137      577E47E6 
 137      7B16FC52 
 137      10BEEC
 138 0074 28085D41 		.ascii	"(\010]A\020^\343\237(\010\302)l\004\333^l\305\330n\012"
 138      105EE39F 
 138      2808C229 
 138      6C04DB5E 
 138      6CC5D86E 
 139 0089 FC8F8ED5 		.ascii	"\374\217\216\325a{\202\015\341\302\177\211\202\341\357"
 139      617B820D 
 139      E1C27F89 
 139      82E1EF
 140 0098 0276F6C4 		.ascii	"\002v\366\304+\222\023\242\345\2717\260\375\007\366"
 140      2B9213A2 
 140      E5B937B0 
 140      FD07F6
ARM GAS  /tmp/ccUMDGDi.s 			page 10


 141 00a7 4F46EC14 		.ascii	"OF\354\024l\177\301\366!\366\365\302\276.x?\025\333"
 141      6C7FC1F6 
 141      21F6F5C2 
 141      BE2E783F 
 141      15DB
 142 00b9 0B7C9E86 		.ascii	"\013|\236\206\327/\261\365\3056\035\233E\344\374g\340"
 142      D72FB1F5 
 142      C5361D9B 
 142      45E4FC67 
 142      E0
 143 00ca 751C5EFD 		.ascii	"u\034^\375x\235\211\355\367\300\345y\037\257\263\360"
 143      789D89ED 
 143      F7C0E579 
 143      1FAFB3F0 
 144 00da F931DE57 		.ascii	"\3711\336W\342}g\274o\306\373\366\330F\343\375K\354"
 144      E27D67BC 
 144      6FC6FBF6 
 144      D846E3FD 
 144      4BEC
 145 00ec 0BC5EB35 		.ascii	"\013\305\3535|>\217\355\177\361\276\006\257\037a\377"
 145      7C3E8FED 
 145      7FF1BE06 
 145      AF1F61FF 
 146 00fc 24BCFF15 		.ascii	"$\274\377\0256\011\333+|\036,\276Y\267\305\004>\004"
 146      3609DB2B 
 146      7C1E2CBE 
 146      59B7C504 
 146      3E04
 147 010e 6AA04876 		.ascii	"j\240Hv'\020Q\210\365\263\277\353\343\004\330\015\034"
 147      27105188 
 147      F5B3BFEB 
 147      E304D80D 
 147      1C
 148 011f 45FE4C81 		.ascii	"E\376L\201\035A\302\337h\210\311 \342\374\302\251\347"
 148      1D41C2DF 
 148      6888C920 
 148      E2FCC2A9 
 148      E7
 149 0130 C22C257E 		.ascii	"\302,%~\177\203\277dZ;\001\012\001\012@\200|@\"{\000"
 149      7F83BF64 
 149      5A3B010A 
 149      010A4080 
 149      7C40227B 
 150 0145 7601EC04 		.ascii	"v\001\354\004\004\177\251\322\376\022i\377\267\2003"
 150      047FA9D2 
 150      FE1269FF 
 150      B78033
 151 0154 97172E3E 		.ascii	"\227\027.>\035b\236Y\004\010\301\231\373\001\366\001"
 151      1D629E59 
 151      0408C199 
 151      FB01F601 
 152 0164 63D687FD 		.ascii	"c\326\207\375\306\220\004\201L\303\311k\201\316>\360"
 152      C6900481 
 152      4CC3C96B 
 152      81CE3EF0 
 153 0174 A862AE25 		.ascii	"\250b\256%\212KX\302\244\203\203\000\207\000\247\342"
 153      8A4B58C2 
ARM GAS  /tmp/ccUMDGDi.s 			page 11


 153      A4838300 
 153      8700A7E2 
 154 0184 3D025E6F 		.ascii	"=\002^o\177|\210\2043\362\331\245\022\035\341\014\004"
 154      7F7C8884 
 154      33F2D9A5 
 154      121DE10C 
 154      04
 155 0195 380C02D7 		.ascii	"8\014\002\327\242+\331\213\364.\002\177\352@\232\361"
 155      A22BD98B 
 155      F42E027F 
 155      EA409AF1 
 156 01a5 294DE44F 		.ascii	")M\344O\241$O\024\310ql\365\330\026\021\201l#|\3447"
 156      A1244F14 
 156      C8716CF5 
 156      D8161181 
 156      6C237CE4 
 157 01ba 4CF7AB22 		.ascii	"L\367\253\"\251 \310\247\353\356\233[.\264\353\035\325"
 157      A920C8A7 
 157      EBEE9B5B 
 157      2EB4EB1D 
 157      D5
 158 01cb 5BFD4396 		.ascii	"[\375C\226M\027\257<H\353\177\271|\356\002\177\366\224"
 158      4D17AF3C 
 158      48EB7FB9 
 158      7CEE027F 
 158      F694
 159 01dd 60180727 		.ascii	"`\030\007'\000.h\002T\320\237\217\004\224|\032\012/"
 159      002E6802 
 159      54D09F8F 
 159      04947C1A 
 159      0A2F
 160 01ef 097016E0 		.ascii	"\011p\026\340\014\252~\232\241P\367k\000\227\000\316"
 160      0CAA7E9A 
 160      A150F76B 
 160      009700CE 
 161 01ff 0354035C 		.ascii	"\003T\003\\\005\250\002\270\002p\031\240\006\240\022"
 161      05A802B8 
 161      027019A0 
 161      06A012
 162 020e E022D510 		.ascii	"\340\"\325\020\271\344\276\310\370kY\011 \371R\003\371"
 162      B9E4BEC8 
 162      F86B5909 
 162      20F95203 
 162      F9
 163 021f EFE94F21 		.ascii	"\357\351O!PHC}\306\256k\340_\334\037\212\001\216\032"
 163      5048437D 
 163      C6AE6BE0 
 163      5FDC1F8A 
 163      018E1A
 164 0232 50473454 		.ascii	"PG4T\356}N\0101\307\315\202\312\224^f\024pJ\343\340"
 164      EE7D4E08 
 164      31C7CD82 
 164      CA945E66 
 164      14704AE3 
 165 0247 9C0154C2 		.ascii	"\234\001T\302\265\241t\352\024\201N\032\020\261\032"
 165      B5A174EA 
 165      14814E1A 
ARM GAS  /tmp/ccUMDGDi.s 			page 12


 165      10B11A
 166 0256 A7668E38 		.ascii	"\247f\2168\014p\300,3#\322\360\\'r\231\001\364\203N"
 166      0C70C02C 
 166      3323D2F0 
 166      5C277299 
 166      01F4834E 
 167 026a E42655E4 		.ascii	"\344&U\344r3\206K\363@\205\0343k\316!wU\310)\223\304"
 167      7233864B 
 167      F340851C 
 167      336BCE21 
 167      7755C829 
 168 0280 1F09E447 		.ascii	"\037\011\344G\211z\322\213\371\365\317\302\242L\253"
 168      897AD28B 
 168      F9F5CFC2 
 168      A24CAB
 169 028f 75FDEF58 		.ascii	"u\375\357X-\244r\243~\3411Q\363\307\033\032\263\233"
 169      2DA472A3 
 169      7EE13151 
 169      F3C71B1A 
 169      B39B
 170 02a1 C000D356 		.ascii	"\300\000\323V]?(\335\002A\304G\311\0168\371_\361\307"
 170      5D3F28DD 
 170      0241C447 
 170      C90E38F9 
 170      5FF1C7
 171 02b4 22FC8508 		.ascii	"\"\374\205\010\321~\321/\006\333\211h!\026b\267\224"
 171      D17ED12F 
 171      06DB8968 
 171      211662B7 
 171      94
 172 02c5 418F3E4F 		.ascii	"A\217>O\310\307\241b\237HKh\316\001\350`\011\012\025"
 172      C8C7A162 
 172      9F484B68 
 172      CE01E860 
 172      090A15
 173 02d8 C5DA10BB 		.ascii	"\305\332\020\273\245\317O\260Y\314\016\216\371\330/"
 173      A5CF4FB0 
 173      59CC0E8E 
 173      F9D82F
 174 02e7 D9E775AA 		.ascii	"\331\347u\252\015\361\213\213\206G\017\374\030\177k"
 174      0DF18B8B 
 174      86470FFC 
 174      187F6B
 175 02f6 43CAC08E 		.ascii	"C\312\300\216\263FJ\241\035\360\2566\304\362\204d\317"
 175      B3464AA1 
 175      1DF0AE36 
 175      C4F28464 
 175      CF
 176 0307 0FB65788 		.ascii	"\017\266W\210\263>D3[\354\003\242Q\303\217CC{D\226\222"
 176      B33E4433 
 176      5BEC03A2 
 176      51C38F43 
 176      437B4496 
 177 031c 52F20966 		.ascii	"R\362\011f\227\320\334\255\235,\265!\221H\242\217=\246"
 177      97D0DCAD 
 177      9D2CB521 
 177      9148A28F 
ARM GAS  /tmp/ccUMDGDi.s 			page 13


 177      3DA6
 178 032e 833D26B2 		.ascii	"\203=&\262\014\202\354vKt\037\001\205\260\017\030\360"
 178      0C82EC76 
 178      4B741F01 
 178      85B00F18 
 178      F0
 179 033f B16841CA 		.ascii	"\261hA\312Rh\031\014 \020>\300\177\255\256\213\005,"
 179      5268190C 
 179      20103EC0 
 179      7FADAE8B 
 179      052C
 180 0351 ED7AC4F4 		.ascii	"\355z\304\364\021\004\273\360\211\210t\311k\345\017"
 180      1104BBF0 
 180      898874C9 
 180      6BE50F
 181 0360 4290A75D 		.ascii	"B\220\247]{\004\350c\021\007\210\344O\265!\230\235\304"
 181      7B04E863 
 181      110788E4 
 181      4FB52198 
 181      9DC4
 182 0372 184C8152 		.ascii	"\030L\201Rhx8\370\361\322\316\372'\373\310\001\026\241"
 182      687838F8 
 182      F1D2CEFA 
 182      27FBC801 
 182      16A1
 183 0384 3644C4A1 		.ascii	"6D\304\241h\011\374\"h3-\301\002(i\213\332O\000\372"
 183      6809FC22 
 183      68332DC1 
 183      0228698B 
 183      DA4F00FA 
 184 0398 8FFF08F4 		.ascii	"\217\377\010\364A\320sa\375\024\211v\005\236\373\224"
 184      41D07361 
 184      FD148976 
 184      059EFB94 
 185 03a8 5EF522DF 		.ascii	"^\365\"\337s\000\247\243\244G\000\205\211 \217\352\210"
 185      7300A7A3 
 185      A4470085 
 185      89208FEA 
 185      88
 186 03b9 6B32C872 		.ascii	"k2\310r(t\024>:\0315Yq\2059\023Q?\207\3153\010\256\221"
 186      2874143E 
 186      3A193559 
 186      71853913 
 186      513F87CD 
 187 03d1 1454B282 		.ascii	"\024T\262\202Nq\356W;\237\026\355\012\277\215f\3637"
 187      4E71EE57 
 187      3B9F16ED 
 187      0ABF8D66 
 187      F337
 188 03e3 9DD87E2E 		.ascii	"\235\330~.\030\"\026},\000Y\031\304\223\225\310\222"
 188      1822167D 
 188      2C005919 
 188      C49395C8 
 188      92
 189 03f4 5507C43D 		.ascii	"U\007\304=\251\270\2644\274\013\302\356\371\375\321"
 189      A9B8B434 
 189      BC0BC2EE 
ARM GAS  /tmp/ccUMDGDi.s 			page 14


 189      F9FDD1
 190 0403 D4E3EF00 		.ascii	"\324\343\357\000\324R\036w\221\274\233\221Z\321T9\261"
 190      D4521E77 
 190      91BC9B91 
 190      5AD15439 
 190      B1
 191 0414 575A9ABF 		.ascii	"WZ\232\277\251\261.{W\367o\375%S\020.!\000~\224\363"
 191      A9B12E7B 
 191      57F76FFD 
 191      2553102E 
 191      21007E94 
 192 0429 AA807702 		.ascii	"\252\200w\002\334\006@?%\263\203\005\262)\230N\274\233"
 192      DC06403F 
 192      25B38305 
 192      B229984E 
 192      BC9B
 193 043b 9A333FCC 		.ascii	"\2323?\314\230\214\357\003<\220'\221C\014\264\366\376"
 193      988CEF03 
 193      3C902791 
 193      430CB4F6 
 193      FE
 194 044c 91B9C408 		.ascii	"\221\271\304\010\252\327@\010\230\271~\252.@\032\264"
 194      AAD74008 
 194      98B97EAA 
 194      2E401AB4 
 195 045c 0079C803 		.ascii	"\000y\310\003\344\326\271\013\031\355$\201u\200\233"
 195      E4D6B90B 
 195      19ED2481 
 195      75809B
 196 046b 4E98B9E3 		.ascii	"N\230\271\343\236\324\222J\217Q\310G|\322\243\313SS"
 196      9ED4924A 
 196      8F51C847 
 196      7CD2A3CB 
 196      5353
 197 047d A1571A5A 		.ascii	"\241W\032Z\247\2411\267\240\367\367S\263\373\3400\334"
 197      A7A131B7 
 197      A0F7F753 
 197      B3FBE030 
 197      DC
 198 048e 5315BAC7 		.ascii	"S\025\272\307.$#\204\033\254V$\233\345[L\361\247C(\215"
 198      2E242384 
 198      1BAC5624 
 198      9BE55B4C 
 198      F1A74328 
 199 04a3 570B66D5 		.ascii	"W\013f\325r\306{9\343\232\362\323\373\"Zb\214\025\004"
 199      72C67B39 
 199      E39AF2D3 
 199      FB225A62 
 199      8C1504
 200 04b6 7EE28C97 		.ascii	"~\342\214\227_\337T\330NS\247YS\347\005\376\220G2\223"
 200      5FDF54D8 
 200      4E53A759 
 200      53E705FE 
 200      90473293 
 201 04ca 4A912C0E 		.ascii	"J\221,\016\025\310\336P\376xR$7\361qA;\376X&\222\335"
 201      15C8DE50 
 201      FE785224 
ARM GAS  /tmp/ccUMDGDi.s 			page 15


 201      37F17141 
 201      3BFE5826 
 202 04e0 ED047249 		.ascii	"\355\004rI~,\021\311t\213@VY\370\243_\344\275\002[d"
 202      7E2C11C9 
 202      748B4056 
 202      59F8A35F 
 202      E4BD025B 
 203 04f5 BF44F6C8 		.ascii	"\277D\366\310\003\221\310\377\352\246\035\317\300\342"
 203      0391C8FF 
 203      EAA61DCF 
 203      C0E2
 204 0503 97CB2B76 		.ascii	"\227\313+v*\354\027\242\333\305\302\002>\367\252,\205"
 204      2AEC17A2 
 204      DBC5C202 
 204      3EF7AA2C 
 204      85
 205 0514 406A90F0 		.ascii	"@j\220\360\3440Y\012\344\021&\220\203aT\221;M\323\352"
 205      E430590A 
 205      E4112690 
 205      83615491 
 205      3B4DD3EA 
 206 0528 2299F6E3 		.ascii	"\"\231\366\343\230\362\025\263N\236\015jIy,\235\260"
 206      98F215B3 
 206      4E9E0D6A 
 206      49792C9D 
 206      B0
 207 0539 5C64CA1F 		.ascii	"\\d\312\037\364\3379\252[\3134Q\345\236.\312\305\267"
 207      F4DF39AA 
 207      5BCB3451 
 207      E59E2ECA 
 207      C5B7
 208 054b 4C20D790 		.ascii	"L \327\220\3073l\013\303\331\234\306\025\247\002\374"
 208      C7336C0B 
 208      C3D99CC6 
 208      15A702FC 
 209 055b 030B6296 		.ascii	"\003\013b\226\250\372G]\372\335oB4\242Y\032\321\225"
 209      A8FA475D 
 209      FADD6F42 
 209      34A2591A 
 209      D195
 210 056d 9CEBD91D 		.ascii	"\234\353\331\035G:3AW\212L\322\225\347\227\236l\321"
 210      473A3341 
 210      578A4CD2 
 210      95E7979E 
 210      6CD1
 211 057f E557A1A4 		.ascii	"\345W\241\244\331|\316\262\212\027\033t\333\204U\032"
 211      D97CCEB2 
 211      8A171B74 
 211      DB84551A 
 212 058f D1D50820 		.ascii	"\321\325\010 [\302\005r \234K\374\237\010/>v\240&\264"
 212      5BC20572 
 212      209C4BFC 
 212      9F082F3E 
 212      76A026B4 
 213 05a3 25ABAE63 		.ascii	"%\253\256cV]K\255\332\035^\003\273\010\344\002\323\354"
 213      565D4BAD 
 213      DA1D5E03 
ARM GAS  /tmp/ccUMDGDi.s 			page 16


 213      BB08E402 
 213      D3EC
 214 05b5 CCCDEDDB 		.ascii	"\314\315\355\333#\351N\247\326_:\231\0100\020\372\013"
 214      23E94EA7 
 214      D65F3A99 
 214      083010FA 
 214      0B
 215 05c6 B0414404 		.ascii	"\260AD\004V\217\034\021\326\213\010Z\232\232\2679\274"
 215      568F1C11 
 215      D68B085A 
 215      9A9AB739 
 215      BC
 216 05d7 23AF32FF 		.ascii	"#\2572\377\003\033E\230'\302\\\024\0016\211\214:\227"
 216      031B4598 
 216      27C25C14 
 216      0136898C 
 216      3A97
 217 05e9 E1265FEB 		.ascii	"\341&_\353\354`R\303H\257j\332\231g\321\304\177\240"
 217      EC6052C3 
 217      48AF6ADA 
 217      9967D1C4 
 217      7FA0
 218 05fb 79D936A6 		.ascii	"y\3316\246_\347\015?\035\3736\214oL\330\036\205\346"
 218      5FE70D3F 
 218      1DFB368C 
 218      6F4CD81E 
 218      85E6
 219 060d 89C21BD9 		.ascii	"\211\302\033\331g\242\266`pO\355\212\324\341;\021vk"
 219      67A2B660 
 219      704FED8A 
 219      D4E13B11 
 219      766B
 220 061f EC62D542 		.ascii	"\354b\325B\234\225\271\237\027\342\325\"d2\214B\233"
 220      9C95B99F 
 220      17E2D522 
 220      64328C42 
 220      9B
 221 0630 01E57DC1 		.ascii	"\001\345}\301\312Lu_\360\255\001\264BT)\345g\312%\035"
 221      CA4C755F 
 221      F0AD01B4 
 221      425429E5 
 221      67CA251D 
 222 0644 E3678901 		.ascii	"\343g\211\001\224\252\202r33\225Z\274\306\314\214\323"
 222      94AA8272 
 222      3333955A 
 222      BCC6CC8C 
 222      D3
 223 0655 C9D17865 		.ascii	"\311\321xe\230y\241@Z\221\336\"b%d{\302\335\324\203"
 223      9879A140 
 223      5A91DE22 
 223      6225647B 
 223      C2DDD483 
 224 0669 2057849D 		.ascii	" W\204\235\"l\027a\207\010\273D\310\307\271\"\344\211"
 224      226C1761 
 224      8708BB44 
 224      C8C7B922 
 224      E489
ARM GAS  /tmp/ccUMDGDi.s 			page 17


 225 067b 5080A3A2 		.ascii	"P\200\243\242\274\237\332\313%\330&\302V\003\365E\232"
 225      BC9FDACB 
 225      25D826C2 
 225      5603F545 
 225      9A
 226 068c 045B149B 		.ascii	"\004[\024\233\244\213\260\314\000\372F\003\025\350\324"
 226      A48BB0CC 
 226      00FA4603 
 226      15E8D4
 227 069b 5D6C5657 		.ascii	"]lVW6\3346M\231\245fJ\010\"\215l\211o\246\025\226\207"
 227      36DC364D 
 227      99A5664A 
 227      08228D6C 
 227      896FA615 
 228 06b1 479934DB 		.ascii	"G\2314\333+\276\245fHb\313\223\374\323\221\232\227\354"
 228      2BBEA566 
 228      4862CB93 
 228      FCD3919A 
 228      97EC
 229 06c3 D378EDE7 		.ascii	"\323x\355\347Qp\241.\375\220\342|\331\"\366\252\356"
 229      5170A12E 
 229      FD90E27C 
 229      D922F6AA 
 229      EE
 230 06d4 5024B28C 		.ascii	"P$\262\214\301\275\257\011\310\364\366\024\177*+k\177"
 230      C1BDAF09 
 230      C8F4F614 
 230      7F2A2B6B 
 230      7F
 231 06e5 7B63ACA2 		.ascii	"{c\254\242<\272\335\367\372\372\265sA\343\370\275\306"
 231      3CBADDF7 
 231      FAFAB573 
 231      41E3F8BD 
 231      C6
 232 06f6 B19486D5 		.ascii	"\261\224\206\325\252\366\234`\003\220\303\214\340\341"
 232      AAF69C60 
 232      0390C38C 
 232      E0E1
 233 0704 BA853B22 		.ascii	"\272\205;\"4\374F\015\177\230\342o\312\370Z \251\021"
 233      34FC460D 
 233      7F98E26F 
 233      CAF85A20 
 233      A911
 234 0716 02D91321 		.ascii	"\002\331\023!gh W\360\321\037)g1 y\221\002\271\"?\236"
 234      67682057 
 234      F0D11F29 
 234      67312079 
 234      9102B922 
 235 072c 04B2B883 		.ascii	"\004\262\270\203@\212:\310\011\007\310m\3716\007X\024"
 235      408A3AC8 
 235      0907C86D 
 235      F9360758 
 235      14
 236 073d 9558C8CC 		.ascii	"\225X\310\314wxO6\220,\3716\015\310\301w\004r\343\035"
 236      77784F36 
 236      902CF936 
 236      0DC8C177 
ARM GAS  /tmp/ccUMDGDi.s 			page 18


 236      0472E31D 
 237 0751 16BAA56B 		.ascii	"\026\272\245k\212\202\214\212\326\210pYKJ[\253N\315"
 237      8A828C8A 
 237      D6887059 
 237      4B4A5BAB 
 237      4ECD
 238 0763 D7A5F9CB 		.ascii	"\327\245\371\313\232\340W\250\340/d\242\213\200\254"
 238      9AE057A8 
 238      E02F64A2 
 238      8B80AC
 239 0772 E988A9A4 		.ascii	"\351\210\251\244\243\234\271\371\311&\234\037%\220\031"
 239      A39CB9F9 
 239      C9269C1F 
 239      259019
 240 0781 8ECD8BE2 		.ascii	"\216\315\213\342\261\375;\262T\276\353OV\313w}\310\366"
 240      B1FD3BB2 
 240      54BEEB4F 
 240      56CB777D 
 240      C8F6
 241 0793 28ACA3D8 		.ascii	"(\254\243\330\316\262\236_\340v\210\260+f\321(*\307"
 241      CEB29E5F 
 241      E07688B0 
 241      2B66D128 
 241      2AC7
 242 07a5 D315F77B 		.ascii	"\323\025\367{\321\024s\017\253v\220 g:x,\"\004}\344"
 242      D114730F 
 242      AB769020 
 242      673A782C 
 242      22047DE4 
 243 07b9 91080F45 		.ascii	"\221\010\017ER\213\363\233\260\371\243qF\307\243i\217"
 243      528BF39B 
 243      B0F9A371 
 243      46C7A369 
 243      8F
 244 07ca 1646F456 		.ascii	"\026F\364VR\003"
 244      5203
 245 07d0 D5E044EA 		.ascii	"\325\340D\352\256S\340\237\321\237\232\377)\356\270"
 245      AE53E09F 
 245      D19F9AFF 
 245      29EEB8
 246 07df 4496A978 		.ascii	"D\226\251xJ\030\310\"\24425)\007#\344\211\010\015l\\"
 246      4A18C822 
 246      A4323529 
 246      0723E489 
 246      080D6C5C 
 247 07f3 49A81471 		.ascii	"I\250\024q\207o\314/\246:\323\020\202$\356\005\220\250"
 247      876FCC2F 
 247      A63AD310 
 247      8224EE05 
 247      90A8
 248 0805 1319E092 		.ascii	"\023\031\340\222\012\270\033\000\270\303\001U*\240>"
 248      0AB81B00 
 248      B8C30155 
 248      2AA03E
 249 0814 0020EFFD 		.ascii	"\000 \357\375\253U\300\203\000\300}N\241&\225\0052\206"
 249      AB55C083 
 249      00C07D4E 
ARM GAS  /tmp/ccUMDGDi.s 			page 19


 249      A1269505 
 249      3286
 250 0826 5F2D03B4 		.ascii	"_-\003\264z\360\272-\302-t\360g\014\205v\362\023h\022"
 250      7AF0BA2D 
 250      C22D74F0 
 250      670C8576 
 250      F2136812 
 251 083a E1B9082F 		.ascii	"\341\271\010/Dx)\302O\"4\213\360J\311\017\307U\276\215"
 251      447829C2 
 251      4F22348B 
 251      F04AC90F 
 251      C755BE8D 
 252 084e 017CF1AC 		.ascii	"\001|\361\254\260&ZvQ\276b%\301\344H\264|+\221\272h"
 252      B0265A76 
 252      51BE6225 
 252      C1E448B4 
 252      7C2B91BA 
 253 0863 ACE99D38 		.ascii	"\254\351\2358\340w\274S \373\344\216\020\\\276\202\363"
 253      E077BC53 
 253      20FBE48E 
 253      105CBE82 
 253      F3
 254 0874 F3F787B5 		.ascii	"\363\367\207\265TW\346\021ZW\346\022\304\344\325\246"
 254      5457E611 
 254      5A57E612 
 254      C4E4D5A6 
 255 0884 9E23FA0A 		.ascii	"\236#\372\0121\233p\215\346\023\206\303}\202L\261?\361"
 255      319B708D 
 255      E61386C3 
 255      7D824CB1 
 255      3FF1
 256 0896 7716C86A 		.ascii	"w\026\310jl\245\330\032:S\007Y\360\240\246\032\214\236"
 256      6CA5D81A 
 256      3A530759 
 256      F0A0A61A 
 256      8C9E
 257 08a8 BC84C037 		.ascii	"\274\204\3007D\365\344\363+\362\363t\225\020G\024\031"
 257      44F5E4F3 
 257      2BF2F374 
 257      95104714 
 257      19
 258 08b9 961206B8 		.ascii	"\226\022\006\270^\226\221\031\316\352\353R\302\352k"
 258      5E969119 
 258      CEEAEB52 
 258      C2EA6B
 259 08c8 53FE812D 		.ascii	"S\376\201-\242Z_\307\253\336\260\034\345Y\306\347T\256"
 259      A25A5FC7 
 259      ABDEB01C 
 259      E559C6E7 
 259      54AE
 260 08da 5FEAD468 		.ascii	"_\352\324h.\327h\246Qygw\021\310\006lg\260\275\304\266"
 260      2ED768A6 
 260      51796777 
 260      11C8066C 
 260      67B0BDC4 
 261 08ef B1AB404E 		.ascii	"\261\253@Nc{\211m\363\317\260\037[#\266\245\357\"\255"
 261      637B896D 
ARM GAS  /tmp/ccUMDGDi.s 			page 20


 261      F3CFB01F 
 261      5B23B6A5 
 261      EF22AD
 262 0902 DE2BAF7D 		.ascii	"\336+\257}\227\023\322[\177\324V\316\333\271s\322\225"
 262      9713D25B 
 262      7FD456CE 
 262      DBB973D2 
 262      95
 263 0913 05CF24B0 		.ascii	"\005\317$\260N\343\242;\0156/W k\014\220\330\000\227"
 263      4EE3A23B 
 263      0D362F57 
 263      206B0C90 
 263      D80097
 264 0926 984E6835 		.ascii	"\230Nh5\241\266YGm\003k\011l\"\260\215\300.\002\033"
 264      A1B65947 
 264      6D036B09 
 264      6C22B08D 
 264      C02E021B 
 265 093a 086C26F0 		.ascii	"\010l&\360\035\201\355\004v\022\310%\220G \207\300\016"
 265      1D81ED04 
 265      7612C825 
 265      90472087 
 265      C00E
 266 094c 025B096C 		.ascii	"\002[\011l$\260\205\300z\"{K\216*\323L\003C}\361\\\230"
 266      24B085C0 
 266      7A227B4B 
 266      8E2AD34C 
 266      03437DF1 
 267 0962 2E979334 		.ascii	".\227\2234B3\202\016U\242;z\317J\227+\305a\021V\032"
 267      4233820E 
 267      55A23B7A 
 267      CF4A972B 
 267      C5611156 
 268 0977 50DA51B6 		.ascii	"P\332Q\266!+]+:\013\014\240YD5\302\013\325\010\253M"
 268      212B5D2B 
 268      3A0B0CA0 
 268      594435C2 
 268      0BD508AB 
 269 098c 4690836B 		.ascii	"F\220\203k\266*v\226\231\025/\261\271+\323\203h \314"
 269      B62A7696 
 269      99152FB1 
 269      B92BD383 
 269      6820CC
 270 099f 27308761 		.ascii	"'0\207a\024Gd\234d:\231*\235E\006:\0135L\303\253\345"
 270      1447649C 
 270      643A992A 
 270      9D45063A 
 270      0B354CC3 
 271 09b5 B2625744 		.ascii	"\262bWDXe@Uh\212\315\327)\266\302\000\322\275\350\310"
 271      58654055 
 271      688ACDD7 
 271      29B6C200 
 271      D2BDE8C8 
 272 09c9 9DABB2FB 		.ascii	"\235\253\262\373\326\354\0012&]\305\244\232E\342\006"
 272      D6EC0132 
 272      265DC5A4 
 272      9A45E206 
ARM GAS  /tmp/ccUMDGDi.s 			page 21


 273 09d9 5AA042D2 		.ascii	"Z\240B\322\315\313\301!\363TH\206Y\032.\362\353\345"
 273      CDCBC121 
 273      F3544886 
 273      591A2EF2 
 273      EBE5
 274 09eb DA82659B 		.ascii	"\332\202e\233\365\242\265}\367\273\0029A\335ZL[W\267"
 274      F5A2B57D 
 274      F7BB0239 
 274      41DD5A4C 
 274      5B57B7
 275 09fe 35D81898 		.ascii	"5\330\030\230{\010\344k\2019m\317E\233\026C\371\032"
 275      7B08E46B 
 275      81396DCF 
 275      459B1643 
 275      F91A
 276 0a10 B1021A43 		.ascii	"\261\002\032C\267\221\320\224n\030\355\330\212\273Q"
 276      B791D094 
 276      6E18EDD8 
 276      8ABB51
 277 0a1f 7CF1F9C6 		.ascii	"|\361\371\306\203\301-\345\222\"\226Kb\351\333\263\312"
 277      83C12DE5 
 277      9222964B 
 277      62E9DBB3 
 277      CA
 278 0a30 F21D1134 		.ascii	"\362\035\0214\225\324\312\251\204\247\262b\302@\002"
 278      95D4CAA9 
 278      84A7B262 
 278      C24002
 279 0a3f 398AC4CE 		.ascii	"9\212\304\316u\343\351\253+\271\211OO)\351\016/\327"
 279      75E3E9AB 
 279      2BB9894F 
 279      4F29E90E 
 279      2FD7
 280 0a51 CF3D0C4A 		.ascii	"\317=\014J\004R\221\252\237\357\324\227\214\303\304"
 280      045291AA 
 280      9FEFD497 
 280      8CC3C4
 281 0a60 5032E4A8 		.ascii	"P2\344\250\302p\342\036\002\007\011\205`T\035#p\210"
 281      C270E21E 
 281      02070985 
 281      60541D23 
 281      7088
 282 0a72 C0110265 		.ascii	"\300\021\002e\004\312\011\034%\360\003\215\033\352\\"
 282      04CA091C 
 282      25F0038D 
 282      1BEA5C
 283 0a81 579E8FA7 		.ascii	"W\236\217\247\316UL`?1\022\224\353\303%\016\340\005"
 283      CE554C60 
 283      3F311294 
 283      EBC3250E 
 283      E005
 284 0a93 C4002825 		.ascii	"\304\000(%<\375?O\224\253\324\367\214\202\276J\311\256"
 284      3CFD3F4F 
 284      94ABD4F7 
 284      8C82BE4A 
 284      C9AE
 285 0aa5 7051A571 		.ascii	"pQ\245q \220\011\007\\V\001%\001\000\271\214U\251\200"
ARM GAS  /tmp/ccUMDGDi.s 			page 22


 285      20900907 
 285      5C560125 
 285      0100B98C 
 285      55A980
 286 0ab8 C60029B0 		.ascii	"\306\000)\260\030,\351.\220\034l%\335i\245\255?\371"
 286      182CE92E 
 286      901C6C25 
 286      DD69A5AD 
 286      3FF9
 287 0aca B42A4C49 		.ascii	"\264*LIWQ\254\322*\021]@`7\201\312\026\375\265a\277"
 287      5751ACD2 
 287      2A115D40 
 287      603781CA 
 287      16FDB561 
 288 0adf CEF34F18 		.ascii	"\316\363O\030P\332&\375h\272\026B{\015\030\375\013\276"
 288      50DA26FD 
 288      68BA1642 
 288      7B0D18FD 
 288      0BBE
 289 0af1 E274F9C5 		.ascii	"\342t\371\305\\\205\001\242EYnE\272\262\367-4\313\303"
 289      5C8501A2 
 289      45596E45 
 289      BAB2F72D 
 289      34CBC3
 290 0b04 5915E9C4 		.ascii	"Y\025\351\3049n\022GN\015U\351A\224\016\272\374\014"
 290      396E1247 
 290      4E0D55E9 
 290      41940EBA 
 290      FC0C
 291 0b16 06E1E954 		.ascii	"\006\341\351T\215\016\012)O\017\242\313\2036\333\307"
 291      8D0E0A29 
 291      4F0FA2CB 
 291      8336DBC7 
 292 0b26 204AF650 		.ascii	" J\366PbC\313\305S\011L!l\307U\311\274\346\024\201s"
 292      6243CBC5 
 292      53094C21 
 292      6CC755C9 
 292      BCE61481 
 293 0b3b 04CE10B8 		.ascii	"\004\316\020\270@\3404\201\263\004N\0228O\004y{\032"
 293      40E03481 
 293      B3044E12 
 293      384F0479 
 293      7B1A
 294 0b4d CDCF4640 		.ascii	"\315\317F@\252\250\331\305]\017^\344\006\265\024\007"
 294      AAA8D9C5 
 294      5D0F5EE4 
 294      06B51407 
 295 0b5d 97581CF4 		.ascii	"\227X\034\364G\310\303\005\257f\204\350K\252\342*5\204"
 295      47C8C305 
 295      AF6684E8 
 295      4BAAE22A 
 295      3584
 296 0b6f C104F204 		.ascii	"\301\004\362\004Wq\346{X\202\260ea\333\214m7\266\022"
 296      5771E67B 
 296      5882B065 
 296      61DB8C6D 
 296      37B612
ARM GAS  /tmp/ccUMDGDi.s 			page 23


 297 0b82 6CE5D8AA 		.ascii	"l\345\330\252\260\335\301\366\034\333\214\036\002\231"
 297      B0DDC1F6 
 297      1CDB8C1E 
 297      0299
 298 0b90 DF0359C7 		.ascii	"\337\003Y\307\334\315\335?.\260Ni\301PM\240\012\351"
 298      DCCDDD3F 
 298      2EB04E69 
 298      C1504DA0 
 298      0AE9
 299 0ba2 DF2550C7 		.ascii	"\337%P\307\324\372\211\300}\334x\020h$PO\340)\201\307"
 299      D4FA89C0 
 299      7DDC7810 
 299      6824504F 
 299      E02981C7 
 300 0bb6 041E1078 		.ascii	"\004\036\020xN\340\021\201\207\004\032\010\334#\360"
 300      4EE01181 
 300      87041A08 
 300      DC23F0
 301 0bc5 8CC013A5 		.ascii	"\214\300\023\245\270\354kV\274\357\012\243\302\275O"
 301      B8EC6B56 
 301      BCEF0AA3 
 301      C2BD4F
 302 0bd4 F7667383 		.ascii	"\367fs\203\012\300\260\254#\246\235\334\266f%Fn2\002"
 302      0AC0B0AC 
 302      23A69DDC 
 302      B6662546 
 302      6E3202
 303 0be7 8AE23A97 		.ascii	"\212\342:\227\330\254\222\370\221\030I\310\333\254\275"
 303      D8AC92F8 
 303      911849C8 
 303      DBACBD
 304 0bf6 2AE0AA0E 		.ascii	"*\340\252\016\300(\310\241Z\250\"\256\005\"\3440*P\345"
 304      C028C8A1 
 304      5AA822AE 
 304      0522E430 
 304      2A50E5
 305 0c09 B86E9643 		.ascii	"\270n\226C\366\336\255*\225[\001\202 \033\352QE\315"
 305      F6DEAD2A 
 305      955B0182 
 305      201BEA51 
 305      45CD
 306 0c1b 1205D4B0 		.ascii	"\022\005\324\260\224\241#\302\354!\007\364\026\225\310"
 306      94A123C2 
 306      EC2107F4 
 306      1695C8
 307 0c2a ED0022B2 		.ascii	"\355\000\"\262$\233T@m\000@\026c\277\012\270\034hsn"
 307      249B5440 
 307      6D004016 
 307      63BF0AB8 
 307      1C68736E 
 308 0c3e D38DAA2E 		.ascii	"\323\215\252.w\014b\350\322J\276\012\271aVW\306\344"
 308      770C62E8 
 308      D24ABE0A 
 308      B9615657 
 308      C6E4
 309 0c50 34EB324B 		.ascii	"4\3532K]@f\331\200>VL}\254k\346\331\374+\242\356d\317"
 309      5D4066D9 
ARM GAS  /tmp/ccUMDGDi.s 			page 24


 309      803E564C 
 309      7DAC6BE6 
 309      D9FC2BA2 
 310 0c67 3642F332 		.ascii	"6B\3632\224\342\324L`\252dN\030\271\351*b\262\001qS"
 310      94E2D44C 
 310      60AA644E 
 310      18B9E92A 
 310      62B20171 
 311 0c7c 54033423 		.ascii	"T\0034#\203\3050\356p\177\024)\204\357\222e\210l\214"
 311      83C530EE 
 311      707F1429 
 311      84EF9265 
 311      886C8C
 312 0c8f 1C95CC55 		.ascii	"\034\225\314UQO\346\242v\014\336\230\241\245\246Kf\020"
 312      514FE6A2 
 312      760CDE98 
 312      A1A5A64B 
 312      6610
 313 0ca1 8FF48605 		.ascii	"\217\364\206\005\031\273\332\371\347\364\247\212^d\002"
 313      19BBDAF9 
 313      E7F4A78A 
 313      5E6402
 314 0cb0 F1E8D027 		.ascii	"\361\350\320'\0259\033\\\020\341\274\310\212#\2420l"
 314      15391B5C 
 314      10E1BCC8 
 314      8A23A230 
 314      6C
 315 0cc1 5E627690 		.ascii	"^bv\220`\232\004\257\010\274&0K\202\031\022\370%\230"
 315      609A04AF 
 315      08BC2630 
 315      4B821912 
 315      F82598
 316 0cd4 2CC17409 		.ascii	",\301t\011fJr=I\343\332`\006\231\306f\362\244b\330\033"
 316      664A723D 
 316      49E3DA60 
 316      0699C666 
 316      F2A462D8 
 317 0ce9 6E5295A9 		.ascii	"nR\225\2516\310Y\245)\263RQ\0063\344u\003\350\232n?"
 317      36C859A5 
 317      29B35251 
 317      0633E475 
 317      03E89A6E 
 318 0cfe B739434B 		.ascii	"\2679CK\221/\210\211\224\214\312\324\321\272a\246\205"
 318      912F8889 
 318      948CCAD4 
 318      D1BA61A6 
 318      85
 319 0d0f AB7CB107 		.ascii	"\253|\261\007{\037\233u\252J\377\341A6\300l\351\355"
 319      7B1F9B75 
 319      AA4AFFE1 
 319      4136C06C 
 319      E9ED
 320 0d21 0DC0F262 		.ascii	"\015\300\362bo\236\027ER\207\316\363\032[v\317\226^"
 320      6F9E1745 
 320      5287CEF3 
 320      1A5B76CF 
 320      965E
ARM GAS  /tmp/ccUMDGDi.s 			page 25


 321 0d33 EC5D687C 		.ascii	"\354]h|2\213?\027\343\246M\"\273\031\352x\365\376u\341"
 321      328B3F17 
 321      E3A64D22 
 321      BB19EA78 
 321      F5FE75E1 
 322 0d47 C6EDC962 		.ascii	"\306\355\311b\011\226H\352\366$;g\365\006\335\273\276"
 322      099648EA 
 322      F6243B67 
 322      F506DDBB 
 322      BE
 323 0d58 259A36DF 		.ascii	"%\2326\337H\374\210\274\370\352\334\020F\367\033\011"
 323      48FC88BC 
 323      F8EADC10 
 323      46F71B09 
 324 0d68 5225EC29 		.ascii	"R%\354):\260pC\373\226^\314-C-\227\362Y\337M\273\265"
 324      3AB07043 
 324      FB965ECC 
 324      2D432D97 
 324      F259DF4D 
 325 0d7e 55771C59 		.ascii	"Uw\034Y\246\221]\216\000r\244'n}\2605b\233\031#\220"
 325      A6915D8E 
 325      0072A427 
 325      6E7DB035 
 325      629B1923 
 326 0d93 B5D84AB1 		.ascii	"\265\330J\261\235\217\241\223K\013\312k@aIu{8y_u\213"
 326      9D8FA193 
 326      4B0BCA6B 
 326      40614975 
 326      7B38795F 
 327 0da9 AF8AB391 		.ascii	"\257\212\263\221\343J\316\261n_iN\250\3061[\343\270"
 327      E34ACEB1 
 327      6E5F694E 
 327      A8C6315B 
 327      E3B8
 328 0dbb 8A01A2A7 		.ascii	"\212\001\242\247\234;\\\027\246\206\033\333\377\034"
 328      9C3B5C17 
 328      A6861BDB 
 328      FF1C
 329 0dc9 D12D78BA 		.ascii	"\321-x\272\004k%hak^\241}:[`\300\350\213\375Q\035\245"
 329      046B2568 
 329      616B5EA1 
 329      7D3A5B60 
 329      C0E88BFD 
 330 0de0 34332543 		.ascii	"43%C$\314\223`\256\304\326a-s\204\365\022\344H\260I"
 330      24CC9360 
 330      AEC4D661 
 330      2D7384F5 
 330      12E448B0 
 331 0df5 820D12AC 		.ascii	"\202\015\022\254\226\340;\0116J\260F\202u\022/\027\015"
 331      96E03B09 
 331      364AB046 
 331      8275122F 
 331      170D
 332 0e07 9519F239 		.ascii	"\225\031\3629c\225\004Y\006\342\272]k\221\356\303[\246"
 332      63950459 
 332      06E2BA5D 
 332      6B91EEC3 
ARM GAS  /tmp/ccUMDGDi.s 			page 26


 332      5BA6
 333 0e19 01A4658F 		.ascii	"\001\244e\217b\365\203\331\267&\204\234\031\312U\310"
 333      62F583D9 
 333      B726849C 
 333      19CA55C8 
 334 0e29 0A0344FF 		.ascii	"\012\003D\3771\361\230\"\317r\011\026\232M\302\345)"
 334      31F19822 
 334      CF720916 
 334      9A4DC2E5 
 334      29
 335 0e3a D3C99361 		.ascii	"\323\311\223a&\205a\362\210-\366\356\346\302\214\210"
 335      268561F2 
 335      882DF6EE 
 335      E6C28C88 
 336 0e4a 28937536 		.ascii	"(\223u6\277\225u\310\353\030\371U\024\377T\342\357B"
 336      BF9575C8 
 336      EB18F955 
 336      14FF54E2 
 336      EF42
 337 0e5c 96BD4FA9 		.ascii	"\226\275O\251fm>\261Y\367bg\257\366fu\007w\2279\213"
 337      666D3EB1 
 337      59F76267 
 337      AFF66675 
 337      07779739 
 338 0e71 1E66731F 		.ascii	"\036fs\037\333\301}\254\342dV]\004\353\300m\177\036"
 338      DBC17DAC 
 338      E264565D 
 338      04EBC06D 
 338      7F1E
 339 0e83 F5F3A34B 		.ascii	"\365\363\243Kglm\257|8\330I{\374\217N\036\221\224\236"
 339      676C6DAF 
 339      7C38D849 
 339      7BFC8F4E 
 339      1E91949E 
 340 0e97 5DB4E7DC 		.ascii	"]\264\347\334\275\213\265\026\245g7\355\251{\275\354"
 340      BD8BB516 
 340      A56737ED 
 340      A97BBDEC 
 341 0ea7 4498D2B3 		.ascii	"D\230\322\263\207\3664.^\376\254\305\027\331\005\250"
 341      87F6342E 
 341      5EFEACC5 
 341      17D905A8 
 342 0eb7 673E17E7 		.ascii	"g>\027\347\365\271\324\027A\232\274\005\232\265\012"
 342      F5B9D417 
 342      419ABC05 
 342      9AB50A
 343 0ec6 19E0DF4B 		.ascii	"\031\340\337K\253W\255\023{\233\376\214_\256s\013\362"
 343      AB57AD13 
 343      7B9BFE8C 
 343      5FAE730B 
 343      F2
 344 0ed7 94547852 		.ascii	"\224TxR\204\012\215\310q\355E\355\025\025\362\022\364"
 344      840A8DC8 
 344      71ED45ED 
 344      1515F212 
 344      F4
 345 0ee8 90262DA1 		.ascii	"\220&-\241\226\253\220\003\006*\305\032\225j\0252\335"
ARM GAS  /tmp/ccUMDGDi.s 			page 27


 345      96AB9003 
 345      062AC51A 
 345      956A1532 
 345      DD
 346 0ef9 0099A62B 		.ascii	"\000\231\246+2\333T\314\031\003\346\224F\346\262\012"
 346      32DB54CC 
 346      1903E694 
 346      46E6B20A 
 347 0f09 796D10E6 		.ascii	"ym\020\346\225n\377pQ\305L5\220\231\254\221\271\244"
 347      956EFF70 
 347      51C54C35 
 347      9099AC91 
 347      B9A4
 348 0f1b 42A69821 		.ascii	"B\246\230!\262\323\326\346\311N\373\002\340\271Ys\031"
 348      B2D3D6E6 
 348      C94EFB02 
 348      E0B95973 
 348      19
 349 0f2c B5354F3B 		.ascii	"\2655O;\373\2353\320:\253\243\2657O\213\366\012\003"
 349      FB9D33D0 
 349      3AABA3B5 
 349      374F8BF6 
 349      0A03
 350 0f3e EAA826D4 		.ascii	"\352\250&\324\011U\250\331\006\310L\255,\025\351\270"
 350      0955A8D9 
 350      06C84CAD 
 350      2C15E9B8 
 351 0f4e 951B4065 		.ascii	"\225\033@e:;\346sB\2109m\266\243\\\207\267\344a\035"
 351      3A3BE673 
 351      4288396D 
 351      B6A35C87 
 351      B7E4611D 
 352 0f62 46427324 		.ascii	"FBs$\250d ^m\214\377\235\240BaW\212\347\"\363\312\312"
 352      A864205E 
 352      6D8CFF9D 
 352      A0426157 
 352      8AE722F3 
 353 0f78 ECCA5476 		.ascii	"\354\312Tv\207\014\230\203:\003\334\321\031\340\231"
 353      870C9883 
 353      3A03DCD1 
 353      19E099
 354 0f87 C1988D81 		.ascii	"\301\230\215\201/\351r%\330\206\227\255\022Ea<\237\225"
 354      2FE97225 
 354      D88697AD 
 354      1245613C 
 354      9F95
 355 0f99 A05C8283 		.ascii	"\240\\\202\203\022\024K"
 355      12144B
 356 0fa0 50869189 		.ascii	"P\206\221\211\242JpH\202\343\022\234\227\340\007\011"
 356      A24A7048 
 356      82E3129C 
 356      97E00709 
 357 0fb0 4E497054 		.ascii	"NIpT\202\375\022\034\221\340\264\004\207%8#\301\011"
 357      82FD121C 
 357      91E0B404 
 357      87253823 
 357      C109
ARM GAS  /tmp/ccUMDGDi.s 			page 28


 358 0fc2 098A24F8 		.ascii	"\011\212$\370^\002\014\216\223\022\224H\260O\202\003"
 358      5E020C8E 
 358      93129448 
 358      B04F8203 
 359 0fd2 121C93E0 		.ascii	"\022\034\223\340\234\222&\367\351\254y\314\274*\262"
 359      9C9226F7 
 359      E9AC79CC 
 359      BC2AB2
 360 0fe1 E8553AD1 		.ascii	"\350U:\321g\230}\227\257]\215\272v~\321\344\227r.U!"
 360      67987D97 
 360      AF5D8DBA 
 360      767ED1E4 
 360      97722E55 
 361 0ff6 3F98CDC4 		.ascii	"?\230\315\304\014\320p<\257\200"
 361      0CD0703C 
 361      AF80
 362 1000 2D4A9108 		.ascii	"-J\221\010\363\031Fy-?Gs\201J\2358\263\314~\"\237\313"
 362      F3194679 
 362      2D3F4773 
 362      814A9D38 
 362      B3CC7E22 
 363 1016 36E7B15D 		.ascii	"6\347\261]\320\026\011\3463;\362$\251?I\336U\334\273"
 363      D01609E6 
 363      333BF224 
 363      A93F49DE 
 363      55DCBB
 364 1029 5082ED92 		.ascii	"P\202\355\222iE\2243\251\216\333\021\263\303qR\205:"
 364      69459433 
 364      A98EDB11 
 364      B3C37152 
 364      853A
 365 103b 3B9E30A7 		.ascii	";\2360\247\021\372\376\343\020K\262\033\216\3359\321"
 365      11FAFEE3 
 365      104BB21B 
 365      8EDD39D1 
 366 104b 3ECAB4D4 		.ascii	">\312\264\324\225\377\277KM\223w\346a\335\007\221*M"
 366      95FFBF4B 
 366      4D9377E6 
 366      61DD0791 
 366      2A4D
 367 105d C06A9E4D 		.ascii	"\300j\236Mo,\336\\\324\376\347\225~\177S\365\326y\325"
 367      6F2CDE5C 
 367      D4FEE795 
 367      7E7F53F5 
 367      D679D5
 368 1070 C105F97E 		.ascii	"\301\005\371~<AVK\360\224\375\217\017\005\374\024\177"
 368      3C41564B 
 368      F094FD8F 
 368      0F05FC14 
 368      7F
 369 1081 C8E25E02 		.ascii	"\310\342^\002\331\331\213\027\021\372\232v}U\365Z\261"
 369      D9D98B17 
 369      11FA9A76 
 369      7D55F55A 
 369      B1
 370 1092 A563E715 		.ascii	"\245c\347\025\211\036;k\0011'_\337\312n\247?w\226\022"
 370      891E3B6B 
ARM GAS  /tmp/ccUMDGDi.s 			page 29


 370      0131275F 
 370      DFCA6EA7 
 370      3F779612 
 371 10a6 B84C97E3 		.ascii	"\270L\227\343\252\304p\0029\215Tk\2605`\233\372\201"
 371      AAC47002 
 371      398D546B 
 371      B035609B 
 371      FA81
 372 10b8 4096605B 		.ascii	"@\226`[\205-\017\333\301\017\350\227\275\031\367g\227"
 372      852D0FDB 
 372      C10FE897 
 372      BD19F767 
 372      97
 373 10c9 471AB7FF 		.ascii	"G\032\267\377M\2057\374{:n\331\311\276\354\321s\233"
 373      4D8537FC 
 373      7B3A6ED9 
 373      C9BEECD1 
 373      739B
 374 10db 040F24F3 		.ascii	"\004\017$\363\273\215mK\234\332\331\320\000\340\347"
 374      BB8D6D4B 
 374      9CDAD9D0 
 374      00E0E7
 375 10ea 987DEAF8 		.ascii	"\230}\352\370\215\000\002u\374\274U\274\204\275\377"
 375      8D000275 
 375      FCBC55BC 
 375      84BDFF
 376 10f9 BB2AD1F3 		.ascii	"\273*\321\363\026\002\024\351+\264\263P\221J\343\232"
 376      160214E9 
 376      2BB4B350 
 376      914AE39A 
 377 1109 8E86F105 		.ascii	"\216\206\361\005<\250/\340k\031\006-\373X\202\273\022"
 377      3CA82FE0 
 377      6B19062D 
 377      FB5882BB 
 377      12
 378 111a DC91E091 		.ascii	"\334\221\340\221\004\015\022\324KP'\301C\011\356KpO"
 378      040D12D4 
 378      4B5027C1 
 378      4309EE4B 
 378      704F
 379 112c 523ED3A9 		.ascii	"R>\323\251\244o\006\210'\237K\013U\300\255\000\200r"
 379      A46F0688 
 379      279F4B0B 
 379      55C0AD00 
 379      8072
 380 113e 925301D7 		.ascii	"\222S\001\327\003-$\237JU\300\355\000\200\374\212i\353"
 380      032D249F 
 380      4A55C0ED 
 380      0080FC8A 
 380      69EB
 381 1150 12DDA700 		.ascii	"\022\335\247\000\003\000\267%7p\215\246\367\026HVo\371"
 381      0300B725 
 381      37708DA6 
 381      F7164856 
 381      6FF9
 382 1162 CBBC48F2 		.ascii	"\313\274H\362{\343\222E\324\337\3366\023t\037\\\236"
 382      7BE39245 
ARM GAS  /tmp/ccUMDGDi.s 			page 30


 382      D4DFDE36 
 382      13741F5C 
 382      9E
 383 1173 A76B0781 		.ascii	"\247k\007\201K\270\215oi\033\224{Oyw\363\304\200\320"
 383      4BB88D6F 
 383      691B947B 
 383      4F7977F3 
 383      C480D0
 384 1186 BD21BDA3 		.ascii	"\275!\275\243{1\323h\000i\321]\247\276C\006xj\302\310"
 384      7B31D368 
 384      0069D15D 
 384      A7BE4306 
 384      786AC2C8 
 385 119a 35A03E1D 		.ascii	"5\240>\035k\300\214\376T\241\032\206QN~\346W3\317$Z"
 385      6BC08CFE 
 385      54A11A86 
 385      514E7EE6 
 385      5733CF24 
 386 11af 18E87FF3 		.ascii	"\030\350\177\363x\305\026\256Y\202\027\022\374$\301"
 386      78C516AE 
 386      59821712 
 386      FC24C1
 387 11be 4B099E4B 		.ascii	"K\011\236K\360ZI\251\315\272\367SMf\025\013\331\177"
 387      F05A49A9 
 387      CDBAF753 
 387      4D66150B 
 387      D97F
 388 11d0 E65B71E0 		.ascii	"\346[q\340\3016\375'N\231x}[\304q\332\375\363\373\027"
 388      C136FD27 
 388      4E99787D 
 388      5BC471DA 
 388      FDF3FB17 
 389 11e4 846951EC 		.ascii	"\204iQ\354\017\322\312v\020\377\270\377\270\254V\267"
 389      0FD2CA76 
 389      10FFB8FF 
 389      B8AC56B7 
 390 11f4 87DBA231 		.ascii	"\207\333\2421\237\302\001W7|[\037\254\001t\257\264\246"
 390      9FC20157 
 390      377C5B1F 
 390      AC0174AF 
 390      B4A6
 391 1206 72C08963 		.ascii	"r\300\211ci7\332k\200j]\256\347\200\007\027\233\366"
 391      6937DA6B 
 391      806A5DAE 
 391      E7800717 
 391      9BF6
 392 1218 481A608E 		.ascii	"H\032`\216\006\230\316\001k2\037\225\351d\320\031`\006"
 392      0698CE01 
 392      6B321F95 
 392      E964D019 
 392      6006
 393 122a 07945CDB 		.ascii	"\007\224\\\333\360@GA\367!x&\007\354\272Y\177Q\007x"
 393      F0404741 
 393      F7217826 
 393      07ECBA59 
 393      7F510778 
 394 123e ACE59F59 		.ascii	"\254\345\237Y\010\020>\357\327/\326k\237\020\353\365"
ARM GAS  /tmp/ccUMDGDi.s 			page 31


 394      08103EEF 
 394      D72FD66B 
 394      9F10EBF5 
 395 124e 250D1C10 		.ascii	"%\015\034\020\0337z\330\300\001\3261q\177\370\263\365"
 395      1B377AD8 
 395      C001D631 
 395      717FF8B3 
 395      F5
 396 125f 7367BCC7 		.ascii	"sg\274\307\346\231\024\233\340NJr\273\360\342q\304z"
 396      E699149B 
 396      E04E4A72 
 396      BBF0E271 
 396      C47A
 397 1271 3D09B129 		.ascii	"=\011\261)_[\355\216\257\234\011\016\253\327gK\230`"
 397      5F5BED8E 
 397      AF9C090E 
 397      ABD7674B 
 397      9860
 398 1283 B53BBD09 		.ascii	"\265;\275\011n\227\313\221\340\353\227\020\372\351\360"
 398      6E97CB91 
 398      E0EB9710 
 398      FAE9F0
 399 1292 3131833F 		.ascii	"11\203?\372\255\0204\346\363\021\303?\225\306|6|t\014"
 399      FAAD1034 
 399      E6F311C3 
 399      3F95C67C 
 399      367C740C 
 400 12a6 4EF026DA 		.ascii	"N\360&\332\276rX\023\022m^\257\225\322\263\271\354\326"
 400      BE725813 
 400      126D5EAF 
 400      95D2B3B9 
 400      ECD6
 401 12b8 649BC796 		.ascii	"d\233\307\226\344\3609<\255\001\370S\262\317\323i\314"
 401      E4F0393C 
 401      AD01F853 
 401      B2CFD369 
 401      CC
 402 12c9 9FAD719F 		.ascii	"\237\255q\237\017\372b\250u\360\347\203\342\342\254"
 402      0FFA62A8 
 402      75F0E783 
 402      E2E2AC
 403 12d8 71A3478D 		.ascii	"q\243G\215\031<\272gkt=n\237;\301\235\330\332\2707%"
 403      193CBA67 
 403      6B743D6E 
 403      9F3BC19D 
 403      D8DAB837 
 404 12ed 9E75746F 		.ascii	"\236uto\213\355\273\255\014~\345\264\2676\224\354\264"
 404      8BEDBBAD 
 404      0C7EE5B4 
 404      B73694EC 
 404      B4
 405 12fe B7A689D3 		.ascii	"\267\246\211\323\205j\216\265%8ZU\325\355\362\331\234"
 405      856A8EB5 
 405      25385A55 
 405      D5EDF2D9 
 405      9C
 406 130f 2E87A747 		.ascii	".\207\247G+\000\217\343\257)\016\257\357\275\000K\014"
ARM GAS  /tmp/ccUMDGDi.s 			page 32


 406      2B008FE3 
 406      AF290EAF 
 406      EFBD004B 
 406      0C
 407 1320 1E316CD8 		.ascii	"\0361l\330\240\341Cd\213|\370&\366VWJR\274\303\363\333"
 407      A0E14364 
 407      8B7CF826 
 407      F656574A 
 407      52BCC3F3 
 408 1335 D824972F 		.ascii	"\330$\227/6!\326\227\224\034kw&'\272\223&\330b}\036"
 408      3621D697 
 408      941C6B77 
 408      2627BA93 
 408      26D8627D 
 409 134a 77B233A1 		.ascii	"w\2623\241\377G}\231#\244\374K\337\024o|_\\\350\011"
 409      FF477D99 
 409      23A4FC4B 
 409      DF146F7C 
 409      5F5CE809 
 410 135e 4E5FDFB1 		.ascii	"N_\337\261\023cm\311\311\302\277\375=\256\342t1W\261"
 410      13636DC9 
 410      C9C2BFFD 
 410      3DAEE274 
 410      3157B1
 411 1371 253BFB8D 		.ascii	"%;\373\215\027:\267,w\264\315\223\364\325\357\372&\365"
 411      173AB72C 
 411      77B4CD93 
 411      F4D5EFFA 
 411      26F5
 412 1383 4B42E57F 		.ascii	"KB\345\177m\367&\377zl\262\020\206\323}\216\257\373"
 412      6DF726FF 
 412      7A6CB210 
 412      86D37D8E 
 412      AFFB
 413 1395 260D1C28 		.ascii	"&\015\034(t\263\266\356m\303\376\231\216+\274o\342\244"
 413      74B3B6EE 
 413      6DC3FE99 
 413      8E2BBC6F 
 413      E2A4
 414 13a7 59CDEE48 		.ascii	"Y\315\356HD?\375\231\252\003:\365\320Q\237\014\032<"
 414      443FFD99 
 414      AA033AF5 
 414      D0519F0C 
 414      1A3C
 415 13b9 54B67B47 		.ascii	"T\266{G\363\310\037\376\001S\351\271\243\315:P\211\274"
 415      F3C81FFE 
 415      0153E9B9 
 415      A3CD3A50 
 415      89BC
 416 13cb 93BC3E47 		.ascii	"\223\274>G\022_\325\237\007<+\023\276r\270\354n\217"
 416      125FD59F 
 416      073C2B13 
 416      BE72B8EC 
 416      6E8F
 417 13dd E2223D03 		.ascii	"\342\"=\003Q\011\343m\256q\016\353\330\024W\202\317"
 417      5109E36D 
 417      AE710EEB 
ARM GAS  /tmp/ccUMDGDi.s 			page 33


 417      D8145782 
 417      CF
 418 13ee E97699C6 		.ascii	"\351v\231\306e*\366\261)\326$\267\335\321\247\215q\024"
 418      652AF6B1 
 418      29D624B7 
 418      DDD1A78D 
 418      7114
 419 1400 CDE7B026 		.ascii	"\315\347\260&\331\022\306\243\257\266\005\364yl.\357"
 419      D912C6A3 
 419      AFB605F4 
 419      796C2EEF 
 420 1410 5887C7EA 		.ascii	"X\207\307\352u\376\315\361\3136\200v\007j;\336\352s"
 420      75FECDF1 
 420      CB368076 
 420      076A3BDE 
 420      EA73
 421 1422 2639DC29 		.ascii	"&9\334)\276\017\333@&\330\222m\361\316D\247\317\351"
 421      BE0FDB40 
 421      26D8926D 
 421      F1CE44A7 
 421      CFE9
 422 1434 F09A2CE1 		.ascii	"\360\232,\341q$\271Q\262\211\266\011\216\224d\253\303"
 422      7124B951 
 422      B289B609 
 422      8E9464AB 
 422      C3
 423 1445 658B4F74 		.ascii	"e\213Ot\330M\002\032Q*\301I\335\002\201\311\356\211"
 423      D84D021A 
 423      512AC149 
 423      DD0281C9 
 423      EE89
 424 1457 5476AA6D 		.ascii	"Tv\252m\247\3001o\262\303a7\011\2409\013\017=\233\307"
 424      A7C0316F 
 424      B2C36137 
 424      09A0390B 
 424      0F3D9BC7 
 425 146b 639BF481 		.ascii	"c\233\364\201)\036]c\235\343R<6\272\016r,\006f\251\300"
 425      291E5D63 
 425      9DE3523C 
 425      36BA0E72 
 425      2C0666A9 
 426 1480 58EDD5EA 		.ascii	"X\355\325\352\270\232?\003\023\231\317\346\235\240."
 426      B89A3F03 
 426      1399CFE6 
 426      9DA02E
 427 148f 77A74019 		.ascii	"w\247@\031\022\235\016\227\257\213\211**\353Jp\274\027"
 427      129D0E97 
 427      AF8B892A 
 427      2AEB4A70 
 427      BC17
 428 14a1 D08F50CF 		.ascii	"\320\217P\317\244ViQ\003\245x\243\002z](U\320\230\301"
 428      A4566951 
 428      03A578A3 
 428      027A5D28 
 428      55D098C1 
 429 14b5 7F1C34AA 		.ascii	"\177\0344\252kk\262G\030\323\201\311\376:\033\3666\271"
 429      6B6BB247 
ARM GAS  /tmp/ccUMDGDi.s 			page 34


 429      18D381C9 
 429      FE3A1BF6 
 429      36B9
 430 14c7 04FAC258 		.ascii	"\004\372\302X\252\371D\267g\2025\321\341\032\347\033"
 430      AAF944B7 
 430      678235D1 
 430      E11AE71B 
 431 14d7 FF5E9BA0 		.ascii	"\377^\233\240\337\004\216&b@\244\3300&\234v\023)\323"
 431      DF048E26 
 431      6240A4D8 
 431      30269C76 
 431      1329D3
 432 14ea CAB60836 		.ascii	"\312\266\01069\252\327\347q\272\306\231\250\305\274"
 432      39AAD7E7 
 432      71BAC699 
 432      A8C5BC
 433 14f9 0937A015 		.ascii	"\0117\240\025\217\017$d\035\357\0347\236\373\336\257"
 433      8F0F2464 
 433      1DEF1C37 
 433      9EFBDEAF 
 434 1509 DF3845C3 		.ascii	"\3378E\303\2765\371\261)\211\211oK^\303\266\026\257"
 434      BE35F9B1 
 434      2989896F 
 434      4B5EC3B6 
 434      16AF
 435 151b 6F344320 		.ascii	"o4C \256s\313\200\237\253\016$O\300L\227\354F7\302m"
 435      AE73CB80 
 435      9FAB0E24 
 435      4FC04C97 
 435      EC4637C2 
 436 1530 81DB9D28 		.ascii	"\201\333\235(\207H\217\266Q]Ug\033:|\310\310\021\230"
 436      87488FB6 
 436      515D5567 
 436      1B3A7CC8 
 436      C81198
 437 1543 A2E5B4FD 		.ascii	"\242\345\264\375\213\300y\252\177\032\310\367|\003\314"
 437      8BC079AA 
 437      7F1AC8F7 
 437      7C03CC
 438 1552 343ED6E9 		.ascii	"4>\326\351\361\3724T\237\300qc\032\260;\274\011\036"
 438      F1FA3454 
 438      9FC07163 
 438      1AB03BBC 
 438      091E
 439 1564 67B2CFED 		.ascii	"g\262\317\355\011\035f\373z$\315<\341\361I\203|\350"
 439      091D66FB 
 439      7A24CD3C 
 439      E1F14983 
 439      7CE8
 440 1576 28F1293E 		.ascii	"(\361)>\2077\3029X\217\217\2127<~aKLqD\304\017OI\372"
 440      8737C239 
 440      588F8F8A 
 440      373C7E61 
 440      4B4C7144 
 441 158f 4C952A7C 		.ascii	"L\225*|\342h\267\317\226\37093}\360\230\270?\216\030"
 441      E268B7CF 
 441      96F83933 
ARM GAS  /tmp/ccUMDGDi.s 			page 35


 441      7DF098B8 
 441      3F8E18
 442 15a2 353A327E 		.ascii	"5:2~\210\312g\364\244dGH<\037\356\205\306\031<b\370"
 442      88CA67F4 
 442      A4644748 
 442      3C1FEE85 
 442      C6193C62 
 443 15b7 279F7D3A 		.ascii	"'\237}:f\324\240\321\237\215\030n\03524n\360\250\317"
 443      66D4A0D1 
 443      9F8D186E 
 443      1D32346E 
 443      F0A8CF
 444 15ca 468E1E31 		.ascii	"F\216\0361\25253\031\345\367bqL\3609t{\037\015\206{"
 444      AA353319 
 444      E5F76271 
 444      4CF03974 
 444      7B1F0D86 
 445 15df 8A447535 		.ascii	"\212Du5\264L\246\364heB\256]}UH\340\210\234k\254\311"
 445      B44CA6F4 
 445      686542AE 
 445      5D7D5548 
 445      E0889C6B 
 446 15f5 E36D5E5C 		.ascii	"\343m^\\\201q.\254\233=\333@;|)\311\037\264>>\326\355"
 446      81712EAC 
 446      9B3DDB40 
 446      3B7C29C9 
 446      1FB43E3E 
 447 160b 4109FF96 		.ascii	"A\011\377\226\230\374~\353\030\271&\265\305\205\026"
 447      98FC7EEB 
 447      18B926B5 
 447      C58516
 448 161a 883664C6 		.ascii	"\2106d\306\032\237\214;\007j%%\205j\3168z\324\240\341"
 448      1A9F8C3B 
 448      076A2525 
 448      856ACE38 
 448      7AD4A0E1 
 449 162e 719F0C1D 		.ascii	"q\237\014\035e\332\315\232\3100\235\177\371Vl\022\260"
 449      65DACD9A 
 449      C8309D7F 
 449      F9566C12 
 449      B0
 450 163f 80B78154 		.ascii	"\200\267\201T;xX\376\246u\244\323\025\010\376\260u\260"
 450      3B7858FE 
 450      A675A4D3 
 450      1508FEB0 
 450      75B0
 451 1651 2DC19762 		.ascii	"-\301\227bK\224q\277j\035'_\035v\031\332\257\015\235"
 451      4B9471BF 
 451      6A1D275F 
 451      1D7619DA 
 451      AF0D9D
 452 1664 523C1E2C 		.ascii	"R<\036,>V\273\315g\2632gqx~\321:\\\017\353\325:Lq\274"
 452      3E56BBCD 
 452      67B33267 
 452      71787ED1 
 452      3A5C0FEB 
 453 167d 1E6D9808 		.ascii	"\036m\230\010\203#\346Mn\330\325\354\312\334\351\265"
ARM GAS  /tmp/ccUMDGDi.s 			page 36


 453      8323E64D 
 453      6ED8D5EC 
 453      CADCE9B5 
 454 168d 7DEE90A1 		.ascii	"}\356\220\241_|\246n\020\273\231\361jz\350i\036s9\276"
 454      5F7CA66E 
 454      10BB99F1 
 454      6A7AE869 
 454      1E7339BE 
 455 16a1 D664EDDE 		.ascii	"\326d\355\336\022/%\224\303\254\266D\014\006\266\315"
 455      122F2594 
 455      C3ACB644 
 455      0C06B6CD 
 456 16b1 6A17CF52 		.ascii	"j\027\317R\300W\266\304\210\2114\223\340.\322\341\213"
 456      C057B6C4 
 456      88893493 
 456      E02ED2E1 
 456      8B
 457 16c2 C3810EF1 		.ascii	"\303\201\016\361C\345\231\203\354v\217\303\353\245\247"
 457      43E59983 
 457      EC768FC3 
 457      EBA5A7
 458 16d1 0835179A 		.ascii	"\0105\027\232\342=\332\314\320a\357b\356d\336\337\202"
 458      E23DDACC 
 458      D061EF62 
 458      EE64DEDF 
 458      82
 459 16e2 25B889DE 		.ascii	"%\270\211\336\015L\007\232\320\035i\2722d1o{g\234\303"
 459      0D4C079A 
 459      D01D69BA 
 459      3264316F 
 459      7B679CC3 
 460 16f6 E3B4250E 		.ascii	"\343\264%\016g\0317\3249\322\343\266\247$\370\332;\207"
 460      671937D4 
 460      39D2E3B6 
 460      A724F8DA 
 460      3B87
 461 1708 D95C2963 		.ascii	"\331\\)c\251\177y\034\236v\361\011\366!\214X;\247]F"
 461      A97F791C 
 461      9E76F109 
 461      F6218C58 
 461      3BA75D46 
 462 171c 843AED5F 		.ascii	"\204:\355_\260\355od\274A\347\3764\341Q\350H\3714\250"
 462      B0ED6F64 
 462      BC41E7FE 
 462      34E151E8 
 462      48F934A8 
 463 1730 3CC7A5C4 		.ascii	"<\307\245\304\017\246\273\213p\371\231=\004#e\334\235"
 463      0FA6BB8B 
 463      70F9993D 
 463      042365DC 
 463      9D
 464 1741 7743BBC8 		.ascii	"wC\273\310\353f\262J\247@}\230\372\335\002{u;\307\310"
 464      EB66B24A 
 464      A7407D98 
 464      FADD027B 
 464      753BC7C8 
 465 1755 005F8832 		.ascii	"\000_\2102\325\270\004}\322L\260+\0313\021)\214\267"
ARM GAS  /tmp/ccUMDGDi.s 			page 37


 465      D5B8047D 
 465      D24CB02B 
 465      19331129 
 465      8CB7
 466 1767 79EC136D 		.ascii	"y\354\023m\036G'\003@\311\"Q\032\351\301CL>F\221\262"
 466      1E472703 
 466      40C92251 
 466      1AE9C143 
 466      4C3E4691 
 467 177c 3836BEE0 		.ascii	"86\276\340\221\2061\247\273\203\361\331\363\327\367"
 467      918631A7 
 467      BB83F1D9 
 467      F3D7F7
 468 178b 0C1D6EDF 		.ascii	"\014\035n\3378\303v\273{kR\322`\2112\014\362\305\357"
 468      38C376BB 
 468      7B6B52D2 
 468      6089320C 
 468      F2C5EF
 469 179e A69D6668 		.ascii	"\246\235fh\247aC\032\256\227\235\305\313\227q\243\207"
 469      A761431A 
 469      AE979DC5 
 469      CB9771A3 
 469      87
 470 17af 0E93FBB8 		.ascii	"\016\223\373\270.\375\336\352\244\243\222\214\014\240"
 470      2EFDDEEA 
 470      A4A3928C 
 470      0CA0
 471 17bd F2FB7FE0 		.ascii	"\362\373\177\340\360\305\331\341\261K\253\010\272\255"
 471      F0C5D9E1 
 471      B14BAB08 
 471      BAAD
 472 17cb 380D48F5 		.ascii	"8\015H\365\361"
 472      F1
 473 17d0 BD16109A 		.ascii	"\275\026\020\232w[\234j%\356\030\257\336*n\250\353R"
 473      775B9C6A 
 473      25EE18AF 
 473      DE2A6EA8 
 473      EB52
 474 17e2 3C3152EB 		.ascii	"<1R\353b\317\355ix(\021\353}'~P\"\216\272\320\241\342"
 474      62CFED69 
 474      782811EB 
 474      7D277E50 
 474      228EBAD0 
 475 17f8 1C3E1F6E 		.ascii	"\034>\037n\036;hx\036.=P}\355Hj\362\334\226\0242\356"
 475      1E3B6878 
 475      1E2E3D50 
 475      7DED486A 
 475      F2DC9614 
 476 180e FABBB686 		.ascii	"\372\273\266\206\370Y\013\003|\205[\"\312\367=J\036"
 476      F8590B03 
 476      7C855B22 
 476      CAF73D4A 
 476      1E
 477 181f F83F84E1 		.ascii	"\370?\204\341P\311"
 477      50C9
 478              		.text
 479              		.section	.gnu.lto_.symtab.b1f232a4841a95af,"e",%progbits
ARM GAS  /tmp/ccUMDGDi.s 			page 38


 480 0000 5F75785F 		.ascii	"_ux_device_stack_disconnect\000"
 480      64657669 
 480      63655F73 
 480      7461636B 
 480      5F646973 
 481 001c 00       		.ascii	"\000"
 482 001d 00       		.ascii	"\000"
 483 001e 00       		.ascii	"\000"
 484 001f 00000000 		.ascii	"\000\000\000\000\000\000\000\000"
 484      00000000 
 485 0027 EB000000 		.ascii	"\353\000\000\000"
 486 002b 5F75785F 		.ascii	"_ux_system_slave\000"
 486      73797374 
 486      656D5F73 
 486      6C617665 
 486      00
 487 003c 00       		.ascii	"\000"
 488 003d 02       		.ascii	"\002"
 489 003e 00       		.ascii	"\000"
 490 003f 00000000 		.ascii	"\000\000\000\000\000\000\000\000"
 490      00000000 
 491 0047 5B020000 		.ascii	"[\002\000\000"
 492 004b 5F75785F 		.ascii	"_ux_device_stack_interface_delete\000"
 492      64657669 
 492      63655F73 
 492      7461636B 
 492      5F696E74 
 493 006d 00       		.ascii	"\000"
 494 006e 02       		.ascii	"\002"
 495 006f 00       		.ascii	"\000"
 496 0070 00000000 		.ascii	"\000\000\000\000\000\000\000\000"
 496      00000000 
 497 0078 F4000000 		.ascii	"\364\000\000\000"
 498              		.text
 499              		.section	.gnu.lto_.ext_symtab.b1f232a4841a95af,"e",%progbits
 500 0000 01       		.ascii	"\001"
 501 0001 01       		.ascii	"\001"
 502 0002 00       		.ascii	"\000"
 503 0003 02       		.ascii	"\002"
 504 0004 01       		.ascii	"\001"
 505 0005 01       		.ascii	"\001"
 506 0006 00       		.ascii	"\000"
 507              		.text
 508              		.section	.gnu.lto_.opts,"e",%progbits
 509 0000 272D666E 		.ascii	"'-fno-openmp' '-fno-openacc' '-fno-pie' '-fcf-prote"
 509      6F2D6F70 
 509      656E6D70 
 509      2720272D 
 509      666E6F2D 
 510 0033 6374696F 		.ascii	"ction=none' '-mcpu=cortex-m33' '-mthumb' '-mfpu=fpv"
 510      6E3D6E6F 
 510      6E652720 
 510      272D6D63 
 510      70753D63 
 511 0066 342D7370 		.ascii	"4-sp-d16' '-mfloat-abi=hard' '-mlibarch=armv8-m.mai"
 511      2D643136 
 511      2720272D 
ARM GAS  /tmp/ccUMDGDi.s 			page 39


 511      6D666C6F 
 511      61742D61 
 512 0099 6E2B6473 		.ascii	"n+dsp+fp' '-march=armv8-m.main+dsp+fp' '-Os' '-flto"
 512      702B6670 
 512      2720272D 
 512      6D617263 
 512      683D6172 
 513 00cc 2720272D 		.ascii	"' '-fdata-sections' '-ffunction-sections' '-Xassemb"
 513      66646174 
 513      612D7365 
 513      6374696F 
 513      6E732720 
 514 00ff 6C657227 		.ascii	"ler' '-a' '-Xassembler' '-ad' '-Xassembler' '-alms="
 514      20272D61 
 514      2720272D 
 514      58617373 
 514      656D626C 
 515 0132 6275696C 		.ascii	"build/../sdk/stm32/STM32_USBX_Library/common/core/s"
 515      642F2E2E 
 515      2F73646B 
 515      2F73746D 
 515      33322F53 
 516 0165 72632F75 		.ascii	"rc/ux_device_stack_disconnect.lst'\000"
 516      785F6465 
 516      76696365 
 516      5F737461 
 516      636B5F64 
 517              		.text
 518              		.comm	__gnu_lto_slim,1,1
 519              		.ident	"GCC: (15:10.3-2021.07-4) 10.3.1 20210621 (release)"
ARM GAS  /tmp/ccUMDGDi.s 			page 40


DEFINED SYMBOLS
                            *ABS*:0000000000000000 ux_device_stack_disconnect.c
                            *COM*:0000000000000001 __gnu_lto_slim

NO UNDEFINED SYMBOLS
