ARM GAS  /tmp/cc4BMkpq.s 			page 1


   1              		.cpu cortex-m33
   2              		.eabi_attribute 27, 1
   3              		.eabi_attribute 28, 1
   4              		.eabi_attribute 20, 1
   5              		.eabi_attribute 21, 1
   6              		.eabi_attribute 23, 3
   7              		.eabi_attribute 24, 1
   8              		.eabi_attribute 25, 1
   9              		.eabi_attribute 26, 1
  10              		.eabi_attribute 30, 4
  11              		.eabi_attribute 34, 1
  12              		.eabi_attribute 18, 4
  13              		.file	"ux_device_stack_transfer_request.c"
  14              		.text
  15              		.section	.text._ux_device_stack_transfer_request,"ax",%progbits
  16              		.align	1
  17              		.global	_ux_device_stack_transfer_request
  18              		.arch armv8-m.main
  19              		.arch_extension dsp
  20              		.syntax unified
  21              		.thumb
  22              		.thumb_func
  23              		.fpu fpv4-sp-d16
  25              	_ux_device_stack_transfer_request:
  26              		@ args = 0, pretend = 0, frame = 0
  27              		@ frame_needed = 0, uses_anonymous_args = 0
  28 0000 38B5     		push	{r3, r4, r5, lr}
  29 0002 0024     		movs	r4, #0
  30 0004 0463     		str	r4, [r0, #48]
  31 0006 0546     		mov	r5, r0
  32 0008 FFF7FEFF 		bl	_ux_device_stack_transfer_run
  33 000c 0628     		cmp	r0, #6
  34 000e 03D0     		beq	.L3
  35 0010 0328     		cmp	r0, #3
  36 0012 03D8     		bhi	.L4
  37 0014 686A     		ldr	r0, [r5, #36]
  38              	.L1:
  39 0016 38BD     		pop	{r3, r4, r5, pc}
  40              	.L3:
  41 0018 FE20     		movs	r0, #254
  42 001a FCE7     		b	.L1
  43              	.L4:
  44 001c 2046     		mov	r0, r4
  45 001e FAE7     		b	.L1
  47              		.ident	"GCC: (15:10.3-2021.07-4) 10.3.1 20210621 (release)"
ARM GAS  /tmp/cc4BMkpq.s 			page 2


DEFINED SYMBOLS
                            *ABS*:0000000000000000 ux_device_stack_transfer_request.c
     /tmp/cc4BMkpq.s:16     .text._ux_device_stack_transfer_request:0000000000000000 $t
     /tmp/cc4BMkpq.s:25     .text._ux_device_stack_transfer_request:0000000000000000 _ux_device_stack_transfer_request

UNDEFINED SYMBOLS
_ux_device_stack_transfer_run
