ARM GAS  /tmp/ccrByUCV.s 			page 1


   1              		.cpu cortex-m33
   2              		.eabi_attribute 27, 1
   3              		.eabi_attribute 28, 1
   4              		.eabi_attribute 20, 1
   5              		.eabi_attribute 21, 1
   6              		.eabi_attribute 23, 3
   7              		.eabi_attribute 24, 1
   8              		.eabi_attribute 25, 1
   9              		.eabi_attribute 26, 1
  10              		.eabi_attribute 30, 4
  11              		.eabi_attribute 34, 1
  12              		.eabi_attribute 18, 4
  13              		.file	"ux_device_stack_host_wakeup.c"
  14              		.section	.gnu.lto_.profile.c3235f701162d3bf,"e",%progbits
  15 0000 789C6361 		.ascii	"x\234ca\000\002F\006\006\000\000+\000\006"
  15      00024606 
  15      0600002B 
  15      0006
  16              		.text
  17              		.section	.gnu.lto_.icf.c3235f701162d3bf,"e",%progbits
  18 0000 789CE360 		.ascii	"x\234\343`@\000F\206\355{\016]\344e\000\000\016G\003"
  18      40004686 
  18      ED7B0E5D 
  18      E4650000 
  18      0E4703
  19 0013 1D       		.ascii	"\035"
  20              		.text
  21              		.section	.gnu.lto_.ipa_sra.c3235f701162d3bf,"e",%progbits
  22 0000 789C6367 		.ascii	"x\234cg@\000F\006\006f\006&\006\000\000\257\000\016"
  22      40004606 
  22      06660626 
  22      060000AF 
  22      000E
  23              		.text
  24              		.section	.gnu.lto_.inline.c3235f701162d3bf,"e",%progbits
  25 0000 789CD363 		.ascii	"x\234\323c@\000F\006\006\376\206\206\206\015L\351\214"
  25      40004606 
  25      06FE8686 
  25      860D4CE9 
  25      8C
  26 0011 0C4C5C9B 		.ascii	"\014L\\\233\237\235Y\311\224\312\300\300\006\024j`J"
  26      9F9D59C9 
  26      94CAC0C0 
  26      06146A60 
  26      4A
  27 0022 61626002 		.ascii	"ab`\002*a\027\006\022\314\023\374\200$\000\026\342\011"
  27      2A611706 
  27      12CC13FC 
  27      80240016 
  27      E209
  28 0034 C5       		.ascii	"\305"
  29              		.text
  30              		.section	.gnu.lto_.jmpfuncs.c3235f701162d3bf,"e",%progbits
  31 0000 789C0B65 		.ascii	"x\234\013e@\000F f\003R\007X\030\031\200\370?\020\360"
  31      40004620 
  31      66035207 
  31      58181980 
ARM GAS  /tmp/ccrByUCV.s 			page 2


  31      F83F10F0 
  32 0014 33304D62 		.ascii	"30Mb^\302\314\300(\014\026\026\006IA\204\030\0319\340"
  32      5EC2CCC0 
  32      280C1616 
  32      06494184 
  32      181939E0 
  33 0028 2A7F8054 		.ascii	"*\177\200T2B\205\031!\024Xw\275\002\003\000i\275\026"
  33      32428519 
  33      21145877 
  33      BD020300 
  33      69BD16
  34 003b E4       		.ascii	"\344"
  35              		.text
  36              		.section	.gnu.lto_.pureconst.c3235f701162d3bf,"e",%progbits
  37 0000 789C6361 		.ascii	"x\234ca```d\230\311\002\000\001b\000\243"
  37      60606064 
  37      98C90200 
  37      016200A3 
  38              		.text
  39              		.section	.gnu.lto_.lto.c3235f701162d3bf,"e",%progbits
  40 0000 09000400 		.ascii	"\011\000\004\000\001\000\000\000"
  40      01000000 
  41              		.text
  42              		.section	.gnu.lto__ux_device_stack_host_wakeup.3.c3235f701162d3bf,"e",%progbits
  43 0000 789C5D92 		.ascii	"x\234]\222Mh\023A\024\307\337\233\231|\252\271\010\202"
  43      4D681341 
  43      14C7DF9B 
  43      997CAAB9 
  43      0882
  44 0012 27BD78E8 		.ascii	"'\275x\350!\231\332\"^\305\243\250\227\372u[\222M\304"
  44      2199DA22 
  44      5EC5A3A8 
  44      97FA755B 
  44      924DC4
  45 0025 10D32CD9 		.ascii	"\020\323,\331\215\325S75\010\246`\223\266\210\245\261"
  45      8DD55337 
  45      3508A660 
  45      93B688A5 
  45      B1
  46 0036 680C2507 		.ascii	"h\014%\007\301C\2525\0321\022\254\027\253 \352I\320"
  46      C143AA35 
  46      1A3112AC 
  46      17AB20EA 
  46      49D0
  47 0048 2208BD48 		.ascii	"\"\010\275H\365b\025A\337l6\015\272\260\363\361\346"
  47      F5621541 
  47      DF6C360D 
  47      BAB0F3F1 
  47      E6
  48 0059 F7FEEF63 		.ascii	"\367\376\357c\346\024\003\230\001\200#\364\243\007p"
  48      E6140398 
  48      018023F4 
  48      A30770
  49 0068 BA5C6460 		.ascii	"\272\\d`\333\366!\037c\227\313\223\014\037c\343\313"
  49      DBF6211F 
  49      6397CB93 
  49      0C1F63E3 
ARM GAS  /tmp/ccrByUCV.s 			page 3


  49      CB
  50 0079 CB015128 		.ascii	"\313\001Q(\207V\347\032\273\004\307\331-B`\276\\\374"
  50      8756E71A 
  50      BB04C7D9 
  50      2D4260BE 
  50      5CFC
  51 008b 38FF4010 		.ascii	"8\377@\020\344\030\020\306\031\0278\2163\274\302q\232"
  51      E41810C6 
  51      1917388E 
  51      33BCC271 
  51      9A
  52 009c D738A070 		.ascii	"\3278\240pW\210{\007\332\266\275\371|\341\306g\254\324"
  52      57887B07 
  52      DAB6BDF9 
  52      7CE1C667 
  52      ACD4
  53 00ae DBA2C619 		.ascii	"\333\242\306\031,\020p\037q\011\301\371\010\345WQM\373"
  53      2C10701F 
  53      7109C1F9 
  53      08E55751 
  53      4DFB
  54 00c0 08DDA8DC 		.ascii	"\010\335\250\334\231\014\225\362~\002q\031\377E\025"
  54      990C95F2 
  54      7E027119 
  54      FF4515
  55 00cf 59EA93F3 		.ascii	"Y\352\223\363\035\227\344\330\374\217\364\002>B|\210"
  55      1D97E4D8 
  55      FC8FF402 
  55      3E427C88 
  56 00df 2A96AA11 		.ascii	"*\226\252\021\200u\015\367\336x\332\366\357?S\266\375"
  56      80750DF7 
  56      DE78DAF6 
  56      EF3F53B6 
  56      FD
  57 00f0 7AF7DAA6 		.ascii	"z\367\332\2467\210P\343\202\321\340\3414x\005\020\343"
  57      378850E3 
  57      82D1E0E1 
  57      34780510 
  57      E3
  58 0101 53CE01B5 		.ascii	"S\316\001\265\002\230\342\252j[\240\335\006(q\326\335"
  58      0298E2AA 
  58      6A5BA0DD 
  58      062871D6 
  58      DD
  59 0112 E469F315 		.ascii	"\344i\363\025'\2567\337\255\371\252\034\335b}Nj\005"
  59      27AE37DF 
  59      ADF9AA1C 
  59      DD627D4E 
  59      6A05
  60 0124 64B4AC53 		.ascii	"d\264\254S\334EG\034\237 \266\320\341g\213\253X\345"
  60      DC45471C 
  60      9F20B6D0 
  60      E1678BAB 
  60      58E5
  61 0136 3E17170E 		.ascii	">\027\027\016\276\250\232X\337S\343~\022\302\247\216"
  61      BEA89A58 
  61      DF53E37E 
ARM GAS  /tmp/ccrByUCV.s 			page 4


  61      12C2A78E 
  62 0146 6D904C54 		.ascii	"m\220LTV\000\333xS\345_p\230\220*\364YW\251\365\363"
  62      5600DB78 
  62      53E55F70 
  62      98902AF4 
  62      5957A9F5 
  63 015b FD6D8ACC 		.ascii	"\375m\212\314z\002\376\276\277\353\034\304\0169\253"
  63      7A02FEBE 
  63      BFEB1CC4 
  63      0E39AB
  64 016a 6EAC6361 		.ascii	"n\254ca\275\023#X\005\015\272M/q>GW\314z\245\264\232"
  64      BD132358 
  64      050DBA4D 
  64      2F713E47 
  64      57CC7AA5 
  65 0180 1FBE79AA 		.ascii	"\037\276y\252\274w\203\274\237\233JDI\257lI{\361\005"
  65      BC7783BC 
  65      9F9B4A44 
  65      49AF6C49 
  65      7BF105
  66 0193 49D31382 		.ascii	"I\323\023\202\015\274r\353tU\235s\240\302\224'\303\235"
  66      0DBC72EB 
  66      74559D73 
  66      A0C29427 
  66      C39D
  67 01a5 6ADA8604 		.ascii	"j\332\206\004nw\002\211~\317\276\343\304\247\037+;\252"
  67      6E770289 
  67      7ECFBEE3 
  67      C4A71F2B 
  67      3BAA
  68 01b7 5CD0C92F 		.ascii	"\\\320\311/\024]\207\267\300^5\226\2503\001~m\371.R"
  68      145D87B7 
  68      C05E3596 
  68      A833017E 
  68      6DF92E52 
  69 01cb CFB1DF73 		.ascii	"\317\261\337s\200\2032=jI]ZiC\306\223\306\371L:\025"
  69      8083323D 
  69      6A495D5A 
  69      6943C693 
  69      C6F94C3A 
  70 01e0 95563663 		.ascii	"\225V6c$\365\301\375a\323J\017\017\345\016\204sf,\034"
  70      24F5C1FD 
  70      61D34A0F 
  70      0FE50E84 
  70      73662C1C 
  71 01f4 4F5C4825 		.ascii	"O\\H%\255\360\3311\0315\0148\036\211H3\236\222\016!"
  71      ADF0D931 
  71      19350C38 
  71      1E894833 
  71      9E920E21 
  72 0208 474E1C1B 		.ascii	"GN\034\033\036\322N\216\034>\243\035M\306\262\321\354"
  72      1ED24E8E 
  72      1C3EA31D 
  72      4DC6B2D1 
  72      EC
  73 0219 25A967D2 		.ascii	"%\251g\322\351\314(M\331\2044\263\272\314]\324H!\251"
  73      E9CC284D 
ARM GAS  /tmp/ccrByUCV.s 			page 5


  73      D98434B3 
  73      BACC5DD4 
  73      4821A9
  74 022c 2734D38A 		.ascii	"'4\323\212\352)\355\\\306\264\264\261h*\2213\":x\311"
  74      EA29ED5C 
  74      C6B4B4B1 
  74      682A9133 
  74      223A78C9 
  75 0240 68E54C1E 		.ascii	"h\345L\036\327\343\177\001h\305\356o"
  75      D7E37F01 
  75      68C5EE6F 
  76              		.text
  77              		.section	.gnu.lto_.symbol_nodes.c3235f701162d3bf,"e",%progbits
  78 0000 789CD367 		.ascii	"x\234\323g\000\002&\346z\206\006 `a\234p\216\201\241"
  78      000226E6 
  78      7A860620 
  78      60619C70 
  78      8E81A1
  79 0013 9E816157 		.ascii	"\236\201aWC##\003#H\212\201\225\205A\001H\2610\314\334"
  79      43232303 
  79      23488A81 
  79      95854101 
  79      48B130CC 
  80 0028 FCEC0C13 		.ascii	"\374\354\014\023\343UF\006\000\376q\012W"
  80      E3554606 
  80      00FE710A 
  80      57
  81              		.text
  82              		.section	.gnu.lto_.refs.c3235f701162d3bf,"e",%progbits
  83 0000 789C6367 		.ascii	"x\234cg```\004\" \006\000\000f\000\013"
  83      60606004 
  83      22200600 
  83      0066000B 
  84              		.text
  85              		.section	.gnu.lto_.decls.c3235f701162d3bf,"e",%progbits
  86 0000 789CB559 		.ascii	"x\234\265YyTTW\232\177\337\275\217\305bm\301\245\243"
  86      79545457 
  86      9A7FDFBD 
  86      8FC5626D 
  86      C1A5A3
  87 0013 268C6DA2 		.ascii	"&\214m\242=i\305\350\351Nz\316\2343q\324$\236\216\313"
  87      3D69C5E8 
  87      E94E7ACE 
  87      9C3371D4 
  87      249E8ECB 
  88 0027 11CDE9CC 		.ascii	"\021\315\351\314?5\005U@\215@\221\252\"\306\376g\312"
  88      3F350555 
  88      408D4091 
  88      AA22C6FE 
  88      67CA
  89 0039 B5DD7714 		.ascii	"\265\335w\024D\024\243Q\214\033\0215\340\202\004\215"
  89      4414A351 
  89      8C1B1135 
  89      E082048D 
  90 0049 828ABB06 		.ascii	"\202\212\273\006Q\343\022MPL@\334\367\371\356\275o\255"
  90      51E3124D 
  90      504C40DC 
ARM GAS  /tmp/ccrByUCV.s 			page 6


  90      F7F9EEBD 
  90      6FAD
  91 005b 07C49E33 		.ascii	"\007\304\2363S\207[\257\336}\277\367\373\226\373-\367"
  91      53875BAF 
  91      DE7DBFF7 
  91      FB96FB2D 
  91      F7
  92 006c 3D06F494 		.ascii	"=\006\364\224\244\3361\222\264\\\222\244\027\370!x<"
  92      A4DE3192 
  92      B45C92A4 
  92      17F82178 
  92      3C
  93 007d 81831D77 		.ascii	"\201\203\035w\341H\223\304\007pT)\307\267\211d\372L"
  93      E14893C4 
  93      07705429 
  93      C7B78964 
  93      FA4C
  94 008f C5C9283C 		.ascii	"\305\311(<v\304\021\257\334\367\016b\376\204\2437\376"
  94      76C411AF 
  94      DCF70E62 
  94      FE84A337 
  94      FE
  95 00a0 BE83D7FF 		.ascii	"\276\203\327\377\214\277\377\210\243\003\216\032\205"
  95      8CBFFF88 
  95      A3038E1A 
  95      85
  96 00ad B705E729 		.ascii	"\267\005\347)\036\373\343\334+8BI\373r\026R\370\030"
  96      1EFBE3DC 
  96      2B384249 
  96      FB721652 
  96      F818
  97 00bf 989231FC 		.ascii	"\230\2221\374\227D\211\224\030\340\237I\377%\301\016"
  97      97448994 
  97      18E09F49 
  97      FF25C10E 
  98 00cf 1028FA31 		.ascii	"\020(\3721\003v\004\031\277\343!\241\200\222\245;\027"
  98      03760419 
  98      BFE321A1 
  98      8092A53B 
  98      17
  99 00e0 9E0CB355 		.ascii	"\236\014\263U\006\002\315\201\312)\035$\330\011P\016"
  99      0602CD81 
  99      CA291D24 
  99      D809500E 
 100 00f0 12940192 		.ascii	"\022\224\001\222|\015\260\035`\033 l\312\252\253\373"
 100      7C0DB01D 
 100      601B206C 
 100      CAAAABFB 
 101 0100 E5EB2011 		.ascii	"\345\353 \021$\222\235\000P\367'\374\262I\377A\245\370"
 101      24929D00 
 101      50F727FC 
 101      B249FF41 
 101      A5F8
 102 0112 00099050 		.ascii	"\000\011\220P'%6j\243N[5\274\332\347.}7\234\364\211"
 102      2725366A 
 102      A34E5B35 
 102      BCDAE72E 
ARM GAS  /tmp/ccrByUCV.s 			page 7


 102      7D379CF4 
 103 0127 B18517EF 		.ascii	"\261\205\027\357\203X[H8!\015aN[\237\307\260\221\024"
 103      83585B48 
 103      38210D61 
 103      4E5B9FC7 
 103      B09114
 104 013a 8526BC1B 		.ascii	"\205&\274\033\220\235\263;5\204\005\310\374\021\361"
 104      909DB33B 
 104      358405C8 
 104      FC11F1
 105 0149 03DFC5EF 		.ascii	"\003\337\305\357\206\260jp\342]\243\344\360X\374\325"
 105      86B06A70 
 105      E25DA3E4 
 105      F058FCD5 
 106 0159 1066BB4B 		.ascii	"\020f\273K\213\346\204:k\311\364\336P\0156\347\200x"
 106      8BE6843A 
 106      6BC9F4DE 
 106      500D36E7 
 106      8078
 107 016b 34E4DDF0 		.ascii	"4\344\335\360\360Wc\252h\025}O\222\302\303K6w\2625\204"
 107      F05763AA 
 107      68157D4F 
 107      92C2C34B 
 107      3677B235 
 108 0180 C520451F 		.ascii	"\305 E\037gB\2543!\246\032B\234N[|\037\011\225p\016"
 108      6742AC33 
 108      21A61A42 
 108      9C4E5B7C 
 108      1F099570 
 109 0195 18F02EB1 		.ascii	"\030\360.\261!\263\034^\015\003(D\016\010\\i\354b\003"
 109      21B31C5E 
 109      0D032844 
 109      0E085C69 
 109      EC6203
 110 01a8 5B875713 		.ascii	"[\207W\023\372H\222Sz\217 /}\241~ \014e:\365S\200>6"
 110      FA489253 
 110      7A8F202F 
 110      7DA17E20 
 110      0C653AF5 
 111 01c0 3280D0BF 		.ascii	"2\200\320\2774\204\341r\223\004I\012\310\341\221\221"
 111      3484E172 
 111      9304490A 
 111      C8E19191 
 112 01d0 10C04307 		.ascii	"\020\300C\007\373_\234\243\006\330\244\2060\202\227"
 112      FB5F9CA3 
 112      06D8A486 
 112      308297
 113 01df E2650810 		.ascii	"\342e\010\020\320\357\264\205J\240\256\011\260?`\177"
 113      D0EFB485 
 113      4AA0AE09 
 113      B03F607F 
 114 01ef E24B6227 		.ascii	"\342Kb'\222Q\012\237gH\364+\210\205Ug\265\203\362[\000"
 114      92510A9F 
 114      6748F42B 
 114      88855567 
 114      B583F25B 
 115 0204 048FBAF6 		.ascii	"\004\217\272\366\000\252\020I\271j \327uP\364PyT9\006"
ARM GAS  /tmp/ccrByUCV.s 			page 8


 115      00AA1049 
 115      B96A20D7 
 115      7550F450 
 115      79543906 
 116 0218 1D755D71 		.ascii	"\035u]q\205\205\020b\274\207\337gR\\\247\2244Z\311`"
 116      85851062 
 116      BC87DF67 
 116      525CA794 
 116      345AC960 
 117 022c 387E306C 		.ascii	"8~0l\266\335\253\330\036\371#\272-\360pN#\205\350\371"
 117      B6DDABD8 
 117      1EF923BA 
 117      2DF0704E 
 117      2385E8F9 
 118 0240 EF4A40FF 		.ascii	"\357J@\377[\304 \3411\030\213\250\273\265\027r#\273"
 118      5BC420E1 
 118      31188BA8 
 118      BBB51772 
 118      23BB
 119 0252 20E85620 		.ascii	" \350V \020\017\273\000*\001\3662\011\337 \271\207\023"
 119      100FBB00 
 119      2A01F632 
 119      09DF20B9 
 119      8713
 120 0264 5D2EDAF9 		.ascii	"].\332\371\203\255g^^\340\341\243\231g'\277q\273,\020"
 120      83AD675E 
 120      5EE0E1A3 
 120      996727BF 
 120      71BB2C10 
 121 0278 988A3784 		.ascii	"\230\2127\2043\014T\000\206*\227[\2017\354\001\330\215"
 121      330C5400 
 121      862A975B 
 121      8137EC01 
 121      D88D
 122 028a F1BF9A08 		.ascii	"\361\277\232\0101\015\204n\343?{k\351\321\033/\327\023"
 122      310D846E 
 122      E33F7B6B 
 122      E9D11B2F 
 122      D713
 123 029c 463B67E7 		.ascii	"F;g\347\3443\021\326\350\257\006\304`\364\037\0048\000"
 123      E43311D6 
 123      E8AF06C4 
 123      60F41F04 
 123      3800
 124 02ae 9CE532A1 		.ascii	"\234\3452\241\227\371\035\317\347No\350 3Y5\000\036"
 124      97F91DCF 
 124      E74E6FE8 
 124      20335935 
 124      001E
 125 02c0 9CB85873 		.ascii	"\234\270Xsrwtk\312\327\"\321\021\340\332/\275\272ag"
 125      7277746B 
 125      CAD722D1 
 125      11E0DA2F 
 125      BDBA6167 
 126 02d4 87482EA6 		.ascii	"\207H.\246\250J\306+\212 \011\216\2624\017P\241j\035"
 126      A84AC62B 
 126      8A20098E 
ARM GAS  /tmp/ccrByUCV.s 			page 9


 126      B2340F50 
 126      A16A1D
 127 02e7 A14554A2 		.ascii	"\241ET\2425\312\351qB[\360t\271,N\253\011\335/K\364"
 127      35CAE971 
 127      425BF074 
 127      B92C4EAB 
 127      09DD2F4B 
 128 02fc A6725A49 		.ascii	"\246rZI\350\242\020\211n\011\021\247\001\"f%\356\325"
 128      E8A21089 
 128      6E0911A7 
 128      01226625 
 128      EED5
 129 030e 804CBF55 		.ascii	"\200L\277U.\3040\357m\330\372\000l\001\305L\234T\305"
 129      2EC430EF 
 129      6DD8FA00 
 129      6C01C54C 
 129      9C54C5
 130 0321 5F411D13 		.ascii	"_A\035\023\341\262b\243\242\205D\033\221x^\250\242\005"
 130      E1B262A3 
 130      A285441B 
 130      91785EA8 
 130      A205
 131 0333 CA0895E8 		.ascii	"\312\010\225\350\311Pf\310\215\207S\032c\270\365i\334"
 131      C95066C8 
 131      8D87531A 
 131      63B8F569 
 131      DC
 132 0344 F8DAE9C7 		.ascii	"\370\332\351\307O\207\264f\374M$\276!\214\337\037\270"
 132      4F87B466 
 132      FC4D24BE 
 132      218CDF1F 
 132      B8
 133 0355 7198E8C6 		.ascii	"q\230\350\306\337\324\215o\004I1M\242M(cj\230D\013q"
 133      DFD48D6F 
 133      0449314D 
 133      A24D2863 
 133      6A98440B 
 134 036a EC0AE3F7 		.ascii	"\354\012\343\367\335_v\202\306\211\032V)\226\267\031"
 134      DD5F7682 
 134      C6891A56 
 134      2996B719 
 135 037a E0B6B2D6 		.ascii	"\340\266\262\326\010h\314\277\2718L'\276\255\023\267"
 135      0868CCBF 
 135      B9384C27 
 135      BEAD13B7 
 136 038a 08C9A7B7 		.ascii	"\010\311\247\267\036\352\314\225m\021K\265\362l\356"
 136      1EEACC95 
 136      6D114BB5 
 136      F26CEE
 137 0399 F156E3EC 		.ascii	"\361V\343\354.j{G\334\263\244\366\351z\252\223\336\325"
 137      2E6A7B47 
 137      DCB3A4F6 
 137      E97AAA93 
 137      DED5
 138 03ab 49EFB1A5 		.ascii	"I\357\261\245:\207\3525\205\011\255\377\015\341{\217"
 138      3A87EA35 
 138      8509ADFF 
ARM GAS  /tmp/ccrByUCV.s 			page 10


 138      0DE17B8F 
 139 03bb ECBB18DE 		.ascii	"\354\273\030\336\232g\037q\317>d\236\355\016/\304A\242"
 139      9A671F71 
 139      CF3E649E 
 139      ED0E2FC4 
 139      41A2
 140 03cd 93C3998C 		.ascii	"\223\303\231\214S\327\276\372*\206E]C\240j\"\225` \364"
 140      53D7BEFA 
 140      2A86455D 
 140      43A06A22 
 140      956020F4 
 141 03e1 97E02920 		.ascii	"\227\340) \002c\356\011\300cVqs\027\224n\214\354\210"
 141      0263EE09 
 141      C0635671 
 141      7317946E 
 141      8CEC88
 142 03f4 CC530281 		.ascii	"\314S\002\201\377\204g\000\337\003\\d\314\317\201\263"
 142      FF846700 
 142      DF035C64 
 142      CCCF81B3 
 143 0404 4B7446B8 		.ascii	"KtF\270\320\343\232X\363\242P\2722\\\242e\\\304\315"
 143      D0E39A58 
 143      F3A250BA 
 143      325CA265 
 143      5CC4CD
 144 0417 05C57322 		.ascii	"\005\305s\"\314\316\233L`\012\321\234\267\352\341\266"
 144      CCCE9B4C 
 144      600AD19C 
 144      B7EAE1B6 
 145 0427 529B6E27 		.ascii	"R\233n'^Q5\237J\030\240\363\372\307G\226G\364\342\237"
 145      5E51359F 
 145      4A18A0F3 
 145      FAC74796 
 145      47F4E29F 
 146 043b 38F6C572 		.ascii	"8\366\305r\370\364\332U\247\3426M\012\004&wE5\340\001"
 146      F8F4DA55 
 146      A7E2364D 
 146      0A042677 
 146      4535E001 
 147 044f C06CA2E9 		.ascii	"\300l\242\351\225\210\343-\2111\256(\334s\005\002\013"
 147      9588E32D 
 147      8931AE28 
 147      DC730502 
 147      0B
 148 0460 FBA3CBA0 		.ascii	"\373\243\313\240\211cTn\016\334\011\034\265\262\260"
 148      8963546E 
 148      0EDC091C 
 148      B5B2B0
 149 046f 5CA0D2E0 		.ascii	"\\\240\322\340\027\023\350\026hLe\205\333\005\006\223"
 149      1713E816 
 149      684C6585 
 149      DB050693 
 150 047f EDBA09F4 		.ascii	"\355\272\011\364\203\006*),\374\244\032W\022\327\363"
 150      83062A29 
 150      2CFCA41A 
 150      5712D7F3 
 151 048f BE5598E0 		.ascii	"\276U\230\340)\326e\375l\225\205\012\011?W\312\022L"
ARM GAS  /tmp/ccrByUCV.s 			page 11


 151      29D665FD 
 151      6C95850A 
 151      093F57CA 
 151      124C
 152 04a1 24984B12 		.ascii	"$\230K\022.\031\203\341zL#0\223\300\337\011L'0\213\300"
 152      2E1983E1 
 152      7A4C2330 
 152      93C0DF09 
 152      4C27308B 
 153 04b6 5C02F309 		.ascii	"\\\002\363\011\314 0\217\300\034V\207\231\006\273\204"
 153      CC20308F 
 153      C01C5687 
 153      9906BB84 
 154 04c6 0653094C 		.ascii	"\006S\011L\"F\366\253\272\006\233T\2374\0024\230T\370"
 154      2246F6AB 
 154      BA069B54 
 154      9F340234 
 154      9854F8
 155 04d9 5107951B 		.ascii	"Q\007\225\033\314\275f5Wq\334\026\335\230\237\254L\010"
 155      CCBD6635 
 155      5771DC16 
 155      DD989FAC 
 155      4C08
 156 04eb A2B33BB0 		.ascii	"\242\263;\260%\276\226\267\263&2\316b\331\002\362\222"
 156      25BE96B7 
 156      B32632CE 
 156      62D902F2 
 156      92
 157 04fc 9621C5A6 		.ascii	"\226!\305\246\273e'c\364(Y\250\313Z\304\243\204|\327"
 157      BB652763 
 157      F42859A8 
 157      CB5AC4A3 
 157      847CD7
 158 050f 98FFAD1A 		.ascii	"\230\377\255\032\245E\004g\265pXLxy\021!\372\020h\001"
 158      A5450467 
 158      B570584C 
 158      78791121 
 158      FA106801 
 159 0523 D7695F4B 		.ascii	"\327i_K\355,\2339.\321\323K\365\270<\261b\305\236(3"
 159      ED2C9B39 
 159      2ED1D34B 
 159      F5B83CB1 
 159      62C59E28 
 160 0538 00153600 		.ascii	"\000\0256\000\3265}1\013t\225\362t\225\362Q%\372u\007"
 160      D6357D31 
 160      0B7495F2 
 160      7495F251 
 160      25FA7507 
 161 054c 21B119E8 		.ascii	"!\261\031\350\005.\361@\343\274\255\321:\376\231\236"
 161      052EF140 
 161      E3BCADD1 
 161      3AFE999E 
 162 055c D0850CFF 		.ascii	"\320\205\014\377X\3017\000]g\223h\255M\234^\006z\017"
 162      58C13700 
 162      5D679368 
 162      AD4D9C5E 
 162      067A0F
ARM GAS  /tmp/ccrByUCV.s 			page 12


 163 056f 4F974428 		.ascii	"O\227D(5\021hM\204D\357)\247\307\201\026GJ\364t\244"
 163      3511684D 
 163      8444EF29 
 163      A7C78116 
 163      474AF474 
 164 0584 52BE803E 		.ascii	"R\276\200>U~&\360\357b\340\031Yi\243\205Qb\276\010\350"
 164      557E26F0 
 164      EF62E019 
 164      5969A385 
 164      5162BE08 
 165 0599 36E5671E 		.ascii	"6\345g\036\320\372(\211>\212\342\245\240juE\210\331"
 165      D0FA2889 
 165      3E8AE2A5 
 165      A06A7545 
 165      88D9
 166 05ab DCED0476 		.ascii	"\334\355\004v\350\346n>wb\216\241u\354\320\315\375\232"
 166      E8E66E3E 
 166      77628EA1 
 166      75ECD0CD 
 166      FD9A
 167 05bd A9BF305A 		.ascii	"\251\2770Z\220\316\007Z\036\215\345I9\015\210\212\036"
 167      90CE075A 
 167      1E8DE549 
 167      390D888A 
 167      1E
 168 05ce C9D5B88C 		.ascii	"\311\325\270\214\302\224\371p\372y\214\250\026\357\320"
 168      C294F970 
 168      FA798CA8 
 168      16EFD0
 169 05dd 0DCAAFFE 		.ascii	"\015\312\257\376\264L\371\325\207\036\214\221\350y\034"
 169      B44CF9D5 
 169      871E8C91 
 169      E8791C
 170 05ec 37F9CC1B 		.ascii	"7\371\314\033\3301)?J\364A\014\323\346\336\262\237{"
 170      D831293F 
 170      4AF4410C 
 170      D3E6DEB2 
 170      9F7B
 171 05fe B2C2752B 		.ascii	"\262\302u+P9)DR\352'\034!\010\301\200:L\340\020\241"
 171      50392944 
 171      52EA271C 
 171      2108C180 
 171      3A4CE010 
 172 0613 CFF1FEB9 		.ascii	"\317\361\376\271\261\350\273X\274\243\343\341\274\226"
 172      B1E8BB58 
 172      BCA3E3E1 
 172      BC96
 173 0621 79D1BDD4 		.ascii	"y\321\275\324:\302\3548\266`\373\011\010L\353\317\226"
 173      3AC2EC38 
 173      B660FB09 
 173      084CEBCF 
 173      96
 174 0632 E228C1A6 		.ascii	"\342(\301\246\307\353\237\250\037\003y:\325-\310,F\352"
 174      C7EB9FA8 
 174      1F03793A 
 174      D52DC82C 
 174      46EA
ARM GAS  /tmp/ccrByUCV.s 			page 13


 175 0644 5A0235FC 		.ascii	"Z\0025\374\272Z\246\031\242\222\347@\311\371\005\356"
 175      BA5AA619 
 175      A292E740 
 175      C9F905EE 
 176 0654 3C9C468A 		.ascii	"<\234F\212o\203(\366\023\016\270\240\001\366\005\001"
 176      6F8328F6 
 176      130EB8A0 
 176      01F60501 
 177 0664 AA04E09C 		.ascii	"\252\004\340\234\006\250\016\002\2104+\251\327\000\007"
 177      06A80E02 
 177      88342BA9 
 177      D70007
 178 0673 83000704 		.ascii	"\203\000\007\004\303\305\005<\3531W\277\341\000ua*\011"
 178      C3C5053C 
 178      EB3157BF 
 178      E1007561 
 178      2A09
 179 0685 4F683DF1 		.ascii	"Oh=\361*\010\354\301l8\316Q\350\247s\004N\0208I\340"
 179      2A08ECC1 
 179      6C38CE51 
 179      E8A77304 
 179      4E103849 
 180 069a 0C81B304 		.ascii	"\014\201\263\004N\0218M\340;\265\230\034\325\344\036"
 180      4E11384D 
 180      E03BB598 
 180      1CD5E41E 
 181 06aa 0B92FB96 		.ascii	"\013\222\373\226D\313c\305Bv\025A+\326\2552\224^\216"
 181      44CB63C5 
 181      42761541 
 181      2BD6AD32 
 181      945E8E
 182 06bd 557ECA74 		.ascii	"U~\312t\342o$\272\3467\002\366\216\230\304\366\255L"
 182      E26F24BA 
 182      E63702F6 
 182      8E98C4F6 
 182      AD4C
 183 06cf 84E12296 		.ascii	"\204\341\"\226\237\235\263'\242\265\236\365#a=\353:"
 183      9F9DB327 
 183      A2B59EF5 
 183      23613DEB 
 183      3A
 184 06e0 414C69C3 		.ascii	"ALi\303\2023\324\330}~ \302\256\237\010\307I\264Ea\354"
 184      8233D4D8 
 184      7D7E20C2 
 184      AE9F08C7 
 184      49B44561 
 185 06f5 4F9774C4 		.ascii	"O\227t\304\256\323Q\234\365\241ux6-\216\005\313\334"
 185      AED3519C 
 185      F5A17578 
 185      362D8E05 
 185      CBDC
 186 0707 5F2ED683 		.ascii	"_.\326\2039\266\177!\320\244\307\366\331ee\245\206^"
 186      39B67F21 
 186      D0A4C7F6 
 186      D96565A5 
 186      865E
 187 0719 DBA4BBB0 		.ascii	"\333\244\273\260YT\227\253\325\005\205\221\274\2037"
ARM GAS  /tmp/ccrByUCV.s 			page 14


 187      595497AB 
 187      D5058591 
 187      BC8337
 188 0728 13DEC11F 		.ascii	"\023\336\301\037\226\355\333D\264\016\236\256EF\013"
 188      96EDDB44 
 188      B40E9EAE 
 188      45460B
 189 0737 6A755BDC 		.ascii	"ju[\334S\267.\327\255s\266\350\234w\230\326+\343$\272"
 189      53B72ED7 
 189      AD73B6E8 
 189      9C7798D6 
 189      2BE324BA 
 190 074b 17C70D1C 		.ascii	"\027\307\015\034\213\342%Z\031/\364\216\245\015x\266"
 190      8BE2255A 
 190      192FF48E 
 190      A50D78B6 
 191 075b A89344AB 		.ascii	"\250\223D\253p\334\3001\273\263D7tF\306^+\257\254)\016"
 191      70DCC031 
 191      BBB34437 
 191      7446C65E 
 191      2BAFAC29 
 192 0770 53BAA0E1 		.ascii	"S\272\240\341\303\326jf\276\032\002\017\261\366SM\326"
 192      C3D66A66 
 192      BE1A020F 
 192      B1F6534D 
 192      D6
 193 0781 79A275A7 		.ascii	"y\242u\247'KU\310\013\023$1(H.\021\326\214\230\207\020"
 193      274B55C8 
 193      0B132431 
 193      28482E11 
 193      D68C9887 
 194 0796 84413291 		.ascii	"\204A2\221\302\337)\314\242\260\200\302T\012\323)\004"
 194      C2DF29CC 
 194      A2B080C2 
 194      540AD329 
 194      04
 195 07a7 28CCA130 		.ascii	"(\314\2410\237\302l\012\363(L\2410\227\302L\012\323"
 195      9FC26C0A 
 195      F3284CA1 
 195      3097C24C 
 195      0AD3
 196 07b9 28CCA030 		.ascii	"(\314\2400\231*\361S\254\351t\305$\320\330{\347\345"
 196      992AF153 
 196      ACE974C5 
 196      24D0D87B 
 196      E7E5
 197 07cb 2BDDE80E 		.ascii	"+\335\350\016\201"
 197      81
 198 07d0 9F4DA85B 		.ascii	"\237M\250[DGM\317W\032M!\201'&\324#\315\276\346\025"
 198      44474DCF 
 198      571A4D21 
 198      812726D4 
 198      23CDBEE6 
 199 07e5 F97ACF6A 		.ascii	"\371z\317j0\201\256\352Nx\2529\341\271\305\011J\272"
 199      3081AEEA 
 199      4E78AA39 
 199      E1B9C509 
ARM GAS  /tmp/ccrByUCV.s 			page 15


 199      4ABA
 200 07f7 CDD0D47E 		.ascii	"\315\320\324~l\025%:t\311\312\374\020\226\032?\021\270"
 200      6C15253A 
 200      74C9CAFC 
 200      10961A3F 
 200      11B8
 201 0809 C6316A50 		.ascii	"\3061jP^\325\225.)\324xn\232xn\030\014{\276T1\354k\002"
 201      5ED5952E 
 201      29D4786E 
 201      9A786E18 
 201      0C7BBE54 
 202 0821 CF4CA84A 		.ascii	"\317L\250J\335\2609\006\303\356\231@\233\014\342fi\342"
 202      DDB03906 
 202      C3EE9940 
 202      9B0CE266 
 202      69E2
 203 0833 1E582340 		.ascii	"\036X#@\301\344k\230F\253J\302As5\310]\353r\010\310"
 203      C1E46B98 
 203      46AB4AC2 
 203      417335C8 
 203      5DEB7208 
 204 0848 6C0D72DF 		.ascii	"l\015r\337\252\215P\371\305R}\301\236Z\355b[\203#\030"
 204      AA8D50F9 
 204      C5527DC1 
 204      9E5AED62 
 204      5B832318 
 205 085c D6D75958 		.ascii	"\326\327YX\223\274\265\215\233C\315\351\271\210\302"
 205      93BCB58D 
 205      9B43CDE9 
 205      B988C2
 206 086b 62AAA5E7 		.ascii	"b\252\245\347\224\257\317;\364LZ\254\223\345b\250\321"
 206      94AFCF3B 
 206      F44C5AAC 
 206      93E562A8 
 206      D1
 207 087c A74894D7 		.ascii	"\247H\224\327\0053\037\307\231.\014\277\367\354\375"
 207      05331FC7 
 207      992E0CBF 
 207      F7ECFD
 208 088b FDA1ADD5 		.ascii	"\375\241\255\325\225e\224\325\225D\326\376\353j\266"
 208      956594D5 
 208      9544D6FE 
 208      EB6AB6
 209 089a 46B3B2D2 		.ascii	"F\263\262\322\240\224\025Q\334\012(\007I\364\012\222"
 209      A0941551 
 209      DC0A2807 
 209      49F40A92 
 210 08aa 357611A5 		.ascii	"5v\021\245\254+}\214g\263\272\"u\354\263u\263\016\200"
 210      AC2B7D8C 
 210      67B3BA22 
 210      75ECB375 
 210      B30E80
 211 08bd 9A814CA5 		.ascii	"\232\201L\245\372G\333\214M\344sjj\"JVaQ\020\021\002"
 211      FA47DB8C 
 211      4DE4736A 
 211      6A224A56 
 211      61511011 
ARM GAS  /tmp/ccrByUCV.s 			page 16


 212 08d2 45944130 		.ascii	"E\224A0\253\212)\254\242\260\226\302\032\012_PXGa5\313"
 212      AB8A29AC 
 212      A2B096C2 
 212      1A0A5F50 
 212      58476135 
 213 08e7 1B165C97 		.ascii	"\033\026\\\227\036\245\263\340*\240\220O\315\204J\307"
 213      1EA5B3E0 
 213      2AA0904F 
 213      CD844AC7 
 214 08f7 B82000A2 		.ascii	"\270 \000\242\245\230\000+\250h\010\2172\224\276U\310"
 214      A598002B 
 214      A868088F 
 214      3294BE55 
 214      C8
 215 0908 198C7D4B 		.ascii	"\031\214}K\011\205\363\032\307\312 !Jc\373^\003,\017"
 215      0985F31A 
 215      C7CA2021 
 215      4A63FB5E 
 215      032C0F
 216 091b 02288DED 		.ascii	"\002(\215\355\234\0068\026\244\005\266\207\365]%Z\201"
 216      9C063816 
 216      A405B687 
 216      F55D255A 
 216      81
 217 092c E32CF35A 		.ascii	"\343,\363Z\307\246\343\367\316E\250\345*\216\367^5\243"
 217      C7A6E3F7 
 217      CE45A8E5 
 217      2A8EF75E 
 217      35A3
 218 093e 7329DB21 		.ascii	"s)\333!lk5^\233\367\030\"\177\203\011\245\357\361\017"
 218      6C6B355E 
 218      9BF71822 
 218      7F8309A5 
 218      EFF10F
 219 0951 E7EB29B4 		.ascii	"\347\353)\264\324\204yd\210\374\275\"f\323`\275\011"
 219      D4847964 
 219      88FCBD22 
 219      66D360BD 
 219      09
 220 0962 A2675949 		.ascii	"\242gYIm\276\272u^b\325G\210\2520\250\363\245E\035\245"
 220      6DBEBA75 
 220      5E62D547 
 220      88AA30A8 
 220      F3A5451D 
 221 0977 349CCB0F 		.ascii	"4\234\313\017a<\030\362\227\011\203\210r\252e\007\203"
 221      613C18F2 
 221      97098388 
 221      72AA6507 
 221      83
 222 0988 D4E487B0 		.ascii	"\324\344\207\260\345A\237\345q\026\265zT\352\025F\251"
 222      E5419FE5 
 222      7116B57A 
 222      54EA1546 
 222      A9
 223 0999 C517095C 		.ascii	"\305\027\011\\ |'\266\215G\315&\012_Q\330B\241\224\302"
 223      207C27B6 
 223      8D47CD26 
ARM GAS  /tmp/ccrByUCV.s 			page 17


 223      0A5F51D8 
 223      42A194C2 
 224 09ad 660A2514 		.ascii	"f\012%\0246R\330J%ew\033/\236\277\20061\267\223\355"
 224      3652D84A 
 224      2565771B 
 224      2F9EBF80 
 224      3631B793 
 225 09c2 BF3C2D09 		.ascii	"\277<-\011i-\017\312x\036\364G\310\355\271\317\247\205"
 225      692D0FCA 
 225      781EF447 
 225      C8EDB9CF 
 225      A785
 226 09d4 19DBAB1A 		.ascii	"\031\333\253\032*\345\224\303$:\363\267\370,\214c\003"
 226      2AE594C3 
 226      243AF3B7 
 226      F82C8C63 
 226      03
 227 09e5 8E6D38AA 		.ascii	"\216m8\252p\034\301q\026\307%\034M8^\340\230\367\212"
 227      701CC171 
 227      16C7251C 
 227      4D385EE0 
 227      98F78A
 228 09f8 4497E358 		.ascii	"D\227\343X\375\012\212N\270Y\262'-\270O\351\311\260"
 228      FD0A8A4E 
 228      B859B227 
 228      2DB84FE9 
 228      C9B0
 229 0a0a 83C276E4 		.ascii	"\203\302v\344?@\341 7\353,\205\032\012\247)\234\244"
 229      3F40E120 
 229      37EB2C85 
 229      1A0AA729 
 229      9CA4
 230 0a1c 7098C209 		.ascii	"p\230\302\011\012\307(\034\242p\206\302Q\012\265\024"
 230      0AC7281C 
 230      A27086C2 
 230      510AB514 
 231 0a2c 8E50A8A6 		.ascii	"\216P\250\246p\212\302q\265\271\354~\242F\337.\316\""
 231      708AC271 
 231      B5B9EC7E 
 231      A246DF2E 
 231      CE22
 232 0a3e A24F6F07 		.ascii	"\242Oo\007%\3535\000\246\345Aj\331\333my\242\346H%'"
 232      25EB3500 
 232      A6E5416A 
 232      D9DB6D79 
 232      A2E64825 
 233 0a53 500D3784 		.ascii	"P\0157\204\304F\215b\0375S(\033\257]\032`\267\001\300"
 233      C4468D62 
 233      1F355328 
 233      1BAF5D1A 
 233      60B701C0 
 234 0a67 199454DD 		.ascii	"\031\224T\335\251!\366\004#\2244*\327\364\250\260\352"
 234      A921F604 
 234      2394342A 
 234      D7F4A8B0 
 234      EA
 235 0a78 A144EF66 		.ascii	"\241D\357f\215\345\233 EP\014\213\250\212'2\003\224"
ARM GAS  /tmp/ccrByUCV.s 			page 18


 235      8DE59B20 
 235      45500C8B 
 235      A88A2732 
 235      0394
 236 0a8a F3926120 		.ascii	"\363\222a \341\376P\022z\223FR\025D\242h\262A\003\354"
 236      E1FE5012 
 236      7A934652 
 236      1544A268 
 236      B24103EC 
 237 0a9e 0F02286A 		.ascii	"\017\002(j\354\321\000;\203}.|\372\245f\313\267&5\014"
 237      ECD1003B 
 237      837D2E7C 
 237      FAA566CB 
 237      B726350C 
 238 0ab2 65A54C83 		.ascii	"e\245L\203\354\265\232\253`\212\237\030*\313\301\240"
 238      ECB59AAB 
 238      608A9F18 
 238      2ACBC1A0 
 239 0ac2 CAB21763 		.ascii	"\312\262\027c\354\014\213\261\256\205\247\313.\021\303"
 239      EC0C8BB1 
 239      AE85A7CB 
 239      2E11C3
 240 0ad1 8B01BE11 		.ascii	"\213\001\276\021\232]\2406\247\3570\367Z)\030%\371\032"
 240      9A5DA036 
 240      A7EF30F7 
 240      5A291825 
 240      F91A
 241 0ae3 A29E1811 		.ascii	"\242\236\030\021\273\365\004-(\3409\214{\336\275\034"
 241      BBF5042D 
 241      28E0398C 
 241      7BDEBD1C 
 242 0af3 22F6CD0A 		.ascii	"\"\366\315\012DqF\261FSf\242)\325\353\305\227\005zi"
 242      447146B1 
 242      465366A2 
 242      29D5EBC5 
 242      97057A69 
 243 0b07 DA660589 		.ascii	"\332f\005\211Lo\236[\260\275C`f\177\236\012\\e\221\035"
 243      4C6F9E5B 
 243      B0BD4360 
 243      667F9E0A 
 243      5C65911D 
 244 0b1b C6A2A254 		.ascii	"\306\242\242T\203-\0046\023\336\034/\361\2649G\341{"
 244      832D0436 
 244      13DE1C2F 
 244      F1B43947 
 244      E17B
 245 0b2d 2C3314EA 		.ascii	",3\024\352)\234\247p\215\302U\012\027(\\\244p\005\253"
 245      299CA770 
 245      8DC2550A 
 245      17285CA4 
 245      7005AB
 246 0b40 8ADA4FF2 		.ascii	"\212\332O\362\2045XA\276\347J\210\242b\332\033n\320"
 246      84355841 
 246      BEE74A88 
 246      A262DA1B 
 246      6ED0
 247 0b52 8CD96AD2 		.ascii	"\214\331j\322\363+\335\230\225\2521X!w\232@\345\206"
ARM GAS  /tmp/ccrByUCV.s 			page 19


 247      F32BDD98 
 247      95AA3158 
 247      21779A40 
 247      E586
 248 0b64 8ABDB140 		.ascii	"\212\275\261@/\221u\324B\245\240\012\015\\\273\254\\"
 248      2F9175D4 
 248      42A5A00A 
 248      0D5CBBAC 
 248      5C
 249 0b75 B8CAB7D9 		.ascii	"\270\312\267\331\012\223e+N\234\213\210\2638\340\372"
 249      0A93652B 
 249      4E9C8B88 
 249      B338E0FA 
 250 0b85 3FE0005E 		.ascii	"?\340\000^\027{\211\272H\350\304n\022\315\305\261\243"
 250      177B89BA 
 250      48E8C46E 
 250      12CDC5B1 
 250      A3
 251 0b96 5B6B2F11 		.ascii	"[k/\021\277\273\177w\2728\337\005p\213\322#\034u\264"
 251      BFBB7F77 
 251      BA38DF05 
 251      708BD223 
 251      1C75B4
 252 0ba9 7ECFDAC8 		.ascii	"~\317\332\310\240\247\007\012M\372\366\244\250\370\363"
 252      A0A7070A 
 252      4DFAF6A4 
 252      A8F8F3
 253 0bb8 F586F78A 		.ascii	"\365\206\367\212M\2725\315T<:/\274<+L<=P\370\231\342"
 253      4DBA35CD 
 253      543C3A2F 
 253      BC3C2B4C 
 253      3C3D50F8 
 254 0bce 4CC5BE79 		.ascii	"L\305\276y\353\243Z{\001\330\202e\361\266\270k\315\224"
 254      EBA35A7B 
 254      01D88265 
 254      F1B6B86B 
 254      CD94
 255 0be0 EB9B0D0F 		.ascii	"\353\233\015\017%-:\355\035V\227/\243\031Oq\314\356"
 255      252D3AED 
 255      1D56972F 
 255      A3194F71 
 255      CCEE
 256 0bf2 8EF519C7 		.ascii	"\216\365\031\307.\034u8nug7W\225\327\\\004U$\263\355"
 256      2E1C7538 
 256      6E756737 
 256      5795D75C 
 256      045524B3 
 257 0c07 F6C4DDF5 		.ascii	"\366\304\335\365rk\022\237\242\304'Bb\343\356\252\342"
 257      726B129F 
 257      A2C42742 
 257      62E3EEAA 
 257      E2
 258 0c18 705DE253 		.ascii	"p]\342S]\3423\016\210\237t\346@c\204\226n|\377s\310"
 258      5DE2330E 
 258      889F74E6 
 258      40638496 
 258      6E7CFF73 
ARM GAS  /tmp/ccrByUCV.s 			page 20


 259 0c2d B0E0F728 		.ascii	"\260\340\367(L\224[\333\232\327\026h/\212n\2320\306"
 259      4C945BDB 
 259      9AD71668 
 259      2F8A6E9A 
 259      30C6
 260 0c3f 667FD8C0 		.ascii	"f\177\330\300t\327\312d\312\204\006\012?Q\276\016\010"
 260      74D7CA64 
 260      CA84060A 
 260      3F51BE0E 
 260      08
 261 0c50 C340982C 		.ascii	"\303@\230,\303\024\031\376.\303T\031\236\343\003\212"
 261      C31419FE 
 261      2EC35419 
 261      9EE3038A 
 262 0c60 0CD36478 		.ascii	"\014\323dxAa\222,\332Es]\201\362\234\361\214\302c\023"
 262      4161922C 
 262      DA45735D 
 262      81F29CF1 
 262      8CC26313 
 263 0c74 B961D75A 		.ascii	"\271a\327Z\241j\200\356yd\002\351\325co\201\372\216"
 263      A16A80EE 
 263      796402E9 
 263      D5636F81 
 263      FA8E
 264 0c86 EFA105A1 		.ascii	"\357\241\005\241T\206\032\015r\337\0041T\364\346#\252"
 264      54861A0D 
 264      72DF0431 
 264      54F4E623 
 264      AA
 265 0c97 3E772834 		.ascii	">w(4Z]\"\364\2516\350\363\300J\205i2\275\007[\267\035"
 265      5A5D22F4 
 265      A936E8F3 
 265      C04A8569 
 265      32BD075B 
 266 0cad 4F761644 		.ascii	"Ov\026D\307Y\2743]~\031\357\320\334\036\312\213*\361"
 266      C759BC33 
 266      5D7E19EF 
 266      D0DC1ECA 
 266      8B2AF1
 267 0cc0 7F904017 		.ascii	"\177\220@\027\272\221\263\256\330xl\243\341\205O\215"
 267      BA91B3AE 
 267      D8786CA3 
 267      E1854F8D 
 268 0cd0 FEBE6AAE 		.ascii	"\376\276j\256\314\303e\346\374\333E\"\306\346\312\342"
 268      CCC365E6 
 268      FCDB4522 
 268      C6E6CAE2 
 269 0ce0 25FCF115 		.ascii	"%\374\361\025\215\321|\002\267\375\363d\2349\234;ms"
 269      8DD17C02 
 269      B7FDF364 
 269      9C399C3B 
 269      6D73
 270 0cf2 94FA4F8A 		.ascii	"\224\372O\212\371l&\320r\374\220\254\316,`3gn\235o\260"
 270      F96C26D0 
 270      72FC90AC 
 270      CE2C6033 
 270      676E9D6F 
ARM GAS  /tmp/ccrByUCV.s 			page 21


 271 0d07 A9330BD9 		.ascii	"\2513\013\331L\343\213%\307\"\324\231El\346\376\302"
 271      4CE38B25 
 271      C722D499 
 271      456CE6FE 
 271      C2
 272 0d18 A50F5A7D 		.ascii	"\245\017Z}a\236\213\346.\026\352\2748\263\340i\210\256"
 272      619E8BE6 
 272      2E16EABC 
 272      38B3E069 
 272      88AE
 273 0d2a 6FAEEEAD 		.ascii	"o\256\356\255%\034\360/U\365\253\326\222^\226\217a\233"
 273      251CF02F 
 273      55F5ABD6 
 273      925E968F 
 273      619B
 274 0d3c C2FB71A9 		.ascii	"\302\373q\251Z\012\327\021X\257\223|\241W\313K\032\344"
 274      5A0AD711 
 274      58AF937C 
 274      A157CB4B 
 274      1AE4
 275 0d4e 18182187 		.ascii	"\030\030!\207\364W\3015\032d\231\211%Wg\251\327 \337"
 275      F457C135 
 275      1A649989 
 275      255767A9 
 275      D720DF
 276 0d61 9958CEEA 		.ascii	"\231X\316\352\217\307%[4\314\227&\232b\235\346{\015"
 276      8FC7255B 
 276      34CC9726 
 276      9A629DE6 
 276      7B0D
 277 0d73 72C24473 		.ascii	"r\302Ds\334@s^\303\2341aN\351\012_\320 \247\255\020"
 277      DC40735E 
 277      C39C3161 
 277      4EE90A5F 
 277      D020A7AD 
 278 0d88 25681B4A 		.ascii	"%h\033J\225\240=\012p\330j\271\202\332\\\252?\373m4"
 278      95A03D0A 
 278      70D86AB9 
 278      82DA5CAA 
 278      3FFB6D34 
 279 0d9c 69BDC190 		.ascii	"i\275\301\220\000\273J\365l_cB}\256\333vLS\352\274I"
 279      00BB4AF5 
 279      6C5F6342 
 279      7DAEDB76 
 279      4C53EABC 
 280 0db1 DC39FD4D 		.ascii	"\3349\375Mu\205AZ\221\211g\245\241Y\227\011\"\304\254"
 280      7585415A 
 280      918967A5 
 280      A1599709 
 280      22C4AC
 281 0dc4 B7FA51E9 		.ascii	"\267\372Q\351\303\233J\261\017#\321\217\270\257\346"
 281      C39B4AB1 
 281      0F23D18F 
 281      B8AFE6
 282 0dd3 20D16D4C 		.ascii	" \321mLO\331\315\265\252\270||N\260\256\254\"\256Z\023"
 282      4FD9CDB5 
 282      AAB87C7C 
ARM GAS  /tmp/ccrByUCV.s 			page 22


 282      4EB0AEAC 
 282      22AE5A13 
 283 0de7 B7DC8429 		.ascii	"\267\334\204)00\33508\340[\223u\373A\335\210(\371<["
 283      3030DD30 
 283      38E05B93 
 283      75FB41DD 
 283      8828F93C 
 284 0dfc 86597898 		.ascii	"\206Yx\230)3\024\346s\211\014_\310P$C\201\014kdX*C\251"
 284      293314E6 
 284      73890C5F 
 284      C8502443 
 284      810C6B64 
 285 0e14 0CAB64F8 		.ascii	"\014\253d\370R\206\2552\254\226a\223\014\353d\310\227"
 285      5286AD32 
 285      AC966193 
 285      0CEB64C8 
 285      97
 286 0e25 61AD0C9B 		.ascii	"a\255\014\233e\370\034m\221a\203\014\313d(\224a\205"
 286      65F81C6D 
 286      9161830C 
 286      CB642894 
 286      6185
 287 0e37 0C1B6558 		.ascii	"\014\033eX.C\236\014+e(\226\341+\265L\3566xs\265uU\024"
 287      2E439E0C 
 287      2B652896 
 287      E12BB54C 
 287      EE367873 
 288 0e4f D5CF1954 		.ascii	"\325\317\031T\257\263\306\256X\273\213\332\332\235\264"
 288      AFB3C6AE 
 288      58BB8BDA 
 288      DA9DB4
 289 0e5e C6A5524B 		.ascii	"\306\245RK5\310\012\253\233\270\003\232\217\226\226"
 289      35C80AAB 
 289      9BB8039A 
 289      8F9696
 290 0e6d F345598C 		.ascii	"\363EY\214\273\004N\243\276\325\277\240\207@\235A\235"
 290      BB044EA3 
 290      BED5BFA0 
 290      87409D41 
 290      9D
 291 0e7e 7A6B9C28 		.ascii	"zk\234(\317e\033K\371.h\206\0147(\303\210\"i|\222\274"
 291      CF651B4B 
 291      F92E6886 
 291      0C3728C3 
 291      8822697C 
 292 0e94 A986F712 		.ascii	"\251\206\367\022\031\346\310\226\025Q\237I\015\322V"
 292      19E6C896 
 292      15519F49 
 292      0DD256
 293 0ea3 59034E50 		.ascii	"Y\003NP\3554\370q\255\265\214\260\367\037\347y\221]"
 293      ED34F871 
 293      ADB58CB0 
 293      F71FE779 
 293      915D
 294 0eb5 7FE4C6B1 		.ascii	"\177\344\306\261\2508\313Ro\373\377]jV\274\013\017\030"
 294      A838CB52 
 294      6FFBFF5D 
ARM GAS  /tmp/ccrByUCV.s 			page 23


 294      6A56BC0B 
 294      0F18
 295 0ec7 FE9FB25D 		.ascii	"\376\237\262]Wp\207\250\246?,\334X\021\365z] \360pG"
 295      577087A8 
 295      A63F2CDC 
 295      5811F57A 
 295      5D20F070 
 296 0edc D3A9EDBD 		.ascii	"\323\251\355\275\366M.\372\000/\301>\366_O\015\273\017"
 296      F64D2EFA 
 296      002FC13E 
 296      F65F4F0D 
 296      BB0F
 297 0eee C4BF2AEF 		.ascii	"\304\277*\357T7\030:\305\014\235\254L\220\035;\222\367"
 297      5437183A 
 297      C50C9DAC 
 297      4C901D3B 
 297      92F7
 298 0f00 4394E17F 		.ascii	"C\224\341\177\007:\240\234\2513\274_\277D\237s\\\242"
 298      073AA09C 
 298      A933BC5F 
 298      BF449F73 
 298      5CA2
 299 0f12 CF9F3970 		.ascii	"\317\2379p@b\322\230\341\003\007\330\307&\375\373_\355"
 299      4062D298 
 299      E10307D8 
 299      C726FDFB 
 299      5FED
 300 0f24 1FBA93BD 		.ascii	"\037\272\223\275\016\357\204\304\024Of\246'\013\017"
 300      0EEF84C4 
 300      144F66A6 
 300      270B0F
 301 0f33 5E57A2CF 		.ascii	"^W\242\317\233\222\230\363\231\335\351\372\324\235\342"
 301      9B9298F3 
 301      99DDE9FA 
 301      D49DE2
 302 0f42 B2FBFC8E 		.ascii	"\262\373\374\216\224q\366t\217\317o\037\357\030\347"
 302      9471F674 
 302      8FCF6F1F 
 302      EF18E7
 303 0f51 CAC9EE97 		.ascii	"\312\311\356\227\022\376\376\210\261\011\203\337z[\222"
 303      12FEFE88 
 303      B10983DF 
 303      7A5B92
 304 0f60 C70E1B31 		.ascii	"\307\016\0331&\336\341\315\374\364\235\276\231\3752"
 304      26DEE1CD 
 304      FCF49DBE 
 304      99FD32
 305 0f6f 1DEEAC37 		.ascii	"\035\356\2547\235\276\3547S\263\245\010d\362\273>\353"
 305      9DBEEC37 
 305      53B3A508 
 305      64F2BB3E 
 305      EB
 306 0f80 9B3970A0 		.ascii	"\2339p\240\324\335\336\016\333\333\211\231Y\376\304"
 306      D4DDDE0E 
 306      DBDB8999 
 306      59FEC4
 307 0f8f 94447F66 		.ascii	"\224D\177fv\242\323\235\235\341\311\034\347H\364{="
ARM GAS  /tmp/ccrByUCV.s 			page 24


 307      76A2D39D 
 307      9DE1C91C 
 307      E748F47B 
 307      3D
 308 0fa0 D9EE94FE 		.ascii	"\331\356\224\376o\365\345\372\346\374\261o\216/\271"
 308      6FF5E5FA 
 308      E6FCB16F 
 308      8E2FB9
 309 0faf 2F328C73 		.ascii	"/2\214s\373\373\246\216OtdgK#\376O-\222b\231\216\276"
 309      FBFBA68E 
 309      4F746467 
 309      4B23FE4F 
 309      2D926299 
 310 0fc5 093EBF2B 		.ascii	"\011>\277+\323\356\313p|\352z=\350\\\275\371SW\226\323"
 310      D3EECB70 
 310      7CEA7A3D 
 310      E85CBDF9 
 310      535796D3 
 311 0fd9 E3B57B5D 		.ascii	"\343\265{]\237\344\270|\376\220\261\037\216\034\361"
 311      9FE4B87C 
 311      FE90B11F 
 311      8E1CF1
 312 0fe8 FE6BC1D8 		.ascii	"\376k\301\330\224tGV\232\313\236\232\223\225\342w{\262"
 312      94744756 
 312      9ACB9E9A 
 312      9395E277 
 312      7BB2
 313 0ffa 2CD7152E 		.ascii	",\327\025.gj"
 313      676A
 314 1000 8E3DD3E3 		.ascii	"\216=\323\343t\365i\347:*\353w\3313\035)\351\356\254"
 314      74F569E7 
 314      3A2AEB77 
 314      D9331D29 
 314      E9EEAC
 315 1013 76817EAF 		.ascii	"v\201~\257#\313\227\352\362\332}\356\277\271~\337\016"
 315      23CB97EA 
 315      F2DA7DEE 
 315      BFB97EDF 
 315      0E
 316 1024 D0E942FB 		.ascii	"\320\351B\373\323\355~w\246\313\223\343\357\335\016"
 316      D3ED7E77 
 316      A6CB93E3 
 316      EFDD0E
 317 1033 32C591ED 		.ascii	"2\305\221\355Hvg\270\375n\227\317\342\017\257+\323\203"
 317      487667B8 
 317      FD6E97CF 
 317      E20FAF2B 
 317      D383
 318 1045 9A090FDA 		.ascii	"\232\011\017\332]Y\216\344\014\227\323\242\240\031\245"
 318      5D598EE4 
 318      0C97D3A2 
 318      A019A5
 319 1054 114EE816 		.ascii	"\021N\350\026\014\314\366\214g\2723k;\005_\363e\273"
 319      0CCCF68C 
 319      67BA336B 
 319      3B055FF3 
 319      65BB
ARM GAS  /tmp/ccrByUCV.s 			page 25


 320 1066 5C4E8B02 		.ascii	"\\N\213\002\356,\277\313\233\352@]S2\034>\237\335\341"
 320      EE2CBFCB 
 320      9BEA405D 
 320      53321C3E 
 320      9FDDE1
 321 1079 F53A26FC 		.ascii	"\365:&\374\216\241\304\032\360\311\024OV\252;-\307\353"
 321      8EA1C41A 
 321      F0C9144F 
 321      56AA3B2D 
 321      C7EB
 322 108b 60EB60CF 		.ascii	"`\353`\317\312\311Lvy_\013\302\350D\342z\3176\257g;"
 322      CAC94C76 
 322      795F0BC2 
 322      E844E27A 
 322      CF36AF67 
 323 10a0 BC8E4C17 		.ascii	"\274\216L\027\236u\017\202\370\035\276q\332rw\012\326"
 323      9E750F82 
 323      F81DBE71 
 323      DA72770A 
 323      D6
 324 10b1 21C3EDCA 		.ascii	"!\303\355\312\362w\261\260\242\261Y)\256\036A\363\010"
 324      F277B1B0 
 324      A2B15929 
 324      AE1E41F3 
 324      08
 325 10c2 F54ED0B8 		.ascii	"\365N\320\270z\214\375\253=\351\303A\037\015\265\017"
 325      7A8CFDAB 
 325      3DE9C341 
 325      1F0DB50F 
 326 10d2 FE705052 		.ascii	"\376pPR\222}\360\310\341\303\007\215\030bO\0323z\354"
 326      927DF0C8 
 326      E1C3078D 
 326      18624F1A 
 326      337AEC
 327 10e5 E031C192 		.ascii	"\3401\301\222\230\373r|qA\263Y\250s\310\330\301\037"
 327      98FB727C 
 327      7141B359 
 327      A873C8D8 
 327      C11F
 328 10f7 0C1ADD29 		.ascii	"\014\032\335)\210M\260tm\313\336\337jpL\363\241\243"
 328      884DB074 
 328      6DCBDEDF 
 328      6A704CF3 
 328      A1A3
 329 1109 DF1B3478 		.ascii	"\337\0334x\250r\313\237\377\221\354sg\361\354sd\273"
 329      A872CB9F 
 329      FF91EC73 
 329      67F1EC73 
 329      64BB
 330 111b FBA54BD1 		.ascii	"\373\245K\321f\025,q`X\313^\226\320\304\230Le+0\336"
 330      66152C71 
 330      6058CB5E 
 330      96D0C498 
 330      4C652B30 
 331 1130 E31D67CF 		.ascii	"\343\035g\317pe\245\371\323{\264\013\372C\360\325\014"
 331      7065A5F9 
 331      D37BB40B 
ARM GAS  /tmp/ccrByUCV.s 			page 26


 331      FA43F0D5 
 331      0C
 332 1141 4CCC1C07 		.ascii	"L\314\034\007\346\246\333i\241\262DX\253`K\302\370\374"
 332      E6A6DB69 
 332      A1B24458 
 332      AB604BC2 
 332      F8FC
 333 1153 5E77569A 		.ascii	"^wV\232\205-\341\327p\003\332\310\274`\"{\272;-]\344"
 333      852DE1D7 
 333      7003DAC8 
 333      BC60227B 
 333      BA3B2D5D 
 334 1168 C09BBF7A 		.ascii	"\300\233\277z\213\216}i\372\324\234\214\214\227\245"
 334      8B8E7D69 
 334      FAD49C8C 
 334      8C97A5
 335 1177 D7B16DD5 		.ascii	"\327\261m\325\215_uC0\256s\353\200\327\265\240Tn\300"
 335      8D5F7543 
 335      30AE73EB 
 335      80D7B5A0 
 335      546EC0
 336 118a BA9BEDC1 		.ascii	"\272\233\355\301\320\364a\251\360d(\251\372j\373\250"
 336      D0F461A9 
 336      F06428A9 
 336      FA6AFBA8 
 337 119a AE5AB00D 		.ascii	"\256Z\260\015\0351d\324H\214b%~\337\010\276O\213y\023"
 337      1D3164D4 
 337      488C6225 
 337      7EDF08BE 
 337      4F8B7913 
 338 11ae FD6BBF02 		.ascii	"\375k\277\002\263\\Ou{\261\253h\250>\301\327\315\345"
 338      B35C4F75 
 338      7BB1AB68 
 338      A83EC1D7 
 338      CDE5
 339 11c0 C8E9F2A5 		.ascii	"\310\351\362\245x\335\331~\2177|\270\343\263Q\254\002"
 339      78DDD97E 
 339      8F377CB8 
 339      E3B351AC 
 339      02
 340 11d1 4626670E 		.ascii	"F&g\016\362c\240$\347\370]\276h\367`#>.\331t\372\221"
 340      F263A024 
 340      E7F85DBE 
 340      68F76023 
 340      3E2ED974 
 341 11e7 2323C715 		.ascii	"##\307\025\235<\"'s\230\246U\344\3701\036\277#\343C"
 341      9D3C2227 
 341      7398A655 
 341      E4F8311E 
 341      BF23E343 
 342 11fb EEFAD0B1 		.ascii	"\356\372\320\261I\037\214\034=&&y\210&g\314\204lWX\262"
 342      491F8C1C 
 342      3D262679 
 342      882667CC 
 342      846C5758 
 343 1210 B8DC139D 		.ascii	"\270\334\023\2353x\344\210\367\206\275?v\364\2401\303"
 343      3378E488 
ARM GAS  /tmp/ccrByUCV.s 			page 27


 343      F786BD3F 
 343      76F4A031 
 343      C3
 344 1221 468EB00F 		.ascii	"F\216\260\017\031\2324x\364\260QcF\216n\313Mf\375}\256"
 344      199A3478 
 344      F4B05163 
 344      468E6ECB 
 344      4D66FD7D 
 345 1236 0C578ADF 		.ascii	"\014W\212\337\345Lh\005\206-<C[\015\275\242\2523z\273"
 345      E54C6805 
 345      862D3C43 
 345      5B0DBDA2 
 345      AA337ABB 
 346 124a 523A695F 		.ascii	"R:i_\015\022|E\251j\366\354t\207\017W -\013k\312k\355"
 346      0D127C45 
 346      A96AF6EC 
 346      74870F57 
 346      202D0B6B 
 347 1261 A05DFE9C 		.ascii	"\240]\376\234\354\337\265}=\325\343E\015\377\226\221"
 347      ECDFB57D 
 347      3DD5E345 
 347      0DFF9691 
 348 1271 FD4F6D63 		.ascii	"\375Omc\224\336\330\236\024\326\250\332\321\031\353"
 348      94DED89E 
 348      14D6A8DA 
 348      D119EB
 349 1280 5F76868B 		.ascii	"_v\206\213{I-\345z0\216\031=hD\322{CU/\267#\206\333"
 349      7B492DE5 
 349      7A308E19 
 349      3D6844D2 
 349      7B43552F 
 350 1298 FCFB9712 		.ascii	"\374\373\227\022\223\202\033\211v\220\332\204H\313?"
 350      93821B89 
 350      7690DA84 
 350      48CB3F
 351 12a7 B48D7467 		.ascii	"\264\215tg\005\203{\267\015v\244\370s\034\031\012\356"
 351      05837BB7 
 351      0D76A4F8 
 351      731C190A 
 351      EE
 352 12b8 9FDBC629 		.ascii	"\237\333\306)G\227S\201\366k\307\246\034\257\027\233"
 352      47975381 
 352      F66BC7A6 
 352      1CAF179B 
 353 12c8 A0DDE9F0 		.ascii	"\240\335\351\360;\354<X\\\3367\332\206\033a=\333\206"
 353      3BEC3C58 
 353      5CDE37DA 
 353      861B613D 
 353      DB86
 354 12da A981F76A 		.ascii	"\251\201\367j;.\302\344H\370\2650\354j\015e\021\364"
 354      3B2EC2E4 
 354      48F8B530 
 354      EC6A0D65 
 354      11F4
 355 12ec 9DB5E51D 		.ascii	"\235\265\345\0352\364\243aZ\247\354f\305k\345\3415\353"
 355      32F4A361 
 355      5AA7EC66 
ARM GAS  /tmp/ccrByUCV.s 			page 28


 355      C56BE5E1 
 355      35EB
 356 12fe B52CD767 		.ascii	"\265,\327g\272\256\335[\223\245\246r\204\335\221\201"
 356      BAAEDD5B 
 356      93A5A672 
 356      84DD9181 
 357 130e C9C0B77B 		.ascii	"\311\300\267{\035\222y\011\370\324\221\021=\236U\022"
 357      1D927909 
 357      F8D49111 
 357      3D9E5512 
 358 131e DCDFBAFC 		.ascii	"\334\337\272\374Ix!6y\250r\347 \247\323\353\362\371"
 358      49782136 
 358      79A872E7 
 358      20A7D3EB 
 358      F2F9
 359 1330 D87E42AB 		.ascii	"\330~B\253\205\226|\217\267\012t9\273X'y\364\267\342"
 359      85967C8F 
 359      B70A7439 
 359      BB582779 
 359      F4B7E2
 360 1343 09E1A257 		.ascii	"\011\341\242W\202\313\201\256tGV\256LU\314\027\345N"
 360      82CB81AE 
 360      744756AE 
 360      4C55CC17 
 360      E54E
 361 1355 7279DD8E 		.ascii	"ry\335\216\214\021\274\342\206\273Gy=\316\234\024\177"
 361      8C11BCE2 
 361      86BB4779 
 361      3DCE9C14 
 361      7F
 362 1366 947BB823 		.ascii	"\224{\270#+'\225\305\227\327\345\355\220\234\342\034"
 362      2B2795C5 
 362      97D7E5ED 
 362      909CE21C 
 363 1376 C2C93AB8 		.ascii	"\302\311:\270\235\012\"\334\355\374\210o\306c\222M6"
 363      9D0A22DC 
 363      EDFC886F 
 363      C663924D 
 363      36
 364 1387 F767058F 		.ascii	"\367g\005\217A\021\347\367\244x2\324\363\244\234\344"
 364      4111E7F7 
 364      A47832D4 
 364      F3A49CE4 
 365 1397 C16C7711 		.ascii	"\301lw\021\251\234\363\223Pd\306\235K7\364\213\262n"
 365      A99CF393 
 365      5064C69D 
 365      4B37F48B 
 365      B26E
 366 13a9 16AF740A 		.ascii	"\026\257t\012\266\207\233\337-x\326\260\203\215\011"
 366      B6879BDF 
 366      2D78D6B0 
 366      838D09
 367 13b8 8A85384B 		.ascii	"\212\2058K\217K1\026\315\024\247Z13\220!\335\341u\216"
 367      8F4B3116 
 367      CD14A75A 
 367      31339021 
 367      DDE1758E 
ARM GAS  /tmp/ccrByUCV.s 			page 29


 368 13cc 77785D9D 		.ascii	"wx]\235L\000\265\212\304\351\324\203\207Xb\214!\025"
 368      4C00B58A 
 368      C4E9D483 
 368      8758628C 
 368      2115
 369 13de 751C62C1 		.ascii	"u\034b\301cL\327\334\236X\363\271\367\223\036\246\011"
 369      634CD7DC 
 369      9E58F3B9 
 369      F7931EA6 
 369      09
 370 13ef 8F3FCDB4 		.ascii	"\217?\315\264\355\357\336\226\226,Y\342L\027\305\342"
 370      EDEFDE96 
 370      962C59E2 
 370      4C17C5E2 
 371 13ff 77D39FB3 		.ascii	"w\323\237\263\330\244ic\034i\324\235\347\313\307Ic\206"
 371      D8A46963 
 371      1C69D49D 
 371      E7CBC749 
 371      6386
 372 1411 0E57E684 		.ascii	"\016W\346\204-\375^\352\271K\243\214\011b\371\327\377"
 372      2DFD5EEA 
 372      B94BA38C 
 372      0962F9D7 
 372      FF
 373 1422 C5C65488 		.ascii	"\305\306T\210\303\275\351\377\000\2014\253h"
 373      C3BDE9FF 
 373      008134AB 
 373      68
 374              		.text
 375              		.section	.gnu.lto_.symtab.c3235f701162d3bf,"e",%progbits
 376 0000 5F75785F 		.ascii	"_ux_device_stack_host_wakeup\000"
 376      64657669 
 376      63655F73 
 376      7461636B 
 376      5F686F73 
 377 001d 00       		.ascii	"\000"
 378 001e 00       		.ascii	"\000"
 379 001f 00       		.ascii	"\000"
 380 0020 00000000 		.ascii	"\000\000\000\000\000\000\000\000"
 380      00000000 
 381 0028 C2000000 		.ascii	"\302\000\000\000"
 382 002c 5F75785F 		.ascii	"_ux_system_slave\000"
 382      73797374 
 382      656D5F73 
 382      6C617665 
 382      00
 383 003d 00       		.ascii	"\000"
 384 003e 02       		.ascii	"\002"
 385 003f 00       		.ascii	"\000"
 386 0040 00000000 		.ascii	"\000\000\000\000\000\000\000\000"
 386      00000000 
 387 0048 37020000 		.ascii	"7\002\000\000"
 388              		.text
 389              		.section	.gnu.lto_.ext_symtab.c3235f701162d3bf,"e",%progbits
 390 0000 01       		.ascii	"\001"
 391 0001 01       		.ascii	"\001"
 392 0002 00       		.ascii	"\000"
ARM GAS  /tmp/ccrByUCV.s 			page 30


 393 0003 02       		.ascii	"\002"
 394 0004 01       		.ascii	"\001"
 395              		.text
 396              		.section	.gnu.lto_.opts,"e",%progbits
 397 0000 272D666E 		.ascii	"'-fno-openmp' '-fno-openacc' '-fno-pie' '-fcf-prote"
 397      6F2D6F70 
 397      656E6D70 
 397      2720272D 
 397      666E6F2D 
 398 0033 6374696F 		.ascii	"ction=none' '-mcpu=cortex-m33' '-mthumb' '-mfpu=fpv"
 398      6E3D6E6F 
 398      6E652720 
 398      272D6D63 
 398      70753D63 
 399 0066 342D7370 		.ascii	"4-sp-d16' '-mfloat-abi=hard' '-mlibarch=armv8-m.mai"
 399      2D643136 
 399      2720272D 
 399      6D666C6F 
 399      61742D61 
 400 0099 6E2B6473 		.ascii	"n+dsp+fp' '-march=armv8-m.main+dsp+fp' '-Os' '-flto"
 400      702B6670 
 400      2720272D 
 400      6D617263 
 400      683D6172 
 401 00cc 2720272D 		.ascii	"' '-fdata-sections' '-ffunction-sections' '-Xassemb"
 401      66646174 
 401      612D7365 
 401      6374696F 
 401      6E732720 
 402 00ff 6C657227 		.ascii	"ler' '-a' '-Xassembler' '-ad' '-Xassembler' '-alms="
 402      20272D61 
 402      2720272D 
 402      58617373 
 402      656D626C 
 403 0132 6275696C 		.ascii	"build/../sdk/stm32/STM32_USBX_Library/common/core/s"
 403      642F2E2E 
 403      2F73646B 
 403      2F73746D 
 403      33322F53 
 404 0165 72632F75 		.ascii	"rc/ux_device_stack_host_wakeup.lst'\000"
 404      785F6465 
 404      76696365 
 404      5F737461 
 404      636B5F68 
 405              		.text
 406              		.comm	__gnu_lto_slim,1,1
 407              		.ident	"GCC: (15:10.3-2021.07-4) 10.3.1 20210621 (release)"
ARM GAS  /tmp/ccrByUCV.s 			page 31


DEFINED SYMBOLS
                            *ABS*:0000000000000000 ux_device_stack_host_wakeup.c
                            *COM*:0000000000000001 __gnu_lto_slim

NO UNDEFINED SYMBOLS
