ARM GAS  /tmp/ccw6d591.s 			page 1


   1              		.cpu cortex-m33
   2              		.eabi_attribute 27, 1
   3              		.eabi_attribute 28, 1
   4              		.eabi_attribute 20, 1
   5              		.eabi_attribute 21, 1
   6              		.eabi_attribute 23, 3
   7              		.eabi_attribute 24, 1
   8              		.eabi_attribute 25, 1
   9              		.eabi_attribute 26, 1
  10              		.eabi_attribute 30, 4
  11              		.eabi_attribute 34, 1
  12              		.eabi_attribute 18, 4
  13              		.file	"ux_device_stack_transfer_abort.c"
  14              		.section	.gnu.lto_.profile.55bbf190a2c76082,"e",%progbits
  15 0000 789C6361 		.ascii	"x\234ca\000\002F\006\006\000\000+\000\006"
  15      00024606 
  15      0600002B 
  15      0006
  16              		.text
  17              		.section	.gnu.lto_.icf.55bbf190a2c76082,"e",%progbits
  18 0000 789C6367 		.ascii	"x\234cg@\000F\206\325\353\033\214\030\000\010\226\002"
  18      40004686 
  18      D5EB1B8C 
  18      18000896 
  18      02
  19 0011 15       		.ascii	"\025"
  20              		.text
  21              		.section	.gnu.lto_.ipa_sra.55bbf190a2c76082,"e",%progbits
  22 0000 789C1365 		.ascii	"x\234\023e@\000F\006&\030\223\031\310a\004\013\001\000"
  22      40004606 
  22      26189319 
  22      C861040B 
  22      0100
  23 0012 033F001F 		.ascii	"\003?\000\037"
  24              		.text
  25              		.section	.gnu.lto_.inline.55bbf190a2c76082,"e",%progbits
  26 0000 789C7365 		.ascii	"x\234se@\000F\006\006\261\311\033\236\356d\312`d`\342"
  26      40004606 
  26      06B1C91B 
  26      9EEE64CA 
  26      606460E2 
  27 0014 EEBED0B9 		.ascii	"\356\276\320\271\221)\225\201\201\263\375\301\355\005"
  27      91299581 
  27      81B3FDC1 
  27      ED05
  28 0022 CC294C0C 		.ascii	"\314)L\014L@%L\334 u\023\374Ph\0066! \301<\301\217\001"
  28      4C40254C 
  28      DC207513 
  28      FC506806 
  28      362120C1 
  29 003a 88005519 		.ascii	"\210\000U\031\015\304"
  29      0DC4
  30              		.text
  31              		.section	.gnu.lto_.jmpfuncs.55bbf190a2c76082,"e",%progbits
  32 0000 789CCB66 		.ascii	"x\234\313f@\000F\006&FF\346\372%\314\014@\314\310\004"
  32      40004606 
  32      264646E6 
ARM GAS  /tmp/ccw6d591.s 			page 2


  32      FA25CC0C 
  32      40CCC804 
  33 0014 1438C0C2 		.ascii	"\0248\300\302\310\000\304\377\201\200\237\001C\200\201"
  33      C800C4FF 
  33      81809F01 
  33      438081
  34 0023 0D43C924 		.ascii	"\015C\311$\346%\314L\214\274`a^\220\024\003K\035\003"
  34      E625CC4C 
  34      8CBC6061 
  34      5E901403 
  34      4B1D03
  35 0036 BAAA7A05 		.ascii	"\272\252z\005\006\000\373\273\035*"
  35      0600FBBB 
  35      1D2A
  36              		.text
  37              		.section	.gnu.lto_.pureconst.55bbf190a2c76082,"e",%progbits
  38 0000 789C6361 		.ascii	"x\234ca```d\230\305\002\000\001d\000\244"
  38      60606064 
  38      98C50200 
  38      016400A4 
  39              		.text
  40              		.section	.gnu.lto_.lto.55bbf190a2c76082,"e",%progbits
  41 0000 09000400 		.ascii	"\011\000\004\000\001\000\000\000"
  41      01000000 
  42              		.text
  43              		.section	.gnu.lto__ux_device_stack_transfer_abort.3.55bbf190a2c76082,"e",%progbits
  44 0000 789C6D92 		.ascii	"x\234m\222KL\023Q\024\206\357\2313}\360\306\225\211"
  44      4B4C1351 
  44      1486EF99 
  44      337DF0C6 
  44      9589
  45 0012 89818D31 		.ascii	"\211\201\2151.`x\304\2705\256uA\020\343\256i\247\203"
  45      2E6078C4 
  45      B835AE75 
  45      4110E3AE 
  45      69A783
  46 0025 694A699D 		.ascii	"iJi\235\231\242\256\030\240JRM\240\240.\024\252\324"
  46      99A2AE18 
  46      A04A524D 
  46      A0A02E14 
  46      AAD4
  47 0037 092126C4 		.ascii	"\011!&\304\220\370\000\254Z\203\004\202\361\355\316"
  47      90F800AC 
  47      5A830482 
  47      F1EDCE
  48 0046 C4941889 		.ascii	"\304\224\030\211.\024\202\033KH\360\334\333\3622,f\346"
  48      2E14821B 
  48      4B48F0DC 
  48      DBF2322C 
  48      66E6
  49 0058 CE99EFFE 		.ascii	"\316\231\357\376\347?\377\2353\310X\2321\326B\0278\031"
  49      E73FFF9D 
  49      33C8589A 
  49      31D64217 
  49      3819
  50 006a 0C24E212 		.ascii	"\014$\342\022\263,\353\270K\222z\022W%x\001\275\331"
  50      B32CEBB8 
ARM GAS  /tmp/ccw6d591.s 			page 3


  50      4B927A12 
  50      57257801 
  50      BDD9
  51 007c 2FD5722C 		.ascii	"/\325r,Q\236\273cW\311\0107\022\305\342\273L\253M\326"
  51      519EBB63 
  51      57C90837 
  51      12C5E2BB 
  51      4CAB4DD6 
  52 0090 015D89F8 		.ascii	"\001]\211\370\362\330c\231pQ\000\326)\241\354\200N\030"
  52      F2D86399 
  52      705100D6 
  52      29A1EC80 
  52      4E18
  53 00a2 C4218401 		.ascii	"\304!\204\001\264\221\201\\X\001T\037\311X\326\337\331"
  53      B491815C 
  53      5801541F 
  53      C958D6DF 
  53      D9
  54 00b3 E4F83718 		.ascii	"\344\3707\030\032\313\3106J,I\300#\200\207@F\030\201"
  54      1ACBC836 
  54      4A2C49C0 
  54      23808740 
  54      461881
  55 00c6 780DD861 		.ascii	"x\015\330a\242\336\257MZV\021\263\021\341\011\354\200"
  55      A2DEAF4D 
  55      5A5611B3 
  55      11E109EC 
  55      80
  56 00d7 A820B0E1 		.ascii	"\250 \260\341\002v\277\247\327\252$%\031\246vcrAo\034"
  56      0276BFA7 
  56      D7AA2425 
  56      19A67663 
  56      72416F1C 
  57 00eb F8E310B1 		.ascii	"\370\343\020\261+\3233\361\362\376.\267\215\016x\012"
  57      2BD333F1 
  57      F2FE2EB7 
  57      8D0E780A 
  58 00fb BB1A0B72 		.ascii	"\273\032\013rb\233\234\274\027\231\267\204\352\263\377"
  58      629B9CBC 
  58      1799B784 
  58      EAB3FF
  59 010a 40CAEA39 		.ascii	"@\312\3529@\032\270q\236\035cR\276\360\340\243#c\255"
  59      401AB871 
  59      9E1D6352 
  59      BEF0E0A3 
  59      2363AD
  60 011d 6FF459D6 		.ascii	"o\364Y\326\237\003KM\225@\026\234\022\335\\H77mK\203"
  60      9F034B4D 
  60      9540169C 
  60      12DD5C48 
  60      37376D4B 
  61 0132 0B6012DC 		.ascii	"\013`\022\334\000\323P\302U\030\353C\236\243%\203\225"
  61      00D350C2 
  61      5518EB43 
  61      9EA32583 
  61      95
  62 0143 61AC1FA5 		.ascii	"a\254\037\245\374K\027\275\374\206\356\233S\337\027"
ARM GAS  /tmp/ccw6d591.s 			page 4


  62      FC4B17BD 
  62      FC86EE9B 
  62      53DF17
  63 0152 5D298442 		.ascii	"])\204BzE\302]\014$Z\216Q\357Q\321\001^\002d@\360\327"
  63      7A45C25D 
  63      0C245A8E 
  63      51EF51D1 
  63      015E0264 
  64 0169 E36F2085 		.ascii	"\343o \205\316\002\356\024\370(?\226\261*\033\213I\010"
  64      CE02EE14 
  64      F8283F96 
  64      B12A1B8B 
  64      4908
  65 017b 6644AD8E 		.ascii	"fD\255\216J\224A\011\274\202a>CL0\345<\225\331\274\322"
  65      4A944109 
  65      BC82613E 
  65      434C30E5 
  65      3C95D9BC 
  66 0190 ADDCD244 		.ascii	"\255\334\322D}A\007w\350\354\267\2614\205.\230\003V"
  66      7D410777 
  66      E8ECB7B1 
  66      34852E98 
  66      0356
  67 01a2 1091619E 		.ascii	"\020\221a\236DhW\012\335l\005z\262\023sR\012K\204\313"
  67      4468570A 
  67      DD6C057A 
  67      B2137352 
  67      0A4B84CB 
  68 01b6 B2248A83 		.ascii	"\262$\212\203(\347\222\351\334\257\021\032F\332\324"
  68      28E792E9 
  68      DCAF111A 
  68      46DAD4
  69 01c5 72EF21F5 		.ascii	"r\357!\365\232\244$2\364\023b?f|\004\363\3762\344s\357"
  69      9AA42432 
  69      F413623F 
  69      667C04F3 
  69      FE32E473 
  70 01da 479CB2BE 		.ascii	"G\234\262\276^\2266\323I\347\226?`\0127\3772\307\266"
  70      5E9636D3 
  70      49E7963F 
  70      600A37FF 
  70      32C7B6
  71 01ed 4D3E1B9F 		.ascii	"M>\033\237\366\355\226\264\033\336\2214\237u\005\256"
  71      F6ED96B4 
  71      1BDE9134 
  71      9F7505AE 
  72 01fd DC6D24B3 		.ascii	"\334m$\263H\227\223\357\223\240\214l\330XA\237b\331"
  72      489793EF 
  72      93A08C6C 
  72      D858419F 
  72      62D9
  73 020f CF2E26AC 		.ascii	"\317.&\254W&\271\021\032\304\306}\274\331\352\344\372"
  73      5726B911 
  73      1AC4C67D 
  73      BCD9EAE4 
  73      FA
  74 0220 62C5560C 		.ascii	"b\305V\014\007\367\360\376)\357=\357X\026~\345\371\215"
ARM GAS  /tmp/ccw6d591.s 			page 5


  74      07F7F0FE 
  74      29EF3DEF 
  74      58167EE5 
  74      F98D
  75 0232 9135107E 		.ascii	"\2215\020~\271\366\340B\351\036\342\034tl\037\373*t"
  75      B9F6E042 
  75      E91EE21C 
  75      746C1FFB 
  75      2A74
  76 0244 676F2F94 		.ascii	"go/\224\345\235\211\271\373\020\266\177\021\306\216"
  76      E59D89B9 
  76      FB10B67F 
  76      11C68E
  77 0253 29A17653 		.ascii	")\241vSQ\0253\024Q\374\201H[8\024\364*\246\036\216\004"
  77      51153314 
  77      51FC8148 
  77      5B3814F4 
  77      2AA61E8E 
  78 0268 D4BAFA1A 		.ascii	"\324\272\372\032\303\01456D\217\326D\015_\215_\353\010"
  78      C30C3536 
  78      448FD644 
  78      0D5F8D5F 
  78      EB08
  79 027a 06CC9AD6 		.ascii	"\006\314\232\326\013\2127\022aM\265\265\212\341\017"
  79      0B8A3712 
  79      614DB5B5 
  79      8AE10F
  80 0289 2A82509A 		.ascii	"*\202P\232O\237jl\360\2644\2378\3539\031\360\351^\375"
  80      4F9F6A6C 
  80      F0B4349F 
  80      38EB3919 
  80      F0E95EFD 
  81 029d 92A28643 		.ascii	"\222\242\206C\241p;=tM1tU\211^\364\220B@\325<\206\351"
  81      A1703B3D 
  81      744D3174 
  81      55895EF4 
  81      904240D5 
  82 02b4 55831E53 		.ascii	"U\203\036S\367\266\033\255\232\356\361\372\302\272Y"
  82      F7B61BAD 
  82      9AEEF1FA 
  82      C2BA59
  83 02c3 ABB2CAAD 		.ascii	"\253\262\312\255\212\256\235\217j\206YA\022\2216\315"
  83      8AAE9D8F 
  83      6A865941 
  83      129136CD 
  84 02d3 0C84DB3D 		.ascii	"\014\204\333=j\330\257\241_\365\227\030\336\016\315"
  84      6AD8AFA1 
  84      5FF59718 
  84      DE0ECD
  85 02e2 EF696DF3 		.ascii	"\357im\363\2363\376\001vII\322"
  85      9E33FE01 
  85      764949D2 
  86              		.text
  87              		.section	.gnu.lto_.symbol_nodes.55bbf190a2c76082,"e",%progbits
  88 0000 789C758C 		.ascii	"x\234u\214\313\021@@\020D\273\3673i\220\351\254*\234"
  88      CB114040 
  88      1044BBF7 
ARM GAS  /tmp/ccw6d591.s 			page 6


  88      336990E9 
  88      AC2A9C
  89 0013 5D04A04A 		.ascii	"]\004\240J\022D\340$\004'Q\270\254Y\\\275KO\365gz\030"
  89      1244E024 
  89      042751B8 
  89      AC595CBD 
  89      4B4FF567 
  90 0029 CE2B9211 		.ascii	"\316+\222\0218\354\200\002kj\010\226\0101\2406\241("
  90      38EC8002 
  90      6B6A0896 
  90      0831A036 
  90      A128
  91 003b F347F5D4 		.ascii	"\363G\365\324P&\245\303\250\356'\362\360\357\337\226"
  91      5026A5C3 
  91      A8EE27F2 
  91      F0EFDF96 
  92 004b 1E6E4947 		.ascii	"\036nIG\3478\213\235[\236.\362\224\200\327\034\0057"
  92      E7388B9D 
  92      5B9E2EF2 
  92      9480D71C 
  92      0537
  93 005d 17492B3E 		.ascii	"\027I+>"
  94              		.text
  95              		.section	.gnu.lto_.refs.55bbf190a2c76082,"e",%progbits
  96 0000 789C6367 		.ascii	"x\234cg```\004\" \006\000\000f\000\013"
  96      60606004 
  96      22200600 
  96      0066000B 
  97              		.text
  98              		.section	.gnu.lto_.decls.55bbf190a2c76082,"e",%progbits
  99 0000 789CB55A 		.ascii	"x\234\265ZyXT\307\226\277\347\326E\240Y#\270$n\214c"
  99      795854C7 
  99      96BFE7D6 
  99      45A05923 
  99      B8246E8C 
 100 0015 1266F214 		.ascii	"\022f\362\024\2433\363\336\3147\363F\007M\342\367\342"
 100      A333F3DE 
 100      CC37F346 
 100      074DE2F7 
 100      E2
 101 0026 32A2F95E 		.ascii	"2\242\371^\346\037^C7\332\237@\223\356&\306|\363G\243"
 101      E61F5E43 
 101      37DA9F40 
 101      93EE26C6 
 101      7CF347A3 
 102 003a 68DC159F 		.ascii	"h\334\025\237\013\210(\356\240\250(.\210\200\004\215"
 102      0B8828EE 
 102      A0A8282E 
 102      8880048D 
 103 004a 0171C105 		.ascii	"\001q\301\005\305}\211IP\\p'\256s\252\352\256}\201\370"
 103      C57D8949 
 103      505C7027 
 103      AE73AAEA 
 103      AE7D81F8 
 104 005e DECCF0A5 		.ascii	"\336\314\360\245\272\273\252~\367w\226:u\352\3245\201"
 104      BABBAA7E 
 104      F777963A 
ARM GAS  /tmp/ccw6d591.s 			page 7


 104      75EAD435 
 104      81
 105 006f FD04A13C 		.ascii	"\375\004\241<L\020j\004Ax\215\177\"~\237\300Fh_\340"
 105      4C106A04 
 105      41788D7F 
 105      227E9FC0 
 105      46685FE0 
 106 0083 E30404F6 		.ascii	"\343\004\004\366G\307\202\361w8\266\010ltx\270(\030"
 106      47C782F1 
 106      7738B608 
 106      6C7478B8 
 106      2818
 107 0095 FEDEC67E 		.ascii	"\376\336\306~g\201\267H\371Y\205\347#\234\033\206\355"
 107      6781B748 
 107      F95985E7 
 107      239C1B86 
 107      ED
 108 00a6 7DFC0DF8 		.ascii	"}\374\015\370\3751\266Xl\335\260\275\302\261O\350\263"
 108      FD31B658 
 108      6CDDB0BD 
 108      C2B14FE8 
 108      B3
 109 00b7 9414BF47 		.ascii	"\224\024\277G`\013\303\337\022v\177\217\277\237\342"
 109      600BC3DF 
 109      12767F8F 
 109      BF9FE2
 110 00c6 F76DCA29 		.ascii	"\367m\312)jzD\310\272\264\245\307\"\002\235A\302\317"
 110      6A7A44C8 
 110      BAB4A5C7 
 110      22029D41 
 110      C2CF
 111 00d8 488862BF 		.ascii	"H\210b\277\253\370\320\357\330g\000\233\250\022\210"
 111      ABF8D0EF 
 111      D867009B 
 111      A81288
 112 00e7 C847FD73 		.ascii	"\310G\375s\211\270\367\314\274\212 \213\327\353m\361"
 112      89B8F7CC 
 112      BC8A208B 
 112      D7EB6DF1 
 113 00f7 566506E2 		.ascii	"Ve\006\342\340.\200\235\224\275\034\004\210\201}\200"
 113      E02E809D 
 113      94BD1C04 
 113      88817D80 
 114 0107 C89EF09A 		.ascii	"\310\236\360\232\177\011\244\257\020\343e\177\327\277"
 114      7F09A4AF 
 114      10E3657F 
 114      D7BF
 115 0115 1660BFE2 		.ascii	"\026`\277\342\241\377\026\220\351\324\215\355\333\303"
 115      A1FF1690 
 115      E9D48DED 
 115      DBC3
 116 0123 2C555E6F 		.ascii	",U^o\223\267:\203\0100\030\006\012\360-\340cU\000\225"
 116      93B73A83 
 116      08301806 
 116      0AF02DE0 
 116      63550095 
 117 0137 001580A0 		.ascii	"\000\025\200\240\222\246\254\006\322\031\237\317\364"
ARM GAS  /tmp/ccw6d591.s 			page 8


 117      92A6AC06 
 117      D2199FCF 
 117      F4
 118 0144 7AFF04D5 		.ascii	"z\377\004\325\000{\001J\251\270\003\300D\012d*P\345"
 118      007B014A 
 118      A9B803C0 
 118      440A642A 
 118      50E5
 119 0156 DE07BA2C 		.ascii	"\336\007\272,a\354\227@6\000\0250\257lZC\020\025\300"
 119      61EC9740 
 119      36001530 
 119      AF6C5A43 
 119      1015C0
 120 0169 5415644D 		.ascii	"T\025dM\341{@\014\2128\004\360\0350\273\006\222\"|\350"
 120      E17B400C 
 120      8A3804F0 
 120      1D30BB06 
 120      92227CE8 
 121 017d 18702BA3 		.ascii	"\030p+\243\311]\354\255\020)\305\374\273\227\316C\004"
 121      C95DECAD 
 121      1029C5FC 
 121      BB97CE43 
 121      04
 122 018e B7A08A69 		.ascii	"\267\240\212i\017\307\000\216\003\260\016\002\316,/"
 122      0FC7008E 
 122      03B00E02 
 122      CE2C2F
 123 019d 2D21C14C 		.ascii	"-!\301LF~\265Dg\024\177\324\003\003\\\257\311\315\013"
 123      467EB544 
 123      67147FD4 
 123      03035CAF 
 123      C9CD0B
 124 01b0 A6CB8303 		.ascii	"\246\313\203\003\340d\002D\346\326p\234l-=\260E\354"
 124      E0640244 
 124      E6D6709C 
 124      6C2D3DB0 
 124      45EC
 125 01c2 86DCB7BD 		.ascii	"\206\334\267\275\336H\230\010\247\000N\322gO\243\232"
 125      DE489808 
 125      A7004ED2 
 125      674FA39A 
 126 01d2 27F8F38D 		.ascii	"'\370\363\215\033\22784\376\323\032\177\0035~\227\274"
 126      1B973834 
 126      FED31A7F 
 126      03357E97 
 126      BC
 127 01e3 3251A441 		.ascii	"2Q\244A\024\310k\271\327\235\024\022\201\234!\274\027"
 127      14C86BB9 
 127      D79D1412 
 127      819C21BC 
 127      17
 128 01f4 4E5E61AF 		.ascii	"N^a\257P\242l\207\232\027\354\010\325\350\2525\272\253"
 128      50A26C87 
 128      9A17EC08 
 128      D5E8AA35 
 128      BAAB
 129 0206 94AE5142 		.ascii	"\224\256QB\022lk\374\330\002U\257\255\3643\032\377\003"
ARM GAS  /tmp/ccw6d591.s 			page 9


 129      126C6BFC 
 129      D80255AF 
 129      ADF4331A 
 129      FF03
 130 0218 C00DCDF8 		.ascii	"\300\015\315\370\255\347N\314\013\324\330nhl?R\266}"
 130      ADE74ECC 
 130      0BD4D86E 
 130      686C3F52 
 130      B67D
 131 022a 7E0239EF 		.ascii	"~\0029\357\307\225\250\021x,I\3449\345\356\267\352\332"
 131      C795A811 
 131      782C49E4 
 131      39E5EEB7 
 131      EADA
 132 023c BA02FF7E 		.ascii	"\272\002\377~\375\"\372\031\377\220\253\265\344a\315"
 132      FD22FA19 
 132      FF90ABB5 
 132      E461CD
 133 024b 45323B67 		.ascii	"E2;g\327\265\014\357\272?A\015\300E\200;\032\365y\372"
 133      D7B50CEF 
 133      BA3F410D 
 133      C045803B 
 133      1AF579FA 
 134 025f F1A180C8 		.ascii	"\361\241\200\310\342\347\313\276\250\301\205D\310\317"
 134      E2E7CBBE 
 134      A8C18544 
 134      C8CF
 135 026d 06480C43 		.ascii	"\006H\014C\360\240\251\222\004\270\011\320\004l\345"
 135      F0A0A992 
 135      04B809D0 
 135      046CE5
 136 027c EE50E5E1 		.ascii	"\356P\345\3416\300\003\200'\000/\000Z\000\036\0024\003"
 136      36C00380 
 136      27002F00 
 136      5A001E02 
 136      3403
 137 028e B4023C07 		.ascii	"\264\002<\007x\012\360\014\340\036\300/\000\217\001"
 137      780AF00C 
 137      E01EC02F 
 137      008F01
 138 029d EE033C02 		.ascii	"\356\003<\002\270K\355\245\002\013r\024\201\267\014"
 138      B84BEDA5 
 138      020B7214 
 138      81B70C
 139 02ac 0277D38F 		.ascii	"\002w\323\217]@1-\013r*\256\201w\321@\\ 8j@\035\321"
 139      5D40312D 
 139      0B722AAE 
 139      8177D140 
 139      5C20386A 
 140 02c3 A166E6EC 		.ascii	"\241f\346\354\345\250\253\000W\014\250K\252}-+\321\011"
 140      E5A8AB00 
 140      570CA84B 
 140      AA7D2D2B 
 140      D109
 141 02d5 0C84020F 		.ascii	"\014\204\002\017\032@{4'\274P\235\360\223\311\011\\"
 141      1A407B34 
 141      27BC509D 
ARM GAS  /tmp/ccw6d591.s 			page 10


 141      F093C909 
 141      5C
 142 02e6 58F12C55 		.ascii	"X\361,U\355\313fQ\210AO\025\257\312\361\313F\314\001"
 142      EDCB6651 
 142      88414F15 
 142      AFCAF1CB 
 142      46CC01
 143 02f9 80328651 		.ascii	"\2002\206Q\366\331\036M\351\342<\225\347\260\201\247"
 143      F6D91E4D 
 143      E9E23C95 
 143      E7B081A7 
 144 0309 5667D8AB 		.ascii	"Vg\330\253e\262a?\002\\7\240J5\303\346\351\014k4\200"
 144      65B2613F 
 144      025C37A0 
 144      4A35C3E6 
 144      E90C6B34 
 145 031e CEEAC4CD 		.ascii	"\316\352\304\315Q\305]0G\200\214\311Q1uf\225\270\203"
 145      51C55D30 
 145      47808CC9 
 145      51317566 
 145      95B883
 146 0331 E6AB9033 		.ascii	"\346\253\2203\346\345\340\220\271*\344\234Y\033\256"
 146      E6E5E090 
 146      B92AE49C 
 146      591BAE
 147 0340 F2EB65DA 		.ascii	"\362\353e\332\202]3\333\205\352\220\\\177\272)\036\355"
 147      825D33DB 
 147      85EA905C 
 147      7FBA291E 
 147      ED
 148 0351 AD2C0F88 		.ascii	"\255,\017\2100\005\337\313\377U\360!\357\372\206\212"
 148      3005DFCB 
 148      FF55F021 
 148      EFFA868A 
 149 0361 7392B6D9 		.ascii	"s\222\266\331^i\012\274\006\226\310?WS\340\347\250\314"
 149      5E690ABC 
 149      0696C83F 
 149      5753E0E7 
 149      A8CC
 150 0373 16A6CCB2 		.ascii	"\026\246\314\262\262E'\375\315)p\252\210\030\324%C\004"
 150      B24527FD 
 150      CD2970AA 
 150      8818D425 
 150      4304
 151 0385 AF88B0CC 		.ascii	"\257\210\260\314\325\327\017J\270gEz\224\330\000\027"
 151      D5D70F4A 
 151      B867457A 
 151      94D80017 
 152 0395 E59FF0C3 		.ascii	"\345\237\360\303\"\374\027\021\"\275\242W\354d#\242"
 152      22FC1711 
 152      22BDA257 
 152      EC6423A2 
 153 03a5 855888CD 		.ascii	"\205X\210\315R\003\275\243\037\221!\001bt\230%\240\340"
 153      5203BDA3 
 153      1F912101 
 153      62749825 
 153      A0E0
ARM GAS  /tmp/ccw6d591.s 			page 11


 154 03b7 00845BFC 		.ascii	"\000\204[\374\002D\261\311\337f\211~\006Eb~\247\250"
 154      0244B1C9 
 154      DF66897E 
 154      0645627E 
 154      A7A8
 155 03c9 215EC936 		.ascii	"!^\3116\267K\223\277W\\8*r\360\020\374l\362\257\001"
 155      B74B93BF 
 155      575C382A 
 155      72F010FC 
 155      6CF2AF01 
 156 03dd 1B3E3546 		.ascii	"\033>5F\012\010\307_M\376\226G$\177^'\333Qq\346\373"
 156      0A08C75F 
 156      4DFE9647 
 156      247F5E27 
 156      DB5171E6 
 157 03f2 E8738B6D 		.ascii	"\350s\213mP$\272kH@@\357\260jRM>\022\204\200\200\342"
 157      5024BA6B 
 157      484040EF 
 157      B06A524D 
 157      3E128480 
 158 0408 AD5D2C4D 		.ascii	"\255],M\376aH\021m\213\012\267E\205\325\200\237\315"
 158      FE614811 
 158      6D8B0AB7 
 158      4585D580 
 158      9FCD
 159 041a 66898C16 		.ascii	"f\211\214\026P\011\333\240ACD\0132K\00150\210@\360 "
 159      5009DBA0 
 159      4143440B 
 159      324B0135 
 159      308840F0 
 160 042f EFB5E66E 		.ascii	"\357\265\346n\026\260\004\366\216\212\026\004\033\036"
 160      16B004F6 
 160      8E8A1604 
 160      1B1E
 161 043d A1C84B5E 		.ascii	"\241\310K^+\177\340\2172mZ\027 \332\"\016\022\311\037"
 161      2B7FE08F 
 161      326D5A17 
 161      20DA220E 
 161      12C91F
 162 0450 9AFCF114 		.ascii	"\232\374\361\024\025\243\004\301+\005\004\007\203\027"
 162      15A304C1 
 162      2B050407 
 162      8317
 163 045e BF02E3FF 		.ascii	"\277\002\343\377`\0333\310\"4\371\2138\025)\241\203"
 163      601B33C8 
 163      2234F98B 
 163      381529A1 
 163      83
 164 046f 407BD2D2 		.ascii	"@{\322\322I\000\345\354dG*\320\377\370\207@;\202^\012"
 164      4900E5EC 
 164      64472AD0 
 164      FFF88740 
 164      3B825E0A 
 165 0483 1B67A738 		.ascii	"\033g\2478\010\362\001\254\214\252_\362o\016\340<\312"
 165      08F201AC 
 165      8CAA5FF2 
 165      6F0EE03C 
ARM GAS  /tmp/ccw6d591.s 			page 12


 165      CA
 166 0494 190DA008 		.ascii	"\031\015\240\010\021\344Y\035\271\246\203\254\207\302"
 166      11E4591D 
 166      B9A683AC 
 166      87C2
 167 04a2 A3C8D1E9 		.ascii	"\243\310\321\351\250\351\212+\314\205\210\372g\330s"
 167      A8E98A2B 
 167      CC8588FA 
 167      67D873
 168 04b1 06C5354A 		.ascii	"\006\3055JA\245\025t\206\363\220\334\371\270rW\360O"
 168      41A51574 
 168      86F390DC 
 168      F9B87257 
 168      F04F
 169 04c3 E8366FC1 		.ascii	"\3506o\301\323\373\367\375!t\341\020\001\310)\026y\257"
 169      D3FBF7FD 
 169      2174E110 
 169      01C82916 
 169      79AF
 170 04d5 E6CF6C0A 		.ascii	"\346\317l\012d\347\036\356*'\016d\277\234[\322\311x"
 170      64E71EEE 
 170      2A270E64 
 170      BF9C5BD2 
 170      C978
 171 04e7 9ABC341C 		.ascii	"\232\2744\034\245\2153\177*\325\235&3E5\300g\211\014"
 171      A58D337F 
 171      2AD59D26 
 171      334535C0 
 171      67890C
 172 04fa B0E7C2F6 		.ascii	"\260\347\302\366\237EF9K\204oh\334f\324\235\272\022"
 172      9F454639 
 172      4B846F68 
 172      DC66D49D 
 172      BA12
 173 050c A89E9FD3 		.ascii	"\250\236\237\323D\365\000\235\203\366\315\346O\335}"
 173      44F5009D 
 173      83F6CDE6 
 173      4FDD7D
 174 051b D87A29A4 		.ascii	"\330z)\244ov\266\267\365\314\353\372]=Wx\253\246\342"
 174      6F76B6B7 
 174      F5CCEBFA 
 174      5D3D5778 
 174      ABA6E2
 175 052e 03124260 		.ascii	"\003\022B`\206\010\262&3\020?]\204L<D\277\013hS\375"
 175      8608B226 
 175      33103F5D 
 175      844C3C44 
 175      BF0B6853 
 176 0543 9C990FD6 		.ascii	"\234\231\017\326\007\265qT/\300'\347sIg+k\256@\337l"
 176      07B57154 
 176      2FC027E7 
 176      7349672B 
 176      6BAE40DF 
 177 0558 3CC2966E 		.ascii	"<\302\226n\274\177\366\037\252\247\345G\3434\314S\245"
 177      BC7FF61F 
 177      AAA7E547 
 177      E334CC53 
ARM GAS  /tmp/ccw6d591.s 			page 13


 177      A5
 178 0569 CC632B4B 		.ascii	"\314c+KV\0072kZ\216\224ig?JQ\030\027!\243\223\021>{"
 178      5607326B 
 178      5A8E9469 
 178      673F4A51 
 178      181721A3 
 179 0581 58332B8C 		.ascii	"X3+\214\022\026o\231\376MU\270\210S\220\245\262eq\266"
 179      12166F99 
 179      FE4D55B8 
 179      885390A5 
 179      B26571B6 
 180 0595 FD81FC84 		.ascii	"\375\201\374\204m\022I\275\374\363\252H\236\004\266"
 180      6D1249BD 
 180      FCF3AA48 
 180      9E04B6
 181 05a4 69C5A5DA 		.ascii	"i\305\245\332\223\345\241m9l9\012\315\341f,\273\276"
 181      93E5A16D 
 181      396C390A 
 181      CDE1662C 
 181      BBBE
 182 05b6 B94CB70E 		.ascii	"\271L\267\016\313\265u\310\245U\345R\013\027\322(\222"
 182      CBB575C8 
 182      A555E552 
 182      0B17D228 
 182      92
 183 05c7 DD16815C 		.ascii	"\335\026\201\\\221\273\365\"\231\031$\220\035A\362y"
 183      91BBF522 
 183      99192490 
 183      1D41F279 
 184 05d7 2F92F3D8 		.ascii	"/\222\363\330\365\006\363n\225H\012\203\321\267r\327"
 184      F506F36E 
 184      95480A83 
 184      D1B772D7 
 185 05e7 CB4B20AF 		.ascii	"\313K \257D.\310#a(\370\352\346\035O\241\255\322r\213"
 185      442EC823 
 185      6128F8EA 
 185      E61D4FA1 
 185      ADD2728B 
 186 05fb 484BCB22 		.ascii	"HK\313\"\221\033'\213\027HF\210@\326\207\310\342\221"
 186      911B278B 
 186      17484688 
 186      40D687C8 
 186      E291
 187 060d 1CBB4D21 		.ascii	"\034\273M!\324\202\233\255\231\315a\314\354\011\314"
 187      D4829BAD 
 187      99CD61CC 
 187      EC09CC
 188 061c EAA333EB 		.ascii	"\352\2433\353O\373\265e\365n$\336\305\255>\350\275Y"
 188      4FFBB565 
 188      F56E24DE 
 188      C5AD3EE8 
 188      BD59
 189 062e 276A56EF 		.ascii	"'jV\357\326\254\336C\255\236\036\212\371\035[\011\266"
 189      D6ACDE43 
 189      AD9E1E8A 
 189      F91D5B09 
 189      B6
ARM GAS  /tmp/ccw6d591.s 			page 14


 190 063f 13A1EC81 		.ascii	"\023\241\354\201'\313O\020c<\357\023\241\\T\343\271"
 190      27CB4F10 
 190      633CEF13 
 190      A15C54E3 
 190      B9
 191 0650 39E7D662 		.ascii	"9\347\326b\177\215\261\\c\254\340\"O\3578\334\225iY"
 191      7F8DB15C 
 191      63ACE022 
 191      4FEF38DC 
 191      956959
 192 0663 21323557 		.ascii	"!25W\235YR\037\334\226\232\373Q\315J\376\314\322\243"
 192      9D59521F 
 192      DC969AFB 
 192      51CD4AFE 
 192      CCD2A3
 193 0676 2F0A75F5 		.ascii	"/\012u\365\346~\215\264\212\252y\017\325\233\036\306"
 193      E67E8DB4 
 193      8AAA790F 
 193      D59B1EC6 
 194 0686 5DF2EF08 		.ascii	"]\362\357\010\337\177\344\300\245\200\266\\z\220\271"
 194      DF7FE4C0 
 194      A580B65C 
 194      7A90B9
 195 0695 F400DD44 		.ascii	"\364\000\335DK\262J\212\202\365%\366&\221\0274\337\211"
 195      4BB24A8A 
 195      82F525F6 
 195      26911734 
 195      DF89
 196 06a7 0C27901C 		.ascii	"\014'\220\034\231\361\006/\342\362;\221ma\002\251\011"
 196      99F1062F 
 196      E2F23B91 
 196      6D6102A9 
 196      09
 197 06b8 A30ADDCA 		.ascii	"\243\012\335\312*\230\027dt\303a\021\35247\254n\335"
 197      2A981764 
 197      74C36111 
 197      EA3437AC 
 197      6EDD
 198 06ca 5962D134 		.ascii	"Yb\3214\256\3234>\302L\352Z\370\354\310\212 ^\376\261"
 198      AED3343E 
 198      C24CEA5A 
 198      F8ECC88A 
 198      205EFEB1 
 199 06de 7210894A 		.ascii	"r\020\211J\027=\315?\025\221\341\255\312\010F-\240\032"
 199      173DCD3F 
 199      1591E1AD 
 199      CA08462D 
 199      A01A
 200 06f0 5D21AA6A 		.ascii	"]!\252j\305h\365Q\236\\jU\211P\3060m\025d\253\362\344"
 200      C568F551 
 200      9E5C6A55 
 200      8950C630 
 200      6D1564AB 
 201 0706 937B02EC 		.ascii	"\223{\002\3545\200\232\264\323\2754O+H\266\033@\333"
 201      35809AB4 
 201      D3BD344F 
 201      2B48B61B 
ARM GAS  /tmp/ccw6d591.s 			page 15


 201      40DB
 202 0718 44B54AC8 		.ascii	"D\265J\310\313cU\002.\314\267fa\234\247@\223Uj\226\305"
 202      CB635502 
 202      2ECCB766 
 202      619CA740 
 202      93556A96 
 203 072d 4B2DB92E 		.ascii	"K-\271.\250\021\341{t\360!\006C\332\243\"\234\020\341"
 203      A811E17B 
 203      74F02106 
 203      43DAA322 
 203      9C10E1
 204 0740 9808C745 		.ascii	"\230\010\307E8)B\203\010gE\334UpF\204\323\242\\\177"
 204      38294283 
 204      086745DC 
 204      55704684 
 204      D3A25C7F 
 205 0754 EEE31A1C 		.ascii	"\356\343\032\034\021\241\326\300\276UU\262e\213\342"
 205      11A1D6C0 
 205      BE5555B2 
 205      658BE2
 206 0763 933D22EC 		.ascii	"\223=\"\3544\200vh\240\275:s\213\315\346\312\216\333"
 206      34807668 
 206      A0BD3A73 
 206      8BCDE6CA 
 206      8EDB
 207 0775 A6195362 		.ascii	"\246\031Sbf\242\025\317u\026\0027\262\313j\203#L\226"
 207      66A215CF 
 207      75160237 
 207      B2CB6A83 
 207      234C96
 208 0788 35BEA965 		.ascii	"5\276\251eH\261\345Q\351\3110-H\316i\262\316\313\271"
 208      48B1E551 
 208      E9C9302D 
 208      48CE69B2 
 208      CECBB9
 209 079b B539E73B 		.ascii	"\2659\347;%H\363E\034U\303\341\202\310\022\004\217\320"
 209      2548F345 
 209      1C55C3E1 
 209      82C81204 
 209      8FD0
 210 07ad 5620F799 		.ascii	"V \367\231N\007\036\034\235c1\206%z\372\262\026\226"
 210      4E071E1C 
 210      9D633186 
 210      257AFAB2 
 210      1696
 211 07bf 2756AEAC 		.ascii	"'V\256\254\0101\002\032\015\200\215\367\326\317\001"
 211      0831021A 
 211      0D808DF7 
 211      D6CF01
 212 07ce 4DA5     		.ascii	"M\245"
 213 07d0 2B9A4A57 		.ascii	"+\232JW\351\236\230\027\316%\266\000\331\021.\220z\271"
 213      E99E9817 
 213      CE25B600 
 213      D9112E90 
 213      7AB9
 214 07e2 DB04E425 		.ascii	"\333\004\344%v\327\276%gb uo\011\344\266\334m\004\262"
 214      76D7BE25 
ARM GAS  /tmp/ccw6d591.s 			page 16


 214      67622075 
 214      6F09E4B6 
 214      DC6D04B2 
 215 07f6 AAB340EA 		.ascii	"\252\263@\352:\313I\013\310+\354n\212\220s&\220\223"
 215      3ACB490B 
 215      C82BEC6E 
 215      8A907326 
 215      9093
 216 0808 F2CF02E0 		.ascii	"\362\317\002\340\327%\013y(\217\344\003\231\035\311"
 216      D7250B79 
 216      288FE403 
 216      991DC9
 217 0817 7F660329 		.ascii	"\177f\003)\216\024\310q\271\273\020\310\023\354.\355"
 217      8E14C871 
 217      B9BB10C8 
 217      13EC2EED 
 218 0827 22E7567E 		.ascii	"\"\347V~\247\015f\004W\005\262\273\013&\351.|\347\376"
 218      A70D6604 
 218      5705B2BB 
 218      0B26E92E 
 218      7CE7FE
 219 083a 8E34C9BF 		.ascii	"\2164\311\277\006\222\307\362\257h\222\331U \331\330"
 219      0692C7F2 
 219      AF6892D9 
 219      5520D9D8 
 220 084a 3676A523 		.ascii	"6v\245#\357a\271C\330\267@vv\245\236x\274\374N_ZC\336"
 220      EF61B943 
 220      D8B74076 
 220      76A59E78 
 220      BCFC4E5F 
 221 0861 C6A3D34F 		.ascii	"\306\243\323O\220\263\022\314\243\020\\\335\271\004"
 221      90B312CC 
 221      A3105CDD 
 221      B904
 222 086f E610B20F 		.ascii	"\346\020\262\017\237\257\303v\212>\321\271.\373\301"
 222      9FAFC376 
 222      8A3ED1B9 
 222      2EFBC1
 223 087e 82D07ECA 		.ascii	"\202\320~\312\236\246><\236\265\353\004xg\014\244\371"
 223      9EA63E3C 
 223      9EB5EB04 
 223      78670CA4 
 223      F9
 224 088f 6501811C 		.ascii	"e\001\201\034\302\256\373|3\017f\261\335\230\225R\200"
 224      C2AEFB7C 
 224      330F66B1 
 224      DD989552 
 224      80
 225 08a0 74F309CC 		.ascii	"t\363\011\314f\363J\362\243\210S\274\330\277\220\345"
 225      66F34AF2 
 225      A38853BC 
 225      D8BF90E5 
 226 08b0 A07714A4 		.ascii	"\240w\024\244\230\341C1\2350\300E\025\220\351\003\230"
 226      98E14331 
 226      9D30C045 
 226      1590E903 
 226      98
ARM GAS  /tmp/ccw6d591.s 			page 17


 227 08c1 C601E754 		.ascii	"\306\001\347T\300,\037\200|\2378\257\002f\372\000\276"
 227      C02C1F80 
 227      7C9F38AF 
 227      0266FA00 
 227      BE
 228 08d2 E10C97B2 		.ascii	"\341\014\227\262\224\253\302T\006\360\271\335h\273\300"
 228      94ABC254 
 228      06F0B9DD 
 228      68BBC0
 229 08e1 4B00EFE3 		.ascii	"K\000\357\343\220\305P\370\304rB\027\346\317\004\226"
 229      90C550F8 
 229      C4724217 
 229      E6CF0496 
 230 08f1 12584660 		.ascii	"\022XF`1\201%\004\262\211\274\263\217\251r\027\372\310"
 230      31812504 
 230      B289BCB3 
 230      8FA97217 
 230      FAC8
 231 0903 FD50204F 		.ascii	"\375P O\272\312\301%_\242;\221\274n\002\251\304v\015"
 231      BACAC125 
 231      5FA23B91 
 231      BC6E02A9 
 231      C4760D
 232 0916 DBB36E74 		.ascii	"\333\263nt\221\26274o\365)\257V\023XC\324x\316\334s"
 232      91B23734 
 232      6FF529AF 
 232      56135843 
 232      D478CEDC 
 233 092b C1AA85F3 		.ascii	"\301\252\205\363\032M\363\265\250\003\311\352\216W\006"
 233      1A4DF3B5 
 233      A803C9EA 
 233      8E5706
 234 093a 6C47B1DD 		.ascii	"lG\261\335\352N\361\373\317<9\330\251\255\243\243\200"
 234      EA4EF1FB 
 234      CF3C39D8 
 234      A9ADA3A3 
 234      80
 235 094b D0A32386 		.ascii	"\320\243#\206n\262\306\332\035\241tS6\311'\007\327\272"
 235      6EB2C6DA 
 235      1DA17453 
 235      36C92707 
 235      D7BA
 236 095d 903010EA 		.ascii	"\2200\020\352\215d\336\267\271\322\335\311\202\267\005"
 236      8D64DEB7 
 236      B9D2DDC9 
 236      82B705
 237 096c 92FF3652 		.ascii	"\222\3776R\207\277\3348\347\020(w\177\346\365_&\312"
 237      87BFDC38 
 237      E7102877 
 237      7FE6F55F 
 237      26CA
 238 097e D6636C14 		.ascii	"\326cl\024\033cC\366(\272\222_Ia+\203 |7\201m\004v\022"
 238      1B6343F6 
 238      28BA925F 
 238      49612B83 
 238      207C3781 
 239 0996 D841A004 		.ascii	"\330A\240\004\355!\260\235\272\223\336f\257p\302B\002"
ARM GAS  /tmp/ccw6d591.s 			page 18


 239      ED21B09D 
 239      BA93DE66 
 239      AF70C242 
 239      02
 240 09a7 1B7D08E5 		.ascii	"\033}\010\345@\270\250J\314\364\001\024\311\353\374"
 240      40B8A84A 
 240      CCF40114 
 240      C9EBFC
 241 09b6 4BB21C8E 		.ascii	"K\262\034\216\233\031@\037\216r\254\\P9\266\370p\310"
 241      9B19401F 
 241      8E72AC5C 
 241      5039B6F8 
 241      70C8
 242 09c8 F17A5905 		.ascii	"\361zY\005l\362\001\310\361zN\005,\364\001\340\252W"
 242      6CF201C8 
 242      F17A4E05 
 242      2CF401E0 
 242      AA57
 243 09da A2BF4E61 		.ascii	"\242\277Nak\246>\353|\257\376\361\271 \3455I\004\333"
 243      6BA63EEB 
 243      7CAFFEF1 
 243      B920E535 
 243      4904DB
 244 09ed 52CA2B84 		.ascii	"R\312+\204\265\004\362\011Tk+\252\273 \267T\350\256"
 244      B504F209 
 244      546B2BAA 
 244      BB20B754 
 244      E8AE
 245 09ff DA7B0D28 		.ascii	"\332{\015(\355\034\255\313\321\356\354\353\015\230K"
 245      ED1CADCB 
 245      D1EEECEB 
 245      0D984B
 246 0a0e 1A53F17E 		.ascii	"\032S\361~~I\236\000{\014\020\355Z_|4G9\236\326\231"
 246      7E499E00 
 246      7B0C10ED 
 246      5A5F7C34 
 246      47399ED6 
 247 0a23 F5E1A22A 		.ascii	"\365\341\242*u\352\224\232\324\221\337E\234\313\361"
 247      75EA949A 
 247      D491DF45 
 247      9CCBF1
 248 0a32 A33C785F 		.ascii	"\243<x_^\305 \374\012\255^\307)\2446\307\217.\017\372"
 248      5EC520FC 
 248      0AAD5EC7 
 248      29A436C7 
 248      8F2E0FFA 
 249 0a46 6C038328 		.ascii	"l\003\203(\257+\224\313\270\266\017\363\010\254 \354"
 249      AF2B94CB 
 249      B8B60FF3 
 249      08AC20EC 
 250 0a56 CD55358B 		.ascii	"\315U5\213\232}\004\366\023\250 \360-\201r\002\225\004"
 250      9A7D04F6 
 250      13A820F0 
 250      2D817202 
 250      9504
 251 0a68 CA709C28 		.ascii	"\312p\234(/C#y\211\003$\363\035\272\013v\335}Q\354\327"
 251      2F432379 
ARM GAS  /tmp/ccw6d591.s 			page 19


 251      890324F3 
 251      1DBA0B76 
 251      DD7D51EC 
 252 0a7d D62E38C4 		.ascii	"\326.8\304v\301@\204\334\237\377j\206\277\276~RB\345"
 252      76C14084 
 252      DC9FFF6A 
 252      86BFBE7E 
 252      5242E5
 253 0a90 7BC26002 		.ascii	"{\302`\002Y\365\016\026\306\330\252\260\325b;\213\355"
 253      59F50E16 
 253      C6D8AAB0 
 253      D5623B8B 
 253      ED
 254 0aa1 1AB6666C 		.ascii	"\032\266fl\217\260e\366\020\310bl\353\260m\307V\332"
 254      8FB065F6 
 254      10C8626C 
 254      EBB06DC7 
 254      56DA
 255 0ab3 034547DD 		.ascii	"\003EG\335*\256\230\340\373~L\333\014\007\011\034@\376"
 255      2AAE98E0 
 255      FB7E4CDB 
 255      0C07091C 
 255      40FE
 256 0ac5 D3041A98 		.ascii	"\323\004\032\230Y7\010\234%p\235\300U\002\347\010\\"
 256      5937089C 
 256      25709DC0 
 256      5502E708 
 256      5C
 257 0ad6 21708940 		.ascii	"!p\211@#\201\037\010\\$p\201\300y\002g\010\\#pY\311"
 257      23811F08 
 257      5C247081 
 257      C0790267 
 257      085C2370 
 258 0aec 39E5CF95 		.ascii	"9\345\317\225\350\253e,<\372\264\367O\305\205\317u\333"
 258      E8AB652C 
 258      3CFAB4F7 
 258      4FC585CF 
 258      75DB
 259 0afe B2C19CB2 		.ascii	"\262\301\234\262\267=W\366\31016\257\030\256\013\211"
 259      B73D57F6 
 259      C83136AF 
 259      18AE0B89 
 260 0b0e 2295E284 		.ascii	"\"\225\342\204\017\205\234O\367\251\200\303:\000c\220"
 260      0F859C4F 
 260      F7A980C3 
 260      3A006390 
 261 0b1e B76A998A 		.ascii	"\267j\231\212\250\363E\310\333h\257\252\307\021\263"
 261      A8F345C8 
 261      DB68AFAA 
 261      C711B3
 262 0b2d 1E72F46E 		.ascii	"\036r\364nUY\216\373(\202bhDU>\227(\340{\2262t$\314"
 262      55598EFB 
 262      28826268 
 262      44553E97 
 262      28E07B96 
 263 0b45 1FF286DE 		.ascii	"\037\362\206\336\242\222\324\373\220\310\232lV\001'"
 263      A292D4FB 
ARM GAS  /tmp/ccw6d591.s 			page 20


 263      90C89A6C 
 263      560127
 264 0b54 7D00B21A 		.ascii	"}\000\262\032\025*\240\306\327\347\334\247\233T[N\031"
 264      152AA0C6 
 264      D7E7DCA7 
 264      9B545B4E 
 264      19
 265 0b65 D4D0A595 		.ascii	"\324\320\245\225R\025r\324l\256\214)x\256\313,\015>"
 265      521572D4 
 265      6CAE8C29 
 265      78AECB2C 
 265      0D3E
 266 0b77 99E534C6 		.ascii	"\231\3454\306\330-\032c\335\363N\227^\021u\2657\313"
 266      D82D1A63 
 266      DDF34E97 
 266      5E1175B5 
 266      37CB
 267 0b89 C6737395 		.ascii	"\306ss\225#\356G\002w\332H\030\3059*\"\327\200x%\252"
 267      23EE4702 
 267      77DA4818 
 267      C5392A22 
 267      D7807825 
 268 0b9e 1B343797 		.ascii	"\03347\227\355a<\3122\030\204\037\2072DvF\201J\363L"
 268      ED613CCA 
 268      3218841F 
 268      87324476 
 268      46814AF3 
 269 0bb3 D4D3B46A 		.ascii	"\324\323\264j\225\352\246\\-5\375b\006\361\235\3362"
 269      95EAA65C 
 269      2D35FD62 
 269      06F19DDE 
 269      32
 270 0bc4 3F7757A0 		.ascii	"?wW\240w\366@j\350wL\032\337\035\372\244\"g\203G\"<"
 270      77F6406A 
 270      E8774C1A 
 270      DF1DFAA4 
 270      22678347 
 271 0bda 14D9D178 		.ascii	"\024\331\321x\207m\233\237\011\334&p\227@\023\246\031"
 271      876D9B9F 
 271      09DC2670 
 271      974013A6 
 271      19
 272 0beb 020F08B4 		.ascii	"\002\017\010\264\020\270E\240\231\300=\002\367\225\363"
 272      10B845A0 
 272      99C03D02 
 272      F795F3
 273 0bfa 249B5B83 		.ascii	"$\233[\203\031d%{\222'\025\303\313\350\315\2521O\015"
 273      1964257B 
 273      922715C3 
 273      CBE8CDAA 
 273      314F0D
 274 0c0d 7A3ED18C 		.ascii	"z>\321\214Y\245\030\203\031\362\205\001\364\\Wv\027"
 274      59A51883 
 274      19F28501 
 274      F45C5776 
 274      17
 275 0c1e E56A29F2 		.ascii	"\345j)\362'b\242\222Qy:\256\227f.\\\345\031=i\002[\276"
ARM GAS  /tmp/ccw6d591.s 			page 21


 275      2762A292 
 275      51793AAE 
 275      97662E5C 
 275      E5193D69 
 276 0c35 F2C4B9A0 		.ascii	"\362\304\271\240\010\223\003\036\376\005\016`y\261\037"
 276      0893031E 
 276      FE050E60 
 276      79B11F
 277 0c44 CF8B2259 		.ascii	"\317\213\"Y\332\023+Vlu=\333\272j\237}\362h&\357\343"
 277      DA132B56 
 277      6C753DDB 
 277      BA6A9F7D 
 277      F26826EF 
 278 0c59 35E91921 		.ascii	"5\351\031!\327\030\352\330\371\212\015\301\306\342\344"
 278      D718EAD8 
 278      F98A0DC1 
 278      C6E2E4
 279 0c68 0581975A 		.ascii	"\005\201\227Zq\222_\260\246Pw\373~\251\013)\302\377"
 279      71925FB0 
 279      A65077FB 
 279      7EA90B29 
 279      C2FF
 280 0c7a A961D1D5 		.ascii	"\251a\321\3259\376\214\367\025\201\347\004G*\017,(\014"
 280      39FE8CF7 
 280      1581E704 
 280      472A0F2C 
 280      280C
 281 0c8c 69EBB6EC 		.ascii	"i\353\266\354E+_\363\247\326e\376\270Uw[\366J*m\006"
 281      452B5FF3 
 281      A7D665FE 
 281      B855775B 
 281      F64A2A6D 
 282 0ca1 7291C768 		.ascii	"r\221\307hFV/\201\254\306\266\003[=\266;\3302z\323\207"
 282      46562F81 
 282      ACC6B603 
 282      5B3DB63B 
 282      D8327AD3 
 283 0cb6 ABF7D65E 		.ascii	"\253\367\326^\002E$\265\355~F\371y\251-\211\263Q\342"
 283      024524B5 
 283      ED7E46F9 
 283      79A92D89 
 283      B351E2
 284 0cc9 2C895FFA 		.ascii	",\211_\372\313\253\013\0024\211\2635\211s\030 rj\303"
 284      CBAB0B02 
 284      3489B335 
 284      89731820 
 284      726AC3
 285 0cdc A1E62075 		.ascii	"\241\346 u\273\261\332\370\260n\301\247I\260@2\036\277"
 285      BBB1DAF8 
 285      B06EC1A7 
 285      49B04032 
 285      1EBF
 286 0cee 3C768EE6 		.ascii	"<v\216\346\252\227\261V\242\307\350\017\373:\035\323"
 286      AA97B156 
 286      A2C7E80F 
 286      FB3A1DD3 
 287 0cfe 54339361 		.ascii	"T3\223a'<!\360\230\260u@\030\006B\226\004\213$X\"\301"
ARM GAS  /tmp/ccw6d591.s 			page 22


 287      273C21F0 
 287      98B07540 
 287      18064296 
 287      048B2458 
 288 0d14 9F25982B 		.ascii	"\237%\230+\301|\011\026K0O\202\205\022?.Z\032s\345\233"
 288      C17C0916 
 288      4B304F82 
 288      85123F2E 
 288      5A1A73E5 
 289 0d29 E51C0966 		.ascii	"\345\034\011f\032\310u\257\311+\025\015\320=\337\030"
 289      1AC875AF 
 289      C92B150D 
 289      D03DDF18 
 290 0d39 405AF6D8 		.ascii	"@Z\366\330\237\253\334\243g\230\020rf\250U!\231\006"
 290      9FABDCA3 
 290      67981072 
 290      66A85521 
 290      9906
 291 0d4b 882EA3B7 		.ascii	"\210.\243\267\034Q\364\311\220\340\027\263K\270>5:}"
 291      1C51F4C9 
 291      90E017B3 
 291      4BB83E35 
 291      3A7D
 292 0d5d A69BA970 		.ascii	"\246\233\251p\233\344\261\305\336\375\274,74\302\344"
 292      9BE4B1C5 
 292      DEFDBC2C 
 292      3734C2E4 
 293 0d6d 9DA5D29B 		.ascii	"\235\245\322\233x\207l\352-_\006\345\367Z\335\310\267"
 293      78876CEA 
 293      2D5F06E5 
 293      F75ADDC8 
 293      B7
 294 0d7e 8C7565D1 		.ascii	"\214ue\321\361\"\335\253\264\032\355\235\375\012\036"
 294      F122DDAB 
 294      B41AED9D 
 294      FD0A1E
 295 0d8d 2EB317DE 		.ascii	".\263\027\336\317\3471\266B\342\257\252\352W6\207\262"
 295      CFE731B6 
 295      42E2AFAA 
 295      EA573687 
 295      B2
 296 0d9e 81AB0079 		.ascii	"\201\253\000y\022\216\324-\231\2615Dy\207\267\222\216"
 296      128ED42D 
 296      99B13544 
 296      7987B792 
 296      8E
 297 0daf 781FD41F 		.ascii	"x\037\324\037\226\224\221Ut\244\341\366\205&\2132\222"
 297      96949155 
 297      74A4E1F6 
 297      85268B32 
 297      92
 298 0dc0 4F479A5F 		.ascii	"OG\232_/=\036\244\214\254\246#O\026-{\332\346\333\245"
 298      2F3D1EA4 
 298      8CACA623 
 298      4F162D7B 
 298      DAE6DBA5 
 299 0dd4 B568EE1A 		.ascii	"\265h\356\032\256\316\353\206\254\027~\232\276k5o\255"
ARM GAS  /tmp/ccw6d591.s 			page 23


 299      AECEEB86 
 299      AC177E9A 
 299      BE6B356F 
 299      AD
 300 0de5 63807FA9 		.ascii	"c\200\177\251>\277z\203\330\317\364\247+S\330y\\\242"
 300      3EBF7A83 
 300      D8CFF4A7 
 300      2B53D879 
 300      5CA2
 301 0df7 A4C23B22 		.ascii	"\244\302;\"\354\321H\232\265w)WT\310\012\003d\231\006"
 301      ECD1489A 
 301      B5772957 
 301      54C80A03 
 301      649906
 302 0e0a A95521D7 		.ascii	"\251U!\327\014\220\213\032\344\274\012Yg\200\254\325"
 302      0C908B1A 
 302      E4BC0A59 
 302      6780ACD5 
 303 0e1a 1D32DB54 		.ascii	"\0352\333TL\213\001sW\243\271\254BV\032 y:\232\013*"
 303      4C8B0173 
 303      57A3B9AC 
 303      42561A20 
 303      793A9A0B 
 304 0e2f 668D0193 		.ascii	"f\215\001\223\257\321\\T!\253\315\0209h\233J\344\240"
 304      AFD15C54 
 304      21ABCD10 
 304      39689B4A 
 304      E4A0
 305 0e41 CD1521DB 		.ascii	"\315\025!\333l\271\214\332Z\242\375c\323\003\003\352"
 305      6CB98CDA 
 305      5AA2FD63 
 305      D30303EA 
 306 0e51 BE0EB5AF 		.ascii	"\276\016\265\257D\333\355\267\014\250&M\251\343\252"
 306      44DBEDB7 
 306      0CA8264D 
 306      A9E3AA
 307 0e60 520506C8 		.ascii	"R\005\006\310\006\355X\252\324I\373\311\000\372Q\347"
 307      06ED58AA 
 307      D449FBC9 
 307      00FA51E7 
 308 0e70 80524E84 		.ascii	"\200RN\204\230{f?\312\347\360\226\022<\207\221\350\021"
 308      987B663F 
 308      CAE7F096 
 308      123C8791 
 308      E811
 309 0e82 EE1E06E2 		.ascii	"\356\036\006\342\247\215\341\237\365Z\216\252\342D\270"
 309      A78DE19F 
 309      F55A8EAA 
 309      E244B8
 310 0e91 645E5959 		.ascii	"d^YY\\\215*\356\007\003\346\272\316\0017u\016Xj@-Q\013"
 310      5C8D2AEE 
 310      0703E6BA 
 310      CE013775 
 310      0E586A40 
 311 0ea8 11793F2F 		.ascii	"\021y?/\227 \007\277\262%\212\242\377\177\201\004%\022"
 311      972007BF 
 311      B2258AA2 
ARM GAS  /tmp/ccw6d591.s 			page 24


 311      FF7F8104 
 311      2512
 312 0eba 6C95A050 		.ascii	"l\225\240P\202\035\022\254\227\340[\011\266IP\212\263"
 312      821D12AC 
 312      97E05B09 
 312      B649508A 
 312      B3
 313 0ecb 126C9760 		.ascii	"\022l\227`\037\222I\260Q\202\235\022\224KP,A\205\004"
 313      1F9249B0 
 313      51829D12 
 313      944B502C 
 313      418504
 314 0ede 7B252890 		.ascii	"{%(\220`\263\004E\022\224I\260I\202\015\022l\221`\267"
 314      60B30445 
 314      129449B0 
 314      49820D12 
 314      6C9160B7 
 315 0ef2 04FB9534 		.ascii	"\004\373\2254Y\256\363\346M\363\252\310\252\237\323"
 315      59AEF3E6 
 315      4DF3AAC8 
 315      AA9FD3
 316 0f01 A9BEDE1C 		.ascii	"\251\276\336\034\273|\355.\251k\267\312\034\227r.U!"
 316      BB7CED2E 
 316      A96BB7CA 
 316      1C97722E 
 316      5521
 317 0f13 37CC6E62 		.ascii	"7\314nb\016h9V\262\227-\312\005\02163\214\362\346\254"
 317      0E683956 
 317      B2972DCA 
 317      05113633 
 317      8CF2E6AC 
 318 0f27 500B8146 		.ascii	"P\013\201F\235:\033\315q\"\337\313\212JX\025\264L\202"
 318      9D3A1BCD 
 318      7122DFCB 
 318      8A4A5815 
 318      B44C82
 319 0f3a A7846278 		.ascii	"\247\204bx\222\324\337$o)\341\275N\202\\\311\264\"\312"
 319      92D4DF24 
 319      6F29E1BD 
 319      4E825CC9 
 319      B422CA
 320 0f4d 9D5427ED 		.ascii	"\235T'\355gs\300q\2522\235\037o\233\323\010}\375\330"
 320      6773C071 
 320      AA329D1F 
 320      6F9BD308 
 320      7DFDD8
 321 0f60 C2926CE1 		.ascii	"\302\222l\341\221\233\307C\"LK]\375\377\273\3244y\347"
 321      919BC743 
 321      224C4B5D 
 321      FDFFBBD4 
 321      3479E7
 322 0f73 1DD2BDB3 		.ascii	"\035\322\275\263<\240)x\220g\323\037\026\025U\206\274"
 322      3CA02978 
 322      9067D31F 
 322      16155586 
 322      BC
 323 0f84 DBE8F5B6 		.ascii	"\333\350\365\266.|vjW\277\003\323\362?\301)X\314^\212"
ARM GAS  /tmp/ccw6d591.s 			page 25


 323      2E7C766A 
 323      57BF03D3 
 323      F23FC129 
 323      58CC5E8A 
 324 0f98 2AD8C5F2 		.ascii	"*\330\305\362{\375\2075"
 324      7BFD8735 
 325 0fa0 4DBA9362 		.ascii	"M\272\223b\231Fv\210\223\035?\222\375C\210\0068\250"
 325      99467688 
 325      931D3F92 
 325      FD438806 
 325      38A8
 326 0fb2 01BEE780 		.ascii	"\001\276\347\200\255+\357\376^\233_\244\275\256\254"
 326      AD2BEFFE 
 326      5E9B5FA4 
 326      BDAEAC
 327 0fc1 E1F30597 		.ascii	"\341\363\005\227[\267\351\376\327\217\005\032\240\226"
 327      5BB7E9FE 
 327      D78F051A 
 327      A096
 328 0fcf DAD327FD 		.ascii	"\332\323'\375\253xw\262\365K{\274\307eMu'\331]\361."
 328      AB7877B2 
 328      F54B7BBC 
 328      C7654D75 
 328      27D95DF1 
 329 0fe4 FB17E976 		.ascii	"\373\027\351v\267'\336m\367\244\247\215\0310 \306m\233"
 329      B727DE6D 
 329      F7A4A78D 
 329      193020C6 
 329      6D9B
 330 0ff6 14E3F6A4 		.ascii	"\024\343\366\244\014\036\024\0237n"
 330      0C1E1413 
 330      376E
 331 1000 E4E041F1 		.ascii	"\344\340A\361\343\343\376\343\217\361\237:\022\\V\327"
 331      E3E3FEE3 
 331      8FF19F3A 
 331      125C56D7 
 332 1010 94984467 		.ascii	"\224\230DgJ\2123\025\277\\\366\030\267+1\006\371l\366"
 332      4A8A3315 
 332      BF5CF618 
 332      B72B3106 
 332      F96CF6
 333 1023 2F1D89F6 		.ascii	"/\035\211\366x\267\307\2328I\243\265&8]\236\001\211"
 333      78B7C79A 
 333      3849A3B5 
 333      26385D9E 
 333      0189
 334 1035 011F8F1A 		.ascii	"\001\037\217\032\037\025\373\341o\005\277\361\261\237"
 334      1F15FBE1 
 334      6F05BFF1 
 334      B19F
 335 1043 0C1DFBB7 		.ascii	"\014\035\373\267\355\313Or\272\220\345\353\3444\277"
 335      EDCB4F72 
 335      BA90E5EB 
 335      E434BF
 336 1052 F19F8E1E 		.ascii	"\361\237\216\036\365\361\337\264\217\3648R\354\316t"
 336      F5F1DFB4 
 336      8FF43852 
ARM GAS  /tmp/ccw6d591.s 			page 26


 336      ECCE74
 337 1061 4F47B678 		.ascii	"OG\266x\254\036{\377\366\347\321\212\264d\273\307\341"
 337      AC1E7BFF 
 337      F6E7D18A 
 337      B464BBC7 
 337      E1
 338 1072 4C8D4F4A 		.ascii	"L\215OJOM\244?\272\217\377c|\334\247C?\033\036?n\354"
 338      4F4DA43F 
 338      BA8FFF63 
 338      7CDCA743 
 338      3F1B1E3F 
 339 1088 D051711F 		.ascii	"\320Qq\037\015\037\033\0377n\354\370\330q\035\210I\233"
 339      0D1F1B1F 
 339      376EECF8 
 339      D8711D88 
 339      499B
 340 109a 6875DBFF 		.ascii	"hu\333\377\356\215\304$:m\035!\325\201d{\352\004\317"
 340      EE8DC424 
 340      3A6D1D21 
 340      D581647B 
 340      EA04CF
 341 10ad C4DFB48F 		.ascii	"\304\337\264\217t\244\372\202\337o\037lM\364\244[\223"
 341      74A4FA82 
 341      DF6F1F6C 
 341      4DF4A45B 
 341      93
 342 10be 65DCDFB7 		.ascii	"e\334\337\267\217\223\277\3556\031:\240\003\233\322"
 342      8F93BFED 
 342      36193AA0 
 342      039BD2
 343 10cd 5D2E7BAA 		.ascii	"].{\252'\336f\365X\343\323\234\216T\217\335\365^\373"
 343      27DE66F5 
 343      58E3D39C 
 343      8E548FDD 
 343      F55EFB
 344 10e0 703DAC6F 		.ascii	"p=\254o\3730{\252\215\201\264U\030>j\330\230\321#F\215"
 344      FB307BAA 
 344      8D81B455 
 344      183E6AD8 
 344      98D12346 
 345 10f5 9357A177 		.ascii	"\223W\241w\007\276\233\222f\217\3528\026\322\335\035"
 345      07BE9B92 
 345      668FEA38 
 345      16D2DD1D 
 346 1105 040307F0 		.ascii	"\004\003\007\360\305\214wLH\305\320\376mLJ\252'&1\306"
 346      C58C774C 
 346      48C5D0FE 
 346      6D4C4AAA 
 346      272631C6 
 347 1119 93921663 		.ascii	"\223\222\026cs\244%;S&Yc<.g\232#q\340\207\375\331\346"
 347      73A4253B 
 347      53265963 
 347      3C2E679A 
 347      2371E087 
 348 1130 48FFC7FE 		.ascii	"H\377\307\376\351\356\204\376\030\374\223\034\236\376"
 348      E9EE84FE 
 348      18FC931C 
ARM GAS  /tmp/ccw6d591.s 			page 27


 348      9EFE
 349 113e 499363AC 		.ascii	"I\223c\254ii\302?\377%\333\307\221\312\266\2175\315"
 349      6969C23F 
 349      FF25DBC7 
 349      91CAB68F 
 349      35CD
 350 1150 3160A2F0 		.ascii	"1`\242\360\226)\374\244\361h}\244\325\225\362\345\357"
 350      9629FCA4 
 350      F1687DA4 
 350      D595F2E5 
 350      EF
 351 1161 FAA70C48 		.ascii	"\372\247\014H\261:R?\260\271\323>HJ\023\202\360q\217"
 351      B13A523F 
 351      B0B9D33E 
 351      484A1382 
 351      F0718F
 352 1174 FDABFE29 		.ascii	"\375\253\376)\203\007\013}\342;\336\201\377\371\177"
 352      83070B7D 
 352      E23BDE81 
 352      FFF97F
 353 1183 BDA1855E 		.ascii	"\275\241\205^Tb\272\307\221\354\360L\211g\353\352JO"
 353      5462BAC7 
 353      91ECF04C 
 353      8967EBEA 
 353      4A4F
 354 1195 A321E4F6 		.ascii	"\243!\344\366 \307\277\375\025\036\220\311\320\013\355"
 354      20C7BFFD 
 354      151E90C9 
 354      D00BED
 355 11a4 70DB1C6E 		.ascii	"p\333\034nkB\262=\234\316\272\247`\234\246\360\265|"
 355      6B42B23D 
 355      9CCEBAA7 
 355      609CA6F0 
 355      B57C
 356 11b6 D7A7AF68 		.ascii	"\327\247\257h\376%\206\223S]\340>\276\250\304\211\326"
 356      FE258693 
 356      535DE03E 
 356      BEA8C489 
 356      D6
 357 11c7 D4097675 		.ascii	"\324\011vu\347\233\346e\026[Rz|\012n\333\350\016\346"
 357      E79BE665 
 357      165B527A 
 357      7C0A6EDB 
 357      E80EE6
 358 11da 59A2894F 		.ascii	"Y\242\211O\261&Nt\244v\010T\335\350v|\315\023A;@\233"
 358      B1264E74 
 358      A4760854 
 358      DDE8767C 
 358      CD13413B 
 359 11f0 1DDD3E51 		.ascii	"\035\335>Q\311q\357w\200L\264\246Y\023\250\253\034v"
 359      C971EF77 
 359      804CB4A6 
 359      5913A8AB 
 359      1C76
 360 1202 B7C9132E 		.ascii	"\267\311\023.{\212\0235\233l\235dOO\303\355E\375g3)"
 360      7B8A1335 
 360      9B6C9D64 
ARM GAS  /tmp/ccw6d591.s 			page 28


 360      4F4FC3ED 
 360      45FD6733 
 361 1217 6844A984 		.ascii	"hD\251\204Sz\370\002\323\234\223\251\356\324\332.\276"
 361      537AF802 
 361      D39C93A9 
 361      EED4DA2E 
 361      BE
 362 1228 73EE34BB 		.ascii	"s\3564\273\335fR\200\255^\222\025uML\266\272\335\361"
 362      DD665280 
 362      AD5E9215 
 362      754D4CB6 
 362      BADDF1
 363 123b 5697CB3A 		.ascii	"V\227\313:EK\377|0\321\231\232\344\230\220\356\262\262"
 363      454BFF7C 
 363      30D1999A 
 363      E49890EE 
 363      B2B2
 364 124d 1C999A9E 		.ascii	"\034\231\232\236\222`w\365\361\301hD|\276o\273\363i"
 364      926077F5 
 364      F1C16844 
 364      7CBE6FBB 
 364      F369
 365 125f 569735C5 		.ascii	"V\2275\305\216\275\236>\020\217\325=I]\356.\276:$;0"
 365      8EBD9E3E 
 365      108FD53D 
 365      495DEE2E 
 365      BE3A243B 
 366 1274 9F7533B1 		.ascii	"\237u3\261\242\261\251\211\366^>\343\010uMQ\271z\251"
 366      A2B1A989 
 366      F65E3EE3 
 366      08754D51 
 366      B97AA9
 367 1287 BB36F6D3 		.ascii	"\2736\366\323\241qq\361\261\243G\216\034:j\230\234\263"
 367      A17171F1 
 367      B1A3478E 
 367      1C3A6A98 
 367      9CB3
 368 1299 7C25F144 		.ascii	"|%\361D\023\3413\232\212:w\361\341\341\317wo\317\322"
 368      13E1339A 
 368      8A3A77F1 
 368      E1E1CF77 
 368      6FCFD2
 369 12ac B75538A6 		.ascii	"\267U8\246\210\341c?\032\032;\\~$\324HdZG\335Z\3643"
 369      88E1633F 
 369      1A1A3B5C 
 369      7E24D448 
 369      645A47DD 
 370 12c3 8516C654 		.ascii	"\205\026\306T\022\365\340d\247k\222|\020\364\352\020"
 370      12F5E064 
 370      A76B927C 
 370      10F4EA10 
 371 12d3 F41BDFD9 		.ascii	"\364\033\337\331d\334X\351V\334[\016\233\211\312\024"
 371      64DC58E9 
 371      56DC5B0E 
 371      9B89CA14 
 372 12e3 216D824D 		.ascii	"!m\202M\001\357\366\270\034\251\023LlQ\277\206\033\324"
 372      01EFF6B8 
ARM GAS  /tmp/ccw6d591.s 			page 29


 372      1CA9134C 
 372      6C51BF86 
 372      1BD4
 373 12f5 CECEF125 		.ascii	"\316\316\361%\212\237\350\2300\221\307\360\007\277\372"
 373      8A9FE898 
 373      3091C7F0 
 373      07BFFA
 374 1304 88867D63 		.ascii	"\210\206}c\372\244\364\344\3447\245\327\260\355\355"
 374      FAA4F4E4 
 374      E437A5D7 
 374      B0EDED
 375 1313 FB5F7583 		.ascii	"\373_u\203/\256k\333\200w\325\320\222\037P\016`<\007"
 375      2FAE6BDB 
 375      8077D5D0 
 375      921F500E 
 375      603C07
 376 1326 9DCE6479 		.ascii	"\235\316dy\253\365\356\030\365\236\357\264\032\240\006"
 376      ABF5EE18 
 376      F59EEFB4 
 376      1AA006
 377 1335 963EBF02 		.ascii	"\226>\277\0023\315'9\\\254\320\221Q\321\276\363\306"
 377      33CD2739 
 377      5CACD091 
 377      51D1BEF3 
 377      C6
 378 1346 AC61B3BB 		.ascii	"\254a\263\273\023]\2164<|\002FZ\277\032C\023UpB\312"
 378      135D8E34 
 378      3C7C0246 
 378      5ABF1A43 
 378      13557042 
 379 135b 500FC643 		.ascii	"P\017\306CB\272\307\356\016u\304\352\361\021\011\206"
 379      42BAC7EE 
 379      0E75C4EA 
 379      F1110986 
 380 136b EE67D6E4 		.ascii	"\356g\326\344t{h\302\250\364\224\021\252V\301\223\307"
 380      747B68C2 
 380      A8F49411 
 380      AA56C193 
 380      C7
 381 137c 393DD6E4 		.ascii	"9=\326\344O\231\207;\215\217\373d\364\330qa\011\303"
 381      4F99873B 
 381      8D8FFB64 
 381      F4D87161 
 381      09C3
 382 138e 5439E3B0 		.ascii	"T9\343\260\340\360O\340\323}q\303\305\216\036\365\321"
 382      E0F04FE0 
 382      D37D71C3 
 382      C58E1EF5 
 382      D1
 383 139f 888FC78F 		.ascii	"\210\217\307\217\035:n\304\350Q\361\303\206\307\305"
 383      1D3A6EC4 
 383      E851F1C3 
 383      86C7C5
 384 13ae 8E1D3166 		.ascii	"\216\0351f\334h\245\2004\271\311\250\277\333\236lO\304"
 384      DC68A580 
 384      34B9C9A8 
 384      BFDB9E6C 
ARM GAS  /tmp/ccw6d591.s 			page 30


 384      4FC4
 385 13c0 D22BAA0D 		.ascii	"\322+\252\015\030\226\034\311\252\323\265\304\247\214"
 385      18961CC9 
 385      AAD3B5C4 
 385      A78C
 386 13ce 986A99EE 		.ascii	"\230j\231\356f\010'\353\252\346\205a\303?\033\241\246"
 386      660827EB 
 386      AAE68561 
 386      C33F1BA1 
 386      A6
 387 13df 8B1E66BC 		.ascii	"\213\036f\274\352\366>\346\271T\373WZ\251\326\263-Y"
 387      EAF63EE6 
 387      B954FB57 
 387      5AA9D6B3 
 387      2D59
 388 13f1 8A8B82E2 		.ascii	"\212\213\202\342\255\311XJ\261\323.0\201\271\366Kkr"
 388      ADC9584A 
 388      B1D32E30 
 388      81B9F64B 
 388      6B72
 389 1403 E864BA42 		.ascii	"\350d\272BXU\330=q8\021\2360\\~r\250\315\206\365\203"
 389      5855D83D 
 389      7138119E 
 389      305C7E72 
 389      A8CD86F5 
 390 1418 9BA653B5 		.ascii	"\233\246S\265\3563\3711\322,\320n\353f\036d\247T\033"
 390      EE33F931 
 390      D22CD06E 
 390      EB661E64 
 390      A7541B
 391 142b 9EE0E9F7 		.ascii	"\236\340\351\367\035_7kJw\246a`\210\016w\210#\316\356"
 391      1D5F376B 
 391      4A77A661 
 391      60880E77 
 391      8823CEEE 
 392 143f 72589347 		.ascii	"rX\223G\261H\016p\214q9m\351\211\236\020\307Hkjz\022"
 392      B1480E70 
 392      8C71396D 
 392      E9899E10 
 392      C7486B6A 
 393 1455 2DAF5D76 		.ascii	"-\257]vW`B\242m\030#\013t\330dD\200\303\366\031\253"
 393      576042A2 
 393      6D18230B 
 393      74D86444 
 393      80C3F619 
 394 146a 42C2120C 		.ascii	"B\302\022\0146\017\244\201D\241\210\3638\023\235\311"
 394      360FA481 
 394      44A188F3 
 394      38139DC9 
 395 147a 4A3F2E3D 		.ascii	"J?.=!\226&\347`\271\317:\235\220\031\253\247\036\350"
 395      219626E7 
 395      60B9CF3A 
 395      9D9019AB 
 395      A71EE8
 396 148d 1779DD4C 		.ascii	"\027y\335L^\351\342k\0173\277\207\357\250\356\000\017"
 396      5EE9E26B 
 396      0F33BF87 
ARM GAS  /tmp/ccw6d591.s 			page 31


 396      EFA8EE00 
 396      0F
 397 149e F3898508 		.ascii	"\363\211\205\010S\212H\324\007c\242M\211\304dd\230h"
 397      538A48D4 
 397      0763A24D 
 397      89C46464 
 397      9868
 398 14b0 75D9265B 		.ascii	"u\331&[]\366.\006\200r\036Fh\324\261\303L1F\221\262"
 398      5DF62E06 
 398      80721E46 
 398      68D4B1C3 
 398      4C314691 
 399 14c5 3A56BEE0 		.ascii	":V\276\340a\2069\2073\334\330w}\321\3130\340\364L0T"
 399      61863987 
 399      33DCD877 
 399      7DD1CB30 
 399      E0F44C30 
 400 14da 3D3DDBD3 		.ascii	"==\333\323\222^\011\"\014\223|\361{h\325-\0354\324\005"
 400      925E0922 
 400      0C937CF1 
 400      7B68D52D 
 400      1D34D405 
 401 14ee C17ADDD9 		.ascii	"\301z\335\331~\371<n\334\360\221\362\030\267e\300\033"
 401      7EF93C6E 
 401      DCF091F2 
 401      18B765C0 
 401      1B
 402 14ff 159C2A65 		.ascii	"\025\234*e\230\017\313\277\376\025\3051\027\207\265"
 402      980FCBBF 
 402      FE15C531 
 402      1787B5
 403 150e F1FF0049 		.ascii	"\361\377\000IT\202:"
 403      54823A
 404              		.text
 405              		.section	.gnu.lto_.symtab.55bbf190a2c76082,"e",%progbits
 406 0000 5F75785F 		.ascii	"_ux_device_stack_transfer_abort\000"
 406      64657669 
 406      63655F73 
 406      7461636B 
 406      5F747261 
 407 0020 00       		.ascii	"\000"
 408 0021 00       		.ascii	"\000"
 409 0022 00       		.ascii	"\000"
 410 0023 00000000 		.ascii	"\000\000\000\000\000\000\000\000"
 410      00000000 
 411 002b 0C010000 		.ascii	"\014\001\000\000"
 412 002f 5F75785F 		.ascii	"_ux_system_slave\000"
 412      73797374 
 412      656D5F73 
 412      6C617665 
 412      00
 413 0040 00       		.ascii	"\000"
 414 0041 02       		.ascii	"\002"
 415 0042 00       		.ascii	"\000"
 416 0043 00000000 		.ascii	"\000\000\000\000\000\000\000\000"
 416      00000000 
 417 004b 45020000 		.ascii	"E\002\000\000"
ARM GAS  /tmp/ccw6d591.s 			page 32


 418 004f 5F75785F 		.ascii	"_ux_utility_interrupt_restore\000"
 418      7574696C 
 418      6974795F 
 418      696E7465 
 418      72727570 
 419 006d 00       		.ascii	"\000"
 420 006e 02       		.ascii	"\002"
 421 006f 00       		.ascii	"\000"
 422 0070 00000000 		.ascii	"\000\000\000\000\000\000\000\000"
 422      00000000 
 423 0078 10010000 		.ascii	"\020\001\000\000"
 424 007c 5F75785F 		.ascii	"_ux_utility_interrupt_disable\000"
 424      7574696C 
 424      6974795F 
 424      696E7465 
 424      72727570 
 425 009a 00       		.ascii	"\000"
 426 009b 02       		.ascii	"\002"
 427 009c 00       		.ascii	"\000"
 428 009d 00000000 		.ascii	"\000\000\000\000\000\000\000\000"
 428      00000000 
 429 00a5 13010000 		.ascii	"\023\001\000\000"
 430              		.text
 431              		.section	.gnu.lto_.ext_symtab.55bbf190a2c76082,"e",%progbits
 432 0000 01       		.ascii	"\001"
 433 0001 01       		.ascii	"\001"
 434 0002 00       		.ascii	"\000"
 435 0003 02       		.ascii	"\002"
 436 0004 01       		.ascii	"\001"
 437 0005 01       		.ascii	"\001"
 438 0006 00       		.ascii	"\000"
 439 0007 01       		.ascii	"\001"
 440 0008 00       		.ascii	"\000"
 441              		.text
 442              		.section	.gnu.lto_.opts,"e",%progbits
 443 0000 272D666E 		.ascii	"'-fno-openmp' '-fno-openacc' '-fno-pie' '-fcf-prote"
 443      6F2D6F70 
 443      656E6D70 
 443      2720272D 
 443      666E6F2D 
 444 0033 6374696F 		.ascii	"ction=none' '-mcpu=cortex-m33' '-mthumb' '-mfpu=fpv"
 444      6E3D6E6F 
 444      6E652720 
 444      272D6D63 
 444      70753D63 
 445 0066 342D7370 		.ascii	"4-sp-d16' '-mfloat-abi=hard' '-mlibarch=armv8-m.mai"
 445      2D643136 
 445      2720272D 
 445      6D666C6F 
 445      61742D61 
 446 0099 6E2B6473 		.ascii	"n+dsp+fp' '-march=armv8-m.main+dsp+fp' '-Os' '-flto"
 446      702B6670 
 446      2720272D 
 446      6D617263 
 446      683D6172 
 447 00cc 2720272D 		.ascii	"' '-fdata-sections' '-ffunction-sections' '-Xassemb"
 447      66646174 
ARM GAS  /tmp/ccw6d591.s 			page 33


 447      612D7365 
 447      6374696F 
 447      6E732720 
 448 00ff 6C657227 		.ascii	"ler' '-a' '-Xassembler' '-ad' '-Xassembler' '-alms="
 448      20272D61 
 448      2720272D 
 448      58617373 
 448      656D626C 
 449 0132 6275696C 		.ascii	"build/../sdk/stm32/STM32_USBX_Library/common/core/s"
 449      642F2E2E 
 449      2F73646B 
 449      2F73746D 
 449      33322F53 
 450 0165 72632F75 		.ascii	"rc/ux_device_stack_transfer_abort.lst'\000"
 450      785F6465 
 450      76696365 
 450      5F737461 
 450      636B5F74 
 451              		.text
 452              		.comm	__gnu_lto_slim,1,1
 453              		.ident	"GCC: (15:10.3-2021.07-4) 10.3.1 20210621 (release)"
ARM GAS  /tmp/ccw6d591.s 			page 34


DEFINED SYMBOLS
                            *ABS*:0000000000000000 ux_device_stack_transfer_abort.c
                            *COM*:0000000000000001 __gnu_lto_slim

NO UNDEFINED SYMBOLS
