ARM GAS  /tmp/ccda42pY.s 			page 1


   1              		.cpu cortex-m33
   2              		.eabi_attribute 27, 1
   3              		.eabi_attribute 28, 1
   4              		.eabi_attribute 20, 1
   5              		.eabi_attribute 21, 1
   6              		.eabi_attribute 23, 3
   7              		.eabi_attribute 24, 1
   8              		.eabi_attribute 25, 1
   9              		.eabi_attribute 26, 1
  10              		.eabi_attribute 30, 4
  11              		.eabi_attribute 34, 1
  12              		.eabi_attribute 18, 4
  13              		.file	"ux_device_stack_microsoft_extension_register.c"
  14              		.section	.gnu.lto_.profile.7e1dd8370f71784a,"e",%progbits
  15 0000 789C6362 		.ascii	"x\234cb\000\001\000\000\022\000\003"
  15      00010000 
  15      120003
  16              		.text
  17              		.section	.gnu.lto_.icf.7e1dd8370f71784a,"e",%progbits
  18 0000 789CE360 		.ascii	"x\234\343`@\000F\206Y\033ov11\000\000\014\323\002\272"
  18      40004686 
  18      591B6F76 
  18      31310000 
  18      0CD302BA 
  19              		.text
  20              		.section	.gnu.lto_.ipa_sra.7e1dd8370f71784a,"e",%progbits
  21 0000 789CE365 		.ascii	"x\234\343e@\000F\006&\030\223\231\001\000\001\207\000"
  21      40004606 
  21      26189399 
  21      01000187 
  21      00
  22 0011 14       		.ascii	"\024"
  23              		.text
  24              		.section	.gnu.lto_.inline.7e1dd8370f71784a,"e",%progbits
  25 0000 789C5361 		.ascii	"x\234Sa@\000F\006\006\266\206\206\206\003L\251\214\014"
  25      40004606 
  25      06B68686 
  25      86034CA9 
  25      8C0C
  26 0012 4C205603 		.ascii	"L V\003s\012D\250\201)\205\211\201\011\244\006\000\242"
  26      730A44A8 
  26      81298589 
  26      8109A406 
  26      00A2
  27 0024 4507B3   		.ascii	"E\007\263"
  28              		.text
  29              		.section	.gnu.lto_.jmpfuncs.7e1dd8370f71784a,"e",%progbits
  30 0000 789CE367 		.ascii	"x\234\343g@\000F\006&FF\346\372%\314\014@\314\310\000"
  30      40004606 
  30      264646E6 
  30      FA25CC0C 
  30      40CCC800 
  31 0014 0010D002 		.ascii	"\000\020\320\002e"
  31      65
  32              		.text
  33              		.section	.gnu.lto_.pureconst.7e1dd8370f71784a,"e",%progbits
  34 0000 789C6361 		.ascii	"x\234ca```d\230\305\002\000\001d\000\244"
ARM GAS  /tmp/ccda42pY.s 			page 2


  34      60606064 
  34      98C50200 
  34      016400A4 
  35              		.text
  36              		.section	.gnu.lto_.lto.7e1dd8370f71784a,"e",%progbits
  37 0000 09000400 		.ascii	"\011\000\004\000\001\000\000\000"
  37      01000000 
  38              		.text
  39              		.section	.gnu.lto__ux_device_stack_microsoft_extension_register.3.7e1dd8370f71784a,"e",%progbits
  40 0000 789C7D90 		.ascii	"x\234}\220;h\024Q\024\206\317?wf\243\205i\203\235\225"
  40      3B681451 
  40      1486CF3F 
  40      7766A385 
  40      69839D95 
  41 0014 62B17B63 		.ascii	"b\261{c\026\261\025k\255\242\220n\330\314\316\312\260"
  41      16B1156B 
  41      ADA2906E 
  41      D8CCCECA 
  41      B0
  42 0025 CEC3993B 		.ascii	"\316\303\231;1V\271\011b\221&\331\004\002.1E\030\302"
  42      3156B909 
  42      629126D9 
  42      04022E31 
  42      4518C2
  43 0038 5AD9F848 		.ascii	"Z\331\370H|\340\240he!BJ\037\301\312F\304FEA\317\235"
  43      7CE0A068 
  43      6521424A 
  43      1FC1CA46 
  43      C4464541 
  44 004e 44348DC5 		.ascii	"D4\215\305\341\336s\370\356\177\376\377^\007QIDG\271"
  44      E1DE73F8 
  44      EE7FFEFF 
  44      5E075149 
  44      4447B9
  45 0061 20084BBD 		.ascii	" \010K\275y\213\264\326\247\207,\314\366\346\277\366"
  45      798BB4D6 
  45      A7872CCC 
  45      F6E6BFF6 
  46 0071 EFD97888 		.ascii	"\357\331x\210j\000\232\2610\203e\261*\260$\012\206\355"
  46      6A009AB1 
  46      308365B1 
  46      2AB0240A 
  46      86ED
  47 0083 BD1B70E4 		.ascii	"\275\033p\344x\251\365\267\347k7>`uP\332\205\260h\215"
  47      78A9F5B7 
  47      E76B373E 
  47      607550DA 
  47      85B0688D 
  48 0097 81BBC01D 		.ascii	"\201\273\300\035^@\304\240\350\203\2161\365\352\307"
  48      5E40C4A0 
  48      E8838E31 
  48      F5EAC7
  49 00a6 A6D607A9 		.ascii	"\246\326\007\251\020\002\367\361\017\304\203\012\273"
  49      1002F7F1 
  49      0FC4830A 
  49      BB
  50 00b3 B58B7DEE 		.ascii	"\265\213}\356?[\031^D!ll\355\307l\326\253\221\3217\236"
ARM GAS  /tmp/ccda42pY.s 			page 3


  50      3F5B195E 
  50      44216C6C 
  50      EDC76CD6 
  50      AB91D137 
  51 00c8 B96EBF76 		.ascii	"\271n\277vJ\375\363\327\202\326\357\016\357\274\255"
  51      4AFDF3D7 
  51      82D6EF0E 
  51      EFBCAD
  52 00d7 B1D14238 		.ascii	"\261\321B8lj\023\016\360\200\211\005a\"i\033\232\243"
  52      6C6A130E 
  52      F0808905 
  52      6122691B 
  52      9AA3
  53 00e9 2E0A6BB7 		.ascii	".\012k\267\231\345\346\023\346V\266\266w\234u\201\275"
  53      99E5E613 
  53      E656B6B6 
  53      779C7581 
  53      BD
  54 00fa 2C351817 		.ascii	",5\030\027\327`\361u\300+6*5<\006\036\241\342\373\037"
  54      D760F175 
  54      C02B362A 
  54      353C061E 
  54      A1E2FB1F 
  55 010e 5FFE619D 		.ascii	"_\376a\235\212\3350\3373\030)\304\020\253\340\011h\224"
  55      8ADD30DF 
  55      331829C4 
  55      10ABE009 
  55      6894
  56 0120 FB03265F 		.ascii	"\373\003&_\211\233\306\344:'3\017\277o\367\232\377\341"
  56      899BC6E4 
  56      3A27330F 
  56      BF6FF79A 
  56      FFE1
  57 0132 6D3C651E 		.ascii	"m<e\036\206w\350\013\346\336\277yq\310l\261\252\037"
  57      8677E80B 
  57      E6DEBF79 
  57      71C86CB1 
  57      AA1F
  58 0144 E410F81B 		.ascii	"\344\020\370\033\202\350\224\014#%=\251\302D\266\203"
  58      82E8940C 
  58      23253DA9 
  58      C244B683 
  59 0154 E4521C76 		.ascii	"\344R\034v[R\245q\022x\243'\352\231\012\233c\371\311"
  59      5B52A571 
  59      1278A327 
  59      EA990A9B 
  59      63F9C9
  60 0167 7A9E4DD6 		.ascii	"z\236M\326\333\376T7P\365\316\025\331J\022r\033\015"
  60      DBFE5437 
  60      50F5CE15 
  60      D94A1272 
  60      1B0D
  61 0179 99B5BBB2 		.ascii	"\231\265\273\262\"\344\370\371s\3151\367\302\370\231"
  61      22E4F8F9 
  61      73CD31F7 
  61      C2F899
  62 0188 09F76C30 		.ascii	"\011\367l0\231\266\322\253\322\213\3030\216\370H}\231"
ARM GAS  /tmp/ccda42pY.s 			page 4


  62      99B6D2AB 
  62      D28BC330 
  62      8EF8487D 
  62      99
  63 0199 A59ECCA7 		.ascii	"\245\236\314\247]V\010<\337\315T\313\353\272a\340\245"
  63      5D56083C 
  63      DFCD54CB 
  63      EBBA61E0 
  63      A5
  64 01aa 71167794 		.ascii	"q\026w\224\353O+?\312\2028rS\377b\220)?mx4<\345G\355"
  64      EB4F2B3F 
  64      CA823872 
  64      53FF6290 
  64      293F6D78 
  65 01c3 38E5D1E5 		.ascii	"8\345\321\345\334\317\324\310\376\326\355\344\221\247"
  65      DCCFD4C8 
  65      FED6EDE4 
  65      91A7
  66 01d1 F8C96FCB 		.ascii	"\370\311o\313\211\277_"
  66      89BF5F
  67              		.text
  68              		.section	.gnu.lto_.symbol_nodes.7e1dd8370f71784a,"e",%progbits
  69 0000 789C5365 		.ascii	"x\234Se\000\002&\346z\206\006 `a\234p\216\201\241\236"
  69      000226E6 
  69      7A860620 
  69      60619C70 
  69      8E81A19E 
  70 0014 81615743 		.ascii	"\201aWC##\003#H\212\201\225\205A\001D\003\000\2439\006"
  70      23230323 
  70      488A8195 
  70      85410144 
  70      0300A339 
  71 0029 72       		.ascii	"r"
  72              		.text
  73              		.section	.gnu.lto_.refs.7e1dd8370f71784a,"e",%progbits
  74 0000 789C6367 		.ascii	"x\234cg```\004\" \006\000\000f\000\013"
  74      60606004 
  74      22200600 
  74      0066000B 
  75              		.text
  76              		.section	.gnu.lto_.decls.7e1dd8370f71784a,"e",%progbits
  77 0000 789CB55A 		.ascii	"x\234\265ZyTTW\232\177\337\275\217\305\002\201\010."
  77      79545457 
  77      9A7FDFBD 
  77      8FC50281 
  77      082E
  78 0012 8931616C 		.ascii	"\2111al\223\330\235V\214\316L\247\373\3149\243\243&"
  78      93D89D56 
  78      8CCE4CA7 
  78      FBCC39A3 
  78      A326
  79 0024 F1745C8E 		.ascii	"\361t\\\216hN\247\377\230\232\202*\260F\240HU\241\261"
  79      684EA7FF 
  79      989A822A 
  79      B046A048 
  79      55A1B1
  80 0037 FFAAA831 		.ascii	"\377\252\2501\270\213\306\010\"\212\306\005\025\024"
ARM GAS  /tmp/ccda42pY.s 			page 5


  80      B88BC608 
  80      228AC605 
  80      1514
  81 0045 45135C40 		.ascii	"E\023\\@\202K@EpG\334\215IPL\202F\215\273\363\335{\337"
  81      824B4045 
  81      7047DC8D 
  81      49504C82 
  81      468DBBF3 
  82 005c 5A0F8899 		.ascii	"Z\017\210\231s\272\216\267\252\356}\277\367\373\226"
  82      73BA8EB7 
  82      AAEE7DBF 
  82      F7FB96
  83 006b FB2DF715 		.ascii	"\373-\367\025\376koI\372{\264$M\227$\351)\276\010~\036"
  83      FE6B6F49 
  83      FA7BB424 
  83      4D9724E9 
  83      29BE087E 
  84 0080 C5C13E77 		.ascii	"\305\301>w\341\250\227\304\013p\234R>\377L$\323\253"
  84      E1A897C4 
  84      0B709C52 
  84      3EFF4C24 
  84      D3AB
  85 0092 0417C3F1 		.ascii	"\004\027\303\361\263\013\2168\034u\206{\337D\354_p\374"
  85      B30B8E38 
  85      1C75867B 
  85      DF44EC5F 
  85      70FC
  86 00a4 8908CE3F 		.ascii	"\211\010\316?\340\333 \3221\337B\012\257\001S&\232\177"
  86      E0DB20D2 
  86      31DF420A 
  86      AF015326 
  86      9A7F
  87 00b6 93289112 		.ascii	"\223(\221\022\002\374\265\312+\301\027 P\364\177\031"
  87      02FCB5CA 
  87      2BC11720 
  87      50F47F19 
  88 00c6 B00BC8F8 		.ascii	"\260\013\310\370\036\007\361\371\224\314\3359\355d\204"
  88      1E07F1F9 
  88      94CCDD39 
  88      ED6484
  89 00d5 AD2A1068 		.ascii	"\255*\020h\015TM\357$\301N\200\035 A9 \311\227\000\333"
  89      0D544DEF 
  89      24C14E80 
  89      1D204139 
  89      20C99700 
  90 00ea 01B601C2 		.ascii	"\001\266\001\302\226\027\327\027w\212\344\260\302j\031"
  90      9617D717 
  90      778AE4B0 
  90      C26A19
  91 00f9 76810294 		.ascii	"v\201\002\224`7\276!`\326\202\233\205 K|\001<H\377\""
  91      6037BE21 
  91      60D6829B 
  91      85204B7C 
  91      013C48FF 
  92 010e 3C05FE21 		.ascii	"<\005\376!\321L\0068~u\313\226h&\2509P\375\021\225`"
  92      D14C0638 
  92      7E75CB96 
ARM GAS  /tmp/ccda42pY.s 			page 6


  92      6826A839 
  92      50FD1195 
  93 0123 100C90A0 		.ascii	"\020\014\220\240\012\020\200b\366\000T21\007Z\346o\215"
  93      0A108062 
  93      F6005432 
  93      31075AE6 
  93      6F8D
  94 0135 D2C57CA5 		.ascii	"\322\305|\245\213\251\026b\352\032\226\267Dq1\325\000"
  94      8BA91662 
  94      EA1A96B7 
  94      447131D5 
  94      00
  95 0146 15EC9643 		.ascii	"\025\354\226C\213gl\352\314WP\251\275l%p\253\341\240"
  95      8B676CEA 
  95      CC5750A9 
  95      BD6C2570 
  95      ABE1A0
  96 0159 ACAEEC63 		.ascii	"\254\256\354c+'o\234m\266\251+\373\331J\313\323\317"
  96      2B276F9C 
  96      6DB6A92B 
  96      FBD94ACB 
  96      D3CF
  97 016b EA23D495 		.ascii	"\352#\324\225\003\300\235B\270Sb\360\375}\315\223\357"
  97      03C09D42 
  97      B85362F0 
  97      FD7DCD93 
  97      EF
  98 017c A3FA9398 		.ascii	"\243\372\223\230\340%;\027\036\013\263\372\3510 \004"
  98      E0253B17 
  98      1E0BB3FA 
  98      E9302004 
  99 018c 0D380470 		.ascii	"\0158\004p\220\361\336]\270\344\227\310\356\350\365"
  99      90F1DE5D 
  99      B8E497C8 
  99      EEE8F5
 100 019b 1B81401C 		.ascii	"\033\201@\034\324\001\324\002\3240\375\217 \370ka\303"
 100      D401D402 
 100      D430FD8F 
 100      20F86B61 
 100      C3
 101 01ac D393398F 		.ascii	"\323\2239\217Bt#\217\350F\326\013\300\364\225W\366\311"
 101      4274238F 
 101      E846D60B 
 101      C0F49557 
 101      F6C9
 102 01be DF824470 		.ascii	"\337\202Dp*;\001\240\361\337\361\315&\375\235Jq\001"
 102      2A3B01A0 
 102      F1DFF1CD 
 102      26FD9D4A 
 102      7101
 103 01d0 1220A14E 		.ascii	"\022 \241NJl\324F\235\266\032x\251\357m:8\234\364\215"
 103      4A6CD446 
 103      9DB61A78 
 103      A9EF6D3A 
 103      389CF48D 
 104 01e4 B68517ED 		.ascii	"\266\205\027\355\205\030[H8!\315aN[\337\007PL\012C\343"
 104      85185B48 
ARM GAS  /tmp/ccda42pY.s 			page 7


 104      3821CD61 
 104      4E5BDF07 
 104      504C0A43 
 105 01f9 070764E7 		.ascii	"\007\007d\347\234\256\315a\001\262`T\334\240\301\370"
 105      9CAECD61 
 105      01B26054 
 105      DCA0C1F8 
 106 0209 DE1C5603 		.ascii	"\336\034V\003N\274k\214\034\036\203\337\232\303l\267"
 106      4EBC6B8C 
 106      1C1E83DF 
 106      9AC36CB7 
 107 0219 69E1DC50 		.ascii	"i\341\334Pg\035\311~\015u\2659\007\306\241\376\203\303"
 107      671DC97E 
 107      0D75B539 
 107      07C6A1FE 
 107      83C3
 108 022b C35F8AAE 		.ascii	"\303_\212\256\246\325\364-\214\323\360\322M]m\315a\321"
 108      A6D5F42D 
 108      8CD3F0D2 
 108      4D5D6DCD 
 108      61D1
 109 023d 48D1D719 		.ascii	"H\321\327\031\037\343\214\217\256\201\020\247\323\026"
 109      1FE38C8F 
 109      AE8110A7 
 109      D316
 110 024b D7574225 		.ascii	"\327WB%\234\003\007\016&6d\226\303k` \205\310\201\201"
 110      9C03070E 
 110      26366496 
 110      C36B6020 
 110      85C88181 
 111 025f CB2DDD6D 		.ascii	"\313-\335m`\353\364R|_IrJo\021\344\245O\325\027\204"
 111      60EBF452 
 111      7C5F4972 
 111      4A6F11E4 
 111      A54FD517 
 112 0274 A14CA73E 		.ascii	"\241L\247>\005\350k#\003\011\375ks\030\306;\211\227"
 112      05E86B23 
 112      0309FD6B 
 112      7318C63B 
 112      8997
 113 0286 A4801C1E 		.ascii	"\244\200\034\036\031\011\001\374\350d\377\253s\314@"
 113      190901FC 
 113      E864FFAB 
 113      73CC40
 114 0295 9BD41C46 		.ascii	"\233\324\034F\360R\234\014\001\002\372\235\266P\011"
 114      F0529C0C 
 114      0102FA9D 
 114      B65009
 115 02a4 D40460FE 		.ascii	"\324\004`\376\223\200\375\023o\022\233HF)|\235!\321"
 115      9380FD13 
 115      6F129B48 
 115      46297C9D 
 115      21D1
 116 02b6 AF20B248 		.ascii	"\257 \262H]\325>\224\357\002 x\324D\003P\205H\312U\003"
 116      5DD53E94 
 116      EF022078 
 116      D4440350 
ARM GAS  /tmp/ccda42pY.s 			page 8


 116      8548CA55 
 117 02cb B9AE83A2 		.ascii	"\271\256\203\242\207\312\243\3121\350\250\353\212;,"
 117      87CAA3CA 
 117      31E8A8EB 
 117      8A3B2C
 118 02da 8410E33D 		.ascii	"\204\020\343=\374>\223\342:\245\244\321J\006\303%\036"
 118      FC3E93E2 
 118      3AA5A4D1 
 118      4A06C325 
 118      1E
 119 02eb 36DBEE54 		.ascii	"6\333\356Tn\217\374\016X\360\315/\012\201\250\005\203"
 119      6E8FFC0E 
 119      58F0CD2F 
 119      0A81A805 
 119      83
 120 02fc 25A0CB80 		.ascii	"%\240\313\200]\252\254\310\315\026IR\217\331\211\013"
 120      5DAAACC8 
 120      CD164952 
 120      8FD9890B 
 121 030c AB772F5A 		.ascii	"\253w/ZI\325\370?\316\"wjk\325\2126#\367$\012=!\002"
 121      49D5F83F 
 121      CE22776A 
 121      6BD58A36 
 121      23F7240A 
 122 0323 73D7FD2F 		.ascii	"s\327\375/\357\313\275ss\003\367\266\317\333\277\372"
 122      EFCBBD73 
 122      7303F7B6 
 122      CFDBBFFA 
 123 0333 D59BE581 		.ascii	"\325\233\345\201\300\307xG8\003\3011\300D\340\012\035"
 123      C0C77847 
 123      3803C131 
 123      C044E00A 
 123      1D
 124 0344 C33B8E02 		.ascii	"\303;\216\0024`\356\\!\242\3404\023\372\263\362\365"
 124      3460EE5C 
 124      21A2E034 
 124      13FAB3F2 
 124      F5
 125 0355 12A17994 		.ascii	"\022\241y\224\261=\231\227\335\334I\325\201)u\276\366"
 125      B13D9997 
 125      DDDC49D5 
 125      812975BE 
 125      F6
 126 0366 D8EEA8B6 		.ascii	"\330\356\250\266T8\217\204\347\204\012K\256l\334i(D"
 126      54388F84 
 126      E7840A4B 
 126      AE6CDC69 
 126      2844
 127 0378 E7F5E4B9 		.ascii	"\347\365\344\271\200ot\007\025B\032\011=C%:U\026\323"
 127      806F7407 
 127      15421A09 
 127      3D43253A 
 127      5516D3
 128 038b 064237CA 		.ascii	"\006B7\312\022=\251Lk\010}\214\323\317C\304\264\212"
 128      123DA94C 
 128      6B087D8C 
 128      D3CF43C4 
ARM GAS  /tmp/ccda42pY.s 			page 9


 128      B48A
 129 039d D0C32112 		.ascii	"\320\303!\022mV\246\001\"V%^\017\0022}\242\\\210F\371"
 129      6D56A601 
 129      2256255E 
 129      0F02327D 
 129      A25C8846 
 130 03b2 97366EFD 		.ascii	"\2276n\375\005l\001\245\016\340\242*\376&\352\230\000"
 130      056C01A5 
 130      0EE0A22A 
 130      FE26EA98 
 130      00
 131 03c3 ADA2945C 		.ascii	"\255\242\224\\R\264\220\350\352P\211\326\204*Z\240\014"
 131      52B490E8 
 131      EA5089D6 
 131      842A5AA0 
 131      0C
 132 03d4 9CCE0E63 		.ascii	"\234\316\016c\206\\\2737\275%\232[\237\312\215\257\313"
 132      865CBB37 
 132      BD259A5B 
 132      9FCA8DAF 
 132      CB
 133 03e5 6E3811D2 		.ascii	"n8\021\322\226\361\017\220\370\2760~_\340\332!\242\033"
 133      96F10F90 
 133      F8BE307E 
 133      5FE0DA21 
 133      A21B
 134 03f7 FF4037FE 		.ascii	"\377@7\376!H\212i\022-\012\223h%\216S8nsY\373\356.="
 134      21488A69 
 134      122D0A93 
 134      68258E53 
 134      386E7359 
 135 040f 4A63453B 		.ascii	"JcE;\250\022{\204y\364\021\021\033\306\312a\336\365"
 135      A8127B84 
 135      79F41111 
 135      1BC6CA61 
 135      DEF5
 136 0421 4FC37462 		.ascii	"O\303tb\274\242\022O%\034pb\353\301n\\\331\251\204k"
 136      BCA2124F 
 136      251C7062 
 136      EBC16E5C 
 136      D9A9846B 
 137 0435 BBE2D4E2 		.ascii	"\273\342\324\342\2066\243e:\206\3624q\317gu\217\326"
 137      8636A365 
 137      3A86F234 
 137      71CF6775 
 137      8FD6
 138 0447 539D74BA 		.ascii	"S\235t\272N\3721\002\350\302pT5\\h\375\237\010\337s"
 138      4EFA3102 
 138      E8C27054 
 138      355C68FD 
 138      9F08DF73 
 139 045b 78EFF9F0 		.ascii	"x\357\371\360\266<;\2230\317f\023\304,\316)+\216\354"
 139      B63C3B93 
 139      30CF6613 
 139      C42CCE29 
 139      2B8EEC
 140 046e 8298E981 		.ascii	"\202\230\351\201\300\377\260\366\360#\300\017\0143\213"
ARM GAS  /tmp/ccda42pY.s 			page 10


 140      C0FFB0F6 
 140      F023C00F 
 140      0C338B
 141 047d 709C4477 		.ascii	"p\234Dw+\214W\305\356\025\206\322c(\247%\234)t=\247"
 141      2B8C57C5 
 141      EE1586D2 
 141      6328A725 
 141      9C29743D 
 142 0492 686E84D9 		.ascii	"hn\204\331\015\363\011,\320\335\260\362\336\2662\233"
 142      0DF3092C 
 142      D0DDB0F2 
 142      DEB6329B 
 143 04a2 AEF1025D 		.ascii	"\256\361\002]\343\034nR\267\365\017\016/\213\350\303"
 143      E31C6E52 
 143      B7F50F0E 
 143      2F8BE8C3 
 144 04b2 5FB1EC0D 		.ascii	"_\261\354\015\211\356-\335\260\362xl\311\324@`Z\017"
 144      89EE2DDD 
 144      B0F2786C 
 144      C9D44060 
 144      5A0F
 145 04c4 54033E21 		.ascii	"T\003>!\220K4\275\022p\274!1\306\345\005\025\227!\260"
 145      904B34BD 
 145      1270BC21 
 145      31C6E505 
 145      159721B0 
 146 04d8 70001A8F 		.ascii	"p\000\032\217\235\221aTn\016\334\011\034\265\242`\207"
 146      9D916154 
 146      6E0EDC09 
 146      1CB5A260 
 146      87
 147 04e9 40A5C213 		.ascii	"@\245\302\023\023\350\021hL\345\005\333\005\006\323"
 147      13E81168 
 147      4CE505DB 
 147      0506D3
 148 04f8 E68E09F4 		.ascii	"\346\216\011\364\263\006*-(\370\240\006\273+\356\314"
 148      B3062A2D 
 148      28F8A006 
 148      BB2BEECC 
 149 0508 0C621126 		.ascii	"\014b\021&x\212tY\217\255\262P!\341\347*Y\202\271\004"
 149      788A7459 
 149      8FADB250 
 149      21E1E72A 
 149      5982B904 
 150 051c E6A08767 		.ascii	"\346\240\207gs*lw\013\011|F`\021\201O\011,!\260\224"
 150      732A6C77 
 150      0B097C46 
 150      6011814F 
 150      092C21B0 
 151 0531 C032028B 		.ascii	"\3002\002\213\011\344\023\310c\365\222i\260Kh\220C`"
 151      09E413C8 
 151      63F59269 
 151      B04B6890 
 151      4360
 152 0543 9E49835B 		.ascii	"\236I\203[\272\006%\252O\036\002\3343\251pW\007\355"
 152      BA0625AA 
 152      4F1E02DC 
ARM GAS  /tmp/ccda42pY.s 			page 11


 152      33A97057 
 152      07ED
 153 0555 30987BDB 		.ascii	"0\230{\333j\256\342\270\315\2721\277X\231\020D\367t"
 153      6AAEE2B8 
 153      CDBA31BF 
 153      58991044 
 153      F774
 154 0567 625B7C35 		.ascii	"b[|5wgmd\254\305\262\202g\265\014)Jn\227\037\213\326"
 154      77676D64 
 154      ACC5B282 
 154      67B50C29 
 154      4A6E971F 
 155 057d A364B92E 		.ascii	"\243d\271.k\205\010\374\323-y\373\325(-$\270\252\205"
 155      6B8508FC 
 155      D32D79FB 
 155      D5282D24 
 155      B8AA85
 156 0590 4321E185 		.ascii	"C!\341\205B\204\350=\240G\270N{o\325\315\266\231\343"
 156      4284E83D 
 156      A047B84E 
 156      7B6FD5CD 
 156      B699E3
 157 05a3 123DFDB9 		.ascii	"\022=\375\271\036\227G\227/\257\350l\006\024\230\000"
 157      1E974797 
 157      2FAFE86C 
 157      06149800 
 158 05b3 EB7E5A33 		.ascii	"\353~Z3\033t\225V\353*\255aIq\275\223\220\330\012t\276"
 158      1B749556 
 158      EB2AAD61 
 158      4971BD93 
 158      90D80A74 
 159 05c8 4DA22536 		.ascii	"M\242%6\245(\003m\302i B)\314@\213\"$Z\253L\033\201"
 159      A528036D 
 159      C2692042 
 159      29CC408B 
 159      22245AAB 
 160 05df 3EC26951 		.ascii	">\302iQ\244R\274\200\236\215\224\350'\235\225:\003t"
 160      A452BC80 
 160      9E8D94E8 
 160      279D953A 
 160      0374
 161 05f1 B3F2359E 		.ascii	"\263\3625\236\277\027\001O\270*\033mP\326\013\201~\257"
 161      BF17014F 
 161      B82A1B6D 
 161      50D60B81 
 161      7EAF
 162 0603 7CCD053A 		.ascii	"|\315\005:7J\242\305Q\374$X\375ye\210\331\232*\002_"
 162      374AA2C5 
 162      51FC2458 
 162      FD796588 
 162      D99A2A02 
 163 0618 E9D66C3A 		.ascii	"\351\326l:st\256\241\306\177\245[S\315\254\331\037%"
 163      7374AEA1 
 163      C67FA55B 
 163      53CDACD9 
 163      1F25
 164 062a 481700BD 		.ascii	"H\027\000\275\201\244s\242\225\262-Jo$W\343\022\012"
ARM GAS  /tmp/ccda42pY.s 			page 12


 164      81A473A2 
 164      95B22D4A 
 164      6F2457E3 
 164      120A
 165 063c 53D6C3E9 		.ascii	"S\326\303\351\311hQ\014\336\244\027\224o\003h\213\362"
 165      C968510C 
 165      DEA41794 
 165      6F03688B 
 165      F2
 166 064d AD2F7D10 		.ascii	"\255/}\020-\321y1\022-\210a+\257\342\361\202\362O\211"
 166      2DD17931 
 166      122D8861 
 166      2BAFE2F1 
 166      82F24F89 
 167 0661 6E8861DA 		.ascii	"n\210a\332\334Y\372Cov\360\273\021\250\232\032\")\205"
 167      DC59FA43 
 167      6F76F0BB 
 167      11A89A1A 
 167      222985
 168 0674 0E4E1384 		.ascii	"\016N\023\204`\274\234\"p\222\320-x\377W8j\331\035]"
 168      60BC9C22 
 168      7092D02D 
 168      78FF5738 
 168      6AD91D5D 
 169 0688 0EE5DE9A 		.ascii	"\016\345\336\232\037\325G-\023\314\216\372\234\355G"
 169      1FD5472D 
 169      13CC8EFA 
 169      9CED47
 170 0697 21306300 		.ascii	"!0c\000+Yg\010|C\370\361W\224\207A<[\032s\322\2130["
 170      2B596708 
 170      7C43F8F1 
 170      57948741 
 170      3C5B1A73 
 171 06af 1A099CE0 		.ascii	"\032\011\234\340\327\325z\312\020\265<\304K\317\346"
 171      D7D57ACA 
 171      10B53CC4 
 171      4BCFE6
 172 06be B8731182 		.ascii	"\270s\021\202\024\015A\024\365\204\003\316i\200#A\200"
 172      140D4114 
 172      F58403CE 
 172      69802341 
 172      80
 173 06cf 3A0138A3 		.ascii	":\0018\243\001\216\007\001D\026\2256i\200cA\200\243"
 173      018E0701 
 173      44169536 
 173      69806341 
 173      80A3
 174 06e1 82E17C0E 		.ascii	"\202\341|\016OjL\305\303\034\240n\314!\302\363U\317"
 174      4F6A4CC5 
 174      C31CA06E 
 174      CC21C2F3 
 174      55CF
 175 06f3 AB5A3CF3 		.ascii	"\253Z<\363a\260\237\345(\364\323U\002\347\010\234'\330"
 175      61B09FE5 
 175      28F4D355 
 175      02E7089C 
 175      27D8
ARM GAS  /tmp/ccda42pY.s 			page 13


 176 0705 FEE13281 		.ascii	"\376\3412\201\013\004.\022\270\242\326\212#\232\334"
 176      0B042E12 
 176      B8A2D68A 
 176      239ADC
 177 0714 A620B96F 		.ascii	"\246 \271oH\364F\214\330\310\036\"h\305\276U\205\322"
 177      48F4468C 
 177      D8C81E22 
 177      68C5BE55 
 177      85D2
 178 0726 45CF295F 		.ascii	"E\317)_e\272\3559\211\236~N\300\336\024\213\022\375"
 178      65BAED39 
 178      899E7E4E 
 178      C0DE148B 
 178      12FD
 179 0738 B88B5808 		.ascii	"\270\213X\010\303M\334qjnED\233m\2337\227V\326\\\312"
 179      C34DDC71 
 179      6A6E4544 
 179      9B6D9B37 
 179      9756D65C 
 180 074d 9A734E52 		.ascii	"\232sNRSs!\302\256[\204\343$\272Fa\034@k\273`SQf}\351"
 180      537321C2 
 180      AE5B84E3 
 180      24BA4661 
 180      1C406BBB 
 181 0767 EC583C79 		.ascii	"\354X<y\304\262`\231\367\343\371&0\307\366}\002\017"
 181      C4B26099 
 181      F7E3F926 
 181      30C7F67D 
 181      020F
 182 0779 F4D83EB5 		.ascii	"\364\330>\265\264\274\314\320\024\037\350.|(\212\307"
 182      B4BCCCD0 
 182      141FE82E 
 182      7C288AC7 
 183 0789 959AFC82 		.ascii	"\225\232\374\202H\336j\037\212V{\257|o\011\321Z\355"
 183      48DE6A1F 
 183      8A567BAF 
 183      7C6F09D1 
 183      5AED
 184 079b 042D321E 		.ascii	"\004-2\036\243V\217\304=\215\353\026\273u\316\307:\347"
 184      A3568FC4 
 184      3D8DEB16 
 184      BB75CEC7 
 184      3AE7
 185 07ad 13A6F531 		.ascii	"\023\246\3651\324\356\026\216eq\022=\200\343\3478\241"
 185      D4EE168E 
 185      6571123D 
 185      80E3E738 
 185      A1
 186 07be 770CCDEF 		.ascii	"w\014\315\357\212+8\356\340X\326\015K$\216\013\335\220"
 186      8A2B38EE 
 186      E058D60D 
 186      4B248E0B 
 186      DD90
 187 07d0 B1CF8ACB 		.ascii	"\261\317\212\313\253\213\302\224&gx\261\275\232\225"
 187      AB8BC294 
 187      266778B1 
 187      BD9A95
ARM GAS  /tmp/ccda42pY.s 			page 14


 188 07df A786C034 		.ascii	"\247\206\3004\012s\251&\353;\2425\237\207KT\310,\023"
 188      0A73A926 
 188      EB3BA235 
 188      9F874B54 
 188      C82C13
 189 07f2 24212848 		.ascii	"$!(H\256\023\326k\230\207\020\204A2\207\262\034\376"
 189      AE13D66B 
 189      98871084 
 189      413287B2 
 189      1CFE
 190 0804 8CC2320A 		.ascii	"\214\3022\012\013(,\2420\233B.\305\343),\241\260\224"
 190      0B282CA2 
 190      309B422E 
 190      C5E3292C 
 190      A1B094
 191 0817 C27C0A79 		.ascii	"\302|\012y\024\026S\310\241\360)\205yT\211\237\"M\247"
 191      141653C8 
 191      A1F02985 
 191      7954899F 
 191      224DA7
 192 082a 1BC428D0 		.ascii	"\033\304(\320\330Z\347\347)\315\346\011\201{&\324/D"
 192      D85AE7E7 
 192      29CDE609 
 192      817B26D4 
 192      2F44
 193 083c 4765E729 		.ascii	"Ge\347)}\004\237/g\230\224\237N\365^\236\247\267\244"
 193      7D049F2F 
 193      6798949F 
 193      4EF55E9E 
 193      A7B7A4
 194 084f 9FCD0275 		.ascii	"\237\315\002u'<\322\2340\323\342\004%\335fjj\177l\025"
 194      273CD29C 
 194      30D3E204 
 194      25DD666A 
 194      6A7F6C15 
 195 0863 251A70E9 		.ascii	"%\032p\351\212\274\020\226\032\267\010\374\304%\251"
 195      8ABC1096 
 195      1AB708FC 
 195      C425A9
 196 0872 41F983AE 		.ascii	"A\371\203\256ti\201\306s\307\244\315m\203aO\226\250"
 196      746981C6 
 196      73C7A4CD 
 196      6D83614F 
 196      96A8
 197 0884 8611C836 		.ascii	"\206\021\3106I;\244\351\334:\327`X\300\004*7\210\233"
 197      493BA4E9 
 197      DC3AD760 
 197      58C0042A 
 197      37889B
 198 0897 AD899B6A 		.ascii	"\255\211\233j\215\000\005\223\247a\356ZU\022\016\232"
 198      8D000593 
 198      A761EE5A 
 198      55120E9A 
 199 08a7 A7419E5A 		.ascii	"\247A\236Z\267C@\346h\220\217\254\332\010\225\237.\321"
 199      B74340E6 
 199      68908FAC 
 199      DA08959F 
ARM GAS  /tmp/ccda42pY.s 			page 15


 199      2ED1
 200 08b9 37EC13AB 		.ascii	"7\354\023\253]\254\363?\305\260\316\355\316\022%wm\313"
 200      5DACF33F 
 200      C5B0CEED 
 200      CE122577 
 200      6DCB
 201 08cb A650737A 		.ascii	"\246Psz.\247\260\202j\3519\375\313\263\016=\223V\350"
 201      2EA7B082 
 201      6AE939FD 
 201      CBB30E3D 
 201      9356E8
 202 08de 6485B825 		.ascii	"d\205\270%tsw\211\036\302\321\202#\273\007\303\3579"
 202      74737789 
 202      1EC2D182 
 202      23BB07C3 
 202      EF39
 203 08f0 75775F68 		.ascii	"uw_h[ue\015eu%\201u\367\306\332\255Q\254\2544+eE\024"
 203      5B75650D 
 203      65752581 
 203      75F7C6DA 
 203      AD51ACAC 
 204 0909 B7B59483 		.ascii	"\267\265\224\203$\372i\017\211.\357!JY\017Z\202\263"
 204      24FA690F 
 204      892EEF21 
 204      4A590F5A 
 204      82B3
 205 091b 4A461DF3 		.ascii	"JF\035\363x\335\354\003\240f S\251\351\3766c\023)\241"
 205      78DDEC03 
 205      A0662053 
 205      A9E9FE36 
 205      631329A1 
 206 092f A626A264 		.ascii	"\246&\242d\025\026\005\021!\260\2212\010fU\031\205b"
 206      15160511 
 206      21B09132 
 206      08665519 
 206      8562
 207 0941 0A5B286C 		.ascii	"\012[(l\246PJa+\205M,oXp]\274?\201\005\327Z\012\253"
 207      A6504A61 
 207      2B854D2C 
 207      6F58705D 
 207      BC3F8105 
 208 0959 A99950E9 		.ascii	"\251\231P\351\030\347\004@\264\024\023`=\025\015\341"
 208      18E70440 
 208      B4141360 
 208      3D150DE1 
 209 0969 7E9AD2B7 		.ascii	"~\232\322\267\2128\203\261o)\241pV\343\330\020$Dil\027"
 209      8A3883B1 
 209      6F29A170 
 209      56E3D810 
 209      2444696C 
 210 097e 34C0BA20 		.ascii	"4\300\272 \200\322\330\316h\200\246 -\260=\234C\217"
 210      80D2D8CE 
 210      6880A620 
 210      2DB03D9C 
 210      438F
 211 0990 DDC431F3 		.ascii	"\335\3041\363y\326{\177j\270s&B-W\261\274\367\252\031"
 211      79D67B7F 
ARM GAS  /tmp/ccda42pY.s 			page 16


 211      6AB87326 
 211      422D57B1 
 211      BCF7AA19 
 212 09a4 5D48A180 		.ascii	"]H\241\200\302\2366\343\265\265\302\020\371_\230P\372"
 212      C29E36E3 
 212      B5B5C210 
 212      F95F9850 
 212      FA
 213 09b5 11FE509E 		.ascii	"\021\376P\236\236B\253L\0305a\231\262{D\314\246\302"
 213      9E42AB4C 
 213      18356199 
 213      B27B44CC 
 213      A6C2
 214 09c7 361344CF 		.ascii	"6\023D\317\262\322\272<\365d\274\322\252\217\020UiP"
 214      B2D2BA3C 
 214      F564BCD2 
 214      AA8F1055 
 214      6950
 215 09d9 67BB451D 		.ascii	"g\273E\035\2454\234\311\013a<\030\362-\204AD9\325\262"
 215      A5349CC9 
 215      0B613C18 
 215      F22D8441 
 215      4439D5B2 
 216 09ed 83416AF3 		.ascii	"\203Aj\363B\330\366\240\317>\347,j\365PsC\257\305\315"
 216      42D8F6A0 
 216      CF3EE72C 
 216      6AF55073 
 216      43AFC5CD 
 217 0a01 04BE27FC 		.ascii	"\004\276'\374$\266\207GM9\205\335(\225B%\205\035\024"
 217      24B68747 
 217      4D3985DD 
 217      28954225 
 217      851D14
 218 0a14 76E12285 		.ascii	"v\341\"\205\012*)\207\3278\361x\005t\025s;\331\376\343"
 218      0A2A2987 
 218      D738F178 
 218      05741573 
 218      3BD9FEE3 
 219 0a28 A3D290B6 		.ascii	"\243\322\220\266\362`/\317\203\001\010\2719\357\311"
 219      F2602FCF 
 219      830108B9 
 219      39EFC9
 220 0a37 8C30637B 		.ascii	"\2140c{UCe\037\3450\211V</\321\006\034\027p|\217\343"
 220      5543651F 
 220      E5308956 
 220      3C2FD106 
 220      1C17707C 
 221 0a4d 0E8EA738 		.ascii	"\016\216\2478f\276\200O\2138V\341\330\212\243\032G="
 221      66BE804F 
 221      8B3856E1 
 221      D88AA31A 
 221      473D
 222 0a5f 8E532FA0 		.ascii	"\216S/\240\350\370\353\245\025\251\301}JO\206\257(T"
 222      E8F8EBA5 
 222      15A9C17D 
 222      4A4F86AF 
 222      2854
ARM GAS  /tmp/ccda42pY.s 			page 17


 223 0a71 21FF510A 		.ascii	"!\377Q\012\307\270Y\227)\234\240p\221\302y\012\247("
 223      C7B85997 
 223      299CA070 
 223      91C2790A 
 223      A728
 224 0a83 9CA3D044 		.ascii	"\234\243\320D\341$\205K\024\316Ph\244p\232\302q\012"
 224      E124854B 
 224      14CE5068 
 224      A4709AC2 
 224      710A
 225 0a95 17289C55 		.ascii	"\027(\234U\233\313\356\207j\364\035\340,\"\372\364v"
 225      9BCBEE87 
 225      6AF41DE0 
 225      2C22FAF4 
 225      76
 226 0aa6 50BA5E03 		.ascii	"P\272^\003`Z\036\243\226\263\335\346\207j\216\034\342"
 226      605A1EA3 
 226      96B3DDE6 
 226      876A8E1C 
 226      E2
 227 0ab7 04AAE186 		.ascii	"\004\252\341\206\220(\326(\216P3\205r\360\332\245\001"
 227      9028D628 
 227      8E503385 
 227      72F0DAA5 
 227      01
 228 0ac8 BE360038 		.ascii	"\2766\0008\203\222\252;5DM0BI\243\035\232\036\265V="
 228      8392AA3B 
 228      35444D30 
 228      4249A31D 
 228      9A1EB556 
 229 0add 94E8DDA4 		.ascii	"\224\350\335\244\261\034\016R\004\305\260\210\252|("
 229      B11C0E52 
 229      04C5B088 
 229      AA7C28
 230 0aec 33C03E5E 		.ascii	"3\300>^2\014$\334\037JB\227h$uA$\212&\0335@}\020@Q\243"
 230      320C24DC 
 230      1F4A4297 
 230      68247541 
 230      248A261B 
 231 0b07 4203EC0F 		.ascii	"B\003\354\017\366\271\360\351\006\315\226\006\223\032"
 231      F6B9F0E9 
 231      06CD9606 
 231      931A
 232 0b15 86B252AE 		.ascii	"\206\262R\256A\016Z\315U0E\017\015\225\345XPe\271\205"
 232      410E5ACD 
 232      5530450F 
 232      0D95E558 
 232      5065B985 
 233 0b29 3196DD13 		.ascii	"1\226\335\023c\254G\301\211\362\213\304\360\334\317"
 233      63AC47C1 
 233      89F28BC4 
 233      F0DCCF
 234 0b38 0F4273F2 		.ascii	"\017Bs\362\325\346t\005s\257\215\202Q\232\247!\276%"
 234      D5E67405 
 234      73AF8D82 
 234      519AA721 
 234      BE25
ARM GAS  /tmp/ccda42pY.s 			page 18


 235 0b4a 46C4D77A 		.ascii	"F\304\327z\202\346\347\363\034\3063\357A\016\021\347"
 235      82E6E7F3 
 235      1CC633EF 
 235      410E11E7 
 236 0b5a 6605A238 		.ascii	"f\005\2428\243H\243\331k\242\251\324\353\305\206|\275"
 236      A348A3D9 
 236      6BA2A9D4 
 236      EBC5867C 
 236      BD
 237 0b6b 34EDB182 		.ascii	"4\355\261\202D\246\267\316\313\337\336)0k\0003\264\232"
 237      44A6B7CE 
 237      CBDFDE29 
 237      306B0033 
 237      B49A
 238 0b7d AB2CB2C3 		.ascii	"\253,\262\303XT\224j\260\223\300\016\302\233\343u\236"
 238      5854946A 
 238      B093C00E 
 238      C29BE375 
 238      9E
 239 0b8e 3657295C 		.ascii	"6W)\\\3032C\341[\012\337Q\370\211\302\017\024\276\247"
 239      C33243E1 
 239      5B0ADF51 
 239      F889C20F 
 239      14BEA7
 240 0ba1 D04CE106 		.ascii	"\320L\341\006V\025\265\237\344\012k\260\202\\\343J\210"
 240      5615B59F 
 240      E40A6BB0 
 240      825CE34A 
 240      88
 241 0bb2 A2623A1B 		.ascii	"\242b:\033n\324\214\2510\351\271[7f\205j\014V\310\375"
 241      6ED48CA9 
 241      30E9B95B 
 241      3766856A 
 241      0C56C8FD 
 242 0bc6 26D03E43 		.ascii	"&\320>C\305.\316\327K\3447\324B\245\240\012\014\\\007"
 242      C52ECED7 
 242      4BE437D4 
 242      42A5A00A 
 242      0C5C07
 243 0bd9 AC5CB8CB 		.ascii	"\254\\\270\313\253\331\016\223\245\313\217\236\211\210"
 243      ABD90E93 
 243      A5CB8F9E 
 243      8988
 244 0be7 B538A0F5 		.ascii	"\2658\240\36578\200\327\305>\242.\022\272\255\247Dk"
 244      373880D7 
 244      C53EA22E 
 244      12BAADA7 
 244      446B
 245 0bf9 705CEBD9 		.ascii	"p\\\353\331\326\257}\247\357\336\316\026\363:\200_("
 245      D6AF7DA7 
 245      EFDECE16 
 245      F33A805F 
 245      28
 246 0c0a 7DCA5147 		.ascii	"}\312QG\232*\326F\006==Px\240\037O\012\213V\2557\376"
 246      9A2AD646 
 246      063D3D50 
 246      78A01F4F 
ARM GAS  /tmp/ccda42pY.s 			page 19


 246      0A8B56AD 
 247 0c20 00A85BF3 		.ascii	"\000\250[\363\220\212G\347\205\227f\207\211\247\007"
 247      908A47E7 
 247      85976687 
 247      89A707
 248 0c2f 0AF728FB 		.ascii	"\012\367(\373\351w\357\374\365\235\333\372\245\3561"
 248      E977EFFC 
 248      F59DDBFA 
 248      A5EE31
 249 0c3e 96C547E2 		.ascii	"\226\305G\342\256\325\323\277\335dx(y\254\323>auy\321"
 249      AED5D3BF 
 249      DD647828 
 249      79ACD33E 
 249      617579D1 
 250 0c52 8B78F4C1 		.ascii	"\213x\364\301\261\007G\003\216\037q\314\356%\321\025"
 250      B1074703 
 250      8E1F71CC 
 250      EE25D115 
 251 0c62 BDD8CDD5 		.ascii	"\275\330\315\325;j\317\203*\222\331v\363\243\335Mr["
 251      3B6ACF83 
 251      2A92D976 
 251      F3A3DD4D 
 251      725B
 252 0c74 123F41BF 		.ascii	"\022?A\277\316\220\305\017\216\273\253\213\302u\211"
 252      CE90C50F 
 252      8EBBAB8B 
 252      C27589
 253 0c83 9FC89AC4 		.ascii	"\237\310\232\304l\016\210\233z\362@K\204\226n\374\374"
 253      6C0E889B 
 253      7AF2404B 
 253      84966EFC 
 253      FC
 254 0c94 73D0B0E1 		.ascii	"s\320\260\341\001\031\346\310\320\306\321\274._\373"
 254      0119E6C8 
 254      D0C6D1BC 
 254      2E5FFB
 255 0ca3 1DE80E35 		.ascii	"\035\350\0165b\214\315\376\220\201\351)\2650\2312\341"
 255      628CCDFE 
 255      9081E929 
 255      B5309932 
 255      E1
 256 0cb4 670AB728 		.ascii	"g\012\267(\337\007\204a \314\223a\276\014\013eX \303"
 256      DF078461 
 256      20CC9361 
 256      BE0C0B65 
 256      5820C3
 257 0cc7 4C1966CB 		.ascii	"L\031f\313\220#\303,\031\346\312\242]\2646\346+\317"
 257      9023C32C 
 257      19E6CAA2 
 257      5DB436E6 
 257      2BCF
 258 0cd9 19D9327C 		.ascii	"\031\3312|lR\323pj\255T5@\367L7\201\364\352\261'_\375"
 258      6C52D370 
 258      6AAD5435 
 258      40F74C37 
 258      81F4EAB1 
 259 0cf0 096F9A05 		.ascii	"\011o\232\005\241T\206Z\015\362\221\011b\250\350\255"
ARM GAS  /tmp/ccda42pY.s 			page 20


 259      A154865A 
 259      0DF29109 
 259      62A8E8AD 
 260 0d00 87557D9E 		.ascii	"\207U}\236P\270ku\211\320\247\306\240\317T+\025\246"
 260      50B86B75 
 260      89D0A7C6 
 260      A0CF542B 
 260      15A6
 261 0d12 C92EBED9 		.ascii	"\311.\276\331_<\334\231\037\025k\361\316\"\371Y\274"
 261      5F3CDC99 
 261      1F156BF1 
 261      CE22F959 
 261      BC
 262 0d23 436B7A29 		.ascii	"Ckz)\277C\211?\265\005\272\323\213\214\365/\325M+\327"
 262      BF43893F 
 262      B505BAD3 
 262      8B8CF52F 
 262      D54D2BD7 
 263 0d37 923E9697 		.ascii	"\222>\226\227\241\253\363\366U\246V\216\255\0046\352"
 263      A1ABF3F6 
 263      55A6568E 
 263      AD0436EA 
 264 0d47 1A96EAC5 		.ascii	"\032\226\352\305\345\242\006\271\010FH\223\376\303h"
 264      E5A206B9 
 264      08464893 
 264      FEC368
 265 0d56 AD06596B 		.ascii	"\255\006YkbY\251\2634i\220\357M,\337\351O\223\245\233"
 265      6259A9B3 
 265      346990EF 
 265      4D2CDFE9 
 265      4F93A59B 
 266 0d6a 35CC7613 		.ascii	"5\314v\023M\231NsA\203\\6\321\\2\320\234\3250\337\232"
 266      4D994E73 
 266      41835C36 
 266      D15C32D0 
 266      9CD530DF 
 267 0d7f 30DFE80A 		.ascii	"0\337\350\012\237\323 W\255\020e\217\233\313\224=\276"
 267      9FD32057 
 267      AD10658F 
 267      9BCB943D 
 267      BE
 268 0d90 0070D66A 		.ascii	"\000p\326j\271\202\332T\246?*}i\322\372\013C\274\354"
 268      B982DA54 
 268      A63F2A7D 
 268      69D2FA0B 
 268      43BCEC
 269 0da3 2AD39363 		.ascii	"*\323\223c\263\011U\242\333V\257)\325b\022wM\377\335"
 269      B30955A2 
 269      DB56AF29 
 269      D5621277 
 269      4DFFDD
 270 0db6 B6D2206D 		.ascii	"\266\322 m\243\211g\203\241\267\225\013\"\304l\263\372"
 270      A3896783 
 270      A1B7950B 
 270      22C46CB3 
 270      FA
 271 0dc7 51695B25 		.ascii	"Qi[%e\330\266\220\350&\036C\005\210\027g\323Cik\235"
ARM GAS  /tmp/ccda42pY.s 			page 21


 271      65D8B690 
 271      E8261E43 
 271      05881767 
 271      D343696B 
 272 0ddc 2A6E0D1E 		.ascii	"*n\015\036\316\255;\253\210\253\321\304\025\2310\353"
 272      CEAD3BAB 
 272      88ABD1C4 
 272      159930EB 
 273 0dec 0C4CD70C 		.ascii	"\014L\327\014\0168c\262\256\021\324\276\255\204\377"
 273      0E3863B2 
 273      AE11D4BE 
 273      AD84FF
 274 0dfb 12193EC3 		.ascii	"\022\031>\303\217\3052Ca\370o\225a\235\014\253d(\220"
 274      8FC53243 
 274      61F86F95 
 274      619D0CAB 
 274      642890
 275 0e0e 61AD0C79 		.ascii	"a\255\014y2l\227\341s\031\212e\330&\303\032\0316\313"
 275      326C97E1 
 275      73198A65 
 275      D826C31A 
 275      1936CB
 276 0e21 B05E867C 		.ascii	"\260^\206|\031\212d(\225a\265\014[d(\221a\031>l\312"
 276      198A6428 
 276      9561B50C 
 276      5B642891 
 276      61193E6C 
 277 0e36 5028C326 		.ascii	"P(\303&\031\226\313\260T\206\2252l\220\241L\255*\273"
 277      1996CBB0 
 277      54869532 
 277      6C90A14C 
 277      AD2ABB
 278 0e49 0DDEDC64 		.ascii	"\015\336\334d\335\025E\3653\006\325\233\255\261+\366"
 278      DD1545F5 
 278      3306D59B 
 278      ADB12BF6 
 279 0e59 EEBCB677 		.ascii	"\356\274\266wW\254q\251\224\036\015\262\336\352&\356"
 279      57AC71A9 
 279      941E0DB2 
 279      DEEA26EE 
 280 0e69 80D62365 		.ascii	"\200\326#e;\370\246\024\022\370\211\323\250\277q\337"
 280      3BF8A614 
 280      12F889D3 
 280      A8BF71DF 
 281 0e79 D043A0D1 		.ascii	"\320C\240\321\240\316uk\234(\2171\305e\374\320\360\251"
 281      A0CE756B 
 281      9C288F31 
 281      C565FCD0 
 281      F0A9
 282 0e8b 0CB729C3 		.ascii	"\014\267)\303\210\232b|\360\272\256\206w=@\256l\331"
 282      889A627C 
 282      F0BAAE86 
 282      773D40AE 
 282      6CD9
 283 0e9d 11F511CE 		.ascii	"\021\365\021\316 \255\330\032p\202j\247\301\217[\254"
 283      20ADD81A 
 283      70826AA7 
ARM GAS  /tmp/ccda42pY.s 			page 22


 283      C18F5BAC 
 284 0ead 6584FD5C 		.ascii	"e\204\375\\0\357%V\351\326\037\276V\3379\326\262\325"
 284      30EF2556 
 284      E9D61FBE 
 284      56DF39D6 
 284      B2D5
 285 0ebf 5FFC73B7 		.ascii	"_\374s\267\232\375O\212\202\003\206\277.|ih\037\242"
 285      9AFD4F8A 
 285      820386BF 
 285      2E7C6968 
 285      1FA2
 286 0ed1 757EB3B0 		.ascii	"u~\263\260\270\262\363+\215\201\300\275G\267\216o\357"
 286      B8B2F32B 
 286      8D81C0BD 
 286      47B78E6F 
 286      EF
 287 0ee2 B3775AE1 		.ascii	"\263wZ\341;x\011N\263?\277j\330\323\300\261\365\207"
 287      3B78094E 
 287      B33FBF6A 
 287      D8D3C0B1 
 287      F587
 288 0ef4 73BFE9AC 		.ascii	"s\277\351\254\223\225\353d;\231\264\377\356\337?\301"
 288      9395EB64 
 288      3B99B4FF 
 288      EEDF3FC1 
 289 0f04 E79C98E0 		.ascii	"\347\234\230\340\363\247\017\032\230\2208n\344\240\201"
 289      F3A70F1A 
 289      9890386E 
 289      E4A081
 290 0f13 F6F189FF 		.ascii	"\366\361\211\377\3657\373\273\356$\257\303;%!\331\223"
 290      F537FBBB 
 290      EE24AFC3 
 290      3B2521D9 
 290      93
 291 0f24 9EEEC9C0 		.ascii	"\236\356\311\300\017\257+\301\347MN\310\372\320\356"
 291      0FAF2BC1 
 291      E74D4EC8 
 291      FAD0EE
 292 0f33 744D7227 		.ascii	"tMr'\273\354>\277#y\242=\335\235\354\365\370<)~\273"
 292      BBEC3EBF 
 292      2379A23D 
 292      DD9DECF5 
 292      F83C297E 
 293 0f48 EB43BF2B 		.ascii	"\353C\277+\303\347\366d\330\275\256T\267\317\357\362"
 293      C3E7F664 
 293      D8BDAE54 
 293      B7CFEFF2 
 294 0f58 F64F0E7F 		.ascii	"\366O\016\177{\324\370\370\241o\374I\012\031\377\356"
 294      7BD4F8F8 
 294      A16FFC49 
 294      0A19FFEE 
 295 0f68 E8516F87 		.ascii	"\350Qo\207\214\037\372\316\220\261\362\370\021\243\306"
 295      8C1FFACE 
 295      90B1F2F8 
 295      11A3C6
 296 0f77 C539BCE9 		.ascii	"\3059\274\351\223\336\354\227\336?\335\341\316x\335"
 296      93DEEC97 
ARM GAS  /tmp/ccda42pY.s 			page 23


 296      DE3FDDE1 
 296      CE78DD
 297 0f86 E9CB7C3D 		.ascii	"\351\313|=%S\212@1~\327\207\375\322\007\015\222\372"
 297      25538A40 
 297      317ED787 
 297      FDD2070D 
 297      92FA
 298 0f98 D97F8BA8 		.ascii	"\331\177\213\250?%\244g"
 298      3F25A467 
 299 0fa0 F8139213 		.ascii	"\370\023\222\023\374\351\231\011Nwf\232'}\242#\301\357"
 299      FCE99909 
 299      4E77669A 
 299      277DA223 
 299      C1EF
 300 0fb2 F564BA93 		.ascii	"\365d\272\223\007\274\321\217[\227\365o\375\262|I\375"
 300      07BCD18F 
 300      5B97F56F 
 300      FDB27C49 
 300      FD
 301 0fc3 9072A2DB 		.ascii	"\220r\242\333\337/er\202#3S\262\377s\355\227b\230\025"
 301      DF2F6572 
 301      82233353 
 301      B2FF73ED 
 301      97629815 
 302 0fd7 BE29384B 		.ascii	"\276)8K\267\373\322\034\223\\\257\004\315U\266I\256"
 302      B7FBD21C 
 302      935CAF04 
 302      CD55B649 
 302      AE
 303 0fe8 0CA7C78B 		.ascii	"\014\247\307\213\267~\220\345\362\371_\016F%Opd\244"
 303      B77E90E5 
 303      F2F95F0E 
 303      46254F70 
 303      64A4
 304 0ffa BAEC2959 		.ascii	"\272\354)Y\031\311"
 304      19C9
 305 1000 7E1461B9 		.ascii	"~\024a\271\256\2608S\262\354\351\036\247\253o\007\327"
 305      AEB03853 
 305      B2ECE91E 
 305      A7AB6F07 
 305      D7
 306 1011 516FBFCB 		.ascii	"Qo\277\313\236\356H\236\340\316\350\020\350\367:2|)"
 306      9EEE489E 
 306      E0CEE810 
 306      E8F73A32 
 306      7C29
 307 1023 2EAFDDE7 		.ascii	".\257\335\347\376\207\353\367\035\000\235.t\305\004"
 307      FE87EBF7 
 307      1D009D2E 
 307      74C504
 308 1032 BBDF9DEE 		.ascii	"\273\337\235\356\362d\371_\353\000\231\354\310t$\271"
 308      F264F95F 
 308      EB0099EC 
 308      C87424B9 
 309 1042 D3DC7EB7 		.ascii	"\323\334~\267\313g\361\204\327\225\356A\315&;&\272\262"
 309      CB67F184 
 309      D795EE41 
ARM GAS  /tmp/ccda42pY.s 			page 24


 309      CD263B26 
 309      BAB2
 310 1054 32EDAE0C 		.ascii	"2\355\256\014GR\232\313iQ\320\214\322\010\247\364\014"
 310      47529ACB 
 310      6951D08C 
 310      D208A7F4 
 310      0C
 311 1065 06667A26 		.ascii	"\006fz&3\335\231\265]\203\257\3712].\247E\001w\006n"
 311      33DD99B5 
 311      5D83AFF9 
 311      325D2EA7 
 311      45017706 
 312 107a 5A8A0375 		.ascii	"Z\212\003uMNs\370|v\207\327\353\230\362;\206\022{\300"
 312      4D4E73F8 
 312      7C7687D7 
 312      EB98F23B 
 312      86127BC0 
 313 108e 17933D19 		.ascii	"\027\223=\031)\356\324,\257\203\355\203=#+=\311\345"
 313      29EED42C 
 313      AF83ED83 
 313      3D232B3D 
 313      C9E5
 314 10a0 7D3908A3 		.ascii	"}9\010\243\023\211\353\275\333\275\236\351\360:\322"
 314      1389EBBD 
 314      DBBD9EE9 
 314      F03AD2
 315 10af 5D387B31 		.ascii	"]8{1\010\342w\370&j\333\3355X\2074\267+\303\337\335"
 315      08E277F8 
 315      266ADBDD 
 315      35588734 
 315      B72BC3DF 
 316 10c4 C28AC666 		.ascii	"\302\212\306f$\273z\005\255#\324;E\343\3525\376o\366"
 316      24BB7A05 
 316      AD23D43B 
 316      45E3EA35 
 316      FE6FF6
 317 10d7 C47787BC 		.ascii	"\304w\207\2747\334>\364\335!\211\211\366\241\243G\216"
 317      37DC3EF4 
 317      DD218989 
 317      F6A1A347 
 317      8E
 318 10e8 1C326A98 		.ascii	"\0342j\230=q\334\330\361C\307\005Kb\356\313\362\305"
 318      3D71DCD8 
 318      F143C705 
 318      4B62EECB 
 318      F2C5
 319 10fa 06AD66A0 		.ascii	"\006\255f\240\316]\203x\304\375=\332\263\364y\015\216"
 319      CE5D8378 
 319      C4FD3DDA 
 319      B3F4790D 
 319      8E
 320 110b C93F7CEC 		.ascii	"\311?|\354[C\206\016Wn\371\363oIAw\006OAG\246\273\377"
 320      5B43860E 
 320      576EF9F3 
 320      6F494177 
 320      064F4147 
 321 1122 0429CAAC 		.ascii	"\004)\312\254\202%\002\014\273\330\307\022\224\030\215"
ARM GAS  /tmp/ccda42pY.s 			page 25


 321      8225020C 
 321      BBD8C712 
 321      94188D
 322 1131 29CCF793 		.ascii	")\314\367\223=\336\211\3664WF\252\177B\257\016A\177"
 322      3DDE89F6 
 322      345746AA 
 322      7F42AF0E 
 322      417F
 323 1143 0CBE9A86 		.ascii	"\014\276\232\206)\231\345\300\254t;-T\226\330j\023l"
 323      2999E5C0 
 323      AC743B2D 
 323      5496D86A 
 323      136C
 324 1155 49159FDF 		.ascii	"I\025\237\337\353\316H\265\260\305\377\032n`;9\027L"
 324      EBCE48B5 
 324      B0C5FF1A 
 324      6E603B39 
 324      174C
 325 1167 649FE04E 		.ascii	"d\237\340N\235 \242\377\365_\275E\307>3}JVZ\332\263"
 325      9D20A2FF 
 325      F55FBD45 
 325      C73E337D 
 325      4A565ADA 
 326 117c D2EBD8F6 		.ascii	"\322\353\330\366*\306\257\272!\030\327\255m\300+ZP*"
 326      2AC6AFBA 
 326      2118D7AD 
 326      6DC02B5A 
 326      502A
 327 118e 3760ADCD 		.ascii	"7`\255\315\364`h\372\260Hx\322\224$}\251cT\017-\330"
 327      F46068FA 
 327      B04878D2 
 327      94247DA9 
 327      63540F2D 
 328 11a3 868F1A36 		.ascii	"\206\217\0326f4F\261\022\277\257\006\337\247\305\274"
 328      663446B1 
 328      12BFAF06 
 328      DFA7C5BC 
 329 11b3 89FEE55F 		.ascii	"\211\376\345_\201Y\256\247\270\275>\277\216\352\033"
 329      8159AEA7 
 329      B8BD3EBF 
 329      8EEA1B
 330 11c2 7CDD5C88 		.ascii	"|\335\\\210\234._\262\327\235\351\367x\303G:>\034\303"
 330      9C2E5FB2 
 330      D79DE9F7 
 330      78C3473A 
 330      3E1CC3
 331 11d5 6A5F6452 		.ascii	"j_dR\372\020?\006JR\226\337\345\213r\0175\342c\223L"
 331      FA103F06 
 331      4A5296DF 
 331      E58B720F 
 331      35E26393 
 332 11ea D3F71C69 		.ascii	"\323\367\034iY\256\250\244QY\351#4\255\"'\217\363\370"
 332      59AEA8A4 
 332      5159E923 
 332      34AD2227 
 332      8FF3F8
 333 11fd 1D69EF72 		.ascii	"\035i\357r\327\207\216O|g\364\330q\321I\30349\343\246"
ARM GAS  /tmp/ccda42pY.s 			page 26


 333      D7878E4F 
 333      7C67F4D8 
 333      71D149C3 
 333      3439E3A6 
 334 1211 64BAC292 		.ascii	"d\272\302\222\304\345\336\350\234\241\243G\2755\342"
 334      C4E5DEE8 
 334      9CA1A347 
 334      BD35E2
 335 1220 EDF16387 		.ascii	"\355\361c\207\214\0331z\224}\330\360\304\241cG\214\031"
 335      8C1B317A 
 335      947DD8F0 
 335      C4A16347 
 335      8C19
 336 1232 377A6C7B 		.ascii	"7zl{n2\353\357s\245\271\222\375.g|\0330\354\343i\332"
 336      6E32EBEF 
 336      73A5B992 
 336      FD2E677C 
 336      1B30ECE3 
 337 1248 6EE8B554 		.ascii	"n\350\265T]\321\033\225\322=\373i\220\340+J=\263gNp"
 337      5DD11B95 
 337      D23DFB69 
 337      90E02B4A 
 337      3DB3674E 
 338 125d F8700752 		.ascii	"\370p\007R3\260\246\274\334\001\332\345\317\312\374"
 338      33B0A6BC 
 338      DC01DAE5 
 338      CFCAFC
 339 126c 5DFBD753 		.ascii	"]\373\327S<^\324\360\037i\231\377\322>F\351\212\035"
 339      3C5ED4F0 
 339      1F6999FF 
 339      D23E46E9 
 339      8A1D
 340 127e 49612DAA 		.ascii	"Ia-\252\003\235\261\376e\246\271\270\227\324\"\256\007"
 340      039DB1FE 
 340      65A6B9B8 
 340      97D422AE 
 340      07
 341 128f E3B8B143 		.ascii	"\343\270\261CF%\2765\\\365r\007b\270\315\277\177&1\311"
 341      4625BE35 
 341      5CF57207 
 341      62B8CDBF 
 341      7F2631C9 
 342 12a3 7884E800 		.ascii	"x\204\350\000\251-\210\264\374c\373HwF0\370\265\366"
 342      A92D88B4 
 342      FC63FB48 
 342      774630F8 
 342      B5F6
 343 12b5 C18E647F 		.ascii	"\301\216d\177\226#M\301\375\241}\234\362\351r*\320\376"
 343      96234DC1 
 343      FDA17D9C 
 343      F2E9722A 
 343      D0FE
 344 12c7 1DD894E5 		.ascii	"\035\330\224\345\365b\373\263;\035~\207\235\007\213"
 344      F562FBB3 
 344      3B1D7E87 
 344      9D078B
 345 12d6 CBFB6AFB 		.ascii	"\313\373j\373p#\254w\37305\360^\352\300E\230\034\361"
ARM GAS  /tmp/ccda42pY.s 			page 27


 345      7023AC77 
 345      FB3035F0 
 345      5EEAC045 
 345      981CF1
 346 12e9 BF16863D 		.ascii	"\277\026\206=\254\241,\202\276\233\266\275\303\206\277"
 346      ACA12C82 
 346      BE9BB6BD 
 346      C386BF
 347 12f8 3742EB94 		.ascii	"7B\353\224=\255x\255<\274l\275\226\201'Rm\366b[\262"
 347      3DAD78AD 
 347      3CBC6CBD 
 347      96812752 
 347      6DF6625B 
 348 130d D4548EB0 		.ascii	"\324T\216\260;\3220\031\370A\257S\022/\001\223\034i"
 348      3BD23019 
 348      F841AF53 
 348      122F0193 
 348      1C69
 349 131f 51935925 		.ascii	"Q\223Y%\301C\256\313\237\210\027b\222\206+w\016q:\275"
 349      C143AECB 
 349      9F881762 
 349      92862B77 
 349      0E713ABD 
 350 1333 2E9F8F9D 		.ascii	".\237\217\235$\264Zh\311\3678\253@\227\263\273u\221"
 350      24B45A68 
 350      C9F738AB 
 350      4097B3BB 
 350      7591
 351 1345 477F1B9E 		.ascii	"G\177\033\236\020.z!\270\034\350Jwa\345\312T\305|\235"
 351      102E7A21 
 351      B81CE84A 
 351      7761E5CA 
 351      54C57C9D 
 352 1359 DD892EAF 		.ascii	"\335\211.\257\333\2216\212W\334p\367\030\257\307\231"
 352      DB91368A 
 352      57DC70F7 
 352      18AFC799 
 353 1369 95ECEFEC 		.ascii	"\225\354\357\354\036\351\310\310Ja\361\345uy;%%;\207"
 353      1EE9C8C8 
 353      4A61F1E5 
 353      75793B25 
 353      253B87
 354 137c 71B24E6E 		.ascii	"q\262Nn\247\202\010w;\337\343\007\360\350$\223\315\003"
 354      A7820877 
 354      3BDFE307 
 354      F0E82493 
 354      CD03
 355 138e 58C16350 		.ascii	"X\301cP\304\371=\311\2364u\236\230\2254\224\235.\"\225"
 355      C4F93DC9 
 355      9E34759E 
 355      98953494 
 355      9D2E2295 
 356 13a2 399F8422 		.ascii	"9\237\204\"3\236\\z\242_\224}\263x\245k\260=\334\374"
 356      339E5C7A 
 356      A25F947D 
 356      B378A56B 
 356      B03DDCFC 
ARM GAS  /tmp/ccda42pY.s 			page 28


 357 13b6 9EC1AB86 		.ascii	"\236\301\253\206\263ktP,\304Zz\\\262\261h&;\325\212"
 357      B36B7450 
 357      2CC45A7A 
 357      5CB2B168 
 357      263BD58A 
 358 13ca 99860C13 		.ascii	"\231\206\014\023\034^\347d\207\327\325\325\004P\253"
 358      1C5EE764 
 358      87D7D5D5 
 358      0450AB
 359 13d9 48AC4E3D 		.ascii	"H\254N=t\230%\306\030RQ\307!6<\332t\315\355\2111\317"
 359      749825C6 
 359      185251C7 
 359      21363CDA 
 359      74CDED89 
 360 13ef BD1FF432 		.ascii	"\275\037\3642-x\374\251\246\003\377\213\355i\311\222"
 360      2D78FCA9 
 360      A603FF8B 
 360      ED69C992 
 361 13ff 25D67451 		.ascii	"%\326tQl~O\375a\213-\232\216\304\221F\335y\276\274\237"
 361      6C7E4FFD 
 361      618B2D9A 
 361      8EC49146 
 361      DD79BEBC 
 362 1414 386EF848 		.ascii	"8n\370HeM\330\322\377\231\236\2654\312\350 \226\377"
 362      654DD8D2 
 362      FF999EB5 
 362      34CAE820 
 362      96FF
 363 1426 F87F1C4C 		.ascii	"\370\177\034L\2058<\233\376\037\"\230\2762"
 363      85383C9B 
 363      FE1F2298 
 363      BE32
 364              		.text
 365              		.section	.gnu.lto_.symtab.7e1dd8370f71784a,"e",%progbits
 366 0000 5F75785F 		.ascii	"_ux_device_stack_microsoft_extension_register\000"
 366      64657669 
 366      63655F73 
 366      7461636B 
 366      5F6D6963 
 367 002e 00       		.ascii	"\000"
 368 002f 00       		.ascii	"\000"
 369 0030 00       		.ascii	"\000"
 370 0031 00000000 		.ascii	"\000\000\000\000\000\000\000\000"
 370      00000000 
 371 0039 D6000000 		.ascii	"\326\000\000\000"
 372 003d 5F75785F 		.ascii	"_ux_system_slave\000"
 372      73797374 
 372      656D5F73 
 372      6C617665 
 372      00
 373 004e 00       		.ascii	"\000"
 374 004f 02       		.ascii	"\002"
 375 0050 00       		.ascii	"\000"
 376 0051 00000000 		.ascii	"\000\000\000\000\000\000\000\000"
 376      00000000 
 377 0059 39020000 		.ascii	"9\002\000\000"
 378              		.text
ARM GAS  /tmp/ccda42pY.s 			page 29


 379              		.section	.gnu.lto_.ext_symtab.7e1dd8370f71784a,"e",%progbits
 380 0000 01       		.ascii	"\001"
 381 0001 01       		.ascii	"\001"
 382 0002 00       		.ascii	"\000"
 383 0003 02       		.ascii	"\002"
 384 0004 01       		.ascii	"\001"
 385              		.text
 386              		.section	.gnu.lto_.opts,"e",%progbits
 387 0000 272D666E 		.ascii	"'-fno-openmp' '-fno-openacc' '-fno-pie' '-fcf-prote"
 387      6F2D6F70 
 387      656E6D70 
 387      2720272D 
 387      666E6F2D 
 388 0033 6374696F 		.ascii	"ction=none' '-mcpu=cortex-m33' '-mthumb' '-mfpu=fpv"
 388      6E3D6E6F 
 388      6E652720 
 388      272D6D63 
 388      70753D63 
 389 0066 342D7370 		.ascii	"4-sp-d16' '-mfloat-abi=hard' '-mlibarch=armv8-m.mai"
 389      2D643136 
 389      2720272D 
 389      6D666C6F 
 389      61742D61 
 390 0099 6E2B6473 		.ascii	"n+dsp+fp' '-march=armv8-m.main+dsp+fp' '-Os' '-flto"
 390      702B6670 
 390      2720272D 
 390      6D617263 
 390      683D6172 
 391 00cc 2720272D 		.ascii	"' '-fdata-sections' '-ffunction-sections' '-Xassemb"
 391      66646174 
 391      612D7365 
 391      6374696F 
 391      6E732720 
 392 00ff 6C657227 		.ascii	"ler' '-a' '-Xassembler' '-ad' '-Xassembler' '-alms="
 392      20272D61 
 392      2720272D 
 392      58617373 
 392      656D626C 
 393 0132 6275696C 		.ascii	"build/../sdk/stm32/STM32_USBX_Library/common/core/s"
 393      642F2E2E 
 393      2F73646B 
 393      2F73746D 
 393      33322F53 
 394 0165 72632F75 		.ascii	"rc/ux_device_stack_microsoft_extension_register.lst"
 394      785F6465 
 394      76696365 
 394      5F737461 
 394      636B5F6D 
 395 0198 2700     		.ascii	"'\000"
 396              		.text
 397              		.comm	__gnu_lto_slim,1,1
 398              		.ident	"GCC: (15:10.3-2021.07-4) 10.3.1 20210621 (release)"
ARM GAS  /tmp/ccda42pY.s 			page 30


DEFINED SYMBOLS
                            *ABS*:0000000000000000 ux_device_stack_microsoft_extension_register.c
                            *COM*:0000000000000001 __gnu_lto_slim

NO UNDEFINED SYMBOLS
