ARM GAS  /tmp/ccf5B6Ga.s 			page 1


   1              		.cpu cortex-m33
   2              		.eabi_attribute 27, 1
   3              		.eabi_attribute 28, 1
   4              		.eabi_attribute 20, 1
   5              		.eabi_attribute 21, 1
   6              		.eabi_attribute 23, 3
   7              		.eabi_attribute 24, 1
   8              		.eabi_attribute 25, 1
   9              		.eabi_attribute 26, 1
  10              		.eabi_attribute 30, 4
  11              		.eabi_attribute 34, 1
  12              		.eabi_attribute 18, 4
  13              		.file	"ux_device_stack_interface_delete.c"
  14              		.section	.gnu.lto_.profile.62cdce4179dea1ee,"e",%progbits
  15 0000 789C6361 		.ascii	"x\234ca\000\002F\006\006\000\000+\000\006"
  15      00024606 
  15      0600002B 
  15      0006
  16              		.text
  17              		.section	.gnu.lto_.icf.62cdce4179dea1ee,"e",%progbits
  18 0000 789CE360 		.ascii	"x\234\343`@\000F\206\035s&N\346g\000\000\0143\002\221"
  18      40004686 
  18      1D73264E 
  18      E6670000 
  18      0C330291 
  19              		.text
  20              		.section	.gnu.lto_.ipa_sra.62cdce4179dea1ee,"e",%progbits
  21 0000 789CE366 		.ascii	"x\234\343f@\000F \004\002f \005\000\0016\000\022"
  21      40004620 
  21      04026620 
  21      05000136 
  21      0012
  22              		.text
  23              		.section	.gnu.lto_.inline.62cdce4179dea1ee,"e",%progbits
  24 0000 789CF367 		.ascii	"x\234\363g@\000F\006\006\231C\027\273\3573g1220.af`"
  24      40004606 
  24      06994317 
  24      BBEF3367 
  24      31323230 
  25 0018 607EC0C8 		.ascii	"`~\300\310\300\"7w\327\305\373L\231\014\014<\015\015"
  25      C0223777 
  25      D7C5FB4C 
  25      990C0C3C 
  25      0D0D
  26 002a 0D079852 		.ascii	"\015\007\230R\231\030\230\030\030\201\314\006\246$&"
  26      99189818 
  26      1881CC06 
  26      A62426
  27 0039 0616389B 		.ascii	"\006\0268\233\201\005h\004\233\020\320\020\346\011~"
  27      81056804 
  27      9B10D010 
  27      E6097E
  28 0048 0C400400 		.ascii	"\014@\004\000>\267\022^"
  28      3EB7125E 
  29              		.text
  30              		.section	.gnu.lto_.jmpfuncs.62cdce4179dea1ee,"e",%progbits
  31 0000 789C7360 		.ascii	"x\234s`@\000F\006FF\306\372%\314\214l@\366\001\026F"
ARM GAS  /tmp/ccf5B6Ga.s 			page 2


  31      40004606 
  31      4646C6FA 
  31      25CC8C6C 
  31      40F60116 
  32 0015 0620FE0F 		.ascii	"\006 \376\017\004\374\014L\223\230\227031\362\203\205"
  32      04FC0C4C 
  32      93989730 
  32      3331F283 
  32      85
  33 0026 F941520C 		.ascii	"\371AR\014\350J\352\025\030\000\336\012\020'"
  33      E84AEA15 
  33      1800DE0A 
  33      1027
  34              		.text
  35              		.section	.gnu.lto_.pureconst.62cdce4179dea1ee,"e",%progbits
  36 0000 789C6361 		.ascii	"x\234ca```d\230\305\002\000\001d\000\244"
  36      60606064 
  36      98C50200 
  36      016400A4 
  37              		.text
  38              		.section	.gnu.lto_.lto.62cdce4179dea1ee,"e",%progbits
  39 0000 09000400 		.ascii	"\011\000\004\000\001\000\000\000"
  39      01000000 
  40              		.text
  41              		.section	.gnu.lto__ux_device_stack_interface_delete.3.62cdce4179dea1ee,"e",%progbits
  42 0000 789C7D54 		.ascii	"x\234}T]h\034U\030\275g\276\231\354l\266\233\354j\002"
  42      5D681C55 
  42      18BD67BE 
  42      99EC6CB6 
  42      9BEC6A02 
  43 0014 8A2F7D68 		.ascii	"\212/}h\225>$\3236\210}\024\237\365)\025|[\266\263S"
  43      953E24D3 
  43      36887D14 
  43      9FF52915 
  43      7C5BB6B3 
  44 0029 58D2FD61 		.ascii	"X\322\375aw\322\326\247N\322Da\205$[\203O1\3102\224"
  44      77D2D6A7 
  44      4ED24461 
  44      85245B83 
  44      4F31C832 
  45 003e 28B535E2 		.ascii	"(\2655\342O\326F\215\246\261XQL-ZQ\254i\013\032$e\015"
  45      4FD6468D 
  45      A6B15851 
  45      4C2D5A51 
  45      AC690B1A 
  46 0055 4A634889 		.ascii	"JcH\211\337\235\231\335\254\255\354\300\334\271{\347"
  46      DF9D99DD 
  46      ACADECC0 
  46      DCB97BE7 
  47 0065 9CF3FD9D 		.ascii	"\234\363\375\235\331\303\232\020o\013!L\276\321&p\246"
  47      D9C39A10 
  47      6F0B214C 
  47      BED12670 
  47      A6
  48 0076 5C5284E3 		.ascii	"\\R\204\3438O\207\024L\226K7\246>P\3611\274\003\302"
  48      384F8714 
  48      4C964B37 
ARM GAS  /tmp/ccf5B6Ga.s 			page 3


  48      A63E50F1 
  48      31BC03C2 
  49 008a E46CFDA5 		.ascii	"\344l\375\245\252\234.\277\242\360\233\253\265\315C"
  49      AA9C2EBF 
  49      A2F09BAB 
  49      B5CD43
  50 0099 EA68B9E3 		.ascii	"\352h\271\343\374\370hH\3250T.-\356\363\020\020\247"
  50      FCF86848 
  50      D530542E 
  50      2DEEF310 
  50      10A7
  51 00ab 14E29353 		.ascii	"\024\342\223S\212*v\256Wi\212p\206\\\022P\203\035\260"
  51      8A2A76AE 
  51      57698A70 
  51      865C1250 
  51      831DB0
  52 00be 7BDF82E3 		.ascii	"{\337\202\343l,MO\337\302\324\314\202\352\222\"\246"
  52      6C2C4D4F 
  52      DFC2D4CC 
  52      82EA9222 
  52      A6
  53 00cf 19F03EF0 		.ascii	"\031\360>\360\036$\211\2014\006\361\004\243\276\275"
  53      1E248981 
  53      3406F104 
  53      A3BEBD
  54 00de 37E73861 		.ascii	"7\3478a\341\022\341C4\201\370 \000NA>\3662\266vnq\254"
  54      E112E143 
  54      3481F820 
  54      004E413E 
  54      F632B676 
  55 00f5 63624877 		.ascii	"cbHwIE\025\377Q\364\220o5\220\357\274y\372e'6\262\333"
  55      494515FF 
  55      51F4906F 
  55      3590EFBC 
  55      79FA6527 
  56 010c 250D17EF 		.ascii	"%\015\027\357CrO\346\201\217 S\222=\022B\361\017.\\"
  56      43724FE6 
  56      818F2053 
  56      923D1242 
  56      F10F2E5C 
  57 0120 D5169CAD 		.ascii	"\325\026\234\255\355q\307\331~t\345\335\366G\300I\264"
  57      ED71C7D9 
  57      7E74E5DD 
  57      F647C049 
  57      B4
  58 0131 2972215E 		.ascii	")r!^B*/\272&\030\250\003s\010\313]L.q)(\3048\211\332"
  58      422A2FBA 
  58      2618A803 
  58      7308CB5D 
  58      4C2E7129 
  59 014a E6CC2138 		.ascii	"\346\314!8\013BL\220\342\355\207x\177\007\303\257\375"
  59      0B424C90 
  59      E2ED8778 
  59      7F07C3AF 
  59      FD
  60 015b F34B395C 		.ascii	"\363K9\\!\004\015\012{y\216@\341\355\014'q\326\213\204"
  60      21040D0A 
ARM GAS  /tmp/ccf5B6Ga.s 			page 4


  60      7B798E40 
  60      E1ED0C27 
  60      71D68B84 
  61 016f 4F814FE0 		.ascii	"O\201O\340\341\347\253\267g\265\012\205\003<y\370\263"
  61      E1E7ABB7 
  61      67B50A85 
  61      033C79F8 
  61      B3
  62 0180 7268338F 		.ascii	"rh3\217\273\324^!\035\237A\354\347\337\334\213\010>"
  62      BBD45E21 
  62      1D9F41EC 
  62      E7DFDC8B 
  62      083E
  63 0192 C7EBE44F 		.ascii	"\307\353\344Oc\202\250<\372\303e\252\007\236\257\256"
  63      6382A83C 
  63      FAC365AA 
  63      079EAFAE 
  64 01a2 FDC942B1 		.ascii	"\375\311B\261@H\335\021\372}\257K\273*\334\236KMBK,"
  64      4048DD11 
  64      FA7DAF4B 
  64      BB2ADC9E 
  64      4B4D424B 
  65 01b7 249BE4A5 		.ascii	"$\233\344\245|G\246\254\374_\242\227\033\211N\226\326"
  65      7C47A6AC 
  65      FC5FA297 
  65      1B894E96 
  65      D6
  66 01c8 50A17820 		.ascii	"P\241x \337\326$\277\307\245(\323\361\245w\026D\350"
  66      DFD624BF 
  66      C7A528D3 
  66      F1A57716 
  66      44E8
  67 01da C0158EA0 		.ascii	"\300\025\216\240\0101\342\325\322%\307\363U\275\344"
  67      0831E2D5 
  67      D225C7F3 
  67      55BDE4
  68 01e9 BF96A942 		.ascii	"\277\226\251Bu7i;R\222'\225\276n$\032\3027,#K\256\341"
  68      7537693B 
  68      52922795 
  68      BE6E241A 
  68      C2372C23 
  69 0200 A537FA04 		.ascii	"\2457\372\004\323\370\216K\236\202N.\312\245N\251\271"
  69      D3F88E4B 
  69      9E824E2E 
  69      CAA54EA9 
  69      B9
  70 0211 BEF1F74A 		.ascii	"\276\361\367J\244\321\271\356\007\012\216a\231u\330"
  70      A4D1B9EE 
  70      070A8E61 
  70      9975D8
  71 0220 CD9219F3 		.ascii	"\315\222\031\363\363X\237\273\273\334\232s\2159\374"
  71      F3589FBB 
  71      BBDC9A73 
  71      8D39FC
  72 022f 8DE13BF8 		.ascii	"\215\341;\3701\356.G[\340#\370\336o\252\214\021\251"
  72      31EE2E47 
  72      5BE023F8 
ARM GAS  /tmp/ccf5B6Ga.s 			page 5


  72      DE6FAA8C 
  72      11A9
  73 0241 C7D82AB7 		.ascii	"\307\330*\267\342\350\370\2219m>G\0178\033[-k\211\343"
  73      E2E8F891 
  73      396D3E47 
  73      0F381B5B 
  73      2D6B89E3 
  74 0255 67E6847C 		.ascii	"g\346\204|N\034\276\031T~\347\250\236\031V1\262\272"
  74      4E1CBE19 
  74      547EE7A8 
  74      9E195631 
  74      B2BA
  75 0267 7861ECB1 		.ascii	"xa\354\261\200\305\327&\244\305\224\261\3529\036a\214"
  75      80C5D726 
  75      A4C594B1 
  75      EA391E61 
  75      8C
  76 0278 CE5F6413 		.ascii	"\316_d\023O\220\326\354\333\371\352\366\320\201\012"
  76      4F90D6EC 
  76      DBF9EAF6 
  76      D0810A
  77 0287 A94DA3B8 		.ascii	"\251M\243\270\317|:npX\335\367L\255tO\013\346\367\020"
  77      CF7C3A6E 
  77      7058DDF7 
  77      4CAD744F 
  77      0BE6F710 
  78 029b F63492ED 		.ascii	"\3664\222\355p\351a6?V\232X7\231\025\026<5\325/\356"
  78      70E96136 
  78      3F569A58 
  78      37991516 
  78      3C35D52F 
  79 02b0 D27067C3 		.ascii	"\322pg\303:\335\017D\351\302m\306\267\373\305u\325\233"
  79      3ADD0F44 
  79      E9C26DC6 
  79      B7FBC575 
  79      D59B
  80 02c2 B8D492D3 		.ascii	"\270\324\222\323\215\337\230\023\341A\365\372!Z\303"
  80      8DDF9813 
  80      E141F5FA 
  80      215AC3
  81 02d1 75ACFA85 		.ascii	"u\254\372\205\340'\177\256s_\264\304G\360\207\377\325"
  81      E0277FAE 
  81      735FB4C4 
  81      47F087FF 
  81      D5
  82 02e2 E17AE083 		.ascii	"\341z\340\203\326\370\030\326\030\277\313\367\315:\206"
  82      D6F818D6 
  82      18BFCBF7 
  82      CD3A86
  83 02f1 7F9DBD12 		.ascii	"\177\235\275\022\365\015\353}\270\343\204\306\237\207"
  83      F50DEB7D 
  83      B8E384C6 
  83      9F87
  84 02ff 104F1999 		.ascii	"\020O\031\231\254m\230\206\235\311\033\251t\376X.3\220"
  84      AC6D9886 
  84      9DC91BA9 
  84      74FE582E 
ARM GAS  /tmp/ccf5B6Ga.s 			page 6


  84      3390
  85 0311 34EC422E 		.ascii	"4\354B.\2376\367\037\350)\332\231\276\203\203O\366\014"
  85      9F36F71F 
  85      E829DA99 
  85      BE83834F 
  85      F60C
  86 0323 168FF4A4 		.ascii	"\026\217\364\244\254\343\003i\273\347\350\011#\231\317"
  86      ACE30369 
  86      BBE7E809 
  86      2399CF
  87 0332 8BFEDE5E 		.ascii	"\213\376\336^\243\230\0320<\204\321\177\370\271\276"
  87      A3981A30 
  87      3C84D17F 
  87      F8B9BE
  88 0341 8389E7FB 		.ascii	"\203\211\347\373\237y!\361l\372H!Yx\3210s\231L.\313"
  88      9F7921F1 
  88      6CFA4821 
  88      5978D130 
  88      73994C2E 
  89 0356 8F826514 		.ascii	"\217\202e\024\013\2461x2\301\012i\323J\024\355\2449"
  89      0BA63178 
  89      32C10A69 
  89      D34A14ED 
  89      A439
  90 0368 9048676D 		.ascii	"\220Hgm\253p4\311\277S\3261\313\266zM\021\3359\313\333"
  90      AB7034C9 
  90      BF53D631 
  90      CBB67A4D 
  90      11DD39CB 
  91 037d 8568D63A 		.ascii	"\205h\326:i'\254l*\237\343sJ\231\251\177\001&\302\350"
  91      6927AC6C 
  91      2A9FE373 
  91      4A99A97F 
  91      0126C2E8 
  92 0391 5F       		.ascii	"_"
  93              		.text
  94              		.section	.gnu.lto_.symbol_nodes.62cdce4179dea1ee,"e",%progbits
  95 0000 789CD363 		.ascii	"x\234\323c\000\002&\346z\206\017\277VX0N8\307\300P\317"
  95      000226E6 
  95      7A860FBF 
  95      5658304E 
  95      38C7C050 
  96 0015 C0B0ABA1 		.ascii	"\300\260\253\241\221\221\201\021$\303\300\312\302\240"
  96      91918111 
  96      24C3C0CA 
  96      C2A0
  97 0023 00A45818 		.ascii	"\000\244X\030&\266^?\316\314\370\225\221\001\000\031"
  97      26B65E3F 
  97      CECCF895 
  97      91010019 
  98 0033 900AF3   		.ascii	"\220\012\363"
  99              		.text
 100              		.section	.gnu.lto_.refs.62cdce4179dea1ee,"e",%progbits
 101 0000 789CE366 		.ascii	"x\234\343f```b``d\004b\026\006\006\000\000\351\000\025"
 101      60606062 
 101      60606404 
 101      62160606 
ARM GAS  /tmp/ccf5B6Ga.s 			page 7


 101      0000E900 
 102              		.text
 103              		.section	.gnu.lto_.decls.62cdce4179dea1ee,"e",%progbits
 104 0000 789CB55A 		.ascii	"x\234\265ZyPT\327\232\277\3379\227\305\006\201\010."
 104      795054D7 
 104      9ABFDF39 
 104      97C50681 
 104      082E
 105 0012 897149C6 		.ascii	"\211qI\306$\276\227\247\030\2557\357\315\324TM\0345"
 105      24BE97A7 
 105      18AD37EF 
 105      CDD4544D 
 105      1C35
 106 0024 79D68B9A 		.ascii	"y\326\213\232\022M\275\314L\025i\350\006z\004\2324M"
 106      124DBDCC 
 106      4C1569E8 
 106      067A049A 
 106      344D
 107 0036 4CDE5F6D 		.ascii	"L\336_m4j\342\012qCD1q\201(H\304\005Q\020!\032p\307"
 107      346AE20A 
 107      71434431 
 107      71812848 
 107      C4055110 
 108 004e B8011277 		.ascii	"\270\001\022w\203\342\202;.\221\371\3169w\355\013\304"
 108      83E2823B 
 108      2E91F9CE 
 108      3977ED0B 
 108      C4
 109 005f 999AB172 		.ascii	"\231\232\261r\350\276\347\376\356\357[\316\367}\347"
 109      E8BEE7FE 
 109      EEEF5BCE 
 109      F77DE7
 110 006e 3BB733EE 		.ascii	";\2673\356\015I\3726B\222\256K\222\324\216\377\010~"
 110      0D49FA36 
 110      4292AE4B 
 110      92D48EFF 
 110      087E
 111 0080 D6E1A038 		.ascii	"\326\341\2408\242A\222\376\023\307G8\330?\366\221\004"
 111      A24192FE 
 111      13C74738 
 111      D83FF691 
 111      04
 112 0091 E2339E48 		.ascii	"\3423\236H\246\177ux\335\013?{\340\210\222\3043\354"
 112      A67F7578 
 112      DD0B3F7B 
 112      E08892C4 
 112      33EC
 113 00a3 D9049C4F 		.ascii	"\331\004\234O\304\021\207c\000\216$\034.\034\377\001"
 113      C4118763 
 113      008E241C 
 113      2E1CFF01 
 114 00b3 82DF89DF 		.ascii	"\202\337\211\337\3558\376\210\243?\216=\370\354\177"
 114      ED38FE88 
 114      A33F8E3D 
 114      F8EC7F
 115 00c2 E1E7141C 		.ascii	"\341\347\024\034=p$\263\347q\256;\216\017\021?\230\361"
 115      3D7024B3 
ARM GAS  /tmp/ccf5B6Ga.s 			page 8


 115      E771AE3B 
 115      8E0F113F 
 115      98F1
 116 00d4 E2DC701C 		.ascii	"\342\334p\034o\340\3677q\374\036\307\3538bpD\340\374"
 116      6FE0F737 
 116      71FC1EC7 
 116      EB386270 
 116      44E0FC
 117 00e7 07F83909 		.ascii	"\007\3709\011\307d\350Z\347,\012=@\306\277Q0\220\177"
 117      C764E85A 
 117      E72C0A3D 
 117      40C6BF51 
 117      30907F
 118 00fa 177F6B24 		.ascii	"\027\177k$>U)S\" \225\022}\215}{\003\230\207\302\371"
 118      3E552953 
 118      22209512 
 118      7D8D7D7B 
 118      039887C2 
 119 010f 3789C648 		.ascii	"7\211\306H\321>\376\257\252\004$\250P|D7\201\224C\311"
 119      D13EFEAF 
 119      AA0424A8 
 119      507C4437 
 119      819443C9 
 120 0123 BCB2E927 		.ascii	"\274\262\351'Bl\225>_\253\257rF7\011\266\002lAT%\340"
 120      426C953E 
 120      5FABAF72 
 120      463709B6 
 120      026C4154 
 121 0139 A3BB01CA 		.ascii	"\243\273\001\312\001v\001\347\3763\377\033,$Jt+\010"
 121      017601E7 
 121      FE33FF1B 
 121      2C244A74 
 121      2B08
 122 014b 9141C8B1 		.ascii	"\221A\310\261\343\344\274\362\020\233O\341\300IA\"\301"
 122      E3E4BCF2 
 122      109B4FE1 
 122      C0494122 
 122      C1
 123 015c 8FC8140D 		.ascii	"\217\310\024\015\373\030\301\313\320.>$z\202\013\376"
 123      FB18C1CB 
 123      D02E3E24 
 123      7A820BFE 
 124 016c E9D2F7DF 		.ascii	"\351\322\367\337\2073\301\315\276\252iT\202\0210L\202"
 124      8733C1CD 
 124      BEAA6954 
 124      8211304C 
 124      82
 125 017d FD800814 		.ascii	"\375\200\010\024[\013P\003\010*i\316<A{ \363\014\237"
 125      5B0B5003 
 125      082A69CE 
 125      3C417B20 
 125      F30C9F
 126 0190 EF233800 		.ascii	"\357#8\000\360\003@5c>\010\234]\242\215\212\036\303"
 126      F0034035 
 126      633E089C 
 126      5DA28D8A 
 126      1EC3
ARM GAS  /tmp/ccf5B6Ga.s 			page 9


 127 01a2 683B52AF 		.ascii	"h;R\257V\0341\230\356!\022\275E\230\240\3717\233\032"
 127      561C3198 
 127      EE2112BD 
 127      4598A0F9 
 127      379B1A
 128 01b5 205278A0 		.ascii	" Rx\240\222\033\017?\001\034\007\224\203\337\021pry"
 128      921B0F3F 
 128      011C0794 
 128      83DF1170 
 128      7279
 129 01c7 69090DE5 		.ascii	"i\011\015\345.\310\253\222\331\035U\177\324\224\001"
 129      2EC8AB92 
 129      D91D557F 
 129      D49401
 130 01d6 2ED4E4E4 		.ascii	".\324\344\344\206\312\022\237\0007\027@\270\037\"\360"
 130      86CA129F 
 130      00371740 
 130      B81F22F0 
 131 01e6 665B6975 		.ascii	"f[iu!\351\215\334\327}\276(H\202\323\000\247\330\263"
 131      21E98DDC 
 131      D77DBE28 
 131      4882D300 
 131      A7D8B3
 132 01f9 F5A8E149 		.ascii	"\365\250\341I\361\374\351\365\213]:\177\275\316\337"
 132      F1FCE9F5 
 132      8B5D3A7F 
 132      BDCEDF
 133 0208 C02C984D 		.ascii	"\300,\230M%\232\217\343\030\025\272\367\241O\361\252"
 133      259A8FE3 
 133      1815BAF7 
 133      A14FF1AA 
 134 0218 40165711 		.ascii	"@\026W\021\264N\226\350S\231\361\354kY\2609L':\240\023"
 134      B44E96E8 
 134      5399F1EC 
 134      6B59B039 
 134      4C273AA0 
 135 022d 5D62441B 		.ascii	"]bD\033\002\220\004\307\375\000\356\337\252o+\002\314"
 135      029004C7 
 135      FD00EEDF 
 135      AA6F2B02 
 135      CC
 136 023e 66FF02D0 		.ascii	"f\377\002\320\254\233]T_7\257\233\316\326\254\263]e"
 136      AC9B5D54 
 136      5F37AF9B 
 136      CED6ACB3 
 136      5D65
 137 0250 6CF30325 		.ascii	"l\363\003%Z\030\210\300A\253\316\257\311\017\0324(r"
 137      5A1888C0 
 137      41ABCEAF 
 137      C90F1A34 
 137      2872
 138 0262 90F91F3E 		.ascii	"\220\371\037>\331V\376\240\265\231~\225\275\365\374"
 138      D956FEA0 
 138      B5997E95 
 138      BDF5FC
 139 0271 34DF9A8F 		.ascii	"4\337\232\217`\017\3009\200\233:\321\317\354\317[\022"
 139      600FC039 
ARM GAS  /tmp/ccf5B6Ga.s 			page 10


 139      809B3AD1 
 139      CFECCF5B 
 139      12
 140 0282 228B9F2C 		.ascii	"\"\213\237,\375\270\006\203\012!-&H4G\210\025\256\224"
 140      FDB80683 
 140      0A212D26 
 140      48344788 
 140      15AE94
 141 0295 252805D8 		.ascii	"%(\005\330\016|\205n2U\341\006\300]\200\207\000\277"
 141      0E7C856E 
 141      3255E106 
 141      C05D8087 
 141      00BF
 142 02a7 02DC06B8 		.ascii	"\002\334\006\270\007p\035\340\021\300S\2006\200'\000"
 142      07701DE0 
 142      11C05380 
 142      36802700 
 143 02b7 AD008F01 		.ascii	"\255\000\217\001\036\000\334\001\270\017p\213Y\307\004"
 143      1E00DC01 
 143      B80F708B 
 143      59C704
 144 02c6 E667AB02 		.ascii	"\346g\253\002w\232\004\226\261?\030\275\314\360\005"
 144      779A0496 
 144      B13F18BD 
 144      CCF005
 145 02d5 D9E5E7C1 		.ascii	"\331\345\347\301\2275\014\027\002\216\231Pu\006\324"
 145      97350C17 
 145      028E9950 
 145      7506D4
 146 02e4 ECEC1D02 		.ascii	"\354\354\035\002u\011\340\242\011u^\263\257u%:\201\203"
 146      7509E0A2 
 146      09755EB3 
 146      AF75253A 
 146      8183
 147 02f6 50E02113 		.ascii	"P\340!\023\250Jw\302S\315\011\327,N\020\302\212\277"
 147      A84A77C2 
 147      53CD09D7 
 147      2C4E10C2 
 147      8ABF
 148 0308 D4D4BE60 		.ascii	"\324\324\276`\025\205\030\364T\361\252\354\200e\210"
 148      158518F4 
 148      54F1AAEC 
 148      806588
 149 0317 3908B097 		.ascii	"9\010\260\227c\324\244\250\322\225.\316\325x\216\230"
 149      63D4A4A8 
 149      D2952ECE 
 149      D5788E98 
 150 0327 780E1B0C 		.ascii	"x\016\033\014{\266T1\354*\300\025\023\252Z7l\236\301"
 150      7BB65431 
 150      EC2AC015 
 150      13AA5A37 
 150      6C9EC1
 151 033a B03326D0 		.ascii	"\2603&\3206\203\2709\232\270\263\326\010P0\331\032\346"
 151      3683B839 
 151      9AB8B3D6 
 151      085030D9 
 151      1AE6
ARM GAS  /tmp/ccf5B6Ga.s 			page 11


 152 034c A85525E1 		.ascii	"\250U%\341\240\371\032\244\321\272\034\0022W\2034Y\265"
 152      A0F91AA4 
 152      D1BA1C02 
 152      32578334 
 152      59B5
 153 035e 112AB72F 		.ascii	"\021*\267/\325\027\354\262\325.T\207V\006I\264>\210"
 153      D517ECB2 
 153      D52E5487 
 153      560649B4 
 153      3E88
 154 0370 A5C1B275 		.ascii	"\245\301\262u-E\201\346<i\007\360\021-Oflo\264\353i"
 154      2D4581E6 
 154      3C6907F0 
 154      112D4F66 
 154      6C6FB4EB 
 155 0385 823754B2 		.ascii	"\2027T\262iX\245i+\022\315\015f\270k\231\371\363B\314"
 155      6958A569 
 155      2B12CD0D 
 155      66B86B99 
 155      F9F342CC 
 156 0399 44D309CC 		.ascii	"D\323\011\314\320\211V\267m)\261\351L3t\246/\030\323"
 156      D08956B7 
 156      6D29B1E9 
 156      4C3374A6 
 156      2F18D3
 157 03ac BA6089EE 		.ascii	"\272`\211\356\013\026%\375\317\364\"\347\334}\362\301"
 157      0B1625FD 
 157      CFF422E7 
 157      DC7DF2C1 
 158 03bc 0F811D55 		.ascii	"\017\201\035U\326\257\010\253\254\321\010\251>]\273"
 158      D6AF08AB 
 158      ACD108A9 
 158      3E5DBB
 159 03cb 398C95C8 		.ascii	"9\214\225\310f\245D\262B*\301\034\302A\202n\030\275"
 159      66A544B2 
 159      422AC11C 
 159      C241826E 
 159      18BD
 160 03dd 85E48F38 		.ascii	"\205\344\2178\371\353\2707P\376\211\245\247\033\023"
 160      F9EBB837 
 160      50FE89A5 
 160      A71B13
 161 03ec 727FF98D 		.ascii	"r\177\371\215WY!\276\356\253\374<@R\012\030d\022\204"
 161      575921BE 
 161      EEABFC3C 
 161      40520A18 
 161      641284
 162 03ff 60022E24 		.ascii	"`\002.$\260@T\273>tA7\211\256\300Q\210\243\034\307^"
 162      B04054BB 
 162      3E744137 
 162      89AEC051 
 162      88A31CC7 
 163 0414 F67CC4AF 		.ascii	"\366|\304\257\353\347\354\003\265<0\363\032\036m\251"
 163      EBE7EC03 
 163      B53C30F3 
 163      1A1E6DA9 
 164 0424 03DFCC61 		.ascii	"\003\337\314aL\233%\004\226\023E'\026\346#\324\\G\375"
ARM GAS  /tmp/ccf5B6Ga.s 			page 12


 164      4C9B2504 
 164      96134527 
 164      16E623D4 
 164      5C47FD
 165 0437 44DCC232 		.ascii	"D\334\3022\016AQy\004\262\011\254$\260\202@.\201U\004"
 165      0E415179 
 165      04B209AC 
 165      24B08240 
 165      2E815504 
 166 044b 72D846C8 		.ascii	"r\330F\310B\376\354\243$\026\362s\010|\351G8\233\360"
 166      42FEECA3 
 166      2416F273 
 166      087CE947 
 166      389BF0
 167 045e B0382300 		.ascii	"\2608#\000(q\221\037\340k\001hz\224\234\217\200,\002"
 167      2871911F 
 167      E06B0168 
 167      7A949C8F 
 167      802C02
 168 0471 F33940AD 		.ascii	"\3639@\255\323\206\334k\3248\026\373q\234\026\200\237"
 168      D386DC6B 
 168      D43816FB 
 168      719C1680 
 168      9F
 169 0482 35C03C3F 		.ascii	"5\300<?\300\\!\244^\003,\365\003\274%\321\213\350\261"
 169      C05C21A4 
 169      5E032CF5 
 169      03BC25D1 
 169      8BE8B1
 170 0495 361C0B6D 		.ascii	"6\034\013m\242\2647+\333w`\016\355q\353\350\375\372"
 170      A2B4372B 
 170      DB77600E 
 170      ED71EBE8 
 170      FDFA
 171 04a7 10B5B246 		.ascii	"\020\265\262F2'\036Q\253\3164\002\317\000\212HG9\325"
 171      32271E51 
 171      ABCE3402 
 171      CF008A48 
 171      4739D5
 172 04ba 5A6EC8CE 		.ascii	"Zn\310\316o\211\021\025\255\245\303\201l=\315g\2320"
 172      6F891115 
 172      ADA5C381 
 172      6C3DCD67 
 172      9A30
 173 04cc E70DD9B9 		.ascii	"\347\015\331\271[\344U\"\2546A\364JP|H \276 \3609\261"
 173      5BE45522 
 173      AC3641F4 
 173      4A507C48 
 173      20BE20F0 
 174 04e2 E8234455 		.ascii	"\350#DU\030\324\371\306\242\216R\276\352\263\003\030"
 174      18D4F9C6 
 174      A28E52BE 
 174      EAB30318 
 175 04f2 0FA6E50E 		.ascii	"\017\246\345\016n\227(\371Z\0063Hmv\000[,\364\340,\316"
 175      6E9728F9 
 175      5A063348 
 175      6D76005B 
ARM GAS  /tmp/ccf5B6Ga.s 			page 13


 175      2CF4E02C 
 176 0507 A2563835 		.ascii	"\242V85\177\365\375b-\2015\204omE<\206\326\023\330@"
 176      7FF5FD62 
 176      2D813584 
 176      6F6D453C 
 176      86D613D8 
 177 051c A0804021 		.ascii	"\240\200@!\201|\002\337\021XG`#\021\031x\256`\305\255"
 177      817C02DF 
 177      11584760 
 177      23111978 
 177      AE60C5AD 
 178 0530 403D030D 		.ascii	"@=\003\015\352mb\031X\240,L(_\227s\022=\240LP|v}}\303"
 178      EA6D6219 
 178      58A02C4C 
 178      285F9773 
 178      123DA04C 
 179 054a 5AD2512A 		.ascii	"Z\322Q*n\345\251x\212\265+G\333/\347u3\266+_\023\330"
 179      6EE5A978 
 179      8AB52B47 
 179      DB2FE775 
 179      33B62B5F 
 180 0560 42986984 		.ascii	"B\230i\204\343$z\325&\321{8f\205\210\305\037L\227\207"
 180      E3247AD5 
 180      26D17B38 
 180      668588C5 
 180      1F4C9787 
 181 0574 48F43B1C 		.ascii	"H\364;\034\2458\366\343h\014AM{\315\274\361em\270\010"
 181      A538F6E3 
 181      680C414D 
 181      7BCDBCF1 
 181      656DB808 
 182 0588 0635AD8A 		.ascii	"\0065\255\212K\277v)\301UA`o\007\341\271I\003,\361\003"
 182      4BBF7629 
 182      C1554160 
 182      6F07E1B9 
 182      49032CF1 
 183 059d 8CE0F777 		.ascii	"\214\340\367wi\367w\370\335\307\360en\337\3755\337X"
 183      69F777F8 
 183      DDC7F065 
 183      6EDFFD35 
 183      DF58
 184 05af B6F12C43 		.ascii	"\266\361,C\200\252>w\273\340\250\3208\266\0338\252\265"
 184      80AA3E77 
 184      BBE0A8D0 
 184      38B61B38 
 184      AAB5
 185 05c1 A59BC18B 		.ascii	"\245\233\301\213\037l&\360=\332\274\233cpY\366\023\330"
 185      1F6C26F0 
 185      3DDABC9B 
 185      637059F6 
 185      13D8
 186 05d3 43A09240 		.ascii	"C\240\222@-\201\037\011\354#PE\240\006\027\226@5Qv\354"
 186      2D811F09 
 186      EC235045 
 186      A0061796 
 186      40355176 
 187 05e8 9D1AF54E 		.ascii	"\235\032\365N?\365\312Dv\225i\200]~\000%\206\3135@\251"
ARM GAS  /tmp/ccf5B6Ga.s 			page 14


 187      3FF5CA44 
 187      76956980 
 187      5D7E0025 
 187      86CB3540 
 188 05fd 1F40A912 		.ascii	"\037@\251\022;4@\271\037@\251\022E\032`\251\037\000"
 188      3B3440B9 
 188      1F40A912 
 188      451A60A9 
 188      1F00
 189 060f 13F8312E 		.ascii	"\023\3701.\317\212P\354}CY0U\33794\307f\256\367\207"
 189      CF8A50EC 
 189      7D435930 
 189      55DF3934 
 189      C766AEF7 
 190 0624 081CD6EB 		.ascii	"\010\034\326\353}\373\367w\367\032\372\312\303z\264"
 190      7DFBF777 
 190      F71AFACA 
 190      C37AB4
 191 0633 1D61A170 		.ascii	"\035a\241p T\204\200\217\320\313\2140\354\326\225M\263"
 191      20548480 
 191      8FD0CB8C 
 191      30ECD695 
 191      4DB3
 192 0645 405973F6 		.ascii	"@Ys\366\324#5o1\343\212\261`u\224q\305\327\325\264="
 192      D423356F 
 192      31E38AB1 
 192      60759471 
 192      C5D7D5B4 
 193 065a 60421836 		.ascii	"`B\0306\360\253\206\234<j\002\351%\242E\025u\204\300"
 193      F0AB869C 
 193      3C6A02E9 
 193      25A24515 
 193      7584C0
 194 066d 410B4624 		.ascii	"A\013F$\\\353\255\354\255\335XUG\267\224p\214X\344\216"
 194      5CEBADEC 
 194      ADDD5855 
 194      47B79470 
 194      8C58E48E 
 195 0681 B2B28EB0 		.ascii	"\262\262\216\260lf\373\337i\276\374'\010\234$p\234\300"
 195      6C66FBDF 
 195      69BEFC27 
 195      089C2470 
 195      9CC0
 196 0693 29023F11 		.ascii	")\002?\021\250W\226\274\365\211\2414\035\263\232\310"
 196      A85796BC 
 196      F589A134 
 196      1DB39AC8 
 197 06a3 76EA59DD 		.ascii	"v\352Y\335\231/\227W\337\334\024\032i\021\320\320\225"
 197      992F9757 
 197      DFDC141A 
 197      6911D0D0 
 197      95
 198 06b4 007CECC6 		.ascii	"\000|\354\306\311\362\371!\372\0224\352\374g\304\336"
 198      C9F2F921 
 198      FA1234EA 
 198      FC67C4DE 
 199 06c4 F8A17652 		.ascii	"\370\241vR\3023\033]\316e--\313:\026d=\022\235%\210"
ARM GAS  /tmp/ccf5B6Ga.s 			page 15


 199      C2331B5D 
 199      CE652D2D 
 199      CB3A1664 
 199      3D129D25 
 200 06d9 41513F13 		.ascii	"AQ?\023h\"\254/X}\341\007\3712H\004\351d\007\000\234"
 200      6822AC2F 
 200      587DE107 
 200      F9324804 
 200      E9640700 
 201 06ee FE47FC63 		.ascii	"\376G\374c\223\376\235JQ>\342#\201\016Jl\324F\035\266"
 201      93FE9D4A 
 201      513EE223 
 201      810E4A6C 
 201      D4461DB6 
 202 0702 1AE83FF8 		.ascii	"\032\350?\370\036};\230\014\016\267\005\347WC\204- "
 202      1E7D3B98 
 202      0C0EB705 
 202      E7574384 
 202      2D20
 203 0714 9890E620 		.ascii	"\230\220\346 \207m\360c\254My\201\003\337\366\311\216"
 203      876DF063 
 203      AC4D7981 
 203      03DFF6C9 
 203      8E
 204 0725 B93D9B83 		.ascii	"\271=\233\203|d\341\370\250\021o\343\337\346\240\032"
 204      7C64E1F8 
 204      A8116FE3 
 204      DFE6A01A 
 205 0735 70E053EF 		.ascii	"p\340S\357\313\301\021\370\2559\310v\217\346\315\013"
 205      CBC111F8 
 205      AD39C876 
 205      8FE6CD0B 
 206 0745 741C22B3 		.ascii	"t\034\"\263\337\300\263\221\3151<\012\275\361vpp\377"
 206      DFC0B391 
 206      CD313C0A 
 206      BDF17670 
 206      70FF
 207 0757 F02A5A45 		.ascii	"\360*ZE\337\221\244\340\340\342\242\236\266\346\240"
 207      DF91A4E0 
 207      E0E2A29E 
 207      B6E6A0
 208 0766 70A418EC 		.ascii	"p\244\030\354\030\030\341\030\030^\003\001\016\207-"
 208      1818E118 
 208      185E0301 
 208      0E872D
 209 0775 6AB0844A 		.ascii	"j\260\204J8\206\017\177\233\330\220Y\016\256\201\341"
 209      38860F7F 
 209      9BD89059 
 209      0EAE81E1 
 210 0785 144287FB 		.ascii	"\024B\207\373\316\267\364\266\201\255[\377\201\203%"
 210      CEB7F4B6 
 210      81AD5BFF 
 210      818325
 211 0794 C921BD83 		.ascii	"\311!\275\203\011\011\264]\375\007A(\323\241_\002\014"
 211      0909B45D 
 211      FD074128 
 211      D3A15F02 
ARM GAS  /tmp/ccf5B6Ga.s 			page 16


 211      0C
 212 07a5 B691E184 		.ascii	"\266\221\341\204\376\2659H\222\010\031\210\373\262\034"
 212      FEB53948 
 212      92081988 
 212      FBB21C
 213 07b4 1C1A0A3E 		.ascii	"\034\032\012>\374\350\026\373W\307\373\303mRs\020\301"
 213      FCE816FB 
 213      57C7FBC3 
 213      6D527310 
 213      C1
 214 07c5 5B51BC4B 		.ascii	"[Q\274K\322\237\264\005J\240\236"
 214      D29FB405 
 214      4AA09E
 215 07d0 64F90117 		.ascii	"d\371\001\027\330\177\342\217\304.$\243\024>\317\220"
 215      D87FE28F 
 215      C42E24A3 
 215      143ECF90 
 216 07e0 E857E538 		.ascii	"\350W\3458\254\316j\037\312w\001\020<\352\211\031@\025"
 216      ACCE6A1F 
 216      CA770110 
 216      3CEA8919 
 216      4015
 217 07f2 2229770D 		.ascii	"\")w\015\344\272\016\212\036*\217*\307\240\243\256+"
 217      E4BA0E8A 
 217      1E2A8F2A 
 217      C7A0A3AE 
 217      2B
 218 0803 AEB01042 		.ascii	"\256\260\020B\214\317\360\347L\212\353\224\222F+\031"
 218      8CCFF0E7 
 218      4C8AEB94 
 218      92462B19 
 219 0813 0C1721B9 		.ascii	"\014\027!\271\345~\305\326\320+\3506\337\323\023\325"
 219      E57EC5D6 
 219      D02BE836 
 219      DFD313D5 
 220 0823 4D6110B6 		.ascii	"Ma\020\266\360m\011h%\217\274\2657\366\317\241\346\222"
 220      F06D0968 
 220      258FBCB5 
 220      37F6CFA1 
 220      E692
 221 0835 D2606A21 		.ascii	"\322`j!g\255\237N\364p\276\244\207\363e\302\357_>q*"
 221      67AD9F4E 
 221      F470BEA4 
 221      87F365C2 
 221      EF5F3E71 
 222 084a A71B3FA9 		.ascii	"\247\033?\251^&\340f\017\314\332|]\326N\247\347\364"
 222      5E26E066 
 222      0FCCDA7C 
 222      5DD64EA7 
 222      E7F4
 223 085c B6E71734 		.ascii	"\266\347\0274\346\212x\350\314\245gW\344W\227-\363\265"
 223      E68A78E8 
 223      CCA56757 
 223      E457972D 
 223      F3B5
 224 086e 2DBA75BE 		.ascii	"-\272u\276\344\345\025\330\006\342\0032B\340\242\"Z"
 224      E4E515D8 
ARM GAS  /tmp/ccf5B6Ga.s 			page 17


 224      06E20332 
 224      42E0A222 
 224      5A
 225 087f C26F125C 		.ascii	"\302o\022\\ p\036\217\325\333\302\224\376\205\320\037"
 225      20701E8F 
 225      D5DBC294 
 225      FE85D01F 
 226 088f 95AFE708 		.ascii	"\225\257\347\010\275\021\306\270\236\315\237\335,\024"
 226      BD11C6B8 
 226      9ECD9FDD 
 226      2C14
 227 089d C06AC314 		.ascii	"\300j\303\024h\252=\266+\254#\005\360p\0167\205\002"
 227      68AA3DB6 
 227      2BAC2305 
 227      F0700E37 
 227      8502
 228 08af 4B2F6C28 		.ascii	"K/l(3\234Do\351f\265\262B9/\\\0109Mha\270DO*\227G\011"
 228      339C446F 
 228      E966B5B2 
 228      42392F5C 
 228      08394D68 
 229 08cb 6DC7CB82 		.ascii	"m\307\313\202\010qYCh]\204D\037*\227\225\204\346\275"
 229      08715943 
 229      685D8444 
 229      1F2A9795 
 229      84E6BD
 230 08de 20D15D2F 		.ascii	" \321]/\210K\237ha}2=\246\314\204\263~`\303\346\207"
 230      884B9F68 
 230      617D323D 
 230      A6CC84B3 
 230      7E60C3E6 
 231 08f3 D0D19EFE 		.ascii	"\320\321\236\3769e{\3724*\214S\304c\367\206\214+z(\342"
 231      39657BFA 
 231      342A8C53 
 231      C463F786 
 231      8C2B7A28 
 232 0908 91BC8744 		.ascii	"\221\274\207D\317\366`\026\\m\233\321\022\316\315N\344"
 232      CFF66016 
 232      5C6D9BD1 
 232      12CECD4E 
 232      E4
 233 0919 561F9A7D 		.ascii	"V\037\232}\364x@GV\317A\342\257(\267\372\007\337\325"
 233      F4784047 
 233      56CF41E2 
 233      AF28B7FA 
 233      07DFD5
 234 092c 0386C59C 		.ascii	"\003\206\305\234C5\351s\021@\237\"yV$\366\0068j\"\371"
 234      4335E973 
 234      11409F22 
 234      795624F6 
 234      06386A22 
 235 0941 030F96D7 		.ascii	"\003\017\226\327\371E\307B\012\231T\213\216\226\354"
 235      F945C742 
 235      0A99548B 
 235      8E96EC
 236 0950 6B8B8274 		.ascii	"k\213\202t\306L\2351K\210<\276y\177/\256%Z\300\324\\"
 236      C64C9D31 
ARM GAS  /tmp/ccf5B6Ga.s 			page 18


 236      4B883CBE 
 236      797F2FAE 
 236      255AC0D4 
 237 0965 7572F1D1 		.ascii	"ur\361\321\320\216\324\\\204j~-\236Yr\350i\201a\027"
 237      D08ED45C 
 237      846A7E2D 
 237      9E5972E8 
 237      69816117 
 238 0979 5BA4932E 		.ascii	"[\244\223.fj^A\365\236F\012\227\374+;\261\034\254n\012"
 238      666A5E41 
 238      F59E460A 
 238      97FC2B3B 
 238      B11CAC6E 
 239 098e EEC8A5D9 		.ascii	"\356\310\245\331\334\245\313X+\2658\263dc\250\261Mj"
 239      DCA5CB58 
 239      2BB538B3 
 239      6463A8B1 
 239      4D6A
 240 09a0 27E258BE 		.ascii	"'\342X\276\234r\234`\273$\266\307\274@\2720\212\265"
 240      9C729C60 
 240      BB24B6C7 
 240      BC40BA30 
 240      8AB5
 241 09b2 44058F0F 		.ascii	"D\005\217\017\256PZd\336\023\341\363m+\036\347\375\024"
 241      AE505A64 
 241      DE13E1F3 
 241      6D2B1EE7 
 241      FD14
 242 09c4 5988E13A 		.ascii	"Y\210\341:\275\017>\014K)\254\241\032\233\276\275\255"
 242      BD0F3E0C 
 242      4B29ACA1 
 242      1A9BBEBD 
 242      AD
 243 09d5 CC55CEF9 		.ascii	"\314U\316\371\213),\340\230\216\336\006\254\312U6\243"
 243      8B292CE0 
 243      988EDE06 
 243      ACCA5536 
 243      A3
 244 09e6 44986F02 		.ascii	"D\230o\002m\3277\323\322\\}3\235i\002\315\240\332\236"
 244      6DD737D3 
 244      D25C7D33 
 244      9D6902CD 
 244      A0DA9E
 245 09f9 9C9BCBF7 		.ascii	"\234\233\313\367d\364\347\022\2530\301\223\257\313\232"
 245      64F4E712 
 245      AB30C193 
 245      AFCB9A
 246 0a08 679565DA 		.ascii	"g\225e\332KWPl-yo\261\206-5\254\244\360\015\205U\024"
 246      4B57506C 
 246      2D796FB1 
 246      862D35AC 
 246      A4F00D85 
 247 0a1e F2287C4B 		.ascii	"\362(|Ka\035\205|\012\253)\254\247\260\226\252\255T"
 247      611D857C 
 247      0AAB29AC 
 247      A7B096AA 
 247      AD54
ARM GAS  /tmp/ccf5B6Ga.s 			page 19


 248 0a30 AEDAAAE7 		.ascii	"\256\332\252\347\232\330\247kJ\266\026\252>\231K\341"
 248      9AD8A76B 
 248      4AB616AA 
 248      3E994BE1 
 249 0a40 4B136896 		.ascii	"K\023h\226\016\332a0\367\013\253\271\212\3436\351\306"
 249      0EDA6130 
 249      F70BABB9 
 249      8AE336E9 
 249      C6
 250 0a51 CCB632B1 		.ascii	"\314\2662\261M\274\200\255 \271\264\254\254\326\270"
 250      4DBC80AD 
 250      20B9B4AC 
 250      ACD6B8
 251 0a60 892B9615 		.ascii	"\211+\226\025\320\347\264\014)\012\357\225\036\013\327"
 251      D0E7B40C 
 251      290AEF95 
 251      1E0BD7
 252 0a6f A3F13B5D 		.ascii	"\243\361;]\326\006\021\256\247Z\262\367\252\261\205"
 252      D60611AE 
 252      A75AB2F7 
 252      AAB185
 253 0a7e E7C90D7A 		.ascii	"\347\311\015z8l\244<\257Ep\265\001-\345:\325\255\\Y"
 253      386CA43C 
 253      AF4570B5 
 253      012DE53A 
 253      D5AD5C59 
 254 0a92 DEDD9C54 		.ascii	"\336\335\234T\250\217\241\213[\177k\355\034\320%n\322"
 254      A88FA18B 
 254      5B7F6BED 
 254      1CD0256E 
 254      D2
 255 0aa3 2516B3F8 		.ascii	"%\026\263\370?\036%\010[\201>\212\222\350\322\236Jm"
 255      3F1E2508 
 255      5B813E8A 
 255      92E8D29E 
 255      4A6D
 256 0ab5 04FA434F 		.ascii	"\004\372CO\211^S.\317\001\315\352%\321\222^J)\001z\005"
 256      895E532E 
 256      CF01CDEA 
 256      25D1925E 
 256      4A29017A 
 257 0aca 2FB37A2B 		.ascii	"/\263z+\245\004\350\336\336\022\275\255\\\342.\234\335"
 257      A504E8DE 
 257      DE12BDAD 
 257      5CE22E9C 
 257      DD
 258 0adb 477CCD07 		.ascii	"G|\315\007qD\264\3212e&\017h\235\362u\031\320\207}$"
 258      7144B4D1 
 258      3265260F 
 258      689DF275 
 258      19D0877D 
 259 0af0 BAE44571 		.ascii	"\272\344Eq\271\020h\371\213\022mR.}@\177\305\313u/I"
 259      B91068F9 
 259      8B126D52 
 259      2E7D407F 
 259      C5CB752F 
 260 0b05 74138E0A 		.ascii	"t\023\216\012\034\307p\234\307q\363%4\254\307\201ew"
ARM GAS  /tmp/ccf5B6Ga.s 			page 20


 260      1CC7709C 
 260      C771F325 
 260      34ACC781 
 260      6577
 261 0b17 1684A927 		.ascii	"\026\204\251'N\336p\036\311\334j<\2677Q\313\011\342"
 261      4EDE701E 
 261      C9DC6A3C 
 261      B73751CB 
 261      09E2
 262 0b29 74668A72 		.ascii	"tf\212r\210>N\331}\343!Z9\2044f\252\035t\0355S(g\344"
 262      883E4ED9 
 262      7DE3215A 
 262      39843466 
 262      AA1D741D 
 263 0b42 331A6091 		.ascii	"3\032`\221\237\014\245I\257\327\000?\3711(m~\203\006"
 263      9F0CA549 
 263      AFD7003F 
 263      F931286D 
 263      7E8306
 264 0b55 38E60750 		.ascii	"8\346\007P\016\012M\231\332\233&\016\360\353\212\365"
 264      0E0A4D99 
 264      DA9B260E 
 264      F0EB8AF5 
 265 0b65 08548E29 		.ascii	"\010T\216)'8\212\365v\024NR8E\241\201B#\232G\241\236"
 265      27388AF5 
 265      76144E52 
 265      3845A181 
 265      42239A47 
 266 0b7b C21935AB 		.ascii	"\302\0315\253\016g\032\016\007&\271x8\310\354\213g\270"
 266      0E671A0E 
 266      0726B978 
 266      38C8EC8B 
 266      67B8
 267 0b8d BEC2F751 		.ascii	"\276\302\367Q\242r\001\255\357\313Bh\353\315\247\305"
 267      A27201AD 
 267      EFCB4268 
 267      EBCDA7C5 
 268 0b9d 011DD5C4 		.ascii	"\001\035\325\304K\274&\016C\310\355\371\317f\006\031"
 268      4BBC260E 
 268      43C8EDF9 
 268      CF660619 
 269 0bad 4BA2EAD9 		.ascii	"K\242\352\331\313\224\303\360\324\210\374\263^\226\350"
 269      CB94C3F0 
 269      D488FCB3 
 269      5E96E8
 270 0bbc 621C2B71 		.ascii	"b\034+ql\304\261\015G%\216Z\034\3658\256\342x\204cf"
 270      6CC4B10D 
 270      47258E5A 
 270      1CF538AE 
 270      E2788463 
 271 0bd1 3FDC35FB 		.ascii	"?\3345\373\241\350\201\327\212\313\023\375_\334\352"
 271      A1E881D7 
 271      8ACB13FD 
 271      5FDCEA
 272 0be0 2F602E50 		.ascii	"/`.P8\217\374w(\334\345\346\177.\303}\212\233$<\243"
 272      388FFC77 
 272      28DCE5E6 
ARM GAS  /tmp/ccf5B6Ga.s 			page 21


 272      7F2EC37D 
 272      8A9B243C 
 273 0bf5 F090C2AF 		.ascii	"\360\220\302\257\024\236Px@a\232\014\217)<\242\320F"
 273      149E5078 
 273      40619A0C 
 273      8F293CA2 
 273      D046
 274 0c07 E11E6614 		.ascii	"\341\036f\024\205\247\252Ov=Q\337x\374\302Y\204O\364"
 274      85A7AA4F 
 274      763D51DF 
 274      78FCC259 
 274      844FF4
 275 0c1a 17A3C505 		.ascii	"\027\243\305\005\032\000C\352\2565\2446=Q\337\313\\"
 275      1A0043EA 
 275      AE35A436 
 275      3D51DFCB 
 275      5C
 276 0c2b E704AAE1 		.ascii	"\347\004\252\341\206\027\017\0335\212[\324L\241\254"
 276      86170F1B 
 276      358A5BD4 
 276      4CA1AC
 277 0c3a F74E0DD0 		.ascii	"\367N\015\320l\000p\006%\246\3124\304U\177\204\022\226"
 277      6C007006 
 277      25A6CA34 
 277      C4557F84 
 277      1296
 278 0c4c 3B343DAE 		.ascii	";4=\256Y\365P\002\257Hc\271\341\247\310lq\200\256x\""
 278      59F55002 
 278      AF4863B9 
 278      E1A7C86C 
 278      7180AE78 
 279 0c61 33C065CA 		.ascii	"3\300e\312\016\320\006\022\356\017%A\0125\222\233~$"
 279      0ED00612 
 279      EE0F2541 
 279      0A35929B 
 279      7E24
 280 0c73 8A261B34 		.ascii	"\212&\0334@\253\037@=\346j\200+\376>\027>\375N\263\345"
 280      40AB1F40 
 280      3DE66A80 
 280      2BFE3E17 
 280      3EFD4EB3 
 281 0c88 B6C91643 		.ascii	"\266\311\026C\232\226j\220\026\253\271\012&\377\211"
 281      9A966A90 
 281      16ABB90A 
 281      26FF89
 282 0c97 E16DD65D 		.ascii	"\341m\326]\277x/\300\030\333\315b\254O\356\361\322\263"
 282      BF782FC0 
 282      18DBCD62 
 282      AC4FEEF1 
 282      D2B3
 283 0ca9 C4B031F3 		.ascii	"\304\2601\363\227\025ss\324\024\234\216\275\215l=s\026"
 283      97157373 
 283      D4149C8E 
 283      BD8D6C3D 
 283      7316
 284 0cbb 676B88B3 		.ascii	"gk\210\263\324\2108L\325$-\316\311\341o\2120\325\216"
 284      D488384C 
ARM GAS  /tmp/ccf5B6Ga.s 			page 22


 284      D5242DCE 
 284      C9E16F8A 
 284      30D58E
 285 0cce 70887AE0 		.ascii	"p\210z\340<\254o>\305\371\032\315~\023M\215\276\213"
 285      3CAC6F3E 
 285      C5F91ACD 
 285      7E134D8D 
 285      BE8B
 286 0ce0 7D97A39F 		.ascii	"}\227\243\2372k\255 \345x;?\007\217\267_\015c\206^\344"
 286      326BAD20 
 286      E5783B3F 
 286      078FB75F 
 286      0D63865E 
 287 0cf5 20911DC6 		.ascii	" \221\035\306#\260R5~\240PM\371kbDa\332|!\303W2\314"
 287      23B05235 
 287      7EA0504D 
 287      F96B6244 
 287      61DA7C21 
 288 0d0d 9561A60C 		.ascii	"\225a\246\014\263dX(\303|\031f\313\360\245\014\363d"
 288      B3645828 
 288      C37C1966 
 288      CBF0A50C 
 288      F364
 289 0d1f 58202BEF 		.ascii	"X +\3570\227\011k\212\010\234\343\374\342\325\225\351"
 289      3097096B 
 289      8A089CE3 
 289      FCE2D595 
 289      E9
 290 0d30 34BF4133 		.ascii	"4\277A3\346G\223\236\373tcV\345\350o\005\016\232@\007"
 290      E647939E 
 290      FB746356 
 290      E5E86F05 
 290      0E9A4007 
 291 0d44 0C5BF2C6 		.ascii	"\014[\362\306\034}\343\236![\250\024T\256\201\353\220"
 291      1C7DE39E 
 291      215BA814 
 291      54AE81EB 
 291      90
 292 0d55 950B57B9 		.ascii	"\225\013W\271\261\037?}\257\254\253\017\211\2648 S~"
 292      B11F3F7D 
 292      AFACAB0F 
 292      89B43820 
 292      537E
 293 0d67 7E07F0BA 		.ascii	"~\007\360\2728H\324EB[0x\332q\344\365\357\250{>\365"
 293      3848D445 
 293      425B3078 
 293      DA71E4F5 
 293      EFA87B3E 
 294 0d7c E0DE6C71 		.ascii	"\340\336lq\215-\3242\231n\343\250\303\015\345\353B\315"
 294      8D2DD432 
 294      996EE3A8 
 294      C30DE5EB 
 294      42CD
 295 0d8e 3BF57219 		.ascii	";\365r\031rdm\247\316\313\377\246\300\320P\347\350\326"
 295      72646DA7 
 295      CECBFFA6 
 295      C0D050E7 
ARM GAS  /tmp/ccf5B6Ga.s 			page 23


 295      E8D6
 296 0da0 AC90C52F 		.ascii	"\254\220\305/^Y\347\346\004q\336\0252d\3138SQ\275\240"
 296      5E59E7E6 
 296      0471DE15 
 296      3264CB38 
 296      5351BDA0 
 297 0db4 A07B470D 		.ascii	"\240{G\015\360J\2642W<\265f\306\345\"C\003\274R\247"
 297      F04AB432 
 297      573CB566 
 297      C6E52243 
 297      03BC52A7 
 298 0dc8 5D8500BA 		.ascii	"]\205\000\272\277?6\3018\036\340\2305@\242kqT\34189"
 298      BF3F36C1 
 298      381EE098 
 298      3540A26B 
 298      7154E138 
 299 0ddd 803D5CB5 		.ascii	"\200=\\\265\243\266\011T\221\314\266\333\323v5tx \313"
 299      A3B60954 
 299      91CCB6DB 
 299      D3763574 
 299      7820CB
 300 0df0 4789EB85 		.ascii	"G\211\353\205\304\226]U\371\301\272\304|]b\001\007D"
 300      C4965D55 
 300      F9C1BAC4 
 300      7C5D6201 
 300      0744
 301 0e02 7D7E625F 		.ascii	"}~b_K\210\226n|\357\336oX\360\3252\024\352\317\030~"
 301      4B88966E 
 301      7CEFDE6F 
 301      58F0D532 
 301      14EACF18 
 302 0e17 A43A94A3 		.ascii	"\244:\224\2435jKL\030\343+\345\003\006\246<+\223)\023"
 302      356A4B4C 
 302      18E32BE5 
 302      0306A63C 
 302      2B932913 
 303 0e2b 16C9F0B5 		.ascii	"\026\311\360\265\314\327\241\220\007\302&\031\212e("
 303      CCD7A190 
 303      07C22619 
 303      8A6528
 304 0e3a 91E17BEC 		.ascii	"\221\341{\354\315d\330\210)+\303\006\031\212d\345\205"
 304      CD64D888 
 304      292BC306 
 304      198A64E5 
 304      85
 305 0e4b CFE91CA5 		.ascii	"\317\351\034\245\353,\220a\235\211\334\360\373M\205"
 305      EB2C9061 
 305      9D89DCF0 
 305      FB4D85
 306 0e5a AA01BA67 		.ascii	"\252\001\272g\255\011\244W\217\3359j\217\275\306\202"
 306      AD09A457 
 306      8FDD396A 
 306      8FBDC682 
 307 0e6a 502A43AD 		.ascii	"P*C\255\006\371\306\0041T\364\326\203\252>\253dXju\211"
 307      06F9C604 
 307      3154F4D6 
 307      83AA3EAB 
ARM GAS  /tmp/ccf5B6Ga.s 			page 24


 307      64586A75 
 308 0e7f D0A7C6A0 		.ascii	"\320\247\306\240\317\267V*L\223;|\261\267=)\313\011"
 308      CFB7562A 
 308      4C933B7C 
 308      B1B73D29 
 308      CB09
 309 0e91 8BB47867 		.ascii	"\213\264xg\313sy\207\266\017P:I\345\250\332\233.\031"
 309      CB737987 
 309      B60F503A 
 309      49E5A8DA 
 309      9B2E19
 310 0ea4 C858576E 		.ascii	"\310XWn<\262\321p:\336c\370)S\204\313W\013o\347\211"
 310      3CB2D170 
 310      3ADE63F8 
 310      295384CB 
 310      570B6FE7 
 311 0eb9 182B1331 		.ascii	"\030+\0231v\350\350\312\2260>q\011`'\213\363\003\213"
 311      76E8E8CA 
 311      96303E71 
 311      0960278B 
 311      F3038B
 312 0ecc 67167557 		.ascii	"g\026uW\217\345\273\330\214\357\316\321\375\262:S\316"
 312      8FE5BBD8 
 312      8CEFCED1 
 312      FDB23A53 
 312      CE
 313 0edd 664E5C6F 		.ascii	"fN\\ol\266\2513\025l\246\245}\311\221\020uf7\233y\220"
 313      6CB6A933 
 313      156CA6A5 
 313      7DC99110 
 313      7566379B 
 314 0ef3 B5F46187 		.ascii	"\265\364a\207\007\306=hg\245P\247\375D\346\323\000\203"
 314      07C63D68 
 314      67A550A7 
 314      FD44E6D3 
 314      0083
 315 0f05 BEBAB7AA 		.ascii	"\276\272\267\2528\340\237\253\032V\257#\203,\377\014"
 315      38E09FAB 
 315      1A56AF23 
 315      832CFF0C 
 316 0f15 6D0ADF8F 		.ascii	"m\012\337\217K\324RXN\341\204N\262S?g\235\325 \267\211"
 316      4BD45258 
 316      4EE1844E 
 316      B2533F67 
 316      9DD520B7 
 317 0f2a 11729D68 		.ascii	"\021r\235h\220Z\015\362\275\211\245Pgi\320 \217L,mD"
 317      905A0DF2 
 317      BD89A550 
 317      6769D020 
 317      8F4C2C6D 
 318 0f3f 0FA54D1A 		.ascii	"\017\245M\032\246\322DS\241\323\374\254A\356\232h\356"
 318      A6D24453 
 318      A1D3FCAC 
 318      41EE9A68 
 318      EE
 319 0f50 18681A35 		.ascii	"\030h\0325\314C\023\346\276\256\360\031\015\362\300"
 319      CC4313E6 
ARM GAS  /tmp/ccf5B6Ga.s 			page 25


 319      BEAEF019 
 319      0DF2C0
 320 0f5f 0A5182B6 		.ascii	"\012Q\202\266\271D\011\332V\0027\254\226+\250\242\022"
 320      B94409DA 
 320      560237AC 
 320      962BA8A2 
 320      12
 321 0f70 FD57D02A 		.ascii	"\375W\320*\223\326{\014[\300\316\022=\333\313L\250R"
 321      93D67B0C 
 321      5BC0CE12 
 321      3DDBCB4C 
 321      A852
 322 0f82 DDB6239A 		.ascii	"\335\266#\232R\277\232\304=\321\364n\2550H\333f\342"
 322      52BF9AC4 
 322      3DD1F46E 
 322      AD3048DB 
 322      66E2
 323 0f94 D96AD8AC 		.ascii	"\331j\330\254K\005\021bv[\375\250"
 323      4B051162 
 323      765BFDA8 
 324 0fa0 ECC38525 		.ascii	"\354\303\205%\270\017#Q\226\014{9H\3546\246\337\233"
 324      B80F2351 
 324      960C7B39 
 324      48EC36A6 
 324      DF9B
 325 0fb2 5B0FA9E2 		.ascii	"[\017\251\342\212)\024YWV\021W\243\211+1a6\033\034p"
 325      8A291459 
 325      57561157 
 325      A3892B31 
 325      61361B1C 
 326 0fc7 D5E08016 		.ascii	"\325\340\200\026\223u\327\210d>-\224\312\260\035?\266"
 326      9375D788 
 326      643E2D94 
 326      CAB01D3F 
 326      B6
 327 0fd8 C90C85F9 		.ascii	"\311\014\205\371|F\206:\031\016\312\360\243\014Ge\250"
 327      7C46863A 
 327      190ECAF0 
 327      A30C4765 
 327      A8
 328 0fe9 96E1AC0C 		.ascii	"\226\341\254\014\207d8)\303\3172\034\221\241^\206\237"
 328      87643829 
 328      C3CF321C 
 328      91A15E86 
 328      9F
 329 0ffa D00A198E 		.ascii	"\320\012\031\216\311\320"
 329      C9D0
 330 1000 20C36119 		.ascii	" \303a\031\032e8%\303>\031je\330/\303i\031j\320@\031"
 330      1A653825 
 330      C33E196A 
 330      65D82FC3 
 330      69196AD0 
 331 1016 0EC8705C 		.ascii	"\016\310p\\\206&\265L\3562xs\207uU\024\325\353\015\252"
 331      8626B54C 
 331      EE327873 
 331      87755514 
 331      D5EB0DAA 
ARM GAS  /tmp/ccf5B6Ga.s 			page 26


 332 102a 3FB6C6AE 		.ascii	"?\266\306\256X\273&m\355\356Y\343R\251\245\032d\213"
 332      58BB266D 
 332      EDEE59E3 
 332      52A9A51A 
 332      648B
 333 103c D54DDC01 		.ascii	"\325M\334\001\255\207Kv\360E\331\210\307\003\216QO\325"
 333      AD874B76 
 333      F045D988 
 333      C7038E51 
 333      4FD5
 334 104e CFF41038 		.ascii	"\317\364\0208mP\347\2515N\224_\3776\226\360.h\253\014"
 334      6D50E7A9 
 334      354E945F 
 334      FF3696F0 
 334      2E68AB0C 
 335 1062 8BB91F45 		.ascii	"\213\271\037E\2214\276\255\271\246\2067V\217\035\262"
 335      9134BEAD 
 335      B9A68637 
 335      568F1DB2 
 336 1072 6545D45F 		.ascii	"eE\324_>\015\322\266[\003NP\225\031\374\270\313ZF\330"
 336      3E0DD2B6 
 336      5B034E50 
 336      9519FCB8 
 336      CB5A46D8 
 337 1086 AB89BDBC 		.ascii	"\253\211\275\274\310\026\034\274z\244{\244e\251\317"
 337      C8161CBC 
 337      7AA47BA4 
 337      65A9CF
 338 1095 FDFF2E35 		.ascii	"\375\377.5+\336\271\373\014\3573\316\353\012^\020\325"
 338      2BDEB9FB 
 338      0CEF33CE 
 338      EB0A5E10 
 338      D5
 339 10a6 F462D6C6 		.ascii	"\364b\326\306\212\356\257\235\366\371\332\032\326\315"
 339      8AEEAF9D 
 339      F6F9DA1A 
 339      D6CD
 340 10b4 6D08DC51 		.ascii	"m\010\334Q\352\303\023\344\005\031\256\362\237=\264"
 340      EAC313E4 
 340      0519AEF2 
 340      9F3DB4
 341 10c3 FF6387BD 		.ascii	"\377c\207\275'\315z\20579\337\035\274\001\006K\224\037"
 341      27CD7A85 
 341      3739DF1D 
 341      BC01064B 
 341      941F
 342 10d5 482FC9CF 		.ascii	"H/\311\317\363\003\351\234\334\231\263\015-\324e]\235"
 342      F303E99C 
 342      DC99B30D 
 342      2DD4655D 
 342      9D
 343 10e6 2B429D25 		.ascii	"+B\235%wk\232\015\233\321V\035\360\213\000|\233{\247"
 343      776B9A0D 
 343      9BD1561D 
 343      F08B007C 
 343      9B7BA7
 344 10f9 C60030FC 		.ascii	"\306\0000\374\242\323,\000G\016.\273\330]\007\\\320"
ARM GAS  /tmp/ccf5B6Ga.s 			page 27


 344      A2D32C00 
 344      470E2EBB 
 344      D85D075C 
 344      D0
 345 110a 19AE0AC0 		.ascii	"\031\256\012\300\364\234\313s\015\373\207\241)\275&"
 345      F49CCB73 
 345      0DFB87A1 
 345      29BD26
 346 1119 00371BDB 		.ascii	"\0007\033\333\266\313: K\007\264\010@\345\371\202\233"
 346      B6CB3A20 
 346      4B07B408 
 346      40E5F982 
 346      9B
 347 112a 0680E185 		.ascii	"\006\200\341\205\324u\346\365W3>\215MO\266\177\342\214"
 347      D475E6F5 
 347      57333E8D 
 347      4D4FB67F 
 347      E28C
 348 113c 75A63AD2 		.ascii	"u\246:\322\334\256To\254\327cOMOpzb=\316\2173\234\351"
 348      DCAE546F 
 348      ACD7634F 
 348      4D4F707A 
 348      623DCE8F 
 349 1153 DE211AC4 		.ascii	"\336!\032\304\377Nl\272\327\356\315H\217MK\262\247;"
 349      FF4E6CBA 
 349      D7EECD48 
 349      8F4D4BB2 
 349      A73B
 350 1165 635D89A9 		.ascii	"c]\211\251n\217s\342\320\241\321\351\216)\321\351\336"
 350      6E8F73E2 
 350      D0A1D1E9 
 350      8E29D1E9 
 350      DE
 351 1176 9411C3A3 		.ascii	"\224\021\303\243c&\215\0331<vr\314\277\375-\366=W\234"
 351      63268D1B 
 351      313C7672 
 351      CCBFFD2D 
 351      F63D579C 
 352 118a C7EEF92C 		.ascii	"\307\356\371,:\336\235\222\342N\305\017\2173:\335\023"
 352      3ADE9D92 
 352      E24EC50F 
 352      8F333ADD 
 352      13
 353 119b 1F8DEC0E 		.ascii	"\037\215\354\016\347'\256x'c\213\237\022\213*8=\011"
 353      E727AE78 
 353      27638B9F 
 353      128B2A38 
 353      3D09
 354 11ad 76BC7638 		.ascii	"v\274v8\223\235^\347\320\370\340w\307O\0368\352\255"
 354      939D5EE7 
 354      D0F8E077 
 354      C74F1E38 
 354      EAAD
 355 11bf 3F490193 		.ascii	"?I\001\223\337\2330\376\335\001]\350\343\364f\244\005"
 355      DF9B30FE 
 355      DD015DE8 
 355      E3F466A4 
ARM GAS  /tmp/ccf5B6Ga.s 			page 28


 355      05
 356 11d0 4C1EF597 		.ascii	"L\036\365\227\221\023\377\241sT\202\333\203\354\177"
 356      9113FFA1 
 356      735482DB 
 356      83EC7F
 357 11df 4F4E7BA5 		.ascii	"ON{\245s\214\327\225\342tgx\273\222\205\266;\273\360"
 357      738CD795 
 357      E2746778 
 357      BB9285B6 
 357      3BBBF0
 358 11f2 0DDA9986 		.ascii	"\015\332\231\206\372\273\334\251\261\011\031\251\361"
 358      FABBDCA9 
 358      B10919A9 
 358      F1
 359 11ff EC4B9FC9 		.ascii	"\354K\237\311\177\213\215yo\344\007cb'M\0349>\346\235"
 359      7F8B8D79 
 359      6FE40763 
 359      62274D1C 
 359      393EE69D 
 360 1213 31136363 		.ascii	"1\023cc&M\234<jR\027b\270o\177\367\\b\342\335\216\256"
 360      264D9C3C 
 360      6A521762 
 360      B86F7FF7 
 360      5C62E2DD 
 361 1229 90DA44B2 		.ascii	"\220\332D\26235\321\233\364\207\316\221\256T\177\360"
 361      3335D19B 
 361      F487CE91 
 361      AE547FF0 
 362 1239 1B9D83ED 		.ascii	"\033\235\203\355\361\336\014{\262\202\373}\3478\345"
 362      F1DE0C7B 
 362      B282FB7D 
 362      E738E5
 363 1248 D3E950A0 		.ascii	"\323\351P\240C\273\260)\303\343qb$:\354^{,\017J\247"
 363      43BBB029 
 363      C3E37162 
 363      243AEC5E 
 363      7B2C0F4A 
 364 125d E7F5CEE1 		.ascii	"\347\365\316\341F\330\253\235\303\324\000\327Wa\314"
 364      46D8AB9D 
 364      C3D400D7 
 364      5761CC
 365 126c F8D1EF4F 		.ascii	"\370\321\357O\030;~\222\262\012\375\273\360\335gi\316"
 365      183B7E92 
 365      B20AFDBB 
 365      F0DD6769 
 365      CE
 366 127d 81BF9507 		.ascii	"\201\277\225\007\177\212NI\365F\307G{S\322\242\035\256"
 366      7F8A4E49 
 366      F546C747 
 366      7B53D2A2 
 366      1DAE
 367 128f B46477CA 		.ascii	"\264dw\312\024{\264\327\343Ns\305\017{k\010O\210\214"
 367      147BB4D7 
 367      E34E73C5 
 367      0F7B6B08 
 367      4F888C
 368 12a2 3F0EC948 		.ascii	"?\016\311H\217\033\202\001?\305\345\035\22205\332\236"
ARM GAS  /tmp/ccf5B6Ga.s 			page 29


 368      8F1B8201 
 368      3FC5E51D 
 368      923035DA 
 368      9E
 369 12b3 9626FDD3 		.ascii	"\226&\375\323\377$e\\\251<e\354i\256\241IR\037k\366"
 369      FF24655C 
 369      A93C65EC 
 369      69AEA149 
 369      521F6BF6 
 370 12c7 8A5CEAA5 		.ascii	"\212\\\352\245\3318z\314\007cG\215Q,\354k\305k\351\366"
 370      D9387ACC 
 370      0763478D 
 370      512CEC6B 
 370      C56BE9F6 
 371 12db A2F6087A 		.ascii	"\242\366\010zd\314\304wFjO\015\260>\225\352\374Tw\350"
 371      64CCC477 
 371      466A4F0D 
 371      B03E95EA 
 371      FC5477E8 
 372 12ef CB1D6991 		.ascii	"\313\035i\221\036\357q\245y\335\236\220X{2V\206\330"
 372      1EEF71A5 
 372      79DD9E90 
 372      587B3256 
 372      86D8
 373 1301 74D7DF9D 		.ascii	"t\327\337\235\335\342\3062i\237\330\223\303\246\216"
 373      DDE2C632 
 373      699FD893 
 373      C3A68E
 374 1310 B37FFA3E 		.ascii	"\263\177\372>\246\273\323\033\2037\002'\307\374e\302"
 374      A6BBD31B 
 374      83370227 
 374      C7FC65C2 
 375 1320 C449A171 		.ascii	"\304I\241q)#\275^\217+.\303\353L\217\210\033\243\260"
 375      2923BD5E 
 375      8F2B2EC3 
 375      EB4C8F88 
 375      1BA3B0
 376 1333 8D74383C 		.ascii	"\215t8<\316\364\364\360\270\321\032\353$\\\217\240\270"
 376      CEF4F4F0 
 376      B8D11AEB 
 376      245C8FA0 
 376      B8
 377 1344 F77820F5 		.ascii	"\367x \365C\305\265\225\034=&f\324\304\261\357O\232"
 377      43C5B595 
 377      1C3D2666 
 377      D4C4B1EF 
 377      4F9A
 378 1356 A0A65694 		.ascii	"\240\246V\224U9\247\243\267u\222\247s\007\376\024K\253"
 378      5539A7A3 
 378      B77592A7 
 378      7307FE14 
 378      4BAB
 379 1368 570ABD3C 		.ascii	"W\012\275<q\037h\227\375:@\350^\260\271\306\252\263"
 379      711F6897 
 379      FD3A40E8 
 379      5EB0B9C6 
 379      AAB3
ARM GAS  /tmp/ccf5B6Ga.s 			page 30


 380 137a 3DE2B4AF 		.ascii	"=\342\264\257\357{\334^w\274;\3310\025\223\0217*\331"
 380      EF7BDC5E 
 380      77BC3BD9 
 380      30159311 
 380      372AD9
 381 138d CE8CD5A6 		.ascii	"\316\214\325\246\370u\367\270\361\031)\252C\322_\210"
 381      F875F7B8 
 381      F11929AA 
 381      43D25F88 
 382 139d 1B998C77 		.ascii	"\033\231\214wSQ\345\030\247\327\353JM\214\320\361\010"
 382      5351E518 
 382      A7D7EB4A 
 382      4D8CD0F1 
 382      08
 383 13ae 8C737AFA 		.ascii	"\214sz\372\243W\364\205\264\270\245#\203\342\231 \274"
 383      A357F485 
 383      B4B8A523 
 383      83E29920 
 383      BC
 384 13bf 469353E3 		.ascii	"F\223S\343\015\276\360C\364\324\002e\324{#cb\024\302"
 384      0DBEF043 
 384      F4D40265 
 384      D47B2363 
 384      6214C2
 385 13d2 173B8077 		.ascii	"\027;\200w\356\273\004\227\307\220\221=\254\241'O\306"
 385      EEBB0497 
 385      C790913D 
 385      ACA1274F 
 385      C6
 386 13e3 AF51764F 		.ascii	"\257QvO\312'\177\036\22224\305\356J}\323\221\236\366"
 386      CA277F1E 
 386      923234C5 
 386      EE4A7DD3 
 386      919EF6
 387 13f6 66429A14 		.ascii	"fB\232\024\202i\340u~:$e\304\010\351\225\330\337\332"
 387      8269E075 
 387      7E3A2465 
 387      C408E995 
 387      D8DFDA
 388 1409 3D62FEEF 		.ascii	"=b\376\357\267#)\202IM\377\014kY\2120\3545\277k\225"
 388      B7232982 
 388      494DFF0C 
 388      6B598A30 
 388      EC35BF6B 
 389 141e E11334D0 		.ascii	"\341\0234\320\255U\211\001\376\250\370${j\242S\333\035"
 389      AD558901 
 389      FEA8F824 
 389      7B6AA253 
 389      DB1D
 390 1430 2CF71516 		.ascii	",\367\025\026GBFl\012\226\366\301]\334\347\321\033\233"
 390      4742466C 
 390      0A96F6C1 
 390      5DDCE7D1 
 390      1B9B
 391 1442 628F4F72 		.ascii	"b\217Or\245v\011\324J\027\313\307\337u\001t8\321\374"
 391      A57609D4 
 391      4A17CBC7 
ARM GAS  /tmp/ccf5B6Ga.s 			page 31


 391      DF750174 
 391      38D1FC
 392 1455 24751F7C 		.ascii	"$u\037|\243\013d\274=\315\036\347Jvy]\316t\213'<\316"
 392      A30B64BC 
 392      3DCD1EE7 
 392      4A76795D 
 392      CE748B27 
 393 146b 14376A36 		.ascii	"\0247j6\325>\305\231\221\206\013n\217Kv:,\012\232Q\032"
 393      D53EC599 
 393      91860B6E 
 393      8F4B763A 
 393      2C0A9A51 
 394 1480 E1677DFD 		.ascii	"\341g}\375\201i\356\251LwfmO\377{\351iN\247\303\242"
 394      8169EEA9 
 394      4C77666D 
 394      4FFF7BE9 
 394      694EA7C3 
 395 1495 807F78DB 		.ascii	"\200\177x\333=\036\373gzs &\343\335\251\011\256\304"
 395      3D1EFB67 
 395      7A732026 
 395      E3DDA909 
 395      AEC4
 396 14a7 0C8F9DEF 		.ascii	"\014\217\235\357\243\251<\201\006\370a\014\211\317\357"
 396      A3A93C81 
 396      06F8610C 
 396      89CFEF
 397 14b6 BFDAE9FD 		.ascii	"\277\332\351\3754\273\307\236\202\241\342y\331\017\342"
 397      34BBC79E 
 397      82A1E279 
 397      D90FE2
 398 14c5 B5A74FD1 		.ascii	"\265\247O\321\226\273\247\277\016\311.\334\363z[XE6"
 398      96BBA7BF 
 398      0EC92EDC 
 398      F37A5B58 
 398      4536
 399 14d7 F6F39B47 		.ascii	"\366\363\233G\250\3473\215\253\237_J\216\2320n\334\310"
 399      A8E7338D 
 399      AB9F5F4A 
 399      8E9A306E 
 399      DCC8
 400 14e9 F1A395D4 		.ascii	"\361\243\225\324\364\227$\3222\322o6\025u\356\323\231"
 400      F49724D2 
 400      32D26F36 
 400      1575EED3 
 400      99
 401 14fa 4D616601 		.ascii	"Maf\001\226u1\370v\220%T0F\022\230G\246\272=S\224\315"
 401      967531F8 
 401      76902554 
 401      30461298 
 401      47A6BA3D 
 402 1511 BF5F97A0 		.ascii	"\277_\227\240?\370\337M\306D\311\260c\256\270\034\026"
 402      3FF8DF4D 
 402      C644C9B0 
 402      63AEB81C 
 402      16
 403 1522 2ACB8A77 		.ascii	"*\313\212w\010\266\004p:\3563\251\211\026\266\201\277"
 403      08B60470 
ARM GAS  /tmp/ccf5B6Ga.s 			page 32


 403      3AEE33A9 
 403      8916B681 
 403      BF
 404 1533 851BDE49 		.ascii	"\205\033\336I&\370\023\305&\271\022\223DL\276\371\233"
 404      26F813C5 
 404      26B91293 
 404      444CBEF9 
 404      9B
 405 1544 8FE8D8E7 		.ascii	"\217\350\330\347\246O\310HN~^z\035\333Y\036\377\246"
 405      A64FC848 
 405      4E7E5E7A 
 405      1DDB591E 
 405      FFA6
 406 1556 1BFC71BD 		.ascii	"\033\374q\275:\006\274\246\005\220\362\200Z\342\361"
 406      3A06BCA6 
 406      0590F280 
 406      5AE2F1
 407 1565 90E07627 		.ascii	"\220\340v'+\251\323\277k\324\353\376\267\26504\261\014"
 407      2BA9D3BF 
 407      6BD4EBFE 
 407      B7B53034 
 407      B10C
 408 1577 F80D98E5 		.ascii	"\370\015\230\345\276\330t4\324`\377\373\346*\240o\336"
 408      BED87434 
 408      D460FFFB 
 408      E62AA06F 
 408      DE
 409 1588 C1AC5761 		.ascii	"\301\254Wa\205'\3145\312\010\211\2143]~`O\316p\206\261"
 409      8527CC35 
 409      CA08898C 
 409      335D7E60 
 409      4FCE7086 
 410 159d 7D5ADB8A 		.ascii	"}Z\333\212\323C\247Nr{\355\311\242Qy\025\223h\324\204"
 410      D343A74E 
 410      727BEDC9 
 410      A2517915 
 410      9368D484 
 411 15b1 F1EF8C7D 		.ascii	"\361\357\214}w\362\304\221\223\306N\030o\335\226-\246"
 411      77F2C491 
 411      93C64E18 
 411      6FDD962D 
 411      A6
 412 15c2 9B754AC7 		.ascii	"\233uJ\307-(\036[\350\201\035\300\260\321L\326\034\371"
 412      2D281E5B 
 412      E8811DC0 
 412      B0D14CD6 
 412      1CF9
 413 15d4 923F40B7 		.ascii	"\222?@\267\246\007\323\320\244xzwW\214\323\343\262'"
 413      A607D3D0 
 413      A4787A77 
 413      578CD3E3 
 413      B227
 414 15e6 8BCE21D8 		.ascii	"\213\316!\330\205}\211##\336\333\3355\316\236\232\221"
 414      857D8923 
 414      23DEDBDD 
 414      35CE9E9A 
 414      91
ARM GAS  /tmp/ccf5B6Ga.s 			page 33


 415 15f7 C01A7C8F 		.ascii	"\300\032|\217\323\323-.\3361\232\223us9\024D\260\313"
 415      D3D32D2E 
 415      DE319A93 
 415      75733914 
 415      44B0CB
 416 160a F101DFE3 		.ascii	"\361\001\337\343\302\343L\375\3340\326\2531\250\332"
 416      C2E34CFD 
 416      DC30D6AB 
 416      31A8DA
 417 1619 E1A8D76A 		.ascii	"\341\250\327j{\023\252\\\363\213@d\306=\271/\272G\351"
 417      7B13AA5C 
 417      F38B4064 
 417      C63DB92F 
 417      BA47E9
 418 162c 562D7EE9 		.ascii	"V-~\351\351o\017\337\002\372\372\317\032\266\207p\277"
 418      E96F0FDF 
 418      02FAFACF 
 418      1AB68770 
 418      BF
 419 163d 0E38D212 		.ascii	"\0168\322\022\260\361F7\306;T\037&#C\222\335\343\230"
 419      B0F14637 
 419      C63B541F 
 419      26234392 
 419      DDE398
 420 1650 6AF7387B 		.ascii	"j\3678{\232\000j\265\215\324\251G\215\266t\326\014\251"
 420      9A006AB5 
 420      8DD4A947 
 420      8DB674D6 
 420      0CA9
 421 1662 A863571A 		.ascii	"\250cW\032W\323=\227;\302|\355\371\270\237i\302\355"
 421      57D33D97 
 421      3BC27CED 
 421      F9B89F69 
 421      C2ED
 422 1674 4D34EDA9 		.ascii	"M4\355\251/w\246%;\224D\232n\212\312\336W\357a\330\244"
 422      2F77A625 
 422      3B94449A 
 422      6E8ACADE 
 422      57EF61D8 
 423 1689 69D70935 		.ascii	"i\327\0115\352\316O\011\037\306L\0323N\231\023\266\014"
 423      EACE4F09 
 423      1FC64C1A 
 423      334E9913 
 423      B60C
 424 169b 7DAE7646 		.ascii	"}\256vF\243\014\367c\371\227\377\305qF\210\303\023\315"
 424      A30CF763 
 424      F997FFC5 
 424      714688C3 
 424      13CD
 425 16ad 0B96C3D9 		.ascii	"\013\226\303\331\177\003\305\203\316S"
 425      7F03C583 
 425      CE53
 426              		.text
 427              		.section	.gnu.lto_.symtab.62cdce4179dea1ee,"e",%progbits
 428 0000 5F75785F 		.ascii	"_ux_device_stack_interface_delete\000"
 428      64657669 
 428      63655F73 
ARM GAS  /tmp/ccf5B6Ga.s 			page 34


 428      7461636B 
 428      5F696E74 
 429 0022 00       		.ascii	"\000"
 430 0023 00       		.ascii	"\000"
 431 0024 00       		.ascii	"\000"
 432 0025 00000000 		.ascii	"\000\000\000\000\000\000\000\000"
 432      00000000 
 433 002d 68010000 		.ascii	"h\001\000\000"
 434 0031 5F75785F 		.ascii	"_ux_system_slave\000"
 434      73797374 
 434      656D5F73 
 434      6C617665 
 434      00
 435 0042 00       		.ascii	"\000"
 436 0043 02       		.ascii	"\002"
 437 0044 00       		.ascii	"\000"
 438 0045 00000000 		.ascii	"\000\000\000\000\000\000\000\000"
 438      00000000 
 439 004d 63020000 		.ascii	"c\002\000\000"
 440              		.text
 441              		.section	.gnu.lto_.ext_symtab.62cdce4179dea1ee,"e",%progbits
 442 0000 01       		.ascii	"\001"
 443 0001 01       		.ascii	"\001"
 444 0002 00       		.ascii	"\000"
 445 0003 02       		.ascii	"\002"
 446 0004 01       		.ascii	"\001"
 447              		.text
 448              		.section	.gnu.lto_.opts,"e",%progbits
 449 0000 272D666E 		.ascii	"'-fno-openmp' '-fno-openacc' '-fno-pie' '-fcf-prote"
 449      6F2D6F70 
 449      656E6D70 
 449      2720272D 
 449      666E6F2D 
 450 0033 6374696F 		.ascii	"ction=none' '-mcpu=cortex-m33' '-mthumb' '-mfpu=fpv"
 450      6E3D6E6F 
 450      6E652720 
 450      272D6D63 
 450      70753D63 
 451 0066 342D7370 		.ascii	"4-sp-d16' '-mfloat-abi=hard' '-mlibarch=armv8-m.mai"
 451      2D643136 
 451      2720272D 
 451      6D666C6F 
 451      61742D61 
 452 0099 6E2B6473 		.ascii	"n+dsp+fp' '-march=armv8-m.main+dsp+fp' '-Os' '-flto"
 452      702B6670 
 452      2720272D 
 452      6D617263 
 452      683D6172 
 453 00cc 2720272D 		.ascii	"' '-fdata-sections' '-ffunction-sections' '-Xassemb"
 453      66646174 
 453      612D7365 
 453      6374696F 
 453      6E732720 
 454 00ff 6C657227 		.ascii	"ler' '-a' '-Xassembler' '-ad' '-Xassembler' '-alms="
 454      20272D61 
 454      2720272D 
 454      58617373 
ARM GAS  /tmp/ccf5B6Ga.s 			page 35


 454      656D626C 
 455 0132 6275696C 		.ascii	"build/../sdk/stm32/STM32_USBX_Library/common/core/s"
 455      642F2E2E 
 455      2F73646B 
 455      2F73746D 
 455      33322F53 
 456 0165 72632F75 		.ascii	"rc/ux_device_stack_interface_delete.lst'\000"
 456      785F6465 
 456      76696365 
 456      5F737461 
 456      636B5F69 
 457              		.text
 458              		.comm	__gnu_lto_slim,1,1
 459              		.ident	"GCC: (15:10.3-2021.07-4) 10.3.1 20210621 (release)"
ARM GAS  /tmp/ccf5B6Ga.s 			page 36


DEFINED SYMBOLS
                            *ABS*:0000000000000000 ux_device_stack_interface_delete.c
                            *COM*:0000000000000001 __gnu_lto_slim

NO UNDEFINED SYMBOLS
