ARM GAS  /tmp/ccZFNVNh.s 			page 1


   1              		.cpu cortex-m33
   2              		.eabi_attribute 27, 1
   3              		.eabi_attribute 28, 1
   4              		.eabi_attribute 20, 1
   5              		.eabi_attribute 21, 1
   6              		.eabi_attribute 23, 3
   7              		.eabi_attribute 24, 1
   8              		.eabi_attribute 25, 1
   9              		.eabi_attribute 26, 1
  10              		.eabi_attribute 30, 4
  11              		.eabi_attribute 34, 1
  12              		.eabi_attribute 18, 4
  13              		.file	"ux_device_stack_tasks_run.c"
  14              		.section	.gnu.lto_.profile.f455208fc8365d0c,"e",%progbits
  15 0000 789C6365 		.ascii	"x\234ce\000\002F \006\000\000:\000\007"
  15      00024620 
  15      0600003A 
  15      0007
  16              		.text
  17              		.section	.gnu.lto_.icf.f455208fc8365d0c,"e",%progbits
  18 0000 789CE360 		.ascii	"x\234\343`@\000F\206G3N\357\345f\000\000\016y\003\027"
  18      40004686 
  18      47334EEF 
  18      E5660000 
  18      0E790317 
  19              		.text
  20              		.section	.gnu.lto_.ipa_sra.f455208fc8365d0c,"e",%progbits
  21 0000 789CE364 		.ascii	"x\234\343d@\000F\006\006f\006& \005\000\000\367\000"
  21      40004606 
  21      06660626 
  21      20050000 
  21      F700
  22 0012 11       		.ascii	"\021"
  23              		.text
  24              		.section	.gnu.lto_.inline.f455208fc8365d0c,"e",%progbits
  25 0000 789C3363 		.ascii	"x\2343c@\000F\006\006\331\205\177\366\334`\312bd`\222"
  25      40004606 
  25      06D9857F 
  25      F6DC60CA 
  25      62646092 
  26 0014 DBBAF3D4 		.ascii	"\333\272\363\324\006\246L\006\006\266\006 `Jab`\002"
  26      06A64C06 
  26      06B60620 
  26      604A6162 
  26      6002
  27 0026 2A611504 		.ascii	"*a\025\004*b\234\340\307&\004\3440O\360\003\222\000"
  27      2A629CE0 
  27      C72604E4 
  27      304FF003 
  27      9200
  28 0038 9DD80BC5 		.ascii	"\235\330\013\305"
  29              		.text
  30              		.section	.gnu.lto_.jmpfuncs.f455208fc8365d0c,"e",%progbits
  31 0000 789C0B60 		.ascii	"x\234\013`@\000F f\002R\007X\030\031\200\370?\020\360"
  31      40004620 
  31      66025207 
  31      58181980 
ARM GAS  /tmp/ccZFNVNh.s 			page 2


  31      F83F10F0 
  32 0014 33D42BB0 		.ascii	"3\324+\260\241\0131Mb^\302\314\300(\004\026\026\002"
  32      A10B314D 
  32      625EC2CC 
  32      C0280416 
  32      1602
  33 0026 49313031 		.ascii	"I101\352\301\025\375\200\352c\000\000J\217\025r"
  33      EAC115FD 
  33      80EA6300 
  33      004A8F15 
  33      72
  34              		.text
  35              		.section	.gnu.lto_.pureconst.f455208fc8365d0c,"e",%progbits
  36 0000 789C6361 		.ascii	"x\234ca```d\330\311\002\000\001\242\000\303"
  36      60606064 
  36      D8C90200 
  36      01A200C3 
  37              		.text
  38              		.section	.gnu.lto_.lto.f455208fc8365d0c,"e",%progbits
  39 0000 09000400 		.ascii	"\011\000\004\000\001\000\000\000"
  39      01000000 
  40              		.text
  41              		.section	.gnu.lto__ux_device_stack_tasks_run.3.f455208fc8365d0c,"e",%progbits
  42 0000 789C7554 		.ascii	"x\234uTMl\033E\024\23673\273\353\365:\306\212\342\010"
  42      4D6C1B45 
  42      149E3733 
  42      BBEBF53A 
  42      C68AE208 
  43 0014 2E281C38 		.ascii	".(\0348\200H\266\264\024zD\234\313\251 q\263\\\333H"
  43      8048B6B4 
  43      147A449C 
  43      CBA92071 
  43      B35CDB48 
  44 0028 966BC7F2 		.ascii	"\226k\307\362\332PN\3354N\"\245j\355M\252J\244IZm\254"
  44      DA504EDD 
  44      344E22A5 
  44      6AED4DAA 
  44      4AA4495A 
  45 003e E24A286D 		.ascii	"\342J(m\200*\011M\215\253\020\245\022T\264\005\021\201"
  45      802A094D 
  45      8DAB10A5 
  45      1254B405 
  45      1181
  46 0050 04E59F20 		.ascii	"\004\345\237 P1E*\324*?o\306\177\015\012\226v\366\355"
  46      5031452A 
  46      D42A3F6F 
  46      C67F0D0A 
  46      9676F6ED 
  47 0064 9BEF7DDF 		.ascii	"\233\357}\337\373\231\361\317\234\2207\011!o\343\003"
  47      FB99F1CF 
  47      9C903709 
  47      216FE303 
  48 0074 3E0213CE 		.ascii	">\002\023\3168%\266m?\253Q89\341\376vqN\201\367@:\030"
  48      3825B66D 
  48      3FAB5138 
  48      39E1FE76 
  48      714E81F7 
ARM GAS  /tmp/ccZFNVNh.s 			page 3


  49 008b CD3BC6F8 		.ascii	"\315;\306\370|!\310G\034\377\235\353\265\3079\207\327"
  49      7C21C847 
  49      1CFF9DEB 
  49      B5C73987 
  49      D7
  50 009c 1172654E 		.ascii	"\021reN\223\373\012\035u\214\037nM\032|\314\361O9\277"
  50      93FB0A1D 
  50      758C1F6E 
  50      4D1A7CCC 
  50      F14F39BF 
  51 00b0 3CC555B1 		.ascii	"<\305U\261\277\360!\223\333\232\370x\244\301\255#\267"
  51      BFF02193 
  51      DB9AF878 
  51      A4C1AD23 
  51      B7
  52 00c1 2A2D830E 		.ascii	"*-\203\016;G(J\334\250\325\367\360\251\34270_\030\321"
  52      3B47284A 
  52      DCA8D5F7 
  52      F0A9E237 
  52      305F18D1 
  53 00d5 B817869C 		.ascii	"\270\027\206\234\361?f\236\226\030 \207(\343\212\252"
  53      F13F669E 
  53      96182087 
  53      28E38AAA 
  54 00e5 E986170E 		.ascii	"\351\206\027\016Q\203t~\223l\232\301\004+1\002\274i"
  54      5183747E 
  54      936C9AC1 
  54      042B3102 
  54      BC69
  55 00f7 01F43D56 		.ascii	"\001\364=V\265\355?\327f\247\276\205\351r\225\227\030"
  55      B5ED3FD7 
  55      66A7BE85 
  55      E9729597 
  55      18
  56 0108 25B308B8 		.ascii	"%\263\010\270\000\360\0164\302\020\312\306@\274\036"
  56      00F00E34 
  56      C210CAC6 
  56      40BC1E
  57 0117 4568AD3C 		.ascii	"Eh\255<W\360\027\207<\010\204E\330\012\025\310cm\344"
  57      57F01787 
  57      3C088445 
  57      D80A15C8 
  57      636DE4
  58 012a F953C363 		.ascii	"\371S\303cv \337Wb\014\226\267ANu8gW\233\234\034.n\203"
  58      7620DF57 
  58      620C96B7 
  58      414E7538 
  58      67579B9C 
  59 0142 3CDBE19C 		.ascii	"<\333\341\234iq*p\351?H\225@\005`\005\340]\200%\020"
  59      69712A70 
  59      E93F4895 
  59      40056005 
  59      E05D8025 
  60 0157 55883111 		.ascii	"U\2101\021\302\357w\237\273\241T\355{\377\024l\373\346"
  60      C2EF779F 
  60      BBA154ED 
  60      7BFF146C 
ARM GAS  /tmp/ccZFNVNh.s 			page 4


  60      FBE6
  61 0169 435F57B4 		.ascii	"C_W\264\007\201\224\230Jq\321\230\2608.\036\005\027"
  61      07819498 
  61      4A71D198 
  61      B0382E1E 
  61      0517
  62 017b 1DD99640 		.ascii	"\035\331\226@C\313\353\021\226N\220\302K\220\304\020"
  62      43CBEB11 
  62      964E90C2 
  62      4B90C410 
  63 018b 8B4FF8BA 		.ascii	"\213O\370\272\204/ T\273\205\325#b\203b\243W|\022R`"
  63      842F2054 
  63      BB85D523 
  63      628362A3 
  63      577C1252 
  64 01a0 A4562FEF 		.ascii	"\244V/\357\001\273JH\221Qi\017\241}\013\016\237X\336"
  64      01BB4A48 
  64      9151690F 
  64      A17D0B0E 
  64      9F58DE
  65 01b3 B8AEB90C 		.ascii	"\270\256\271\014\232c0d\201y\240h\2261\35732-\270\014"
  65      9A633064 
  65      8179A068 
  65      9631EF33 
  65      322DB80C 
  66 01c7 5005893F 		.ascii	"P\005\211?>~\025\\\026h\302U\011?#N\332\346\303%\346"
  66      3E7E155C 
  66      1668C255 
  66      093F234E 
  66      DAE6C325 
  67 01dc 43225895 		.ascii	"C\"X\225\276\035\350\3026v\301\3730#\352\317KL\227h"
  67      BE1DE8C2 
  67      3676C1FB 
  67      3023EACF 
  67      4B4C9768 
  68 01f0 D75A8369 		.ascii	"\327Z\203i\345\356\206\303\\F\233TJ\207J\304\011\246"
  68      E5EE86C3 
  68      5C469B54 
  68      4A874AC4 
  68      09A6
  69 0202 75204D1A 		.ascii	"u M\032\015\256 \215\350n\015FO\033\004\303\360\011"
  69      0DAE208D 
  69      E86E0D46 
  69      4F1B04C3 
  69      F009
  70 0214 88380ADD 		.ascii	"\2108\012\3350Pb\376F1_\014\031.c\333\225\360A\273\204"
  70      305062FE 
  70      46315F0C 
  70      192E63DB 
  70      95F041BB 
  71 0229 95B3BD2E 		.ascii	"\225\263\275.\353n\211\225\237\220y3\221wS\215\303U"
  71      EB6E8995 
  71      9F907933 
  71      9177538D 
  71      C355
  72 023b 54A37296 		.ascii	"T\243r\226E\306\234\221\215u\326\352\327\312\335\233"
  72      45C69C91 
ARM GAS  /tmp/ccZFNVNh.s 			page 5


  72      8D75D6EA 
  72      D7CADD9B 
  73 024b 97B15FAD 		.ascii	"\227\261_\255c\313\267d\375\200\313t\370\250\315C\341"
  73      63CBB764 
  73      FD80CB74 
  73      F8A8CD43 
  73      E1
  74 025c 1AF288EA 		.ascii	"\032\362\210\352\177\202\374\346j\006\303\032\031\223"
  74      7F82FCE6 
  74      6A06C31A 
  74      1993
  75 026a 26353F7E 		.ascii	"&5?~\347\334\011\220\324Ej\317N\337\336\004\351W\376"
  75      E7DC0990 
  75      D4456ACF 
  75      4EDFDE04 
  75      E957FE
  76 027d 3AF6C602 		.ascii	":\366\306\002\355H~/$\225\377\027\322\341c\024\342\367"
  76      ED487E2F 
  76      2495FF17 
  76      D2E16314 
  76      E2F7
  77 028f 09294248 		.ascii	"\011)BHo\013\251_VN\356\356\350\374\336\324\321N];r"
  77      6F0BA95F 
  77      564EEEEE 
  77      E8FCDED4 
  77      D14E5D3B 
  78 02a4 0F3A3A3F 		.ascii	"\017::?.(.\323\332\023\375\004\266*m\006\361\020\302"
  78      2E282ED3 
  78      DA13FD04 
  78      B62A6D06 
  78      F110C2
  79 02b7 A728A5C8 		.ascii	"\247(\245\310I\344\373\\\326\203Z8\012\255\304\002\310"
  79      49E4FB5C 
  79      D6835A38 
  79      0AADC402 
  79      C8
  80 02c8 313C31B6 		.ascii	"1<1\266F]\026tEK{\204\343\255\321\215\231\264\313\260"
  80      465D1674 
  80      454B7B84 
  80      E3ADD18D 
  80      99B4CBB0 
  81 02dc E37AE3C2 		.ascii	"\343z\343\302\177\327\310H\237lu\025H\035p\334\275\032"
  81      7FD7C848 
  81      9F6C7515 
  81      481D70DC 
  81      BD1A
  82 02ee 06EA78EE 		.ascii	"\006\352x\356q\345\3502\004\034\017\201VY\\:\012\370"
  82      71E5E832 
  82      041C0F81 
  82      56595C3A 
  82      0AF8
  83 0300 57039F81 		.ascii	"W\003\237\201Jq\341\264\016\036\324\320\376^>\215G\321"
  83      4A71E1B4 
  83      0E1ED4D0 
  83      FE5E3E8D 
  83      47D1
  84 0312 27437C5C 		.ascii	"'C|\\\220\032\230\244\315\001@\266\341\327\243A\014"
ARM GAS  /tmp/ccZFNVNh.s 			page 6


  84      901A98A4 
  84      CD0140B6 
  84      E1D7A341 
  84      0C
  85 0323 7399B7C1 		.ascii	"s\231\267\301$[Q\007\335e]\272\010\351\246\363\213\347"
  85      245B5107 
  85      DD655DBA 
  85      08E9A6F3 
  85      8BE7
  86 0335 7544D4C1 		.ascii	"uD\324\301\3532\003}\3609PTk\370\260\000\017\372D\254"
  86      EB32037D 
  86      F0395054 
  86      6BF8B000 
  86      0FFA44AC 
  87 0349 0708AD5C 		.ascii	"\007\010\255\\\250y\320\217\"\336\366\365\271\015\207"
  87      A879D08F 
  87      22DEF6F5 
  87      B90D87
  88 0358 BFBAB48E 		.ascii	"\277\272\264\216\271\253\222Y\3054\014.n\033\264o\033"
  88      B9AB9259 
  88      C5340C2E 
  88      6E1BB46F 
  88      1B
  89 0369 21CF98C9 		.ascii	"!\317\230\311T\326\214\230\331d\332\214\306\323\007"
  89      54D68C98 
  89      D964DA8C 
  89      C6D307
  90 0378 069389B0 		.ascii	"\006\223\211\260\231\315\014\246\343\221\035O\366[\331"
  90      99CD0CA6 
  90      E3911D4F 
  90      F65BD9
  91 0387 E4AE9DB9 		.ascii	"\344\256\235\271\335\3759k\177\1774\366J\"\236\355\177"
  91      DDFD396B 
  91      7F7F34F6 
  91      4A229EED 
  91      7F
  92 0398 F955339C 		.ascii	"\371U3\234N\223\275\003\003\246\025M\230\022a\356{\341"
  92      4E93BD03 
  92      03A6154D 
  92      981261EE 
  92      7BE1
  93 03aa F95D3B43 		.ascii	"\371];C/\356{\356\245\320\336\370\376L8\363\232\031"
  93      2FEE7BEE 
  93      A5D0DEF8 
  93      FE4C38F3 
  93      9A19
  94 03bc 194C2607 		.ascii	"\031L&\007S\370\312\304L+\0231s\007C\310\020\217\304"
  94      53F8CAC4 
  94      4C2B1331 
  94      730743C8 
  94      108FC4
  95 03cf 4256361C 		.ascii	"BV6\034I\204\262a+a\2052\271\324@\204\250\350\312\346"
  95      4984B261 
  95      2B618532 
  95      B9D44084 
  95      A8E8CAE6 
  96 03e3 2C237220 		.ascii	",#r lY\241x*\032;\350o\331\270\225\212\304X4\022\375"
ARM GAS  /tmp/ccZFNVNh.s 			page 7


  96      6C59A178 
  96      2A1A3BE8 
  96      6FD9B895 
  96      8AC45834 
  97 03f9 1710BBD4 		.ascii	"\027\020\273\324\212"
  97      8A
  98              		.text
  99              		.section	.gnu.lto_.symbol_nodes.f455208fc8365d0c,"e",%progbits
 100 0000 789C3367 		.ascii	"x\2343g\000\002&\346z\206\017\277VX0N8\307\300P\317"
 100      000226E6 
 100      7A860FBF 
 100      5658304E 
 100      38C7C050 
 101 0015 C0B0ABA1 		.ascii	"\300\260\253\241\221\221\201\021$\303\300\312\302\240"
 101      91918111 
 101      24C3C0CA 
 101      C2A0
 102 0023 00A45820 		.ascii	"\000\244X \362S\031Y\030\346_\350\376\303\310x\225\235"
 102      F2531959 
 102      18E65FE8 
 102      FEC3C878 
 102      959D
 103 0035 010095CB 		.ascii	"\001\000\225\313\016\207"
 103      0E87
 104              		.text
 105              		.section	.gnu.lto_.refs.f455208fc8365d0c,"e",%progbits
 106 0000 789CE366 		.ascii	"x\234\343f```b``d\004bV\006\006\000\000\354\000\026"
 106      60606062 
 106      60606404 
 106      62560606 
 106      0000EC00 
 107              		.text
 108              		.section	.gnu.lto_.decls.f455208fc8365d0c,"e",%progbits
 109 0000 789CB559 		.ascii	"x\234\265YyPTW\272\277\3379\227\255A`\004\227\211\232"
 109      79505457 
 109      BABFDF39 
 109      97AD4160 
 109      0497899A 
 110 0014 308E499C 		.ascii	"0\216I\234\227Q\214\326L2\257^\325\323\247&\261\342"
 110      97518CD6 
 110      4C32AF5E 
 110      D5D3A726 
 110      B1E2
 111 0026 56A27993 		.ascii	"V\242y\223\367O\277\206\276`\227M7\351nb\234\252W\325"
 111      F74FBF86 
 111      BE60974D 
 111      37E96E62 
 111      9CAA57D5 
 112 003a 711B37DC 		.ascii	"q\0337\334\342\002\022\024\223\250\030\225\240\210\001"
 112      E2021214 
 112      93A81895 
 112      A08801
 113 0049 54246014 		.ascii	"T$`\024\334\3005\212\032\367\004\305D\\\343\356\373"
 113      DCC0358A 
 113      1AF704C5 
 113      445CE3EE 
 113      FB
ARM GAS  /tmp/ccZFNVNh.s 			page 8


 114 005a EE3977ED 		.ascii	"\3569w\355\013\304\231z\257\213\323}\357\271\277\373"
 114      0BC4997A 
 114      AF8BD37D 
 114      EFB9BFFB 
 115 006a FB96F32D 		.ascii	"\373\226\363-\347^\006\366\026\204\337\305\011\302V"
 115      E75E06F6 
 115      1684DFC5 
 115      09C256
 116 0079 41109EE1 		.ascii	"A\020\236\341\207\340\357a\034\200c\273\300?\362q\215"
 116      87E0EF61 
 116      1C8063BB 
 116      C03FF271 
 116      8D
 117 008a F2FB0611 		.ascii	"\362\373\006\021L\237\0318\371\033\374\355\214#Q\271"
 117      4C9F1938 
 117      F91BFCED 
 117      8C2351B9 
 118 009a A71E4702 		.ascii	"\247\036G\002\316\277\211\330?\343\270\215\307\357\343"
 118      CEBF89D8 
 118      3FE3B88D 
 118      C7EFE3
 119 00a9 5C0B8E0C 		.ascii	"\\\013\216\014\034\177\301\271?\341\210\302q\013\257"
 119      1C7FC1B9 
 119      3FE188C2 
 119      710BAF
 120 00b8 75C6710D 		.ascii	"u\306q\015\347\303q\014\300\271p\034\257\340\260\341"
 120      E7C3710C 
 120      C0B9701C 
 120      AFE0B0E1 
 121 00c8 7C2C8E48 		.ascii	"|,\216H\350X\207\305\024\336\007Y\3718v$P\"$\007\331"
 121      E85887C5 
 121      14DE0759 
 121      F9387624 
 121      50222407 
 122 00dd A7264380 		.ascii	"\247&C\200m\300Q\364?e`g\020\361;\021\222\362)Y^\271"
 122      6DC051F4 
 122      3F656067 
 122      10F13B11 
 122      92F22959 
 123 00f3 F84884AD 		.ascii	"\370H\204\255:\030l\015VO\217\022\240\022\240\002\004"
 123      3A186C0D 
 123      564F8F12 
 123      A012A002 
 123      04
 124 0104 280724F9 		.ascii	"(\007$\371\032\240\014`+ l\372\352\213\273\305+ \020"
 124      1AA00C60 
 124      2B206CFA 
 124      EA8BBBC5 
 124      2B2010
 125 0117 24129D00 		.ascii	"$\022\235\000p\362\317\370e\023\376\213\012\211A\022"
 125      70F2CFF8 
 125      6513FE8B 
 125      0A894112 
 126 0127 24E14E4A 		.ascii	"$\341NJl\324F\235\266:x\261\357\035:8\222\364\215\263"
 126      6CD4469D 
 126      B63A78B1 
 126      EF1D3A38 
ARM GAS  /tmp/ccZFNVNh.s 			page 9


 126      92F48DB3 
 127 013b 4516D542 		.ascii	"E\026\325B\274-,\222\220\346\010\247\255\357C\330H\012"
 127      BC2D2C92 
 127      90E608A7 
 127      ADEF43D8 
 127      480A
 128 014d C3930607 		.ascii	"\303\223\006\007E\347\274.\315\021A\262pt\342\240\301"
 128      45E7BC2E 
 128      CD1141B2 
 128      7074E2A0 
 128      C1
 129 015e F8DD1C51 		.ascii	"\370\335\034Q\007N\274k\254\030\031\217G\315\021\266"
 129      074EBC6B 
 129      AC18198F 
 129      47CD11B6 
 130 016e 3BB43027 		.ascii	";\2640'\334y\220\314z\025\352\300\346\034\230\210\206"
 130      DC7990CC 
 130      7A15EAC0 
 130      E61C9888 
 130      86
 131 017f 0C8E8C7C 		.ascii	"\014\216\214|1\256\206\326\320\267\320\035\221%\305"
 131      31AE86D6 
 131      D0B7D01D 
 131      9125C5
 132 018e 5D6CCD11 		.ascii	"]l\315\021qH\321\327\231\024\357L\212\253\2030\247\323"
 132      7148D1D7 
 132      9914EF4C 
 132      8AAB8330 
 132      A7D3
 133 01a0 96D85740 		.ascii	"\226\330W@%\234\003\007\016&6d\026#\353` \205\230\201"
 133      259C0307 
 133      0E263664 
 133      1623EB60 
 133      20859881 
 134 01b4 C10B2DDD 		.ascii	"\301\013-\335l`\213z1\251\257 8\205\267\010\362\322"
 134      6C608B7A 
 134      31A9AF20 
 134      3885B708 
 134      F2D2
 135 01c6 67EA0722 		.ascii	"g\352\007\"P\246S?\005\350k#\003\011}\2679B\020\010"
 135      50A6533F 
 135      05E86B23 
 135      03097DB7 
 135      39421008 
 136 01da 491284A0 		.ascii	"I\022\204\240\030\031\023\003A\374\211\262\277\353\034"
 136      18191303 
 136      41FC89B2 
 136      BFEB1C
 137 01e9 3BD02634 		.ascii	";\320&4G\020\274\224(B\220\200~\247-\\\000uM\330\222"
 137      4710BC94 
 137      28429080 
 137      7EA72D5C 
 137      00754DD8 
 138 01fe 81FCC7BF 		.ascii	"\201\374\307\277\004\371D0Ja\3632\022\375\252,\260:"
 138      04F94430 
 138      4A61F332 
 138      12FDAA2C 
ARM GAS  /tmp/ccZFNVNh.s 			page 10


 138      B03A
 139 0210 ABFD28C7 		.ascii	"\253\375(\307\034\300y\324\265\007P\205\010\312U\003"
 139      1CC079D4 
 139      B5075085 
 139      08CA5503 
 140 0220 B9AE83A2 		.ascii	"\271\256\203\242\207\312\243\3121\350\250\353\212+\314"
 140      87CAA3CA 
 140      31E8A8EB 
 140      8A2BCC
 141 022f 8510E33D 		.ascii	"\205\020\343=\354>\223\342:\245\240\321\012\006\303"
 141      EC3E93E2 
 141      3AA5A0D1 
 141      0A06C3
 142 023e F18361B3 		.ascii	"\361\203a\263\365nUY\314\017\350\266`k\316U\012\261"
 142      F56E5559 
 142      CC0FE8B6 
 142      606BCE55 
 142      0AB1
 143 0250 0B070B40 		.ascii	"\013\007\013@\377\207\307 a1\030\217\250;\007\317,\215"
 143      FF87C720 
 143      6131188F 
 143      A83B07CF 
 143      2C8D
 144 0262 E986A0EB 		.ascii	"\351\206\240\353\301`\"l\007\250\006\330%K\370\006\311"
 144      C160226C 
 144      07A806D8 
 144      254BF806 
 144      C9
 145 0273 BD8CE8F1 		.ascii	"\275\214\350\361\323\375\363m\275ss\203\367o\3169V\373"
 145      D3FDF36D 
 145      BD737383 
 145      F76FCE39 
 145      56FB
 146 0285 CACDF260 		.ascii	"\312\315\362`p\006\336\020)c\240\0120T\231\334*\274"
 146      7006DE10 
 146      2963A00A 
 146      305499DC 
 146      2ABC
 147 0297 6127C00E 		.ascii	"a'\300\016\214\377\002\302\3054\023Z\314\016_\325\322"
 147      8CFF02C2 
 147      C534135A 
 147      CC0E5FD5 
 147      D2
 148 02a8 E355BC7C 		.ascii	"\343U\274|\214\310\2649\225\323\216G[\243\277\016\020"
 148      8CC8B439 
 148      95D38E47 
 148      5BA3BF0E 
 148      10
 149 02b9 83D1BF17 		.ascii	"\203\321\277\027`\0170\226\363\2046\261;\236\316\237"
 149      600F3096 
 149      F38436B1 
 149      3B9ECE9F 
 150 02c9 D51C25CA 		.ascii	"\325\034%\312\262\352\001\2748q\266\376\310\216\330"
 150      B2EA01BC 
 150      3871B6FE 
 150      C88ED8
 151 02d8 B6943F88 		.ascii	"\266\224?\210D\007\200i\277\374\342\206\312\250\030"
ARM GAS  /tmp/ccZFNVNh.s 			page 11


 151      44078069 
 151      BFFCE286 
 151      CAA818
 152 02e7 26A6B046 		.ascii	"&\246\260F\304+\212 \001\016\341\027}\250\250z\222\320"
 152      C42B8A20 
 152      010EE117 
 152      7DA8A87A 
 152      92D0
 153 02f9 1554A0B5 		.ascii	"\025T\240\265\224\2376\022z\035O\227\211\374\264\216"
 153      949F3612 
 153      7A1D4F97 
 153      89FCB48E 
 154 0309 D02A51A0 		.ascii	"\320*Q\240\227\225\323jBs\302\004\272>\214\237\006\011"
 154      9795D36A 
 154      4273C204 
 154      BA3E8C9F 
 154      0609
 155 031b 9F159857 		.ascii	"\237\025\230W\203\"\335\245\\\210C\371\3477l\371\005"
 155      8322DDA5 
 155      5C8843F9 
 155      E7376CF9 
 155      05
 156 032c 6C41C54C 		.ascii	"lA\305L\234T\305_@\035\223\341\274b\243\242\205@\257"
 156      9C54C55F 
 156      401D93E1 
 156      BC62A3A2 
 156      8540AF
 157 033f 20F1EC70 		.ascii	" \361\354pE\013\224\021.\320\003\341\262!W\357Oo\211"
 157      450B9411 
 157      2ED003E1 
 157      B22157EF 
 157      4F6F89
 158 0352 63D66730 		.ascii	"c\326g0\343\017\316j<\026\326\226\361\327\220\370*7"
 158      E30FCE6A 
 158      3C16D696 
 158      F1D790F8 
 158      2A37
 159 0364 7E77F0EA 		.ascii	"~w\360\352~\242\033\177M7\276\005\004\3054\201^E\031"
 159      7EA21B7F 
 159      4D37BE05 
 159      04C53481 
 159      5E4519
 160 0377 CF702C8F 		.ascii	"\317p,\217\020hY\004\273\357\336\212\3034\201\327\260"
 160      10685904 
 160      BBEFDE8A 
 160      C33481D7 
 160      B0
 161 0388 6ABEBCAD 		.ascii	"j\276\274\255\0007\225\265F@K\336\265%\021:\361M\235"
 161      003795B5 
 161      46404BDE 
 161      B525113A 
 161      F14D9D
 162 039b F816977C 		.ascii	"\370\026\227|l\313\276\256L\331[|\251V\235X\332\330"
 162      6CCBBEAE 
 162      4CD95B7C 
 162      A9569D58 
 162      DAD8
ARM GAS  /tmp/ccZFNVNh.s 			page 12


 163 03ad 669CDD41 		.ascii	"f\234\335Amo\363{\226\035|\274\236\352\244wt\322\273"
 163      6D6FF37B 
 163      961D7CBC 
 163      9EEAA477 
 163      74D2BB
 164 03c0 F2521D45 		.ascii	"\362R\035E\365\256Fp\255\377\035\341\273\016\324\236"
 164      F5AE4670 
 164      ADFF1DE1 
 164      BB0ED49E 
 165 03d0 8D6CCBB3 		.ascii	"\215l\313\263\017\230g\357\313\236\355\011\317\370\217"
 165      0F9867EF 
 165      CB9EED09 
 165      CFF88F
 166 03df 409F30CB 		.ascii	"@\2370\313\216^\336\2749N\216\272\346`\315\307T\200"
 166      8E5EDEBC 
 166      394E8EBA 
 166      E660CDC7 
 166      5480
 167 03f1 41304080 		.ascii	"A0@\200\307\200\010\214\271G\000\017\345\212\273tQ\351"
 167      C780088C 
 167      B947000F 
 167      E58ABB74 
 167      51E9
 168 0403 C698CEC8 		.ascii	"\306\230\316\310<=\030\374ox\002\360=\300Y\231\371)"
 168      3C3D18FC 
 168      6F7802F0 
 168      3DC05999 
 168      F929
 169 0415 3076814E 		.ascii	"0v\201N\213\344z\\\346k^\030N\363\"\005\272%R\026qm"
 169      8BE47A5C 
 169      E66B5E18 
 169      4EF32205 
 169      BA255216 
 170 042b 51514EB4 		.ascii	"QQN\264\331y\323\010L'\232\363V\337\337Zj\323\355\304"
 170      D979D308 
 170      4C279AF3 
 170      56DFDF5A 
 170      6AD3EDC4 
 171 043f 2BAAE633 		.ascii	"+\252\3463\210\014\350\272\376\341\201O\243\373\260"
 171      880CE8BA 
 171      FEE1814F 
 171      A3FBB0
 172 044e 4F82FC85 		.ascii	"O\202\374\205D\367\313\327\256>\232\260ij08\255;\252"
 172      44F7CBD7 
 172      AE3E9AB0 
 172      696A3038 
 172      AD3BAA
 173 0461 01BF00CC 		.ascii	"\001\277\000\314#\232^\3118^\027d\306\225\005;/@p\361"
 173      239A5EC9 
 173      385E1764 
 173      C695053B 
 173      2F4070F1 
 174 0475 007419DC 		.ascii	"\000t\031\334`\030\225\233\001+\201\241V\025TpT\006"
 174      6018959B 
 174      012B81A1 
 174      56155470 
 174      5406
ARM GAS  /tmp/ccZFNVNh.s 			page 13


 175 0487 FC6C025D 		.ascii	"\374l\002]\007\215\251\274\240\214c0\331\256\230@\227"
 175      078DA9BC 
 175      A08C6330 
 175      D9AE9840 
 175      97
 176 0498 34504941 		.ascii	"4PIA\301\007u\270\222\270\236\367\254\3028O\221.\353"
 176      C10775B8 
 176      92B89EF7 
 176      ACC2384F 
 176      912EEB
 177 04ab 27AB2C54 		.ascii	"'\253,T\210\373\271Z\024\340c\202\271$\340\222\3110"
 177      88FBB95A 
 177      14E06382 
 177      B924E092 
 177      C930
 178 04bd 5C8F9904 		.ascii	"\\\217\231\004\346\020\370;\201Y\004\346\022\230O`!"
 178      E610F83B 
 178      815904E6 
 178      12984F60 
 178      21
 179 04ce 81D90416 		.ascii	"\201\331\004\026\020\310\221\353\260\254\301v\256\301"
 179      10C891EB 
 179      B0ACC176 
 179      AEC1
 180 04dc 0C025389 		.ascii	"\014\002S\211\221\375\242\256\301&\325'-\000\315&\025"
 180      91FDA2AE 
 180      C126D527 
 180      2D00CD26 
 180      15
 181 04ed 7ED04115 		.ascii	"~\320A\025\006s/[\315U\034\367\225n\314\217V&\004\321"
 181      06732F5B 
 181      CD551CF7 
 181      956ECC8F 
 181      562604D1 
 182 0501 9951F212 		.ascii	"\231Q\362\022_\316\255\254\217I\260X\266\210<\247eH"
 182      5FCEADAC 
 182      8F49B058 
 182      B6883CA7 
 182      6548
 183 0513 B1E94EF9 		.ascii	"\261\351N\371\2218=J\026\353\262>aQB\276k\311\373V\215"
 183      91383D4A 
 183      16EBB23E 
 183      615142BE 
 183      6BC9FB56 
 184 0528 D24282B3 		.ascii	"\322B\202\263Z8,!\254\274\360\020\275\017t)\323\251"
 184      5A382C21 
 184      ACBCF010 
 184      BD0F7429 
 184      D3A9
 185 053a F6D6C1B9 		.ascii	"\366\326\301\2716s\\\242\247\227\353qyx\345\312\235"
 185      36735CA2 
 185      A797EB71 
 185      7978E5CA 
 185      9D
 186 054b 9DCC0054 		.ascii	"\235\314\000T\330\000Xwc\315\\\320U\312\325U\312C\225"
 186      D8005877 
 186      63CD5CD0 
ARM GAS  /tmp/ccZFNVNh.s 			page 14


 186      55CAD555 
 186      CA4395
 187 055e E8E6282E 		.ascii	"\350\346(.\261\025\350\011&qO\313\202-\261:\376\211"
 187      B115E809 
 187      26714FCB 
 187      822DB13A 
 187      FE89
 188 0570 9ED00532 		.ascii	"\236\320\0052\376\216\202o\006\272\332&\320\2756~z\036"
 188      FE8E826F 
 188      06BADA26 
 188      D0BD367E 
 188      7A1E
 189 0582 E80D3C5D 		.ascii	"\350\015<]\030\255\324D\240\265\321\002\275\241\234"
 189      18ADD444 
 189      A0B5D102 
 189      BDA19C
 190 0591 3602FD2C 		.ascii	"6\002\375,F\240\207b\224\362\005\364\236r\230\304\276"
 190      46A08762 
 190      94F205F4 
 190      9E7298C4 
 190      BE
 191 05a2 8B806564 		.ascii	"\213\200ed\265\215.\357\304\347\013\201\026+\207\271"
 191      B58D2EEF 
 191      C4E70B81 
 191      162B87B9 
 192 05b2 408F7512 		.ascii	"@\217u\022\350\355N\254\024\324|^\025f6\267\214\300"
 192      E8ED4EAC 
 192      14D47C5E 
 192      156636B7 
 192      8CC0
 193 05c4 36DDDCE2 		.ascii	"6\335\334\342S\207s\014\255c\233n\356\327\262\372\363"
 193      5387730C 
 193      AD639B6E 
 193      EED7B2FA 
 193      F3
 194 05d5 6239E942 		.ascii	"b9\351B\240\245\261X\236\224\323 \257\3501L\215\363"
 194      A0A5B158 
 194      9E94D320 
 194      AFE8314C 
 194      8DF3
 195 05e7 284C998F 		.ascii	"(L\231\217\244\237\306\361j\361&]\243\034\015\240[\224"
 195      A49FC6F1 
 195      6AF1265D 
 195      A31C0DA0 
 195      5B94
 196 05f9 A3BEF49B 		.ascii	"\243\276\364\2338\201\036\307q\231\315\274\202\035\223"
 196      38811EC7 
 196      7199CDBC 
 196      821D93
 197 0608 B25F81DE 		.ascii	"\262_\201\336\214\223\265\271\273\342\247\336r\341\272"
 197      8C93B5B9 
 197      BBE2A7DE 
 197      72E1BA
 198 0617 1EAC9E1A 		.ascii	"\036\254\236\032&(\365\023\016\020\204`@\355'\260\217"
 198      2628F513 
 198      0E108460 
 198      40ED27B0 
ARM GAS  /tmp/ccZFNVNh.s 			page 15


 198      8F
 199 0628 D0FB78FF 		.ascii	"\320\373x\377\254x\364]<\336\321y\177\356\255\005\261"
 199      AC78F45D 
 199      3CDED179 
 199      7FEEAD05 
 199      B1
 200 0639 7DD43A22 		.ascii	"}\324:\"\333\321\260\250\3540\004g\016\220\227\342\020"
 200      DBD1B0A8 
 200      EC300467 
 200      0E9097E2 
 200      10
 201 064a C1A6C7EA 		.ascii	"\301\246\307\352\037\257\037\203X:\235\\\224Y\204\324"
 201      1FAF1F83 
 201      583A9D5C 
 201      945984D4 
 202 065a 0709D4B3 		.ascii	"\007\011\324\263\353j\231\226\021\325,\007JN/r\345\342"
 202      EB6A9996 
 202      11D52C07 
 202      4A4E2F72 
 202      E5E2
 203 066c 34527C1B 		.ascii	"4R|\033B\261\2330\300\031\015P\033\002\250\341\200S"
 203      42B19B30 
 203      C0190D50 
 203      1B02A8E1 
 203      8053
 204 067e 1AA02E04 		.ascii	"\032\240.\004\300\323\254\244I\003\354\015\001\354\341"
 204      C0D3ACA4 
 204      4903EC0D 
 204      01ECE1
 205 068d 0C6717B1 		.ascii	"\014g\027\261\254\307\\\375\206\001\324\205\251&,\241"
 205      ACC75CFD 
 205      8601D485 
 205      A9262CA1 
 206 069d F5C4AB22 		.ascii	"\365\304\253\"\260\023\263\241\221\241\320O\247\010"
 206      B013B3A1 
 206      91A1D04F 
 206      A708
 207 06ab 1C267084 		.ascii	"\034&p\204\300q\002'\010\034%p\214\300wj19\244\311m"
 207      C0710227 
 207      081C2570 
 207      8CC0776A 
 207      3139A4C9 
 208 06c0 0891FBBA 		.ascii	"\010\221\373\272@K\343\371Bv\347A\313\327\255:\2346"
 208      404BE3F9 
 208      4276E741 
 208      CBD7AD3A 
 208      9C36
 209 06d2 C52B8722 		.ascii	"\305+\207\"}\204\276_\371\033\016{\223Ob\373V&\"p\021"
 209      7D84BE5F 
 209      F91B0E7B 
 209      934F62FB 
 209      56262270 
 210 06e7 2B4EE4EC 		.ascii	"+N\344\354\214n\253g\375@\344\236u\205 \246\264y\321"
 210      8C6EAB67 
 210      FD40E49E 
 210      758520A6 
 210      B479D1
ARM GAS  /tmp/ccZFNVNh.s 			page 16


 211 06fa 716AEC3E 		.ascii	"qj\354>\227\010\267\353G\302p\002\275\2560\016\240\013"
 211      9708B7EB 
 211      47C27002 
 211      BDAE300E 
 211      A00B
 212 070c 3B63D7E9 		.ascii	";c\327\351\314\317\372\322#x\026L\220\203e\376\317g"
 212      CCCFFAD2 
 212      2378164C 
 212      908365FE 
 212      CF67
 213 071e 9BC01CDB 		.ascii	"\233\300\034\333?\023\270\241\307\366\211\025\345\245"
 213      3F13B8A1 
 213      C7F68915 
 213      E5A5
 214 072c 865E7B43 		.ascii	"\206^{Cwa+\257.\027\353\362\013bX\007o%\254\203\337"
 214      77612BAF 
 214      2E17EBF2 
 214      0B625807 
 214      6F25AC83 
 215 0741 2FAFDD44 		.ascii	"/\257\335D\264\016>Q\213\214[\250\325M~\317\311uK]:"
 215      B40E3E51 
 215      8B8C5BA8 
 215      D54D7ECF 
 215      C9754B5D 
 216 0756 E72D9DF3 		.ascii	"\347-\235\363\266\254u^\202@+p\\\302\221\223(\320\312"
 216      B6AC755E 
 216      82402B70 
 216      5CC29193 
 216      28D0CA
 217 0769 44AE773C 		.ascii	"D\256w<\275\210g9]\004\272\003\307%\0343\273\012tMW"
 217      BD886739 
 217      5D04BA03 
 217      C7251C33 
 217      BB0A744D 
 218 077e 64ECB3EA 		.ascii	"d\354\263\352\302\027E\021J\0274|\344\265\232\223\247"
 218      C2174511 
 218      4A17347C 
 218      E4B59A93 
 218      A7
 219 078f 86C07DAC 		.ascii	"\206\300}\254\375T\223u\232h\335\351\321r\025\362\314"
 219      FD549375 
 219      9A68DDE9 
 219      D17215F2 
 219      CC
 220 07a0 04490E09 		.ascii	"\004I\016\011\222sDnF\262\207\020\204A\3621\205\277"
 220      9273446E 
 220      46B28710 
 220      8441F231 
 220      85BF
 221 07b2 53984B61 		.ascii	"S\230Ka\021\205\031\024fQ\010R\310\241\260\220\302<"
 221      11851914 
 221      66510852 
 221      C8A1B090 
 221      C23C
 222 07c4 0A0B284C 		.ascii	"\012\013(L\2470\237\302\034\0123)"
 222      A7309FC2 
 222      1C0A3329 
ARM GAS  /tmp/ccZFNVNh.s 			page 17


 223 07d0 CCA6308D 		.ascii	"\314\2460\215*\361S\244\351t\301$\320\330{\027\344)"
 223      2AF153A4 
 223      E974C124 
 223      D0D87B17 
 223      E429
 224 07e2 DDE83681 		.ascii	"\335\3506\201\237L\250\353DG\315\312S\032M\001\201G"
 224      9F4CA8EB 
 224      4447CDCA 
 224      531A4D01 
 224      8147
 225 07f4 26D403CD 		.ascii	"&\324\003\315\276\326\225yz\317j6\201.\352Nx\2549\341"
 225      BED69579 
 225      7ACF6A36 
 225      812EEA4E 
 225      78AC39E1 
 226 0808 A9C5094A 		.ascii	"\251\305\011J\272\315\326\324~h\025\305;t\311\252\274"
 226      BACDD6D4 
 226      7E6815C5 
 226      3B74C9AA 
 226      BC
 227 0819 3039357E 		.ascii	"095~$p\231a\324\240\274\250+]R\240\361\\3\361\\5\030"
 227      24709961 
 227      D4A0BCA8 
 227      2B5D52A0 
 227      F15C33F1 
 228 0830 F674B962 		.ascii	"\366t\271b\330\327\004\236\230P\325\272a9\006\303\356"
 228      D8D7049E 
 228      9850D5BA 
 228      613906C3 
 228      EE
 229 0841 9A409B0C 		.ascii	"\232@\233\014\342\346j\342~\261F\200\202\311\3230-V"
 229      E2E66AE2 
 229      7EB14680 
 229      82C9D330 
 229      2D56
 230 0853 95B883E6 		.ascii	"\225\270\203\346k\220;\326\345\340\220y\032\344\236"
 230      6B903BD6 
 230      E5E09079 
 230      1AE49E
 231 0862 551BAEF2 		.ascii	"U\033\256\362\263\345\372\202=\266\332%o\015\366`X\237"
 231      B3E5FA82 
 231      3DB6DA25 
 231      6F0DF660 
 231      589F
 232 0874 93C39AE4 		.ascii	"\223\303\232\344\256m)\0167\247\347'\024\226P-=\247"
 232      AE6D290E 
 232      37A7E727 
 232      1496502D 
 232      3DA7
 233 0886 7F7DDAA1 		.ascii	"\177}\332\241g\322\022\235l)\206\032\275\207D\213\273"
 233      67D2129D 
 233      6C29861A 
 233      BD87448B 
 233      BB
 234 0897 61E6E368 		.ascii	"a\346\343h\350&\343w\235\270\267;\274\255\272\202\017"
 234      E826E377 
 234      9DB8B73B 
ARM GAS  /tmp/ccZFNVNh.s 			page 18


 234      BCADBA82 
 234      0F
 235 08a8 35585792 		.ascii	"5XW\222\345\366\177\262~K\254\\V\232\225\262\302\213"
 235      E5F67FB2 
 235      7E4BAC5C 
 235      569A95B2 
 235      C28B
 236 08ba 5B3E6520 		.ascii	"[>e \201\236F\262+\335x)\353N\357\340\331\214\356H\035"
 236      819E46B2 
 236      2BDD7829 
 236      EB4EEFE0 
 236      D98CEE48 
 237 08cf FF64DDDC 		.ascii	"\377d\335\334=\240f\240\254R\323\203\255\306&\362\031"
 237      3DA066A0 
 237      AC52D383 
 237      ADC626F2 
 237      19
 238 08e0 35351125 		.ascii	"55\021%\253\260(\360\010\201B*C0\253\212(\254\246\260"
 238      ABB028F0 
 238      0881422A 
 238      4330AB8A 
 238      28ACA6B0 
 239 08f4 96C21714 		.ascii	"\226\302\027\024\326PXG\341s9o\344\340:\367`\242\034"
 239      D6505847 
 239      E173396F 
 239      E4E03AF7 
 239      60A21C
 240 0907 5CF914F2 		.ascii	"\\\371\024\362\250\231P\351\030g8\200\267\024\023`%"
 240      A89950E9 
 240      18673880 
 240      B7141360 
 240      25
 241 0918 E50DE181 		.ascii	"\345\015\341\201[\351[\005\214\301\330\267\224P8\255"
 241      5BE95B05 
 241      8CC1D8B7 
 241      945038AD 
 242 0928 71AC0A11 		.ascii	"q\254\012\021\2424\266\3575\300\247!\000\245\261\235"
 242      A234B6EF 
 242      35C0A721 
 242      00A5B19D 
 243 0938 D2000D21 		.ascii	"\322\000\015!Z`{\370\274\273@\313q4\312^\353|\243\361"
 243      5A607BF8 
 243      BCBB40CB 
 243      7134CA5E 
 243      EB7CA3F1 
 244 094c EEA968B5 		.ascii	"\356\251h\265\\%\260\336\253f\364R*\357\020\266\266"
 244      5C25B0DE 
 244      AB66F452 
 244      2AEF10B6 
 244      B6
 245 095d 19AFAD3B 		.ascii	"\031\257\255;\015\221\277\301\204\322\367\370\373\363"
 245      0D91BFC1 
 245      84D2F7F8 
 245      FBF3
 246 096b F4145A6E 		.ascii	"\364\024Zn\302<0D\376.\036\263\031\260\336\004\321\263"
 246      C23C3044 
 246      FE2E1EB3 
ARM GAS  /tmp/ccZFNVNh.s 			page 19


 246      19B0DE04 
 246      D1B3
 247 097d ACE4609E 		.ascii	"\254\344`\236\272u^f\325\207\213\2522\250\363\245E\035"
 247      BA755E66 
 247      D5878BAA 
 247      32A8F3A5 
 247      451D
 248 098f A5349CCA 		.ascii	"\2454\234\312\013\223y0\344\317\023\031\302\313\251"
 248      0B937930 
 248      E4CF1319 
 248      C2CBA9
 249 099e 961D32A4 		.ascii	"\226\0352\244>/L^\036\364Y.cQ\253G\265^a\224Z|\226\300"
 249      3E2F4C5E 
 249      1EF4592E 
 249      6351AB47 
 249      B55E6194 
 250 09b6 19C27662 		.ascii	"\031\302vb[Y\324l\242\260\231\302W\024J)\024S(\241\260"
 250      5B59D46C 
 250      A2B099C2 
 250      57144A29 
 250      145328A1 
 251 09cb 91C2162A 		.ascii	"\221\302\026*(\273\333D\376\374\005\364\252\354vR\366"
 251      28BBDB44 
 251      FEFC05F4 
 251      AAEC7652 
 251      F6
 252 09dc F3E392B0 		.ascii	"\363\343\222\260\266\362\240\234\345\301\000\204\334"
 252      B6F2A09C 
 252      E5C10084 
 252      DC
 253 09e9 9CFF7466 		.ascii	"\234\377tf\204\261\275\252\241RA\031L\240\323\177\213"
 253      84B1BDAA 
 253      A1524119 
 253      4CA0D37F 
 253      8B
 254 09fa CFC238D6 		.ascii	"\317\3028\326\340(\306\261\003\307\036\034\2158N\341"
 254      E028C6B1 
 254      03C71E1C 
 254      8D384EE1 
 255 0a0a B88AE301 		.ascii	"\270\212\343\001\216\331/\010t\031\216\202\027Pt\322"
 255      8ED92F08 
 255      74198E82 
 255      175074D2 
 256 0a1a B5929D19 		.ascii	"\265\222\235\031\241}JO\206m\024\312\220\177\017\205"
 256      A17D4A4F 
 256      866D14CA 
 256      907F0F85 
 257 0a2a BDCCAC13 		.ascii	"\275\314\254\023\024\352)\034\243p\204\302~\012\207"
 257      14EA291C 
 257      A37084C2 
 257      7E0A87
 258 0a39 293450D8 		.ascii	")4P\330G\3418\205C\024\016R8@\241\216\302Q\012\215j"
 258      47E13885 
 258      43140E52 
 258      3840A18E 
 258      C2510A8D 
 259 0a4e 73D9F148 		.ascii	"s\331\361H\215\276\355\214\205G\237\336\016J\326k\000"
ARM GAS  /tmp/ccZFNVNh.s 			page 20


 259      8DBEED8C 
 259      85479FDE 
 259      0E4AD66B 
 259      00
 260 0a5f 4CCBBDD4 		.ascii	"L\313\275\324\262\267\373\352\221\232#\325\214@5\334"
 260      B2B7FBEA 
 260      919A23D5 
 260      8C4035DC 
 261 0a6f 10121B35 		.ascii	"\020\022\0335\212Zj\246P6^\3335\300\016\003\2001(\251"
 261      8A5A6AA6 
 261      50365EDB 
 261      35C00E03 
 261      803128A9 
 262 0a83 5AA92176 		.ascii	"Z\251!v\206\"\2244\252\320\364\250\262\352\241Do\261"
 262      86229434 
 262      AAD0F4A8 
 262      B2EAA144 
 262      6FB1
 263 0a95 C6F24D88 		.ascii	"\306\362M\210\"(F\216\250\252G\242\014\250`%\303@\302"
 263      2228468E 
 263      A8AA47A2 
 263      0CA86025 
 263      C340C2
 264 0aa8 FCA124F4 		.ascii	"\374\241$\364&\215\244&\204D\321d\203\006\330\035\002"
 264      268DA426 
 264      8444D164 
 264      8306D81D 
 264      02
 265 0ab9 50D4D8A9 		.ascii	"P\324\330\251\001*C}\316}\372\245f\313\267&5\014e\245"
 265      012A437D 
 265      CE7DFAA5 
 265      66CBB726 
 265      350C65A5 
 266 0acd 5C83ECB2 		.ascii	"\\\203\354\262\232\253`\212\036\031*\313\336\220\312"
 266      9AAB608A 
 266      1E192ACB 
 266      DE90CA
 267 0adc 528131D6 		.ascii	"R\2011\326 \307X\367\202c\345\347\210\341\305\000\333"
 267      20C758F7 
 267      8263E5E7 
 267      88E1C500 
 267      DB
 268 0aed 08CDCB57 		.ascii	"\010\315\313W\233\323w\230{m\024\214\222<\015\321D\214"
 268      9BD37798 
 268      7B6D148C 
 268      923C0DD1 
 268      448C
 269 0aff 881D7A82 		.ascii	"\210\035z\202\346\347\263\034\306=\357.\006\341\373"
 269      E6E7B31C 
 269      C63DEF2E 
 269      06E1FB
 270 0b0e 6605A238 		.ascii	"f\005\2428\243H\243)7\321\224\352\365\342\313|\2754"
 270      A348A329 
 270      37D194EA 
 270      F5E2CB7C 
 270      BD34
 271 0b20 6DB58278 		.ascii	"m\265\202x\246\267\316\317/\213\012\316\031\300R\201"
ARM GAS  /tmp/ccZFNVNh.s 			page 21


 271      A6B7CECF 
 271      2F8B0ACE 
 271      19C05281 
 272 0b30 A9CCB3C3 		.ascii	"\251\314\263\303XT\224j\360\025\201b\302\232\3439\226"
 272      5854946A 
 272      F0158162 
 272      C29AE339 
 272      96
 273 0b41 36A7287C 		.ascii	"6\247(|\217e\206B\023\205\323\024.S\270H\341\014\205"
 273      8F658642 
 273      1385D314 
 273      2E53B848 
 273      E10C85
 274 0b54 B3142E60 		.ascii	"\263\024.`UQ\373I.\267\006+\310\367L\011^TL{\303\015"
 274      5551FB49 
 274      2EB7062B 
 274      C8F74C09 
 274      5E544C7B 
 275 0b6a 9A315B4C 		.ascii	"\2321[Lzn\326\215Y\245\032\203\025\262\322\004\2520"
 275      7A6ED68D 
 275      59A51A83 
 275      15B2D204 
 275      AA30
 276 0b7c 54EC8DF9 		.ascii	"T\354\215\371z\211<I-T\012\252\300\300\265\335\312\205"
 276      7A893C49 
 276      2D540AAA 
 276      C0C0B5DD 
 276      CA85
 277 0b8e ABDC22AF 		.ascii	"\253\334\"\2570Y\261\362\360\251\350\004\213\003\256"
 277      3059B1F2 
 277      F0A9E804 
 277      8B03AE
 278 0b9d FC030E60 		.ascii	"\374\003\016`u\261\017\257\213\204>\302\340Y\320C\240"
 278      75B10FAF 
 278      8B843EC2 
 278      E059D043 
 278      A0
 279 0bae 253DDA7A 		.ascii	"%=\332z\211\370\335\275;\263\370\371v\200\353\224\356"
 279      89F8DDBD 
 279      3BB3F8F9 
 279      7680EB94 
 279      EE
 280 0bbf 61A8434D 		.ascii	"a\250CM;\327\306\204<=P\270\241oO\012\213>[ox\257xC"
 280      3BD7C684 
 280      3C3D50B8 
 280      A16F4F0A 
 280      8B3E5B6F 
 281 0bd7 B7A695F2 		.ascii	"\267\246\225\362G\347\305\347\347F\360\247\007\012?"
 281      47E7C5E7 
 281      E746F0A7 
 281      070A3F
 282 0be6 519CA9AA 		.ascii	"Q\234\251\252]\260\276S[/\000oaY\274\311\357\372b\372"
 282      5DB0BE53 
 282      5B2F006F 
 282      6159BCC9 
 282      EFFA62FA 
 283 0bfa 9562C343 		.ascii	"\225b\303C\311-\235\366\266\\\227\233\320\214{8f\366"
ARM GAS  /tmp/ccZFNVNh.s 			page 22


 283      C92D9DF6 
 283      B65C979B 
 283      D08C7B38 
 283      66F6
 284 0c0c C4FA8CA3 		.ascii	"\304\372\214\243\014\307\021\034?\364\224o\256\251\250"
 284      0CC7111C 
 284      3FF4946F 
 284      AEA9A8
 285 0c1b 3F0BAA48 		.ascii	"?\013\252H\331\266\233\037\357h\022\333\222\370\030"
 285      D9B69B1F 
 285      EF6812DB 
 285      92F818
 286 0c2a 253EE212 		.ascii	"%>\342\022[v\324\024E\352\022\037\353\022\2370@\342"
 286      5B76D414 
 286      45EA121F 
 286      EB129F30 
 286      40E2
 287 0c3c D4E37B5A 		.ascii	"\324\343{Z\242\265tc\373\237}\206\005\277K\341c\261"
 287      A2B57463 
 287      FB9F7D86 
 287      05BF4BE1 
 287      63B1
 288 0c4e ADADF9C1 		.ascii	"\255\255\371\301|\355E\3215\023\306\330\354\367\033"
 288      7CED45D1 
 288      3513C6D8 
 288      ECF71B
 289 0c5d 98EE5899 		.ascii	"\230\356X\231L\231\320L\341G\312\326\001a\030\010\323"
 289      4C99D04C 
 289      E147CAD6 
 289      01611808 
 289      D3
 290 0c6e 44982EC2 		.ascii	"D\230.\302\337E\230!\302S|@\021a\246\010\317(L\025y"
 290      DF459821 
 290      C2537C40 
 290      1161A608 
 290      CF284C15 
 291 0c83 BB683D99 		.ascii	"\273h=\231\257<g<\241\360\320Dn\330\265V\251\032\240"
 291      AF3C673C 
 291      A1F0D044 
 291      6ED8B556 
 291      A91AA0
 292 0c96 7B1E9840 		.ascii	"{\036\230@z\365\330\225\257\276\343\273oA(\225\241^"
 292      7AF5D895 
 292      AFBEE3BB 
 292      6F412895 
 292      A15E
 293 0ca8 83DC3341 		.ascii	"\203\3343A\014\025\275\365\200\252\317m\012-V\227p}"
 293      0C15BDF5 
 293      80AACF6D 
 293      0A2D5697 
 293      707D
 294 0cba EA0CFAFC 		.ascii	"\352\014\372\374b\245\3024\231\332K^\267m\217*\363c"
 294      62A5C234 
 294      99DA4B5E 
 294      B76D8F2A 
 294      F363
 295 0ccc 132CDE99 		.ascii	"\023,\336\231%>\217w\350\202^\312\213*\376\177\220`"
ARM GAS  /tmp/ccZFNVNh.s 			page 23


 295      253E8F77 
 295      E8825ECA 
 295      8B2AFE7F 
 295      9060
 296 0cde 37BA96B1 		.ascii	"7\272\226\261\256\334\330\260\321\360\302\247^\177_"
 296      AEDCD8B0 
 296      D1F0C2A7 
 296      5E7F5F
 297 0ced 355F64E1 		.ascii	"5_d\3412g\341\315B\036c\363E\376\022\276qeK,\233\300"
 297      3267E1CD 
 297      421E63F3 
 297      45FE12BE 
 297      71654B2C 
 298 0d03 6DFF0211 		.ascii	"m\377\002\021g\366/\235Y\334I\375'\305By&x\253q\237"
 298      67F62F9D 
 298      59DC49FD 
 298      27C54279 
 298      2678AB71 
 299 0d18 A8CE2C92 		.ascii	"\250\316,\222g\216_?\335lSg\026\3133-\317\2265D\253"
 299      678E5F3F 
 299      DD6C5367 
 299      16CB332D 
 299      CF963544 
 300 0d2d 339FC833 		.ascii	"3\237\3103\367\026/\377\245\315\027\346K\321\334%\\"
 300      F7162FFF 
 300      A5CD17E6 
 300      4BD1DC25 
 300      5C
 301 0d3e 9D67C717 		.ascii	"\235g\307\027=\016\323\365]\252{k\031\003\374kM\323"
 301      3D0ED3F5 
 301      5DAA7B6B 
 301      1903FC6B 
 301      4DD3
 302 0d50 EAB5A48F 		.ascii	"\352\265\244\217\345c\330\246\260~\\\252\226\302u\004"
 302      E563D8A6 
 302      B07E5CAA 
 302      96C27504 
 303 0d60 D6EB246B 		.ascii	"\326\353$k\364jyN\2034\200\021\262O\177\025\\\257AV"
 303      F46A794E 
 303      83348011 
 303      B24F7F15 
 303      5CAF4156 
 304 0d74 985896EA 		.ascii	"\230X\226\352,M\032\344;\023\313\011\375\361\270\344"
 304      2C4D1AE4 
 304      3B13CB09 
 304      FDF1B8E4 
 305 0d84 2B0DF3A5 		.ascii	"+\015\363\245\211\246H\247\371^\203\0346\3214\032hN"
 305      89A648A7 
 305      F95E831C 
 305      36D1341A 
 305      684E
 306 0d96 6B98E326 		.ascii	"k\230\343&\314Q]\3413\032\344\230\025\242\004ms\251"
 306      CC515DE1 
 306      331AE498 
 306      15A2046D 
 306      73A9
 307 0da8 12B48700 		.ascii	"\022\264\207\000\366[-WP\305\245\372\263\337F\223\326"
ARM GAS  /tmp/ccZFNVNh.s 			page 24


 307      F65B2D57 
 307      50C5A5FA 
 307      B3DF4693 
 307      D6
 308 0db9 1B0C09B0 		.ascii	"\033\014\011\260\275T\317\366/L\250\317t\333\0324\245"
 308      BD54CFF6 
 308      2F4CA8CF 
 308      74DB1A34 
 308      A5
 309 0dca 4E9BC49D 		.ascii	"N\233\304\235\322\337TW\031\244\025\232xV\031\232u9"
 309      D2DF5457 
 309      19A4159A 
 309      7856199A 
 309      7539
 310 0ddc 2742CC7A 		.ascii	"'B\314z\253\037\225>\274\251\024\3730\022\375\200\373"
 310      AB1F953E 
 310      BCA914FB 
 310      3012FD80 
 310      FB
 311 0ded 6A06E2DD 		.ascii	"j\006\342\335\306\364\224\335zP\025\227\207\317\011"
 311      C6F494DD 
 311      7A501597 
 311      87CF09
 312 0dfc D69555C4 		.ascii	"\326\225U\304\325i\342>5a\362\015LW\015\016\370\326"
 312      D569E23E 
 312      3561F20D 
 312      4C570D0E 
 312      F8D6
 313 0e0e 64DD6E50 		.ascii	"d\335nP7\"J>\317\023a.\376\314\021e\024\346s\211\010"
 313      37224A3E 
 313      CF13612E 
 313      FECC1165 
 313      14E67389 
 314 0e23 6B442814 		.ascii	"kD(\024!_\204/DX.B\251\010\253E\370R\204-\"|.\302&\021"
 314      215F842F 
 314      44582E42 
 314      A908AB45 
 314      F852842D 
 315 0e3d D6899027 		.ascii	"\326\211\220'\302Z\021\212E\370\014m\021a\203\010+D"
 315      C25A118A 
 315      45F80C6D 
 315      11618308 
 315      2B44
 316 0e4f 281061A5 		.ascii	"(\020a\245\010\033E\370T\204\\\021V\211P$\302f\265L"
 316      081B45F8 
 316      54845C11 
 316      56895024 
 316      C266B54C 
 317 0e63 EE3078F3 		.ascii	"\3560x\363s\353\252(\252\2372\250~\322\032\273|\355"
 317      73EBAA28 
 317      AA9F32A8 
 317      7ED21ABB 
 317      7CED
 318 0e75 CE6A6B77 		.ascii	"\316jkw\304\032\227J-\325 +\255nb\016h=TZ\301\026e\011"
 318      C41A974A 
 318      2DD5202B 
 318      AD6E620E 
ARM GAS  /tmp/ccZFNVNh.s 			page 25


 318      683D545A 
 319 0e8d EE12188D 		.ascii	"\356\022\030\215\372V\377\214\036\002'\015\3524Y\343"
 319      FA56FF8C 
 319      1E02270D 
 319      EA3459E3 
 320 0e9d 44792EDB 		.ascii	"Dy.\333X\312vA\263E\270Je\014/\222\306'\311kjx/\023"
 320      58CA7641 
 320      B345B84A 
 320      650C2F92 
 320      C627C96B 
 321 0eb5 2147B4AC 		.ascii	"!G\264\254\210\372Lj\220\266\332\032p\234\252\322\340"
 321      88FA4C6A 
 321      90B6DA1A 
 321      709CAAD2 
 321      E0
 322 0ec6 C7B5D632 		.ascii	"\307\265\3262\"\277\3778\316\212\354\372\003W\033:%"
 322      22BFFF38 
 322      CE8AECFA 
 322      03571B3A 
 322      25
 323 0ed7 58967AEB 		.ascii	"X\226z\353\377\357R\313\305\273`\217\341\377)e\272\202"
 323      FFEF52CB 
 323      C5BB608F 
 323      E1FF2965 
 323      BA82
 324 0ee9 DB7835BD 		.ascii	"\333x5\275\264xcU\247\227O\006\203\367W\3348Z\326\247"
 324      B4786355 
 324      A7974F06 
 324      83F757DC 
 324      385AD6A7 
 325 0efd 765AE13B 		.ascii	"vZ\341;x\011j\345\377zj\330Z\340\377\252\274]\327l\350"
 325      78096AE5 
 325      FF7A6AD8 
 325      5AE0FFAA 
 325      BC5DD76C 
 326 0f12 14B375B2 		.ascii	"\024\263u\262rN\326p \367R'\303\377\016t@\205\254\316"
 326      724ED670 
 326      20F75227 
 326      C3FF0E74 
 326      4085ACCE 
 327 0f26 BBFDFB27 		.ascii	"\273\375\373'\373\235\223\222\375\201\314A\003\223S"
 327      FB9D9392 
 327      FD81CC41 
 327      039353
 328 0f35 C68F1A34 		.ascii	"\306\217\0324\320>!\345?\376j\037\351J\3659|S\222\323"
 328      D03E21E5 
 328      3FFE6A1F 
 328      E94AF539 
 328      7C5392D3 
 329 0f49 BC99995E 		.ascii	"\274\231\231^\017\376\370\244d\277/-9\373#\273S\372"
 329      0FFEF8A4 
 329      64BF2F2D 
 329      39FB23BB 
 329      53FA
 330 0f5b D09526D9 		.ascii	"\320\225&\331\375\001G\332${\300\341\237\344\267\373"
 330      FD0147DA 
 330      247BC0E1 
ARM GAS  /tmp/ccZFNVNh.s 			page 26


 330      9FE4B7FB 
 331 0f6b B23DFDD3 		.ascii	"\262=\375\323\"\337\036=!i\350\353o\010\342\204\021"
 331      22DF1E3D 
 331      2169E8EB 
 331      6F08E284 
 331      11
 332 0f7c A3C7273A 		.ascii	"\243\307':|\231\037\276\331/\263\177\246\303\345y\315"
 332      7C991FBE 
 332      D92FB37F 
 332      A6C3E579 
 332      CD
 333 0f8d E9CF7A2D 		.ascii	"\351\317z-=K\210F\236\200\364Q\277\314A\203\204\027"
 333      3D4B8846 
 333      9E80F451 
 333      BFCC4183 
 333      8417
 334 0f9f EC       		.ascii	"\354"
 335 0fa0 ED72BD91 		.ascii	"\355r\275\221\234\351\011$\247%\0072\263\222\235\256"
 335      9CE90924 
 335      A7250732 
 335      B3929DAE 
 336 0fb0 2CB73773 		.ascii	",\2677s\222#9\340\363f\271\322\006\274\336\217\351\232"
 336      922339E0 
 336      F366B9D2 
 336      06BCDE8F 
 336      E99A
 337 0fc2 FDA77ED9 		.ascii	"\375\247~\331\376\324~x\377$W\240_\372\344dGV\2260\362"
 337      FED47E78 
 337      FF2457A0 
 337      5FFAE464 
 337      47569630 
 338 0fd7 FFD01A21 		.ascii	"\377\320\032!^\326\317?\305\037\2202\355~\267\343C\351"
 338      5ED6CF3F 
 338      C51F9032 
 338      ED7EB7E3 
 338      43E9
 339 0fe9 E59073F5 		.ascii	"\345\220s\365\326\017%\217\323\353\263\373\244\017\262"
 339      D60F258F 
 339      D3EBB3FB 
 339      A40FB2
 340 0ff8 257F206C 		.ascii	"%\177 l\302\3101\243"
 340      C2C831A3 
 341 1000 DF7E2914 		.ascii	"\337~)\024\2336\321\341\311\220\354\351\331\236\264"
 341      9B36D1E1 
 341      C990ECE9 
 341      D99EB4
 342 100f 80CBEBB1 		.ascii	"\200\313\353\261\\W\270\234\351\331\366L\257S\352\333"
 342      5C57B89C 
 342      E9D9F64C 
 342      AF53EADB 
 343 101f C1755435 		.ascii	"\301uT5 \3313\035i\023]\236\016\201\001\237\303\343"
 343      20D9331D 
 343      69135D9E 
 343      0E81019F 
 343      C3E3
 344 1031 4F977C76 		.ascii	"O\227|v\277\353o\322\037:\000:%\264~\242=\340\312\224"
 344      BFEB6FD2 
ARM GAS  /tmp/ccZFNVNh.s 			page 27


 344      1F3A003A 
 344      25B47EA2 
 344      3DE0CA94 
 345 1045 BCD98157 		.ascii	"\274\331\201W;@\2469\262\034\251.\267+\340\222\374\026"
 345      3B40A639 
 345      B21CA92E 
 345      B72BE092 
 345      FC16
 346 1057 7FF8A44C 		.ascii	"\177\370\244L/j6\3311I\312\316\262K\036G\252[rZ\024"
 346      2F6A36D9 
 346      3149CACE 
 346      B24B1E47 
 346      AA5B725A 
 347 106c 34A334C2 		.ascii	"4\2434\302)=B\201Y\336\311\262\356\262\265]B\257\371"
 347      293D4281 
 347      59DEC9B2 
 347      EEB2B55D 
 347      42AFF9
 348 107f B324C969 		.ascii	"\263$\311iQ\300\345\011H\276t\007\352\232\346v\370\375"
 348      51C0E509 
 348      48BE7407 
 348      EA9AE676 
 348      F8FD
 349 1091 7687CFE7 		.ascii	"v\207\317\347\230\362{\031\305\327\200M\246y=\351\256"
 349      98F27B19 
 349      C5D7804D 
 349      A6793DE9 
 349      AE
 350 10a2 8C6C9F43 		.ascii	"\214l\237C^\007\273';3U\362\275\024\202\321\211\370"
 350      5E07BB27 
 350      3B3355F2 
 350      BD1482D1 
 350      89F8
 351 10b4 F5DEED5E 		.ascii	"\365\336\355^\317r\370\034\231\022\236\365\014\201\310"
 351      CF72F81C 
 351      99129EF5 
 351      0C81C8
 352 10c3 A1A42D77 		.ascii	"\241\244-w\227P\035\334.\311\023\350faEc=iR\257\220"
 352      97501DDC 
 352      2EC913E8 
 352      66614563 
 352      3D6952AF 
 353 10d8 7984FAA6 		.ascii	"y\204\372\246h\\\275&\374\325\2362r\310{\303\355CG\016"
 353      685CBD26 
 353      FCD59E32 
 353      72C87BC3 
 353      ED43470E 
 354 10ec 4949B10F 		.ascii	"II\261\017\0353j\324\220\321\303\354)\343\307M\030:"
 354      1D336AD4 
 354      90D1C3EC 
 354      29E3C74D 
 354      183A
 355 10fe 3E5492EC 		.ascii	">T\222\354\276l\177B\310\254\007u\016\2330\364\235!"
 355      BE6C7F42 
 355      C8AC0775 
 355      0E9B30F4 
 355      9D21
ARM GAS  /tmp/ccZFNVNh.s 			page 28


 356 1110 E3BA84B0 		.ascii	"\343\272\204\260q\226\356\355\331\373[\015\216)>|\334"
 356      7196EEED 
 356      D9FB5B0D 
 356      8E293E7C 
 356      DC
 357 1121 5B43860E 		.ascii	"[C\206\016Wn\371\313?\222{.\017\313=G\226\253\377D!"
 357      576EF9CB 
 357      3F927B2E 
 357      0FCB3D47 
 357      96ABFF44 
 358 1136 D6AC8225 		.ascii	"\326\254\202%\016\014k\331\307\022\232\030\223\351\362"
 358      0E0C6BD9 
 358      C7129A18 
 358      93E9F2
 359 1145 0A4CF6FA 		.ascii	"\012L\366\372&\331\335\222'#0\261W\207\240?\206^ucb"
 359      26D9DD92 
 359      272330B1 
 359      5787A03F 
 359      865E7563 
 360 115a 663B3037 		.ascii	"f;07]N\013\225%\302\332\004[\022\306\037\360\271<\031"
 360      5D4E0B95 
 360      25C2DA04 
 360      5B12C61F 
 360      F0B93C19 
 361 116e 16B6A45F 		.ascii	"\026\266\244_\303\015l'\363B\211\354\023]\031\023y\016"
 361      C30D6C27 
 361      F34289EC 
 361      135D1913 
 361      790E
 362 1180 BCF6ABB7 		.ascii	"\274\366\253\267\350\330\347\246O\317v\273\237\227^"
 362      E8D8E7A6 
 362      4FCF76BB 
 362      9F975E
 363 118f C7B65737 		.ascii	"\307\266W7~\325\015\241\270\256m\003^\326\202R\271\001"
 363      7ED50DA1 
 363      B8AE6D03 
 363      5ED68252 
 363      B901
 364 11a1 EB6E9617 		.ascii	"\353n\226\027C\323\217\245\302\353VR\365\305\216Q\335"
 364      43D38FA5 
 364      C2EB5652 
 364      F5C58E51 
 364      DD
 365 11b2 B5601B3E 		.ascii	"\265`\033>z\330\3301\030\305J\374\276\022z\237\026\363"
 365      7AD8D831 
 365      18C54AFC 
 365      BE127A9F 
 365      16F3
 366 11c4 26FA977E 		.ascii	"&\372\227~\005f\271\236\356\362\371\003:\252o\350us"
 366      0566B99E 
 366      EEF2F903 
 366      3AAA6FE8 
 366      7573
 367 11d6 39724AFE 		.ascii	"9rJ\3764\237++\340\365E\216r|4V\256\2001\251\231C\002"
 367      349F2B2B 
 367      E0F5458E 
 367      727C3456 
ARM GAS  /tmp/ccZFNVNh.s 			page 29


 367      AE8031A9 
 368 11ed 1828A9D9 		.ascii	"\030(\251\331\001\311\037\353\032j\304'\244\232N\337"
 368      01C91FEB 
 368      1A6AC427 
 368      A49A4EDF 
 369 11fd 73B8B3A5 		.ascii	"s\270\263\245\330\324\321\331\231#4\255b&\217\367\006"
 369      D8D4D1D9 
 369      992334AD 
 369      62268FF7 
 369      06
 370 120e 1CEE91CC 		.ascii	"\034\356\221\314\365\341\023R\336\0313n|\\\3520M\316"
 370      F5E11352 
 370      DE19336E 
 370      7C5CEA30 
 370      4DCE
 371 1220 F8295952 		.ascii	"\370)YRD*\277\334\033\2353t\314\350\267F\274=a\334\220"
 371      442ABFDC 
 371      1B9D3374 
 371      CCE8B746 
 371      BC3D61DC 
 372 1235 F123C68C 		.ascii	"\361#\306\214\266\017\033\2362t\334\210\261\343\307"
 372      B60F1B9E 
 372      3274DC88 
 372      B1E3C7
 373 1244 8C6BCF4D 		.ascii	"\214k\317Mf\375\375\222[J\013H\316\2446`\330\300\335"
 373      66FDFD92 
 373      5B4A0B48 
 373      CEA43660 
 373      D8C0DD
 374 1257 DA6AE815 		.ascii	"\332j\350\025U\235\321\333\225\322I\373i\220\320+JU"
 374      559DD1DB 
 374      95D249FB 
 374      6990D02B 
 374      4A55
 375 1269 B3674D74 		.ascii	"\263gMt\370q\0052<XS^\352\000-\005\262\263~\337\376"
 375      F8710532 
 375      3C58535E 
 375      EA002D05 
 375      B2B37EDF 
 376 127e F574AF0F 		.ascii	"\365t\257\0175\374\233;\353w\355c\224\336\330\221\024"
 376      35FC9B3B 
 376      EB77ED63 
 376      94DED891 
 376      14
 377 128f B95175A0 		.ascii	"\271Qu\2403\326\277,\267\304\274\244\226r=\030\307\217"
 377      33D6BF2C 
 377      B7C4BCA4 
 377      96723D18 
 377      C78F
 378 12a1 1B323AE5 		.ascii	"\0332:\345\255\341\252\227;\020\303l\376\303s\211I\303"
 378      ADE1AA97 
 378      3B10C36C 
 378      FEC37389 
 378      49C3
 379 12b3 8D440748 		.ascii	"\215D\007Hm\202\247\345\037\333G\272<\241\340W\333\007"
 379      6D82A7E5 
 379      1FDB47BA 
ARM GAS  /tmp/ccZFNVNh.s 			page 30


 379      3CA1E057 
 379      DB07
 380 12c5 3BD202D9 		.ascii	";\322\002\331\016\267\202\373\227\366q\312\257\344T"
 380      0EB782FB 
 380      97F671CA 
 380      AFE454
 381 12d4 A0FD3BB0 		.ascii	"\240\375;\260)\333\347\303&hw:\002\016;\013\026\311"
 381      29DBE7C3 
 381      2668773A 
 381      020E3B0B 
 381      16C9
 382 12e6 F74AFB70 		.ascii	"\367J\373p#\254w\37305\360^\354\300E\230\034I\277\026"
 382      23AC77FB 
 382      3035F05E 
 382      ECC04598 
 382      1C49BF16 
 383 12fa 86DDADA1 		.ascii	"\206\335\255\241\314\203\276\253\266\274\303\206\277"
 383      CC83BEAB 
 383      B6BCC386 
 383      BF
 384 1307 3742EB94 		.ascii	"7B\353\224=\254x\255<\274d\275\346\221>\322u\355\331"
 384      3DAC78AD 
 384      3CBC64BD 
 384      E6913ED2 
 384      75EDD9
 385 131a 962C3595 		.ascii	"\226,5\225\243\355\0167&\003\333\356E\245\262\022\360"
 385      A3ED0E37 
 385      2603DBEE 
 385      45A5B212 
 385      F0
 386 132b A1C31D3B 		.ascii	"\241\303\035;Y\256$\270\273\225\002)x!>u\270r\347\020"
 386      59AE24B8 
 386      BB950229 
 386      78213E75 
 386      B872E710 
 387 133f A7D327F9 		.ascii	"\247\323'\371\375\362~B\253\205\226|O\264\012\224\234"
 387      FDF27E42 
 387      AB85967C 
 387      4FB40A94 
 387      9C
 388 1350 DDAC932C 		.ascii	"\335\254\223,\372\333\360\004w\321\013\241\345@W\272"
 388      FADBF004 
 388      77D10BA1 
 388      E54057BA 
 389 1360 B35CAE4C 		.ascii	"\263\\\256LU\314\337\311\225\"\371\\\016\367hVq#]c}"
 389      55CCDFC9 
 389      9522F95C 
 389      0EF76856 
 389      71235D63 
 390 1375 5E67765A 		.ascii	"^gvZ\240\223k\224\303\223\235.\307\227O\362E\245\246"
 390      A0936B94 
 390      C3939D2E 
 390      C7974FF2 
 390      45A5A6
 391 1388 398731B2 		.ascii	"9\2071\262(\227SAD\272\234\357\261\315x\\\252\311\346"
 391      28975341 
 391      44BA9CEF 
ARM GAS  /tmp/ccZFNVNh.s 			page 31


 391      B1CD785C 
 391      AAC9E6
 392 139b 0172C193 		.ascii	"\001r\301\223\241\210\013x\323\274n\365<%;u\250\274"
 392      A1880B78 
 392      D3BC6EF5 
 392      3C253B75 
 392      A8BC
 393 13ad BB8851CE 		.ascii	"\273\210Q\316\331I82\343\316\245\007\372EY7\213W\272"
 393      D9493832 
 393      E3CEA507 
 393      FA455937 
 393      8B57BA
 394 13c0 84DAC3CC 		.ascii	"\204\332\303\314\357\021:k\330\301\306\205\304B\202"
 394      EF113A6B 
 394      D8C1C685 
 394      C44282
 395 13cf A5C7A519 		.ascii	"\245\307\245\031\213f\232S\255\230nd\230\350\3609';"
 395      8B669A53 
 395      AD986E64 
 395      98E8F039 
 395      273B
 396 13e1 7C521713 		.ascii	"|R\027\023@\255\"\011:\365\320a\226\030\223\221\212"
 396      40AD2209 
 396      3AF5D061 
 396      96189391 
 396      8A
 397 13f2 3A0EBEE0 		.ascii	":\016\276\340q\246k.o\274\371\334\367A/\323\2047\220"
 397      71A66B2E 
 397      6FBCF9DC 
 397      F7412FD3 
 397      843790
 398 1405 61DAF6F7 		.ascii	"a\332\366\367lOK9Y\022L\027\371\342\367\320\237\262"
 398      6C4F4B39 
 398      59124C17 
 398      F9E2F7D0 
 398      9FB2
 399 1417 E449D3C6 		.ascii	"\344I\323\3068\306\250;\313\227\367S\306\017\037\245"
 399      38C6A83B 
 399      CB97F753 
 399      C60F1FA5 
 400 1427 CC715BFA 		.ascii	"\314q[\372?\327s\227F\031\027\302\362o\377\304\306\224"
 400      3FD77397 
 400      461917C2 
 400      F26FFFC4 
 400      C694
 401 1439 8BC3BDE9 		.ascii	"\213\303\275\351\377\002\337o\252\352"
 401      FF02DF6F 
 401      AAEA
 402              		.text
 403              		.section	.gnu.lto_.symtab.f455208fc8365d0c,"e",%progbits
 404 0000 5F75785F 		.ascii	"_ux_device_stack_tasks_run\000"
 404      64657669 
 404      63655F73 
 404      7461636B 
 404      5F746173 
 405 001b 00       		.ascii	"\000"
 406 001c 00       		.ascii	"\000"
ARM GAS  /tmp/ccZFNVNh.s 			page 32


 407 001d 00       		.ascii	"\000"
 408 001e 00000000 		.ascii	"\000\000\000\000\000\000\000\000"
 408      00000000 
 409 0026 C2000000 		.ascii	"\302\000\000\000"
 410 002a 5F75785F 		.ascii	"_ux_system_slave\000"
 410      73797374 
 410      656D5F73 
 410      6C617665 
 410      00
 411 003b 00       		.ascii	"\000"
 412 003c 02       		.ascii	"\002"
 413 003d 00       		.ascii	"\000"
 414 003e 00000000 		.ascii	"\000\000\000\000\000\000\000\000"
 414      00000000 
 415 0046 37020000 		.ascii	"7\002\000\000"
 416              		.text
 417              		.section	.gnu.lto_.ext_symtab.f455208fc8365d0c,"e",%progbits
 418 0000 01       		.ascii	"\001"
 419 0001 01       		.ascii	"\001"
 420 0002 00       		.ascii	"\000"
 421 0003 02       		.ascii	"\002"
 422 0004 01       		.ascii	"\001"
 423              		.text
 424              		.section	.gnu.lto_.opts,"e",%progbits
 425 0000 272D666E 		.ascii	"'-fno-openmp' '-fno-openacc' '-fno-pie' '-fcf-prote"
 425      6F2D6F70 
 425      656E6D70 
 425      2720272D 
 425      666E6F2D 
 426 0033 6374696F 		.ascii	"ction=none' '-mcpu=cortex-m33' '-mthumb' '-mfpu=fpv"
 426      6E3D6E6F 
 426      6E652720 
 426      272D6D63 
 426      70753D63 
 427 0066 342D7370 		.ascii	"4-sp-d16' '-mfloat-abi=hard' '-mlibarch=armv8-m.mai"
 427      2D643136 
 427      2720272D 
 427      6D666C6F 
 427      61742D61 
 428 0099 6E2B6473 		.ascii	"n+dsp+fp' '-march=armv8-m.main+dsp+fp' '-Os' '-flto"
 428      702B6670 
 428      2720272D 
 428      6D617263 
 428      683D6172 
 429 00cc 2720272D 		.ascii	"' '-fdata-sections' '-ffunction-sections' '-Xassemb"
 429      66646174 
 429      612D7365 
 429      6374696F 
 429      6E732720 
 430 00ff 6C657227 		.ascii	"ler' '-a' '-Xassembler' '-ad' '-Xassembler' '-alms="
 430      20272D61 
 430      2720272D 
 430      58617373 
 430      656D626C 
 431 0132 6275696C 		.ascii	"build/../sdk/stm32/STM32_USBX_Library/common/core/s"
 431      642F2E2E 
 431      2F73646B 
ARM GAS  /tmp/ccZFNVNh.s 			page 33


 431      2F73746D 
 431      33322F53 
 432 0165 72632F75 		.ascii	"rc/ux_device_stack_tasks_run.lst'\000"
 432      785F6465 
 432      76696365 
 432      5F737461 
 432      636B5F74 
 433              		.text
 434              		.comm	__gnu_lto_slim,1,1
 435              		.ident	"GCC: (15:10.3-2021.07-4) 10.3.1 20210621 (release)"
ARM GAS  /tmp/ccZFNVNh.s 			page 34


DEFINED SYMBOLS
                            *ABS*:0000000000000000 ux_device_stack_tasks_run.c
                            *COM*:0000000000000001 __gnu_lto_slim

NO UNDEFINED SYMBOLS
