ARM GAS  /tmp/cc0VlJhX.s 			page 1


   1              		.cpu cortex-m33
   2              		.eabi_attribute 27, 1
   3              		.eabi_attribute 28, 1
   4              		.eabi_attribute 20, 1
   5              		.eabi_attribute 21, 1
   6              		.eabi_attribute 23, 3
   7              		.eabi_attribute 24, 1
   8              		.eabi_attribute 25, 1
   9              		.eabi_attribute 26, 1
  10              		.eabi_attribute 30, 4
  11              		.eabi_attribute 34, 1
  12              		.eabi_attribute 18, 4
  13              		.file	"ux_device_stack_interface_get.c"
  14              		.section	.gnu.lto_.profile.593890db8c831baf,"e",%progbits
  15 0000 789C6365 		.ascii	"x\234ce\000\002F \006\000\000:\000\007"
  15      00024620 
  15      0600003A 
  15      0007
  16              		.text
  17              		.section	.gnu.lto_.icf.593890db8c831baf,"e",%progbits
  18 0000 789CE360 		.ascii	"x\234\343`@\000F\206\367g\347\317gc\000\000\016\274"
  18      40004686 
  18      F767E7CF 
  18      67630000 
  18      0EBC
  19 0012 030A     		.ascii	"\003\012"
  20              		.text
  21              		.section	.gnu.lto_.ipa_sra.593890db8c831baf,"e",%progbits
  22 0000 789CE365 		.ascii	"x\234\343e@\000F \004\002f \305\304\000\000\001\220"
  22      40004620 
  22      04026620 
  22      C5C40000 
  22      0190
  23 0012 0016     		.ascii	"\000\026"
  24              		.text
  25              		.section	.gnu.lto_.inline.593890db8c831baf,"e",%progbits
  26 0000 789CB362 		.ascii	"x\234\263b@\000F\006\006\245_\267\357\255`\316`d`R\331"
  26      40004606 
  26      06A55FB7 
  26      EFAD60CE 
  26      60646052 
  27 0015 B6F7751B 		.ascii	"\266\367u\033S\006\003\003[SCC\003S\012\023\003\023"
  27      53060303 
  27      5B534343 
  27      03530A13 
  27      0313
  28 0027 50099B10 		.ascii	"P\011\233\020\220`\236\340\3070\301\217]\030\316d\000"
  28      90609EE0 
  28      C730C18F 
  28      5D18CE64 
  28      00
  29 0038 00E46F0D 		.ascii	"\000\344o\015\273"
  29      BB
  30              		.text
  31              		.section	.gnu.lto_.jmpfuncs.593890db8c831baf,"e",%progbits
  32 0000 789C9BC0 		.ascii	"x\234\233\300\200\000\214\014\214\214\214\365K\230\031"
  32      80008C0C 
ARM GAS  /tmp/cc0VlJhX.s 			page 2


  32      8C8C8CF5 
  32      4B9819
  33 000f D880EC03 		.ascii	"\330\200\354\003,\214\014@\374\037\010\370\031\230&"
  33      2C8C0C40 
  33      FC1F08F8 
  33      199826
  34 001e 31038519 		.ascii	"1\003\205\031E\300\302\" )\0064%\214`%@\375\020\012"
  34      45C0C222 
  34      20290634 
  34      258C6025 
  34      40FD100A 
  35 0032 2C56AF80 		.ascii	",V\257\200\313 \036\2600\017v\203\030\26722nc\254W`"
  35      CB201EB0 
  35      300F7683 
  35      18B73232 
  35      6E63AC57 
  36 0047 0000D64E 		.ascii	"\000\000\326N'."
  36      272E
  37              		.text
  38              		.section	.gnu.lto_.pureconst.593890db8c831baf,"e",%progbits
  39 0000 789C6361 		.ascii	"x\234ca```d\230\305\002\000\001d\000\244"
  39      60606064 
  39      98C50200 
  39      016400A4 
  40              		.text
  41              		.section	.gnu.lto_.lto.593890db8c831baf,"e",%progbits
  42 0000 09000400 		.ascii	"\011\000\004\000\001\000\000\000"
  42      01000000 
  43              		.text
  44              		.section	.gnu.lto__ux_device_stack_interface_get.3.593890db8c831baf,"e",%progbits
  45 0000 789C7D54 		.ascii	"x\234}T[l\024U\030>\377\234\231\331\331\335\262\333"
  45      5B6C1455 
  45      183EFF9C 
  45      99D9D9DD 
  45      B2DB
  46 0012 9B5A2B86 		.ascii	"\233Z+\206>\200\304\207v\270\244\362\322(\361Y\023\023"
  46      3E80C487 
  46      76B8A4F2 
  46      D228F159 
  46      1313
  47 0024 34F16DB3 		.ascii	"4\361m\263\335\335\232M\273\355\272;\213\370\304\364"
  47      DDDD9A4D 
  47      BBEDBA3B 
  47      8BF8C4F4 
  48 0034 229892D0 		.ascii	"\"\230\222\320\213\215\330\330\0263\214M\021\015b$\356"
  48      8B8DD8D8 
  48      16338C4D 
  48      110D6224 
  48      EE
  49 0045 42D1DA4B 		.ascii	"B\321\332KZ\324R-\226*`\220\"i\253X\333\232(\032\002"
  49      5AD4522D 
  49      962A6090 
  49      2269AB58 
  49      DB9A281A 
  50 005a FE67762E 		.ascii	"\376gv.ki\330dg\316\345\373\276\377\377\277\363\237"
  50      6B69D864 
  50      67CEE5FB 
ARM GAS  /tmp/cc0VlJhX.s 			page 3


  50      BEFFFFBF 
  50      F39F
  51 006c D9271232 		.ascii	"\331'\0222I\0109\216\177\360\020\350\354h\345\210\252"
  51      4908398E 
  51      7FF010E8 
  51      EC68E588 
  51      AA
  52 007d AABB5D1C 		.ascii	"\252\273]\034\327\334q\210\203\021\230\177\363\375M"
  52      D7DC7188 
  52      8311987F 
  52      F3FD4D
  53 008c FC3BED73 		.ascii	"\374;\355s\320\375\367\3452\236\302\221\216\326\361"
  53      D0FDF7E5 
  53      329EC291 
  53      8ED6F1
  54 009b BEA70D0C 		.ascii	"\276\247\015\014\317\275\321\341\235\035\037\246\374"
  54      CFBDD1E1 
  54      9D1D1FA6 
  54      FC
  55 00a8 810EDFF1 		.ascii	"\201\016\337\361\364\271*^\200\356Nm\245\373\246\327"
  55      F4B92A5E 
  55      80EE4E6D 
  55      A5FBA6D7 
  56 00b8 D817E1C8 		.ascii	"\330\027\341\310)K\317\305\265d\365\014\034\3233\210"
  56      294BCFC5 
  56      B564F50C 
  56      1CD33388 
  57 00c8 924148DF 		.ascii	"\222AH\337\024\015\220\033\032\355\004\200\354\347("
  57      140D901B 
  57      1AED0480 
  57      ECE728
  58 00d7 2F882EC9 		.ascii	"/\210.\311\015\3739\027q~o\321\036\012\235T\247\004"
  58      0DFB3917 
  58      717E6FD1 
  58      1E0A9D54 
  58      A704
  59 00e9 78730450 		.ascii	"xs\004P\366\344\220\252\336\036\353\033\270\001=\003"
  59      F6E490AA 
  59      DE1EEB1B 
  59      B8013D03 
  60 00f9 43BC4E39 		.ascii	"C\274N9\322\207\200\323\000\237\002#!\220\036\002\262"
  60      D28780D3 
  60      009F0223 
  60      21901E02 
  60      B2
  61 010a 1551DF5E 		.ascii	"\025Q\337^I\253\252\233 \004>\203\034\020\343d\201\357"
  61      49ABAA9B 
  61      20043E83 
  61      1C10E364 
  61      81EF
  62 011c 027B6D41 		.ascii	"\002{mA\354r\372\330a_{\243\304\300\031\370\237\242"
  62      EC72FAD8 
  62      615F7BA3 
  62      C4C019F8 
  62      9FA2
  63 012e 81D41CE4 		.ascii	"\201\324\034\344\311\021\023I\341\354:\310\0236\362"
  63      C9111349 
ARM GAS  /tmp/cc0VlJhX.s 			page 4


  63      E1EC3AC8 
  63      1336F2
  64 013d E38F9A0F 		.ascii	"\343\217\232\017\252\371-e:\345\341\334:\310\214\203"
  64      AAF92D65 
  64      3AE5E1DC 
  64      3AC88C83 
  65 014d FCD0420A 		.ascii	"\374\320B\012\360\305:\310\257\034\344\011\013)\302"
  65      F0C53AC8 
  65      AF1CE409 
  65      0B29C2
  66 015c 976B9022 		.ascii	"\227k\220\"\201a\200!\200\317\001\006\001\316\000s\206"
  66      81618021 
  66      80CF0106 
  66      01CE0073 
  66      86
  67 016d 1D3821C2 		.ascii	"\0358!\302\232\235\223\323\302\220z\347^\233\252N\225"
  67      9A9D93D3 
  67      C2907AE7 
  67      5E9BAA4E 
  67      95
  68 017e 5E5FF594 		.ascii	"^_\365\224\002\232\342\342\010\356S\034I<>\334\002>"
  68      029AE2E2 
  68      08EE531C 
  68      493C3EDC 
  68      023E
  69 0190 3C223EBC 		.ascii	"<\">\274.6\225\360\221\307\334\314\3630\234\227\331"
  69      2E3695F0 
  69      91C7DCCC 
  69      F3309C97 
  69      D9
  70 01a1 E86311FD 		.ascii	"\350c\021\375\0045\363\331Z\001@\032\012\331\250\210"
  70      0435F3D9 
  70      5A01401A 
  70      0AD9A888 
  71 01b1 60B412C2 		.ascii	"`\264\022\302r m\224\214\3175/\023P\207\010i\247\\v"
  71      72206D94 
  71      8CCF352F 
  71      13508708 
  71      69A75C76 
  72 01c5 D2889325 		.ascii	"\322\210\223%hz;s\355\372V\354\026\215\202y\304\033"
  72      687A3B73 
  72      EDFA56EC 
  72      168D8279 
  72      C41B
  73 01d7 8C5A5B80 		.ascii	"\214Z[\200\303\341\000\346\337o\344\006c\000\243`P\272"
  73      C3E100E6 
  73      DF6FE406 
  73      6300A360 
  73      50BA
  74 01e9 5A2711EE 		.ascii	"Z'\021\3563\341.\003\336\017\330K\003\233t\352C!\030"
  74      33E12E03 
  74      DE0FD84B 
  74      039B74EA 
  74      432118
  75 01fc 37D6B6E1 		.ascii	"7\326\266\341\022\236\222\037&\240\227\371\320b`|\314"
  75      129E921F 
  75      26A097F9 
ARM GAS  /tmp/cc0VlJhX.s 			page 5


  75      D062607C 
  75      CC
  76 020d B9F396D2 		.ascii	"\271\363\226\322|O\225F\375\246T>l\266\244\0266\352"
  76      7C4F9546 
  76      FDA6543E 
  76      6CB6A416 
  76      36EA
  77 021f B480497D 		.ascii	"\264\200I}\235+U\010\337\240\024\230R\013\305:-\202"
  77      9D2B5508 
  77      DFA01498 
  77      520BC53A 
  77      2D82
  78 0231 C9ACD460 		.ascii	"\311\254\324`\346V\243\240Qj\011H\016\337$\027\303\024"
  78      E656A3A0 
  78      516A0948 
  78      0EDF2417 
  78      C314
  79 0243 9259E72D 		.ascii	"\222Y\347-B\313\302H5\202Y\320b0\316\010\215\241\037"
  79      42CBC248 
  79      358259D0 
  79      6230CE08 
  79      8DA11F
  80 0256 5C997BCA 		.ascii	"\\\231{\312\362e0\263\264\202z\371vB\233\357\023|\010"
  80      F26530B3 
  80      B4827AF9 
  80      76429BEF 
  80      137C08
  81 0269 A651D062 		.ascii	"\246Q\320b\363\023\303\277\335\2406\375\237\277V\374"
  81      F313C3BF 
  81      DDA036FD 
  81      9FBF56FC 
  82 0279 1AB5AE0D 		.ascii	"\032\265\256\015\357\230\264\200&=\254Q\017|\237[\331"
  82      EF98B480 
  82      263DAC51 
  82      0F7C9F5B 
  82      D9
  83 028a 2330835A 		.ascii	"#0\203Z<1\264\027\236\321i\011\\\302\005\201\030jw\016"
  83      3C31B417 
  83      9ED16909 
  83      5CC20581 
  83      186A770E 
  84 029e A2E1980D 		.ascii	"\242\341\230\015\237M]\313\316\012\314\310\302\237\275"
  84      9F4D5DCB 
  84      CE0ACCC8 
  84      C29FBD
  85 02ad 174AADC0 		.ascii	"\027J\255\300]\255SG\273p\277\310\214L\241\312\216,"
  85      5DAD5347 
  85      BB70BFC8 
  85      8C4CA1CA 
  85      8E2C
  86 02bf EBF45156 		.ascii	"\353\364QV\302\017\271\221K\341G\014$Z\236>\241\323"
  86      C20FB991 
  86      4BE1470C 
  86      245A9E3E 
  86      A1D3
  87 02d1 C7E0B2E5 		.ascii	"\307\340\262\345\351\335Sn\215\212\246\224\000WI\216"
  87      E9DD536E 
ARM GAS  /tmp/cc0VlJhX.s 			page 6


  87      8D8AA694 
  87      0057498E 
  88 02e1 BD1B99D4 		.ascii	"\275\033\231\324U\333\015/\374\204:.b\226\177w\245R"
  88      55DB0D2F 
  88      FC843A2E 
  88      62967F77 
  88      A552
  89 02f3 A32E3BF4 		.ascii	"\243.;\364.\243hnm\321\327r\212\236\005V\365\317\270"
  89      2EA3686E 
  89      6DD1D772 
  89      8A9E0556 
  89      F5CFB8
  90 0306 22654596 		.ascii	"\"eE\226[\347\217\236\261\202{\201\364[\207^\2029\301"
  90      5BE78F9E 
  90      B1827B81 
  90      F45B875E 
  90      8239C1
  91 0319 1C100CC0 		.ascii	"\034\020\014\300p\253\351\321\246J\273\007\267\334\227"
  91      70ABE9D1 
  91      A64ABB07 
  91      B7DC97
  92 0328 5931FC82 		.ascii	"Y1\374\202\242nB\262\307\015\006\347\366\330\364\366"
  92      A26E42B2 
  92      C70D06E7 
  92      F6D8F4F6 
  93 0338 0772E691 		.ascii	"\007r\346\221\343\301\273\373\035d\255\030\237siT2\263"
  93      E3C1BBFB 
  93      1D64AD18 
  93      9F736954 
  93      32B3
  94 034a 1121D709 		.ascii	"\021!\327\011?\343.\332\334<\370\025\271^,b\031\016"
  94      3FE32EDA 
  94      DC3CF815 
  94      B95E2C62 
  94      190E
  95 035c BC97D258 		.ascii	"\274\227\322X\276\022&\353cL\016\362\360pt\3728!\377"
  95      BE1226EB 
  95      634C0EF2 
  95      F07074FA 
  95      3821FF
  96 036f 02877DC0 		.ascii	"\002\207}\300\363\354\014\305\031\275\367\274\323=\231"
  96      F3EC0CC5 
  96      19BDF7BC 
  96      D33D99
  97 037e A94FB297 		.ascii	"\251O\262\227\262\320\316\261\302i\033\273\377~\307"
  97      B2D0CEB1 
  97      C2691BBB 
  97      FF7EC7
  98 038d 38796617 		.ascii	"8yf\027\270pQ\345\015\005l\222\305\221cm\233L8a\241"
  98      B87051E5 
  98      0D056C92 
  98      C591636D 
  98      9B4C3861 
  99 03a2 3CD8CBF4 		.ascii	"<\330\313\364\302\331A\246).]\274\005H\221fFO\317\020"
  99      C2D941A6 
  99      292E5DBC 
  99      05489166 
ARM GAS  /tmp/cc0VlJhX.s 			page 7


  99      464FCF10 
 100 03b6 A7652F75 		.ascii	"\247e/uR\215\272\037T\330\0379\205y\261$\267SV1\336"
 100      528DBA1F 
 100      54D81F39 
 100      8579B124 
 100      B7535631 
 101 03cb 63A32C14 		.ascii	"c\243,\024vO\330\237\230Uh\332\215 \257\221\204\027"
 101      764FD89F 
 101      985568DA 
 101      8D20AF91 
 101      8417
 102 03dd BD10FA2E 		.ascii	"\275\020\372.\016\272\261\266,\353\036H\207g\353\360"
 102      0EBAB1B6 
 102      2CEB1E48 
 102      8767EBF0 
 103 03ed 130513F6 		.ascii	"\023\005\023\366'\212\220]r\254^\221C\262\022\213\313"
 103      278A905D 
 103      72AC5E91 
 103      43B2128B 
 103      CB
 104 03fe E168BCAE 		.ascii	"\341h\274\256!V\033\224\225DC<\032\332\266\275<\251"
 104      21561B94 
 104      9544433C 
 104      1ADAB6BD 
 104      3CA9
 105 0410 C476EE48 		.ascii	"\304v\356HU\226\247\222\325\345\341\310\336\332\250"
 105      5596A792 
 105      D5E5E1C8 
 105      DEDAA8
 106 041f 525EF39A 		.ascii	"R^\363\232\034\214\307\311\013\025\025r2\\+\033\010"
 106      1C8CC7C9 
 106      0B151572 
 106      325C2B1B 
 106      08
 107 0430 79CF8BCF 		.ascii	"y\317\213\317\357\334\021xi\317\263/\007\236\213V'\202"
 107      EFDC1178 
 107      69CFB32F 
 107      079E8B56 
 107      2782
 108 0442 89D7E550 		.ascii	"\211\327\345PC,\326P\217\257DDN&Brj_\000\025\242\241"
 108      432CD650 
 108      8FAF4444 
 108      4E264272 
 108      6A5F0015 
 109 0458 4820A904 		.ascii	"H \251\004C\265\201h\275\022I\324\004q\376JD\251\010"
 109      43B58168 
 109      BD1249D4 
 109      0471FE4A 
 109      44A908
 110 046b 11BFB3B0 		.ascii	"\021\277\263\2607X\227\212\210\010SRI)R\037\2167\340"
 110      3758978A 
 110      88085352 
 110      4929521F 
 110      8E37E0
 111 047e DE06673F 		.ascii	"\336\006g?\256$\362\225D\260>Y\023I\004\022\221WS\221"
 111      AE24F295 
 111      44B03E59 
ARM GAS  /tmp/cc0VlJhX.s 			page 8


 111      13490412 
 111      91575391 
 112 0492 A442C3A1 		.ascii	"\244B\303\241\360\177\365H_\273"
 112      F07FF548 
 112      5FBB
 113              		.text
 114              		.section	.gnu.lto_.symbol_nodes.593890db8c831baf,"e",%progbits
 115 0000 789CB360 		.ascii	"x\234\263`\000\002&\346z\206\343\217\232?00N8\307\300"
 115      000226E6 
 115      7A86E38F 
 115      9A3F3030 
 115      4E38C7C0 
 116 0014 50CFC0B0 		.ascii	"P\317\300\260\253\241\221\221\201\021$\305\300\312\302"
 116      ABA19191 
 116      811124C5 
 116      C0CAC2
 117 0023 A000A458 		.ascii	"\240\000\244X\030>\317='\305x\225\213\205\341\352\221"
 117      183ECF3D 
 117      27C57895 
 117      8B85E1EA 
 117      91
 118 0034 AD571918 		.ascii	"\255W\031\030\277r3\000\000\250\225\017!"
 118      BF723300 
 118      00A8950F 
 118      21
 119              		.text
 120              		.section	.gnu.lto_.refs.593890db8c831baf,"e",%progbits
 121 0000 789C6367 		.ascii	"x\234cg```\004\" \006\000\000f\000\013"
 121      60606004 
 121      22200600 
 121      0066000B 
 122              		.text
 123              		.section	.gnu.lto_.decls.593890db8c831baf,"e",%progbits
 124 0000 789CB55A 		.ascii	"x\234\265Z{X\025G\226\357\323\325\010\\\236\021\214"
 124      7B581547 
 124      96EFD3D5 
 124      085C9E11 
 124      8C
 125 0011 667C84C9 		.ascii	"f|\204\311:\023wg\024\243\273;3\373\214\253f&\337$\352"
 125      3A137767 
 125      14A3BB3B 
 125      33FB8CAB 
 125      6626DF24 
 126 0026 8AE69BD9 		.ascii	"\212\346\233\331\375\366c.\334\013\334\361\362\230{"
 126      FDF6632E 
 126      DC0BDCF1 
 126      F2987B
 127 0035 2F3199BF 		.ascii	"/1\231\277\256\3211F\343;*\210(Q\243\250\240D\304\000"
 127      AED13146 
 127      E33B2A88 
 127      2851A3A8 
 127      A044C400 
 128 0049 0A22A841 		.ascii	"\012\"\250AE\305\027\002\276\0253(>\360\021\305htOU"
 128      45C51702 
 128      BE153328 
 128      3EF011C5 
 128      68744F55 
ARM GAS  /tmp/cc0VlJhX.s 			page 9


 129 005d 757775DF 		.ascii	"uwu\337\006\222\331\007\237EwU\377\352\274\352\3249"
 129      0692D907 
 129      9F457755 
 129      FFEABCEA 
 129      D439
 130 006f A70AD35E 		.ascii	"\247\012\323^\225\244\242hI\012\001Iz\216?\262$I\307"
 130      95A4A268 
 130      490A0149 
 130      7A8E3FB2 
 130      2449C7
 131 0082 B1D1E72E 		.ascii	"\261\321\347.l\004\307\351\017}\204\002\177\376\243"
 131      6C04C7E9 
 131      0F7D8402 
 131      7FFEA3
 132 0091 2C997E62 		.ascii	",\231~b\260?\004\237}\261\305\252\363\376\005\307Rd"
 132      B03F049F 
 132      7DB1C5AA 
 132      F3FE05C7 
 132      5264
 133 00a3 3E3F159F 		.ascii	">?\025\237\377\200\015YI\203\260\375\026[\033\266G\370"
 133      FF800D59 
 133      4983B0FD 
 133      165B1BB6 
 133      47F8
 134 00b5 2D0DC77F 		.ascii	"-\015\307\177\201-\002\233\013\333\015\034+\307\366"
 134      812D029B 
 134      0BDB0D1C 
 134      2BC7F6
 135 00c4 7B7C6F40 		.ascii	"{|o@\3144|:\261\375;\266\003\330\377g|\336\305\247\033"
 135      CC347C3A 
 135      B1FD3BB6 
 135      03D8FF67 
 135      7CDEC5A7 
 136 00d9 9F32E21E 		.ascii	"\2372\342\036b\213\300\376\337b\277\015\337\317ck\307"
 136      628BC0FE 
 136      DF62BF0D 
 136      DFCF636B 
 136      C7
 137 00ea 66C7FE5B 		.ascii	"f\307\376[\330v\002\027~*\276?\302\327g\330l\370\376"
 137      D8760217 
 137      7E2ABE3F 
 137      C2D767D8 
 137      6CF8FE
 138 00fd 5F72EF3A 		.ascii	"_r\357:-!\360[\240\006\211bo\022\221\245x?\373\251\375"
 138      2D21F05B 
 138      A0068962 
 138      6F1291A5 
 138      783FFBA9 
 139 0112 BD043B55 		.ascii	"\275\004;U\253\220\377\244\300\276\240\340\357X\210"
 139      AB90FFA4 
 139      C0BEA0E0 
 139      EF5888
 140 0121 CB23F28A 		.ascii	"\313#\362\212\312%'\202m5~\177\247\277fV\250\004\225"
 140      CA252782 
 140      6D357E7F 
 140      A7BF6656 
 140      A80495
ARM GAS  /tmp/cc0VlJhX.s 			page 10


 141 0134 00152041 		.ascii	"\000\025 A9 \221/\000\312\000v\000\233R\303g\376\234"
 141      3920912F 
 141      00CA0076 
 141      009B52C3 
 141      67FE9C
 142 0147 FD0E61F3 		.ascii	"\375\016a\363k$\362;>\032\214\224*\232\346W\205\331"
 142      6B24F23B 
 142      3E1A8C94 
 142      2A9AE657 
 142      85D9
 143 0159 FC2A251C 		.ascii	"\374*%\034\344\244$\250Ez\361\260\227\222\031\004\317"
 143      E4A424A8 
 143      457AF1B0 
 143      97921904 
 143      CF
 144 016a F943227E 		.ascii	"\371C\"~\220p\322\311\266\317?\217\242\354\333\375\265"
 144      9070D2C9 
 144      B6CF3F8F 
 144      A2ECDBFD 
 144      B5
 145 017b 338804A3 		.ascii	"3\210\004\243a\244\004\373\001\021\310|\037@\035 \250"
 145      61A404FB 
 145      0111C87C 
 145      1F401D20 
 145      A8
 146 018c B47DF169 		.ascii	"\264}\361i\322\027)\317\362\373\177\007\007\000\366"
 146      D21729CF 
 146      F2FB7F07 
 146      0700F6
 147 019b 005453CA 		.ascii	"\000TS\312_\002\243.\221\331@\345xU7\300\253\310`3c"
 147      5F02A32E 
 147      91D940E5 
 147      785537C0 
 147      ABC86033 
 148 01b0 30BF72E6 		.ascii	"0\277r\346\3510\253~\207\0011\310\342\020\300A\256\337"
 148      E930AB7E 
 148      870131C8 
 148      E210C041 
 148      AEDF
 149 01c2 48528293 		.ascii	"HR\202\223N\000Wh\030\271\207\275\002\231\222Xp\373"
 149      4E005768 
 149      18B987BD 
 149      02999258 
 149      70FB
 150 01d4 7C2BC470 		.ascii	"|+\304pc\3260C\302\011\200\223\200\363\361\035\001M"
 150      63D63043 
 150      C2098093 
 150      80F3F11D 
 150      014D
 151 01e6 2BCB4B49 		.ascii	"+\313KI8\343QP\253\320/\232\352\247\200\001\256\324"
 151      38E35150 
 151      ABD02F9A 
 151      EAA78001 
 151      AED4
 152 01f8 E7E5872B 		.ascii	"\347\345\207+\022\033\200L\306@f\026\214\306\217]\345"
 152      121B804C 
 152      C6406616 
ARM GAS  /tmp/cc0VlJhX.s 			page 11


 152      8CC68F5D 
 152      E5
 153 0209 75C5727F 		.ascii	"u\305r\177\244}\323\357\217\20548\003\320D\3476\243"
 153      A47DD3EF 
 153      8F853438 
 153      03D044E7 
 153      36A3
 154 021b 98A7F9FC 		.ascii	"\230\247\371\374\346\215\313\\\202~\263\240\337B\225"
 154      E68DCB5C 
 154      827EB3A0 
 154      DF4295
 155 022a AF90B9CC 		.ascii	"\257\220\271\314q\244E\226\310L\302{\003H1\221H\253"
 155      71A44596 
 155      C84CC27B 
 155      03483191 
 155      48AB
 156 023c DA8B261F 		.ascii	"\332\213&\037(\022)V(\265\003\035\013\267G\012r\007"
 156      28122956 
 156      28B5031D 
 156      0BB7470A 
 156      7207
 157 024e 0439EA90 		.ascii	"\0049\352\220\344\034\002g\006IdC\020[\240\332u\325"
 157      E41C0267 
 157      06496443 
 157      105BA0DA 
 157      75D5
 158 0260 4166E5FF 		.ascii	"Af\345\377\014\320.\224\337\332r|~\250\240\326.\250"
 158      0CD02E94 
 158      DFDA727C 
 158      7EA8A0D6 
 158      2EA8
 159 0272 5DA7D4F6 		.ascii	"]\247\324\366 \245\013A\\\210z\211\273\215B\236S\332"
 159      20A50B41 
 159      5C887A89 
 159      BB8D429E 
 159      53DA
 160 0284 43D75C5E 		.ascii	"C\327\\^_\030<th\314P\363\017\322\352\332u\277\375\034"
 160      5F183C74 
 160      68CC50F3 
 160      0FD2EADA 
 160      75BFFD1C 
 161 0298 999B5B76 		.ascii	"\231\233[vy\206\177\375\357\240\001\340\022\300]A\372"
 161      79867FFD 
 161      EFA001E0 
 161      12C05D41 
 161      FA
 162 02a9 02FDF59A 		.ascii	"\002\375\365\232\204\310\222'+\376P_\003\024\322a\202"
 162      84C89227 
 162      2BFE505F 
 162      0314D261 
 162      82
 163 02ba C4330477 		.ascii	"\3043\004w\232\032E\202[\0007\201\255\334]*<t\002<\004"
 163      9A1A4582 
 163      5B003781 
 163      ADDC5D2A 
 163      3C74023C 
 164 02cf F806C02F 		.ascii	"\370\006\300/\303\003\200G\000w\000\236\002:(<\001x"
ARM GAS  /tmp/cc0VlJhX.s 			page 12


 164      C3038047 
 164      0077009E 
 164      023A283C 
 164      0178
 165 02e1 06701FE0 		.ascii	"\006p\037\340[\200\307\000_\003t\001\334\243\372R\206"
 165      5B80C700 
 165      5F037401 
 165      DCA3FA52 
 165      86
 166 02f2 85B91AC3 		.ascii	"\205\271\032\303\333&\206\273\351\257J\240\230\316\205"
 166      DB2686BB 
 166      E9AF4AA0 
 166      98CE85
 167 0301 B95597C1 		.ascii	"\271U\227\301\277d$.\020\0347\241\032\015\2509\271\025"
 167      BF64242E 
 167      101C37A1 
 167      1A0DA839 
 167      B915
 168 0313 1CD50670 		.ascii	"\034\325\006p\325\204\272\254\353\327\271\032\215\300"
 168      D584BAAC 
 168      EBD7B91A 
 168      8DC0
 169 0321 40C8B0DE 		.ascii	"@\310\260\336\004\252\022Fx\252\033\341\206\305\010"
 169      04AA1246 
 169      78AA1BE1 
 169      86C508
 170 0330 9C59C947 		.ascii	"\234Y\311G\272\330W\254\254\020\203\226*Y\223\033\224"
 170      BAD857AC 
 170      AC108396 
 170      2A59931B 
 170      94
 171 0341 83982F01 		.ascii	"\203\230/\001j\030F\333gUB\350\222|\235\316Q\023\235"
 171      6A1846DB 
 171      675542E8 
 171      927C9DCE 
 171      51139D
 172 0354 2306C59E 		.ascii	"#\006\305\236\255P\025\273\016\360\225\011U-\024\233"
 172      AD5015BB 
 172      0EF09509 
 172      552D149B 
 173 0364 6F50EC9C 		.ascii	"oP\354\234\011t\326\300n\236\316\356\242\325\003TL\256"
 173      0974D6C0 
 173      6E9ECEEE 
 173      A2D50354 
 173      4CAE
 174 0376 8E396615 		.ascii	"\2169f\025\211\033h\201\016i\265.\007\207|\254C\316"
 174      891B6881 
 174      0E69B52E 
 174      07877CAC 
 174      43CE
 175 0388 5BA5E122 		.ascii	"[\245\341\"?_!\026\354\232U/\024\207\254\011\246\233"
 175      3F5F2116 
 175      EC9A552F 
 175      1487AC09 
 175      A69B
 176 039a E24145F5 		.ascii	"\342AE\365\356\220\030\213\363\315\220\3777\316\207"
 176      EE90188B 
ARM GAS  /tmp/cc0VlJhX.s 			page 13


 176      F3CD90FF 
 176      37CE87
 177 03a9 743F3B5D 		.ascii	"t?;]\325\242\210\315\366\201\254\0130Sf\200Y\237^\331"
 177      D5A288CD 
 177      F681AC0B 
 177      30536680 
 177      599F5ED9 
 178 03bd A75C0396 		.ascii	"\247\\\003\226j\024\007\0004\377=\376\262I\377A\244"
 178      6A140700 
 178      34FF3DFE 
 178      B249FF41 
 178      A4
 179 03ce 58BFEC97 		.ascii	"X\277\354\227\3738\210l#6\342\260\325\303\220a\017\310"
 179      FB38886C 
 179      2336E2B0 
 179      D5C39061 
 179      0FC8
 180 03e0 EB21F2B0 		.ascii	"\353!\362\260([Ha\035D\333\202Bd\271=\330a\033\366\015"
 180      285B4861 
 180      1D44DB82 
 180      4264B93D 
 180      D8611BF6 
 181 03f5 14C9057D 		.ascii	"\024\311\005}\342^\367+\216\217\373\265\007\373\345"
 181      E25EF72B 
 181      8E8FFBB5 
 181      07FBE5
 182 0404 45136247 		.ascii	"E\023bG\277\216\277\333\203\353\301\201\263&)!\321\370"
 182      BF8EBFDB 
 182      83EBC181 
 182      B3262921 
 182      D1F8
 183 0416 D61E6C7B 		.ascii	"\326\036l{@\012\346\367q\034\221\347\274\212\316is\214"
 183      400AE6F7 
 183      711C91E7 
 183      BC8ACE69 
 183      738C
 184 0428 8A459D5F 		.ascii	"\212E\235_\017\011\031\022UKj\311\033\230\246CJ\266"
 184      0F091912 
 184      554B6AC9 
 184      1B98A643 
 184      4AB6
 185 043a F6B3B507 		.ascii	"\366\263\265\007G!\211a\216\270hG\\T=\0049\034\266\330"
 185      47218961 
 185      8EB86847 
 185      5C543D04 
 185      391CB6D8 
 186 044e 61120AE1 		.ascii	"a\022\012\341\0305\352u\331\206\224\225\220z\030E |"
 186      1835EA75 
 186      D9869495 
 186      907A1845 
 186      207C
 187 0460 94FF7247 		.ascii	"\224\377rG\177\033\330B\207\304\015\223$\207\364\206"
 187      7F1BD842 
 187      87C40D93 
 187      2487F486 
 188 0470 8C74C973 		.ascii	"\214t\311s\355\007\202\221\247Ct\001\206\331\344Q2\371"
 188      ED078291 
ARM GAS  /tmp/cc0VlJhX.s 			page 14


 188      A7437401 
 188      86D9E451 
 188      32F9
 189 0482 757B30A6 		.ascii	"u{0\246W9N\222\374JHx8\370\361\021\232\370k\307\244"
 189      57394E92 
 189      FC4A4878 
 189      38F8F111 
 189      9AF86BC7 
 190 0497 5136A93D 		.ascii	"Q6\251=X\306O\261\012\265\265\230i\353#\201\226;YJ\005"
 190      58C64FB1 
 190      0AB5B598 
 190      69EB2381 
 190      963B594A 
 191 04ac FA8FFF92 		.ascii	"\372\217\377\222hG2ra\343\024\211vU\023\2606\252?\324"
 191      68473272 
 191      61E31489 
 191      765513B0 
 191      36AA3FD4 
 192 04c0 770EE074 		.ascii	"w\016\340t\264\034\015\2401\221\324\257\006\342B\006"
 192      B41C0DA0 
 192      3191D4AF 
 192      06E24206 
 193 04d0 550E8D8E 		.ascii	"U\016\215\216\306\307 \243\220\025W\2303\221\215s\330"
 193      C6C720A3 
 193      90155798 
 193      33918D73 
 193      D8
 194 04e1 3C93E082 		.ascii	"<\223\340\202\244\244\223\225\014\212s\277\332\361u"
 194      A4A49395 
 194      0C8A73BF 
 194      DAF175
 195 04f0 7559F857 		.ascii	"uY\370Wh6\377\372G\227\357\006C\344\242\327% '\230/"
 195      6836FFFA 
 195      4797EF06 
 195      43E4A2D7 
 195      25202798 
 196 0505 2F6D3FD4 		.ascii	"/m?\324\002,y\355\302\344\205\003\373\366\236\335E\364"
 196      022C79ED 
 196      C2E48503 
 196      FBF69EDD 
 196      45F4
 197 0517 8485835A 		.ascii	"\204\205\203Z\306\232\203\262|\310\375p\356\225+S^\311"
 197      C69A83B2 
 197      7CC8FD70 
 197      EE952B53 
 197      5EC9
 198 0529 C9F1779D 		.ascii	"\311\361w\235x\356/\033\264\312_\363\001\342\025D\300"
 198      78EE2F1B 
 198      B4CA5FF3 
 198      01E21544 
 198      C0
 199 053a 6C99A70E 		.ascii	"l\231\247\016\011\337$\370\223\014\2630i\325\206\360"
 199      09DF24F8 
 199      930CB330 
 199      69D586F0 
 200 054a 0CD12E93 		.ascii	"\014\321.\223\223\352\353%\231<\016\241\244\236-\230"
 200      93EAEB25 
ARM GAS  /tmp/cc0VlJhX.s 			page 15


 200      993C0EA1 
 200      A49E2D98 
 201 055a D31ECAF8 		.ascii	"\323\036\312\3707p\376\347\017\236\330\035\331\035\377"
 201      3770FEE7 
 201      0F9ED81D 
 201      D91DFF
 202 0569 45487021 		.ascii	"EHp!\347\277\342\312\226JCVZ$6\312bZ\344\345\206r&\315"
 202      E7BFE2CA 
 202      964A4356 
 202      5A2436CA 
 202      625AE4E5 
 203 0581 32A90895 		.ascii	"2\251\010\225\310\025\265\333(\223y6\211\224\331\324"
 203      C815B5DB 
 203      28937936 
 203      8994D9D4 
 204 0591 7C2593F3 		.ascii	"|%\223\363\330\235\031\306\27352)\012\223H\275\332\365"
 204      D89D19C6 
 204      BB353229 
 204      0A9348BD 
 204      DAF5
 205 05a3 F314EE57 		.ascii	"\363\024\356W\310\005u$\012\031_\332\262\375\021tW\005"
 205      C8057524 
 205      0A195FDA 
 205      B2FD1174 
 205      5705
 206 05b5 AD936915 		.ascii	"\255\223i\025\264V\346\312\251\354%2+\\\"\205\341*{"
 206      B456E6CA 
 206      A9EC2532 
 206      2B5C2285 
 206      E12A7B
 207 05c8 248EDD8E 		.ascii	"$\216\335\216p\252\301\365\256Y\035QL\355T\246\365\221"
 207      70AAC1F5 
 207      AE591D51 
 207      4CED54A6 
 207      F591
 208 05da 398DA782 		.ascii	"9\215\247\202\272\323\272\010\011o\341Z\357\363_?,\013"
 208      BAD3BA08 
 208      096FE15A 
 208      EFF35F3F 
 208      2C0B
 209 05ec AD8B84D6 		.ascii	"\255\213\204\326\305T\3539\021\022Y\215m'\266S\021l"
 209      C554EB39 
 209      1112598D 
 209      6D27B653 
 209      116C
 210 05fe C2C395C7 		.ascii	"\302\303\225\307\2119\273\177.\303vY\317\356\035\271"
 210      8939BB7F 
 210      2EC37659 
 210      CFEE1DB9 
 211 060e 373E0916 		.ascii	"7>\011\026\024\267\013\212\245\234\345\251\355\207^"
 211      14B70B8A 
 211      A59CE5A9 
 211      ED875E
 212 061d 645296CA 		.ascii	"dR\226\312L\3145M\313\032\303\273\023\263\014\305\334"
 212      4CCC354D 
 212      CB1AC3BB 
 212      13B30CC5 
ARM GAS  /tmp/cc0VlJhX.s 			page 16


 212      DC
 213 062e C1E72C3F 		.ascii	"\301\347,?\362t\223\241^*\023DwR1\357\241xs\"\271I\376"
 213      F27493A1 
 213      5E2A1344 
 213      775231EF 
 213      A1787322 
 214 0645 15E17B1A 		.ascii	"\025\341{\032\352\316\207tg\322Jf\322\012\0311\313\026"
 214      EACE8774 
 214      67D24A66 
 214      D20A1931 
 214      CB16
 215 0657 9716851B 		.ascii	"\227\026\205\033K\304\002\231'\344]2\303Id\225J\261"
 215      4BC40299 
 215      27E45D32 
 215      C3496495 
 215      4AB1
 216 0669 8D172105 		.ascii	"\215\027!\005}\310\366H\211\034\216\244\002\335X\\8"
 216      7DC8F648 
 216      891C8EA4 
 216      02DD585C 
 216      38
 217 067a 3FCC6C86 		.ascii	"?\314l\206\032\031\366\0123|\332\265\243\324&$\336+"
 217      1A19F60A 
 217      337CDAB5 
 217      A3D42624 
 217      DE2B
 218 068c 24AE652A 		.ascii	"$\256e*\275\270\351\233\206Ua\274|a\345\014\022\352"
 218      BDB8E99B 
 218      865561BC 
 218      7C61E50C 
 218      12EA
 219 069e 5AF9A8E0 		.ascii	"Z\371\250\340dL1:\376\314\001(\006\224\313pP\326\345"
 219      644C313A 
 219      FECC0128 
 219      0694CB70 
 219      50D6E5
 220 06b1 8A17093E 		.ascii	"\212\027\011>_\255\025v\312P\3020\335U\024k\362\325"
 220      5FAD1576 
 220      CA50C230 
 220      DD55146B 
 220      F2D5
 221 06c3 D4930ADB 		.ascii	"\324\223\012\333L\240\233\"=\225\347\213\214\272\321"
 221      4CA09B22 
 221      3D95E78B 
 221      8CBAD1
 222 06d2 04FA4CD6 		.ascii	"\004\372L\326\323\\~>Ks\2702_X\231q:\205\202\327V+/"
 222      D35C7E3E 
 222      4B73B832 
 222      5F589971 
 222      3A8582D7 
 223 06e9 5E2BA889 		.ascii	"^+\250\211\255Z\206*\264\360n\006\303\304V'\303\227"
 223      AD5A862A 
 223      B4F06E06 
 223      C3C45627 
 223      C397
 224 06fb 32EC9361 		.ascii	"2\354\223a?\006n\031\016\313pD\206\00324\310pHV\013"
 224      3F066E19 
ARM GAS  /tmp/cc0VlJhX.s 			page 17


 224      0ECB7044 
 224      86033234 
 224      C8704856 
 225 0710 A85D5C82 		.ascii	"\250]\\\202Z\031\366\230\250\257\327\205\354,\326lR"
 225      5A19F698 
 225      A8AFD785 
 225      EC2CD66C 
 225      52
 226 0721 2CC36613 		.ascii	",\303f\023\250P\200*\014\352n\260\252\253\032n\233P"
 226      A850802A 
 226      0CEA6EB0 
 226      AAAB1A6E 
 226      9B50
 227 0733 66939512 		.ascii	"f\223\225\022M\331\327\230\017\264\345T\036\014\217"
 227      4DD9D798 
 227      0FB4E554 
 227      1E0C8F
 228 0742 B16876F4 		.ascii	"\261hv\364\373j\206$\212\037\224\237\210\022^rL\360"
 228      FB6A8624 
 228      8A1F949F 
 228      88125E72 
 228      4CF0
 229 0754 6AE48E7F 		.ascii	"j\344\216\177\246#w\277\346\245\350\010\215\302\035"
 229      A62377BF 
 229      E6A5E808 
 229      8DC21D
 230 0763 8ECB2C42 		.ascii	"\216\313,Bp\027\355\002\362\200\311Tw\357\310<\233\331"
 230      7017ED02 
 230      F280C954 
 230      77EFC83C 
 230      9BD9
 231 0775 2FD1D2A7 		.ascii	"/\321\322\247\204_\036_\275\272*\302\0148j\002l\274"
 231      845F1E5F 
 231      BDBA2AC2 
 231      0C386A02 
 231      6CBC
 232 0787 F3D93C10 		.ascii	"\363\331<\020\"\235\026\"5\321M\261(\212s\354\004R\026"
 232      229D1622 
 232      35D14DB1 
 232      288A73EC 
 232      045216
 233 079a 2591936A 		.ascii	"%\221\223j\267\035\210?\032O\000\321j(\006r\024\273"
 233      B71D883F 
 233      1A4F00D1 
 233      6A280672 
 233      14BB
 234 07ac 77D46E33 		.ascii	"w\324n3\220\265/H\344\350\013j\324\0022\243/\236-\372"
 234      90B52F48 
 234      E4E80B6A 
 234      D40232A3 
 234      2F9E2DFA 
 235 07c0 AA4113C8 		.ascii	"\252A\023\310i\365\265\020x\275o#\017\325\221\002"
 235      69F5B510 
 235      78BD6F23 
 235      0FD59102 
 236 07d0 20F363F8 		.ascii	" \363c\370k\016\220\322\030<p\251\335E@\036c77V\015"
 236      6B0E90D2 
ARM GAS  /tmp/cc0VlJhX.s 			page 18


 236      183C70A9 
 236      DD45401E 
 236      63373756 
 237 07e5 AEFC5016 		.ascii	"\256\374P\026\316\010\\\3023N,F\351X\276u\177N:\324"
 237      CE085CC2 
 237      334E2C46 
 237      E958BE75 
 237      7F4E3AD4 
 238 07f9 B791A44B 		.ascii	"\267\221\244K}\033F>\354'\221<l\233\373\321\221\037"
 238      7D1B463E 
 238      EC27913C 
 238      6C9BFBD1 
 238      911F
 239 080b 63AA27EC 		.ascii	"c\252'\354)\221/\372QK|\275\362\326+\364\034x\023sQ"
 239      29912FFA 
 239      514B7CBD 
 239      F2D62BF4 
 239      1C781373 
 240 0820 90A48625 		.ascii	"\220\244\206%\230I!\270\272\037\020\230AH5\316?\212"
 240      984921B8 
 240      BA1F1098 
 240      414835CE 
 240      3F8A
 241 0832 AD89CEE8 		.ascii	"\255\211\316\350{8\347\336\302\310\241\332\246\2466"
 241      7B38E7DE 
 241      C2C8A1DA 
 241      A6A636
 242 0841 3CB6B8EC 		.ascii	"<\266\270\3548\370g\217\244\001\346O\004\026\022v^\345"
 242      38F8678F 
 242      A401E64F 
 242      04161276 
 242      5EE5
 243 0853 9B7934F3 		.ascii	"\233y4\363\355\346\305\351\205\350\333\263\010\370\331"
 243      EDE6C5E9 
 243      85E8DBB3 
 243      08F8D9
 244 0862 772DFA51 		.ascii	"w-\372Q\304\031^\255\236]\354\242E6\222x*\233I<\221"
 244      C4195EAD 
 244      9E5DECA2 
 244      45369278 
 244      2A9B493C 
 245 0877 19E09C0E 		.ascii	"\031\340\234\016\370&\000\360\230\003Zt\300\363\000"
 245      F82600F0 
 245      98035A74 
 245      C0F300
 246 0886 805A10B7 		.ascii	"\200Z\020\267\352\200g\001\200o9\205\363\213\265Z\267"
 246      EA806701 
 246      806F3985 
 246      F38BB55A 
 246      B7
 247 0897 8B0102CA 		.ascii	"\213\001\002\312s\261\013\036\312\3605\315\352L\031"
 247      73B10B1E 
 247      CAF035CD 
 247      EA4C19
 248 08a6 B4D32202 		.ascii	"\264\323\"\002s\010|D\340c\002\363\011\314%0\217\300"
 248      73087C44 
 248      E06302F3 
ARM GAS  /tmp/cc0VlJhX.s 			page 19


 248      09CC2530 
 248      8FC0
 249 08b8 02A2EEEC 		.ascii	"\002\242\356\354\243:\337\331\001\326yM\"\217\373\251"
 249      A33ADFD9 
 249      01D6794D 
 249      228FFBA9 
 250 08c8 CEA59E02 		.ascii	"\316\245\236\002\373\220\202\027%\262\027[\033\266o"
 250      FB908217 
 250      25B2175B 
 250      1BB66F
 251 08d7 5FA48B94 		.ascii	"_\244\213\224\263\241ck\037\263?\257 \220Ct\177\236"
 251      B3A1636B 
 251      1FB33FAF 
 251      20904374 
 251      7F9E
 252 08e9 F5C559BB 		.ascii	"\365\305Y\273p\347\034!y.\312@>\351/\221\022l\215\330"
 252      70E71C21 
 252      792ECA40 
 252      3EE92F91 
 252      126C8DD8 
 253 08fd 6EF5A7F8 		.ascii	"n\365\247\370=M\017\367\365\351.w\254&4w\304\323M\326"
 253      3D4D0FF7 
 253      F5E92E77 
 253      AC263477 
 253      C4D34DD6 
 254 0911 7C707B24 		.ascii	"|p{$\335\224\355j\352\340R\257!\014\204r#\261\231\003"
 254      DD94ED6A 
 254      EAE052AF 
 254      210C8472 
 254      23B19903 
 255 0925 B8D003C8 		.ascii	"\270\320\003\310\222\001\022Y7\000IG\177\273q\336\001"
 255      92011259 
 255      37004947 
 255      7FBB71DE 
 255      01
 256 0936 D00EAFCC 		.ascii	"\320\016\257\314\352\217\323T\355\32176\230}C\265(\232"
 256      EA8FD354 
 256      EDD13736 
 256      987D43B5 
 256      289A
 257 0948 929FA960 		.ascii	"\222\237\251`=\203\240E\213\010|F`3\201B\002\233\010"
 257      3D83A045 
 257      8B087C46 
 257      60338142 
 257      029B08
 258 095b 6C21B091 		.ascii	"l!\260\221\232\223\036\307.r\202k\010\344\007\020T\035"
 258      9A931EC7 
 258      2E72826B 
 258      08E40710 
 258      541D
 259 096d E19CCE11 		.ascii	"\341\234\316\021=\305\004XK\370:?v\253\356\370)\243"
 259      3DC50458 
 259      4BF83A3F 
 259      76ABEEF8 
 259      29A3
 260 097f 607447D5 		.ascii	"`tG\325W\316\3524\326\0050Q\375\365\202\016(\010\000"
 260      57CEEA34 
ARM GAS  /tmp/cc0VlJhX.s 			page 20


 260      D6053051 
 260      FDF5820E 
 260      280800
 261 0992 A8FEDAA2 		.ascii	"\250\376\332\242\003f\007\000p\325\367\242\275\232\260"
 261      03660700 
 261      70D5F7A2 
 261      BD9AB0
 262 09a1 DDA636EB 		.ascii	"\335\2466\353{\247\361\353\2260\355\234\037\303\266"
 262      7BA7F1EB 
 262      9630ED9C 
 262      1FC3B6
 263 09b0 947606CE 		.ascii	"\224v\006\316%\260\234@\271XQ\303\011\257\263\312pV"
 263      25B09C40 
 263      B95851C3 
 263      09AFB3CA 
 263      7056
 264 09c2 DC664289 		.ascii	"\334fB\211<z8W\034:\363L\230\313\202R\311\036~\312K"
 264      3C7A3857 
 264      1C3AF34C 
 264      98CB8252 
 264      C91E7ECA 
 265 09d7 85621344 		.ascii	"\205b\023D\234KK\216\344j\351i\245U\036\316\252\332"
 265      9C4B4B8E 
 265      E46AE969 
 265      A5551ECE 
 265      AADA
 266 09e9 20CE568B 		.ascii	" \316V\2138\352a\272%7\250\236\037\243\2271\010?\003"
 266      38EA61BA 
 266      2537A89E 
 266      1FA39731 
 266      083F03
 267 09fc EAE7490A 		.ascii	"\352\347I\0129\230\033D\227\007m\266\212A\264\363\266"
 267      39981B44 
 267      97076DB6 
 267      8A41B4F3 
 267      B6
 268 0a0d 769A14FB 		.ascii	"v\232\024\373p)\301\200\310\256^\312\231\327|N\240\214"
 268      7029C180 
 268      C8AE5ECA 
 268      99D77C4E 
 268      A08C
 269 0a1f 4029BE13 		.ascii	"@)\276\023\330N`\007\201\022\002;\211\244f\220X^\343"
 269      D84E6007 
 269      8112023B 
 269      89A46690 
 269      585EE3
 270 0a32 00F9F025 		.ascii	"\000\371\360%\272\013\312n?-\011\352n\027\354f\273`"
 270      BA0BCA6E 
 270      3F2D09EA 
 270      6E17EC66 
 270      BB60
 271 0a44 2442EE2E 		.ascii	"$B\356.x6;\330X@i\256RE\030L\"k_\302\312\030[\035\266"
 271      78363BD8 
 271      584069AE 
 271      5245184C 
 271      226B5FC2 
 272 0a5d 066CADD8 		.ascii	"\006l\255\330\332\260\335\306\366\010\333\207?\220\310"
ARM GAS  /tmp/cc0VlJhX.s 			page 21


 272      DAB0DDC6 
 272      F608DB87 
 272      3F90C8
 273 0a6c 0A6C1BB1 		.ascii	"\012l\033\261\355\300\266\353\007\310:\356FIUj\340\005"
 273      EDC0B6EB 
 273      07C83AEE 
 273      4649556A 
 273      E005
 274 0a7e 8FD80C95 		.ascii	"\217\330\014\225\004*\220\376!\002\207\231Z\255\004"
 274      042A90FE 
 274      21028799 
 274      5AAD04
 275 0a8d 8E106826 		.ascii	"\216\020h&\320D\340\030\201\323\004N\0228J\240\205\300"
 275      D044E018 
 275      81D3044E 
 275      12384AA0 
 275      85C0
 276 0a9f 0902C709 		.ascii	"\011\002\307\0114\022h@7&pJ\2139\273\237h\336\267\207"
 276      34126840 
 276      3726704A 
 276      8B39BB9F 
 276      68DEB787 
 277 0ab3 51E1DE27 		.ascii	"Q\341\336'.PJ6=1l\313\303\326\220\275\355\211\266G\366"
 277      2E504A36 
 277      3D316CCB 
 277      C3D690BD 
 277      ED89B647 
 278 0ac8 B1EF9AE2 		.ascii	"\261\357\232\342\006\227(\322I|\031@B\215\247\273t@"
 278      069728D2 
 278      497C1940 
 278      428DA7BB 
 278      7440
 279 0ada 8D01C028 		.ascii	"\215\001\300(\250[\265RG\354\015D\250\333\250B\227\243"
 279      A85BB552 
 279      47EC0D44 
 279      A8DBA842 
 279      97A3
 280 0aec D62A87EA 		.ascii	"\326*\207\352\275[u*\373\003\004A6\324\243\252\237("
 280      BD5B752A 
 280      FB030441 
 280      36D4A3AA 
 280      9F28
 281 0afe 1450C542 		.ascii	"\024P\305B\206\201\010\263\207\272\241\213u\"\007\002"
 281      868108B3 
 281      87BAA18B 
 281      75220702 
 282 0b0e 88A8926C 		.ascii	"\210\250\222l\321\001\365\001\000U\214*\035P\035hsn"
 282      D101F501 
 282      00558C2A 
 282      1D501D68 
 282      736E
 283 0b20 D3CDBA2E 		.ascii	"\323\315\272.\007Mb\030\302J\271\016\251\263\252\253"
 283      074D6218 
 283      C24AB90E 
 283      A9B3AAAB 
 284 0b30 620A9F18 		.ascii	"b\012\237\030\"\313\341\200\310r\006}\354\026\365\261"
 284      22CBE180 
ARM GAS  /tmp/cc0VlJhX.s 			page 22


 284      C872067D 
 284      EC16F5B1 
 285 0b40 01F9A7CA 		.ascii	"\001\371\247\312/\312\206\342\233E\343\217\363\264\024"
 285      2FCA86E2 
 285      9B45E38F 
 285      F3B414
 286 0b4f 7796C0D5 		.ascii	"w\226\300\325n\002FI\256\216XlB<\220\365\015\232\227"
 286      6E024649 
 286      AE8E586C 
 286      423C90F5 
 286      0D9A97
 287 0b62 C7F630A6 		.ascii	"\307\3660\246\262G2\205\360t\250BTc\024\352d:e#\231"
 287      B2473285 
 287      F074A842 
 287      546314EA 
 287      643A6523 
 288 0b77 DBA252DD 		.ascii	"\333\242R\335\234'B\323\035+\210\357\364\316\005ye\241"
 288      9C2742D3 
 288      1D2B88EF 
 288      F4CE0579 
 288      65A1
 289 0b89 FEB923A9 		.ascii	"\376\271#\251\242\273\270@lw\030\203\212\032\015n\310"
 289      A2BBB840 
 289      6C771883 
 289      8A1A0D6E 
 289      C8
 290 0b9a 705D66A9 		.ascii	"p]f\251\361*\3336\347\011\\!\320F\340\002\201\213\004"
 290      F12ADB36 
 290      E7095C21 
 290      D046E002 
 290      818B04
 291 0bad DA097C45 		.ascii	"\332\011|E\340\022\201\313\004\256\021\370\263\226O"
 291      E01281CB 
 291      04AE11F8 
 291      B3964F
 292 0bbc 72B83618 		.ascii	"r\2706\030A>a3yP1\335\246n\321\225\271e\222\363\246"
 292      413E6133 
 292      795031DD 
 292      A66ED195 
 292      B96592F3 
 293 0bd1 50668DA6 		.ascii	"Pf\215\246\014F\310{&\320]C\331]\224g\270\335#\026R"
 293      0C46C87B 
 293      26D05D43 
 293      D95D9467 
 293      B8DD2316 
 294 0be6 2A2ADF40 		.ascii	"**\337@\353\276\225\026\256\362G\003i\000[\271\372x"
 294      EBBE9516 
 294      AEF24703 
 294      69005BB9 
 294      FA78
 295 0bf8 4B588CC5 		.ascii	"KX\214\305\000\327\377\002\003\260\2708\224\307E\231"
 295      00D7FF02 
 295      03B0B838 
 295      94C74599 
 296 0c08 E40EC48A 		.ascii	"\344\016\304\212\025\333\321\201\335\235\265\317<|0"
 296      15DBD181 
 296      DD9DB5CF 
ARM GAS  /tmp/cc0VlJhX.s 			page 23


 296      3C7C30
 297 0c17 274ABBF2 		.ascii	"'J\273\362\350$\244\215\241\216\266Vm\0107\027'\367"
 297      E824A48D 
 297      A18EB656 
 297      6D083717 
 297      27F7
 298 0c29 08DC17C5 		.ascii	"\010\334\027\305IA\341\332M\206\343\367}\203K\021~W"
 298      4941E1DA 
 298      4D86E3F7 
 298      7D834B11 
 298      7E57
 299 0c3b BEE4D2BC 		.ascii	"\276\344\322\274`F\367\001\201\273\004G\252\353\026"
 299      6046F701 
 299      81BB0447 
 299      AAEB16
 300 0c4a 6E8AE8EE 		.ascii	"n\212\350\356\270\374\020\303\342\327|\326\372Y\327"
 300      B8FC10C3 
 300      E2D77CD6 
 300      FA59D7
 301 0c59 B61A8ECB 		.ascii	"\266\032\216\313\017\005\331G4.w\241\032\237\014\222"
 301      0F05D947 
 301      342E77A1 
 301      1A9F0C92 
 302 0c69 C87A6C65 		.ascii	"\310zle\330Nb\353\3046k0\235\\[q\360<h,\251nwg\354n"
 302      D84E62EB 
 302      C4366B30 
 302      9D5C5B71 
 302      F03C682C 
 303 0c83 55BAE3E8 		.ascii	"U\272\343\350G\273>\347\034;v\327\026\206\010\216~E"
 303      47BB3EE7 
 303      1C3B76D7 
 303      1686088E 
 303      7E45
 304 0c95 E73843A1 		.ascii	"\3478C\241\200\330\017N\037\350\010\323\267\033\253"
 304      80D80F4E 
 304      1FE808D3 
 304      B71BAB
 305 0ca4 8D0F1916 		.ascii	"\215\017\031\026\3741\201?)\346\364\313}\347H\236~\030"
 305      FC31813F 
 305      29E6F4CB 
 305      7DE7489E 
 305      7E18
 306 0cb6 BB6DC218 		.ascii	"\273m\302\030\223\375a\003\245.+%\323N\270I\240\203"
 306      93FD6103 
 306      A52E2B25 
 306      D34EB849 
 306      A083
 307 0cc8 B0754018 		.ascii	"\260u@\030:\302\207\012\314Q`\236\002\037)\360\201\002"
 307      3AC2870A 
 307      CC51609E 
 307      021F29F0 
 307      8102
 308 0cda B31498AB 		.ascii	"\263\024\230\253\300L\005f+<]t6\347\251'\313\031\012"
 308      C04C0566 
 308      2B3C5D74 
 308      36E7A927 
 308      CB190A
ARM GAS  /tmp/cc0VlJhX.s 			page 24


 309 0ced 3C331137 		.ascii	"<3\0217\334\363Vk\022\240y\2765\201D\364\330\223\247"
 309      DCF3566B 
 309      12A079BE 
 309      358144F4 
 309      D893A7
 310 0d00 9DA39F5A 		.ascii	"\235\243\237Z\020jd8\250C\2761A\014\021\275\263A\223"
 310      106A6438 
 310      A843BE31 
 310      410C11BD 
 310      B34193
 311 0d13 E711813B 		.ascii	"\347\021\201;V\223py\352\015\362<\261\222\302mR\300"
 311      56937079 
 311      EA0DF23C 
 311      B192C26D 
 311      52C0
 312 0d25 167BE793 		.ascii	"\026{\347\223\312\274\310\030\213u>V\276\217uH\361`"
 312      CABCC818 
 312      8B753E56 
 312      BE8F7548 
 312      F160
 313 0d37 F530A85E 		.ascii	"\3650\250^l\365'\373\030\325\325E\307\212\014wi\015"
 313      6CF527FB 
 313      18D5D545 
 313      C78A0C77 
 313      690D
 314 0d49 E2D67B89 		.ascii	"\342\326{\211\302/\373\026\335-\340>\266D\341wU\215"
 314      C22FFB16 
 314      DD2DE03E 
 314      B644E177 
 314      558D
 315 0d5b AB3B22D9 		.ascii	"\253;\"\331@\033\300R\005G\016/\233\2755B\273\304\373"
 315      401BC052 
 315      05470E2F 
 315      9BBD3542 
 315      BBC4FB
 316 0d6e 848EF8EF 		.ascii	"\204\216\370\3575\036R\264\221et\344\364\315\263\355"
 316      351E52B4 
 316      916574E4 
 316      F4CDB3ED 
 317 0d7e 366D6439 		.ascii	"6md9\035\351x\276\374X\2306\262\202\216<\\\262\342Q"
 317      1DE978BE 
 317      FC589836 
 317      B2828E3C 
 317      5CB2E251 
 318 0d92 B7D74BB9 		.ascii	"\267\327K\271\250n\016\027\347\371\351\305O\203\204"
 318      A86E0E17 
 318      E7F9E9C5 
 318      4F8384
 319 0da1 BCB9C25A 		.ascii	"\274\271\302Z+\031\340\037j[?\335 \017\265\374\030\312"
 319      2B19E01F 
 319      6A5B3FDD 
 319      200FB5FC 
 319      18CA
 320 0db3 14968F4B 		.ascii	"\024\226\217K\265PxU\206b\203\023\212\273\224\213:d"
 320      B5507855 
 320      86628313 
 320      8ABB948B 
ARM GAS  /tmp/cc0VlJhX.s 			page 25


 320      3A64
 321 0dc5 8909325F 		.ascii	"\211\0112_@\016\352\2203&\310\011\001i\325!+M\220\\"
 321      400EEA90 
 321      3326C809 
 321      0169D521 
 321      2B4D905C 
 322 0dd9 4392D9A6 		.ascii	"C\222\331\246c\2762a\332\004\231\013:\344\023\023d\251"
 322      63BE3261 
 322      DA04990B 
 322      3AE41313 
 322      64A9
 323 0deb 81CC591D 		.ascii	"\201\314Y\035\223c\302,\027d\316\351\220\025V\210\352"
 323      9363C22C 
 323      1764CEE9 
 323      90155688 
 323      EA
 324 0dfc B4EDA5AA 		.ascii	"\264\355\245\252\323.\226a\201Us\025\265\265T\374\265"
 324      D32E9661 
 324      81557315 
 324      B5B554FC 
 324      B5
 325 0e0d A4DD84FA 		.ascii	"\244\335\204\372\263\001\265\253T\354\366K&\324\005"
 325      B301B5AB 
 325      54ECF64B 
 325      26D405
 326 0e1c 21D4315D 		.ascii	"!\3241]\250\325&\310*\221\226\252\015\334\316\231@g"
 326      A8D526C8 
 326      2A9196AA 
 326      0DDCCE99 
 326      4067
 327 0e2e 0D0628E7 		.ascii	"\015\006(\347\204\350\337o\254vT\363pq)\346a$t\003w"
 327      84E8DF6F 
 327      AC7654F3 
 327      707129E6 
 327      61247403 
 328 0e43 0F03F16C 		.ascii	"\017\003\361lc\372\273T\347\021\215]\223\014'\255+\253"
 328      63FABB54 
 328      E7118D5D 
 328      930C27AD 
 328      2BAB
 329 0e55 B2ABD7D9 		.ascii	"\262\253\327\331\265\2300\315\006\003\\7\030\340c\023"
 329      B59830CD 
 329      06035C37 
 329      18E06313 
 330 0e65 6A9E5E88 		.ascii	"j\236^\210\250\373y\221\002\013\361\261@\241(\334\317"
 330      A8FB7991 
 330      020BF1B1 
 330      40A128DC 
 330      CF
 331 0e76 3B14D8A4 		.ascii	";\024\330\244\300z\005\326(P\250@\036\016*\360\231\002"
 331      C07A05D6 
 331      2850A840 
 331      1E0E2AF0 
 331      9902
 332 0e88 5B15D8A9 		.ascii	"[\025\330\251\300F\005>W`\213\002\371\012lV`\273\002"
 332      C046053E 
 332      57608B02 
ARM GAS  /tmp/cc0VlJhX.s 			page 26


 332      F90A6C56 
 332      60BB02
 333 0e9b 1B142855 		.ascii	"\033\024(U`\233\002\253\025\370T\201\265\012\224(P\240"
 333      609B02AB 
 333      15F85481 
 333      B50A9428 
 333      50A0
 334 0ead C02A05D6 		.ascii	"\300*\005\326)P\244@\231\026&w\033\254y\321\272*\252"
 334      2950A440 
 334      99162677 
 334      1BAC79D1 
 334      BA2AAA
 335 0ec0 E82D06D1 		.ascii	"\350-\006\321\363\254\276\313\327\356\274\276v\313\254"
 335      F3ACBECB 
 335      D7EEBCBE 
 335      76CBAC
 336 0ecf 7EA9C652 		.ascii	"~\251\306R\035\322j5\0233@\347\321\322\012\266(\307"
 336      1DD26A35 
 336      133340E7 
 336      D1D20AB6 
 336      28C7
 337 0ee1 65F89461 		.ascii	"e\370\224a\264\233\2635\302\005\232\015\342\344[\375"
 337      B49BB335 
 337      C2059A0D 
 337      E2E45BFD 
 338 0ef1 443D9715 		.ascii	"D=\227\025\225\262*h\276\002\267\010\305\360 i<I\336"
 338      95B22A68 
 338      BE02B708 
 338      C5F02069 
 338      3C49DE
 339 0f04 D0DC7BA5 		.ascii	"\320\334{\245\002\213\025\313\212hgR\003\267\363V\207"
 339      028B15CB 
 339      8A686752 
 339      03B7F356 
 339      87
 340 0f15 E3A42A0D 		.ascii	"\343\244*\015v\274b\015#\364\372\361>\013\262\233\032"
 340      76BC620D 
 340      23F4FAF1 
 340      3E0BB29B 
 340      1A
 341 0f26 AE1F8B88 		.ascii	"\256\037\213\210\261,u\371\377\357R\323\340\235\177"
 341      B12C75F9 
 341      FFEF52D3 
 341      E09D7F
 342 0f35 C0706759 		.ascii	"\300pgY!\004\254\344\321\364\352\222\242\352\210\037"
 342      2104ACE4 
 342      D1F4EA92 
 342      A2EA881F 
 343 0f45 35FBFD5D 		.ascii	"5\373\375]\313\357\235,\033Z7\263\340W\370\011\346\262"
 343      CBEF9D2C 
 343      1B5A37B3 
 343      E057F809 
 343      E6B2
 344 0f57 4B510D3B 		.ascii	"KQ\015;\227^&\326\014a5\316\346\206[`PD=\271\356V\276"
 344      975E26D6 
 344      0C6135CE 
 344      E6865B60 
ARM GAS  /tmp/cc0VlJhX.s 			page 27


 344      50443DB9 
 345 0f6e F3E48A93 		.ascii	"\363\344\212\223\347\345\317\236c\250\240\252\014\211"
 345      E7E5CF9E 
 345      63A8A0AA 
 345      0C89
 346 0f7c 0EA52127 		.ascii	"\016\245!'\206H\344\301\020\236\245h\365\264\261\245"
 346      8648E4C1 
 346      109EA568 
 346      F5B4B1A5 
 347 0f8c F533B9DB 		.ascii	"\3653\271\333\377r\242\320sm\023\375\317#\215\317\257"
 347      FF72A2D0 
 347      736D13FD 
 347      CF238DCF 
 347      AF
 348 0f9d 15841A   		.ascii	"\025\204\032"
 349 0fa0 0FB66B09 		.ascii	"\017\266k\011\354EbP\2470\234D\226\274,\221|l%\330\352"
 349      EC456250 
 349      A7309C44 
 349      96BC2C91 
 349      7C6C25D8 
 350 0fb5 B09DC476 		.ascii	"\260\235\304v\031\333}l\263\342\350\355\376\354[\037"
 350      19DB7D6C 
 350      B3E2E8ED 
 350      FEEC5B1F 
 351 0fc5 1D8C329F 		.ascii	"\035\2142\237/\272V>\362\177\321\267x\007\273\335G\252"
 351      2FBA563E 
 351      F27FD1B7 
 351      7807BBDD 
 351      47AA
 352 0fd7 871438AE 		.ascii	"\207\0248\256X/O\266-u\211\303\247\011\300\017J\273"
 352      582F4FB6 
 352      2D7589C3 
 352      A709C00F 
 352      4ABB
 353 0fe9 F5EF0702 		.ascii	"\365\357\007\002\010<\341\007\272=K\331\237\344\353"
 353      083CE107 
 353      BA3D4BD9 
 353      9FE4EB
 354 0ff8 147AA043 		.ascii	"\024z\240C\200&}\265"
 354      80267DB5 
 355 1000 386C55EB 		.ascii	"8lU\3534\366\031h\230\257\362@\277\312;\3140\270\020"
 355      34F61968 
 355      98AFF240 
 355      BFCA3BCC 
 355      30B810
 356 1013 4D0A1CC1 		.ascii	"M\012\034\301l\256\300i\005N*pB\201\243\012\234R\240"
 356      6CAEC069 
 356      054E2A70 
 356      4281A30A 
 356      9C52A0
 357 1026 5181638A 		.ascii	"Q\201c\212vU\257\223\3762@<\365\340[\251\003\352\003"
 357      7655AF93 
 357      FE32403C 
 357      F5E05BA9 
 357      03EA03
 358 1039 00DA5151 		.ascii	"\000\332QQ\007\354\017\000\250\007\343\012\035p0\000"
 358      07EC0F00 
ARM GAS  /tmp/cc0VlJhX.s 			page 28


 358      A807E30A 
 358      1D703000 
 359 1049 A0DE616D 		.ascii	"\240\336am]j\270T4\001\260\356Y\027'\221\375q,\353\177"
 359      5D6AB854 
 359      3401B0EE 
 359      59172791 
 359      FD712CEB 
 360 105e 7E7FBFA1 		.ascii	"~\177\277\241J>%n\272[\350\"_\210\3437x~\231tQ|\344"
 360      4A3E256E 
 360      BA5BE822 
 360      5F88E337 
 360      787E9974 
 361 1075 9DAFB67D 		.ascii	"\235\257\266}\010\206\273\335\307\271\342(\262G\201"
 361      0886BBDD 
 361      C7B9E228 
 361      B24781
 362 1084 2BDD1562 		.ascii	"+\335\025b%7\265\333\2433&\204\341\1775\\7\\\015\265"
 362      2537B5DB 
 362      A3332684 
 362      E17F355C 
 362      375C0DB5 
 363 1098 9A4022BE 		.ascii	"\232@\"\276th\254Z\024h\266`\324,t'\027\263\320\354"
 363      7468AC5A 
 363      1468B660 
 363      D42C7427 
 363      17B3D0EC 
 364 10ac 9154E31A 		.ascii	"\221T\343\032\206\321\316\236\326\313\241\263\012MM"
 364      86D1CE9E 
 364      D6CBA1B3 
 364      0A4D4D
 365 10bb F44F5657 		.ascii	"\364OVW\330\312^T\340\222\002\027\024\270\254\300y\005"
 365      D8CA5E54 
 365      E0920217 
 365      14B8ACC0 
 365      7905
 366 10cd AE6A41FD 		.ascii	"\256jA\375\211\341\206\354\234UE\032\214V\376\220\035"
 366      89E186EC 
 366      9C55451A 
 366      8C56FE90 
 366      1D
 367 10de B7EA6E6F 		.ascii	"\267\352no3\376-De\320\246\364\302\000\247\335j\252"
 367      33FE2D44 
 367      65D0A6F4 
 367      C200A7DD 
 367      6AAA
 368 10f0 5A102696 		.ascii	"Z\020&\226\340\232\240\377\025\217%\313\357\327\267"
 368      E09AA0FF 
 368      158F25CB 
 368      EFD7B7
 369 10ff 1B2AC9F9 		.ascii	"\033*\311\371\206\212\200\003\2165\344\\\215\020\200"
 369      868A8003 
 369      8E35E45C 
 369      8D1080
 370 110e 4A0168E7 		.ascii	"J\001h\347\200\333g\273\2760\374\007\210\033\342,t\235"
 370      80DB67BB 
 370      BE30FC07 
 370      881BE22C 
ARM GAS  /tmp/cc0VlJhX.s 			page 29


 370      749D
 371 1120 032E6D5A 		.ascii	"\003.mZu\247\217\000\030\256\346np\300\272\374{\365"
 371      75A78F00 
 371      18AEE66E 
 371      70C0BAFC 
 371      7BF5
 372 1132 06190C46 		.ascii	"\006\031\014F\350\340\200\332\362\334\034\203\014\206"
 372      E8E080DA 
 372      F2DC1C83 
 372      0C86
 373 1140 FFE47193 		.ascii	"\377\344q\223\3529q\304\210x\257cZ\274\327\227>zT|\302"
 373      EA3971C4 
 373      8878AF63 
 373      5ABCD797 
 373      3E7A547C 
 374 1155 94B7478F 		.ascii	"\224\267G\217J\234\232\360o\277I|\313\225\344\261{\336"
 374      4A9C9AF0 
 374      6FBF497C 
 374      CB95E4B1 
 374      7BDE
 375 1167 8F4FCE4C 		.ascii	"\217O\316LO\317\314\300\207\307\031\357\365$\307g\277"
 375      4FCFCCC0 
 375      87C719EF 
 375      F524C767 
 375      BF
 376 1178 97E870BE 		.ascii	"\227\350p\276\353Jv&z}\366\344i\211\256\014\237\323"
 376      EB4A7626 
 376      7A7DF6E4 
 376      6989AE0C 
 376      9FD3
 377 118a 9362C77E 		.ascii	"\223b\307~\252\3237\"9\344\227\023\246\306\215}\355"
 377      AAD33722 
 377      39E49713 
 377      A6C68D7D 
 377      ED
 378 119b 679232F5 		.ascii	"g\2222\365\315\011S^F\264\327m\177\327\231\350\363\330"
 378      CD09535E 
 378      46B4D76D 
 378      7FD799E8 
 378      F3D8
 379 11ad 33BC294E 		.ascii	"3\274)NO\242\307\371\207l\247\327\227\350u\372\262\263"
 379      4FA2C7F9 
 379      876CA7D7 
 379      97E875FA 
 379      B2B3
 380 11bf 82A68EFD 		.ascii	"\202\246\216\375\325\230\311\177\3253*%\323\203\224"
 380      D598C97F 
 380      D5332A25 
 380      D38394
 381 11ce FFE846E4 		.ascii	"\377\350F\344[\023'\374\362\207=#}\256tgf\266\2577\216"
 381      5B1327FC 
 381      F2873D23 
 381      7DAE7467 
 381      66B6AF37 
 382 11e3 3EBBCF39 		.ascii	">\273\3179\274\347\357\250i\226\333\351sef$\246dg$\323"
 382      BCE7EFA8 
 382      6996DBE9 
ARM GAS  /tmp/cc0VlJhX.s 			page 30


 382      73656624 
 382      A6646724 
 383 11f8 9701537F 		.ascii	"\227\001S\177\223\230\360\326\230w\306'N\231<fB\302"
 383      9398F0D6 
 383      9877C627 
 383      4E993C66 
 383      42C2
 384 120a 1BE32727 		.ascii	"\033\343''&L\231<ulo\212e\245\331\275\316\277\376^l"
 384      264C993C 
 384      756C6F8A 
 384      65A5D9BD 
 384      CEBFFE5E 
 385 121f 92331DBD 		.ascii	"\2223\035\275!\365\001\2673#\325\227\366\323\236\221"
 385      21F501B7 
 385      3323D597 
 385      F6D39E91 
 386 122f AE8C40F0 		.ascii	"\256\214@\360\253=\203\355\311\276l\273[\305\375M\317"
 386      AB3D83ED 
 386      C9BE6CBB 
 386      5BC5FD4D 
 386      CF
 387 1240 38F5E974 		.ascii	"8\365\351t\250\320\021\275\350\224\355\36183|\211\016"
 387      A8D011BD 
 387      E894EDF1 
 387      38337C89 
 387      0E
 388 1251 BBCF9E98 		.ascii	"\273\317\236\230\225\311|\342\307=\303\215\260Wz\206"
 388      95C97CE2 
 388      C73DC38D 
 388      B0577A86 
 389 1261 39331C0C 		.ascii	"93\034\014$Va\374\204q\223&\242_\251\2530\244\027\333"
 389      245661FC 
 389      84719326 
 389      A25FA9AB 
 389      30A417DB 
 390 1275 BD9FE58C 		.ascii	"\275\237\345\214\353\335\027\262\275\2758\003\007\360"
 390      EBDD17B2 
 390      BDBD3803 
 390      07F0
 391 1283 C54C74A5 		.ascii	"\305Lt\245f\240\373\377,>=\303\027\237\034\357K\317"
 391      66A0FBFF 
 391      2C3E3DC3 
 391      179F1CEF 
 391      4BCF
 392 1295 8A77B8B2 		.ascii	"\212w\270\262\334\231\351\323\354\361>Of\226+y\344k"
 392      DC99E9D3 
 392      ECF13E4F 
 392      66962B79 
 392      E46B
 393 12a7 C3D906CA 		.ascii	"\303\331\006\312\376\273\341\331\336\244\341\270A\246"
 393      FEBBE1D9 
 393      DEA4E1B8 
 393      41A6
 394 12b5 B97CC353 		.ascii	"\271|\303S\246\307\333\263\262\244_\374%[\314\225\301"
 394      A6C7DBB3 
 394      B2A45FFC 
 394      255BCC95 
ARM GAS  /tmp/cc0VlJhX.s 			page 31


 394      C1
 395 12c6 B6983DCB 		.ascii	"\266\230=\3135\"Mz\301\342~\261vO\372\273?\037\236>"
 395      35224D7A 
 395      C1E27EB1 
 395      764FFABB 
 395      3F1F9E3E 
 396 12da 22DDEECA 		.ascii	"\"\335\356\312\370\211\303\233\365\223\224,)\014g\372"
 396      F889C39B 
 396      F593942C 
 396      290C67FA 
 397 12ea 9CEF0D4F 		.ascii	"\234\357\015O\037=Z\032\222\330\353\006\235\364\177"
 397      1F3D5A1A 
 397      92D8EB06 
 397      9DF47F
 398 12f9 BCDDA568 		.ascii	"\274\335\245h\312\317\373>\272I:7\345\217\002\372\332"
 398      CACFFB3E 
 398      BA493A37 
 398      E58F02FA 
 398      DA
 399 130a F4777135 		.ascii	"\364wq53u\373\276\034\210JN\263g\244:\365\215g\371\256"
 399      3375FBBE 
 399      1C884A4E 
 399      B367A43A 
 399      F58D67F9 
 400 131f 5271A464 		.ascii	"Rq\244d'\246\343\256\031\326\313w\266\317\023\323\355"
 400      27A6E3AE 
 400      19D6CB77 
 400      B6CF13D3 
 400      ED
 401 1330 C969AE8C 		.ascii	"\311i\256\214^\201\372\242{]\177\344\373\260\007\240"
 401      5E81FAA2 
 401      7B5D7FE4 
 401      FBB007A0 
 402 1340 C389BAA7 		.ascii	"\303\211\272\247i!\346\325^\220\311\366,{\222\313\355"
 402      6921E6D5 
 402      5E90C9F6 
 402      2C7B92CB 
 402      ED
 403 1351 F2B99C5E 		.ascii	"\362\271\234^\213%<\316\364L\224l\272}\2323;\013\275"
 403      8B253CCE 
 403      F44C946C 
 403      BA7D9A33 
 403      3B0BBD
 404 1364 DB9EE476 		.ascii	"\333\236\344v:,\002\232Q:\301\367\007\006\002\2632\247"
 404      3A2C029A 
 404      513AC1F7 
 404      070602B3 
 404      32A7
 405 1376 53D9A9B6 		.ascii	"S\331\251\266\375\002\277y\263\234N\207E\000\261x\311"
 405      FD02BF79 
 405      B39C4E87 
 405      4500B178 
 405      C9
 406 1387 6EBBD79B 		.ascii	"n\273\327\233h\367x\354\357\213\350\313\007\22333R\\"
 406      68F778EC 
 406      EF8BE8CB 
 406      07933333 
ARM GAS  /tmp/cc0VlJhX.s 			page 32


 406      525C
 407 1399 A9D91E3B 		.ascii	"\251\331\036;\013Q\031\331\351IN\317\313\001\030A\210"
 407      0B5119D9 
 407      E9494ECF 
 407      CB011841 
 407      88
 408 13aa 7F7FA5C7 		.ascii	"\177\177\245\307\357Yv\217=\335\211\275A\001\020\237"
 408      EF59768F 
 408      3DDD89BD 
 408      4101109F 
 409 13ba DD3B4D5F 		.ascii	"\335;M_\356~\2012\270]\030N\372[\250\242\262\031\311"
 409      EE7E8132 
 409      B85D184E 
 409      FA5BA8A2 
 409      B219C9
 410 13cd CEC101E3 		.ascii	"\316\301\001\343\010\365\274\257\323\032\254o\232\261"
 410      08F5BCAF 
 410      D31AAC6F 
 410      9AB1
 411 13db 6F8D4948 		.ascii	"o\215IHH\034;\361\355\267\307L\030\247\206\214@N|\237"
 411      481C3BF1 
 411      EDB7C74C 
 411      18A7868C 
 411      404E7C9F 
 412 13ef C7048C66 		.ascii	"\307\004\214f\240\314\375\002\350\360\371\003z\322\364"
 412      A0CCFD02 
 412      E8F0F903 
 412      7AD2F4
 413 13fe 251D8EF1 		.ascii	"%\035\216\361i\374\3447\306\214\035\257N\2114\023\262"
 413      69FCE437 
 413      C68C1DAF 
 413      4E893413 
 413      B2
 414 140f ACA3612D 		.ascii	"\254\243a-\206Z\\\013}*\205Zpz\246g\232\032\207\007"
 414      865A5C0B 
 414      7D2A855A 
 414      707AA667 
 414      9A1A8707 
 415 1423 F70AFA69 		.ascii	"\367\012\372i\340W7n\254l;\356-\227\303B\312\342!\335"
 415      E057376E 
 415      AC6C3BEE 
 415      2D97C342 
 415      CAE221DD 
 416 1437 822D0EEF 		.ascii	"\202-\016\357\365y\\\031\251\026jq\337\205\033\325\303"
 416      F5795C19 
 416      A9166A71 
 416      DF851BD5 
 416      C3
 417 1448 CE092494 		.ascii	"\316\011$\224\230\346JM\343>\374\223\357\234\"\260\337"
 417      98E64A4D 
 417      E33EFC93 
 417      EF9C22B0 
 417      DF
 418 1459 9B7C4AB6 		.ascii	"\233|J\266\333\375}\311\013lO\373\376;\315\020\210{"
 418      DBFD7DC9 
 418      0B6C4FFB 
 418      FE3BCD10 
ARM GAS  /tmp/cc0VlJhX.s 			page 33


 418      887B
 419 146b B17BC08F 		.ascii	"\261{\300\217t\327R'h\371\017\323Pf\246[\335jCzG\375"
 419      74D75227 
 419      68F90FD3 
 419      5066A65B 
 419      DD6A437A 
 420 1481 38F0B3EE 		.ascii	"8\360\263\356\240&*/\177\007\314\362=\305\345au\206"
 420      A0262A2F 
 420      7F07CCF2 
 420      3DC5E561 
 420      7586
 421 1493 8A1A16F8 		.ascii	"\212\032\026\370\335\0345\034No\262\307\225\345\313"
 421      DD1C351C 
 421      4E6FB2C7 
 421      95E5CB
 422 14a2 F484BC6D 		.ascii	"\364\204\274m\177o\022\015T\341I\351c|\350\017I\331"
 422      7F6F120D 
 422      54E149E9 
 422      637CE80F 
 422      49D9
 423 14b4 3EA737D2 		.ascii	">\2477\3225\326\210\217I2u\337\261\273\263\235\221I"
 423      35D6888F 
 423      493275DF 
 423      B1BBB39D 
 423      9149
 424 14c6 13B2D3DF 		.ascii	"\023\262\323\337\324\245\012\237>%\323gw\277\305,\334"
 424      D4A50A9F 
 424      3E25D367 
 424      77BFC52C 
 424      DC
 425 14d7 676AC2AF 		.ascii	"gj\302\257&N\236\022\2254N\3473\005\363}p\022\377\374"
 425      264E9E12 
 425      95344EE7 
 425      3305F37D 
 425      7012FFFC 
 426 14eb 0A6EB8B1 		.ascii	"\012n\270\261\023'\274\361\346/\247N\0363\345\315\211"
 426      1327BCF1 
 426      E62FA74E 
 426      1E33E5CD 
 426      89
 427 14fc 1312C78D 		.ascii	"\023\022\307\215O\030;\371\315IS&j\365\233\305Lf\371"
 427      4F183BF9 
 427      CD495326 
 427      6AF59BC5 
 427      4C66F9
 428 150f BD4EB733 		.ascii	"\275N\2673\031+\237\270n`\230\361\335\272\321E\340\323"
 428      192B9FB8 
 428      6E6098F1 
 428      DDBAD145 
 428      E0D3
 429 1521 462CA5C4 		.ascii	"F,\245\304\000+\204\023{Q\217\013\343\306\277\363\246"
 429      002B8413 
 429      7B518F0B 
 429      E3C6BFF3 
 429      A6
 430 1532 1E2E065A 		.ascii	"\036.\006Z\361\272\331_\266~\313p\276'*\245A\335\361"
 430      F1BAD95F 
ARM GAS  /tmp/cc0VlJhX.s 			page 34


 430      B67ECB70 
 430      BE272AA5 
 430      41DDF1
 431 1545 D24C1496 		.ascii	"\322L\024\226hwc%\303\262]h\0223\355\273vw\344t\272"
 431      68776325 
 431      C3B25D68 
 431      1233EDBB 
 431      7677E474 
 432 155a 4298DA9D 		.ascii	"B\230\332\235\276\004\374\020\2354^\2359\306\341\360"
 432      BE04FC10 
 432      9D345E9D 
 432      39C6E1F0 
 433 156a 38BD5E1A 		.ascii	"8\275^\032N\365\262\313b\307X+C\247\243\277u\220e\251"
 433      4EF5B2CB 
 433      62C7582B 
 433      43A7A3BF 
 433      759065A9 
 434 157e 6E2CC1C3 		.ascii	"n,\301\303\357\017\002\315,\204\356K\335\300\344\035"
 434      EF0F02CD 
 434      2C84EE4B 
 434      DDC0E41D 
 435 158e DE085782 		.ascii	"\336\010W\202\323\343\262\273'0O\016qM\362d:\262\223"
 435      D3E3B2BB 
 435      27304F0E 
 435      714DF264 
 435      3AB293
 436 15a1 7D11AEB7 		.ascii	"}\021\256\267\355\031\331)\264\272\3658=\241I\311\216"
 436      ED19D929 
 436      B4BAF538 
 436      3DA149C9 
 436      8E
 437 15b2 718C58A8 		.ascii	"q\214X\250\313\241\"B\\\216wX\025\022\225d\322y$u$\012"
 437      CBA12242 
 437      5C8E7758 
 437      15129564 
 437      D2792475 
 438 15c8 459C2F33 		.ascii	"E\234/39\323\255\365\023\262\223\306\322\340\034\256"
 438      39D3ADF5 
 438      13B293C6 
 438      D2E01CAE 
 439 15d8 F659A70F 		.ascii	"\366Y\247\017R\306\222i \332E]7\213U\372\005\352\303"
 439      52C69269 
 439      20DA455D 
 439      378B55FA 
 439      05EAC3
 440 15eb D41F1838 		.ascii	"\324\037\0308jH\340Q\001\276\020c\011\021\311FgLvh\236"
 440      6A48E051 
 440      01BE1063 
 440      0911C946 
 440      674C7668 
 441 1600 E8460A69 		.ascii	"\350F\012iv\217c\272\335\343\354g\002h\3710F\220\036"
 441      768F63BA 
 441      DDE3EC67 
 441      0268F930 
 441      46901E
 442 1613 3BCEE263 		.ascii	";\316\342c\024\251\212c\347\013\036e\372\346\312\214"
 442      14A98A63 
ARM GAS  /tmp/cc0VlJhX.s 			page 35


 442      E70B1E65 
 442      FAE6CA8C 
 443 1623 36F73D7F 		.ascii	"6\367=\177\030l\032\310\364\245\232\252\236A=II+\362"
 443      186C1AC8 
 443      F4A59AAA 
 443      9E413D49 
 443      492BF2
 444 1636 18D347BE 		.ascii	"\030\323G\276\370\003E\211I\007MuA\270Qv\266_~\2330"
 444      F8034589 
 444      49074D75 
 444      41B85176 
 444      B65F7E9B 
 445 164b 65FCDBEA 		.ascii	"e\374\333\352\030\327e\304\367*8u\222Q\001T\376\351"
 445      18D765C4 
 445      F72A3875 
 445      92510154 
 445      FEE9
 446 165d 7F509D73 		.ascii	"\177P\235sv\246\002]\333\"\342\204j\250\221\350\026"
 446      76A6025D 
 446      DB22E284 
 446      6AA891E8 
 446      16
 447 166e D5BB83BB 		.ascii	"\325\273\203\273A\010\177\267\271\364\230\3277I\177"
 447      41087FB7 
 447      B9F498D7 
 447      37497F
 448 167d D51CD330 		.ascii	"\325\034\3230\244\371f\224\030b\375\010\272a\264=\354"
 448      A4F96694 
 448      1862FD08 
 448      BA61B43D 
 448      EC
 449 168e 7D21698C 		.ascii	"}!i\214\033\277f\240\213%8}>\314\306\321\002\3177\320"
 449      1BBF66A0 
 449      8B25387D 
 449      3ECCC6D1 
 449      02CF37D0 
 450 16a2 10D44194 		.ascii	"\020\324A\224,\026_\356N!s96\240'\304K\335|\340k\336"
 450      2C165FEE 
 450      4E217339 
 450      36A027C4 
 450      4BDD7CE0 
 451 16b8 1D519E61 		.ascii	"\035Q\236a\264\310\320\327ZN\3757lb\351<"
 451      B4C8D0D7 
 451      5A4EFD37 
 451      6C62E93C 
 452              		.text
 453              		.section	.gnu.lto_.symtab.593890db8c831baf,"e",%progbits
 454 0000 5F75785F 		.ascii	"_ux_device_stack_interface_get\000"
 454      64657669 
 454      63655F73 
 454      7461636B 
 454      5F696E74 
 455 001f 00       		.ascii	"\000"
 456 0020 00       		.ascii	"\000"
 457 0021 00       		.ascii	"\000"
 458 0022 00000000 		.ascii	"\000\000\000\000\000\000\000\000"
 458      00000000 
ARM GAS  /tmp/cc0VlJhX.s 			page 36


 459 002a 09010000 		.ascii	"\011\001\000\000"
 460 002e 5F75785F 		.ascii	"_ux_system_slave\000"
 460      73797374 
 460      656D5F73 
 460      6C617665 
 460      00
 461 003f 00       		.ascii	"\000"
 462 0040 02       		.ascii	"\002"
 463 0041 00       		.ascii	"\000"
 464 0042 00000000 		.ascii	"\000\000\000\000\000\000\000\000"
 464      00000000 
 465 004a 3B020000 		.ascii	";\002\000\000"
 466              		.text
 467              		.section	.gnu.lto_.ext_symtab.593890db8c831baf,"e",%progbits
 468 0000 01       		.ascii	"\001"
 469 0001 01       		.ascii	"\001"
 470 0002 00       		.ascii	"\000"
 471 0003 02       		.ascii	"\002"
 472 0004 01       		.ascii	"\001"
 473              		.text
 474              		.section	.gnu.lto_.opts,"e",%progbits
 475 0000 272D666E 		.ascii	"'-fno-openmp' '-fno-openacc' '-fno-pie' '-fcf-prote"
 475      6F2D6F70 
 475      656E6D70 
 475      2720272D 
 475      666E6F2D 
 476 0033 6374696F 		.ascii	"ction=none' '-mcpu=cortex-m33' '-mthumb' '-mfpu=fpv"
 476      6E3D6E6F 
 476      6E652720 
 476      272D6D63 
 476      70753D63 
 477 0066 342D7370 		.ascii	"4-sp-d16' '-mfloat-abi=hard' '-mlibarch=armv8-m.mai"
 477      2D643136 
 477      2720272D 
 477      6D666C6F 
 477      61742D61 
 478 0099 6E2B6473 		.ascii	"n+dsp+fp' '-march=armv8-m.main+dsp+fp' '-Os' '-flto"
 478      702B6670 
 478      2720272D 
 478      6D617263 
 478      683D6172 
 479 00cc 2720272D 		.ascii	"' '-fdata-sections' '-ffunction-sections' '-Xassemb"
 479      66646174 
 479      612D7365 
 479      6374696F 
 479      6E732720 
 480 00ff 6C657227 		.ascii	"ler' '-a' '-Xassembler' '-ad' '-Xassembler' '-alms="
 480      20272D61 
 480      2720272D 
 480      58617373 
 480      656D626C 
 481 0132 6275696C 		.ascii	"build/../sdk/stm32/STM32_USBX_Library/common/core/s"
 481      642F2E2E 
 481      2F73646B 
 481      2F73746D 
 481      33322F53 
 482 0165 72632F75 		.ascii	"rc/ux_device_stack_interface_get.lst'\000"
ARM GAS  /tmp/cc0VlJhX.s 			page 37


 482      785F6465 
 482      76696365 
 482      5F737461 
 482      636B5F69 
 483              		.text
 484              		.comm	__gnu_lto_slim,1,1
 485              		.ident	"GCC: (15:10.3-2021.07-4) 10.3.1 20210621 (release)"
ARM GAS  /tmp/cc0VlJhX.s 			page 38


DEFINED SYMBOLS
                            *ABS*:0000000000000000 ux_device_stack_interface_get.c
                            *COM*:0000000000000001 __gnu_lto_slim

NO UNDEFINED SYMBOLS
