ARM GAS  /tmp/cci3Mpon.s 			page 1


   1              		.cpu cortex-m33
   2              		.eabi_attribute 27, 1
   3              		.eabi_attribute 28, 1
   4              		.eabi_attribute 20, 1
   5              		.eabi_attribute 21, 1
   6              		.eabi_attribute 23, 3
   7              		.eabi_attribute 24, 1
   8              		.eabi_attribute 25, 1
   9              		.eabi_attribute 26, 1
  10              		.eabi_attribute 30, 4
  11              		.eabi_attribute 34, 1
  12              		.eabi_attribute 18, 4
  13              		.file	"ux_device_stack_clear_feature.c"
  14              		.text
  15              		.section	.text._ux_device_stack_clear_feature,"ax",%progbits
  16              		.align	1
  17              		.global	_ux_device_stack_clear_feature
  18              		.arch armv8-m.main
  19              		.arch_extension dsp
  20              		.syntax unified
  21              		.thumb
  22              		.thumb_func
  23              		.fpu fpv4-sp-d16
  25              	_ux_device_stack_clear_feature:
  26              		@ args = 0, pretend = 0, frame = 0
  27              		@ frame_needed = 0, uses_anonymous_args = 0
  28 0000 38B5     		push	{r3, r4, r5, lr}
  29 0002 174B     		ldr	r3, .L12
  30 0004 10F00300 		ands	r0, r0, #3
  31 0008 1C68     		ldr	r4, [r3]
  32 000a 09D0     		beq	.L2
  33 000c 0228     		cmp	r0, #2
  34 000e 0FD0     		beq	.L3
  35              	.L4:
  36 0010 1421     		movs	r1, #20
  37 0012 2046     		mov	r0, r4
  38 0014 A369     		ldr	r3, [r4, #24]
  39 0016 04F13C02 		add	r2, r4, #60
  40 001a 9847     		blx	r3
  41 001c 0020     		movs	r0, #0
  42 001e 06E0     		b	.L1
  43              	.L2:
  44 0020 0129     		cmp	r1, #1
  45 0022 04D1     		bne	.L1
  46 0024 D4F84821 		ldr	r2, [r4, #328]
  47 0028 BAB1     		cbz	r2, .L11
  48 002a C4F84C01 		str	r0, [r4, #332]
  49              	.L1:
  50 002e 38BD     		pop	{r3, r4, r5, pc}
  51              	.L3:
  52 0030 D4F8B430 		ldr	r3, [r4, #180]
  53              	.L6:
  54 0034 002B     		cmp	r3, #0
  55 0036 EBD0     		beq	.L4
  56 0038 DD69     		ldr	r5, [r3, #28]
  57              	.L7:
  58 003a 0DB9     		cbnz	r5, .L9
ARM GAS  /tmp/cci3Mpon.s 			page 2


  59 003c 9B69     		ldr	r3, [r3, #24]
  60 003e F9E7     		b	.L6
  61              	.L9:
  62 0040 A97B     		ldrb	r1, [r5, #14]	@ zero_extendqisi2
  63 0042 9142     		cmp	r1, r2
  64 0044 07D1     		bne	.L8
  65 0046 2A46     		mov	r2, r5
  66 0048 1021     		movs	r1, #16
  67 004a 2046     		mov	r0, r4
  68 004c A369     		ldr	r3, [r4, #24]
  69 004e 9847     		blx	r3
  70 0050 0020     		movs	r0, #0
  71 0052 6860     		str	r0, [r5, #4]
  72 0054 EBE7     		b	.L1
  73              	.L8:
  74 0056 6D69     		ldr	r5, [r5, #20]
  75 0058 EFE7     		b	.L7
  76              	.L11:
  77 005a 5420     		movs	r0, #84
  78 005c E7E7     		b	.L1
  79              	.L13:
  80 005e 00BF     		.align	2
  81              	.L12:
  82 0060 00000000 		.word	_ux_system_slave
  84              		.ident	"GCC: (15:10.3-2021.07-4) 10.3.1 20210621 (release)"
ARM GAS  /tmp/cci3Mpon.s 			page 3


DEFINED SYMBOLS
                            *ABS*:0000000000000000 ux_device_stack_clear_feature.c
     /tmp/cci3Mpon.s:16     .text._ux_device_stack_clear_feature:0000000000000000 $t
     /tmp/cci3Mpon.s:25     .text._ux_device_stack_clear_feature:0000000000000000 _ux_device_stack_clear_feature
     /tmp/cci3Mpon.s:82     .text._ux_device_stack_clear_feature:0000000000000060 $d

UNDEFINED SYMBOLS
_ux_system_slave
