ARM GAS  /tmp/ccIsSn5Y.s 			page 1


   1              		.cpu cortex-m33
   2              		.eabi_attribute 27, 1
   3              		.eabi_attribute 28, 1
   4              		.eabi_attribute 20, 1
   5              		.eabi_attribute 21, 1
   6              		.eabi_attribute 23, 3
   7              		.eabi_attribute 24, 1
   8              		.eabi_attribute 25, 1
   9              		.eabi_attribute 26, 1
  10              		.eabi_attribute 30, 4
  11              		.eabi_attribute 34, 1
  12              		.eabi_attribute 18, 4
  13              		.file	"ux_device_stack_uninitialize.c"
  14              		.section	.gnu.lto_.profile.5ac4195dd4179be0,"e",%progbits
  15 0000 789C6362 		.ascii	"x\234cb\000\001\000\000\022\000\003"
  15      00010000 
  15      120003
  16              		.text
  17              		.section	.gnu.lto_.icf.5ac4195dd4179be0,"e",%progbits
  18 0000 789CE360 		.ascii	"x\234\343`@\000F\206\365\237\232\237\2630\000\000\016"
  18      40004686 
  18      F59F9A9F 
  18      B3300000 
  18      0E
  19 0011 590319   		.ascii	"Y\003\031"
  20              		.text
  21              		.section	.gnu.lto_.ipa_sra.5ac4195dd4179be0,"e",%progbits
  22 0000 789CE367 		.ascii	"x\234\343g@\000F\006\006f \001\203\000\002\001\000\031"
  22      40004606 
  22      06662001 
  22      83000201 
  22      0019
  23              		.text
  24              		.section	.gnu.lto_.inline.5ac4195dd4179be0,"e",%progbits
  25 0000 789CF361 		.ascii	"x\234\363a@\000F\006\006\351\211]\327\3360e120\311\314"
  25      40004606 
  25      06E9895D 
  25      D7DE3065 
  25      313230C9 
  26 0015 DD757131 		.ascii	"\335uq1s\006\003\003[\003\0200\245010\001\2250q\203"
  26      73060303 
  26      5B031030 
  26      A5303130 
  26      01953071 
  27 002a D44DF043 		.ascii	"\324M\360C\320\214h|\010\315\000\000\244\001\016\024"
  27      D08C687C 
  27      08CD0000 
  27      A4010E14 
  28              		.text
  29              		.section	.gnu.lto_.jmpfuncs.5ac4195dd4179be0,"e",%progbits
  30 0000 789C8B62 		.ascii	"x\234\213b@\000F f\002R\007X\030\031\200\370?\020\360"
  30      40004620 
  30      66025207 
  30      58181980 
  30      F83F10F0 
  31 0014 53458001 		.ascii	"SE\200\001\000\247V\034T"
  31      00A7561C 
ARM GAS  /tmp/ccIsSn5Y.s 			page 2


  31      54
  32              		.text
  33              		.section	.gnu.lto_.pureconst.5ac4195dd4179be0,"e",%progbits
  34 0000 789C6361 		.ascii	"x\234ca```d\230\311\002\000\001b\000\243"
  34      60606064 
  34      98C90200 
  34      016200A3 
  35              		.text
  36              		.section	.gnu.lto_.lto.5ac4195dd4179be0,"e",%progbits
  37 0000 09000400 		.ascii	"\011\000\004\000\001\000\000\000"
  37      01000000 
  38              		.text
  39              		.section	.gnu.lto__ux_device_stack_uninitialize.3.5ac4195dd4179be0,"e",%progbits
  40 0000 789C7D93 		.ascii	"x\234}\223Ih\024A\024\206\353\325\253\356\236\030\235"
  40      49681441 
  40      1486EBD5 
  40      ABEE9E18 
  40      9D
  41 0011 89DB4570 		.ascii	"\211\333EpA\364\340!i5\212\036\305\263\342A\005O\016"
  41      41F4E021 
  41      69358A1E 
  41      C5B3E241 
  41      054F0E
  42 0024 9399119A 		.ascii	"\223\231\021\232d\026fq\273\244\263\012\021L:\212\202"
  42      64166671 
  42      BBA4B30A 
  42      114C3A8A 
  42      82
  43 0035 2451C741 		.ascii	"$Q\307AF\0207\334\306\2148\0327\242\006\025Q\017\242"
  43      461037DC 
  43      C68C381A 
  43      37A20615 
  43      510FA2
  44 0048 110F2610 		.ascii	"\021\017&\020$x\020\023\305\370\252\247g\222\2705t\365"
  44      24781013 
  44      C5F8AAA7 
  44      6792B835 
  44      74F5
  45 005a ABEABFBF 		.ascii	"\253\352\277\277\367\376\327UK\005c\031\306\3301\272"
  45      F7FED755 
  45      4B056319 
  45      C6D831BA 
  46 006a C1C5A0D3 		.ascii	"\301\305\240\323j\343\3144\315\015\032\207#V\333D\367"
  46      6AE3CC34 
  46      CD0D1A87 
  46      2356DB44 
  46      F7
  47 007b 3501BD60 		.ascii	"5\001\275`/ \034\271T|)x\223u\220\323\233\027\243\343"
  47      2F201CB9 
  47      547C2978 
  47      937590D3 
  47      9B17A3E3 
  48 008f EB458BE5 		.ascii	"\353E\213\345>\337\336\242\011\205\267Z\345\217Ou-\025"
  48      3EDFDEA2 
  48      0985B75A 
  48      E58F4F75 
  48      2D15
ARM GAS  /tmp/ccIsSn5Y.s 			page 3


  49 00a1 072CF7D5 		.ascii	"\007,\367\325w\037\027\012\025\216\225\200\0324Xm\337"
  49      771F170A 
  49      158E9580 
  49      1A34586D 
  49      DF
  50 00b2 33BCC803 		.ascii	"3\274\310\003V\317Q(\252\006\365\\0\310\013\230\240"
  50      56CF5128 
  50      AA06F55C 
  50      30C80B98 
  50      A0
  51 00c3 CB530A98 		.ascii	"\313S\012\230s\035\306.\204NL#\003\341D\000KV\344M\363"
  51      731DC62E 
  51      844E4C23 
  51      03E14400 
  51      4B56E44D 
  52 00d8 DBFD9EB3 		.ascii	"\333\375\236\263\037\241+\223\027i\344\254\207\004W"
  52      1FA12B93 
  52      1769E4AC 
  52      870457
  53 00e7 01AE40E1 		.ascii	"\001\256@\3413\222b\033\310\307r\222\216\236?\335\351"
  53      3392621B 
  53      C8C77292 
  53      8E9E3FDD 
  53      E9
  54 00f8 EE6870A5 		.ascii	"\356hp\245\021\341:L\227J\345\361I\345\271>G) \373\233"
  54      11E13A4C 
  54      974AE5F1 
  54      49E5B93E 
  54      472920FB 
  55 010d 52657013 		.ascii	"Rep\023\340\006\310\\\262a\214\361\302\302\205\027J"
  55      E006C85C 
  55      B2618CF1 
  55      C2C28517 
  55      4A
  56 011e DEFC31D1 		.ascii	"\336\3741\321n\232\257\027|\2708c>\2604*\234\006\025"
  56      6E9AAF17 
  56      7CB83863 
  56      3EB0342A 
  56      9C0615
  57 0131 69D0841C 		.ascii	"i\320\204\034\024\032\\*\015e\232\304P\263o\200[\016"
  57      141A5C2A 
  57      0D659AC4 
  57      50B36F80 
  57      5B0E
  58 0143 1E39AD90 		.ascii	"\0369\255\220\321<\0311\326\216lt<\263\036\314<c\035"
  58      D13C1931 
  58      D68E6C74 
  58      3CB31ECC 
  58      3C631D
  59 0156 C8EDB881 		.ascii	"\310\355\270\201\342\317\320x4\373\316*K!8\215\230a"
  59      E2CFD078 
  59      34FBCE2A 
  59      4B21388D 
  59      9861
  60 0168 97DD0C9C 		.ascii	"\227\335\014\234\302\014\325t\306N\014\267\000r`\353"
  60      C20CD574 
  60      C64E0CB7 
ARM GAS  /tmp/ccIsSn5Y.s 			page 4


  60      007260EB 
  61 0178 7363EF3F 		.ascii	"sc\357?\224\247\220;z\305\326\237\221?\200\014\322\013"
  61      94A7903B 
  61      7AC5D69F 
  61      913F800C 
  61      D20B
  62 018a 80DBC056 		.ascii	"\200\333\300V\026\246*\344\241\33366\012\315'\313\231"
  62      16A62AE4 
  62      A1DB3636 
  62      0ACD27CB 
  62      99
  63 019b 8D9DD983 		.ascii	"\215\235\331\203D\"B\032g\331\300\354'\011,\376\023"
  63      4422421A 
  63      67D9C0EC 
  63      27092CFE 
  63      13
  64 01ac 37BC9D4A 		.ascii	"7\274\235J\364Hb_\211\250\301=\"\302\337\211X$\216\215"
  64      F448625F 
  64      89A8C13D 
  64      22C2DF89 
  64      58248E8D 
  65 01c0 3C5752E8 		.ascii	"<WR\350v\210\025\260\254\010\314,N\343lI|X\"\"<\"\""
  65      768815B0 
  65      AC08CC2C 
  65      4EE36C49 
  65      7C582222 
  66 01d7 670573D9 		.ascii	"g\005s\331\317w\350K\317\177\364.\350'\275m\212Z\211"
  66      CF77E84B 
  66      CF7FF42E 
  66      E827BD6D 
  66      8A5A89
  67 01ea 56CBEB87 		.ascii	"V\313\353\207X\354en\354\353\363\265),n*1\331\233\314"
  67      58EC656E 
  67      ECEBF3B5 
  67      292C6E2A 
  67      31D99BCC 
  68 01fe 9A34CE49 		.ascii	"\2324\316IQ\371O\3545\2075\027\236\022\213\016\214\234"
  68      51F94FEC 
  68      35873517 
  68      9E128B0E 
  68      8C9C
  69 0210 0FBD02E9 		.ascii	"\017\275\002\351o`\212\277\352\351\376D\301_\323\345"
  69      6F608ABF 
  69      EAE9FE44 
  69      C15FD3E5 
  70 0220 D64F2776 		.ascii	"\326O'v\246p\036\361\012\273x\250P\214 \212)\234b\232"
  70      A6701EF1 
  70      0ABB78A8 
  70      508C208A 
  70      299C629A 
  71 0234 BA5A27BA 		.ascii	"\272Z'\272w\247\260\"\205.\251B\347\014\014C\363p_\270"
  71      77A7B022 
  71      852EA942 
  71      E70C0C43 
  71      F3705FB8 
  72 0248 B468FB18 		.ascii	"\264h\373\030\007\215L\363\201\336\213@X\034\270\235"
  72      078D4CF3 
ARM GAS  /tmp/ccIsSn5Y.s 			page 5


  72      81DE8B40 
  72      581CB89D 
  73 0258 83717051 		.ascii	"\203qpQ\007yO\357\025Z\252\300\237\275#@\031\224\251"
  73      07794FEF 
  73      155AAAC0 
  73      9FBD2340 
  73      1994A9
  74 026b 3B2797BD 		.ascii	";'\227\275\327H\315R\246\374\255?z\365\322\351\225\235"
  74      D748CD52 
  74      A6FCAD3F 
  74      7AF5D2E9 
  74      959D
  75 027d B586C432 		.ascii	"\265\206\3042\253\3139P\035\250\016>;\264\310\346\221"
  75      ABCB3950 
  75      1DA80E3E 
  75      3BB4C8E6 
  75      91
  76 028e DDC1C3FD 		.ascii	"\335\301\303\3753\247\033V\244a\251\323\246\347}p\227"
  76      33A71B56 
  76      A461A9D3 
  76      A6E77D70 
  76      97
  77 029f 76ACFAEF 		.ascii	"v\254\372\357\274e\360\206\362*\177\337%\252\204~\201"
  77      BC65F086 
  77      F22A7FDF 
  77      25AA847E 
  77      81
  78 02b0 C6C113FD 		.ascii	"\306\301\023\375\263d5\274PM;B\351\2100\266N\017\205"
  78      B36435BC 
  78      504D3B42 
  78      E98830B6 
  78      4E0F85
  79 02c3 13BA5F4F 		.ascii	"\023\272_O\204\242z\300\210\326EB\265>=\021\213D\015"
  79      84A27AC0 
  79      88D64542 
  79      B53E3D11 
  79      8B440D
  80 02d6 FFCA5595 		.ascii	"\377\312U\225\361D\250zurme2^S\031\010\356\2565\022"
  80      F144A87A 
  80      75726D65 
  80      325E5319 
  80      08EEAE35 
  81 02eb 95BBF6E8 		.ascii	"\225\273\366\350\276h\224m\251\252\322\343\201Z\335"
  81      BE68946D 
  81      A9AAD2E3 
  81      815ADD
  82 02fa 56E85BB7 		.ascii	"V\350[\267m\256^\355\335\276u\343\016\357&\243&\346"
  82      6DAE5EED 
  82      DDBE75E3 
  82      0EEF26A3 
  82      26E6
  83 030c 8BEDD3FD 		.ascii	"\213\355\323\375\221P(\022\246G,\250\307c~=\271\327"
  83      91502812 
  83      A6472CA8 
  83      C7637E3D 
  83      B9D7
  84 031e 4B04C31F 		.ascii	"K\004\303\037\364\306\023>\177\2557\0316\302F\302\360"
ARM GAS  /tmp/ccIsSn5Y.s 			page 6


  84      F4C6133E 
  84      7FAD3719 
  84      36C246C2 
  84      F0
  85 032f D519FB83 		.ascii	"\325\031\373\203U~\346\011\206\003\321\210\021N\304"
  85      557EE609 
  85      8603D188 
  85      114EC4
  86 033e BDBB22C9 		.ascii	"\275\273\"\311p\300=9\217F\"u\277\000\304\306\234W"
  86      70C03D39 
  86      8F462275 
  86      BF00C4C6 
  86      9C57
  87              		.text
  88              		.section	.gnu.lto_.symbol_nodes.5ac4195dd4179be0,"e",%progbits
  89 0000 789C2B64 		.ascii	"x\234+d\000\002&\346z\206\017\277VX0N8\307\300P\317"
  89      000226E6 
  89      7A860FBF 
  89      5658304E 
  89      38C7C050 
  90 0015 C0B0ABA1 		.ascii	"\300\260\253\241\221\221\201\021$\303\300\312\302\240"
  90      91918111 
  90      24C3C0CA 
  90      C2A0
  91 0023 00A41859 		.ascii	"\000\244\030Y\353\031\377C\201<X\031\003CCC\003H\015"
  91      EB19FF43 
  91      813C5819 
  91      03434343 
  91      03480D
  92 0036 33031358 		.ascii	"3\003\023Xo\012\214\261\204\021\310\232\330z\37583\343"
  92      6F0A8CB1 
  92      8411C89A 
  92      D87AFD38 
  92      33E3
  93 0048 123620F3 		.ascii	"\0226 \363\301\205>9\306%\\0\351'\\\014\000\315R#\337"
  93      C1853E39 
  93      C6255C30 
  93      E9275C0C 
  93      00CD5223 
  94              		.text
  95              		.section	.gnu.lto_.refs.5ac4195dd4179be0,"e",%progbits
  96 0000 789C6367 		.ascii	"x\234cg```\004\" \006\000\000f\000\013"
  96      60606004 
  96      22200600 
  96      0066000B 
  97              		.text
  98              		.section	.gnu.lto_.decls.5ac4195dd4179be0,"e",%progbits
  99 0000 789CB55A 		.ascii	"x\234\265ZyXTW\226\177\347\335\307b\211@\004\243i7\222"
  99      79585457 
  99      967FE7DD 
  99      C7628940 
  99      04A36937 
 100 0015 B6133BDD 		.ascii	"\266\023;\335\212\321o\246\227\231\236\216\243f\371"
 100      8AD16FA6 
 100      97999E8E 
 100      A366F9
 101 0024 3AD17CA2 		.ascii	":\321|\242\371\272\347\237\232\202z`\215PEW\0251\366"
ARM GAS  /tmp/ccIsSn5Y.s 			page 7


 101      F9BAE79F 
 101      9A827A60 
 101      8D504557 
 101      1531F6
 102 0037 5FA5A231 		.ascii	"_\245\2421\032\0274F\220\240h\242\342\216\342\002(H"
 102      1A173446 
 102      90A068A2 
 102      E28EE202 
 102      2848
 103 0049 000D8AB8 		.ascii	"\000\015\212\270/\200\373\032\024\343\222(b\3248\347"
 103      2F80FB1A 
 103      14E39228 
 103      62D438E7 
 104 0059 DEFBD67A 		.ascii	"\336\373\326z\005\246\273g\370\274U\365\356\375\275"
 104      05A6BB67 
 104      F8BC55F5 
 104      EEFDBD
 105 0068 DF39F7DC 		.ascii	"\3379\367\334\263\334\373\236\277yE\020n\306\012B\255"
 105      B3DCFB9E 
 105      BF794510 
 105      6EC60A42 
 105      AD
 106 0079 20084FF1 		.ascii	" \010O\361O\304\357#\202\376G\257\253\261\355\305\006"
 106      4FC4EF23 
 106      82FE47AF 
 106      ABB1EDC5 
 106      06
 107 008a D8FE4D14 		.ascii	"\330\376M\024L\177\323\2613\036\277\273\013\374\273"
 107      4C7FD3B1 
 107      331EBFBB 
 107      0BFCBB
 108 0099 0A5B03B6 		.ascii	"\012[\003\266\377@\334\357\261\365\304\361\027\261\375"
 108      FF40DCEF 
 108      B1F5C4F1 
 108      17B1FD
 109 00a8 117FCBD8 		.ascii	"\021\177\313\330R\261\375\016[\032\266=\210\373\037"
 109      52B1FD0E 
 109      5B1AB63D 
 109      88FB1F
 110 00b7 FC76619B 		.ascii	"\374va\233\210\355\006\342\376\200\3373\360;\034\307"
 110      88ED06E2 
 110      FE80DF33 
 110      F03B1CC7 
 111 00c7 5EC5DF8B 		.ascii	"^\305\337\213\360\367Ul\027\261m\307v\015\236\255S>"
 111      F0F7556C 
 111      17B16DC7 
 111      760D9EAD 
 111      533E
 112 00d9 11B3975F 		.ascii	"\021\263\227_\252\225\360>\021\307%'\0004\376+~\330"
 112      AA95F03E 
 112      11C72527 
 112      0034FE2B 
 112      7ED8
 113 00eb 84FF2242 		.ascii	"\204\377\"B|@\014\210\341N\"\332\210\2158mu\320o\340"
 113      7C400C88 
 113      E14E22DA 
 113      888D386D 
ARM GAS  /tmp/ccIsSn5Y.s 			page 8


 113      75D06FE0 
 114 00ff 3DF27AA4 		.ascii	"=\362z\24480\306\026YT\003\261\266\260HQl\211p\332\006"
 114      3830C616 
 114      595403B1 
 114      B6B04851 
 114      6C8970DA 
 115 0114 FE00EBC5 		.ascii	"\376\000\353\305\302\360\204\327\003\222\363\223\036"
 115      C2F084D7 
 115      0392F393 
 115      1E
 116 0121 2D110171 		.ascii	"-\021\001q\376\350\370a\257\343gKD\0358\361\256\367"
 116      FEE8F861 
 116      AFE3674B 
 116      441D38F1 
 116      AEF7
 117 0133 A4C858FC 		.ascii	"\244\310X\374\325\022a\273G\012\347\204;\033\304\231"
 117      D51261BB 
 117      470AE784 
 117      3B1BC499 
 118 0143 AF401DD8 		.ascii	"\257@\035\330\234C\343\003\201\300\353\221\221\375b"
 118      9C43E303 
 118      81C0EB91 
 118      91FD62
 119 0152 AA493579 		.ascii	"\252I5yC\020\"#\2137\366\260\265D\304 \305@gB\2543!"
 119      43102223 
 119      8B37F6B0 
 119      B544C420 
 119      C5406742 
 120 0169 A60EC29C 		.ascii	"\246\016\302\234N[\374@\001\225p\016\035\372\272hCf"
 120      4E5BFC40 
 120      0195700E 
 120      1DFABA68 
 120      4366
 121 017b 29B20E86 		.ascii	")\262\016\206\022\210\032\032\270\330\332\323\006\266"
 121      12881A1A 
 121      B8D8DAD3 
 121      06B6
 122 0189 2EFD1206 		.ascii	".\375\022\006\012\202SxCD^\362T\375\203\010\224\351"
 122      0A825378 
 122      43445EF2 
 122      54FD8308 
 122      94E9
 123 019b D42F0106 		.ascii	"\324/\001\006\332\304\241\"\371SK\004\232GL\020\204"
 123      DAC4A122 
 123      F9534B04 
 123      9A474C10 
 123      84
 124 01ac 80141915 		.ascii	"\200\024\031\025\005\001\374\352b\377\223\363\275\241"
 124      0501FCEA 
 124      62FF93F3 
 124      BDA1
 125 01ba 36A12542 		.ascii	"6\241%B\304\241x\011\002\"\350w\332\302\231\011\331"
 125      C4A17809 
 125      0222E877 
 125      DAC29909 
 125      D9
 126 01cb 1FD07F40 		.ascii	"\037\320\177@\377\361\017\201^\010F)\254\237\"\321\256"
ARM GAS  /tmp/ccIsSn5Y.s 			page 9


 126      FFF10F81 
 126      5E084629 
 126      AC9F22D1 
 126      AE
 127 01dc C08DAFF6 		.ascii	"\300\215\257\366j_\312o\016\340<\352\372\000\250B\004"
 127      6A5FCA6F 
 127      0EE03CEA 
 127      FA00A842 
 127      04
 128 01ed 65D440AE 		.ascii	"e\324@\256\353\240\350\241\362\250r\014:\352\272\342"
 128      EBA0E8A1 
 128      F2A8720C 
 128      3AEABAE2 
 129 01fd 0A7321A2 		.ascii	"\012s!\242\361\036v\237Iq\235R\320h\005\303\304\271"
 129      F11E769F 
 129      49719D52 
 129      D06805C3 
 129      C4B9
 130 020f DB6CBD5F 		.ascii	"\333l\275_\271-\352\032\232-P\327\023\242\347\277.\000"
 130      B92DEA1A 
 130      9A2D50D7 
 130      13A2E7BF 
 130      2E00
 131 0221 F9B94086 		.ascii	"\371\271@\206\013\211\001\3667u-\336\275C\271u\001\201"
 131      0B8901F6 
 131      37752DDE 
 131      BD43B975 
 131      0181
 132 0233 EE20E267 		.ascii	"\356 \342g<\304\342\347_\230Qc\330/\201\344\001\037"
 132      3CC4E2E7 
 132      5F985163 
 132      D82F81E4 
 132      011F
 133 0245 97D87802 		.ascii	"\227\330x\002R/._p4\302V\025\010\334\011Tew\021`7@%"
 133      522F2E5F 
 133      7034C256 
 133      1508DC09 
 133      54657711 
 134 025d B25500E2 		.ascii	"\262U\000\342K\001v\001\354\004\204\335k8\263(\252'"
 134      4B017601 
 134      EC0484DD 
 134      6B38B328 
 134      AA27
 135 026f CABA1908 		.ascii	"\312\272\031\010\304C\025@9@\031\325\376+\004{\230\222"
 135      C4431540 
 135      394019D5 
 135      FE2B047B 
 135      9892
 136 0281 EBA7577E 		.ascii	"\353\247W~-\275\224\233\033h\1772\353\324\027\257\336"
 136      2DBD949B 
 136      1B687F32 
 136      EBD417AF 
 136      DE
 137 0292 2D0D04A6 		.ascii	"-\015\004\246\343\015\221\024\003\333\001\331\330\234"
 137      E30D9114 
 137      03DB01D9 
 137      D89C
ARM GAS  /tmp/ccIsSn5Y.s 			page 10


 138 02a0 305A601B 		.ascii	"0Z`\033\300V\324f\225H\357\273\336\236\335\032#\321"
 138      C056D466 
 138      9548EFBB 
 138      DE9EDD1A 
 138      23D1
 139 02b2 A134F0E0 		.ascii	"\2414\360\340\365\243+[\247\211\232\250\011\232\244"
 139      F5A32B5B 
 139      A7899AA8 
 139      099AA4
 140 02c1 3D78632D 		.ascii	"=xc-0Q;\316L_\326\355\245\334@\240\375\361\302M5\266"
 140      30513BCE 
 140      4C5FD6ED 
 140      A5DC40A0 
 140      FDF1C24D 
 141 02d7 CF03D522 		.ascii	"\317\003\325\"\016C\215&\244\206}\221\307\"\237n\213"
 141      0E438D26 
 141      A4867D91 
 141      C7229F6E 
 141      8B
 142 02e8 48E610FA 		.ascii	"H\346\020\372\363\025\315\032\257\240\374\022B\311\346"
 142      F315CD1A 
 142      AFA0FC12 
 142      42C9E6
 143 02f7 944F3BD1 		.ascii	"\224O;\321\325j\201\003\200\030\264@=\300~`,\027DR\306"
 143      D56A8103 
 143      8018B440 
 143      3DC07E60 
 143      2C174452 
 144 030c EEF871EE 		.ascii	"\356\370q\356\314\226.L\343\006`*\237\335wtWt(\353\034"
 144      CC962E4C 
 144      E306602A 
 144      9FDD7774 
 144      577428EB 
 145 0321 41A2C35C 		.ascii	"A\242\303\\\347\305\227\326\225w\211bb\012\253%\034"
 145      E7C597D6 
 145      95778962 
 145      620AAB25 
 145      1C
 146 0332 51040970 		.ascii	"Q\004\011p\024?H\023\341\2526\212\344!\021\310\012\211"
 146      143F4813 
 146      E1AA368A 
 146      E42111C8 
 146      0A89
 147 0344 5F1E1649 		.ascii	"_\036\026I\275$\220\373\312e\235H\012\302\004R\023\306"
 147      BD2490FB 
 147      CA659D48 
 147      0AC20452 
 147      13C6
 148 0356 2FAB4472 		.ascii	"/\253Dr\023/g\206\363\313\200\310{\005\266\272\001\211"
 148      132F6786 
 148      F3CB80C8 
 148      7B05B6BA 
 148      0189
 149 0368 2C550662 		.ascii	",U\006bP\376\205u[\036\200-\240L\023;U\361\230\216 "
 149      50FE8575 
 149      5B1E802D 
 149      A04C133B 
ARM GAS  /tmp/ccIsSn5Y.s 			page 11


 149      55F1988E 
 150 037d 11AE2873 		.ascii	"\021\256(sT\264\020Hm\270@Z\224\373\017\243\214\010"
 150      54B41048 
 150      6DB8405A 
 150      94FB0FA3 
 150      8C08
 151 038f 81AC8B08 		.ascii	"\201\254\213\010\265^\0153\017\037\017\0135\371[H\374"
 151      B55E0D33 
 151      0F1F0F0B 
 151      35F95B48 
 151      FC
 152 03a0 2D9F7C6D 		.ascii	"-\237|m\340z\275\250O\376\226>\371\333\240\270l\235"
 152      E07ABDA8 
 152      4FFE963E 
 152      F9DBA0B8 
 152      6C9D
 153 03b2 40EA50C6 		.ascii	"@\352P\3069lm\330>\215d\367\265-9B\342\270\227W\361"
 153      396C6DD8 
 153      3E8D64F7 
 153      B52D3942 
 153      E2B89757 
 154 03c7 A5BD0770 		.ascii	"\245\275\007p_Yg\004\264\346\335\3704B'\276\257\023"
 154      5F596704 
 154      B4E6DDF8 
 154      344227BE 
 154      AF13
 155 03d9 B771C9C7 		.ascii	"\267q\311\307\267\354\177\236)\333\306\227j\331\311"
 155      B7EC7F9E 
 155      29DBC697 
 155      6AD9C9
 156 03e8 4587433A 		.ascii	"E\207C:r;j\373\200\337\363Y\303\3435D'm\327I\037\322"
 156      723B6AFB 
 156      80DFF359 
 156      C3E33544 
 156      276DD749 
 157 03fe A5DA1289 		.ascii	"\245\332\022\211\252Fr\255\377\210\360\335\007j\316"
 157      AA4672AD 
 157      FF88F0DD 
 157      076ACE
 158 040d 4686B2EC 		.ascii	"F\206\262\354\023f\331\307\324\262}\340)\377\022\310"
 158      1366D9C7 
 158      D4B27DE0 
 158      29FF12C8 
 159 041d 1936B363 		.ascii	"\0316\263cW6o\216\241^\327\022\250\236B\004\030\006"
 159      57366F8E 
 159      A15ED712 
 159      A89E4204 
 159      1806
 160 042f 43049A02 		.ascii	"C\004\232\002\373P\237\303\324\360#\215\272E9%\353\243"
 160      FB509FC3 
 160      D4F0238D 
 160      BA453925 
 160      EBA3
 161 0441 BA237376 		.ascii	"\272#sv \360\3370E\204K\000\264\342\300T\221\261\013"
 161      20F0DF30 
 161      45844B00 
 161      B4E2C054 
ARM GAS  /tmp/ccIsSn5Y.s 			page 12


 161      91B10B
 162 0454 E492A2C7 		.ascii	"\344\222\242\307\025\276\346\205\341\244\035\265\313"
 162      15BEE685 
 162      E1A41DB5 
 162      CB
 163 0461 E94245DC 		.ascii	"\351BE\334\310)\232\323\325l\274\217D\230)j\306[\336"
 163      C8299AD3 
 163      D56CBC8F 
 163      4498296A 
 163      C65BDE
 164 0474 BEB5C4A6 		.ascii	"\276\265\304\246\317\023GT\315?\026)\340\3715?\034\370"
 164      CF134754 
 164      CD3F1629 
 164      E0F9353F 
 164      1CF8
 165 0486 BCEB00F6 		.ascii	"\274\353\000\366\027G?\220\250}\373\272\345\307\342"
 165      17473F90 
 165      A87DFBBA 
 165      E5C7E2
 166 0495 364C0D04 		.ascii	"6L\015\004\246\365B5\340\021\300|]\257Dl\257\011\224"
 166      A6F54235 
 166      E011C07C 
 166      5DAF446C 
 166      AF0994
 167 04a8 716941C5 		.ascii	"qiA\305E\010,\030\202&\203\357\031F\345f\300\335\300"
 167      45082C18 
 167      822683EF 
 167      1946E566 
 167      C0DDC0
 168 04bb 50CB0ACA 		.ascii	"P\313\012\3128*\015\2763\201\356\200\306TZ\260\215c"
 168      382A0DBE 
 168      3381EE80 
 168      C6545AB0 
 168      8D63
 169 04cd 30D8AE9B 		.ascii	"0\330\256\233@\337h\240\342\202\202\277\326\341b\342"
 169      40DF68A0 
 169      E28282BF 
 169      D6E162E2 
 170 04dd BF1FACC2 		.ascii	"\277\037\254\3028O\221.\353\256U\026*\304\355\\%\011"
 170      384F912E 
 170      EBAE5516 
 170      2AC4ED5C 
 170      2509
 171 04ef 305D846C 		.ascii	"0]\204l\264\3604\221\302p=f\2110W\204\331\"|\"\302<"
 171      B4F03491 
 171      C2703D66 
 171      89305784 
 171      D9227C22 
 172 0505 111688F0 		.ascii	"\021\026\210\360\251\010sDX(B\016-\"T\203\235\\\203"
 172      A9087344 
 172      5828420E 
 172      2D225483 
 172      9D5C83
 173 0518 8F459821 		.ascii	"\217E\230!\032\331\257\351\032lPmr\033\340\246I\205"
 173      1AD9AFE9 
 173      1A6C506D 
 173      721BE0A6 
ARM GAS  /tmp/ccIsSn5Y.s 			page 13


 173      4985
 174 052a 1B3AA8CC 		.ascii	"\033:\250\3140\335\026\353t\025\303m\322'\323jeB\020"
 174      30DD16EB 
 174      7415C36D 
 174      D227D36A 
 174      654210
 175 053d B9CA7CE0 		.ascii	"\271\312|\340Jn\371\276\2508\313\314\026\375\324\231"
 175      4A6EF9BE 
 175      A838CBCC 
 175      16FDD499 
 176 054d 21C5867B 		.ascii	"!\305\206{\245Gct/\371L\227\265\230y\211x\2525o\217"
 176      A5476374 
 176      2FF94C97 
 176      B5987989 
 176      78AA356F 
 177 0562 EAA58522 		.ascii	"\352\245\205\"\366j\356\220+\262\364\302]\264\035\310"
 177      F66AEE90 
 177      2BB2F4C2 
 177      5DB41DC8 
 178 0572 3DA653CD 		.ascii	"=\246S\315w\015\263mf\277DK\347\353~yd\351\322\212n"
 178      770DB36D 
 178      66BF444B 
 178      E7EB7E79 
 178      64E9D28A 
 179 0587 66C02213 		.ascii	"f\300\"\023`\365\355\225\263AW\351s]\245\002T\211\314"
 179      60F5ED95 
 179      B34157E9 
 179      735DA502 
 179      5489CC
 180 059a B7718977 		.ascii	"\267q\211w\200l\263Q\374\336\326y[\242u\374\024\035"
 180      806CB351 
 180      FCDED679 
 180      5BA275FC 
 180      141D
 181 05ac BF9CE28F 		.ascii	"\277\234\342\217)\370\026 \201\256X\226\272\362\313"
 181      29F81620 
 181      81AE5896 
 181      BAF2CB
 182 05bb 0B400EE2 		.ascii	"\013@\016\342\345m\345\262\021\310\212(\201\034\214"
 182      E56DE5B2 
 182      11C88A28 
 182      811C8C
 183 05ca 52722290 		.ascii	"Rr\"\220)\335\004\262\241\233\222\276\200\234P~&\260"
 183      29DD04B2 
 183      A19B92BE 
 183      809C507E 
 183      26B0
 184 05dc CF226011 		.ascii	"\317\"`\021Ye#mJ\177!\2209\321\374g.\220\222h\201\034"
 184      5965236D 
 184      4A7F2190 
 184      39D1FC67 
 184      2E909268 
 185 05f2 8D66A9A0 		.ascii	"\215f\251\240\372\213\3120\363t\313D(\327\247\273\261"
 185      FA8BCA30 
 185      F374CB44 
 185      28D7A7BB 
 185      B1
ARM GAS  /tmp/ccIsSn5Y.s 			page 14


 186 0603 E9C81C43 		.ascii	"\351\310\034C\351(\327\325\337I\325oUH\347\003Y\020"
 186      E928D7D5 
 186      DF49D56F 
 186      5548E703 
 186      5910
 187 0615 83E92946 		.ascii	"\203\351)F\251\006<\243G15.\2400\245?\222<\212\341\331"
 187      A9063CA3 
 187      4731352E 
 187      A030A53F 
 187      923C8AE1 
 188 062a E2B7243B 		.ascii	"\342\267$;\226\377\032Br\224_\003Ia\254@\266b\253a="
 188      96FF1A42 
 188      72945F03 
 188      4961AC40 
 188      B662AB61 
 189 063f 2F63C524 		.ascii	"/c\305$\354[ \207c\2516\367\227|\373\022M\\7\003US\303"
 189      EC5B2087 
 189      63A936F7 
 189      977CFB12 
 189      4D5C3703 
 190 0656 04257F62 		.ascii	"\004%\177b\241B\010:\324!\021\016\212\344\024\336\377"
 190      A142083A 
 190      D421110E 
 190      8AE414DE 
 190      FF
 191 0667 0DB6DBF4 		.ascii	"\015\266\333\364\216\356\365\271\337\315\213\036\240"
 191      8EEEF5B9 
 191      DFCD8B1E 
 191      A0
 192 0674 E6113A8F 		.ascii	"\346\021:\217C9\333\216@`\306\020\272\024GE8#\262\374"
 192      4339DB8E 
 192      4060C610 
 192      BA144745 
 192      3823B2FC 
 193 0688 C7F3C730 		.ascii	"\307\363\3070\026N\2159\031E\030NGDh`\343j\232\246\210"
 193      164E8D39 
 193      1945184E 
 193      47446860 
 193      E36A9AA6 
 194 069d 721603C5 		.ascii	"r\026\003\305\247s\\\271\010A\212}A\024u\"\003\234\321"
 194      A7735CB9 
 194      08418A7D 
 194      41147522 
 194      039CD1
 195 06b0 005F0701 		.ascii	"\000_\007\001\366r@\223\0068\020\004\340aV\334\254\001"
 195      F6724093 
 195      06381004 
 195      E06156DC 
 195      AC01
 196 06c2 EA8300FB 		.ascii	"\352\203\000\3739\303\331\034\026\365\030\253{\030@"
 196      39C3D91C 
 196      16F518AB 
 196      7B1840
 197 06d1 5D985A91 		.ascii	"]\230Z\221\005\264\036x\270C\371\012\243\3418C\241\235"
 197      05B41E78 
 197      B843F90A 
 197      A3E13843 
ARM GAS  /tmp/ccIsSn5Y.s 			page 15


 197      A19D
 198 06e3 CE8A7042 		.ascii	"\316\212pB\204\223\"4\211\320,\302)\021+?\234V\223\311"
 198      84932234 
 198      89D02CC2 
 198      29112B3F 
 198      9C5693C9 
 199 06f7 414DEEB1 		.ascii	"AM\356\261 \271\257\011d\301s|!{q\247\345\353V\025N"
 199      20B9AF09 
 199      64C1737C 
 199      217B71A7 
 199      E5EB5615 
 200 070c CA9E537E 		.ascii	"\312\236S~J\244\3719\201<Q`\277\345\235X\276\273\363"
 200      4AA4F939 
 200      813C5160 
 200      BFE59D58 
 200      BEBBF3
 201 071f 8E085CC4 		.ascii	"\216\010\\\304\262\223s*\272\206\252Y7DZ\263\256\213"
 201      B293732A 
 201      BA86AA59 
 201      37445AB3 
 201      AE8B
 202 0731 882969C9 		.ascii	"\210)i\3119A\214\325\347\033\221\317\253Ud8\201\324"
 202      39418CD5 
 202      E71B91CF 
 202      AB556438 
 202      81D4
 203 0743 2B8C43C8 		.ascii	"+\214C\310\355\356Xu\342\370\325@\2629N \347\343\250"
 203      EDEE5875 
 203      E2F8D540 
 203      B2394E20 
 203      E7E3A8
 204 0756 B3CCBD75 		.ascii	"\263\314\275u\266\031\314\276\375\235\010\337\353\276"
 204      B619CCBE 
 204      FD9D08DF 
 204      EBBE
 205 0764 7D724969 		.ascii	"}rIi\211\241\326~\257\233\360\036\317.\227\352\362\013"
 205      89A1D67E 
 205      AF9BF01E 
 205      CF2E97EA 
 205      F20B
 206 0776 A25805BF 		.ascii	"\242X\005\277'\262\012\336^Z\263!\324\376\260\015\265"
 206      27B20ADE 
 206      5E5AB321 
 206      D4FEB00D 
 206      B5
 207 0787 BACFEF69 		.ascii	"\272\317\357i\\\275\310\245s\266\351\234\017\250\326"
 207      5CBDC8A5 
 207      73B6E99C 
 207      0FA8D6
 208 0796 EDA85D6E 		.ascii	"\355\250]n\274@\252\261\335\304\226\327\203\353\035"
 208      BC40AAB1 
 208      DDC496D7 
 208      83EB1D
 209 07a5 4BBEEA81 		.ascii	"K\276\352\201=\330\362\237\307QlW\261e\367D\306\001"
 209      3DD8F29F 
 209      C7516C57 
 209      B165F744 
ARM GAS  /tmp/ccIsSn5Y.s 			page 16


 209      C601
 210 07b7 CB2E7E59 		.ascii	"\313.~Y\024\241TA\303\037]\253Yy\252\013<\306\334O4"
 210      14A15441 
 210      C31F5DAB 
 210      5979AA0B 
 210      3CC6DC4F 
 211 07cc 59E745AD 		.ascii	"Y\347E\255"
 212 07d0 3A3D5AAC 		.ascii	":=Z\254B\246\021#$1\310I.\213\264\030Q\013!\010\235"
 212      42A61123 
 212      2431C849 
 212      2E8BB418 
 212      510B2108 
 213 07e5 643A81D9 		.ascii	"d:\201\331\004\346\021XD\340c\002\237\020\310&\220C"
 213      04E61158 
 213      44E06302 
 213      9F10C826 
 213      9043
 214 07f7 E05302F3 		.ascii	"\340S\002\363\011,$0\223\320 \237K`\026\2019\004>\""
 214      092C2430 
 214      93D0209F 
 214      4B601681 
 214      39043E22 
 215 080b 8AFF1469 		.ascii	"\212\377\024i:]5\351d\254\275\363\362\224j\364@\204"
 215      3A5D35E9 
 215      64ACBDF3 
 215      F2946AF4 
 215      4084
 216 081d BB26D41D 		.ascii	"\273&\324\035QG\315\314S\012\315r<\236\231PO\264\371"
 216      5147CDCC 
 216      530ACD72 
 216      3C9E9950 
 216      4FB4F9
 217 0830 DD599AA7 		.ascii	"\335Y\232\247\327\254\233&\3205\335\010\2175#L\265\030"
 217      D7AC9B26 
 217      D035DD08 
 217      8F35234C 
 217      B518
 218 0842 4109B78F 		.ascii	"A\011\267\2175\265\177\264\212\342\025\272xY^\030\015"
 218      35B57FB4 
 218      8AE215BA 
 218      78595E18 
 218      0D
 219 0853 8D561177 		.ascii	"\215V\021w\365\024\243:\3455]\351\342\002\215\347\226"
 219      F514A33A 
 219      E5355DE9 
 219      E2028DE7 
 219      96
 220 0864 89E75BC3 		.ascii	"\211\347[\303\304~\\\254Ll\247\010SL\012\325\352\023"
 220      C47E5CAC 
 220      4C6CA708 
 220      534C0AD5 
 220      EA13
 221 0876 9B6398D8 		.ascii	"\233c\230\330C\023\325f\203\270\331\232\270GV\017P0"
 221      4313D566 
 221      83B8D99A 
 221      B847560F 
 221      5030
ARM GAS  /tmp/ccIsSn5Y.s 			page 17


 222 0888 791AE6B6 		.ascii	"y\032\346\266U%n\240\271\032\244\335\272\034\034\362"
 222      55256EA0 
 222      B91AA4DD 
 222      BA1C1CF2 
 223 0898 8906F9C1 		.ascii	"\211\006\371\301\252\015W\371\351b}\301\002\326y\321"
 223      AA0D57F9 
 223      E9627DC1 
 223      02D679D1 
 224 08a8 ADC1CA9E 		.ascii	"\255\301\312\236\002\251\244n-\346\256j\335\030n\016"
 224      02A9A46E 
 224      2DE6AE6A 
 224      DD186E0E 
 225 08b8 CFC50472 		.ascii	"\317\305\004r\211\026\236\331;N;\364H\312\325\311\362"
 225      89169ED9 
 225      3B4E3BF4 
 225      48CAD5C9 
 225      F2
 226 08c9 D0D5C809 		.ascii	"\320\325\310\011$\272\213-\247\227@6\366\242\370\335"
 226      24BA8B2D 
 226      A7974036 
 226      F6A2F8DD 
 227 08d9 27DB6AC3 		.ascii	"'\333j\303C\345\225\245\204\346\225DZ\376\033\367m\211"
 227      43E595A5 
 227      84E69544 
 227      5AFE1BF7 
 227      6D89
 228 08eb A669A545 		.ascii	"\246i\245EI+<\271-#\014$\220r$\253\355\305SY/r\014\257"
 228      492B3CB9 
 228      2D230C24 
 228      907224AB 
 228      EDC55359 
 229 0903 AE50EAD8 		.ascii	"\256P\352\330'\253g\357\0055\002\251J\315\017\267\032"
 229      27AB67EF 
 229      053502A9 
 229      4ACD0FB7 
 229      1A
 230 0914 8BC82A62 		.ascii	"\213\310*b*\"JTaR\340\036\002_\022\012\301\250ZO`%\201"
 230      2A224A54 
 230      6152E01E 
 230      025F120A 
 230      C1A85A4F 
 231 092b B5048A08 		.ascii	"\265\004\212\010\254!\260\216\300j\0327\324\271\316"
 231      AC21B08E 
 231      C06A1A37 
 231      D4B9CE
 232 093a 3F9C409D 		.ascii	"?\234@\235k\031\201\002b&T*\306\031\016\340%\305\004"
 232      6B198102 
 232      6226542A 
 232      C6190EE0 
 232      25C504
 233 094d 58417841 		.ascii	"XAxAx\230\256\324\255\345\214\301X\267\024W8\255q|\021"
 233      7898AED4 
 233      ADE58CC1 
 233      58B71457 
 233      38AD717C 
 234 0962 2444296C 		.ascii	"$D)l\3474@a\020@)lM\032\340X\220\026X\036\246\276 \220"
 234      E7344061 
ARM GAS  /tmp/ccIsSn5Y.s 			page 18


 234      1040296C 
 234      4D1AE058 
 234      9016581E 
 235 097a C5D836BD 		.ascii	"\305\3306\275@k\357\355\303\367\233\272\252\351*\216"
 235      406BEFED 
 235      C3F79BBA 
 235      AAE92A8E 
 236 098a D55E35A2 		.ascii	"\325^5\242\363\010|\206\006\011\351\257w*\014\236\277"
 236      F3087C86 
 236      0609E9AF 
 236      772A0C9E 
 236      BF
 237 099b C984D2F7 		.ascii	"\311\204\322\367\370\365yz\010\345\2330O\014\236\277"
 237      F8F5797A 
 237      08E59B30 
 237      4F0C9EBF 
 238 09ab 9BFB6C1A 		.ascii	"\233\373l\032l0A\364(+n\310S\267\316K\254\372pQ\225"
 238      6C3041F4 
 238      282B6EC8 
 238      53B7CE4B 
 238      ACFA7051 
 239 09c0 0675365A 		.ascii	"\006u6Z\324QRCS^\030\345A\227\277\"R\010O\247ZtP\310"
 239      D4515243 
 239      535E18E5 
 239      4197BF22 
 239      52084FA7 
 240 09d8 BEBC30BA 		.ascii	"\276\2740\272<h\263\317\031\213\232=j\365\014\243\344"
 240      3C68B3CF 
 240      198B9A3D 
 240      6AF50CA3 
 240      E4
 241 09e9 E28B221E 		.ascii	"\342\213\"\036\370\331N\254\224y\315f\002\333\010\224"
 241      F8D94EAC 
 241      9479CD66 
 241      02DB0894 
 242 09f9 10D84160 		.ascii	"\020\330A`\013\201\255\004\212\011l'\352\023\227x~\376"
 242      0B81AD04 
 242      8A096C27 
 242      EA139778 
 242      7EFE
 243 0a0b 025247CD 		.ascii	"\002RG\315.n\273\365\2708,T\034\354bq0\004!w\347\376"
 243      2E6EBBF5 
 243      B8382C54 
 243      1CEC6271 
 243      30042177 
 244 0a21 3823C258 		.ascii	"8#\302X^UW\251 \014&\220\313\270\212m\330\262\177&\220"
 244      5E5557A9 
 244      200C2690 
 244      CBB88A6D 
 244      D8B27F26 
 245 0a36 39D8F2B1 		.ascii	"9\330\362\261\255\304\266\011[)\266:l\215\330Z\260\335"
 245      ADC4B609 
 245      5B29B63A 
 245      6C8DD85A 
 245      B0DD
 246 0a48 C7F6F867 		.ascii	"\307\366\370g(:\341FqEZp\235\322\203\241\234@\031\362"
 246      283AE146 
ARM GAS  /tmp/ccIsSn5Y.s 			page 19


 246      71455A70 
 246      9DD283A1 
 246      9C4019F2 
 247 0a5c EF2750CF 		.ascii	"\357'P\317\246\325L\240\201@#\201\223\004\016\0218A"
 247      A6D54CA0 
 247      81402381 
 247      93040E11 
 247      3841
 248 0a6e E0188183 		.ascii	"\340\030\201\203\004\232\010\034%p\204\300a\002\007"
 248      049A081C 
 248      257084C0 
 248      610207
 249 0a7d 089C2270 		.ascii	"\010\234\"p\\-.\273\036\251\336\267\233\261p\357\323"
 249      5C2D2EBB 
 249      1EA9DEB7 
 249      9BB170EF 
 249      D3
 250 0a8e CB41F11A 		.ascii	"\313A\361\032\015\200aYO,{\273M\217\324\030\251e\004"
 250      0D806159 
 250      4F2C7BBB 
 250      4D8FD418 
 250      A96504
 251 0aa1 EAC40D2E 		.ascii	"\352\304\015.\261^\243\370\232\230)\224\215\327N\015"
 251      B15EA3F8 
 251      9A982994 
 251      8DD74E0D 
 252 0ab1 50650030 		.ascii	"Pe\0000\006%T\3135\304W\301\010%\214\3124=\252\255z"
 252      062554CB 
 252      35C457C1 
 252      08258CCA 
 252      343DAAAD 
 253 0ac6 28DEBB51 		.ascii	"(\336\273Qc\331\023\244\010\212\241\036U\371H\242\200"
 253      63D913A4 
 253      088AA11E 
 253      55F948A2 
 253      80
 254 0ad7 0A96320C 		.ascii	"\012\2262\014$\314\036J@o\320H\366\006\221(\232\254"
 254      24CC1E4A 
 254      406FD048 
 254      F6069128 
 254      9AAC
 255 0ae9 D3007541 		.ascii	"\323\000uA\000E\215\012\015P\031lsn\323\265\332\\\366"
 255      00458D0A 
 255      0D50196C 
 255      736ED3B5 
 255      DA5CF6
 256 0afc 99D430A4 		.ascii	"\231\3240\244\225R\015Rc\235\256\202)zd\310,\365A\231"
 256      95520D52 
 256      639DAE82 
 256      297A64C8 
 256      2CF54199 
 257 0b10 25B737A6 		.ascii	"%\2677\246\371\336\350c\275\012\216\227\236\027\015"
 257      F9DEE863 
 257      BD0A8E97 
 257      9E170D
 258 0b1f 0F06D846 		.ascii	"\017\006\330F\350\223|\2658\235\306\330\013\2210\212"
 258      E8937CB5 
ARM GAS  /tmp/ccIsSn5Y.s 			page 20


 258      389DC6D8 
 258      0B91308A 
 259 0b2f F334C439 		.ascii	"\3634\3049\321\210\250\322\0034?\237\3050\356yk\030"
 259      D188A8D2 
 259      03343F9F 
 259      C530EE79 
 259      6B18
 260 0b41 84EF9B15 		.ascii	"\204\357\233\025\210b\214\"\215f\227\211f\207\236/\326"
 260      88628C22 
 260      8D669789 
 260      66879E2F 
 260      D6
 261 0b52 E6EBA9A9 		.ascii	"\346\353\251\251\324\012\342\221~gn\376\266.\201YC\350"
 261      D40AE291 
 261      7E676EFE 
 261      B62E8159 
 261      43E8
 262 0b64 44773295 		.ascii	"Dw2\225yt\030\223\212\222\015JD\330\"\262\342x\231\205"
 262      79741893 
 262      8A920D4A 
 262      44D822B2 
 262      E2789985 
 263 0b78 CD590297 		.ascii	"\315Y\002\2270\315\0208G\340<\201\026\002\327\010\\"
 263      30CD1038 
 263      47E03C81 
 263      1602D708 
 263      5C
 264 0b89 207091C0 		.ascii	" p\221\300U\314*j=\311\345\263\301\014r\211)\301\223"
 264      55CC2A6A 
 264      3DC9E5B3 
 264      C10C7289 
 264      29C193
 265 0b9c 8A696FB8 		.ascii	"\212io\270N\233\314v\223\236\333\364\311,S'\203\031"
 265      4E9BCC76 
 265      939EDBF4 
 265      C92C5327 
 265      8319
 266 0bae B2D204AA 		.ascii	"\262\322\004\2520d\354\365\371z\212<C,T\012\252\300"
 266      3064ECF5 
 266      F97A8A3C 
 266      432C540A 
 266      AAC0
 267 0bc0 C0B5DBCA 		.ascii	"\300\265\333\312\205\253\274\237\256\260\270d\351\221"
 267      85ABBC9F 
 267      AEB0B864 
 267      E991
 268 0bce A6AE7116 		.ascii	"\246\256q\026\003\\\377;\014\300\362\342\000\236\027"
 268      035CFF3B 
 268      0CC0F2E2 
 268      009E17
 269 0bdd 45D28CCE 		.ascii	"E\322\214\316s\013\333\274>\241\036\"\236j\2737\223"
 269      730BDBBC 
 269      3EA11E22 
 269      9E6ABB37 
 269      93
 270 0bee 5FA32DEE 		.ascii	"_\243-\356\020\262\222\241\0166W\254\212\012:=\020\370"
 270      10B292A1 
ARM GAS  /tmp/ccIsSn5Y.s 			page 21


 270      0E3657AC 
 270      8A0A3A3D 
 270      10F8
 271 0c00 5EDF9E14 		.ascii	"^\337\236\024\026\255Xcx\256\370\275>\233{\204\037\235"
 271      16AD5863 
 271      78AEF8BD 
 271      3E9B7B84 
 271      1F9D
 272 0c12 175C981D 		.ascii	"\027\\\230\035\301O\017\004\356\022\354\251\254\231"
 272      C14F0F04 
 272      EE12ECA9 
 272      AC99
 273 0c20 B7A65BA8 		.ascii	"\267\246[\250\007\200m\230\026\357\363\273\276\314\276"
 273      07806D98 
 273      16EFF3BB 
 273      BECCBE
 274 0c2f BAD17028 		.ascii	"\272\321p(i\323i\037\320\274\\\326\007\267>\330\256"
 274      69D3691F 
 274      D0BC5CD6 
 274      07B73ED8 
 274      AE
 275 0c40 626BC3F6 		.ascii	"bk\303\366i_\201l\306\266\247/\275\271\272l\337YPE\322"
 275      695F816C 
 275      C6B6A72F 
 275      BDB9BA6C 
 275      DF595045 
 276 0c55 B9DD9DB2 		.ascii	"\271\335\235\262\253Y\012%1\200v}\312%\266\356\252."
 276      AB590A25 
 276      3180767D 
 276      CA25B6EE 
 276      AA2E
 277 0c67 8AD42506 		.ascii	"\212\324%\006$M\342\024\211\002\342\247\236\330\333"
 277      244DE214 
 277      8902E2A7 
 277      9ED8DB
 278 0c76 DA550B37 		.ascii	"\332U\0137\266\377\331oX\360\207\004\246K\020bk\336"
 278      B6FFD96F 
 278      58F08704 
 278      A64B1062 
 278      6BDE
 279 0c88 90AF3D28 		.ascii	"\220\257=(\272e\302\030\213}\275\201\251\335\312d\212"
 279      BA65C218 
 279      8B7DBD81 
 279      A9DDCA64 
 279      8A
 280 0c99 849B045A 		.ascii	"\204\233\004Z\011[\007\204\241#|$\301L\011fK\360\261"
 280      095B0784 
 280      A1237C24 
 280      C14C0966 
 280      4BF0B1
 281 0cac 045325C8 		.ascii	"\004S%\310\226`\226\004\323$\230!\361rq\2471_9gL\221"
 281      96609604 
 281      D3249821 
 281      F17271A7 
 281      315F3967 
 282 0cc2 E04713B9 		.ascii	"\340G\023\271a\327Z\251j\200\346yb\002\351\331cw\276"
 282      61D75AA9 
ARM GAS  /tmp/ccIsSn5Y.s 			page 22


 282      6A80E679 
 282      6202E9D9 
 282      6377BE
 283 0cd5 FA8CEFB1 		.ascii	"\372\214\357\261\005\241d\206}\032\344\007\023\304\220"
 283      05A16486 
 283      7D1AE407 
 283      13C490
 284 0ce4 D1EF1C50 		.ascii	"\321\357\034P\365y@\340\266\325$\\\237:\203>\217\254"
 284      F57940E0 
 284      B6D5245C 
 284      9F3A833E 
 284      8FAC
 285 0cf6 54182617 		.ascii	"T\030&\027\331bo\177T\236\037\035g\261\316'\322O\261"
 285      D9626F7F 
 285      549E1F1D 
 285      67B1CE27 
 285      D24FB1
 286 0d09 0EB9D557 		.ascii	"\016\271\325WyP\305\337\327\004z\222\351\375(\353\322"
 286      7950C5DF 
 286      D7047A92 
 286      E9FD28EB 
 286      D2
 287 0d1a F587D61B 		.ascii	"\365\207\326\033\036\3704\350\017\240\0270o\020g\315"
 287      1EF834E8 
 287      0FA01730 
 287      6F1067CD 
 288 0d2a BF5BC87D 		.ascii	"\277[\310}l\201\304\037\302\037^\332\032\315:p\333\277"
 288      6C81C41F 
 288      C21F5EDA 
 288      1ACD3A70 
 288      DBBF
 289 0d3c 50C29EFA 		.ascii	"P\302\236\372E36vS_R|J{\002\337\035\336/\251=\213h\317"
 289      45333676 
 289      535F527C 
 289      4A7B02DF 
 289      1DDE2FA9 
 290 0d54 899BA75B 		.ascii	"\211\233\247[lj\317g\264\247\365\351g\207\272\252=\213"
 290      6C6ACF67 
 290      B4A7F5E9 
 290      6787BAAA 
 290      3D8B
 291 0d66 694FDB82 		.ascii	"iO\333\202\305\017B>0\317\303\351\346ru\236\236\310"
 291      C50F423E 
 291      30CFC3E9 
 291      E672759E 
 291      9EC8
 292 0d78 791CA6EB 		.ascii	"y\034\246\353\233\247[k\011\003\374\276\272y\371*q\200"
 292      9BA75B6B 
 292      0903FCBE 
 292      BA79F92A 
 292      7180
 293 0d8a E5CFB04D 		.ascii	"\345\317\260Ma\365\270DM\205\353D\330\240\223\254\321"
 293      61F5B844 
 293      4D85EB44 
 293      D8A093AC 
 293      D1
 294 0d9b B3E5790D 		.ascii	"\263\345y\015r\014\214\220\203\372\243\340}\032d\251"
ARM GAS  /tmp/ccIsSn5Y.s 			page 23


 294      720C8C90 
 294      83FAA3E0 
 294      7D1A64A9 
 295 0dab 89254F67 		.ascii	"\211%Ogi\326 \247M,\315\372\361\270x\223\206\331h\242"
 295      69D620A7 
 295      4D2CCDFA 
 295      F1B87893 
 295      86D968A2 
 296 0dbf 59AFD39C 		.ascii	"Y\257\323\234\323 'L4\307\0154\2475L\223\011sJW\370"
 296      D320274C 
 296      34C70D34 
 296      A7354C93 
 296      09734A57 
 297 0dd4 8C0669B4 		.ascii	"\214\006i\264B\024\247m)Q\234\366(\300!\353\314\025"
 297      4214A76D 
 297      29519CF6 
 297      28C021EB 
 297      CC15
 298 0de6 D4C612FD 		.ascii	"\324\306\022\375\354Wl\322z\223!\000v\226\350\321^d"
 298      EC576CD2 
 298      7A932100 
 298      7696E8D1 
 298      5E64
 299 0df8 42ADD2E7 		.ascii	"B\255\322\347vHS\352\274I\334Y\375Iu\245A\332\227&\236"
 299      764853EA 
 299      BC49DC59 
 299      FD4975A5 
 299      41DA9726 
 300 0e0d 2F0CC5BA 		.ascii	"/\014\305\272\224\023!f\203\325\216J\035\336P\202u\030"
 300      94132166 
 300      83D58E4A 
 300      1DDE5082 
 300      7518
 301 0e1f 896EE0BE 		.ascii	"\211n\340\276\232\201x\2651\235\262\3574\250\342\012"
 301      9A8178B5 
 301      319DB2EF 
 301      34A8E20A 
 302 0e2f F09C605D 		.ascii	"\360\234`]YE\\\235&\256\320\204Yf`\272n0\300>\323\354"
 302      59455C9D 
 302      26AED084 
 302      596660BA 
 302      6E30C03E 
 303 0e45 EA40DD88 		.ascii	"\352@\335\210(\361<_\202y\3705W\242(\214\347\255\022"
 303      28F13C5F 
 303      8279F835 
 303      57A2288C 
 303      E7AD12
 304 0e58 AC91E04B 		.ascii	"\254\221\340K\011\226IP$A\276\004;$X)\301F\011\266K"
 304      09964950 
 304      2441BE04 
 304      3B245829 
 304      C14609B6 
 305 0e6d B05A82CD 		.ascii	"\260Z\202\315\022\254\223\240@\202\265\022l\221`\025"
 305      12AC93A0 
 305      4082B512 
 305      6C916015 
 306 0e7d CE45824D 		.ascii	"\316E\202M\022,\225`\271\004+$(\226\240P\202\317%\370"
ARM GAS  /tmp/ccIsSn5Y.s 			page 24


 306      122C9560 
 306      B9042B24 
 306      2896A050 
 306      82CF25F8 
 307 0e91 4282F512 		.ascii	"B\202\365\022lS\323\344.\2035W[WEQ\275\311\240\372\031"
 307      6C53D3E4 
 307      2E833557 
 307      5B574551 
 307      BDC9A0FA 
 308 0ea6 ABEFF2B5 		.ascii	"\253\357\362\265;\253\255\335I\253_*\271T\203\254\260"
 308      3BABADDD 
 308      49AB5F2A 
 308      B95483AC 
 308      B0
 309 0eb7 9A8919E0 		.ascii	"\232\211\031\340\316\301\2222\266(\271\270K`4\352S\375"
 309      CEC19232 
 309      B628B9B8 
 309      4B6034EA 
 309      53FD
 310 0ec9 0BBA0B34 		.ascii	"\013\272\0134\032\3249g\365\023\345\\\266\276\204\355"
 310      1AD43967 
 310      F513E55C 
 310      B6BE84ED 
 311 0ed9 82E648F0 		.ascii	"\202\346H\360-\241\030\236$\215'\311\033\252{/\221 "
 311      2DA1189E 
 311      248D27C9 
 311      1BAA7B2F 
 311      9120
 312 0eeb 47B2AC88 		.ascii	"G\262\254\210z&5H[iu8NUn\260\343Zk\032\241\317?\266"
 312      7A263548 
 312      5B697538 
 312      4E556EB0 
 312      E35A6B1A 
 313 0f03 B224BBE6 		.ascii	"\262$\273\346\300\365C\335\342,K]\372\377\273\3244y"
 313      C0F543DD 
 313      E22C4B5D 
 313      FAFFBBD4 
 313      3479
 314 0f15 17EC35BC 		.ascii	"\027\3545\274O)\323\025,\347\331\364\362\202\365\225"
 314      4F29D315 
 314      2CE7D9F4 
 314      F282F595 
 315 0f25 DD7ED118 		.ascii	"\335~\321\030\010\264\347\266\035\3336\240fZ\341[8\004"
 315      08B4E7B6 
 315      1DDB36A0 
 315      665AE15B 
 315      3804
 316 0f37 5FD3B79E 		.ascii	"_\323\267\236\032\366k\374 S\372\263=\316\332\003\337"
 316      1AF66BFC 
 316      2053FAB3 
 316      3DCEDA03 
 316      DF
 317 0f48 826122CA 		.ascii	"\202a\"\312\311u\227\364\314\223+\336<\273`\306L\303"
 317      C97597F4 
 317      CC932BDE 
 317      3CBB60C6 
 317      4CC3
ARM GAS  /tmp/ccIsSn5Y.s 			page 25


 318 0f5a 0EAA42D7 		.ascii	"\016\252B\327\246\222ksa\315\347\267\303u\200\341\344"
 318      A6926B73 
 318      61CDE7B7 
 318      C37580E1 
 318      E4
 319 0f6b BD1B0164 		.ascii	"\275\033\001da\177\201l\303v\252?/et\213\265\272\251"
 319      617F816C 
 319      C376AA3F 
 319      2F65748B 
 319      B5BAA9
 320 0f7e 79A518EA 		.ascii	"y\245\030\352\360[+\321\303o\031}\265y\370\351\325\302"
 320      F05B2BD1 
 320      C36F197D 
 320      B579F8E9 
 320      D5C2
 321 0f90 2EC6D3EF 		.ascii	".\306\323\357\012\0025H\010{$\206\303\023-\262"
 321      0A023548 
 321      087B2486 
 321      C3132DB2 
 322 0fa0 06125002 		.ascii	"\006\022P\002\266U\330\266c\253\305v\022\3337\011\364"
 322      B655D8B6 
 322      63ABC576 
 322      12DB3709 
 322      F4
 323 0fb1 F5E48C6F 		.ascii	"\365\344\214o?\336\027c>\204\264o_7eG\367\015[\331\353"
 323      3FDE1763 
 323      3E84B46F 
 323      5F376547 
 323      F70D5BD9 
 324 0fc6 49FA5C5F 		.ascii	"I\372\\_\202c\222\365\011\313\246\205.\375\204j\002"
 324      826392F5 
 324      09CBA685 
 324      2EFD846A 
 324      02
 325 0fd7 F0D3D42E 		.ascii	"\360\323\324.m\274.\210\240\216\237\372v/dO!\367H\364"
 325      6DBC2E88 
 325      A08E9FFA 
 325      762F644F 
 325      21F748F4 
 326 0feb D4870055 		.ascii	"\324\207\000U\373Z\375DV\251q\3545p\230_\014\200\366"
 326      FB5AFD44 
 326      56A971EC 
 326      3570985F 
 326      0C80F6
 327 0ffe 62A0     		.ascii	"b\240"
 328 1000 816170B5 		.ascii	"\201ap\265\032%8$\301A\011NIpB\202\343\022\034\226\340"
 328      1A253824 
 328      C141094E 
 328      49704282 
 328      E3121C96 
 329 1015 A4044725 		.ascii	"\244\004G%8\"\251\357\0325\352}A\352)\247\343r\015\260"
 329      3822A9EF 
 329      1A35EA7D 
 329      41EA29A7 
 329      E3720DB0 
 330 1029 3F08A09E 		.ascii	"?\010\240\236'5\300\327A\000\345\364\\\246\001\352\203"
 330      2735C0D7 
ARM GAS  /tmp/ccIsSn5Y.s 			page 26


 330      4100E5F4 
 330      5CA601EA 
 330      83
 331 103a 00CA83AE 		.ascii	"\000\312\203\256\215\013\015\257(L\000\334\034\315x"
 331      8D0B0DAF 
 331      284C00DC 
 331      1CCD78
 332 1049 5120452F 		.ascii	"Q E/\262\255\301\346\357\367\030\266\322\371\372\263"
 332      B2ADC1E6 
 332      EFF718B6 
 332      D2F9FAB3 
 333 1059 F8D37491 		.ascii	"\370\323t\221\277zQ\371\317\012b>\211\276}m\323G`xK"
 333      BF7A51F9 
 333      CF0A623E 
 333      89BE7D6D 
 333      D3476078 
 334 106e F4304F3F 		.ascii	"\3640O?\253|%\301\345P;\265\342\233\352\343\245&\023"
 334      AB7C25C1 
 334      E5503BB5 
 334      E29BEAE3 
 334      A52613
 335 1081 C2F010F7 		.ascii	"\302\360\020\367\272\341\331\321\031\023HO@\255\252"
 335      BAE1D9D1 
 335      1913484F 
 335      40ADAA
 336 1090 A8D31234 		.ascii	"\250\323\0224[0J\231\272\235\207ej\306\020:\333j\206"
 336      5B304A99 
 336      BA9D8765 
 336      6AC6103A 
 336      DB6A86
 337 10a3 510FA7D6 		.ascii	"Q\017\247\326\247Gg%Z\273\350\373\366\313lU/HpQ\202"
 337      A7476725 
 337      5ABBE8FB 
 337      F6CB6C55 
 337      2F487051 
 338 10b8 F3984425 		.ascii	"\363\230D%8'\301\0255\353?2<B\253\262N\0219\321\206"
 338      3827C115 
 338      35EB3F32 
 338      3C42ABB2 
 338      4E1139D1 
 339 10cd 5F147C57 		.ascii	"_\024|Wg\330\016\032@Wy\214\036:\220{\271\233\341\005"
 339      67D80E1A 
 339      4057798C 
 339      1E3A907B 
 339      B99BE105 
 340 10e1 A10EB8C6 		.ascii	"\241\016\270\306\001\331s\247\2373\004\361\036=\217"
 340      01D973A7 
 340      9F3304F1 
 340      1E3D8F
 341 10f0 7C4357E1 		.ascii	"|CW\3414[\252{e\225\273\"\015yDy\033\321\"\3753o#\220"
 341      345BAA7B 
 341      6595BB22 
 341      0D794479 
 341      1BD122FD 
 342 1108 77E5898A 		.ascii	"w\345\211\212&I\027~]\327\356\006\327\356\326\351\366"
 342      2649177E 
 342      5DD7EE06 
ARM GAS  /tmp/ccIsSn5Y.s 			page 27


 342      D7EED6E9 
 342      F6
 343 1119 1D06C00D 		.ascii	"\035\006\300\015=\305\264R;\305;\274\031\037\374vP\306"
 343      3DC5B452 
 343      3BC53BBC 
 343      191FFC76 
 343      50C6
 344 112b E00C87CB 		.ascii	"\340\014\207\313\375+\247/\363W\251\231B\327\024\217"
 344      FD2BA72F 
 344      F357A999 
 344      42D7148F 
 345 113b D72F7F38 		.ascii	"\327/\1778(c\3300\241\257=\353C\273S\376\300\225\"\333"
 345      2863D830 
 345      A1AF3DEB 
 345      43BB53FE 
 345      C09522DB 
 346 114f 7D7E47CA 		.ascii	"}~G\312D{\226\333\345v\371]\216t\327\337\344\321\203"
 346      447B96DB 
 346      E576F95D 
 346      8E74D7DF 
 346      E4D183
 347 1162 0727FA9C 		.ascii	"\007'\372\234\023\023}\376\214aC\023\223\306\275;l\250"
 347      13137DFE 
 347      8C614313 
 347      93C6BD3B 
 347      6CA8
 348 1174 7D7CD27F 		.ascii	"}|\322\177\376\331\376\216+\331\353\360NNL\361ddx\334"
 348      FED9FE8E 
 348      2BD9EBF0 
 348      4E4E4CF1 
 348      646478DC 
 349 1188 F8E59513 		.ascii	"\370\345\225\023}\336\224\304\316\310\006\247D\2769"
 349      7DDE94C4 
 349      CEC806A7 
 349      44BE39
 350 1197 7A7CC288 		.ascii	"z|\302\210\327~#H\343\337\036=\3567\211\031n\177bJ\242"
 350      D77E2348 
 350      E3DF1E3D 
 350      EE378919 
 350      6E7F624A 
 351 11ac 3F2333D1 		.ascii	"?#3\321\351\312L\367dLt$\372\275\236LW\312\220\327\006"
 351      E9CA4CF7 
 351      644C7424 
 351      FABD9E4C 
 351      57CA90D7 
 352 11c1 319159FF 		.ascii	"1\221Y\3772(\313\227<\010)'\272\374\203R'%:23\2051\377"
 352      3228CB97 
 352      3C082927 
 352      BAFC8352 
 352      27253A32 
 353 11d9 B74A093D 		.ascii	"\267J\011=\251\011\262\374\256t\227\177\262=C\316\360"
 353      A909B2FC 
 353      AE74977F 
 353      B23D43CE 
 353      F0
 354 11ea 7827DB53 		.ascii	"x'\333S\275\262\374\207\277G\216\313\315\344(4\203'"
 354      BDB2FC87 
ARM GAS  /tmp/ccIsSn5Y.s 			page 28


 354      BF478ECB 
 354      CDE42834 
 354      8327
 355 11fc 08B194D5 		.ascii	"\010\261\224\3257\331\347\2273\354\276t\307\007\362"
 355      37D9E797 
 355      33ECBE74 
 355      C707F2
 356 120b 2F82AE55 		.ascii	"/\202\256U\235>\220\335N\217\327\356\225\377\232%\373"
 356      9D3E90DD 
 356      4E8FD7EE 
 356      95FF9A25 
 356      FB
 357 121c FC61E3DF 		.ascii	"\374a\343\337\0313\372\315\376\301\330\224\011\016w"
 357      1933FACD 
 357      FEC1D894 
 357      090E77
 358 122b 9A6C4FCD 		.ascii	"\232lO\315r\247\370]\036\267e\\\341r\246f\3313<Ny`'"
 358      72A7F85D 
 358      1EB7655C 
 358      E172A666 
 358      D9333C4E 
 359 1242 E36803BF 		.ascii	"\343h\003\277l\317p\244Lp\271;\005\372\275\016\267/"
 359      6CCF70A4 
 359      4C70B93B 
 359      05FABD0E 
 359      B72F
 360 1254 55F6DA7D 		.ascii	"U\366\332}h\247_v\002t\312h\326\011v\277+C\366d\371"
 360      68A75F76 
 360      0274CA68 
 360      D60976BF 
 360      2B43F664 
 361 1269 5FE90499 		.ascii	"_\351\004\231\342\310t$S\013\271d\237\305\036^4=j6\311"
 361      E2C87424 
 361      530BB964 
 361      9FC51E5E 
 361      343D6A36 
 362 127e 3151CECA 		.ascii	"1Q\316\312\264\313nGr\272\354\264(hFi\204\223{\007\003"
 362      B4CB6E47 
 362      72BAECB4 
 362      28684669 
 362      84937B07 
 363 1293 333D93A8 		.ascii	"3=\223\250\356t\266=\202\307|\231\262\354\264(\340r"
 363      EE74B63D 
 363      82C77C99 
 363      B2ECB428 
 363      E072
 364 12a5 FB656FAA 		.ascii	"\373eo\252\003uMIw\370|v\207\327\353\230\374s\212\342"
 364      03754D49 
 364      77F87C76 
 364      87D7EB98 
 364      FC738AE2 
 365 12b9 6BC03A53 		.ascii	"k\300:S<\356TWZ\226\327A\327\301\356\316\312H\226\275"
 365      3CEE5457 
 365      5A96D741 
 365      D7C1EECE 
 365      CA4896BD 
 366 12cd FD83303A 		.ascii	"\375\2030:\021\037\177\251\303\361L\207\327\221!\343"
ARM GAS  /tmp/ccIsSn5Y.s 			page 29


 366      111F7FA9 
 366      C3F14C87 
 366      D79121E3 
 367 12dd 559F2088 		.ascii	"U\237 \210\337\341\233\250-w\217`\035\322]\262\333\337"
 367      DFE19BA8 
 367      2D778F60 
 367      1DD25DB2 
 367      DBDF
 368 12ef D3C28A93 		.ascii	"\323\302\212\223u\247\310}\203\372\021J=Z\341\352;\376"
 368      75A7C87D 
 368      83FA114A 
 368      3D5AE1EA 
 368      3BFE
 369 1301 CFF6A477 		.ascii	"\317\366\244w\206\277?\312>\342\235\341II\366\021c\336"
 369      86BF3FCA 
 369      3EE29DE1 
 369      4949F611 
 369      63DE
 370 1313 7D77F8E8 		.ascii	"}w\370\350\221\366\244qc\307\217\030\027,\211\232/\313"
 370      91F6A471 
 370      63C78F18 
 370      172C899A 
 370      2FCB
 371 1325 1717D4EB 		.ascii	"\027\027\324\353F\235\303\306\217xk\370\330\036Al\234"
 371      469DC3C6 
 371      8F786BF8 
 371      D81E416C 
 371      9C
 372 1336 A55747F3 		.ascii	"\245WG\363}A\203c\374\217\032\373\306\360\021\243\224"
 372      7D418363 
 372      FC8F1AFB 
 372      C6F011A3 
 372      94
 373 1347 5B7EF70F 		.ascii	"[~\367\017\004\233#\323\205\201\026mV\301\342\007\206"
 373      049B23D3 
 373      8581166D 
 373      56C1E207 
 373      86
 374 1358 B51C6071 		.ascii	"\265\034`qM\364\311T\272\002\223<\336\211\366t\331\235"
 374      4DF4C954 
 374      BA02933C 
 374      DE89F674 
 374      D99D
 375 136a E69FD0B7 		.ascii	"\346\237\320\267S\320\257\203G\32310\263\034\030\233"
 375      53D0AF83 
 375      47D33130 
 375      B31C189B 
 376 137a 2EA785CA 		.ascii	".\247\205\312\342a!\301\226\200\361\371\275.w\232\205"
 376      E26121C1 
 376      9680F1F9 
 376      BD2E779A 
 376      85
 377 138b 2DE159B8 		.ascii	"-\341Y\270\241\035D^0\221}\202+m\002\217\201_=\363\026"
 377      A11D445E 
 377      30917D82 
 377      2B6D028F 
 377      815F3DF3 
ARM GAS  /tmp/ccIsSn5Y.s 			page 30


 378 13a0 1DFB93E9 		.ascii	"\035\373\223\351S\263\322\323\177*\275\216\355(o<\323"
 378      53B3D2D3 
 378      7F2ABD8E 
 378      ED286F3C 
 378      D3
 379 13b1 0CC1B8E7 		.ascii	"\014\301\270\347C\003~\2419\245r\003\346\335L\017\272"
 379      43037EA1 
 379      39A57203 
 379      E6DD4C0F 
 379      BA
 380 13c2 A60F5385 		.ascii	"\246\017S\205']\011\325~\235\243zi\3166j\364\310\367"
 380      275D09D5 
 380      7E9DA37A 
 380      69CE366A 
 380      F4C8F7
 381 13d5 C6A0172B 		.ascii	"\306\240\027+\376\373r\360}\232\317\233\350\373?\003"
 381      FEFB72F0 
 381      7D9ACF9B 
 381      E8FB3F03 
 382 13e5 66194F75 		.ascii	"f\031Ouy}~\03550x\334\234\216\234\262/\305\353\312\364"
 382      797D7E1D 
 382      353078DC 
 382      9C8E9CB2 
 382      2FC5EBCA 
 383 13fa 7BBC91EF 		.ascii	"{\274\221\357:>|\217f\300\250\344\214\341~t\224\344"
 383      3A3E7C8F 
 383      66C0A8E4 
 383      8CE17E74 
 383      94E4
 384 140c 2CBFEC8B 		.ascii	",\277\354\213v\2150\342\343\222M\227\357;\322\263\344"
 384      768D30E2 
 384      E3924D97 
 384      EF3BD2B3 
 384      E4
 385 141d E8E4D159 		.ascii	"\350\344\321Y\031okZEM\032\347\361;\322\337a\246\017"
 385      196F6B5A 
 385      454D1AE7 
 385      F13BD2DF 
 385      61A60F
 386 1430 1F9FF4D6 		.ascii	"\037\237\364\326\230\261\343b\222Gjr\306M\316\224#\222"
 386      98B1E362 
 386      92476A72 
 386      C64DCE94 
 386      2392
 387 1442 F9F04B68 		.ascii	"\371\360Kh\234\021cF\277\361\366\233\343\307\016\037"
 387      9C116346 
 387      BFF1F69B 
 387      E3C70E1F 
 388 1452 F7F698D1 		.ascii	"\367\366\230\321\366\221\243\222F\214}\373\275qc\306"
 388      F691A392 
 388      468C7DFB 
 388      BD7163C6 
 389 1462 766426B3 		.ascii	"vd&\263\376>9]N\361\313\316\204\0200\334\031\244k\253"
 389      FE3E395D 
 389      4EF1CBCE 
 389      841030DC 
 389      19A46BAB 
ARM GAS  /tmp/ccIsSn5Y.s 			page 31


 390 1476 A16754B5 		.ascii	"\241gT\265G/WJ%\035\244A\202G\224\254f\317\234\340\360"
 390      472F574A 
 390      251DA441 
 390      824794AC 
 390      66CF9CE0 
 391 148b E10AA4B9 		.ascii	"\341\012\244\2711\247\364\357\004-\373\2632\177\336"
 391      31A7F4EF 
 391      042DFBB3 
 391      327FDE
 392 149a F178AAC7 		.ascii	"\361x\252\307\213\032\376-=\363\305\2161Jm\354L\012"
 392      8B1AFE2D 
 392      3DF3C58E 
 392      314A6DEC 
 392      4C0A
 393 14ac 2D549DE8 		.ascii	"-T\235\350\214\371/3]fVRS\271\356\214\343\306\016\037"
 393      8CF92F33 
 393      5D665652 
 393      53B9EE8C 
 393      E3C60E1F 
 394 14c0 9DF4C628 		.ascii	"\235\364\306(\325\312\235\210as\376\345O\022\223\202"
 394      D5CA9D88 
 394      6173FEE5 
 394      4F129382 
 395 14d0 1B894E90 		.ascii	"\033\211N\220Z\007\017\313_w\214t\271\203\301\257t\014"
 395      5A070FCB 
 395      5F778C74 
 395      B983C1AF 
 395      740C
 396 14e2 76A4F8B3 		.ascii	"v\244\370\263\034\351\012\356\325\216q\312\267\354T"
 396      1CE90AEE 
 396      D58E71CA 
 396      B7EC54
 397 14f1 A0833B99 		.ascii	"\240\203;\231S\226\327\213E\320\356t\370\035v\346,\262"
 397      5396D78B 
 397      45D0EE74 
 397      F81D76E6 
 397      2CB2
 398 1503 F7E58EE1 		.ascii	"\367\345\216\341F\330K\035\303T\307\353\327\211\211"
 398      46D84B1D 
 398      C354C7EB 
 398      D78989
 399 1512 3038129E 		.ascii	"08\022\236\345\206\275\254\256\314\235\376ymyG\216z"
 399      E586BDAC 
 399      AECC9DFE 
 399      796D7947 
 399      8E7A
 400 1524 FF6DAD52 		.ascii	"\377m\255R\366\266\342\265\364\320\337:\346\226?\324"
 400      F6B6E2B5 
 400      F4D0DF3A 
 400      E6963FD4 
 401 1534 75ED134A 		.ascii	"u\355\023J\226\032\312]\355\270#Ns\263\355^\227d\226"
 401      961ACA5D 
 401      EDB8234E 
 401      73B3ED5E 
 401      976496
 402 1547 023E70A4 		.ascii	"\002>p\244GO\242\231\004\267\315\262?\011\007b\223G"
 402      474FA299 
ARM GAS  /tmp/ccIsSn5Y.s 			page 32


 402      04B7CDB2 
 402      3F090762 
 402      9347
 403 1559 29770E77 		.ascii	")w\016w:\275\262\317G\367\023Z.\264\304{\274U\240\354"
 403      3ABDB2CF 
 403      47F7135A 
 403      2EB4C47B 
 403      BC55A0EC 
 404 156d EC69ED64 		.ascii	"\354i\355d\336\037\302\022\334D?\013N\007\272\322\335"
 404      DE1FC212 
 404      DC443F0B 
 404      4E07BAD2 
 404      DD
 405 157e 69BA3265 		.ascii	"i\2722e1_7W\222\354\305\335\375h\226q#]\357y=\316\254"
 405      315F3757 
 405      92ECC5DD 
 405      FD689671 
 405      235DEF79 
 406 1595 147F37D7 		.ascii	"\024\1777\327\273\016wV*\365/\257\354\355\222\234\342"
 406      BB0E7756 
 406      2AF52FAF 
 406      ECED929C 
 406      E2
 407 15a6 1CC9C8BA 		.ascii	"\034\311\310\272\270\234\012\"\322\345|\237m\306c\222"
 407      B89C0A22 
 407      D2E57C9F 
 407      6DC66392 
 408 15b6 4D731E42 		.ascii	"Ms\036B\023\036\205\"\316\357I\361\244\253\327IY\311"
 408      131E8522 
 408      CEEF49F1 
 408      A4ABD749 
 408      59C9
 409 15c8 23E8EE22 		.ascii	"#\350\356\"J\271f\027\341\310\214;\227\336h\027e\335"
 409      4AB96617 
 409      E1C88C3B 
 409      97DE6817 
 409      65DD
 410 15da 2C56E911 		.ascii	",V\351\021<\0376\375\336\301\275\206\035lL\220/\304"
 410      3C1F36FD 
 410      DEC1BD86 
 410      1D6C4C90 
 410      2FC4
 411 15ec 596A5C8A 		.ascii	"Yj\\\2121i\2468\325\214\231\216\014\023\034^\347$\207"
 411      3169A638 
 411      D58C998E 
 411      0C131C5E 
 411      E72487
 412 15ff 57EE6102 		.ascii	"W\356a\002\250Y$N\247\0361\322\342c\024\251\250\343"
 412      A859244E 
 412      A71E31D2 
 412      E26314A9 
 412      A8E3
 413 1611 E00B1E63 		.ascii	"\340\013\036c\032syb\315\327\336\277\3665ux\374i\246"
 413      1A737962 
 413      CDD7DEBF 
 413      F6357578 
 413      FC69A6
ARM GAS  /tmp/ccIsSn5Y.s 			page 33


 414 1624 6D7F9F8E 		.ascii	"m\177\237\216\264\244\301\022g\032\344\213\337[?\276"
 414      B4A4C112 
 414      671AE48B 
 414      DF5B3FBE 
 415 1634 D14ED3C6 		.ascii	"\321N\323\3068\312\250;\213\227\277$\215\033\365\256"
 415      38CAA83B 
 415      8B97BF24 
 415      8D1BF5AE 
 416 1644 D2C7E732 		.ascii	"\322\307\3472\370'\235\2734\312\230 \226\177\377\007"
 416      F8279DBB 
 416      34CA9820 
 416      967FFF07 
 417 1654 36A65C1C 		.ascii	"6\246\\\034\356M\237\263l\027\364\032\241\037\002x\215"
 417      EE4D9FB3 
 417      6C17F41A 
 417      A11F0278 
 417      8D
 418 1665 577D3E14 		.ascii	"W}>\024\202\005\261v\3317\004B\217\010\233K\253\336"
 418      8205B176 
 418      D9370442 
 418      8F089B4B 
 418      ABDE
 419 1677 DD93B59F 		.ascii	"\335\223\265\237\252\353\032\272T\357\215\321\273\330"
 419      AAEB1ABA 
 419      54EF8DD1 
 419      BBD8
 420 1685 75371A52 		.ascii	"u7\032Rj\224\373\236K\036\236\216\243nt\302$\331\357"
 420      6A94FB9E 
 420      4B1E9E8E 
 420      A36E74C2 
 420      24D9EF
 421 1698 C70D67AC 		.ascii	"\307\015g\254\216\347!\326\017g\251\357\347-\336\036"
 421      8EE721D6 
 421      0F67A9EF 
 421      E72DDE1E 
 422 16a8 6A42E613 		.ascii	"jB\346\023K\257\216\020/\204\030\340^\361\234\245\366"
 422      4BAF8E10 
 422      2F8418E0 
 422      5EF19CA5 
 422      F6
 423 16b9 FD2FBD7D 		.ascii	"\375/\275}\320\324"
 423      D0D4
 424              		.text
 425              		.section	.gnu.lto_.symtab.5ac4195dd4179be0,"e",%progbits
 426 0000 5F75785F 		.ascii	"_ux_device_stack_uninitialize\000"
 426      64657669 
 426      63655F73 
 426      7461636B 
 426      5F756E69 
 427 001e 00       		.ascii	"\000"
 428 001f 00       		.ascii	"\000"
 429 0020 00       		.ascii	"\000"
 430 0021 00000000 		.ascii	"\000\000\000\000\000\000\000\000"
 430      00000000 
 431 0029 C2000000 		.ascii	"\302\000\000\000"
 432 002d 5F75785F 		.ascii	"_ux_system_slave\000"
 432      73797374 
ARM GAS  /tmp/ccIsSn5Y.s 			page 34


 432      656D5F73 
 432      6C617665 
 432      00
 433 003e 00       		.ascii	"\000"
 434 003f 02       		.ascii	"\002"
 435 0040 00       		.ascii	"\000"
 436 0041 00000000 		.ascii	"\000\000\000\000\000\000\000\000"
 436      00000000 
 437 0049 3B020000 		.ascii	";\002\000\000"
 438 004d 5F75785F 		.ascii	"_ux_utility_memory_free\000"
 438      7574696C 
 438      6974795F 
 438      6D656D6F 
 438      72795F66 
 439 0065 00       		.ascii	"\000"
 440 0066 02       		.ascii	"\002"
 441 0067 00       		.ascii	"\000"
 442 0068 00000000 		.ascii	"\000\000\000\000\000\000\000\000"
 442      00000000 
 443 0070 C6000000 		.ascii	"\306\000\000\000"
 444              		.text
 445              		.section	.gnu.lto_.ext_symtab.5ac4195dd4179be0,"e",%progbits
 446 0000 01       		.ascii	"\001"
 447 0001 01       		.ascii	"\001"
 448 0002 00       		.ascii	"\000"
 449 0003 02       		.ascii	"\002"
 450 0004 01       		.ascii	"\001"
 451 0005 01       		.ascii	"\001"
 452 0006 00       		.ascii	"\000"
 453              		.text
 454              		.section	.gnu.lto_.opts,"e",%progbits
 455 0000 272D666E 		.ascii	"'-fno-openmp' '-fno-openacc' '-fno-pie' '-fcf-prote"
 455      6F2D6F70 
 455      656E6D70 
 455      2720272D 
 455      666E6F2D 
 456 0033 6374696F 		.ascii	"ction=none' '-mcpu=cortex-m33' '-mthumb' '-mfpu=fpv"
 456      6E3D6E6F 
 456      6E652720 
 456      272D6D63 
 456      70753D63 
 457 0066 342D7370 		.ascii	"4-sp-d16' '-mfloat-abi=hard' '-mlibarch=armv8-m.mai"
 457      2D643136 
 457      2720272D 
 457      6D666C6F 
 457      61742D61 
 458 0099 6E2B6473 		.ascii	"n+dsp+fp' '-march=armv8-m.main+dsp+fp' '-Os' '-flto"
 458      702B6670 
 458      2720272D 
 458      6D617263 
 458      683D6172 
 459 00cc 2720272D 		.ascii	"' '-fdata-sections' '-ffunction-sections' '-Xassemb"
 459      66646174 
 459      612D7365 
 459      6374696F 
 459      6E732720 
 460 00ff 6C657227 		.ascii	"ler' '-a' '-Xassembler' '-ad' '-Xassembler' '-alms="
ARM GAS  /tmp/ccIsSn5Y.s 			page 35


 460      20272D61 
 460      2720272D 
 460      58617373 
 460      656D626C 
 461 0132 6275696C 		.ascii	"build/../sdk/stm32/STM32_USBX_Library/common/core/s"
 461      642F2E2E 
 461      2F73646B 
 461      2F73746D 
 461      33322F53 
 462 0165 72632F75 		.ascii	"rc/ux_device_stack_uninitialize.lst'\000"
 462      785F6465 
 462      76696365 
 462      5F737461 
 462      636B5F75 
 463              		.text
 464              		.comm	__gnu_lto_slim,1,1
 465              		.ident	"GCC: (15:10.3-2021.07-4) 10.3.1 20210621 (release)"
ARM GAS  /tmp/ccIsSn5Y.s 			page 36


DEFINED SYMBOLS
                            *ABS*:0000000000000000 ux_device_stack_uninitialize.c
                            *COM*:0000000000000001 __gnu_lto_slim

NO UNDEFINED SYMBOLS
