ARM GAS  /tmp/ccepvdMA.s 			page 1


   1              		.cpu cortex-m33
   2              		.eabi_attribute 27, 1
   3              		.eabi_attribute 28, 1
   4              		.eabi_attribute 20, 1
   5              		.eabi_attribute 21, 1
   6              		.eabi_attribute 23, 3
   7              		.eabi_attribute 24, 1
   8              		.eabi_attribute 25, 1
   9              		.eabi_attribute 26, 1
  10              		.eabi_attribute 30, 4
  11              		.eabi_attribute 34, 1
  12              		.eabi_attribute 18, 4
  13              		.file	"ux_device_stack_interface_start.c"
  14              		.section	.gnu.lto_.profile.243cbc3b4b2edef6,"e",%progbits
  15 0000 789C6365 		.ascii	"x\234ce\000\002F \006\000\000:\000\007"
  15      00024620 
  15      0600003A 
  15      0007
  16              		.text
  17              		.section	.gnu.lto_.icf.243cbc3b4b2edef6,"e",%progbits
  18 0000 789C6367 		.ascii	"x\234cg@\000F\206\011=K\242\031\000\010A\002$"
  18      40004686 
  18      093D4BA2 
  18      19000841 
  18      0224
  19              		.text
  20              		.section	.gnu.lto_.ipa_sra.243cbc3b4b2edef6,"e",%progbits
  21 0000 789CE365 		.ascii	"x\234\343e@\000F \004\002f0\007\000\001\210\000\023"
  21      40004620 
  21      04026630 
  21      07000188 
  21      0013
  22              		.text
  23              		.section	.gnu.lto_.inline.243cbc3b4b2edef6,"e",%progbits
  24 0000 789CDBC8 		.ascii	"x\234\333\310\200\000\214\014:\232k\037\237\372\305"
  24      80008C0C 
  24      3A9A6B1F 
  24      9FFAC5
  25 000f 94C1C8C2 		.ascii	"\224\301\310\302\300\270\204\231\201\201\271\200\001"
  25      C0B88499 
  25      8181B980 
  25      01
  26 001c CAE86084 		.ascii	"\312\350`\204\261&\300Y3\030\031\270t\257\336;=\217"
  26      B126C059 
  26      331819B8 
  26      74AFDE3B 
  26      3D8F
  27 002e 299D8181 		.ascii	")\235\201\201}\302\325\277\275L)L\014L\014\214\015@"
  27      7DC2D5BF 
  27      BD4C294C 
  27      0C4C0C8C 
  27      0D40
  28 0040 C094C4C4 		.ascii	"\300\224\304\304\300\302\304\300\014b3'3\000\015l8|"
  28      C0C2C4C0 
  28      0C623327 
  28      33000D6C 
  28      387C
ARM GAS  /tmp/ccepvdMA.s 			page 2


  29 0052 F2247322 		.ascii	"\362$s\"\023\003\007\023\214\315\300\201\020\025@\210"
  29      13030713 
  29      8CCDC081 
  29      10154088 
  30 0062 0A204415 		.ascii	"\012 D\025\020\242\012@\027\262\012\202\235\011\245"
  30      10A20A40 
  30      17B20A82 
  30      9D09A5
  31 0071 18001A02 		.ascii	"\030\000\032\002)\226"
  31      2996
  32              		.text
  33              		.section	.gnu.lto_.jmpfuncs.243cbc3b4b2edef6,"e",%progbits
  34 0000 789CCB66 		.ascii	"x\234\313f@\000F\006FF\306\372%\314\214L@\306\022f "
  34      40004606 
  34      4646C6FA 
  34      25CC8C4C 
  34      40C61266 
  35 0015 39891948 		.ascii	"9\211\031H121\036`ad\000\342?\377\377\377\347gd\002"
  35      3132311E 
  35      60616400 
  35      E23FFFFF 
  35      FFE76764 
  36 002a 89323332 		.ascii	"\211232B\250\377 \261z\005&\006&d-@6\213\003S\035\003"
  36      42A8FF20 
  36      B17A0526 
  36      0626642D 
  36      40368B03 
  37 0041 9A4EC6AD 		.ascii	"\232N\306\255\214\214\333\030\353\025\030\000^p\033"
  37      8C8CDB18 
  37      EB151800 
  37      5E701B
  38 0050 45       		.ascii	"E"
  39              		.text
  40              		.section	.gnu.lto_.pureconst.243cbc3b4b2edef6,"e",%progbits
  41 0000 789C6361 		.ascii	"x\234ca```d\230\305\002\000\001d\000\244"
  41      60606064 
  41      98C50200 
  41      016400A4 
  42              		.text
  43              		.section	.gnu.lto_.lto.243cbc3b4b2edef6,"e",%progbits
  44 0000 09000400 		.ascii	"\011\000\004\000\001\000\000\000"
  44      01000000 
  45              		.text
  46              		.section	.gnu.lto__ux_device_stack_interface_start.3.243cbc3b4b2edef6,"e",%progbits
  47 0000 789C8555 		.ascii	"x\234\205U}h[U\024\277\347\335\227\227\244i>\266\265"
  47      7D685B55 
  47      14BFE7DD 
  47      9797A469 
  47      3EB6B5
  48 0013 6EB3488B 		.ascii	"n\263H\213\335\224\201\355\233\0352\012~\014\377V\004"
  48      DD9481ED 
  48      9B1D320A 
  48      7E0CFF56 
  48      04
  49 0024 E7C0FF42 		.ascii	"\347\300\377B\226v\020\332\264!I\375\000e/[\264R\031"
  49      967610DA 
  49      B42149FD 
ARM GAS  /tmp/ccepvdMA.s 			page 3


  49      00652F5B 
  49      B45219
  50 0037 6D264CA7 		.ascii	"m&L\247[\031\3619R\007\332\201\262E\353\326\017\347"
  50      5B19F139 
  50      5207DA81 
  50      B245EBD6 
  50      0FE7
  51 0049 A8326807 		.ascii	"\2502h\007Z,\254\263\216\265\035\323\266\024\245\335"
  51      5A2CACB3 
  51      8EB51DD3 
  51      B614A5DD 
  52 0059 E8ACE7DC 		.ascii	"\350\254\347\334\367\372\362\266T\033\310\315\275\347"
  52      F7FAF2B6 
  52      541BC8CD 
  52      BDE7
  53 0067 FDCEEFF7 		.ascii	"\375\316\357\367\273\347\334\373\262\2440\226g\214\275"
  53      BBE7DCFB 
  53      B2A43096 
  53      678CBD
  54 0076 8D5F7031 		.ascii	"\215_p18\232\351\220\230\246i{\234\222\324\236y_\202"
  54      389AE990 
  54      98A6697B 
  54      9C92D49E 
  54      795F82
  55 0089 0118999E 		.ascii	"\001\030\231\236R\344\303\031_\357G\307\353e.\2453\236"
  55      52E4C319 
  55      5FEF47C7 
  55      EB652EA5 
  55      339E
  56 009b E9F73EAB 		.ascii	"\351\367>\253\224\3333\276\343\213\343U\262,\275\223"
  56      94DB33BE 
  56      E38BE355 
  56      B22CBD93 
  57 00ab F1604695 		.ascii	"\361`F\225\374n\306'~\035p\314bQ\340\303L\307X\356\202"
  57      FC6EC627 
  57      7E1D70CC 
  57      6251E0C3 
  57      4CC758EE 
  58 00c0 8C4422E0 		.ascii	"\214D\"\340\204\224\365\020\330A\211\313\016\305\011"
  58      8494F510 
  58      D84189CB 
  58      0EC509
  59 00cf 07E1037E 		.ascii	"\007\341\003~\202\303Q\256s\006\2629\003\250\332\321"
  59      82C351AE 
  59      7306B239 
  59      03A8DAD1 
  60 00df AF694B97 		.ascii	"\257iK\227\272O\336\200\023\271~Y\347\022\353F\300\327"
  60      BA4FDE80 
  60      13B97E59 
  60      E712EB46 
  60      C0D7
  61 00f1 005F011A 		.ascii	"\000_\001\032f\010\344G\200=\216\250\221\345\363\232"
  61      6608E447 
  61      803D8EA8 
  61      91E5F39A 
  62 0101 E6663AE7 		.ascii	"\346f:\347p\016l \014\030@\203\373\011\213\3737\211"
  62      700E6C20 
ARM GAS  /tmp/ccepvdMA.s 			page 4


  62      0C184083 
  62      FB098BFB 
  62      3789
  63 0113 B23F017A 		.ascii	"\262?\001z\266\275K\323\346\317|\372RW\312\245s\031"
  63      B6BD4BD3 
  63      E6CF7CFA 
  63      5257CAA5 
  63      7319
  64 0125 BE1504DF 		.ascii	"\276\025\004\337\000\344\205\212\220\3511\200\250\324"
  64      00E4858A 
  64      90E93180 
  64      A8D4
  65 0133 FBF9E176 		.ascii	"\373\371\341v-\220\256B7\360\035\334\347G {-\344|\317"
  65      2D90AE42 
  65      37F01DDC 
  65      E747207B 
  65      2DE47CCF 
  66 0147 50A74F70 		.ascii	"P\247Op:\340\342\003H\205A?\300\005\200>\240=Q\371\031"
  66      3AE0E203 
  66      4885413F 
  66      C005803E 
  66      A03D51F9 
  67 015c E356ECCB 		.ascii	"\343V\354\313\253\216~my\245S\323\026\267Nv\227<\006"
  67      AB8E7E6D 
  67      79A553D3 
  67      16B74E76 
  67      973C06
  68 016f B81145C2 		.ascii	"\270\021E\302\301\311qp\3114s\340\340Vh\346\244\231"
  68      C1C97170 
  68      C93473E0 
  68      E05668E6 
  68      A499
  69 0181 8B665401 		.ascii	"\213fT\001w\011\016%\036\232\225\322\314K3\037\016\036"
  69      77090E25 
  69      1E9A95D2 
  69      CC4B331F 
  69      0E1E
  70 0193 3F0D011C 		.ascii	"?\015\001\034\2442\200\363PN\036*\031*V\323\300X'g+"
  70      A43280F3 
  70      504E1E2A 
  70      192A56D3 
  70      C0582767 
  71 01a8 F8E1A0F5 		.ascii	"\370\341\240\3653\326\305%c\221\302\305,\034:vg\354"
  71      33D6C525 
  71      6391C2C5 
  71      2C1C3A76 
  71      67EC
  72 01ba EC0E6C63 		.ascii	"\354\016lc\226\203Y\304R\261\3234H8\315\341\036N\013"
  72      968359C4 
  72      52B1D334 
  72      4838CDE1 
  72      1E4E0B
  73 01cd 97300430 		.ascii	"\2270\0040\010\"\245\257\347\036\302%\023\316\005\374"
  73      0822A5AF 
  73      E71EC225 
  73      13CE05FC 
  74 01dd 349D83DC 		.ascii	"4\235\203\3345\320\2717\313\313\340\222\010\356\304"
ARM GAS  /tmp/ccepvdMA.s 			page 5


  74      35D0B937 
  74      CBCBE092 
  74      08EEC4
  75 01ec 1896C907 		.ascii	"\030\226\311\007?\300I*\006\255s\367\020\343\207\313"
  75      3FC0492A 
  75      06AD73F7 
  75      10E387CB 
  76 01fc 18A19221 		.ascii	"\030\241\222!\335r;\262q$\244\305\310-\177\226\227\233"
  76      DD723BB2 
  76      7124A4C5 
  76      C82D7F96 
  76      979B
  77 020e D44A817A 		.ascii	"\324J\201zf\273\316\003\350\021\206\355\314\033\340"
  77      66BBCE03 
  77      E81186ED 
  77      CC1BE0
  78 021d 47E49118 		.ascii	"G\344\221\030\253#\310\025\240\226\374DlT\371[\220\236"
  78      AB23C815 
  78      A096FC44 
  78      6C54F95B 
  78      909E
  79 022f 19BA7D64 		.ascii	"\031\272}d\013\362\021\231\303\350\020\026\200\257\014"
  79      0BF21199 
  79      C3E81016 
  79      80AF0C
  80 023e 0E0F5B05 		.ascii	"\016\017[\005XX\2729\340\025\316\312\251\367}H\210\351"
  80      5858BA39 
  80      E015CECA 
  80      A9F77D48 
  80      88E9
  81 0250 94210110 		.ascii	"\224!\001\020\340\343\374T\001\260Q\000d\306p\227\242"
  81      E0E3FC54 
  81      01B05100 
  81      64C67097 
  81      A2
  82 0261 1677A626 		.ascii	"\026w\246&\353\263\\\266Jp\371?J0j+\301\264(\301U\214"
  82      EBB35CB6 
  82      4A70F93F 
  82      4A306A2B 
  82      C1B428C1 
  83 0277 386C2570 		.ascii	"8l%p \015-\346;n*\367\373QH\316!\344\362\323$\247\254"
  83      200D2DE6 
  83      3B6E2AF7 
  83      FB5148CE 
  83      21E4F2D3 
  84 028e 2BF77391 		.ascii	"+\367s\221\334/\030q\332\344\234H\263\266\234\213\344"
  84      DC2F1871 
  84      DAE49C48 
  84      B3B69C8B 
  84      E4
  85 029f 9CC6EE84 		.ascii	"\234\306\356\204\234k]\271_\213\344\3061\342\266\311"
  85      9C6B5DB9 
  85      5F8BE4C6 
  85      31E2B6C9 
  86 02af B991666D 		.ascii	"\271\221fm\271\022\222s\033\273\373c`w\226\227\230\355"
  86      B9129273 
  86      1BBBFB63 
ARM GAS  /tmp/ccepvdMA.s 			page 6


  86      60779697 
  86      98ED
  87 02c1 DF04DBAC 		.ascii	"\337\004\333\254\366?\247\3632j\3775\273n9L`\276\307"
  87      F63FA7F3 
  87      326AFF35 
  87      BB6E394C 
  87      60BEC7
  88 02d4 D49D40DD 		.ascii	"\324\235@\335\207\340:FJm\272\036\344[[\327K\272\036"
  88      87E03A46 
  88      4A6DBA1E 
  88      E45B5BD7 
  88      4BBA1E
  89 02e7 639B42B7 		.ascii	"c\233B\267t=\265\337\213\324n`\304gS\303\332\224\256"
  89      743DB5DF 
  89      8BD46E60 
  89      C46753C3 
  89      DA94AE
  90 02fa ADE62735 		.ascii	"\255\346'5\257q\236f\317z,)\277\3167\343\011\205+\300"
  90      AF719E66 
  90      CF7A2C29 
  90      BFCE37E3 
  90      09852BC0 
  91 030e 4C9D2D30 		.ascii	"L\235-0\205\370\200\355\210\315\245\260Y\276\325\024"
  91      85F880ED 
  91      88CDA5B0 
  91      59BED514 
  92 031e 57518607 		.ascii	"WQ\206\007f0c\003\372\230\207\364\251g\262\274\022\341"
  92      66306303 
  92      FA9887F4 
  92      A967B2BC 
  92      12E1
  93 0330 2C2DF89F 		.ascii	",-\370\237\326\371V4\2007\\\347\017\033w\342L'\336\211"
  93      D6F95634 
  93      80375CE7 
  93      0F1B77E2 
  93      4C27DE89 
  94 0344 4AE384AF 		.ascii	"J\343\204\257\336\011\371\257\321\361\353`\275\024\362"
  94      DE09F9AF 
  94      D1F1EB60 
  94      BD14F2
  95 0353 8B29BFF0 		.ascii	"\213)\277\360\277Y\347\025\302\377F\362Sn\\\230\345"
  95      BF59E715 
  95      C2FF46F2 
  95      536E5C98 
  95      E5
  96 0364 49EFEAC3 		.ascii	"I\357\352\303\007.\214d\264\361\237\0014\354\377?\303"
  96      072E8C64 
  96      B4F19F01 
  96      34ECFF3F 
  96      C3
  97 0375 7336C3FB 		.ascii	"s6\303\373\262\274\032\341\246\341g\213\015\257tV \004"
  97      B2BC1AE1 
  97      A6E1678B 
  97      0DAF7456 
  97      2004
  98 0387 6E8369D6 		.ascii	"n\203i\326q7\367\347\034+\230\375~\301k\325\363\221"
  98      7137F7E7 
ARM GAS  /tmp/ccepvdMA.s 			page 7


  98      1C2B98FD 
  98      7EC16BD5 
  98      F391
  99 0399 C20135C5 		.ascii	"\302\0015\305*`\001\3056\031\376)])\354\225\226N\204"
  99      2A6001C5 
  99      3619FE29 
  99      5D29EC95 
  99      964E84
 100 03ac 69B2C936 		.ascii	"i\262\31168A\357\351\372G\361\017\203-\300\241=\230"
 100      3841EFE9 
 100      FA47F10F 
 100      832DC0A1 
 100      3D98
 101 03be 849D6077 		.ascii	"\204\235`w!`lp\214I\023\347N\271\305\013\263Z\371b\364"
 101      21606C70 
 101      8C4913E7 
 101      4EB9C50B 
 101      B35AF962 
 102 03d3 2DF81BF8 		.ascii	"-\370\033\370\354h3\276d\301\340\321\004\355n5\332\222"
 102      EC6833BE 
 102      64C1E0D1 
 102      04ED6E35 
 102      DA92
 103 03e5 54C36A32 		.ascii	"T\303j2\032S\033\"\261\346\326hSHM\306[c\221\360\316"
 103      1A531B22 
 103      B1E6D668 
 103      53484DC6 
 103      5B6391F0 
 104 03fa 276B12C9 		.ascii	"'k\022\311\350\256\272\266\247j\332\022\373k\032\032"
 104      E8AEBAB6 
 104      A76ADA12 
 104      FB6B1A1A 
 105 040a 5F6B8A24 		.ascii	"_k\212$k\016\274\256\206b1\366rm\255\232hhR\005B\335"
 105      6B0EBCAE 
 105      866231F6 
 105      726DAD9A 
 105      68685205 
 106 0420 FBCA8BBB 		.ascii	"\373\312\213\273\352\202\373\366>\377j\360\205\310\376"
 106      EA82FBF6 
 106      3EFF6AF0 
 106      85C8FE
 107 042f 7828FEA6 		.ascii	"x(\376\246\032n\215F[[\360'\336\250&\342a\265\355\215"
 107      1A6E8D46 
 107      5B5BF027 
 107      DEA826E2 
 107      61B5ED8D 
 108 0443 203244C2 		.ascii	" 2D\302\215\301D2\024n\012FZ\222\215\361\003!c\035O"
 108      8DC14432 
 108      146E0A46 
 108      5A928DF1 
 108      0321631D 
 109 0458 D68699B7 		.ascii	"\326\206\231\267\020\212%\343\336ps(\221\010\022M\250"
 109      108A25E3 
 109      DE707328 
 109      9108124D 
 109      A8
 110 0469 A5414150 		.ascii	"\245AAP\262-\3416\202\370\370_\363\263\201\260"
ARM GAS  /tmp/ccepvdMA.s 			page 8


 110      B22DE136 
 110      82F8F85F 
 110      F3B381B0 
 111              		.text
 112              		.section	.gnu.lto_.symbol_nodes.243cbc3b4b2edef6,"e",%progbits
 113 0000 789CB364 		.ascii	"x\234\263d\000\002&\346z\206\377@\300\3148\341\034\003"
 113      000226E6 
 113      7A86FF40 
 113      C0CC38E1 
 113      1C03
 114 0012 433D03C3 		.ascii	"C=\003\303\256\206FF\006F\220\024\003+\013\203\002\220"
 114      AE864646 
 114      06469014 
 114      032B0B83 
 114      0290
 115 0024 6261F87F 		.ascii	"ba\370\177\350\344If\306\255|,\014_.\336\272\317\310"
 115      E8E44966 
 115      C6AD7C2C 
 115      0C5F2EDE 
 115      BACFC8
 116 0037 78959F01 		.ascii	"x\225\237\001\000\356\372\021\007"
 116      00EEFA11 
 116      07
 117              		.text
 118              		.section	.gnu.lto_.refs.243cbc3b4b2edef6,"e",%progbits
 119 0000 789C6367 		.ascii	"x\234cg```\004\" \006\000\000f\000\013"
 119      60606004 
 119      22200600 
 119      0066000B 
 120              		.text
 121              		.section	.gnu.lto_.decls.243cbc3b4b2edef6,"e",%progbits
 122 0000 789CB55A 		.ascii	"x\234\265Z\011PUW\232\276\377=\007\301\007\202\021\\"
 122      09505557 
 122      9ABEFF3D 
 122      07C10782 
 122      115C
 123 0012 1237629B 		.ascii	"\0227b\233\304\236n\305h\365t\317\324TM\0345\351T'\232"
 123      C49E6EC5 
 123      68F574CF 
 123      D4544D1C 
 123      35E95427 
 124 0027 164D75BA 		.ascii	"\026Mu\272j\212~\360\236\372J\266~\357\021\223\256Y"
 124      6A8A7EF0 
 124      9EFA4AB6 
 124      7EEF1193 
 124      AE59
 125 0039 9EC6A871 		.ascii	"\236\306\250q_b\024\011.IT\334Q\334@A\242FA\3055\250"
 125      5F621409 
 125      2E4954DC 
 125      51DC4041 
 125      A24641C5 
 126 004f 80B82F28 		.ascii	"\200\270/(.\270\203\270\314\177\226\273\275\013hO\315"
 126      2EB883B8 
 126      CC7F96BB 
 126      BD0B684F 
 126      CD
 127 0060 BCF270EF 		.ascii	"\274\362p\3579\367\273\377\377\237\377\374\3339W\370"
ARM GAS  /tmp/ccepvdMA.s 			page 9


 127      39F7BBFF 
 127      FF9FFFFC 
 127      DB3957F8 
 128 0070 A5A29076 		.ascii	"\245\242\220v\212\322\013\024\3459\376TEQ\216b\013\301"
 128      8AD20B14 
 128      E539FE54 
 128      45518E62 
 128      0BC1
 129 0082 968FED29 		.ascii	"\226\217\355)6\300g\261\330F)\342\207\267\034\317\256"
 129      36C067B1 
 129      D84629E2 
 129      87B71CCF 
 129      AE
 130 0093 FFA52A96 		.ascii	"\377\245*\226\337\037\261\337\005\257HR\211\221\357"
 130      DF1FB1DF 
 130      05AF4852 
 130      8991EF
 131 00a2 321ADDF1 		.ascii	"2\032\335\361\232\214\355?\345\363?c\373\004\333\233"
 131      9A8CED3F 
 131      E5F33F63 
 131      FB04DB9B 
 132 00b2 D83EC6F1 		.ascii	"\330>\306\361\377\306\361'x\177F\362\375\017\354\247"
 132      FFC6F127 
 132      787F46F2 
 132      FD0FECA7 
 133 00c2 489E01BC 		.ascii	"H\236\001\274\357\215-\022[\026\216\215\3016N\0252\215"
 133      EF8D2D12 
 133      5B168E8D 
 133      C1364E15 
 133      328D
 134 00d4 C0365E15 		.ascii	"\3006^\025\274\352\261U`\313\300~W\034o\207\355,\366"
 134      BCEAB155 
 134      60CBC07E 
 134      571C6F87 
 134      ED2CF6
 135 00e7 DBE3B50A 		.ascii	"\333\343\265\012\257\235\361z\036\257\257\341\365\015"
 135      AF9DF17A 
 135      1EAFAFE1 
 135      F50D
 136 00f5 C4BCC264 		.ascii	"\304\274\302d\301\373.x\355\200\327\221\330\376\202"
 136      C1FB2E78 
 136      ED80D791 
 136      D8FE82
 137 0104 ED556C8F 		.ascii	"\355Ul\217^0\3179\004\272\300s\340\027\205\250J\\\200"
 137      5E30CF39 
 137      04BAC073 
 137      E01785A8 
 137      4A5C80
 138 0117 FFC68F51 		.ascii	"\377\306\217Q`\013\010\010\371w%\213\250\307/m\330\020"
 138      600B0808 
 138      F977258B 
 138      A8C72F6D 
 138      D810
 139 0129 E5280E04 		.ascii	"\345(\016\004j\002\273\306\021\005\372C_\005\266\001"
 139      6A02BBC6 
 139      1105FA43 
 139      5F05B601 
ARM GAS  /tmp/ccepvdMA.s 			page 10


 140 0139 BEB61560 		.ascii	"\276\266\025`3\300&F\243\035P\374\033\003\261\374\276"
 140      33C02646 
 140      A31D50FC 
 140      1B03B1FC 
 140      BE
 141 014a 134952C8 		.ascii	"\023IR\310\227\300\336\276>;gzx\264\240]\314\351B\021"
 141      97C0DEBE 
 141      3E3B677A 
 141      78B4A05D 
 141      CCE94211 
 142 015e C04EC097 		.ascii	"\300N\300\227\361\036\001K\3537\3459\"\220|]`\311.\312"
 142      F11E014B 
 142      EB37E539 
 142      22907C5D 
 142      60C92ECA 
 143 0172 9E6C0728 		.ascii	"\236l\007(`B38'\027\306\377Fp\006\347\024\262\030\304"
 143      60423338 
 143      2717C6FF 
 143      467006E7 
 143      14B218C4 
 144 0186 30E1039D 		.ascii	"0\341\003\235H\241\354\253HmEE\3452\325\021`\324\212"
 144      48A1ECAB 
 144      486D4545 
 144      E532D511 
 144      60D48A
 145 0199 27B4C641 		.ascii	"'\264\306A\215X)(\020\007%\200\230#\317//i\335\0161"
 145      8D582928 
 145      10072580 
 145      9823CF2F 
 145      2F69DD0E 
 146 01ae 130281BF 		.ascii	"\023\002\201\277@>\300^\200\237\030f?p\234BJ9\305\030"
 146      403EC05E 
 146      809F1866 
 146      3F709C42 
 146      4A39C518 
 147 01c2 F81DF959 		.ascii	"\370\035\371Y\336\365%W\345]/\362\030\3655EU\310\002"
 147      DEF52557 
 147      E55D2FF2 
 147      18F53545 
 147      55C802
 148 01d5 558CB425 		.ascii	"U\214\264%\253\260\267\035\333\001l\307U\234U\207\211"
 148      ABB0B71D 
 148      DB016CC7 
 148      559C5587 
 148      89
 149 01e6 37BF2A8D 		.ascii	"7\277*\215\352\311~\321\374/\316\257\276|\376\315\211"
 149      EAC97ED1 
 149      FC2FCEAF 
 149      BE7CFECD 
 149      89
 150 01f7 7D4A2B6B 		.ascii	"}J+k\002\201\211}\031\333r\2003\300\325\211\242aC^\010"
 150      0281897D 
 150      19DB7280 
 150      33C0D589 
 150      A261435E 
 151 020c CB5D3FD7 		.ascii	"\313]?\327\263\240\030\030\340D\020\240?\177\276C\177"
 151      B3A01818 
ARM GAS  /tmp/ccepvdMA.s 			page 11


 151      E04410A0 
 151      3F7FBE43 
 151      7F
 152 021d 7E38E8F9 		.ascii	"~8\350\371!PpV\271;\347\2060\300~\200}\034\240M\357"
 152      21507056 
 152      B93BE786 
 152      30C07E80 
 152      7D1CA04D 
 153 0232 47D06914 		.ascii	"G\320i\024\3514\016\230hp\300\333\212\320\014j\037v"
 153      E9340E98 
 153      6870C0DB 
 153      8AD00C6A 
 153      1F76
 154 0244 03ECC2CB 		.ascii	"\003\354\302\313)\216\301\325\276\010P\011P\001p\001"
 154      298EC1D5 
 154      BE085009 
 154      50017001 
 155 0254 E01CC059 		.ascii	"\340\034\300Y\200*\200\363\000\325\000\247\331r2\322"
 155      802A80F3 
 155      00D500A7 
 155      D97232D2 
 156 0264 DB75D247 		.ascii	"\333u\322G\203\304;\"\346W\240\003\216\005\001\266\013"
 156      83C43B22 
 156      E657A003 
 156      8E0501B6 
 156      0B
 157 0275 40A10E28 		.ascii	"@\241\016(\013\002\034\024\200|\035p<\010\260W\000\326"
 157      0B021C14 
 157      807C1D70 
 157      3C08B057 
 157      00D6
 158 0287 E9809341 		.ascii	"\351\200\223A\200\267\025r\211(d\"E3\242\314\374v\337"
 158      80B71572 
 158      89286422 
 158      4533A2CC 
 158      FC76DF
 159 029a 2D9BEAB0 		.ascii	"-\233\352\260\332\347\025\200\253\206}>\337p\357'b\330"
 159      DAE71580 
 159      AB867D3E 
 159      DF70EF27 
 159      62D8
 160 02ac E755C33E 		.ascii	"\347U\303>k\230\251l\246\314\010\336\002\026z\242\370"
 160      6B98A96C 
 160      A6CC08DE 
 160      02167AA2 
 160      F8
 161 02bd 9D420E73 		.ascii	"\235B\016s\312\323\013\276(\017w\024KST\344kp\003\020"
 161      CAD30BBE 
 161      280F7714 
 161      4B5354E4 
 161      6B700310 
 162 02d1 83BAAC05 		.ascii	"\203\272\254\005\270.<'\226[Q@%\345(\325#\376\356\361"
 162      B82E3C27 
 162      965B5140 
 162      25E528D5 
 162      23FEEEF1 
 163 02e5 5DDF1785 		.ascii	"]\337\027\205X\245\272\003p\327\220j]\305\321\351\255"
ARM GAS  /tmp/ccepvdMA.s 			page 12


 163      58A5BA03 
 163      70D7906A 
 163      5DC5D1E9 
 163      AD
 164 02f6 0DA9EE1A 		.ascii	"\015\251\356\032R\335\003\006\210\274}e\375$\220\006"
 164      52DD0306 
 164      88BC7D65 
 164      FD249006 
 165 0306 C8600D99 		.ascii	"\310`\015\231\371\347!0\247/z\025\024\0024\030/\354"
 165      F9E72130 
 165      A72F7A15 
 165      14023418 
 165      2FEC
 166 0318 10ABCEF4 		.ascii	"\020\253\316\364v#\363\257%\370|\024\\\262 ~\324\021"
 166      7623F3AF 
 166      25F87C14 
 166      5CB2207E 
 166      D411
 167 032a 75D73237 		.ascii	"u\32727\01327\001\256Y@q:\246VcU\003p\331\206\331\316"
 167      0B323701 
 167      AE594071 
 167      3AA65663 
 167      550370D9 
 168 0341 8DB4EE76 		.ascii	"\215\264\356v\346\346\326\314\017pu\366p\214\2605\311"
 168      E6E6D6CC 
 168      0F7075F6 
 168      708CB035 
 168      C9
 169 0352 4C809815 		.ascii	"L\200\230\025R\005n\003\334\002\0366\032\270\025>\004"
 169      52056E03 
 169      DC021E36 
 169      1AB8153E 
 169      04
 170 0363 7804F000 		.ascii	"x\004\360\000\240\036\340>\300ciyu\215\032\337{\000"
 170      A01EE03E 
 170      C0636979 
 170      758D1ADF 
 170      7B00
 171 0375 75F62922 		.ascii	"u\366)\"M2+\204)o\341\356[\353#\242m\014\032[b\200\257"
 171      4D322B84 
 171      296FE1EE 
 171      5BEB23A2 
 171      6D0C1A5B 
 172 038c DD3C5138 		.ascii	"\335<Q8#\334\320\371\023\203\376S\021\251>\321\255\340"
 172      23DCD0F9 
 172      1383FE53 
 172      11A93ED1 
 172      ADE0
 173 039e 13E4F53D 		.ascii	"\023\344\365=\3475\277`\316\261P\273\025\004T\304 \253"
 173      E735BF60 
 173      CEB150BB 
 173      150454C4 
 173      20AB
 174 03b0 E700CF84 		.ascii	"\347\000\317\204\025\364\"9!\030y\260]\3076\245\225"
 174      15F42239 
 174      211879B0 
 174      5DC736A5 
ARM GAS  /tmp/ccepvdMA.s 			page 13


 174      95
 175 03c1 8869185B 		.ascii	"\210i\030[Z)d\037\266\013\330\236b[\024\252\220\235"
 175      5A29641F 
 175      B60BD89E 
 175      625B14AA 
 175      909D
 176 03d3 D8CE840A 		.ascii	"\330\316\204\012\304\257EXT\311\223P\344\327i\313\245"
 176      C4AF4558 
 176      54C99350 
 176      E4D769CB 
 176      A5
 177 03e4 B5275BCB 		.ascii	"\265'[\313\240\243E\236\334\033Yr]\247\2520W\015^WC"
 177      A0A3459E 
 177      DC1B5972 
 177      5DA7AA30 
 177      570D5E57 
 178 03f9 11B35498 		.ascii	"\021\263T\230\251*0\203\243P\272l\025\026\2500G\205"
 178      A92A3083 
 178      A350BA6C 
 178      1516A830 
 178      4785
 179 040b 6F54F856 		.ascii	"oT\370V\205y*d\251\260P\205L\025\276Va\276*]\376\211"
 179      85792A64 
 179      A9B05085 
 179      4C15BE56 
 179      61BE2A5D 
 180 0421 46FE0B0B 		.ascii	"F\376\013\013\371[\240\373t\335\355,i7\343T\230lAMR"
 180      F95BA0FB 
 180      74DDED2C 
 180      6937E354 
 180      986C414D 
 181 0436 0DCFBF29 		.ascii	"\015\317\277)\010!f\212]PI\351i\226\\\345Q0\333\002"
 181      0821668A 
 181      5D5049E9 
 181      69965CE5 
 181      5130DB02 
 182 044a 624954DA 		.ascii	"bIT\332q\255&\3204\013\302\024c\032\005\002-t\202]f"
 182      71AD26D0 
 182      340BC214 
 182      631A0502 
 182      2D74825D 
 183 045f 61C60D26 		.ascii	"a\306\015&\221\277\264\200v\030\342\344\326\353\"O\264"
 183      91BFB480 
 183      7618E2E4 
 183      D6EB224F 
 183      B4
 184 0470 638434B7 		.ascii	"c\2044\267t\310W\366\231\013\310u\0352\335&1\206\254"
 184      74C857F6 
 184      990BC875 
 184      1D32DD26 
 184      3186AC
 185 0483 1FC29829 		.ascii	"\037\302\230)=\231~\373Qx\264m\265\026\375\035\253\205"
 185      3D997EFB 
 185      5178B46D 
 185      B516FD1D 
 185      AB85
 186 0495 542EDE9E 		.ascii	"T.\336\236yP5\254x\261\301l\211\312\001\023\226^\330"
ARM GAS  /tmp/ccepvdMA.s 			page 14


 186      795035AC 
 186      78B1C16C 
 186      89CA0113 
 186      965ED8
 187 04a8 432F83A2 		.ascii	"C/\203\242\342\030u\001\300\251\177\304?\016\345\317"
 187      E2187501 
 187      C0A97FC4 
 187      3F0EE5CF 
 188 04b8 448909A8 		.ascii	"D\211\011\250\001\265\225\213\250\016\342 .G\011t\353"
 188      01B5958B 
 188      A80EE220 
 188      2E470974 
 188      EB
 189 04c9 759FBC13 		.ascii	"u\237\274\023\246\366\212r\204\345\354\206\266\216\220"
 189      A6F68A72 
 189      84E5EC86 
 189      B68E90
 190 04d8 3055AD09 		.ascii	"0U\255\011u9z=\2065\352\222V\261\357\004\250kZ\373\232"
 190      75397A3D 
 190      8635EA92 
 190      56B1EF04 
 190      A86B5AFB 
 191 04ed D0803A6B 		.ascii	"\320\200:kHL\377w\360oMh\011\270\360\255\217hX[\274"
 191      484CFF77 
 191      F06F4D68 
 191      09B8F0AD 
 191      8F68585B 
 192 0502 AB0975DC 		.ascii	"\253\011u\334'K\246\267r\225\251\223\337\302\364\354"
 192      274BA6B7 
 192      7295A993 
 192      DFC2F4EC 
 193 0512 70F58BC1 		.ascii	"p\365\213\301\031\276\023\026\326-j\027\331E\336U\224"
 193      19BE1316 
 193      D62D6A17 
 193      D945DE55 
 193      94
 194 0523 B0B0DC75 		.ascii	"\260\260\334u\355\0355\241QH\242\227+\266\255+6\252"
 194      ED1D35A1 
 194      5148A297 
 194      2BB6AD2B 
 194      36AA
 195 0535 04425C2E 		.ascii	"\004B\\.GL/\005\205p\365\353\367\216\352@\3124\254\004"
 195      474C2F05 
 195      8570F5EB 
 195      F78EEA40 
 195      CA34AC04 
 196 0549 FA1188E8 		.ascii	"\372\021\210\350\0278_\333\321\001\216\326\335b{)\212"
 196      17385FDB 
 196      D1018ED6 
 196      DD627B29 
 196      8A
 197 055a 4B795745 		.ascii	"KyWE\272\344\271\366\203P\344\3512\272\000\275\034j"
 197      BAE4B9F6 
 197      8350E4E9 
 197      32BA00BD 
 197      1C6A
 198 056c 3F95FCA1 		.ascii	"?\225\374\241&TQT5\026\2535\032\026\021\001\001\274"
ARM GAS  /tmp/ccepvdMA.s 			page 15


 198      26545154 
 198      3516AB35 
 198      1A161101 
 198      01BC
 199 057e B44EF883 		.ascii	"\264N\370\203\353\243~\016\245&T\305G1\224\271\255\361"
 199      EBA37E0E 
 199      A52654C5 
 199      473194B9 
 199      ADF1
 200 0590 A6A39502 		.ascii	"\246\243\225\002Z5\305\213,`\377\304\037Q7\232\271\360"
 200      5A35C58B 
 200      2C60FFC4 
 200      1F51379A 
 200      B9F0
 201 05a2 718644BD 		.ascii	"q\206D\275\312\222L\033\325/\362^\000\004\035\255j\003"
 201      CA924C1B 
 201      D52FF25E 
 201      00041DAD 
 201      6A03
 202 05b4 D09828F2 		.ascii	"\320\230(\362\251\211\270!\203\224C\243\243\3611\311"
 202      A989B821 
 202      839443A3 
 202      A3F131C9 
 203 05c4 68C88A2B 		.ascii	"h\310\212+,\230\250\346w\370{\026\301\015\222\212NV"
 203      2C98A8E6 
 203      77F87B16 
 203      C10D928A 
 203      4E56
 204 05d6 314D5CD8 		.ascii	"1M\\\330\325\246\007E\233#\256\240\332\0027\366\215"
 204      D5A60745 
 204      9B23AEA0 
 204      DA0237F6 
 204      8D
 205 05e7 DFEC80C8 		.ascii	"\337\354\200\310Y\357(@Ns\313]vs\377TbMg\215\226\"p"
 205      59EF2840 
 205      4E73CB5D 
 205      7673FF54 
 205      624D678D 
 206 05fe D28A2F4C 		.ascii	"\322\212/L6\371\203a\223\313\204M^.?\231\325\232*|\000"
 206      36F98361 
 206      93CB844D 
 206      5E2E3F99 
 206      D59A2A7C 
 207 0613 D2D80B93 		.ascii	"\322\330\013\2236\336\240\035\031\263@ \206\371\315"
 207      36DEA01D 
 207      19B34020 
 207      86F9CD
 208 0622 CF80AB8C 		.ascii	"\317\200\253\214\317W\340d\226\213\227N\257\372zZx\217"
 208      CF57E064 
 208      968B974E 
 208      AFFA7A5A 
 208      788F
 209 0634 050B02F5 		.ascii	"\005\013\002\365\217W\034\315\353\362m\240x<\276@\021"
 209      8F571CCD 
 209      EBF26DA0 
 209      783CBE40 
 209      11
ARM GAS  /tmp/ccepvdMA.s 			page 16


 210 0645 02DFAB82 		.ascii	"\002\337\253\202\265\202w\012|\247\302R\254\334\216"
 210      B582770A 
 210      7CA7C252 
 210      ACDC8E
 211 0654 B41611B5 		.ascii	"\264\026\021\265F%\347\345-\206\325I\016F\353\331\214"
 211      4625E7E5 
 211      2D86D549 
 211      0E46EBD9 
 211      8C
 212 0665 C9354200 		.ascii	"\3115B\000L|L\200\352\322c;\"\233\022`=\022\\'\004\230"
 212      4C7C4C80 
 212      EAD2633B 
 212      229B1260 
 212      3D125C27 
 213 067b 7F617581 		.ascii	"\177au\201)I\2577\246\225\213\000\262\302!\230\234R"
 213      2949AF37 
 213      A6958B00 
 213      B2C22198 
 213      9C52
 214 068d C93E8742 		.ascii	"\311>\207B\352d\367\210J2\303\025\262;\\tKTR\213\335"
 214      EA64F788 
 214      4A32C315 
 214      B23B5C74 
 214      4B54528B 
 215 06a2 D911A25B 		.ascii	"\331\021\242[\254\222\202\010\205\234\220\335\200*F"
 215      AC928208 
 215      859C90DD 
 215      802A46
 216 06b1 45251AA0 		.ascii	"E%\032\240\344\206|\020\205\374\317\255\336\370\010"
 216      E4867C10 
 216      85FCCFAD 
 216      DEF808
 217 06c0 9A2A8677 		.ascii	"\232*\206w\253\254\030\336%\336='\245P\310\2346\012"
 217      ABAC18DE 
 217      25DE3D27 
 217      A550C89C 
 217      360A
 218 06d2 D9D2464A 		.ascii	"\331\322FJ\201<\260\333\320\206M\344Z\375\204\332(>"
 218      813CB0DB 
 218      D0864DE4 
 218      5AFD84DA 
 218      283E
 219 06e4 FB517CF2 		.ascii	"\373Q|\362e\223\217\374\034\322\324\344\017\"\341\003"
 219      65938FFC 
 219      1CD2D4E4 
 219      0F22E103 
 220 06f4 62F27B02 		.ascii	"b\362{\002\327\016\230\326\364\2401\3712U\326\365%\012"
 220      D70E98D6 
 220      F4A031F9 
 220      3255D6F5 
 220      250A
 221 0706 F9265221 		.ascii	"\371&R!k\260\355\211\344\357<\\x4\310N0\027\035Su;\251"
 221      6BB0ED89 
 221      E4EF3C5C 
 221      7834C84E 
 221      30171D53 
 222 071d CDBCFE75 		.ascii	"\315\274\376u\250A\364\230A\364\270\340\372\363\306"
ARM GAS  /tmp/ccepvdMA.s 			page 17


 222      A841F498 
 222      41F4B8E0 
 222      FAF3C6
 223 072c FD1DB8A0 		.ascii	"\375\035\270\240\307\205\235,>1\357HDS\222\226\243\244"
 223      C7859D2C 
 223      3E31EF48 
 223      44539296 
 223      A3A4
 224 073e 3F8B77BE 		.ascii	"?\213w\276){\262\322T\341\225\033DO\260e\272\200\342"
 224      297BB2D2 
 224      54E1951B 
 224      444FB065 
 224      BA80E2
 225 0751 D5470A89 		.ascii	"\325G\012\211\377\025\341;\017\356\256\016kJ\253\225"
 225      FF15E13B 
 225      0FEEAE0E 
 225      6B4AAB95 
 226 0761 5CAB156C 		.ascii	"\\\253\025l\0332ov\336\232\010\363\026\243X\205\235"
 226      1B326F76 
 226      DE9A08F3 
 226      16A35885 
 226      9D
 227 0772 2CDC57A9 		.ascii	",\334W\251\034'\250]\022\253\266\244\025\231\026\305"
 227      1C27A85D 
 227      12ABB6A4 
 227      159916C5 
 228 0782 360D2B1F 		.ascii	"6\015+\037\037\3746\274\247\261k\300\367\3537e-\314"
 228      1FFC36BC 
 228      A7B16BC0 
 228      F7EB3765 
 228      2DCC
 229 0794 FECD9C40 		.ascii	"\376\315\234@\200\325\263U*\332\012\\VujF\315\265(\273"
 229      80D5B355 
 229      2ADA0A5C 
 229      56756A46 
 229      CDB528BB 
 230 07a8 5024AB13 		.ascii	"P$\253\023*\034\345\030M\252\235F~\255[\234\255\347"
 230      2A1CE518 
 230      4DAA9D46 
 230      7EAD5B9C 
 230      ADE7
 231 07ba CE2316D0 		.ascii	"\316#\026\320!=\025\325m\3136*\274}\026\320OF\276\312"
 231      213D15D5 
 231      6DCB362A 
 231      BC7D16D0 
 231      4F46BECA 
 232 07ce CED6     		.ascii	"\316\326"
 233 07d0 F2D5493B 		.ascii	"\362\325I;3A'\307\340u\330\316\313R\340U\253pZ\345u"
 233      334127C7 
 233      E075D8CE 
 233      CB52E055 
 233      AB705AE5 
 234 07e5 F7659EC8 		.ascii	"\367e\236\310\316\252pQE\337\203\363*\\R\341\252\012"
 234      CEAA7051 
 234      45DF83F3 
 234      2A5C52E1 
 234      AA0A
ARM GAS  /tmp/ccepvdMA.s 			page 18


 235 07f7 D754B8A0 		.ascii	"\327T\270\240\242c\302\025\255\346\330.$\300\177g,\324"
 235      A263C215 
 235      ADE6D82E 
 235      24C07F67 
 235      2CD4
 236 0809 F71812AC 		.ascii	"\367\030\022\254\325tR\246\302~\013\250\304\000\345"
 236      D57452A6 
 236      C27E0BA8 
 236      C400E5
 237 0818 9BA6BBD7 		.ascii	"\233\246\273\327>]\251\270\365\306dJ\355\224Xe\271\214"
 237      3E5DA9B8 
 237      F5C6644A 
 237      ED945865 
 237      B98C
 238 082a ADA07A69 		.ascii	"\255\240ziAA\251\271\262\2243\273\256\276\344\314\220"
 238      4141A9B9 
 238      B29433BB 
 238      AEBEE4CC 
 238      90
 239 083b C4DAFBDB 		.ascii	"\304\332\373\333\216E\031\326Xk\360\272!\314\365dm\346"
 239      8E4519D6 
 239      586BF0BA 
 239      21CCF564 
 239      6DE6
 240 084d 4F9A6D2D 		.ascii	"O\232m-QqT7\207\233*wma\\\365@6q\231\216.ZT\330\306"
 240      51715437 
 240      879B2A77 
 240      6D615CF5 
 240      40367199 
 241 0867 EA54288F 		.ascii	"\352T(\217i\207\263\342\366\262\251`p\25438\336a\366"
 241      6987B3E2 
 241      F6B2A960 
 241      70AC3338 
 241      DE61F6
 242 087a 7F244A10 		.ascii	"\177$J\020\254\003\362\200\023\334[;sc\244\201\3177"
 242      AC03F280 
 242      13DC5B3B 
 242      7363A481 
 242      CF37
 243 088c EAE0070C 		.ascii	"\352\340\007\014?\267\255\014\243@\212\333*\344\212"
 243      3FB7AD0C 
 243      A3408ADB 
 243      2AE48A
 244 089b EC9E0332 		.ascii	"\354\236\0032\343\025\205\254\177E\206\033 \027\260"
 244      E31585AC 
 244      7F45861B 
 244      2017B0
 245 08aa 3BA39D0C 		.ascii	";\243\235\0147@~l\247\220\233\262\213\011{^\264\270"
 245      37407E6C 
 245      A7909BB2 
 245      8B097B5E 
 245      B4B8
 246 08bc CD01EE24 		.ascii	"\315\001\356$\305\016\262E\216,\001R&o\027\000\271\027"
 246      C50EB245 
 246      8E2C0152 
 246      266F1700 
 246      B917
ARM GAS  /tmp/ccepvdMA.s 			page 19


 247 08ce 8D812B46 		.ascii	"\215\201+Ftg\001\311\217QH\205\354\006\2004`\367\273"
 247      746701C9 
 247      8F514885 
 247      EC068034 
 247      60F7BB
 248 08e1 F60A598D 		.ascii	"\366\012Y\215m\033\266}\330\252\260]o\317 ob6'\374\212"
 248      6D1BB67D 
 248      D8AAB05D 
 248      6FCF206F 
 248      623627FC 
 249 08f6 1BAFF66C 		.ascii	"\033\257\366ln\017\026\336\354\301\252\365\033\230,"
 249      6E0F16DE 
 249      ECC1AAF5 
 249      1B982C
 250 0905 4214192D 		.ascii	"B\024\031-`!\203\340\362e\022X@\3103\206lw`\301\335"
 250      602183E0 
 250      F2651258 
 250      40C83386 
 250      6C7760C1 
 251 091a 99913D7B 		.ascii	"\231\221={\232\266X\207go>\012ro\217[\367\037\210m\353"
 251      9AB65887 
 251      676F3E0A 
 251      726F8F5B 
 251      F71F886D 
 252 092f 7E6A764A 		.ascii	"~jvJ\016Zl\026\201\371\204=\327\202\221i\367_5[\333"
 252      0E5A6C16 
 252      81F9843D 
 252      D7829169 
 252      F75F355B 
 253 0944 BA7E4DAC 		.ascii	"\272~M\254$\016\011\300i\03507\010 w\307\025:\340\233"
 253      240E09C0 
 253      691D3037 
 253      082077C7 
 253      153AE09B 
 254 0958 20802C59 		.ascii	" \200,Y+u\300\274 \200\334\241W\317\346\276\205\036"
 254      2B75C0BC 
 254      2080DCA1 
 254      57CFE6BE 
 254      851E
 255 096a 3187039A 		.ascii	"1\207\003\232\335/\310\363\201o9\012\365\263\214@6\201"
 255      DD2FC8F3 
 255      816F390A 
 255      F5B38C40 
 255      3681
 256 097c 45049612 		.ascii	"E\004\226\022\370\216\300b\002K\010|O\244\313\036\232"
 256      F88EC062 
 256      024B087C 
 256      4FA4CB1E 
 256      9A
 257 098d 6DDA955B 		.ascii	"m\332\225[\370b\211\273\264\203\264\032\021\023\213"
 257      F86289BB 
 257      B483B41A 
 257      11138B
 258 099c 5B91920E 		.ascii	"[\221\222\016\362\226\222k\035\0242\255\243\000\374"
 258      F296926B 
 258      1D1432AD 
 258      A300FC
ARM GAS  /tmp/ccepvdMA.s 			page 20


 259 09ab 4E0C2AA4 		.ascii	"N\014*\244@\016\204\342\262\345\237\230^\030\336TL\336"
 259      400E84E2 
 259      B2E59F98 
 259      5E18DE54 
 259      4CDE
 260 09bd 40584CCE 		.ascii	"@XL\316%\210\311\253\231]N\3141y\035\0213\332H8N!\225"
 260      2588C9AB 
 260      995D4ECC 
 260      31791D11 
 260      33DA4838 
 261 09d4 92625FF2 		.ascii	"\222b_\362\254\243B\226tRH1\266[\235\230a\314\270U]"
 261      ACA34296 
 261      74524831 
 261      B65B9D98 
 261      61CCB855 
 262 09e9 09562FDA 		.ascii	"\011V/\332F \237\350^tb\341\266<S\026\3117\324V@8\340"
 262      46209FE8 
 262      5E7462E1 
 262      B63C5316 
 262      C937D456 
 263 0a00 42495676 		.ascii	"BIVv\004\317M\005\204\347\246\372m\273\327\252zn\032"
 263      04CF4D05 
 263      84E7A6FA 
 263      6DBBD7AA 
 263      7A6E1A
 264 0a13 AD5BC30E 		.ascii	"\255[\303\016\224g\273x\347\324\212y\036\203\346\016"
 264      9467BB78 
 264      E7D48A79 
 264      1E83E60E 
 265 0a23 83662193 		.ascii	"\203f!\223w\322\253XD`;\212\255\021[\316k\350\255\330"
 265      77D2AB58 
 265      44603B8A 
 265      AD115BCE 
 265      6BE8ADD8 
 266 0a37 1AB1ADEA 		.ascii	"\032\261\255\352\214\343\330\356c\233\333\005i\365\\"
 266      8CE3D8EE 
 266      639BDB05 
 266      69F55C
 267 0a46 7CFE879C 		.ascii	"|\376\207\234\320\236\346\255\241\276?\234\222\251-"
 267      D09EE6AD 
 267      A1BE3F9C 
 267      92A92D
 268 0a55 F82E0207 		.ascii	"\370.\002\007HS\233\230\306\371\032\244\304\002\211"
 268      48539B98 
 268      C6F91AA4 
 268      C40289
 269 0a64 0B328955 		.ascii	"\0132\211U\204\005x\246\233\003\334$\366\0238\202\206"
 269      840578A6 
 269      9B03DC24 
 269      F6133882 
 269      86
 270 0a75 4EA0121F 		.ascii	"N\240\022\037\0208J\240\224\300\011\002\025\004\312"
 270      10384AA0 
 270      94C00902 
 270      1504CA
 271 0a84 099C2250 		.ascii	"\011\234\"PF\340$\201\343\004\016\0238F\340\240f-9\272"
 271      46E02481 
ARM GAS  /tmp/ccepvdMA.s 			page 21


 271      E3040E13 
 271      3846E0A0 
 271      662D39BA 
 272 0a98 4C6B2C0C 		.ascii	"Lk,\014\315\371lf\246\214\360\205\310\313\202\032oB"
 272      CDF96C66 
 272      A68CF085 
 272      C8CB821A 
 272      6F42
 273 0aaa 4DD6CE05 		.ascii	"M\326\316\005\036\250\260\307\2022v`u\213L\007\033y"
 273      1EA8B0C7 
 273      82327660 
 273      758B4C07 
 273      1B79
 274 0abc 16D05AA2 		.ascii	"\026\320Z\242+\341\211\256\204}6%H\347\372J\027{\267"
 274      2BE189AE 
 274      847D3625 
 274      48E7FA4A 
 274      177BB7
 275 0acf 9D95C87A 		.ascii	"\235\225\310z\271\2133\371\001\335F\002\3539F3D\316"
 275      B98B33F9 
 275      01DD4602 
 275      EB394633 
 275      44CE
 276 0ae1 49D2C9D6 		.ascii	"I\322\311\326\351l\266\320\331d`\352\236\3157\016<\366"
 276      E96CB6D0 
 276      D96460EA 
 276      9ECD370E 
 276      3CF6
 277 0af3 5A50A613 		.ascii	"ZP\246\023\233\351\246\211\355\264\200L\373\363\334"
 277      9BE9A689 
 277      EDB4804C 
 277      FBF3DC
 278 0b02 A93ABB1F 		.ascii	"\251:\273\037\355\026 1\231:f\213]$\241\240\031:\244"
 278      ED162031 
 278      993A668B 
 278      5D24A1A0 
 278      193AA4
 279 0b15 C8BE1C02 		.ascii	"\310\276\034\0022M\207\024\333\245\021\"?\237o,\330"
 279      324D8714 
 279      DBA51122 
 279      3F9F6F2C 
 279      D8
 280 0b26 4FF679B1 		.ascii	"O\366y\261t\273\251\213B\312\230Y\253\013\226\327\256"
 280      74BBA98B 
 280      42CA9859 
 280      AB0B96D7 
 280      AE
 281 0b37 6B6575CC 		.ascii	"keu\314\323\004\252\015\307\234\260\265\312i\370P\265"
 281      D304AA0D 
 281      C79CB0B5 
 281      CA69F850 
 281      B5
 282 0b48 41EC0CF3 		.ascii	"A\354\014\363\241KH(\320\025\275\275+\303\356<\361p"
 282      A14B4828 
 282      D015BDBD 
 282      2BC3EE3C 
 282      F170
ARM GAS  /tmp/ccepvdMA.s 			page 22


 283 0b5a 4FABA6E2 		.ascii	"O\253\246\342\310\005\036G\342\330\201\341\251\322\215"
 283      C8051E47 
 283      E2D881E1 
 283      A9D28D
 284 0b69 912C8CD4 		.ascii	"\221,\214\324\3100\"\302\330E\302A\012)Db\373\260\235"
 284      C83022C2 
 284      D845C241 
 284      0A294462 
 284      FBB09D
 285 0b7c C0769511 		.ascii	"\300v\225\021m\373t\305\324\275\240\371\035\023\244"
 285      6DFB74C5 
 285      D4BDA0F9 
 285      1D13A4
 286 0b8b B2619339 		.ascii	"\262a\2239Q\\\263&\012\351Kl\033\301\355\002\256\022"
 286      515CB326 
 286      0AE94B6C 
 286      1BC1ED02 
 286      AE12
 287 0b9d 06415FBA 		.ascii	"\006A_\272M\240\206\300M\002\265\004n\020\270E\340:"
 287      4DA086C0 
 287      4D02B504 
 287      6E10B845 
 287      E03A
 288 0baf F3166652 		.ascii	"\363\026fRg\033F3\223\272H\330\231\357\265&\262\302"
 288      671B4633 
 288      93BA48D8 
 288      99EFB526 
 288      B2C2
 289 0bc1 69011069 		.ascii	"i\001\020i\303\002\220g\246\325\015\31127]\346\000s"
 289      C3029067 
 289      A6D50DC9 
 289      32375DE6 
 289      0073
 290 0bd3 6E920650 		.ascii	"n\222\006P\245\323\270\022DC&\2573:\340R\020@&\257\012"
 290      A5D3B812 
 290      444326AF 
 290      333AE052 
 290      104026AF 
 291 0be8 1D703248 		.ascii	"\035p2HLL\001_vS\310Bl\033\273\261\374z\373\310\203"
 291      4C4C015F 
 291      7653C842 
 291      6C1BBBB1 
 291      FC7AFBC8 
 292 0bfd 8A702D48 		.ascii	"\212p-HE\363\374\252\371\361\031\002U\004\032\233\264"
 292      45F3FCAA 
 292      F9F11902 
 292      55041A9B 
 292      B4
 293 0c0e D2BA4293 		.ascii	"\322\272B\223\275\337\265\240\214j\371\200\351\244\360"
 293      BDDFB5A0 
 293      8C6AF980 
 293      E9A4F0
 294 0c1d 9C05633E 		.ascii	"\234\005c>\215\332\251\235\206\326Y \206o\345\226ej"
 294      8DDAA99D 
 294      86D65920 
 294      866FE596 
 294      656A
ARM GAS  /tmp/ccepvdMA.s 			page 23


 295 0c2f 45E859BB 		.ascii	"E\350Y\273<\202U\221I\234;6qd@\250\310\014at\320\320"
 295      3C825591 
 295      499C3B36 
 295      716440A8 
 295      C80C6174 
 296 0c45 57738808 		.ascii	"Ws\210\010\242\272O0Hif\010[\036\324\331y\016\321b\206"
 296      A2BA4F30 
 296      48696608 
 296      5B1ED4D9 
 296      790ED162 
 297 0c5a FDB83487 		.ascii	"\375\2704\207\300\012\302\317\213\033\271\325\334'P"
 297      C00AC2CF 
 297      8B1BB9D5 
 297      DC2750
 298 0c69 4FE02181 		.ascii	"O\340!\201\307\004\036\020xD\340\036\201\006\242\310"
 298      C7041E10 
 298      7844E01E 
 298      8106A2C8 
 299 0c79 3A3146EC 		.ascii	":1F\354A\200\034`jW7\337z\222\033\322\224\007<\347\036"
 299      41801C60 
 299      6A5737DF 
 299      7A921BD2 
 299      94073CE7 
 300 0c8e D0172177 		.ascii	"\320\027!wf<\233\030jN\244\232\251\004(\207a\315\207"
 300      663C9B18 
 300      6A4EA49A 
 300      A9042887 
 300      61CD87
 301 0ca1 ABD8806D 		.ascii	"\253\330\200mRw\205\314\302\266\010[\016\266\215\330"
 301      527785CC 
 301      C2B6085B 
 301      0EB68DD8 
 302 0cb1 B6633B80 		.ascii	"\266c;\200\255\012[-\266zl\317\273#\353\330\353\271"
 302      AD0A5B2D 
 302      B67A6CCF 
 302      BB23EBD8 
 302      EBB9
 303 0cc3 85A382B3 		.ascii	"\205\243\202\263\223\341\014O\011<A\021\246S\230A\371"
 303      93E10C4F 
 303      093C4111 
 303      A6539841 
 303      F9
 304 0cd4 69178559 		.ascii	"i\027\205Y\024\262(dR\230Ca\001\205o(\314\246\360-\205"
 304      14B22864 
 304      52984361 
 304      01856F28 
 304      CCA6F02D 
 305 0ce9 7914BEA6 		.ascii	"y\024\276\2460\227\302L\012\013)\314\2472\245\354h\324"
 305      3097C24C 
 305      0A0B29CC 
 305      A732A5EC 
 305      68D4
 306 0cfb AC6F3CA7 		.ascii	"\254o<\247\"\254\317t\014\267R\007\240[\352\000\243"
 306      22ACCF74 
 306      0CB75207 
 306      A05BEA00 
 306      A3
ARM GAS  /tmp/ccepvdMA.s 			page 24


 307 0d0c 7E5BDFA8 		.ascii	"~[\337\250\371\310$N@\233\270\311$\326\350$\246P+\011"
 307      F9C8244E 
 307      409BB8C9 
 307      24D6E824 
 307      A6502B09 
 308 0d20 595C6DD7 		.ascii	"Y\\m\327\001_\230\000\234\202t\325\002\0351!\030!\335"
 308      015F9800 
 308      9C8274D5 
 308      021D3121 
 308      1821DD
 309 0d33 285F97E3 		.ascii	"(_\227\343K\273\034\322z\327\351T&\007\011rP\030]Q#"
 309      4BBB1CD2 
 309      7AD7E954 
 309      26070972 
 309      50185D51 
 310 0d48 65800065 		.ascii	"e\200\000e!\303D\204\353C:\364Z\235\310WAD\244$\253"
 310      21C34484 
 310      EB433AF4 
 310      5A9DC857 
 310      4144A424 
 311 0d5d 75C0D420 		.ascii	"u\300\324 \200\3661G\007\214\013\326\271\320\351*}."
 311      80F63147 
 311      078C0BD6 
 311      B9D0E92A 
 311      7D2E
 312 0d6f D32C7331 		.ascii	"\323,s1\205\225m:d\242}\272\022\223\323h\212,\026A0"
 312      85956D3A 
 312      64A27DBA 
 312      1293D368 
 312      8A2C1641 
 313 0d84 B264C52A 		.ascii	"\262d\305*dC,;\036\317\376y\333Y\325\264\305\346\345"
 313      64432C3B 
 313      1ECFFE79 
 313      DB59D5B4 
 313      C5E6E5
 314 0d97 CFB42C2D 		.ascii	"\317\264,-%-\242\260\234\332\003Fn\246\216XN\314\210"
 314      252DA2B0 
 314      9CDA0346 
 314      6EA68E58 
 314      4ECC88
 315 0daa 594477D0 		.ascii	"YDw\320\254,\356\303X\327\316\346\020\355{\306,SR\317"
 315      AC2CEEC3 
 315      58D7CEE6 
 315      10ED7BC6 
 315      2C5352CF 
 316 0dbe D1C94CB3 		.ascii	"\321\311L\263\220\231\242g\320\272UYFh\232j\007\311"
 316      9099A267 
 316      D0BA5559 
 316      46689A6A 
 316      07C9
 317 0dd0 AF2733B2 		.ascii	"\257'3\2626\267\016L\351\313&\372\214\203\204w\230\203"
 317      36B70E4C 
 317      E9CB26FA 
 317      8C838477 
 317      9883
 318 0de2 8A8C0613 		.ascii	"\212\214\006\023\321F\010O\211\313\271\333,\241\260"
 318      D146084F 
ARM GAS  /tmp/ccepvdMA.s 			page 25


 318      89CBB9DB 
 318      2CA1B0
 319 0df1 8CC20A0A 		.ascii	"\214\302\012\012K)|Ga5\205\225\024\276\247\360\003\205"
 319      4B297C47 
 319      61358595 
 319      14BEA7F0 
 319      0385
 320 0e03 1C0AABA8 		.ascii	"\034\012\253\250\314'\013\304l0\202\254\344o\212\240"
 320      CC270BC4 
 320      6C3082AC 
 320      E46F8AA0 
 321 0e13 62A90857 		.ascii	"b\251\010W\353\223\371\312\"\347dc2\213\263\214\217"
 321      EB93F9CA 
 321      22E76463 
 321      328BB38C 
 321      8F
 322 0e24 4E332CA0 		.ascii	"N3,\240\351\2462fM\226\021\"\027S\033)\211\3126\321"
 322      E9A63266 
 322      4D961122 
 322      17531B29 
 322      89CA36D1 
 323 0e38 9A69A785 		.ascii	"\232i\247\205\253\\\026\313?\356,:Za>%\227\012XC_^\001"
 323      AB5C16CB 
 323      3FEE2C3A 
 323      5A613E25 
 323      970A5843 
 324 0e4f 3C2EF614 		.ascii	"<.\366\024qQ%\325h<w\260\315y\275\251\243\260\223\017"
 324      715125D5 
 324      683C77B0 
 324      CD79BDA9 
 324      A3B0930F 
 325 0e63 EF4F16FD 		.ascii	"\357O\026\375q*\344Q\222\303Q\207*\013\227GX\213\222"
 325      712AE451 
 325      92C35187 
 325      2A0B9747 
 325      588B92
 326 0e76 CD14B650 		.ascii	"\315\024\266P\275(Y\222\363\335J\323\351\330\026c6["
 326      BD285992 
 326      F3DD4AD3 
 326      E9D81663 
 326      365B
 327 0e88 A9F8C037 		.ascii	"\251\370\3007\347\334\324PNw+\205M\024G\212v\317\\\331"
 327      E7DCD450 
 327      4E772B85 
 327      4D14478A 
 327      76CF5CD9 
 328 0e9c A6A9A3AC 		.ascii	"\246\251\243\254|\234\3456\361\326\017\023.\2573oB\014"
 328      7C9CE536 
 328      F1D60F13 
 328      2EAF336F 
 328      420C
 329 0eae B2050820 		.ascii	"\262\005\010 ;^W\310)l5\330\032\260\315\357\201\225"
 329      3B5E57C8 
 329      296C35D8 
 329      1AB0CDEF 
 329      8195
 330 0ec0 14B6921E 		.ascii	"\024\266\222\036\354\345]\371\245\325\240\261ds\273"
ARM GAS  /tmp/ccepvdMA.s 			page 26


 330      ECE55DF9 
 330      A5D5A0B1 
 330      6473BB
 331 0ecf 336E4765 		.ascii	"3nGe\223\207\254\273\221\343.\301\261v\307\256\2340"
 331      9387ACBB 
 331      91E32EC1 
 331      B176C7AE 
 331      9C30
 332 0ee1 83E36E83 		.ascii	"\203\343n\203\343\036\016\210\031_\276\2676\\w7^\377"
 332      E31E0E88 
 332      195FBEB7 
 332      365C7737 
 332      5EFF
 333 0ef3 EC372DF8 		.ascii	"\3547-\370\016\012%\024\232(\310\313\214\357<\033,\030"
 333      0E0A2514 
 333      9A28C8CB 
 333      8CEF3C1B 
 333      2C18
 334 0f05 73B23F60 		.ascii	"s\262?`\242\264\335N\311\342\011\353)\254\243|\035J"
 334      A2B4DD4E 
 334      C9E209EB 
 334      29ACA37C 
 334      1D4A
 335 0f17 B821ECA7 		.ascii	"\270!\354\247p\200\302!\012\007)\374\204A\220B\031\205"
 335      7080C221 
 335      0A0729FC 
 335      84419042 
 335      1985
 336 0f29 BD144A65 		.ascii	"\275\024Je\272\250;\225%w\027{(\374h!n\252U\213L_\211"
 336      BAA83B95 
 336      2577177B 
 336      28FC6821 
 336      6EAA558B 
 337 0f40 8A2D2023 		.ascii	"\212- #z\354\324\277\356\354\264!dd(\325!\205\026\210"
 337      7AECD4BF 
 337      EEECB421 
 337      646428D5 
 337      21851688 
 338 0f54 F9CBD741 		.ascii	"\371\313\327AM\236\002\012\033\355*\021\362\224\230"
 338      4D9E020A 
 338      1BED2A11 
 338      F29498
 339 0f63 E429B293 		.ascii	"\344)\262\223b\337\277\371boi,\310\212\214\266i\347"
 339      62DFBFF9 
 339      626F692C 
 339      C88A8CB6 
 339      69E7
 340 0f75 F04B6987 		.ascii	"\360Ki\207\334\351!\317\204Tq\356\334\221L\376\005\243"
 340      DCE921CF 
 340      845471EE 
 340      DC914CFE 
 340      05A3
 341 0f87 BA68CDE1 		.ascii	"\272h\315\3415\246\023\357\233\306\321P\2710\227)\263"
 341      35A613EF 
 341      9BC6D150 
 341      B9309729 
 341      B3
ARM GAS  /tmp/ccepvdMA.s 			page 27


 342 0f98 EE2C1136 		.ascii	"\356,\0216V.l\254"
 342      562E6CAC 
 343 0fa0 ECC8A2DA 		.ascii	"\354\310\242\332H>\200\305\376\011f\347\007\346M\\\327"
 343      483E80C5 
 343      FE0966E7 
 343      07E64D5C 
 343      D7
 344 0fb1 463B6A3F 		.ascii	"F;j?\311F\002w\217\354\247\332\310)6R~\243\252\306\241"
 344      C9460277 
 344      8FECA7DA 
 344      C8293652 
 344      7EA3AAC6 
 345 0fc6 8D54B091 		.ascii	"\215T\260\221\332\347\337\034\016\327F*\331\310\303"
 345      DAE7DF1C 
 345      0ED7462A 
 345      D9C8C3
 346 0fd5 39F31F35 		.ascii	"9\363\0375y\364{\032\347Y%\304y^>\373I\210!\357iC[\325"
 346      79F47B1A 
 346      E75925C4 
 346      795E3EFB 
 346      498821EF 
 347 0fed 1CF0CFBB 		.ascii	"\034\360\317\273*\227.W{\332~A\337W\363\363\264P\370"
 347      2A972E57 
 347      7BDA7E41 
 347      DF57F3F3 
 347      B450F8
 348 1000 5C853A83 		.ascii	"\\\205:\203\310S\243\2648\253C6X k\014H\251\016\271"
 348      C853A3B4 
 348      38AB4336 
 348      58206B0C 
 348      48A90EB9 
 349 1014 6B81DC32 		.ascii	"k\201\3342 \225:$\337\002\331f*[\327\353\230\361\304"
 349      20953A24 
 349      DF02D966 
 349      2A5BD7EB 
 349      98F1C4
 350 1027 8C0918DB 		.ascii	"\214\011\030\333\2643:$\317Bf\243\211L\225\216\331j"
 350      B4333A24 
 350      CF4266A3 
 350      894C958E 
 350      D96A
 351 1039 C16C36A4 		.ascii	"\301l6\2449\255C\266\330!\322hk\362\244\321\346\252"
 351      39AD43B6 
 351      D821D268 
 351      6BF2A4D1 
 351      E6AA
 352 104b B0D63E73 		.ascii	"\260\326>s\211Z\227g\354\370&X\244\376\302\224\002\266"
 352      895A9767 
 352      ECF82658 
 352      A4FEC294 
 352      02B6
 353 105d E719DEFE 		.ascii	"\347\031\336\376\304B\353\261!\324a]\250B\013d\273\021"
 353      C442EBB1 
 353      21D4615D 
 353      A8420B64 
 353      BB11
 354 106f 5A8A4CDC 		.ascii	"Z\212L\334\352-\240G&\005l\023\204\0203\316\256G\231"
ARM GAS  /tmp/ccepvdMA.s 			page 28


 354      EA2DA047 
 354      26056C13 
 354      841033CE 
 354      AE4799
 355 1082 87D7E661 		.ascii	"\207\327\346a\036FBk)L\342 \221m\254\337\276\3134vw"
 355      1E46426B 
 355      294CE220 
 355      916DACDF 
 355      BECB3476 
 356 1097 54B86D5F 		.ascii	"T\270m_Y\311\256Dgw\337\202\271gR\3235\223\002V[P\253"
 356      59C9AE44 
 356      6777DF82 
 356      B96752D3 
 356      35930256 
 357 10ae 54AD1091 		.ascii	"T\255\020\221\376|\234\3021\274\034\245\014\205\376"
 357      FE7C9CC2 
 357      31BC1CA5 
 357      0C85FE
 358 10bd FC88C20D 		.ascii	"\374\210\302\015\012W)\\\240PK\341\014\205\307\024j"
 358      0A57295C 
 358      A0504BE1 
 358      0C85C714 
 358      6A
 359 10ce 28DCA1D0 		.ascii	"(\334\241\320@\341:\205\373\024nQ8\207NK\341\001\205"
 359      40E13A85 
 359      FB146E51 
 359      38874E4B 
 359      E10185
 360 10e1 6B141E52 		.ascii	"k\024\036R\270K\341<\205K\024.S\270G\341\"\205\263\024"
 360      B84BE13C 
 360      854B142E 
 360      53B847E1 
 360      2285B314 
 361 10f5 AE50B84D 		.ascii	"\256P\270M\241^\013\223;L\332l\264\257\212\024\275\302"
 361      A15E0B93 
 361      3B4CDA6C 
 361      B4AF8A14 
 361      BDC2
 362 1107 247A81DD 		.ascii	"$z\201\335v\305\332U\353k\267\311n\2272\226\352\220"
 362      76C5DA55 
 362      EB6BB7C9 
 362      6E973296 
 362      EA90
 363 1119 87763571 		.ascii	"\207v5q\005\324\035\312\313\347\213rS\205\0379F;\037"
 363      05D41DCA 
 363      CBE78B72 
 363      53851F39 
 363      463B1F
 364 112c 2F324CE0 		.ascii	"/2L\340\224I\234\035v;\221\373\2625y\274\012:B!\227"
 364      94499C1D 
 364      763B91FB 
 364      B23579BC 
 364      0A3A4221 
 365 1141 EB510449 		.ascii	"\353Q\004I\363N\362\272f\336\325X\226R\333\212h{R\023"
 365      F34EF2BA 
 365      66DED558 
 365      9652DB8A 
ARM GAS  /tmp/ccepvdMA.s 			page 29


 365      687B5213 
 366 1155 B706BBC1 		.ascii	"\267\006\273\301\011R\005&=>\263\207\021v\352\261\225"
 366      09520526 
 366      3D3EB387 
 366      1176EAB1 
 366      95
 367 1166 07D99507 		.ascii	"\007\331\225\007\257\035n\023m[\352\306\377\337\245"
 367      AF1D6E13 
 367      6D5BEAC6 
 367      FFDFA5
 368 1175 66C13B7B 		.ascii	"f\301;{\257\351\313\304\023\223\200\"\232^\234\263\246"
 368      AFE9CBC4 
 368      13938022 
 368      9A5E9CB3 
 368      A6
 369 1186 A8CD1BA7 		.ascii	"\250\315\033\247\002\201\372EE\323*[\345o\013\340\016"
 369      0281FA45 
 369      45D32A5B 
 369      E56F0BE0 
 369      0E
 370 1197 F2291658 		.ascii	"\362)\026X\374\333\207\006^)>c\034>\270\340b\033\203"
 370      FCDB8706 
 370      5E293E63 
 370      1C3EB8E0 
 370      621B83
 371 11aa DA5383DA 		.ascii	"\332S\203\332sA\355VU\375Vj\000\326\232<0\204\003\276"
 371      7341ED56 
 371      55FD566A 
 371      00D69A3C 
 371      308403BE 
 372 11be CFBE5B62 		.ascii	"\317\276[bJ6\246\377\3573N\000\212\317\257\274e\242"
 372      4A36A6FF 
 372      EF334E00 
 372      8ACFAFBC 
 372      65A2
 373 11d0 60FA6C33 		.ascii	"`\372l3\236\375\357\320?\366\351\023\347s\215\211\363"
 373      9EFDEFD0 
 373      3FF6E913 
 373      E7738D89 
 373      F3
 374 11e1 F953FAF7 		.ascii	"\371S\372\367\213\213\037\376a\377~\011#\342\377\355"
 374      8B8B1FFE 
 374      61FF7E09 
 374      23E2FFED 
 375 11f1 4F091F78 		.ascii	"O\011\037x\022\275N\357\347qIi))i\251x\361\272\343|"
 375      12BD4EEF 
 375      E7714969 
 375      292969A9 
 375      78F1BAE3 
 376 1206 DEA4B88C 		.ascii	"\336\244\270\214\317\022\\\356O=I\356\004\237\337\231"
 376      CF125CEE 
 376      4F3D49EE 
 376      049FDF99 
 377 1216 3426C193 		.ascii	"4&\301\223\352w{G:E\337\353\357\223\024\366\336\220"
 377      EA777B47 
 377      3A45DFEB 
 377      EF9314F6 
ARM GAS  /tmp/ccepvdMA.s 			page 30


 377      DE90
 378 1228 11B103DF 		.ascii	"\021\261\003\337\376\255\0222b\340\357\007\014{\035"
 378      FEAD1232 
 378      62E0EF07 
 378      0C7B1D
 379 1237 5FF0253B 		.ascii	"_\360%;?u\233\220\251\356\317\374F\367\325\021\177J"
 379      3F759B90 
 379      A9EECFFC 
 379      46F7D511 
 379      7F4A
 380 1249 88FF60C0 		.ascii	"\210\377`\300\307\203\023\336\0372|\360\260w\007\014"
 380      C78313DE 
 380      1F327CF0 
 380      B077070C 
 381 1259 1C9C103F 		.ascii	"\034\234\020?|\330\210\201\303\2736\361\256\313\355"
 381      7CD88881 
 381      C3BB36F1 
 381      AECBED
 382 1268 4BF27AD2 		.ascii	"K\362z\322\375i\336\360\004g\262gTj\202\317\3637\267"
 382      FD69DEF0 
 382      0467B267 
 382      546A82CF 
 382      F337B7
 383 127b C3F3BE86 		.ascii	"\303\363\276\206h\227\250\337~\344M\363\247%\245%\233"
 383      6897A8DF 
 383      7EE44DF3 
 383      A725A525 
 383      9B
 384 128c 86E23312 		.ascii	"\206\3423\022\007&;}\276(c\210\367\333$\016\311H\031"
 384      07263B7D 
 384      BE286388 
 384      F7DB240E 
 384      C94819
 385 129f 9CEA4A4F 		.ascii	"\234\352JOCV\276W\022\007$\343\323T\247\337\035\357"
 385      4356BE57 
 385      120724E3 
 385      D354A7DF 
 385      1DEF
 386 12b1 F6FB3DA9 		.ascii	"\366\373=\251\243\332\032x\004&\272\275Q\211\203tI\206"
 386      A3DA1A78 
 386      0426BABD 
 386      51898374 
 386      4986
 387 12c3 7F9EEE0E 		.ascii	"\177\236\356\016M\374\300\235:\312?\272\033\316\306"
 387      4DFCC09D 
 387      3ACA3FBA 
 387      1BCEC6
 388 12d2 98C7A0C1 		.ascii	"\230\307\240\301\361\003\207\275\377\321\360\241\303"
 388      F10387BD 
 388      FFD1F0A1 
 388      C3
 389 12df E4947E1B 		.ascii	"\344\224~\033\227\222\352\217K\212\363\247\244\307\271"
 389      9792EA8F 
 389      4B8AF3A7 
 389      A4C7B9
 390 12ee 3CE9C969 		.ascii	"<\351\311i)c\234q~oZ\272'\251\357\333\275\371*d\374"
 390      29639C71 
ARM GAS  /tmp/ccepvdMA.s 			page 31


 390      7E6F5ABA 
 390      27A9EFDB 
 390      BDF92A64 
 391 1303 A677862F 		.ascii	"\246w\206/\2617jy\214\307\337{\344\3308gz\272\362O\177"
 391      B1376A79 
 391      8CC7DF7B 
 391      E4D83867 
 391      7ABAF24F 
 392 1318 CF3A7952 		.ascii	"\317:yR\371:9\323=}F+M-@\022\2332\366q\311R\223\334"
 392      F93A39D3 
 392      3D7D462B 
 392      4D2D4012 
 392      9B32F671 
 393 1330 9D9A43B4 		.ascii	"\235\232C\264\327Wf\340\007\003\342\343\345\024^m\002"
 393      D75766E0 
 393      0703E2E3 
 393      E5145E6D 
 393      02
 394 1341 8E84FC19 		.ascii	"\216\204\374\031\276\220\021\037\014\035\362^S\014G"
 394      BE90111F 
 394      0C1DF25E 
 394      530C47
 395 1350 7ABC3E7F 		.ascii	"z\274>\177\202[\352\267\223Nw\360\220A\037\015EuI\322"
 395      825BEAB7 
 395      934E77F0 
 395      90411F0D 
 395      457549D2 
 396 1364 EDECA640 		.ascii	"\355\354\246@G\340m\254NRH\316&\353Lu%\244;\275\316"
 396      47E06DAC 
 396      4E5248CE 
 396      26EB4C75 
 396      25A43BBD 
 397 1379 14373269 		.ascii	"\02472i\016 z\351~o\367\346(H\023i\356\271/#\221\017"
 397      0E207AE9 
 397      7E6FF7E6 
 397      28481369 
 397      EEB92F23 
 398 138f 746989C1 		.ascii	"ti\211\301k\315<\374\324\343j\356Q\272\307\325\234\314"
 398      6BCD3CFC 
 398      D4E36AEE 
 398      51BAC7D5 
 398      9CCC
 399 13a1 BAD69A9D 		.ascii	"\272\326\232\235TZ\252\337\351Iu{\2735\003\360\272\377"
 399      545AAADF 
 399      E949757B 
 399      BB3503F0 
 399      BAFF
 400 13b3 9AE1F6F9 		.ascii	"\232\341\366\371\273\006-\337\300\241\037~8`\310 \251"
 400      BB062DDF 
 400      C0A11F7E 
 400      3860C820 
 400      A9
 401 13c4 EBB75EC4 		.ascii	"\353\267^\304>!\225\033z\207\246\251\3048\275)\237\376"
 401      3E21951B 
 401      7A87A6A9 
 401      C438BD29 
 401      9FFE
ARM GAS  /tmp/ccepvdMA.s 			page 32


 402 13d6 AE774A9F 		.ascii	"\256wJ\237\024\024\345W._\372\257F\246+\341h~~\367g"
 402      1414E557 
 402      2E5FFAAF 
 402      46A62BE1 
 402      687E7EF7 
 403 13eb BD53FAF7 		.ascii	"\275S\372\367Wb\023^\020*\206\375\237\207\036\245-\343"
 403      5762135E 
 403      102A86FD 
 403      9F871EA5 
 403      2DE3
 404 13fd E9FBDCE7 		.ascii	"\351\373\334\347w\247\210\271\275\021\324\327\010|\212"
 404      77A788B9 
 404      BD11D4D7 
 404      087C8A
 405 140c A698E6D5 		.ascii	"\246\230\346\325\024\325=\030\2254\332\231:\012\255"
 405      14D53D18 
 405      9534DA99 
 405      3A0AAD
 406 141b 362335C9 		.ascii	"6#5\311\357IK\265=\227T\\#3\022R\322\\\356^-<g\236\341"
 406      EF494BB5 
 406      3D97545C 
 406      23331252 
 406      D25CEE5E 
 407 1434 4E487126 		.ascii	"NHq&\215\306\025k\011\350\367:S}#\335^\036\317~\331"
 407      8DC6156B 
 407      09E8F73A 
 407      537D23DD 
 407      5E1ECF7E 
 408 1449 02D0E5C6 		.ascii	"\002\320\345\306\331\217N\360{R\334i\031\376\267Z@&"
 408      D98F4EF0 
 408      7B52DC69 
 408      19FEB75A 
 408      4026
 409 145b 39D39D89 		.ascii	"9\323\235\211\236d\217\337\343\366\3314\341u\247\244"
 409      9E648FDF 
 409      E3F6D934 
 409      E175A7A4 
 410 146b A164639D 		.ascii	"\241dc\235c\334\031\351\350\232\316\304d\267\313&\240"
 410      63DC19E9 
 410      E89ACEC4 
 410      64B7CB26 
 410      A0
 411 147c 15A513FC 		.ascii	"\025\245\023\374\274s00=m,\223\235\315\266}\3603_\272"
 411      BC733030 
 411      3D6D2C93 
 411      9DCDB67D 
 411      F0335FBA 
 412 1490 DBEDB209 		.ascii	"\333\355\262\011\020\034\216\234^\257\363\363_\330\254"
 412      101C8E9C 
 412      5EAFF3F3 
 412      5FD8AC
 413 149f 3275A467 		.ascii	"2u\244gT\206\327\311\326AZd\260\257\006[l\217f\237\353"
 413      5486D7C9 
 413      D6415A64 
 413      B0AF065B 
 413      6C8F669F 
 414 14b4 F122D89D 		.ascii	"\361\"\330\235\375N\337\030}\271\333\007\313\220\354"
ARM GAS  /tmp/ccepvdMA.s 			page 33


 414      FD4EDF18 
 414      7DB9DB07 
 414      CB90EC
 415 14c3 71A7FA3B 		.ascii	"q\247\372;\332\250\212\350\3315h\034\241\336\317\233"
 415      DAA88AE8 
 415      D935681C 
 415      A1DECF9B 
 416 14d3 A5250265 		.ascii	"\245%\002et\320h*J\325\2519\251#\255\016h\323\274I{"
 416      74D0682A 
 416      4AD5A939 
 416      A923AD0E 
 416      68D3BC49 
 417 14e8 3D6DC680 		.ascii	"=m\306\200V0\222\315yl\232wLB2\317P][\004\375:\370i"
 417      563092CD 
 417      796C9A77 
 417      4C4232CF 
 417      505D5B04 
 418 1500 32BA4286 		.ascii	"2\272B\206\023\275\301\343\262\221\262\255i\223`\233"
 418      13BDC1E3 
 418      B291B2AD 
 418      6993609B 
 419 1510 89FAFC5E 		.ascii	"\211\372\374^L\2516j\261/\302\365k\306\326\203\011%"
 419      4CA9366A 
 419      B12FC2F5 
 419      6BC6D683 
 419      0925
 420 1522 8CF68C1A 		.ascii	"\214\366\214\032-\254\356W/|\305\300\2764\371\221\031"
 420      2DACEE57 
 420      2F7CC5C0 
 420      BE34F991 
 420      19
 421 1533 C9C92F4B 		.ascii	"\311\311/K\336\3006\347\251/TC0\256C\323\2007t\003\222"
 421      DEC036E7 
 421      A92F5443 
 421      30AE43D3 
 421      80377403 
 422 1548 2F68E916 		.ascii	"/h\351\026\023`ZZ\262t\216n-\243\336\014~\254\233\241"
 422      13605A5A 
 422      B2748E6E 
 422      2DA3DE0C 
 422      7EAC9BA1 
 423 155c 854AF717 		.ascii	"\205J\367\027\300l\317E\001\240\243z\005?\267\372\271"
 423      C06CCF45 
 423      01A0A37A 
 423      053FB7FA 
 423      B9
 424 156d 51E4857D 		.ascii	"Q\344\205}\350\374\354#\026Z\"\022S\006\370\321\036"
 424      E8FCEC23 
 424      165A2212 
 424      5306F8D1 
 424      1E
 425 157e 1233FC6E 		.ascii	"\0223\374n_\244g\240\031\037\235h\351~\354L\316pG\262"
 425      5FA467A0 
 425      191F9D68 
 425      E97EEC4C 
 425      CE7047B2 
 426 1592 824EAFD9 		.ascii	"\202N\257\331|\021c\207\247\371\235\311\242Fk5\"\376"
ARM GAS  /tmp/ccepvdMA.s 			page 34


 426      7C116387 
 426      A7F99DC9 
 426      A2466B35 
 426      22FE
 427 15a4 F743870D 		.ascii	"\367C\207\015\357\201\2165p\350\220w\337\177o\304\260"
 427      EF818E35 
 427      70E89077 
 427      DF7F6FC4 
 427      B0
 428 15b5 01C3DF1F 		.ascii	"\001\303\337\037:\304^\256\331\324a\225\323\347Nv'\371"
 428      3AC45EAE 
 428      D9D46195 
 428      D3E74E76 
 428      27F9
 429 15c7 DDA6546E 		.ascii	"\335\246Tn\300\260\250K\326\225k\204$m\304\210\3672"
 429      C0B0A84B 
 429      D6956B84 
 429      246DC488 
 429      F732
 430 15d9 09F5D621 		.ascii	"\011\365\326!\301Od\320HH\037\355\364\241\246G\245b"
 430      C14F64D0 
 430      48481FED 
 430      F4A1A647 
 430      A562
 431 15eb 42ECDE02 		.ascii	"B\354\336\002\332\355\317H\377E\363\317G\246yQ\302\277"
 431      DAEDCF48 
 431      FF45F3CF 
 431      47A67951 
 431      C2BF
 432 15fd 25A7BFDE 		.ascii	"%\247\277\336<F&\227\226\270\260H\337\202\314\230\274"
 432      3C462697 
 432      96B8B048 
 432      DF82CC98 
 432      BC
 433 160e D393DD5C 		.ascii	"\323\223\335\\KZ,4\312\276\341\303\006\014\211\177w"
 433      4B5A2C34 
 433      CABEE1C3 
 433      060C897F 
 433      77
 434 161f B0A6E516 		.ascii	"\260\246\345\026\330\3609\377\362\245\330$a&n\001\251"
 434      D8F039FF 
 434      F2A5D824 
 434      61266E01 
 434      A9
 435 1630 0F082FFB 		.ascii	"\017\010/\373u\363HOj0\370\255\346\301\316$\177\206"
 435      75F3484F 
 435      6A30F8AD 
 435      E6C1CE24 
 435      7F86
 436 1642 3359E2FE 		.ascii	"3Y\342\376\241y\234\274\272]\022\332\247\2059ex\275"
 436      A1799CBC 
 436      BA5D12DA 
 436      A7853965 
 436      78BD
 437 1654 9845125C 		.ascii	"\230E\022\\N\2773\201\033\213\333\373f\363p3\254G\363"
 437      4EBF3381 
 437      1B8BDBFB 
ARM GAS  /tmp/ccepvdMA.s 			page 35


 437      66F37033 
 437      AC47F3
 438 1667 30CDF0BA 		.ascii	"0\315\360\272\265\240\"\334\307\304\276\310\014;\331"
 438      B5A022DC 
 438      C7C4BEC8 
 438      0C3BD9
 439 1676 4D5918BD 		.ascii	"MY\030\275Q(\016\032\374\361\373\372&\256\263\035\257"
 439      51280E1A 
 439      FCF1FBFA 
 439      26AEB31D 
 439      AF
 440 1687 8781EEF6 		.ascii	"\207\201\356\366g|o\250\365\2724\305K\013\015\255\305"
 440      677C6FA8 
 440      F5BA34C5 
 440      4B0B0DAD 
 440      C5
 441 1698 96EC5367 		.ascii	"\226\354Sgr\344X\026%\260$t\373\343\261xj\233\250m\344"
 441      72E45816 
 441      25B02474 
 441      FBE3B178 
 441      6A9BA86D 
 442 16ad 06B85C5E 		.ascii	"\006\270\\^\267\317\307\012a}\247a\363\361\030;\023"
 442      B7CFC70A 
 442      617DA761 
 442      F3F1183B 
 442      13
 443 16be B7ABA37D 		.ascii	"\267\253\243}\220[|\023\263\027jy-8\004\030\202\266"
 443      905B7C13 
 443      B3176A79 
 443      2D380418 
 443      82B6
 444 16d0 63A1C812 		.ascii	"c\241\310\022\241|m<\361n\257\307\231,\366\222a\036"
 444      A17C6D3C 
 444      F16EAFC7 
 444      992CF692 
 444      611E
 445 16e2 DCA9BA32 		.ascii	"\334\251\2722\222\374m<\037:S3F2\233\362\272q\202I\256"
 445      92FC6D3C 
 445      1F3A5333 
 445      46329BF2 
 445      BA718249 
 446 16f7 419C586B 		.ascii	"A\234Xk\217K\"\302<\256\217y\355\032\225h\231s_\266"
 446      8F4B22C2 
 446      3CAE8F79 
 446      ED1A9568 
 446      99735FB6 
 447 170b 1F65506D 		.ascii	"\037ePm\317\253\365\265\015o\204\354\363N+\244\214\245"
 447      CFABF5B5 
 447      0D6F84EC 
 447      F34E2BA4 
 447      8CA5
 448 171d 7667D48B 		.ascii	"vg\324\213\\+\233V\332\007\317\207O\277s\360\250\251"
 448      5C2B9B56 
 448      DA07CF87 
 448      4FBF73F0 
 448      A8A9
 449 172f EC8B0A5A 		.ascii	"\354\213\012Z\377h[\232J2\007\312$\227\026%\223\221"
ARM GAS  /tmp/ccepvdMA.s 			page 36


 449      FF685B9A 
 449      4A3207CA 
 449      24971625 
 449      9391
 450 1741 C268A7D7 		.ascii	"\302h\247\3275\326\351u\267\267\000\264\310\021m\220"
 450      35D6E975 
 450      B7B700B4 
 450      C8116D90 
 451 1751 1E38C866 		.ascii	"\0368\310fW\014)\305q\212\005\217\262<\363\244\265\265"
 451      570C29C5 
 451      718A058F 
 451      B23CF3A4 
 451      B5B5
 452 1763 F6BD7FED 		.ascii	"\366\275\177\355j\031H\363\217\262\324\312]\232\223"
 452      6A1948F3 
 452      8FB2D4CA 
 452      5D9A93
 453 1772 923948B4 		.ascii	"\2229H\264\345\241X\374\316\306\326\204\015Z\252\311"
 453      E5A158FC 
 453      CEC6D684 
 453      0D5AAAC9 
 454 1782 08B3ECDC 		.ascii	"\010\263\354\334G>\211\037>\370C9&\346\322\347\245\266"
 454      473E891F 
 454      3EF84339 
 454      26E6D2E7 
 454      A5B6
 455 1794 293AC9A8 		.ascii	"):\311\250 *\377\362\2778\034\020\354\372\214V\376\007"
 455      202AFFF2 
 455      BF381C10 
 455      ECFA8C56 
 455      FE07
 456 17a6 3655F736 		.ascii	"6U\3676"
 457              		.text
 458              		.section	.gnu.lto_.symtab.243cbc3b4b2edef6,"e",%progbits
 459 0000 5F75785F 		.ascii	"_ux_device_stack_interface_start\000"
 459      64657669 
 459      63655F73 
 459      7461636B 
 459      5F696E74 
 460 0021 00       		.ascii	"\000"
 461 0022 00       		.ascii	"\000"
 462 0023 00       		.ascii	"\000"
 463 0024 00000000 		.ascii	"\000\000\000\000\000\000\000\000"
 463      00000000 
 464 002c 28010000 		.ascii	"(\001\000\000"
 465 0030 5F75785F 		.ascii	"_ux_system_slave\000"
 465      73797374 
 465      656D5F73 
 465      6C617665 
 465      00
 466 0041 00       		.ascii	"\000"
 467 0042 02       		.ascii	"\002"
 468 0043 00       		.ascii	"\000"
 469 0044 00000000 		.ascii	"\000\000\000\000\000\000\000\000"
 469      00000000 
 470 004c 7E020000 		.ascii	"~\002\000\000"
 471              		.text
ARM GAS  /tmp/ccepvdMA.s 			page 37


 472              		.section	.gnu.lto_.ext_symtab.243cbc3b4b2edef6,"e",%progbits
 473 0000 01       		.ascii	"\001"
 474 0001 01       		.ascii	"\001"
 475 0002 00       		.ascii	"\000"
 476 0003 02       		.ascii	"\002"
 477 0004 01       		.ascii	"\001"
 478              		.text
 479              		.section	.gnu.lto_.opts,"e",%progbits
 480 0000 272D666E 		.ascii	"'-fno-openmp' '-fno-openacc' '-fno-pie' '-fcf-prote"
 480      6F2D6F70 
 480      656E6D70 
 480      2720272D 
 480      666E6F2D 
 481 0033 6374696F 		.ascii	"ction=none' '-mcpu=cortex-m33' '-mthumb' '-mfpu=fpv"
 481      6E3D6E6F 
 481      6E652720 
 481      272D6D63 
 481      70753D63 
 482 0066 342D7370 		.ascii	"4-sp-d16' '-mfloat-abi=hard' '-mlibarch=armv8-m.mai"
 482      2D643136 
 482      2720272D 
 482      6D666C6F 
 482      61742D61 
 483 0099 6E2B6473 		.ascii	"n+dsp+fp' '-march=armv8-m.main+dsp+fp' '-Os' '-flto"
 483      702B6670 
 483      2720272D 
 483      6D617263 
 483      683D6172 
 484 00cc 2720272D 		.ascii	"' '-fdata-sections' '-ffunction-sections' '-Xassemb"
 484      66646174 
 484      612D7365 
 484      6374696F 
 484      6E732720 
 485 00ff 6C657227 		.ascii	"ler' '-a' '-Xassembler' '-ad' '-Xassembler' '-alms="
 485      20272D61 
 485      2720272D 
 485      58617373 
 485      656D626C 
 486 0132 6275696C 		.ascii	"build/../sdk/stm32/STM32_USBX_Library/common/core/s"
 486      642F2E2E 
 486      2F73646B 
 486      2F73746D 
 486      33322F53 
 487 0165 72632F75 		.ascii	"rc/ux_device_stack_interface_start.lst'\000"
 487      785F6465 
 487      76696365 
 487      5F737461 
 487      636B5F69 
 488              		.text
 489              		.comm	__gnu_lto_slim,1,1
 490              		.ident	"GCC: (15:10.3-2021.07-4) 10.3.1 20210621 (release)"
ARM GAS  /tmp/ccepvdMA.s 			page 38


DEFINED SYMBOLS
                            *ABS*:0000000000000000 ux_device_stack_interface_start.c
                            *COM*:0000000000000001 __gnu_lto_slim

NO UNDEFINED SYMBOLS
