ARM GAS  /tmp/ccwZZks4.s 			page 1


   1              		.cpu cortex-m33
   2              		.eabi_attribute 27, 1
   3              		.eabi_attribute 28, 1
   4              		.eabi_attribute 20, 1
   5              		.eabi_attribute 21, 1
   6              		.eabi_attribute 23, 3
   7              		.eabi_attribute 24, 1
   8              		.eabi_attribute 25, 1
   9              		.eabi_attribute 26, 1
  10              		.eabi_attribute 30, 4
  11              		.eabi_attribute 34, 1
  12              		.eabi_attribute 18, 4
  13              		.file	"ux_device_stack_alternate_setting_get.c"
  14              		.section	.gnu.lto_.profile.1b3806f2d0b473d8,"e",%progbits
  15 0000 789C6362 		.ascii	"x\234cb\000\001\000\000\022\000\003"
  15      00010000 
  15      120003
  16              		.text
  17              		.section	.gnu.lto_.icf.1b3806f2d0b473d8,"e",%progbits
  18 0000 789CE360 		.ascii	"x\234\343`@\000F\206\255=s\336\3633\000\000\015\021"
  18      40004686 
  18      AD3D73DE 
  18      F3330000 
  18      0D11
  19 0012 02E5     		.ascii	"\002\345"
  20              		.text
  21              		.section	.gnu.lto_.ipa_sra.1b3806f2d0b473d8,"e",%progbits
  22 0000 789CE366 		.ascii	"x\234\343f@\000F \004\002f\006&\006\000\0018\000\023"
  22      40004620 
  22      04026606 
  22      26060001 
  22      380013
  23              		.text
  24              		.section	.gnu.lto_.inline.1b3806f2d0b473d8,"e",%progbits
  25 0000 789CD363 		.ascii	"x\234\323c@\000F\006\006\211\353/v\254d\312`d`Rx\361"
  25      40004606 
  25      0689EB2F 
  25      76AC64CA 
  25      60646052 
  26 0016 EBDA5FE6 		.ascii	"\353\332_\346t\006\006\266\246\206\206\006\246\024&"
  26      740606B6 
  26      A6868606 
  26      A61426
  27 0025 0626A012 		.ascii	"\006&\240\022V> \301<\301\017H\002\000U\361\013z"
  27      563E20C1 
  27      3CC10F48 
  27      020055F1 
  27      0B7A
  28              		.text
  29              		.section	.gnu.lto_.jmpfuncs.1b3806f2d0b473d8,"e",%progbits
  30 0000 789C0B60 		.ascii	"x\234\013`@\000F\006FF\306\372%\314\014l@\366\001\026"
  30      40004606 
  30      4646C6FA 
  30      25CC0C6C 
  30      40F60116 
  31 0014 460620FE 		.ascii	"F\006 \376\017\004\374\214L\223\230\2270\003%!\024X"
  31      0F04FC8C 
ARM GAS  /tmp/ccwZZks4.s 			page 2


  31      4C939897 
  31      30032521 
  31      1458
  32 0026 0C2C04D4 		.ascii	"\014,\004\324\000V\011V\315\300\304\270\015\231\313"
  32      00560956 
  32      CDC0C4B8 
  32      0D99CB
  33 0035 00003E09 		.ascii	"\000\000>\011\022\264"
  33      12B4
  34              		.text
  35              		.section	.gnu.lto_.pureconst.1b3806f2d0b473d8,"e",%progbits
  36 0000 789C6361 		.ascii	"x\234ca```d\230\305\002\000\001d\000\244"
  36      60606064 
  36      98C50200 
  36      016400A4 
  37              		.text
  38              		.section	.gnu.lto_.lto.1b3806f2d0b473d8,"e",%progbits
  39 0000 09000400 		.ascii	"\011\000\004\000\001\000\000\000"
  39      01000000 
  40              		.text
  41              		.section	.gnu.lto__ux_device_stack_alternate_setting_get.3.1b3806f2d0b473d8,"e",%progbits
  42 0000 789C7D53 		.ascii	"x\234}S]l\024U\030\275g\356\314\354.m\267\025\213&$"
  42      5D6C1455 
  42      18BD67EE 
  42      CCEC2E6D 
  42      B7158B26 
  43 0015 A67D000D 		.ascii	"\246}\000\015\017\355\360\223\352\013Q\342\263>\241"
  43      0FEDF093 
  43      EA0B51E2 
  43      B33EA1
  44 0024 096F9BED 		.ascii	"\011o\233\355vJ6\355n\327\335Y\324'fi\005S\223\322-"
  44      764A36ED 
  44      6ED7DD59 
  44      D4276669 
  44      055393D2 
  45 0039 C4A2A125 		.ascii	"\304\242\241%YFRk\2426\321\330\305\002+E\267`(Ri\010"
  45      5946526B 
  45      A236D1D8 
  45      C5022B45 
  45      B7602852 
  46 004f 42545A7F 		.ascii	"BTZ\177J$\330\342\003`\252\370\335\273\263\263\025\214"
  46      4A24D8E2 
  46      0360AAF8 
  46      DDBBB3B3 
  46      158C
  47 0061 9BD93BF7 		.ascii	"\233\331;\367~s\276s\276\277\273\25026\305\030{\227"
  47      7E73BE73 
  47      BEBFBBA8 
  47      3236C518 
  47      7B97
  48 0073 FE08300C 		.ascii	"\376\0100\014d{\025f\333\3666\237\242tg\337Rp\012\277"
  48      647B1566 
  48      DBF6369F 
  48      A27467DF 
  48      52700ABF 
  49 0087 BEF95E83 		.ascii	"\276\371^\203z\250\177\016\357\334\371\256Q\345\030"
  49      7AA87F0E 
ARM GAS  /tmp/ccwZZks4.s 			page 3


  49      EFDCF9AE 
  49      51E518
  50 0096 CCF61687 		.ascii	"\314\366\026\207\236\225\030Uy#[u\271x\232\253{\263"
  50      9E951855 
  50      79235B75 
  50      B9789AAB 
  50      7BB3
  51 00a8 C1F7C74F 		.ascii	"\301\367\307OlU5\034\032\310-\365\375\\%\277\353\030"
  51      6C55351C 
  51      1AC82DF5 
  51      FD5C25BF 
  51      EB18
  52 00ba 1C2BF3F9 		.ascii	"\034+\363\371\224\236\022\237\304\011>\351\350G\306"
  52      949E129F 
  52      C4093EE9 
  52      E847C6
  53 00c9 9304DBAD 		.ascii	"\223\004\333\255pU\323}~\354V|\254\362;\300\017s\014"
  53      7055D37D 
  53      7EEC567C 
  53      ACF23BC0 
  53      0F730C
  54 00dc 708733A8 		.ascii	"p\2073\250\356\016h\334P\260\355\273_\016\037\231\307"
  54      EE0E68DC 
  54      50B0EDBB 
  54      5F0E1F99 
  54      C7
  55 00ed E19182EA 		.ascii	"\341\221\202\352p\205\015\023\340S\340\023\010'\002"
  55      70850D13 
  55      E053E013 
  55      082702
  56 00fc F203604F 		.ascii	"\362\003`O\021\352\233\233\343\266\035`\016\347\370"
  56      11EA9B9B 
  56      E3B61D60 
  56      0EE7F8
  57 010b 0C2B4064 		.ascii	"\014+@dp\201G!^\353\011\273\370\341\321\276`\177\306"
  57      70814721 
  57      5EEB09BB 
  57      F8E1D1BE 
  57      607FC6
  58 011e 4F7CC8E3 		.ascii	"O|\310\343_\214\0229ZA~0\351\"U|\376\037\310q\017\371"
  58      5F8C1239 
  58      5A417E30 
  58      E922557C 
  58      FE1FC871 
  59 0134 F168F73E 		.ascii	"\361h\367>\273\256\247\321\341\032N<\200\324\031N\002"
  59      BBAEA7D1 
  59      E11A4E3C 
  59      80D4194E 
  59      02
  60 0145 13C07188 		.ascii	"\023\300q\210\370E\037\030\343\236\355\243\031\255`"
  60      F8451F18 
  60      E39EEDA3 
  60      19AD60
  61 0154 2FDFDF6F 		.ascii	"/\337\337o\333\305\265\327/\255Z\003\012ZWh\361qZ\374"
  61      DBC5B5D7 
  61      2FAD5A03 
  61      0A5A5768 
ARM GAS  /tmp/ccwZZks4.s 			page 4


  61      F1715AFC 
  62 0168 AAD869B4 		.ascii	"\252\330i\264\004tq\3641\362\362\323N\251\022\273j`"
  62      047471F4 
  62      31F2F2D3 
  62      4EA912BB 
  62      6A60
  63 017a 1C356217 		.ascii	"\0345b\027\024K\255\220\252gB\211\355\347\2548\327\275"
  63      144BAD90 
  63      AA674289 
  63      EDE7AC38 
  63      D7BD
  64 018c C8601718 		.ascii	"\310`\027\030\353\347J\351\220\241\303-\354y;\377}v"
  64      EBE74AE9 
  64      90A1C32D 
  64      EC793BFF 
  64      7D76
  65 019e 03B52AC7 		.ascii	"\003\265*\307\341\226{\225\314\245\007\012mG(\312c2"
  65      E1967B95 
  65      CCA5070A 
  65      6D4728CA 
  65      6332
  66 01b0 0E7C0114 		.ascii	"\016|\001\024 ]&\362?e\264\034W\\|\025\326\321\356\030"
  66      205D26F2 
  66      3F65B41C 
  66      575C7C15 
  66      D6D1EE18 
  67 01c4 A8AF549F 		.ascii	"\250\257T\237j\"\302$\330\306\322\221\343\014\206d\252"
  67      6A22C224 
  67      D8C6D291 
  67      E30C8664 
  67      AA
  68 01d5 37D0B330 		.ascii	"7\320\2630\331Jn\302\207J&+\322\317\371\350\325\271"
  68      D94A6EC2 
  68      874A262B 
  68      D2CFF9E8 
  68      D5B9
  69 01e7 A7CBC14C 		.ascii	"\247\313\301L\344\177Y\"\346\2522\337\302\272\207\010"
  69      E47F5922 
  69      E6AA32DF 
  69      C2BA8708 
  70 01f7 6B502442 		.ascii	"kP$B\270\336\352\324\351\337\346\271\347~\357\367\245"
  70      B8DEEAD4 
  70      E9DFE6B9 
  70      E77EEFF7 
  70      A5
  71 0208 DA1C2F4F 		.ascii	"\332\034/O\220*\023)\02158<\230\343>\234\2256\227\253"
  71      902A1329 
  71      1135383C 
  71      98E33E9C 
  71      953697AB 
  72 021c 16E7884B 		.ascii	"\026\347\210Ka\222{\3419\207\327\341k2\210\320\210m"
  72      61927BE1 
  72      3987D7E1 
  72      6B3288D0 
  72      886D
  73 022e 791F1545 		.ascii	"y\037\025E%\272R\350\271\322\251\332U\326\376\030\232"
  73      25BA52E8 
ARM GAS  /tmp/ccwZZks4.s 			page 5


  73      B9D2A9DA 
  73      55D6FE18 
  73      9A
  74 023f 5E5B163E 		.ascii	"^[\026>\330{g\370 }\257u\225\037\301VO\331p\370j\221"
  74      D87B67F8 
  74      207DAF75 
  74      951FC156 
  74      4FD970F8 
  75 0255 C2F995CA 		.ascii	"\302\371\225\312\217b\232\204\350B\366H\314\223\016"
  75      8F629A84 
  75      E842F648 
  75      CC930E
  76 0264 AFC705B7 		.ascii	"\257\307\005\267\272\367\226\307\0029\256\271T\032\256"
  76      BAF796C7 
  76      0239AEB9 
  76      541AAE
  77 0273 B115E55D 		.ascii	"\261\025\345]#\250.z\325\010`\206x4\346V\357\257\261"
  77      23A82E7A 
  77      D5086086 
  77      7834E656 
  77      EFAFB1
  78 0286 961CD73D 		.ascii	"\226\034\327=\351\026\231t\360\301\244/\255Hz\026\""
  78      E9169974 
  78      F0C1A42F 
  78      AD487A16 
  78      22
  79 0297 EB59B2E8 		.ascii	"\353Y\262\350%\222\305\336\013G\216\353\256x\000\254"
  79      2592C5DE 
  79      0B478EEB 
  79      AE7800AC 
  80 02a7 C4544F28 		.ascii	"\304TO(\212\011\227\301H@\340n\337\375;\323RV\032Y\377"
  80      8A0997C1 
  80      4840E06E 
  80      DFFD3BD3 
  80      52561A59 
  81 02bc 50641C57 		.ascii	"Pd\034W\210\224nv\251\335\220>\343gf6\375\257\3175\362"
  81      88946E76 
  81      A9DD903E 
  81      E3676636 
  81      FDAFCF35 
  82 02d1 F1D3B5F8 		.ascii	"\361\323\265\370\012l\021{\177\034<\367D\216\327\313"
  82      0A6C117B 
  82      7F1C3CF7 
  82      448ED7CB 
  83 02e1 517C6C58 		.ascii	"Q|lX4\235J\214\253\240\307\341\2173\366'DOUU\364C\237"
  83      349D4A8C 
  83      ABA0C7E1 
  83      8F33F627 
  83      444F5555 
  84 02f8 7586CE56 		.ascii	"u\206\316V&\341\312\371\325r\250k<\271\346\312\004x"
  84      26E1CAF9 
  84      D572A86B 
  84      3CB9E6CA 
  84      0478
  85 030a A3F403C9 		.ascii	"\243\364\003\311\005\334\206\372\310h\253\222\200\372"
  85      05DC86FA 
  85      C868AB92 
ARM GAS  /tmp/ccwZZks4.s 			page 6


  85      80FA
  86 0318 7D6372BE 		.ascii	"}cr\276\257\301\2053\241\344\243\261\344\323\371\011"
  86      AFC18533 
  86      A1E4A3B1 
  86      E4D3F909 
  87 0328 C1A99FFC 		.ascii	"\301\251\237\374\366&\310\305?\345\335\244\333\330\263"
  87      F626C8C5 
  87      3FE5DDA4 
  87      DBD8B3
  88 0337 8DA2F34B 		.ascii	"\215\242\363K\254\237\202\326n]\234\010P\010\"}\005"
  88      AC9F82D6 
  88      6E5D9C08 
  88      5008227D 
  88      05
  89 0348 F7E11B9E 		.ascii	"\367\341\033\236\355\304u(\012]GLy\327\221\261g\214"
  89      EDC47528 
  89      0A5D474C 
  89      79D791B1 
  89      678C
  90 035a 58DC3222 		.ascii	"X\3342\"\206\025K\030m\321DgW\254#lX\311\256D4\262q"
  90      86154B18 
  90      6DD14467 
  90      57AC236C 
  90      58C9AE44 
  91 0371 5353CA8A 		.ascii	"SS\312\212m\331\234niJ\247Z\233\332\314]\035Q\253\251"
  91      6DD99C6E 
  91      694AA75A 
  91      9BDACC5D 
  91      1D51ABA9 
  92 0385 FD55239C 		.ascii	"\375U#\234H\260\035\315\315F\252\255\303\220\010c\373"
  92      48B01DCD 
  92      CD46AAAD 
  92      C3900863 
  92      FB
  93 0396 4B2F6ED9 		.ascii	"K/n\331\034zy\373\363;B/D[\223\341\344\353F\244+\026"
  93      1C7A79FB 
  93      F33B422F 
  93      445B93E1 
  93      E4EB46A4 
  94 03ac EB8AD32B 		.ascii	"\353\212\323+i\032\251d\304H\277\026\"\206h\304\014"
  94      691AA964 
  94      C448BF16 
  94      228668C4 
  94      0C
  95 03bd A5AC70A4 		.ascii	"\245\254p\244#\024\356\264\314d<l\321\331\264\254h|"
  95      2314EEB4 
  95      CC643C6C 
  95      D1D9B4AC 
  95      687C
  96 03cf 6768A769 		.ascii	"gh\247i5GXm4N\037\332\303\004\334\025\356L\233:\301"
  96      3547586D 
  96      344E1FDA 
  96      C304DC15 
  96      EE4C9B3A 
  97 03e4 AD74AAA6 		.ascii	"\255t\252\246bNX\311:+\031\216\247\332\315d(i\276\222"
  97      624E58C9 
  97      3A2B198E 
ARM GAS  /tmp/ccwZZks4.s 			page 7


  97      A7DACD64 
  97      2869BE92 
  98 03f8 3653D63F 		.ascii	"6S\326?9\260\352B"
  98      39B0EA42 
  99              		.text
 100              		.section	.gnu.lto_.symbol_nodes.1b3806f2d0b473d8,"e",%progbits
 101 0000 789CF362 		.ascii	"x\234\363b\000\002&\346z\206\343\217\232?00N8\307\300"
 101      000226E6 
 101      7A86E38F 
 101      9A3F3030 
 101      4E38C7C0 
 102 0014 50CFC0B0 		.ascii	"P\317\300\260\253\241\221\221\201\021$\305\300\312\302"
 102      ABA19191 
 102      811124C5 
 102      C0CAC2
 103 0023 A000A418 		.ascii	"\240\000\244\030Y\353\031\377C\201<X\031\003CCC\003"
 103      59EB19FF 
 103      43813C58 
 103      19034343 
 103      4303
 104 0035 480D3303 		.ascii	"H\0153\003\323\347\271\347\244\030\237\2603\000\000"
 104      D3E7B9E7 
 104      A4189FB0 
 104      330000
 105 0044 3DDA1695 		.ascii	"=\332\026\225"
 106              		.text
 107              		.section	.gnu.lto_.refs.1b3806f2d0b473d8,"e",%progbits
 108 0000 789C6367 		.ascii	"x\234cg```\004\" \006\000\000f\000\013"
 108      60606004 
 108      22200600 
 108      0066000B 
 109              		.text
 110              		.section	.gnu.lto_.decls.1b3806f2d0b473d8,"e",%progbits
 111 0000 789CB55A 		.ascii	"x\234\265ZyTTG\272\277\337\255\213@\203\200\202KF\243"
 111      79545447 
 111      BABFDFAD 
 111      8B408380 
 111      824B46A3 
 112 0014 C4E724CE 		.ascii	"\304\347$\316\233Q\214\236\367f\336;\357\234\247\243"
 112      9B518C9E 
 112      F766DE3B 
 112      EF9CA7A3 
 113 0024 66266712 		.ascii	"f&g\022\315\021\315\313\274\177\230\206n\265\237M7\351"
 113      CD11CDCB 
 113      BC7F9886 
 113      6EB59F4D 
 113      37E9
 114 0036 6E62327F 		.ascii	"nb2\177\265Q\011q\307D\005\011\212q\303\015Q\324\200"
 114      B5510971 
 114      C7440509 
 114      8A71C30D 
 114      51D480
 115 0049 0212DC40 		.ascii	"\002\022\334@\\\300\025P\024\327\240\270\340\216\373"
 115      5CC01550 
 115      14D7A0B8 
 115      E08EFB
 116 0058 FBAAEAAE 		.ascii	"\373\252\352\256}\20183g8\026\367V\335_}\337W_}[\025"
ARM GAS  /tmp/ccwZZks4.s 			page 8


 116      7D813833 
 116      673816F7 
 116      56DD5F7D 
 116      DF575F7D 
 117 006e 9E7D4710 		.ascii	"\236}G\020~\325M\020n\012\202\360\012\177D|\326b\243"
 117      7ED54D10 
 117      6E0A82F0 
 117      0A7F447C 
 117      D662A3
 118 0081 CFDD744C 		.ascii	"\317\335tL\340?\264\037\012\202\320\015\033\376\023"
 118      E03FB41F 
 118      0A82D00D 
 118      1BFE13
 119 0090 468A82E1 		.ascii	"F\212\202\341'\032\373\275\361\331\035[\014\266`\340"
 119      271AFBBD 
 119      F1D91D5B 
 119      0CB660E0 
 120 00a0 F31D22A7 		.ascii	"\363\035\"\2471\002\237\310J\350\213\255\011\333\377"
 120      31029FC8 
 120      4AE88BAD 
 120      09DBFF
 121 00af 617F2AB6 		.ascii	"a\177*\266V\3049\3619\005\333\004l\007\360\233\033\237"
 121      56C439F1 
 121      3905DB04 
 121      6C07F09B 
 121      1B9F
 122 00c1 2E6CB7F0 		.ascii	".l\267\360=\005\237/\361\371)>\243\020k\301\367\313"
 122      3D059F2F 
 122      F1F9293E 
 122      A3106BC1 
 122      F7CB
 123 00d3 F8BC8DCD 		.ascii	"\370\274\215\315\206c\343\260\225\340\373s\034\377\004"
 123      8663E3B0 
 123      95E0FB73 
 123      1CFF04
 124 00e2 DFEFE3F3 		.ascii	"\337\357\343\363)\266\277\210?/\363\"\002\357\000]t"
 124      29B6BF88 
 124      3F2FF322 
 124      02EF005D 
 124      74
 125 00f3 247B1388 		.ascii	"${\023\210(\304\371\331O\205K\200\235\300Q$\211\002"
 125      28C4F9D9 
 125      4F854B80 
 125      9DC05124 
 125      8902
 126 0105 BB8384BF 		.ascii	"\273\203\204\277c 6\233\210\363v\3158\025f)\367\373"
 126      6320369B 
 126      88F376CD 
 126      38156629 
 126      F7FB
 127 0117 5BFDE533 		.ascii	"[\375\3453C\005\330\005P\014\002\024\001\022\371\001"
 127      4305D805 
 127      500C0214 
 127      0112F901 
 128 0127 6007C076 		.ascii	"`\007\300v`S\312\371\314\337\261\337!l~\271@\034|4\030"
 128      6053CAF9 
 128      CCDFB1DF 
ARM GAS  /tmp/ccwZZks4.s 			page 9


 128      216C7EB9 
 128      401C7C34 
 129 013c 29159F9E 		.ascii	")\025\237\236W\032f\361\313\224p\220\223\022\240\002"
 129      571A66F1 
 129      CB947090 
 129      9312A002 
 130 014c E9C5C18F 		.ascii	"\351\305\301\217\224L_x\305\037\002\371\032\004\234"
 130      944C5F78 
 130      C51F02F9 
 130      1A049C
 131 015b 74E2CAD6 		.ascii	"t\342\312\326\255\221\224}\263\277b:\021`8\014\025`"
 131      AD91947D 
 131      B3BF623A 
 131      1160380C 
 131      1560
 132 016d 3F200299 		.ascii	"? \002\231\357\003\330\013\010*l\3168E\272#\345\231"
 132      EF03D80B 
 132      082A6CCE 
 132      3845BA23 
 132      E599
 133 017f 7EFF5FE0 		.ascii	"~\377_\340\000\300\036\2002J\371 0\352\002Y\000\\\216"
 133      00C01E80 
 133      324AF920 
 133      30EA0259 
 133      005C8E
 134 0192 A1A41049 		.ascii	"\241\244\020I\237\222{\203\310C\354\255\022)\243\371"
 134      9F927B83 
 134      C843ECAD 
 134      1229A3F9 
 135 01a2 B71B1B20 		.ascii	"\267\033\033 \232k\244\234i\003\216\002\034\003\344"
 135      9A6BA49C 
 135      69038E02 
 135      1C03E4
 136 01b1 83EF0838 		.ascii	"\203\357\0108\275\254\250\220\2043E\344VH\364\213\""
 136      BDACA890 
 136      843345E4 
 136      5648F48B 
 136      22
 137 01c2 7F0D30C0 		.ascii	"\177\0150\300\245\312\354\234pI`\003\340f\014D\246\206"
 137      A5CAEC9C 
 137      70496003 
 137      E0660C44 
 137      A686
 138 01d4 28FCD856 		.ascii	"(\374\330V\264w\263\330\013i\337\364\373c`\012\234\000"
 138      B477B3D8 
 138      0B69DFF4 
 138      FB63600A 
 138      9C00
 139 01e6 384EE79E 		.ascii	"8N\347\236D\011k\371\374\272u\213\035\032\375\223\032"
 139      44096BF9 
 139      FCBA758B 
 139      1D1AFD93 
 139      1A
 140 01f7 FD537405 		.ascii	"\375St\005%\"\2279\226\234\023\005\222Fx\2577) \002"
 140      25229739 
 140      969C1305 
 140      924678AF 
ARM GAS  /tmp/ccwZZks4.s 			page 10


 140      37292002 
 141 020b 69947B51 		.ascii	"i\224{Qd\226$\220\002\211R;\320\262`[\204F\356\200F"
 141      64962490 
 141      0289523B 
 141      D0B2605B 
 141      8446EE80 
 142 0220 AE8992BB 		.ascii	"\256\211\222\273\200\300\264 \201\254\017bZ\256XU\026"
 142      80C0B420 
 142      81AC0F62 
 142      5AAE5855 
 142      16
 143 0231 645CFC65 		.ascii	"d\\\374e\200+\332\342\363\353k\347\205j\324\256h\324"
 143      802BDAE2 
 143      F3EB6BE7 
 143      856AD4AE 
 143      68D4
 144 0243 AE526A15 		.ascii	"\256Rj\025H\351b\020\027\242R\340{/\221/\273\340\324"
 144      48E96210 
 144      17A252E0 
 144      7B2F912F 
 144      BBE0D4
 145 0256 812B2EAE 		.ascii	"\201+.\256\316\013\03680z\240\361\007i\265\325\336/"
 145      CE0B1E38 
 145      307AA0F1 
 145      0769B5D5 
 145      DE2F
 146 0268 6F24B3B3 		.ascii	"o$\263\263v\\\234\356_\375\027\330\015p\016\340\226"
 146      765C9CEE 
 146      5FFD17D8 
 146      0D700EE0 
 146      96
 147 0279 46BA81FE 		.ascii	"F\272\201\376zW@d\301\263\245\237V\226\003\205\374d"
 147      7A574064 
 147      C1B3A59F 
 147      56960385 
 147      FC64
 148 028b 80C43104 		.ascii	"\200\3041\004\337\371rI\200\353\000\315\300v\356\026"
 148      DFF97249 
 148      80EB00CD 
 148      C076EE16 
 149 029b 151E6E02 		.ascii	"\025\036n\002\334\003x\004\360\034\240\025\340>@\013"
 149      DC037804 
 149      F01CA015 
 149      E03E400B 
 150 02ab 401BC033 		.ascii	"@\033\3003\200\307\000O\001\356\000<\001x\010p\027\340"
 150      80C7004F 
 150      01EE003C 
 150      01780870 
 150      17E0
 151 02bd 0100F534 		.ascii	"\001\000\3654\3060/Kax\303\300\220\272\037v(\246uAV"
 151      C6302F4B 
 151      6178C3C0 
 151      90BA1F76 
 151      28A67541 
 152 02d2 E945F02F 		.ascii	"\351E\360/\032\212\033\004G\014\250\303:TzV1G5\001\\"
 152      1A8A1B04 
 152      470CA8C3 
ARM GAS  /tmp/ccwZZks4.s 			page 11


 152      3A547A56 
 152      31473501 
 153 02e7 30A01AD5 		.ascii	"0\240\032\325\365\265.G%0\0202\2544\200J5%<W\225p\315"
 153      F5B52E47 
 153      25301032 
 153      AC34804A 
 153      35253C57 
 154 02fe A404CEAC 		.ascii	"\244\004\316\254\340kU\354\363fV\210AM\025\254\310\012"
 154      E06B55EC 
 154      F3665688 
 154      414D15AC 
 154      C80A
 155 0310 CA44CC41 		.ascii	"\312D\314A\200r\206Q\234\245T\023\272 G\245s\310@\247"
 155      80728651 
 155      9CA55413 
 155      BA2047A5 
 155      73C840A7 
 156 0324 4AB7B097 		.ascii	"J\267\260\227K\345\205]\005\270d@\225i\013\233\247["
 156      4BE5855D 
 156      05B86440 
 156      95690B9B 
 156      A75B
 157 0336 589D0174 		.ascii	"X\235\001tF\307n\216\312\356\254\331\002dL\226\212\251"
 157      46C76E8E 
 157      CAEEACD9 
 157      02644C96 
 157      8AA9
 158 0348 368BC415 		.ascii	"6\213\304\0254_\205\2346o\007\207\314U!\365fi\270\310"
 158      345F859C 
 158      366F0787 
 158      CC5521F5 
 158      6669B8C8 
 159 035c AF966A1B 		.ascii	"\257\226j\033v\321\274.\024\207|\037L\235\342AqYIH\264"
 159      76D1BC2E 
 159      14877C1F 
 159      4C9DE241 
 159      71594948 
 160 0371 C9F85EFC 		.ascii	"\311\370^\374C\306\207t\327\234*\255\2274g{\251\011"
 160      43C68774 
 160      D79C2AAD 
 160      9734677B 
 160      A909
 161 0383 F08A478A 		.ascii	"\360\212G\212\231+/\355\223\320\361D\354J6@\315\376"
 161      992B2FED 
 161      93D0F144 
 161      EC4A3640 
 161      CDFE
 162 0395 3BFEB208 		.ascii	";\376\262\010\377K\204\030\277\350\027\273\330\210h"
 162      FF4B8418 
 162      BFE817BB 
 162      D88868
 163 03a4 211662B3 		.ascii	"!\026b\263TB\277A\017\310\210\020qP\244%$o/DY\202BD"
 163      5442BF41 
 163      0FC88810 
 163      7150A425 
 163      246F2F44 
 164 03bc B139D866 		.ascii	"\2619\330f\031\364\0246\211\271]bG\370%\333\334\036"
ARM GAS  /tmp/ccwZZks4.s 			page 12


 164      19F41436 
 164      89B95D62 
 164      47F825DB 
 164      DC1E
 165 03ce CDC17E71 		.ascii	"\315\301~q\341\330\230\341#\360wsp%\330p\326GRH\024"
 165      E1D898E1 
 165      23F07773 
 165      7025D870 
 165      D6475248 
 166 03e3 BE35075B 		.ascii	"\2765\007[\036\220\334y]lG\304\364w\3208-\266a1\270"
 166      1E90DC79 
 166      5D6C47C4 
 166      F477D038 
 166      2DB66131 
 167 03f8 E6112121 		.ascii	"\346\021!!\375\"+H\005yO\020BB\012\362{X\232\203#\221"
 167      FD222B48 
 167      05794F10 
 167      42420AF2 
 167      7B589A83 
 168 040e C4205B6C 		.ascii	"\304 [l\224-6\262\022\202l6K\314 \001\205\260\015\033"
 168      942D36B2 
 168      12826C36 
 168      4BCC2001 
 168      85B00D1B 
 169 0422 3642B420 		.ascii	"6B\264 e)\244\022\206\021\010\037\346\277\330\322\313"
 169      6529A412 
 169      8611081F 
 169      E6BFD8D2 
 169      CB
 170 0433 0296D07E 		.ascii	"\002\226\320~\261\2030\263\011\357\211H\227\274R~ \030"
 170      B18330B3 
 170      09EF8948 
 170      97BC527E 
 170      2018
 171 0445 79DAB42E 		.ascii	"y\332\264.\300 \2138L$\177j\016\306<'\306\012\202_\012"
 171      C0208B38 
 171      4C247F6A 
 171      0EC63C27 
 171      C60A825F 
 172 045a 090F073F 		.ascii	"\011\017\007?>B\023\376d\373h\230Eh\016\026\361S\214"
 172      3E4213FE 
 172      64FB6898 
 172      45680E16 
 172      F1538C
 173 046d 047E11B4 		.ascii	"\004~\021\264\231\226.\002(\011\220\345E\240\377\370"
 173      99962E02 
 173      280990E5 
 173      45A0FFF8 
 174 047d 2F817604 		.ascii	"/\201v\004=\0276N\221\250W9\213*\243\352C~\347\000N"
 174      3D17364E 
 174      91A85739 
 174      8B2AA3EA 
 174      437EE700 
 175 0492 4749B400 		.ascii	"GI\264\000\012\023A\376\252#\256\311 \313\241\320Q\370"
 175      0A1341FE 
 175      AA23AEC9 
 175      20CBA1D0 
ARM GAS  /tmp/ccwZZks4.s 			page 13


 175      51F8
 176 04a4 E864D464 		.ascii	"\350d\324d\305\035\346LD\375\0346\317 \270FRP\311\012"
 176      C51DE64C 
 176      44FD1C36 
 176      CF20B846 
 176      5250C90A 
 177 04b8 BA8573BB 		.ascii	"\272\205s\273\332\376\260lG\3705\2401\340q\306\375`"
 177      DAFEB06C 
 177      47F835A0 
 177      31E071C6 
 177      FD60
 178 04ca 88583842 		.ascii	"\210X8B\000r\212\331\362\313\371\351\315\241,y\355\346"
 178      00728AD9 
 178      F2CBF9E9 
 178      CDA12C79 
 178      EDE6
 179 04dc C9EBCF6A 		.ascii	"\311\353\317j\261\360g4\370\347\014\264t\327\242\343"
 179      B1F06734 
 179      F8E70CB4 
 179      74D7A2E3 
 180 04ec C1E65A20 		.ascii	"\301\346Z MD\014\332\373,\021f\212\010k\254:^\022\241"
 180      4D440CDA 
 180      FB2C1166 
 180      8A086BAC 
 180      3A5E12A1 
 181 0500 E6BAAF44 		.ascii	"\346\272\257D5\331\245\3432f\210L\226W\333\013*\202"
 181      35D9A5E3 
 181      3266884C 
 181      9657DB0B 
 181      2A82
 182 0512 076466FA 		.ascii	"\007df\372\333\026}\177\267\260\357w\376\362/q\202\204"
 182      DB167D7F 
 182      B7B0EF77 
 182      FEF22F71 
 182      8284
 183 0524 10F852E4 		.ascii	"\020\370R\344iG\3007\001\246\213\270\245\002i\0101K"
 183      6947C037 
 183      01A68BB8 
 183      A5026908 
 183      314B
 184 0536 8903992F 		.ascii	"\211\003\231/N4\205+\003sD62\267\260\2131\225\2750\344"
 184      4E34852B 
 184      03734436 
 184      32B7B08B 
 184      3195BD30 
 185 054b F1BAF46B 		.ascii	"\361\272\364kE\272T6OT\275k>\027\315\337\2725\206\221"
 185      45BA5436 
 185      4F54BD6B 
 185      3E17CDDF 
 185      BA358691 
 186 055f 9C2FC25C 		.ascii	"\234/\302\\J2\337\377\250\306\322\336z\026\242|\013"
 186      4A32DFFF 
 186      A8C6D2DE 
 186      7A16A27C 
 186      0B
 187 0570 F8A4196B 		.ascii	"\370\244\031k\357\244u\031\220\211I\255m\335\312\335"
 187      EFA47519 
ARM GAS  /tmp/ccwZZks4.s 			page 14


 187      908949AD 
 187      6DDDCADD 
 188 0580 037F9C91 		.ascii	"\003\177\234\221;\010?\303lu-\263\231\231\220=\241<"
 188      3B083FC3 
 188      6C752DB3 
 188      9999903D 
 188      A13C
 189 0592 4B368BA4 		.ascii	"K6\213\244F~m\022\311\243P\246\336K\033w\351$K\327$"
 189      467E6D12 
 189      C9A350A6 
 189      DE4B1B77 
 189      E9244BD7 
 190 05a7 5B8A93C9 		.ascii	"[\212\223\311\022\013\307\327\211d\247\0053\270\334"
 190      120BC7D7 
 190      8964A705 
 190      33B8DC
 191 05b6 AD11497A 		.ascii	"\255\021Iz\230@\266\205\311\351W$\015\330\365\207\363"
 191      9840B685 
 191      C9E95724 
 191      0DD8F587 
 191      F3
 192 05c7 6EB948D6 		.ascii	"n\271H\326\207\013d\277\334\365\363\212\304/\221\263"
 192      870B64BF 
 192      DCF5F38A 
 192      C42F91B3 
 193 05d7 F2482432 		.ascii	"\362H$2n\332\270\3551\264W\231\255\027ie\226'r9e\366"
 193      6EDAB8ED 
 193      31B45799 
 193      AD176965 
 193      96277239 
 194 05ed 0299DE55 		.ascii	"\002\231\336U k\272\312\354\2218v\233\273\322\025\\"
 194      206BBACA 
 194      EC913876 
 194      9BBBD215 
 194      5C
 195 05fe 6F9BD912 		.ascii	"o\233\331\022\311t7\231m\317\221\364\232\223A\355in"
 195      C9743799 
 195      6DCF91F4 
 195      9A9341ED 
 195      696E
 196 0610 1B12DECA 		.ascii	"\033\022\336\3125\267\317\177\275Z\324V\275M[u!]\365"
 196      35B7CF7F 
 196      BD5AD456 
 196      BD4D5B75 
 196      215DF5
 197 0623 AC088164 		.ascii	"\254\010\201dc+\304V\033\301&<ZVK\214;\374\203\010E"
 197      632BC456 
 197      1BC1263C 
 197      5A564B8C 
 197      3BFC8308 
 198 0638 A2BAC32D 		.ascii	"\242\272\303-Y7\276\015\326(\026i\024\2139\313\223\333"
 198      5937BE0D 
 198      D6281669 
 198      148B39CB 
 198      93DB
 199 064a 0EF56452 		.ascii	"\016\365dR\026\213L\314\025\247\027\327\204\267'\346"
 199      168B4CCC 
ARM GAS  /tmp/ccwZZks4.s 			page 15


 199      15A717D7 
 199      84B727E6 
 200 065a 6E147317 		.ascii	"n\024s\027\237\263\344\310\363\365\272\362o\267F\264"
 200      9FB3E4C8 
 200      F3F5BAF2 
 200      6FB746B4 
 201 066a 848A7907 		.ascii	"\204\212y\007\305\233\025\311U\362\337\010\337sxocH"
 201      C59B15C9 
 201      55F2DF08 
 201      DF73786F 
 201      6348
 202 067c 7B2A2D67 		.ascii	"{*-g*\335C\355jqF\341\246p}\331\272V\344\365\305\217"
 202      2ADD43ED 
 202      6A7146E1 
 202      A6707DD9 
 202      BA56E4F5 
 203 0692 22C30924 		.ascii	"\"\303\011$K\246x\205\327T\271]\310\226H\201TFR\201"
 203      4BA67885 
 203      D754B95D 
 203      C8964881 
 203      54465281 
 204 06a6 6E64E4CD 		.ascii	"nd\344\315\0133\252\341\200\010\00755\254l\333^h\321"
 204      0B33AAE1 
 204      80080735 
 204      35AC6CDB 
 204      5E68D1
 205 06b9 243EA849 		.ascii	"$>\250I\\\311\226\324s\375\323\303\337\205\361j\214"
 205      5CC996D4 
 205      73FDD3C3 
 205      DF85F16A 
 205      8C
 206 06ca 556748A8 		.ascii	"UgH\250\255\340q\356\211\350\315\350\2133z\243\030P"
 206      ADE071EE 
 206      89E8CDE8 
 206      8B337AA3 
 206      1850
 207 06dc 26C23151 		.ascii	"&\3021Q\225+N\253Wr\344\322\247D\204\235\014\323^\201"
 207      952B4EAB 
 207      5772E4D2 
 207      A744849D 
 207      0CD35E81 
 208 06f0 B42247CE 		.ascii	"\264\"G\316\244\223a\207\001\324\254e\333\242\034\255"
 208      A4936187 
 208      01D4AC65 
 208      DBA21CAD 
 209 0700 40D86C00 		.ascii	"@\330l\000m\024\325\254\235\223\303\2626\356L\251\231"
 209      6D14D5AC 
 209      9D93C3B2 
 209      36EE4CA9 
 209      99
 210 0711 19A793A7 		.ascii	"\031\247\223\247\361\332n\346\305K\0379O\357\023a/j"
 210      F1DA6EE6 
 210      C54B1F39 
 210      4FEF1361 
 210      2F6A
 211 0723 B882C130 		.ascii	"\270\202\3010nU\211pD\204C\"T\213pT\204Z\334\177\021"
 211      6E558970 
ARM GAS  /tmp/ccwZZks4.s 			page 16


 211      44844322 
 211      548B7054 
 211      845ADC7F 
 212 0738 0E8B705C 		.ascii	"\016\213p\\D\347\222\353\301\335\\\202J\021\366\033"
 212      44E792EB 
 212      C1DD5C82 
 212      4A11F61B 
 213 0748 A86F5085 		.ascii	"\250oP\205l\335\254\350\244P\204\002\003(_\003\025\353"
 213      6CDDACE8 
 213      A4508402 
 213      03285F03 
 213      15EB
 214 075a 96BBC9BC 		.ascii	"\226\273\311\274\\Yq[\264\305l1S\242\025\310%f\003W"
 214      5C59715B 
 214      B4C56C31 
 214      53A215C8 
 214      25660357 
 215 076e 32775585 		.ascii	"2wU\205G\233Vv\362uW\206$6?(:\036\251Y\311)\215\327"
 215      479B5676 
 215      F2755786 
 215      24363F28 
 215      3A1EA959 
 216 0786 696EF867 		.ascii	"in\370gZ\262\366+V\232+\342\250j\016gD\026!\270\211"
 216      5AB2F62B 
 216      569A2BE2 
 216      A86A0E67 
 216      441621B8 
 217 079b B601B9CB 		.ascii	"\266\001\271\313d\332{\357\310\034\213\321.Q\323\015"
 217      64DA7BEF 
 217      C81C8BD1 
 217      2E51D30D 
 218 07ab 9A5DD62E 		.ascii	"\232]\326._^\332\325\0108i\000\254\273\263f\016h\"\235"
 218      5F5EDAD5 
 218      08386900 
 218      ACBBB366 
 218      0E68229D 
 219 07bf D5443A47 		.ascii	"\325D:G\235b^\024\347\330\012d[\224@j\344"
 219      9D625E14 
 219      E7D80A64 
 219      5B94406A 
 219      E4
 220 07d0 6E339017 		.ascii	"n3\220\027\330]\325M\216\252@\252\273\011\344\246\334"
 220      D85DD54D 
 220      8EAA40AA 
 220      BB09E4A6 
 220      DC
 221 07e1 AD03B2A2 		.ascii	"\255\003\262\242\273@\252\273\313Q\013\310K\354n\210"
 221      BB40AABB 
 221      CB510BC8 
 221      4BEC6E88 
 222 07f1 96832690 		.ascii	"\226\203&\220\343\362k\036\360\343\213\205\334\227G"
 222      E3F26B1E 
 222      F0E38B85 
 222      DC9747
 223 0800 7281CC8E 		.ascii	"r\201\314\216\341\257\231@\012b\004rL\356.\004\362\010"
 223      E1AF9940 
 223      0A620472 
ARM GAS  /tmp/ccwZZks4.s 			page 17


 223      4CEE2E04 
 223      F208
 224 0812 BB4B7AC8 		.ascii	"\273Kz\310\301\225\037\204\303\031\201&\201\354\354"
 224      C1951F84 
 224      C3198126 
 224      81ECEC
 225 0821 8151BA07 		.ascii	"\201Q\272\007w\335\337\221f\371m(y(\277\015\"3{\012"
 225      77DDDF91 
 225      66F96D28 
 225      7928BF0D 
 225      22337B0A 
 226 0835 2413DBBA 		.ascii	"$\023\333\272\236t\344mL\271\204=\005\262\275'\325\304"
 226      9E74E46D 
 226      4CB9843D 
 226      05B2BD27 
 226      D5C4
 227 0847 C365B706 		.ascii	"\303e\267\006\320|{\023\323c\220 \207%\370\232Bpw\323"
 227      D07C7B13 
 227      D3639020 
 227      8725F89A 
 227      427077D3 
 228 085b 097C45C8 		.ascii	"\011|E\310n\234_\215\355\004\235\321\275:\363\336\202"
 228      6E9C5F8D 
 228      ED049DD1 
 228      BD3AF3DE 
 228      82
 229 086c 88818A53 		.ascii	"\210\201\212SS\035\036\313\330Q\013\376\264\2414\300"
 229      531D1ECB 
 229      D8510BFE 
 229      B4A134C0 
 230 087c CC21B098 		.ascii	"\314!\260\230\26034w\346\341\314\266\3532\222\363\320"
 230      B0333477 
 230      E6E1CCB6 
 230      EB3292F3 
 230      D0
 231 088d B6671348 		.ascii	"\266g\023Hc\337\225\350G\021'x\361}6\303A\317\014H\342"
 231      63DF95E8 
 231      47112778 
 231      F17D36C3 
 231      41CF0C48 
 232 08a2 CB001278 		.ascii	"\313\000\022x(\247\200s*\300\037\000x%2@\275\012\230"
 232      28A78073 
 232      2AC01F00 
 232      78253240 
 232      BD0A98
 233 08b5 150090EB 		.ascii	"\025\000\220\353\373\006\02503\0000\203\263h\314PJ\367"
 233      FB061530 
 233      33003083 
 233      B368CC50 
 233      4AF7
 234 08c7 97220504 		.ascii	"\227\"\005\004\23464/x.\30234\315y\214\014\352i\011"
 234      9C36342F 
 234      782EC233 
 234      34CD798C 
 234      0CEA6909 
 235 08db 81F90416 		.ascii	"\201\371\004\026\020\272=\337\020XH \203\300\267D\366"
 235      10BA3DDF 
ARM GAS  /tmp/ccwZZks4.s 			page 18


 235      10584820 
 235      83C0B744 
 235      F6
 236 08ec ECA32ADF 		.ascii	"\354\243*\337\271\001|\337\025\310\243\236\262q\311"
 236      B9017CDF 
 236      15C8A39E 
 236      B271C9
 237 08fb 87DA2E24 		.ascii	"\207\332.$\247\227@\312\260]\304\366\264\027\335\244"
 237      A79740CA 
 237      B05DC4F6 
 237      B417DDA4 
 238 090b CCB52DF9 		.ascii	"\314\265-\371\001\025G\016\201\345D\265\347\231?\234"
 238      0115470E 
 238      81E544B5 
 238      E7993F9C 
 239 091b B56AE6BC 		.ascii	"\265j\346\274\\\223|\005\312@2z\013d3\266#\330n\364"
 239      5C937C05 
 239      CA40327A 
 239      0B6433B6 
 239      23D86EF4 
 240 092f A6F83DA7 		.ascii	"\246\370=\247\037\355\353\322^\356XMh\356\210\243NV"
 240      1FEDEBD2 
 240      5EEE584D 
 240      68EE88A3 
 240      4E56
 241 0941 57B52D82 		.ascii	"W\265-\202:e\263\234:\270\324k\010\003\241\334H\314"
 241      3A65B39C 
 241      3AB8D46B 
 241      0803A1DC 
 241      48CC
 242 0953 FF0617BA 		.ascii	"\377\006\027\2727Y\360\206@r\337@\322Q/\326\3159\000"
 242      3759F086 
 242      4072DF40 
 242      D2512FD6 
 242      CD3900
 243 0966 CA599C69 		.ascii	"\312Y\234i\375\311\024y\365h\033\233\214\266!k\024U"
 243      FDC91479 
 243      F5681B9B 
 243      8CB6216B 
 243      1455
 244 0978 C98F88B0 		.ascii	"\311\217\210\260\201AP\243\333\010l$P@ \237\300\026"
 244      814150A3 
 244      DB086C24 
 244      5040209F 
 244      C016
 245 098a 025B096C 		.ascii	"\002[\011l\246\352\244\225\345\005Np\015\201U\001\004"
 245      A6EAA495 
 245      E5054E70 
 245      0D815501 
 245      04
 246 099b 654338A7 		.ascii	"eC8\247r\364\007\000\362\344}~\342\224\315q\035\003"
 246      72F40700 
 246      F2E47D7E 
 246      E294CD71 
 246      1D03
 247 09ad E8CD51B6 		.ascii	"\350\315Q\266\225\263*\215\365\0014d{=\257\002\326\006"
 247      95B32A8D 
ARM GAS  /tmp/ccwZZks4.s 			page 19


 247      F5013464 
 247      7B3DAF02 
 247      D606
 248 09bf 00647BAD 		.ascii	"\000d{\255W\001s\003\000\270\353e\250\257\023\330Z\250"
 248      57017303 
 248      00B8EB65 
 248      A8AF13D8 
 248      5AA8
 249 09d1 CEBADFA9 		.ascii	"\316\272\337\251yX\037\246\\[D3\227R\216\364+\010|G"
 249      79581FA6 
 249      5C5B4433 
 249      97528EF4 
 249      2B087C47 
 250 09e5 A04CDB51 		.ascii	"\240L\333Q\335\201\265\265Tw\364\335a@iy\264:K;C\257"
 250      DD81B5B5 
 250      5477F4DD 
 250      61406979 
 250      B43A4B3B 
 251 09fb 34601A35 		.ascii	"4`\0325J\005{\370\241u2\024\032 \3321\273\340H\226\222"
 251      4A057BF8 
 251      A1753214 
 251      1A20DA31 
 251      BBE04896 
 252 0a10 9E72CDF2 		.ascii	"\236r\315\362pVe:q\266\233\304\221\357\006\352\263\202"
 252      7056653A 
 252      71B69BC4 
 252      91EF06EA 
 252      B382
 253 0a22 2AF9AD40 		.ascii	"*\371\255@6\203\360#\255z<\246\220\252\254 \272=\250"
 253      3683F023 
 253      AD7A3CA6 
 253      90AAAC20 
 253      BA3DA8
 254 0a35 B3EF1944 		.ascii	"\263\357\031D\271>P\016\307\232\037f\021\310$\354&\251"
 254      B93E500E 
 254      C79A1F66 
 254      11C824EC 
 254      26A9
 255 0a47 8C59CD0F 		.ascii	"\214Y\315\017\004v\023(&PJ\240\010\331\023\330I\240"
 255      04761328 
 255      26504AA0 
 255      08D913D8 
 255      49A0
 256 0a59 84087206 		.ascii	"\204\010r\006\211\3415\016\220\231\277\240^\260\343"
 256      89E1350E 
 256      9099BFA0 
 256      5EB0E3
 257 0a68 F6F382A0 		.ascii	"\366\363\202\240v\257\013\231\027\014E\310\335\371/"
 257      76AF0B99 
 257      170C45C8 
 257      DDF92F
 258 0a77 D382F505 		.ascii	"\323\202\365\005\224b*{\011\203\011d\305/\2602\306V"
 258      94622A7B 
 258      09830964 
 258      C52FB032 
 258      C656
 259 0a89 8EAD0ADB 		.ascii	"\216\255\012\333\031l\027\261\265`{\200mf\037\201|\213"
ARM GAS  /tmp/ccwZZks4.s 			page 20


 259      196C17B1 
 259      B5607B80 
 259      6D661F81 
 259      7C8B
 260 0a9b 6D35B6AD 		.ascii	"m5\266\255\330\212\372 \353\330\033\005\245\223\003"
 260      D88AFA20 
 260      EBD81B05 
 260      A59303
 261 0aaa EFAB3467 		.ascii	"\357\2534g(\3075#\375\032\002\265lYMh\242\004\316\023"
 261      28C73523 
 261      FD1A02B5 
 261      6C594D68 
 261      A204CE13 
 262 0abe 3847E014 		.ascii	"8G\340\024\201\263\004\352\011\234$p\201@\035\2013\004"
 262      81B304EA 
 262      099C2470 
 262      81401D81 
 262      3304
 263 0ad0 4E13384E 		.ascii	"N\0238N\240\221@\203\022sJ\236)\326\267\237Q\341\326"
 263      A0914083 
 263      12734A9E 
 263      29D6B79F 
 263      51E1D6
 264 0ae3 A7DD0715 		.ascii	"\247\335\007\025\254\177\246s\313Zs\310\336\362L\361"
 264      AC7FA673 
 264      CB5A73C8 
 264      DEF24CF1 
 265 0af3 9143ECBB 		.ascii	"\221C\354\273\262p\235IlRI\034\011 !\307\323\335*\340"
 265      B2709D49 
 265      6C52491C 
 265      092021C7 
 265      D3DD2AE0 
 266 0b07 800EC028 		.ascii	"\200\016\300(\310\256\272KE\034\014D\310nT\254\312Q"
 266      C8AEBA4B 
 266      451C0C44 
 266      C86E54AC 
 266      CA51
 267 0b19 699643B6 		.ascii	"i\226C\266\336|\225Ju\200 \310\206ZT\3313\211\002\366"
 267      DE7C954A 
 267      758020C8 
 267      865A54D9 
 267      338902F6 
 268 0b2d B290A123 		.ascii	"\262\220\241#\302\364!;\364f\225\310\341\000\"\262$"
 268      C2F4213B 
 268      F46695C8 
 268      E10022B2 
 268      24
 269 0b3e 1B55C0D1 		.ascii	"\033U\300\321\000\200,F\251\012\330\027\250s\256\323"
 269      00802C46 
 269      A90AD817 
 269      A873AED3 
 270 0b4e 0DEA5A8E 		.ascii	"\015\352Z\216\031\304\320\205\225\"\025Re^\256\214\311"
 270      19C4D085 
 270      95221552 
 270      655EAE8C 
 270      C9
 271 0b5f 7BA68B2C 		.ascii	"{\246\213,\265\001\221\345$\332\330\015jc\275sN\026"
ARM GAS  /tmp/ccwZZks4.s 			page 21


 271      B50191E5 
 271      24DAD80D 
 271      6A63BD73 
 271      4E16
 272 0b71 5D1075C5 		.ascii	"]\020u\3057\213\306s\263\225\024w\021}\257\235\200Q"
 272      378BC673 
 272      B3951477 
 272      117DAF9D 
 272      8051
 273 0b83 90A52296 		.ascii	"\220\245\"\226\032\020OE\325A\263\263\231\017c*{!R\010"
 273      1A104F45 
 273      D541B3B3 
 273      990F632A 
 273      7B215208 
 274 0b97 4F873244 		.ascii	"O\2072DVF\236J\346\221\250'\363@\253T7dk\241\351\241"
 274      56469E4A 
 274      E691A827 
 274      F340AB54 
 274      37646BA1 
 275 0bad 19C43DBD 		.ascii	"\031\304=\275u~\366\216P\377\354\241t\241?2\201\270"
 275      757EF68E 
 275      50FFECA1 
 275      74A13F32 
 275      81B8
 276 0bbf 77E8838A 		.ascii	"w\350\203\212\034\015ZE\270#\262\324x\235\271\315e\002"
 276      1C0D5A45 
 276      B823B2D4 
 276      789DB9CD 
 276      6502
 277 0bd1 CD046E10 		.ascii	"\315\004n\020\270B\340*\201\333\004n\022\270F\340'\002"
 277      B842E02A 
 277      81DB046E 
 277      12B846E0 
 277      2702
 278 0be3 2D046E29 		.ascii	"-\004n)\371$\223\257\006#\31026\223\007\025\303\345"
 278      F92493AF 
 278      0623C832 
 278      36930715 
 278      C3E5
 279 0bf5 F0467531 		.ascii	"\360Fu1\367\015r\336\323\026\263BY\014F\3106\003\350"
 279      F70D72DE 
 279      D316B342 
 279      590C46C8 
 279      3603E8
 280 0c08 B1AEECDE 		.ascii	"\261\256\354\336\224\255\205\310K\304DJF\345\350h=1"
 280      94AD85C8 
 280      4BC4444A 
 280      46E5E868 
 280      3D31
 281 0c1a D3C25D4E 		.ascii	"\323\302]N\353K\003\330\262\345\265\365a\321&\005\334"
 281      EB4B03D8 
 281      B2E5B5F5 
 281      61D12605 
 281      DC
 282 0c2b F91B14C0 		.ascii	"\371\033\024\300\342\342@\036\027E\262\244/V\254\330"
 282      E2E2401E 
 282      1745B2A4 
ARM GAS  /tmp/ccwZZks4.s 			page 22


 282      2F56ACD8 
 283 0c3b AAFBB677 		.ascii	"\252\373\266w\326>\363\350A:\357\3431\351\021!\027\031"
 283      D63EF3E8 
 283      413AEFE3 
 283      31E91121 
 283      1719
 284 0c4d EA6843E9 		.ascii	"\352hC\351\332pcq\322F\340\211V\234\344\346}\277^w\374"
 284      DA706371 
 284      D246E089 
 284      569CE4E6 
 284      7DBF5E77 
 285 0c62 7EA23329 		.ascii	"~\2423)\302\257\376\0275\315\011ft\237\022xLp\244l\357"
 285      C2AFFE17 
 285      35CD0966 
 285      749F1278 
 285      4C70A46C 
 286 0c77 82F55DDB 		.ascii	"\202\365]\333;.?\307\260\370\214\317Z=\363j\276\356"
 286      3B2E3FC7 
 286      B0F88CCF 
 286      5A3DF36A 
 286      BEEE
 287 0c89 B8FC5C23 		.ascii	"\270\374\\#\373\202\306\345\207\270\214\2147\005\262"
 287      FB82C6E5 
 287      87B88C8C 
 287      3705B2
 288 0c98 12DB366C 		.ascii	"\022\3336l5\330na\233\336\217N\256(\256j\004\205%]\333"
 288      35D86E61 
 288      9BDE8F4E 
 288      AE28AE6A 
 288      0485255D 
 289 0cad DDE9250D 		.ascii	"\335\351%\015R{\034\323P\257\263$~\352/\251\310\013"
 289      527B1CD3 
 289      50AFB324 
 289      7EEA2FA9 
 289      C80B
 290 0cbf D138A649 		.ascii	"\3218\246I*\307\257\030 \346\313S\007Z\302Twc\265\361"
 290      2AC7AF18 
 290      20E6CB53 
 290      075AC254 
 290      7763B5F1 
 291 0cd3 21DD86BF 		.ascii	"!\335\206\277\"0G2\246_n;G\262\325\303\330\003\003F"
 291      22304732 
 291      A65F6E3B 
 291      47B2D5C3 
 291      D8030346 
 292 0ce7 9FECAB75 		.ascii	"\237\354\253u\224^\232)\031<\341\036\201\273\204\355"
 292      945E9A29 
 292      193CE11E 
 292      81BB84ED 
 293 0cf7 03C2D010 		.ascii	"\003\302\320\020\346I0_\202\014\011\026H\220.\301l\011"
 293      E649305F 
 293      820C0916 
 293      48902EC1 
 293      6C09
 294 0d09 164AF0B5 		.ascii	"\026J\360\265\004s%\236.Z\353\262\345\223\345W\022\314"
 294      0473259E 
 294      2E5AEBB2 
ARM GAS  /tmp/ccwZZks4.s 			page 23


 294      E593E557 
 294      12CC
 295 0d1b 94F4C475 		.ascii	"\224\364\304u\327\326e\212\004\250\236\031\006\220\026"
 295      D7D6658A 
 295      04A89E19 
 295      069016
 296 0d2a 3DF6642B 		.ascii	"=\366d+\347\350/M\01092T\251\020\277\001\242\213\350"
 296      E7E82F4D 
 296      08393254 
 296      A910BF01 
 296      A28BE8
 297 0d3d AD871579 		.ascii	"\255\207\025y^\020xhV\011\227\247R'\317t3)t\223\034"
 297      5E107868 
 297      560997A7 
 297      5227CF74 
 297      33297493 
 298 0d52 B6D93B9F 		.ascii	"\266\331;\237\355\312\216\2106ig\221\364:\332!\033\372"
 298      EDCA8E88 
 298      36696791 
 298      F43ADA21 
 298      1BFA
 299 0d64 C98741F9 		.ascii	"\311\207A\371b\253\027\371\221Q]\276\351\330&\335]\332"
 299      62AB17F9 
 299      91515DBE 
 299      E9D826DD 
 299      5DDA
 300 0d76 6EED0E3D 		.ascii	"n\355\016=\223\233\313\354\205ws\271\215eJ\374\256\252"
 300      939BCBEC 
 300      857773B9 
 300      8D654AFC 
 300      AEAA
 301 0d88 66794B04 		.ascii	"fyK\004\033h\002\310\222p\244zqZ~W\345rq\031\035\361"
 301      1B6802C8 
 301      9270A47A 
 301      715A7E57 
 301      E5727119 
 302 0d9e DFAB3924 		.ascii	"\337\2539$)#\331t\344\324\315\263\315\026e\344;:\322"
 302      2923D974 
 302      E4D4CDB3 
 302      CD1665E4 
 302      3B3AD2
 303 0db1 F26AC9B1 		.ascii	"\362j\311\2610e$\207\216<Z\264\364q\273\327K+p\271\313"
 303      30652487 
 303      8E3C5AB4 
 303      F471BBD7 
 303      4B2B70B9 
 304 0dc6 B938AF4E 		.ascii	"\2718\257Ne<\017\322\344]\241i+\227\001\376\263\242"
 304      653C0FD2 
 304      E45DA169 
 304      2B9701FE 
 304      B3A2
 305 0dd8 61E55A71 		.ascii	"a\345Zq\240\351GW\246\260|\\\250\204\302\353\"\024j"
 305      A0E94757 
 305      A6B07C5C 
 305      A884C2EB 
 305      22146A
 306 0deb 447ED2EE 		.ascii	"D~\322\356R.\250\220L\003d\261\006\251R!\215\006H\235"
ARM GAS  /tmp/ccwZZks4.s 			page 24


 306      522EA890 
 306      4C0364B1 
 306      06A95221 
 306      8D06489D 
 307 0dff 06695021 		.ascii	"\006iP!\271\006\310\012]\222\331\242bn\0320742\347U"
 307      B906C80A 
 307      5D92D9A2 
 307      626E1A30 
 307      373432E7 
 308 0e14 C8320324 		.ascii	"\3102\003$KG\346\254\212Yn\300|\247\2219\247Br\314\020"
 308      4B47E6AC 
 308      8A596EC0 
 308      7CA79139 
 308      A74272CC 
 309 0e29 D9689B0B 		.ascii	"\331h\233\013e\243]*\302\022\363\312eT~\241\366\307"
 309      65A35D2A 
 309      C212F3CA 
 309      65547EA1 
 309      F6C7
 310 0e3b 9FDB06D4 		.ascii	"\237\333\006\324-\035jw\241\346\355\327\014\250+\232"
 310      2D1D6A77 
 310      A1E6EDD7 
 310      0CA82B9A 
 311 0e4b 50C754A1 		.ascii	"P\307T\241V\033 \337ki\251L\307\355\222\001tQ\247\200"
 311      561B20DF 
 311      6B69A94C 
 311      C7ED9201 
 311      7451A780 
 312 0e5f 224E0831 		.ascii	"\"N\0101-f=\312yxs!\346a$\324\212\336\303@<\333\030"
 312      2D663DCA 
 312      79787321 
 312      E66124D4 
 312      8ADEC340 
 313 0e76 FECCD67A 		.ascii	"\376\314\326zDawN\204z\363\316\312\354*Uv\027\014\230"
 313      4461774E 
 313      847AF3CE 
 313      CAEC2A55 
 313      76170C98 
 314 0e8a F33A055C 		.ascii	"\363:\005\\\327)\340[\003\352\033\265\020\221\375y\211"
 314      D729E05B 
 314      03EA1BB5 
 314      1091FD79 
 314      89
 315 0e9b 048BF1F1 		.ascii	"\004\213\361\361\255DQ\350\317\273$\330\"\301\006\011"
 315      AD4451E8 
 315      CFBB24D8 
 315      22C10609 
 316 0eab D648902F 		.ascii	"\326H\220/\301J\011J%\330(\301v\011J$\330\214\030\011"
 316      C14A094A 
 316      25D828C1 
 316      76094A24 
 316      D88C1809 
 317 0ebf B64AB04A 		.ascii	"\266J\260J\202\002\011\212$\330$A\261\004;$X-\301:\011"
 317      8202098A 
 317      24D82441 
 317      B1043B24 
 317      582DC13A 
ARM GAS  /tmp/ccwZZks4.s 			page 25


 318 0ed4 F224D829 		.ascii	"\362$\330)\301Z\011\276\227`\275\004\333\320\267\225"
 318      C15A09BE 
 318      9760BD04 
 318      DBD0B795 
 319 0ee4 3059A2D3 		.ascii	"0Y\242\323\346U\363\256\310\242\327\353D_i\266]\276"
 319      E655F3AE 
 319      C8A2D7EB 
 319      445F69B6 
 319      5DBE
 320 0ef6 778DEADE 		.ascii	"w\215\352\336e\233\355R\216\245*\244\311\254&\246\200"
 320      659BED52 
 320      8EA52AA4 
 320      C9AC26A6 
 320      80
 321 0f07 D6A385C5 		.ascii	"\326\243\205\305lS\316\210\260\216a\224\233\2635\232"
 321      6C53CE88 
 321      B08E6194 
 321      9BB3359A 
 322 0f17 09D4E9C4 		.ascii	"\011\324\351\304Ye\266\023\371\\\266\251\220UA\337H"
 322      5965B613 
 322      F95CB6A9 
 322      905541DF 
 322      48
 323 0f28 709F500C 		.ascii	"p\237P\014\017\222\372\223\344\015\305\274s%X*\231v"
 323      0F92FA93 
 323      E40DC5BC 
 323      7325582A 
 323      9976
 324 0f3a 443993EA 		.ascii	"D9\223\352\270]6\033\034'\265K\247\307fs\030\241\327"
 324      B85D361B 
 324      1C27B54B 
 324      A7C76673 
 324      18A1D7
 325 0f4d 8FAD2CC8 		.ascii	"\217\255,\310\256?|\375X\327h\323V\227\375s\267\232"
 325      AE3F7CFD 
 325      58D768D3 
 325      5697FD73 
 325      B79A
 326 0f5f 06EF9C03 		.ascii	"\006\357\234\003\272;\313=\232\200\345<\232^^\264\251"
 326      BA3BCB3D 
 326      9A80E53C 
 326      9A5E5EB4 
 326      A9
 327 0f70 ACEB2FEB 		.ascii	"\254\353/\353\374\376\266\205OO\354\030\270wF\356\037"
 327      FCFEB685 
 327      4F4FEC18 
 327      B87746EE 
 327      1F
 328 0f81 F1132C62 		.ascii	"\361\023,b\227\242\012v\021\275L,\355/\220\013\375y"
 328      97A20A76 
 328      11BD4C2C 
 328      ED2F900B 
 328      FD79
 329 0f93 0EA1B5CD 		.ascii	"\016\241\265\315\272\372\2065b{\247\316\375"
 329      BAFA8635 
 329      627BA7CE 
 329      FD
ARM GAS  /tmp/ccwZZks4.s 			page 26


 330 0fa0 123D751E 		.ascii	"\022=u\036\247\377\335\244\346\325\325\334P\375\261"
 330      A7FFDDA4 
 330      E6D5D5DC 
 330      50FDB1
 331 0faf 338FC03E 		.ascii	"3\217\300>d\014\007$\206\023\310\013\244\232\036+\220"
 331      640C0724 
 331      8613C80B 
 331      A49A1E2B 
 331      90
 332 0fc0 6C6CF9D8 		.ascii	"ll\371\330\312\260\035\306v\036\333\235Xz\367\236v\353"
 332      CAB01DC6 
 332      761EDB9D 
 332      587AF79E 
 332      76EB
 333 0fd2 EBAA4863 		.ascii	"\353\252Hc\365\337V\360\330\377C\367\315\333\331\335"
 333      F5DF56F0 
 333      D8FF43F7 
 333      CDDBD9DD 
 334 0fe2 3B3DB649 		.ascii	";=\266IpR2_ml\371\306\241\035\015\015\000~\214)Q\277"
 334      7052325F 
 334      6D6CF9C6 
 334      A11D0D0D 
 334      007E8C29 
 335 0ff8 570510C0 		.ascii	"W\005\020\300\223\022\265\245"
 335      9312B5A5 
 336 1000 3DDFB0BF 		.ascii	"=\337\260\277\377\037\220\350q\013\001\212\364e\332"
 336      FF1F90E8 
 336      710B018A 
 336      F465DA
 337 100f 51A84CA5 		.ascii	"Q\250L\245qPG\303x\321\006\352E\333Q\206A\315\326KP"
 337      715047C3 
 337      78D106EA 
 337      45DB5186 
 337      41CDD64B 
 338 1024 23C13109 		.ascii	"#\3011\011\352$8-\301)\011j%8#\301\011\011\216K\312"
 338      EA24382D 
 338      C129096A 
 338      253823C1 
 338      09098E4B 
 339 1039 45BA4AFA 		.ascii	"E\272J\372P\200x\362\261t\227\012\250\016\000(\0079"
 339      508078F2 
 339      B174970A 
 339      A80E0028 
 339      0739
 340 104b 15501900 		.ascii	"\025P\031\000\220\217\255\305*\340p\000@\276a\312\377"
 340      908FADC5 
 340      2AE07000 
 340      40BE61CA 
 340      FF
 341 105c 4677E567 		.ascii	"Fw\345g\000`U2\377-\201\024\274\305r\362\326\373\373"
 341      00605532 
 341      FF2D8114 
 341      BCC572F2 
 341      D6FBFB
 342 106f 75356C83 		.ascii	"u5l\203\356\036\232nr\325[\374~\315/\222\313\024\037"
 342      EE1E9A6E 
 342      72D55BFC 
ARM GAS  /tmp/ccwZZks4.s 			page 27


 342      7ECD2F92 
 342      CB141F
 343 1082 71E7DA96 		.ascii	"q\347\332\226\257@w\363\372$K;(\340\374\253\355\225"
 343      AF4077F3 
 343      FA244B3B 
 343      28E0FCAB 
 343      ED95
 344 1094 49053795 		.ascii	"I\0057\225\273\235\006\003B\367_(\256\353.n\032\015"
 344      BB9D0603 
 344      42F75F28 
 344      AEEB2E6E 
 344      1A0D
 345 10a6 20CDFB5B 		.ascii	" \315\373[\024V\347$8k\302\3109\342N\026\346\210\264"
 345      1456E724 
 345      386BC2C8 
 345      39E24E16 
 345      E688B4
 346 10b9 A174C57B 		.ascii	"\241t\305{\031F9\031\232\257n\316K4q\320?(]e;{I\202"
 346      19463919 
 346      9AAF6ECE 
 346      4B3471D0 
 346      3F285D65 
 347 10d1 CB125C94 		.ascii	"\313\022\\\224\340\212\004M\022\\SB\3563\335\375\325"
 347      E08A044D 
 347      125C5342 
 347      EE33DDFD 
 347      D5
 348 10e2 05F31269 		.ascii	"\005\363\022i\250\2305\200\035\206\366\336\336\242\377"
 348      A8983580 
 348      1D86F6DE 
 348      DEA2FF
 349 10f1 4B85CCE0 		.ascii	"K\205\314\340'\251\023\0068\355\326\351\322\371a\332"
 349      27A91306 
 349      38EDD6E9 
 349      D2F961DA 
 350 1101 16346BF4 		.ascii	"\0264k\364\257sO?v8\363rW\015P\256\313\216\034p\373"
 350      AF734F3F 
 350      7638F372 
 350      570D50AE 
 350      CB8E1C70 
 351 1116 6CDB0FBA 		.ascii	"l\333\017\272\377L\321\252\035DZ8`U\316\275J]\245\250"
 351      FF4CD1AA 
 351      1D445A38 
 351      6055CEBD 
 351      4A5DA5A8 
 352 112a 5BC24DBA 		.ascii	"[\302M\272\313\231L\374\374\015\207o\201N|\371j\353"
 352      CB994CFC 
 352      FC0D876F 
 352      814E7CF9 
 352      6AEB
 353 113c 96F4B357 		.ascii	"\226\364\263W[8yNNZ\272\356\210u[\343p\207\213PQ\224"
 353      5B38794E 
 353      4E5ABAEE 
 353      88755BE3 
 353      70878B50 
 354 1152 95A95B84 		.ascii	"\225\251[\204\356\177\234\264r\300\201\246\2033t2.\324"
 354      EE7F9CB4 
ARM GAS  /tmp/ccwZZks4.s 			page 28


 354      72C081A6 
 354      83337432 
 354      2ED4
 355 1164 2CF12E55 		.ascii	",\361.U\324\377\014\031\022\347\265M\215\363\372\222"
 355      D4FF0C19 
 355      12E7B54D 
 355      8DF3FA92 
 356 1174 870F8B8B 		.ascii	"\207\017\213\213\237\360\341\360a\011\023\343\177\377"
 356      9FF0E1F0 
 356      610913E3 
 356      7FFF
 357 1182 49C2078E 		.ascii	"I\302\007\216D\217\325\363E\\\222;9\331\355\302\207"
 357      448FD5F3 
 357      455C923B 
 357      39D9EDC2 
 357      87
 358 1193 C71EE7F5 		.ascii	"\307\036\347\365$\305\245~\236`\263\177\346H\262'x}"
 358      24C5A57E 
 358      9E60B37F 
 358      E648B227 
 358      787D
 359 11a5 D6A4A909 		.ascii	"\326\244\251\011V\247\317\356qY}\330\267\373|\016\327"
 359      56A7CFEE 
 359      71597DD8 
 359      B7FB7C0E 
 359      D7
 360 11b6 E484C976 		.ascii	"\344\204\311v\337\220\244\220?\214\235\030;\352\335"
 360      DF90A490 
 360      3F8C9D18 
 360      3BEADD
 361 11c5 DF0A4113 		.ascii	"\337\012A\023?\0307\366\017\375q\232\327i\375\314\236"
 361      3F1837F6 
 361      0FFD719A 
 361      D769FDCC 
 361      9E
 362 11d6 E0F3585D 		.ascii	"\340\363X]\336IvO\202\307\376i\252\335\353\243\323R"
 362      DE49764F 
 362      82C7FE69 
 362      AADDEBA3 
 362      D352
 363 11e8 5382268E 		.ascii	"S\202&\216\372\343\310\361\377\3221j\222\333\203,\377"
 363      FAE3C8F1 
 363      FFD2316A 
 363      92DB832C 
 363      FF
 364 11f9 EA4C79AB 		.ascii	"\352Ly\253c\214\317\221lw\247\372:\343\345CA\007w\374"
 364      638CCF91 
 364      6C77A7FA 
 364      3AE3E543 
 364      410777FC 
 365 120d 1D179BE2 		.ascii	"\035\027\233\342\264\373\034nW\302\244TW\022}\351=\361"
 365      B4FB1C6E 
 365      57C2A454 
 365      57127DE9 
 365      3DF1
 366 121f 9384F80F 		.ascii	"\223\204\370\017F~<&a\302\370\221c\343\337\0333>!~\302"
 366      467E3C26 
ARM GAS  /tmp/ccwZZks4.s 			page 29


 366      61C2F891 
 366      63E3DF1B 
 366      333E217E 
 367 1234 F889A326 		.ascii	"\370\211\243&t\302&e\212\325k\377\325k\261Ir\333:C\252"
 367      74C22665 
 367      8AD56BFF 
 367      D56BB149 
 367      72DB3A43 
 368 1249 034EBB6B 		.ascii	"\003N\273k\262o\312o:F:\\\201\340w:\006[\223|\251V\247"
 368      B26FCA6F 
 368      3A463A5C 
 368      81E0773A 
 368      065B937C 
 369 1260 8CFBD78E 		.ascii	"\214\373\327\216q\362\323n\223\241C:YS\252\307cw\371"
 369      71F2D36E 
 369      93A1433A 
 369      5953AAC7 
 369      6377F9
 370 1273 126C569F 		.ascii	"\022lV\2375!\305\355p\241Y\274\3351\\\017\033\3201\314"
 370      3521C5ED 
 370      70A159BC 
 370      DD315C0F 
 370      1BD031CC 
 371 1287 EEB23190 		.ascii	"\356\2621\220\266\013c\306\216\376h\334\373c'\310\273"
 371      B60B63C6 
 371      8EFE68DC 
 371      FB6327C8 
 371      BB
 372 1298 D0AF13DD 		.ascii	"\320\257\023\335}\221b\217\355\334\026R\275\235\030"
 372      7D91628F 
 372      EDDC1652 
 372      BD9D18
 373 12a7 0307F0CD 		.ascii	"\003\007\360\315LpLv\241\007\3746.\331\345\213K\212"
 373      4C704C76 
 373      A107FC36 
 373      2ED9E58B 
 373      4B8A
 374 12b9 F325A7C4 		.ascii	"\363%\247\304\331\034)Nw\362Tk\234\317\343Nq$\015}w"
 374      D91C294E 
 374      77F2546B 
 374      9CCFE34E 
 374      71240D7D 
 375 12ce 30F3A1D4 		.ascii	"0\363\241\324\177\033\234\352M\034\214>2\325\341\033"
 375      7F1B9CEA 
 375      4D1C8C3E 
 375      32D5E11B 
 376 12de 3C695A9C 		.ascii	"<iZ\2345%E\370\217\277\305\313\034.\346e\326\024\307"
 376      352545F8 
 376      8FBFC5CB 
 376      1C2EE665 
 376      D614C7
 377 12f1 90294237 		.ascii	"\220)B7\223\371\305X=\311\237\375np\362\220d\253\303"
 377      93F9C558 
 377      3DC99FFD 
 377      6E70F290 
 377      64ABC3
 378 1304 F56B9B37 		.ascii	"\365k\2337\345\327\223R\2040\234\351\263\177>8y\370"
ARM GAS  /tmp/ccwZZks4.s 			page 30


 378      E5D79352 
 378      84309CE9 
 378      B37F3E38 
 378      79F8
 379 1316 70E1ED84 		.ascii	"p\341\355\204\327\362Qi\"j\361\223\177\222\373\013o"
 379      D7F25169 
 379      226AF193 
 379      7F92FB0B 
 379      6F
 380 1327 998408D4 		.ascii	"\231\204\010\324\357\357\377\016\235\350\011\242r\242"
 380      EFEFFF0E 
 380      9DE809A2 
 380      72A2
 381 1335 2813EF17 		.ascii	"(\023\357\027h\240\311|\023\177\031\320W&|\206v\344"
 381      68A0C97C 
 381      137F19D0 
 381      57267C86 
 381      76E4
 382 1347 5639F70F 		.ascii	"V9\367\017D%M\261\272&\333U\2277}\227\251\330&\245&"
 382      44254DB1 
 382      BA26DB55 
 382      97377D97 
 382      A9D826A5 
 383 135c 24A3BF0E 		.ascii	"$\243\277\016\352\344;\2130\011\311\326\244)\016W\247"
 383      EAE43B8B 
 383      3009C9D6 
 383      A4290E57 
 383      A7
 384 136d 40551D5E 		.ascii	"@U\035^\307_y\004\350\000h\263\343j\247(\301\355\235"
 384      C75F7904 
 384      E80068B3 
 384      E36AA728 
 384      C1ED9D
 385 1380 4E9049D6 		.ascii	"N\220I\326\024k\242\303\351\3609\354^\223&<\366d7J6"
 385      146BA2C3 
 385      E9F039EC 
 385      5E93263C 
 385      F664374A 
 386 1395 CD3AD59E 		.ascii	"\315:\325\236\232\202~eMt\332m&\001\215(\225\340\027"
 386      9A827E65 
 386      4D74DA6D 
 386      26018D28 
 386      95E017
 387 13a8 7D028129 		.ascii	"}\002\201)\356iTv\272\332\036\201\337\274)v\273\315"
 387      EE695476 
 387      BADA1E81 
 387      DFBC2976 
 387      BBCD
 388 13ba 240073F5 		.ascii	"$\000s\365IV\2245\311i\365z\023\254\036\217\365\013"
 388      49569435 
 388      C969F57A 
 388      13AC1E8F 
 388      F50B
 389 13cc 2DE2F3C1 		.ascii	"-\342\363\301$\267k\222cr\252\307\312\202\243+59\321"
 389      24B76B92 
 389      6372AAC7 
 389      CA82A32B 
ARM GAS  /tmp/ccwZZks4.s 			page 31


 389      3539D1
 390 13df EEE91F80 		.ascii	"\356\351\037\200\321\010\361\357\003:\374\236b\365X"
 390      D108F1EF 
 390      033AFC9E 
 390      62F558
 391 13ee 93EDD8EB 		.ascii	"\223\355\330\353\033\000\361Y\275S\325\355\356\021("
 391      1B00F159 
 391      BD53D5ED 
 391      EE1128
 392 13fd 83D38181 		.ascii	"\203\323\201\201\254\227\211*.\326\225d\1773`\034\241"
 392      AC97892A 
 392      2ED69564 
 392      7F33601C 
 392      A1
 393 140e 9E2F545A 		.ascii	"\236/TZo\252\356:\352\203\221\361\361\011\243\306}\370"
 393      6FAAEE3A 
 393      EA8391F1 
 393      F109A3C6 
 393      7DF8
 394 1420 E1C8B1A3 		.ascii	"\341\310\261\243\345`\025\310\211G\230\350\200Q\027"
 394      E56015C8 
 394      894798E8 
 394      805117
 395 142f CADC2380 		.ascii	"\312\334#\200\016\237\337\273\243\225\276\241\302\321"
 395      0E9FDFBB 
 395      A395BEA1 
 395      C2D1
 396 143d A7C78C7F 		.ascii	"\247\307\214\177o\344\2501\362\224\010#!\323>\352\366"
 396      6FE4A831 
 396      F2940823 
 396      21D33EEA 
 396      F6
 397 144e 62A0C9B4 		.ascii	"b\240\311\264\320\246&Q\015Ns{\246\312\031\340\315N"
 397      D0A62651 
 397      0D4E737B 
 397      A6CA19E0 
 397      CD4E
 398 1460 41BF09FC 		.ascii	"A\277\011\374\352D\307J\265\242o9l&R&\013i\027l2x\257"
 398      EA44C74A 
 398      B5A26F39 
 398      6C265226 
 398      0B69176C 
 399 1477 CF43C34C 		.ascii	"\317C\303L \265\330\237\303\015\353\300s\002\011%Lq"
 399      20B5D89F 
 399      C30DEBC0 
 399      73020925 
 399      4C71
 400 1489 4C9EC26D 		.ascii	"L\236\302m\370\327?;E\303\2766\371I\251N\347\353\222"
 400      F8D73F3B 
 400      45C3BE36 
 400      F949A94E 
 400      E7EB92
 401 149c D7B01DF9 		.ascii	"\327\260\035\371\375\317\252!\020\327\263}\300/U\323"
 401      FDCFAA21 
 401      10D7B37D 
 401      C02F55D3 
 402 14ac 92272899 		.ascii	"\222'(\231\027\023\240\333\355\224]\255_\347\250\267"
ARM GAS  /tmp/ccwZZks4.s 			page 32


 402      1713A0DB 
 402      ED945DAD 
 402      5FE7A8B7 
 403 14bc 033FAB06 		.ascii	"\003?\253\006j\240\322\377g`\246\357\223\034\036V\341"
 403      6AA0D2FF 
 403      6760A6EF 
 403      931C1E56 
 403      E1
 404 14cd C8A84181 		.ascii	"\310\250A\201\337\215Q\303f\367&y\034)>\267'\344C\353"
 404      DF8D51C3 
 404      66F72679 
 404      1C293EB7 
 404      27E443EB 
 405 14e1 E71FD140 		.ascii	"\347\037\321@\025\236\230<\322\207\366\220\230\352\263"
 405      159E983C 
 405      D287F690 
 405      98EAB3
 406 14f0 7B231CA3 		.ascii	"{#\034\243\364\370\350DC\367c\2533\325\036\221865\371"
 406      F4F8E844 
 406      43F763AB 
 406      33D51E91 
 406      383635F9 
 407 1504 7D55AAF0 		.ascii	"}U\252\360i\023\334>\253\363\003\246\341.\023\343\377"
 407      6913DC3E 
 407      ABF303A6 
 407      E12E13E3 
 407      FF
 408 1515 386EFC84 		.ascii	"8n\374\204\310\304\321*\237\011Xi\004'\362\317\003\320"
 408      C8C4D12A 
 408      9F095869 
 408      0427F2CF 
 408      03D0
 409 1527 E1468D1B 		.ascii	"\341F\215\033\373\336\373\177\2308~\344\204\367\307"
 409      FBDEFB7F 
 409      98387EE4 
 409      84F7C7
 410 1536 8D4D183D 		.ascii	"\215M\030=&~\324\370\367?\2320N\251\034Mj2\312\357\265"
 410      267ED4F8 
 410      F73F9A30 
 410      4EA91C4D 
 410      6A32CAEF 
 411 154b 3BED4958 		.ascii	";\355IXs\305\266\003\303Z\303\251*]\013|\312\210)\311"
 411      73C5B603 
 411      C35AC3A9 
 411      2A5D0B7C 
 411      CA8829C9 
 412 155f F6364338 		.ascii	"\3666C8\261\236j\\\030=\346\343\367\325p\321\307\214"
 412      B19E6A5C 
 412      183DE6E3 
 412      F7D570D1 
 412      C78C
 413 1571 57D5DEDF 		.ascii	"W\325\336\337\374\315e\377\\\253\321\372\266\307KQQ"
 413      FCCD65FF 
 413      5CABD1FA 
 413      B6C74B51 
 413      51
 414 1582 18560A58 		.ascii	"\030V\012XC\261l\027\232\310T\373\231\325\0311\215\356"
ARM GAS  /tmp/ccwZZks4.s 			page 33


 414      43B16C17 
 414      9AC854FB 
 414      99D51931 
 414      8DEE
 415 1594 102673BB 		.ascii	"\020&s\273/\036?D%\216\221g\216\264\331<v\257\227\206"
 415      2F1E3F44 
 415      258E9167 
 415      8EB4D93C 
 415      76AF9786 
 416 15a8 53B5E033 		.ascii	"S\265\3403\3511\306\314\320n\353e\036dY\252\035M\360"
 416      E931C6CC 
 416      D06EEB65 
 416      1E6459AA 
 416      1D4DF0
 417 15bb F0FB8B40 		.ascii	"\360\373\213@5kBw\247f`\260\016oWG\274\335\343\260:"
 417      356B4277 
 417      A76660B0 
 417      0E6F5747 
 417      BCDDE3B0 
 418 15d0 C7324B0E 		.ascii	"\3072K\016q|\344q\333R\223|]\035\037Z]\251\223h]\355"
 418      717CE471 
 418      DB52937C 
 418      5D1D1F5A 
 418      5DA99368 
 419 15e6 B17B4213 		.ascii	"\261{B\023\223l\243\031\261P\207MF\2048l\037\263*$2"
 419      936CA319 
 419      B150874D 
 419      4684386C 
 419      1FB32A24 
 420 15fb D1B0E6A1 		.ascii	"\321\260\346\241\324\220(\024q>w\222\333\251\364\343"
 420      D4902814 
 420      713E7792 
 420      DBA9F4E3 
 421 160b 531347D1 		.ascii	"S\023G\321\340\034.\367Y\247\013R\306\"\251\017\352"
 421      E01C2EF7 
 421      59A70B52 
 421      C622A90F 
 421      EA
 422 161c 45DE3793 		.ascii	"E\3367\223Vz\004\256\207-\277O\340\250.\201G\006\330"
 422      567A04AE 
 422      872DBF4F 
 422      E0A82E81 
 422      4706D8
 423 162f 42B42944 		.ascii	"B\264)D$\351\2151\311\246X\242\023)L\261zl\323\254\036"
 423      24E98D31 
 423      C9A658A2 
 423      13294CB1 
 423      7A6CD3AC 
 424 1644 7B0F0340 		.ascii	"{\017\003@\311\207\321\032\351Q\243M6F\221\2628V\276"
 424      C987D11A 
 424      E951A34D 
 424      364691B2 
 424      3856BE
 425 1657 E191866F 		.ascii	"\341\221\206o\016w\224\261\357\371\364M\303\200\333"
 425      0E7794B1 
 425      EFF9F44D 
 425      C380DB
ARM GAS  /tmp/ccwZZks4.s 			page 34


 426 1666 37D950F5 		.ascii	"7\331P\365\364\355HJz\026\2106|\344\233\337G+*\351\240"
 426      F4ED484A 
 426      7A168836 
 426      7CE49BDF 
 426      472B2AE9 
 427 167b A12E08D7 		.ascii	"\241.\010\327\313\316\374\345\317\361\023\306|(\217"
 427      CBCEFCE5 
 427      CFF113C6 
 427      7C288F
 428 168a F1B50C79 		.ascii	"\361\265\014y\255\202S%\031\031@\345\277\376\216\032"
 428      AD825325 
 428      191940E5 
 428      BFFE8E1A 
 429 169a 98B3C3EA 		.ascii	"\230\263\303\352W;\011\353*\"\352\220j\367\315v\020"
 429      573B09EB 
 429      2A22EA90 
 429      6AF7CD76 
 429      10
 430 16ab 9A755B1C 		.ascii	"\232u[\034j\204\353\236\250\276*f\250\033R,1R\033b\375"
 430      6A84EB9E 
 430      A8BE2A66 
 430      A81B522C 
 430      31521B62 
 431 16c0 AED43D14 		.ascii	"\256\324=\024\217\365vK\034\251\234\005\342\371Q J\303"
 431      8FF5764B 
 431      1CA99C05 
 431      E2F95120 
 431      4AC3
 432 16d2 7377E987 		.ascii	"sw\351\207\313\327\012\024\223\345\266\267 c\361\325"
 432      CBD70A14 
 432      93E5B6B7 
 432      2063F1D5 
 433 16e2 BB23C41B 		.ascii	"\273#\304\033\355|\340;\334\036Q\236O\2248\320\335\\"
 433      ED7CE03B 
 433      DC1E519E 
 433      4F9438D0 
 433      DD5C
 434 16f4 3C75331D 		.ascii	"<u3\0357\377\037\030g8i"
 434      37FF1F18 
 434      673869
 435              		.text
 436              		.section	.gnu.lto_.symtab.1b3806f2d0b473d8,"e",%progbits
 437 0000 5F75785F 		.ascii	"_ux_device_stack_alternate_setting_get\000"
 437      64657669 
 437      63655F73 
 437      7461636B 
 437      5F616C74 
 438 0027 00       		.ascii	"\000"
 439 0028 00       		.ascii	"\000"
 440 0029 00       		.ascii	"\000"
 441 002a 00000000 		.ascii	"\000\000\000\000\000\000\000\000"
 441      00000000 
 442 0032 09010000 		.ascii	"\011\001\000\000"
 443 0036 5F75785F 		.ascii	"_ux_system_slave\000"
 443      73797374 
 443      656D5F73 
 443      6C617665 
ARM GAS  /tmp/ccwZZks4.s 			page 35


 443      00
 444 0047 00       		.ascii	"\000"
 445 0048 02       		.ascii	"\002"
 446 0049 00       		.ascii	"\000"
 447 004a 00000000 		.ascii	"\000\000\000\000\000\000\000\000"
 447      00000000 
 448 0052 41020000 		.ascii	"A\002\000\000"
 449 0056 5F75785F 		.ascii	"_ux_device_stack_transfer_request\000"
 449      64657669 
 449      63655F73 
 449      7461636B 
 449      5F747261 
 450 0078 00       		.ascii	"\000"
 451 0079 02       		.ascii	"\002"
 452 007a 00       		.ascii	"\000"
 453 007b 00000000 		.ascii	"\000\000\000\000\000\000\000\000"
 453      00000000 
 454 0083 11010000 		.ascii	"\021\001\000\000"
 455              		.text
 456              		.section	.gnu.lto_.ext_symtab.1b3806f2d0b473d8,"e",%progbits
 457 0000 01       		.ascii	"\001"
 458 0001 01       		.ascii	"\001"
 459 0002 00       		.ascii	"\000"
 460 0003 02       		.ascii	"\002"
 461 0004 01       		.ascii	"\001"
 462 0005 01       		.ascii	"\001"
 463 0006 00       		.ascii	"\000"
 464              		.text
 465              		.section	.gnu.lto_.opts,"e",%progbits
 466 0000 272D666E 		.ascii	"'-fno-openmp' '-fno-openacc' '-fno-pie' '-fcf-prote"
 466      6F2D6F70 
 466      656E6D70 
 466      2720272D 
 466      666E6F2D 
 467 0033 6374696F 		.ascii	"ction=none' '-mcpu=cortex-m33' '-mthumb' '-mfpu=fpv"
 467      6E3D6E6F 
 467      6E652720 
 467      272D6D63 
 467      70753D63 
 468 0066 342D7370 		.ascii	"4-sp-d16' '-mfloat-abi=hard' '-mlibarch=armv8-m.mai"
 468      2D643136 
 468      2720272D 
 468      6D666C6F 
 468      61742D61 
 469 0099 6E2B6473 		.ascii	"n+dsp+fp' '-march=armv8-m.main+dsp+fp' '-Os' '-flto"
 469      702B6670 
 469      2720272D 
 469      6D617263 
 469      683D6172 
 470 00cc 2720272D 		.ascii	"' '-fdata-sections' '-ffunction-sections' '-Xassemb"
 470      66646174 
 470      612D7365 
 470      6374696F 
 470      6E732720 
 471 00ff 6C657227 		.ascii	"ler' '-a' '-Xassembler' '-ad' '-Xassembler' '-alms="
 471      20272D61 
 471      2720272D 
ARM GAS  /tmp/ccwZZks4.s 			page 36


 471      58617373 
 471      656D626C 
 472 0132 6275696C 		.ascii	"build/../sdk/stm32/STM32_USBX_Library/common/core/s"
 472      642F2E2E 
 472      2F73646B 
 472      2F73746D 
 472      33322F53 
 473 0165 72632F75 		.ascii	"rc/ux_device_stack_alternate_setting_get.lst'\000"
 473      785F6465 
 473      76696365 
 473      5F737461 
 473      636B5F61 
 474              		.text
 475              		.comm	__gnu_lto_slim,1,1
 476              		.ident	"GCC: (15:10.3-2021.07-4) 10.3.1 20210621 (release)"
ARM GAS  /tmp/ccwZZks4.s 			page 37


DEFINED SYMBOLS
                            *ABS*:0000000000000000 ux_device_stack_alternate_setting_get.c
                            *COM*:0000000000000001 __gnu_lto_slim

NO UNDEFINED SYMBOLS
