ARM GAS  /tmp/ccZoD65L.s 			page 1


   1              		.cpu cortex-m33
   2              		.eabi_attribute 27, 1
   3              		.eabi_attribute 28, 1
   4              		.eabi_attribute 20, 1
   5              		.eabi_attribute 21, 1
   6              		.eabi_attribute 23, 3
   7              		.eabi_attribute 24, 1
   8              		.eabi_attribute 25, 1
   9              		.eabi_attribute 26, 1
  10              		.eabi_attribute 30, 4
  11              		.eabi_attribute 34, 1
  12              		.eabi_attribute 18, 4
  13              		.file	"ux_system_tasks_run.c"
  14              		.section	.gnu.lto_.profile.db91fc5ef45f7148,"e",%progbits
  15 0000 789C6362 		.ascii	"x\234cb\000\001\000\000\022\000\003"
  15      00010000 
  15      120003
  16              		.text
  17              		.section	.gnu.lto_.icf.db91fc5ef45f7148,"e",%progbits
  18 0000 789CE360 		.ascii	"x\234\343`@\000F\206\3333\356L\342`\000\000\016\014"
  18      40004686 
  18      DB33EE4C 
  18      E2600000 
  18      0E0C
  19 0012 02F3     		.ascii	"\002\363"
  20              		.text
  21              		.section	.gnu.lto_.ipa_sra.db91fc5ef45f7148,"e",%progbits
  22 0000 789C6367 		.ascii	"x\234cg@\000F\006\006f \001\000\000\255\000\015"
  22      40004606 
  22      06662001 
  22      0000AD00 
  22      0D
  23              		.text
  24              		.section	.gnu.lto_.inline.db91fc5ef45f7148,"e",%progbits
  25 0000 789CD362 		.ascii	"x\234\323b@\000F\006\006\226\006 `Ncd`b`h\0042\353\030"
  25      40004606 
  25      06960620 
  25      604E6364 
  25      60626068 
  26 0018 18D84042 		.ascii	"\030\330@BL)L !\006F.\260J\000\310\256\007\226"
  26      4C294C20 
  26      2106462E 
  26      B04A00C8 
  26      AE0796
  27              		.text
  28              		.section	.gnu.lto_.jmpfuncs.db91fc5ef45f7148,"e",%progbits
  29 0000 789C6363 		.ascii	"x\234cc@\000F0\011\000\000\204\000\010"
  29      40004630 
  29      09000084 
  29      0008
  30              		.text
  31              		.section	.gnu.lto_.pureconst.db91fc5ef45f7148,"e",%progbits
  32 0000 789C6361 		.ascii	"x\234ca```d\230\301\002\000\001`\000\242"
  32      60606064 
  32      98C10200 
  32      016000A2 
  33              		.text
ARM GAS  /tmp/ccZoD65L.s 			page 2


  34              		.section	.gnu.lto_.lto.db91fc5ef45f7148,"e",%progbits
  35 0000 09000400 		.ascii	"\011\000\004\000\001\000\000\000"
  35      01000000 
  36              		.text
  37              		.section	.gnu.lto__ux_system_tasks_run.3.db91fc5ef45f7148,"e",%progbits
  38 0000 789C458D 		.ascii	"x\234E\215\261K\303P\020\306\357\336\213u\362\017ps"
  38      B14BC350 
  38      10C6EFDE 
  38      8B75F20F 
  38      7073
  39 0012 121CD2A7 		.ascii	"\022\034\322\247-\342*\016N:U\301-\244i\205\020_\022"
  39      2DE22A0E 
  39      4E3A55C1 
  39      2DA46985 
  39      105F12
  40 0025 F25ED44E 		.ascii	"\362^\324N}Uq\350R\333\216-\235\002\272\271T\234\204"
  40      7D5571E8 
  40      52DB8E2D 
  40      9D02BAB9 
  40      549C84
  41 0038 80A8BB7F 		.ascii	"\200\250\273\177A\235\\\265\223\203\240/\251\340\301"
  41      419D5CB5 
  41      9383A02F 
  41      A9E0C1
  42 0047 C7DD7D7C 		.ascii	"\307\335}|w\277k\000PZ\313ZH\001{\3356\001\245\324\346"
  42      77BF6B00 
  42      505ACB5A 
  42      48017BDD 
  42      3601A5D4 
  43 005c 3CC156B7 		.ascii	"<\301V\267\3752\030\033x\217\271\201\320$\330\304>\035"
  43      FD32181B 
  43      788FB981 
  43      D024D8C4 
  43      3E1D
  44 006e 52ECD144 		.ascii	"R\354\321D\207\215\277\011qi%U\352\353i4x\304\341Mj"
  44      878DBF09 
  44      71692555 
  44      EAEB6934 
  44      78C4E14D 
  45 0083 2494C048 		.ascii	"$\224\300H\007\356\020\307\010y\025 s2\212\326\355\353"
  45      07EE10C7 
  45      08791520 
  45      73328AD6 
  45      EDEB
  46 0095 5CAABE7F 		.ascii	"\\\252\276\177:J\275/\276M\013\332\357\320\214\252\014"
  46      3A4ABD2F 
  46      BE4D0BDA 
  46      EFD08CAA 
  46      0C
  47 00a6 5429C015 		.ascii	"T)\300\025%\263\245\245\227\017<\237<<\023\270@\222"
  47      25B3A5A5 
  47      970F3C9F 
  47      3C3C13B8 
  47      4092
  48 00b8 503AA2FA 		.ascii	"P:\242\372>\241\006L\361l\362y\271\220\341\311\014\321"
  48      3EA1064C 
  48      F16CF279 
ARM GAS  /tmp/ccZoD65L.s 			page 3


  48      B990E1C9 
  48      0CD1
  49 00ca A1F8FF02 		.ascii	"\241\370\377\002`\203q_2\207I\036\262\232\033\036\005"
  49      6083715F 
  49      3287491E 
  49      B29A1B1E 
  49      05
  50 00db DCB3998C 		.ascii	"\334\263\231\214\202\320uV\327L!y\271\024\257\233\261"
  50      82D07556 
  50      D74C2179 
  50      B914AF9B 
  50      B1
  51 00ec A89AB5FA 		.ascii	"\250\232\265\372\261\347J\363\360\204\331a\010\333\305"
  51      B1E74AF3 
  51      F084D961 
  51      08DBC5
  52 00fb 2213358F 		.ascii	"\"\0235\217\345\011V\331\333-\227\254\375\312\326\201"
  52      E50956D9 
  52      DB2D97AC 
  52      FDCAD681 
  53 010b B5E35623 		.ascii	"\265\343V#;j0'\340<\360u\213\352LD\016\213O-\321\020"
  53      3B6A3027 
  53      E03CF075 
  53      8BEA4C44 
  53      0E8B4F2D 
  54 0121 B2CE2D69 		.ascii	"\262\316-i\013OXQ\354\027\035\370\005\211\301h\217"
  54      0B4F5851 
  54      EC171DF8 
  54      0589C168 
  54      8F
  55              		.text
  56              		.section	.gnu.lto_.symbol_nodes.db91fc5ef45f7148,"e",%progbits
  57 0000 789C7366 		.ascii	"x\234sf\000\002&\346z\206\006 `a\234p\216\201\241\236"
  57      000226E6 
  57      7A860620 
  57      60619C70 
  57      8E81A19E 
  58 0014 81615743 		.ascii	"\201aWC##\003#H\212\201\221\245\236\361?\024\310\203"
  58      23230323 
  58      488A8191 
  58      A59EF13F 
  58      14C883
  59 0027 E519406A 		.ascii	"\345\031@jA\222\314\014\214\020]*\014\000\267m\024\020"
  59      4192CC0C 
  59      8C105D2A 
  59      0C00B76D 
  59      1410
  60              		.text
  61              		.section	.gnu.lto_.refs.db91fc5ef45f7148,"e",%progbits
  62 0000 789C6364 		.ascii	"x\234cd\000\002\000\000\012\000\002"
  62      00020000 
  62      0A0002
  63              		.text
  64              		.section	.gnu.lto_.decls.db91fc5ef45f7148,"e",%progbits
  65 0000 789CAD52 		.ascii	"x\234\255RK\210\023A\020\255\352\236\315\314\266\301"
  65      4B881341 
  65      10ADEA9E 
ARM GAS  /tmp/ccZoD65L.s 			page 4


  65      CDCCB6C1 
  66 0010 2C32B2E0 		.ascii	",2\262\340a\011\012\032\220dt\202\237cP\\\021u\021t"
  66      61090A1A 
  66      90647482 
  66      9F63505C 
  66      11751174 
  67 0024 413D1862 		.ascii	"A=\030b:b\210\223\204\314\254\237\223}P\024? \212\270"
  67      3A628893 
  67      84CCAC9F 
  67      937D5014 
  67      3F208AB8 
  68 0038 A087152F 		.ascii	"\240\207\025/\202\"\036\374\177\327\254J\016\012~.\036"
  68      82221EFC 
  68      7FD7AC4A 
  68      0E0A7E2E 
  68      1E
  69 0049 445051E2 		.ascii	"DPQ\342\007\361\260\202\010\2425\223d\023\321\203\202"
  69      07F1B082 
  69      08A23593 
  69      6413D183 
  69      82
  70 005a C55475F7 		.ascii	"\305Tu\367T\275W\257kf\003\007\330\214\344\000\360\203"
  70      54BD57AF 
  70      6B660307 
  70      D88CE400 
  70      F083
  71 006c 8CD1FA18 		.ascii	"\214\321\372\030\332\346\237\253\344w\341w\333M\270"
  71      DAE69FAB 
  71      E477E177 
  71      DB4DB8
  72 007b 2E5AA790 		.ascii	".Z\247\220\233\344\243\344\367\310\357\374\005\3668"
  72      9BE4A3E4 
  72      F7C8EFFC 
  72      05F638
  73 008a 67BB4EBE 		.ascii	"g\273N\276\272\253\275A`D\243ID|6\237\202\200\365\034"
  73      BAABBD41 
  73      6044A349 
  73      447C369F 
  73      8280F51C 
  74 009e 4CC5140B 		.ascii	"L\305\024\013I\316\004\027\\\212\032\366\305\306y\312"
  74      49CE0417 
  74      5C8A1AF6 
  74      C5C679CA 
  75 00ae 60B18830 		.ascii	"`\261\2100N\217a\217\3502\030\253\353R\304\276\341Y"
  75      4E8F618F 
  75      E83218AB 
  75      EB52C4BE 
  75      E159
  76 00c0 36128AA6 		.ascii	"6\022\212\246\224&\017L\255\353\212\035\0320\223)\212"
  76      94260F4C 
  76      ADEB8A1D 
  76      1A309329 
  76      8A
  77 00d1 75BD8692 		.ascii	"u\275\206\222P\2534\243\207vu]\214\363\221\203!\371"
  77      50AB34A3 
  77      8776755D 
  77      8CF39183 
ARM GAS  /tmp/ccZoD65L.s 			page 5


  77      21F9
  78 00e3 90ED9D85 		.ascii	"\220\355\235\2055\024\3226\225R)\303\350\213Ty\225\367"
  78      3514D236 
  78      955229C3 
  78      E88B5479 
  78      95F7
  79 00f5 0318C6F9 		.ascii	"\003\030\306\371sSE]\217\020ELF{d4R\303.)\205\031\003"
  79      7353455D 
  79      8F10454C 
  79      467B6434 
  79      52C32E29 
  80 010c 12216D3B 		.ascii	"\022!m;\305\0041kF\015m\216a[\275\374\320+Pt\367Ec\000"
  80      C504316B 
  80      460D6D8E 
  80      615BBDFC 
  80      D02B5074 
  81 0124 12FA19F1 		.ascii	"\022\372\031\361\362\037-C\235z\312\366\0211&\230\315"
  81      F21F2D43 
  81      9D7ACAF6 
  81      11312698 
  81      CD
  82 0135 F8F2BA4E 		.ascii	"\370\362\272N\243aQ\000\245\031\3410*Z\272\323\313\345"
  82      A3615100 
  82      A519E130 
  82      2A5ABAD3 
  82      CBE5
  83 0147 2A5B405D 		.ascii	"*[@]g\22425T\014\333H\021\002l\315\015\375\007\375\247"
  83      67943235 
  83      540CDB48 
  83      11026CCD 
  83      0DFD07FD 
  84 015c 11C03F40 		.ascii	"\021\300?@g\227\340\275_Is\015\252\001Zo'\226\346\276"
  84      6797E0BD 
  84      5F49730D 
  84      AA015A6F 
  84      2796E6BE 
  85 0170 51D0E061 		.ascii	"Q\320\340a\255\006\330j\002\315l\007y[CSG\213\247\325"
  85      AD06D86A 
  85      02CD6C07 
  85      795B4353 
  85      478BA7D5 
  86 0184 A743635B 		.ascii	"\247Cc[+}\341F\023\326\211\011p\277\010oS\302\004-t"
  86      2B7DE146 
  86      13D68909 
  86      70BF086F 
  86      53C2042D 
  87 0199 5CBCF1DB 		.ascii	"\\\274\361\333\\\370r\353b\370-\215M\325zq\362\241\024"
  87      5CF872EB 
  87      62F82D8D 
  87      4DD57A71 
  87      F2A114
  88 01ac 209F017C 		.ascii	" \237\001|!X*\260\352N\300\313M\344a\216S\220Q4\261"
  88      21582AB0 
  88      EA4EC0CB 
  88      4DE4618E 
  88      53905134 
  89 01c1 87E2BA60 		.ascii	"\207\342\272`\246\221`\007|\0176\362Z\220\217\022\363"
ARM GAS  /tmp/ccZoD65L.s 			page 6


  89      A6916007 
  89      7C0F36F2 
  89      5A908F12 
  89      F3
  90 01d2 B16B879F 		.ascii	"\261k\207\237\350bT\251\317jtW7\340m\304[$\345&R\375"
  90      E86254A9 
  90      CF6A7457 
  90      37E06DC4 
  90      5B24E526 
  91 01e8 15C41B88 		.ascii	"\025\304\033\210\327\221\312\306\037>?\032\356\245V"
  91      D791CAC6 
  91      1F3E3F1A 
  91      EEA556
  92 01f7 1F953271 		.ascii	"\037\2252q\024\361\032\342U_\374\035*.\005\032\037\251"
  92      14F11AE2 
  92      555FFC1D 
  92      2A2E051A 
  92      1FA9
  93 0209 4F4723D3 		.ascii	"OG#\323\207\207\325\327\253\373\356\277\236\371\362"
  93      8787D5D7 
  93      ABFBEEBF 
  93      9EF9F2
  94 0218 8A52BB09 		.ascii	"\212R\273\011`\3705x\011\211-\270\322%\002\\D\274@j"
  94      60F83578 
  94      09892DB8 
  94      D225025C 
  94      44BC406A 
  95 022c F6331FF7 		.ascii	"\3663\037\367\356\375\2233\223\246\017+\365\365\304"
  95      EEFD9333 
  95      93A60F2B 
  95      F5F5C4
  96 023b 91FAA9D0 		.ascii	"\221\372\251\320\011Ue>bl\0021\206\315)<x\361\375\351"
  96      0955653E 
  96      626C0231 
  96      86CD293C 
  96      78F1FDE9 
  97 024f E470A075 		.ascii	"\344p\240u\244\252\371E\015\265\200\367\374\0223Sq\266"
  97      A4AAF945 
  97      0DB580F7 
  97      FC123353 
  97      71B6
  98 0261 2E8C3B09 		.ascii	".\214;\011'\223/\316\226ny\366\2462L\312\226*^n{\334"
  98      27932FCE 
  98      966E79F6 
  98      A6324CCA 
  98      962A5E6E 
  99 0277 4926C14C 		.ascii	"I&\301L\017mO\273;\\/\347\244\275\214[p\323\225\241"
  99      0F6D4FBB 
  99      3B5C2FE7 
  99      A4BD8C5B 
  99      70D395A1 
 100 028b E29244C2 		.ascii	"\342\222D\302re\301r='i[\253\327\254L\332\351\301\325"
 100      7265C172 
 100      3D27695B 
 100      ABD7AC4C 
 100      DAE9C1D5 
 101 029f 8BD6A657 		.ascii	"\213\326\246W\3447V2\225\035V\266\3448\245\"-\225\234"
ARM GAS  /tmp/ccZoD65L.s 			page 7


 101      E4375632 
 101      951D56B6 
 101      E438A522 
 101      2D959C
 102 02b2 E556B2D6 		.ascii	"\345V\262\326\0378\022Yc\351\300`t\361\334\005\240\015"
 102      1F381259 
 102      63E9C060 
 102      74F1DC05 
 102      A00D
 103 02c4 2E1B58B3 		.ascii	".\033X\263\300r\212\236\225\265<\247l\311|yK\311)d,"
 103      C0728A9E 
 103      95B53CA7 
 103      6CC97C79 
 103      4BC92964 
 104 02d9 AF522AE7 		.ascii	"\257R*\347\263s\346\306\203NC\363\342C\356\306\270\314"
 104      B373E6C6 
 104      834E43F3 
 104      E243EEC6 
 104      B8CC
 105 02eb 6D2DE4BD 		.ascii	"m-\344\275\370\246mV\246\\\206\376\377\242\005\246\371"
 105      F8A66D56 
 105      A65C86FE 
 105      FFA205A6 
 105      F9
 106 02fc F724E67C 		.ascii	"\367$\346|6\227v\275L\266\320\316.\372\227\016\371b"
 106      369776BD 
 106      4CB6D0CE 
 106      2EFA970E 
 106      F962
 107 030e D0A19329 		.ascii	"\320\241\223)\261\031~\002\003\007X>"
 107      B1197E02 
 107      0307583E 
 108              		.text
 109              		.section	.gnu.lto_.symtab.db91fc5ef45f7148,"e",%progbits
 110 0000 5F75785F 		.ascii	"_ux_system_tasks_run\000"
 110      73797374 
 110      656D5F74 
 110      61736B73 
 110      5F72756E 
 111 0015 00       		.ascii	"\000"
 112 0016 00       		.ascii	"\000"
 113 0017 00       		.ascii	"\000"
 114 0018 00000000 		.ascii	"\000\000\000\000\000\000\000\000"
 114      00000000 
 115 0020 C2000000 		.ascii	"\302\000\000\000"
 116 0024 5F75785F 		.ascii	"_ux_device_stack_tasks_run\000"
 116      64657669 
 116      63655F73 
 116      7461636B 
 116      5F746173 
 117 003f 00       		.ascii	"\000"
 118 0040 02       		.ascii	"\002"
 119 0041 00       		.ascii	"\000"
 120 0042 00000000 		.ascii	"\000\000\000\000\000\000\000\000"
 120      00000000 
 121 004a C4000000 		.ascii	"\304\000\000\000"
 122              		.text
ARM GAS  /tmp/ccZoD65L.s 			page 8


 123              		.section	.gnu.lto_.ext_symtab.db91fc5ef45f7148,"e",%progbits
 124 0000 01       		.ascii	"\001"
 125 0001 01       		.ascii	"\001"
 126 0002 00       		.ascii	"\000"
 127 0003 01       		.ascii	"\001"
 128 0004 00       		.ascii	"\000"
 129              		.text
 130              		.section	.gnu.lto_.opts,"e",%progbits
 131 0000 272D666E 		.ascii	"'-fno-openmp' '-fno-openacc' '-fno-pie' '-fcf-prote"
 131      6F2D6F70 
 131      656E6D70 
 131      2720272D 
 131      666E6F2D 
 132 0033 6374696F 		.ascii	"ction=none' '-mcpu=cortex-m33' '-mthumb' '-mfpu=fpv"
 132      6E3D6E6F 
 132      6E652720 
 132      272D6D63 
 132      70753D63 
 133 0066 342D7370 		.ascii	"4-sp-d16' '-mfloat-abi=hard' '-mlibarch=armv8-m.mai"
 133      2D643136 
 133      2720272D 
 133      6D666C6F 
 133      61742D61 
 134 0099 6E2B6473 		.ascii	"n+dsp+fp' '-march=armv8-m.main+dsp+fp' '-Os' '-flto"
 134      702B6670 
 134      2720272D 
 134      6D617263 
 134      683D6172 
 135 00cc 2720272D 		.ascii	"' '-fdata-sections' '-ffunction-sections' '-Xassemb"
 135      66646174 
 135      612D7365 
 135      6374696F 
 135      6E732720 
 136 00ff 6C657227 		.ascii	"ler' '-a' '-Xassembler' '-ad' '-Xassembler' '-alms="
 136      20272D61 
 136      2720272D 
 136      58617373 
 136      656D626C 
 137 0132 6275696C 		.ascii	"build/../sdk/stm32/STM32_USBX_Library/common/core/s"
 137      642F2E2E 
 137      2F73646B 
 137      2F73746D 
 137      33322F53 
 138 0165 72632F75 		.ascii	"rc/ux_system_tasks_run.lst'\000"
 138      785F7379 
 138      7374656D 
 138      5F746173 
 138      6B735F72 
 139              		.text
 140              		.comm	__gnu_lto_slim,1,1
 141              		.ident	"GCC: (15:10.3-2021.07-4) 10.3.1 20210621 (release)"
ARM GAS  /tmp/ccZoD65L.s 			page 9


DEFINED SYMBOLS
                            *ABS*:0000000000000000 ux_system_tasks_run.c
                            *COM*:0000000000000001 __gnu_lto_slim

NO UNDEFINED SYMBOLS
