ARM GAS  /tmp/cctauzNV.s 			page 1


   1              		.cpu cortex-m33
   2              		.eabi_attribute 27, 1
   3              		.eabi_attribute 28, 1
   4              		.eabi_attribute 20, 1
   5              		.eabi_attribute 21, 1
   6              		.eabi_attribute 23, 3
   7              		.eabi_attribute 24, 1
   8              		.eabi_attribute 25, 1
   9              		.eabi_attribute 26, 1
  10              		.eabi_attribute 30, 4
  11              		.eabi_attribute 34, 1
  12              		.eabi_attribute 18, 4
  13              		.file	"ux_system_error_handler.c"
  14              		.section	.gnu.lto_.profile.c3c13aa86dd75d57,"e",%progbits
  15 0000 789C6361 		.ascii	"x\234ca\000\002F\006\006\000\000+\000\006"
  15      00024606 
  15      0600002B 
  15      0006
  16              		.text
  17              		.section	.gnu.lto_.icf.c3c13aa86dd75d57,"e",%progbits
  18 0000 789CE360 		.ascii	"x\234\343`@\000F\206\233w\236}ga\000\000\020\243\003"
  18      40004686 
  18      9B779E7D 
  18      67610000 
  18      10A303
  19 0013 A0       		.ascii	"\240"
  20              		.text
  21              		.section	.gnu.lto_.ipa_sra.c3c13aa86dd75d57,"e",%progbits
  22 0000 789C9367 		.ascii	"x\234\223g@\000F\006f0\011\301\014\214\314`&\220`d\002"
  22      40004606 
  22      663009C1 
  22      0C8CCC60 
  22      26906064 
  23 0015 09010006 		.ascii	"\011\001\000\006t\0001"
  23      740031
  24              		.text
  25              		.section	.gnu.lto_.inline.c3c13aa86dd75d57,"e",%progbits
  26 0000 789C3360 		.ascii	"x\2343`@\000F\006\006\301m\317\316\274dJgd`\022h\000"
  26      40004606 
  26      06C16DCF 
  26      CEBC644A 
  26      67646012 
  27 0016 02A63406 		.ascii	"\002\2464\006\00660#\205\211\201\011\250\204M\010H0"
  27      06363023 
  27      85898109 
  27      A8844D08 
  27      4830
  28 0028 4FF00341 		.ascii	"O\360\003A\006\000@\010\013\235"
  28      06004008 
  28      0B9D
  29              		.text
  30              		.section	.gnu.lto_.jmpfuncs.c3c13aa86dd75d57,"e",%progbits
  31 0000 789C0B60 		.ascii	"x\234\013`@\000F\006fFFFv\306%\314\014 \\\017\304l,"
  31      40004606 
  31      66464646 
  31      76C625CC 
  31      0C205C0F 
ARM GAS  /tmp/cctauzNV.s 			page 2


  32 0017 75208903 		.ascii	"u \211\003,\214\014@\374\037\010\370\031X\352\0301\205"
  32      2C8C0C40 
  32      FC1F08F8 
  32      1958EA18 
  32      3185
  33 0029 98D085EA 		.ascii	"\230\320\205\352\025\030\000\341L\025\305"
  33      151800E1 
  33      4C15C5
  34              		.text
  35              		.section	.gnu.lto_.pureconst.c3c13aa86dd75d57,"e",%progbits
  36 0000 789C6361 		.ascii	"x\234ca```d\230\305\002\000\001d\000\244"
  36      60606064 
  36      98C50200 
  36      016400A4 
  37              		.text
  38              		.section	.gnu.lto_.lto.c3c13aa86dd75d57,"e",%progbits
  39 0000 09000400 		.ascii	"\011\000\004\000\001\000\000\000"
  39      01000000 
  40              		.text
  41              		.section	.gnu.lto__ux_system_error_handler.3.c3c13aa86dd75d57,"e",%progbits
  42 0000 789C7D92 		.ascii	"x\234}\222Oh\023Q\020\306\337\267\357%m\323Z\004\275"
  42      4F681351 
  42      10C6DFB7 
  42      EF256DD3 
  42      5A04BD
  43 0013 78F32642 		.ascii	"x\363&B\223\255-\342U<(\210\236\252\340-\244\233\025"
  43      93AD2DE2 
  43      553C2888 
  43      9EAAE02D 
  43      A49B15
  44 0026 43B2D9B0 		.ascii	"C\262\331\260\331\376;\365\265\211\025\342!M\025!\245"
  44      D9FE3BF5 
  44      B58915E2 
  44      214D1521 
  44      A5
  45 0037 160CA144 		.ascii	"\026\014\241D<x(j\325\252\251ZE\220\242\242x\264^\012"
  45      3C78286A 
  45      D5AAA95A 
  45      4590A2A2 
  45      78B45E0A 
  46 004b BD94522F 		.ascii	"\275\224R/\006\004\235\267\331\266 \325\205y;3\374\276"
  46      06049DB7 
  46      D9B620D5 
  46      85793B33 
  46      FCBE
  47 005d 9937C3B3 		.ascii	"\2317\303\2635\306\3561\306\316\220!\3000U*hLJy\262"
  47      35C6EE31 
  47      C6CE9021 
  47      C030552A 
  47      684C4A79 
  48 0072 45D372A5 		.ascii	"E\323r\245\353\032\236az~\255K\344K\235k\357\313\007"
  48      EB1A9E61 
  48      7A7EAD4B 
  48      E44B9D6B 
  48      EFCB07
  49 0085 04C7CD1D 		.ascii	"\004\307\315\035B`\254Th#\302\213\300F5.0\212\033\374"
  49      4260AC54 
ARM GAS  /tmp/cctauzNV.s 			page 3


  49      6823C28B 
  49      C046352E 
  49      308A1BFC 
  50 0099 28257E2E 		.ascii	"(%~.\317\226sAY\253\243\312\031\233%\363\276\031\216"
  50      CF967341 
  50      59ABA3CA 
  50      199B25F3 
  50      BE198E
  51 00ac 295EE580 		.ascii	")^\345\200\360=\015\207\311\343W\301\216\324\245\374"
  51      F03D0D87 
  51      C9E357C1 
  51      8ED4A5FC 
  52 00bc B0B22065 		.ascii	"\260\262 e\033\253r\216G \021\036\002\017\300TBI\371"
  52      1BAB728E 
  52      4720111E 
  52      020FC054 
  52      4249F9
  53 00cf 948F3576 		.ascii	"\224\2175v\260\307{aw|l6wM\356\027\012{\3727\306Xp\373"
  53      B0C77B61 
  53      777C6C36 
  53      774DEE17 
  53      0A7BFA37 
  54 00e7 5A9461F7 		.ascii	"Z\224a\367?\005\352\362\327\357\242\224_\017}\337\012"
  54      3F05EAF2 
  54      D7EFA294 
  54      5F0F7DDF 
  54      0A
  55 00f8 EE034142 		.ascii	"\356\003AB\243#\300\325!\350\010\266\000\213\010\001"
  55      A323C0D5 
  55      21E808B6 
  55      008B0801 
  56 0108 0B68079E 		.ascii	"\013h\007\236\220\252\310\325\"\244\200\25436\311\265"
  56      90AAC8D5 
  56      22A480AC 
  56      3336C9B5 
  57 0118 663046C1 		.ascii	"f0F\301\006\306o5V\306\002\025\016\177N\332\017yyh\344"
  57      06C66F35 
  57      56C60215 
  57      0E7F4EDA 
  57      0F797968 
  58 012d D6A8ED9C 		.ascii	"\326\250\355\234\327\001/\200\347\360\370\351\273]>"
  58      D7012F80 
  58      E7F0F8E9 
  58      BB5D3E
  59 013c 2A3C744E 		.ascii	"*<tN\255\265v\260\312[\251\010\226\300\272)nU\263\274"
  59      ADB576B0 
  59      CA5BA908 
  59      96C0BA29 
  59      6E55B3BC 
  60 0150 C46D75EF 		.ascii	"\304mu\357\012oQ\272\305\362gT\270\266\255h\335C\360"
  60      0A6F51BA 
  60      C5F26754 
  60      B8B6AD68 
  60      DD43F0
  61 0163 9A046AC8 		.ascii	"\232\004j\310\015\344f&\226\351R\234\004\252\023q\252"
  61      0DE46626 
  61      96E9529C 
ARM GAS  /tmp/cctauzNV.s 			page 4


  61      04AA1371 
  61      AA
  62 0174 C46601FF 		.ascii	"\304f\001\377m\370\266\251'\235\327\260\361e\211j\210"
  62      6DF8B6A9 
  62      279DD7B0 
  62      F165896A 
  62      88
  63 0185 7F770CE2 		.ascii	"\177w\014\342\035)\350e\261u\344\327_\365\023\254\272"
  63      1D29E865 
  63      B175E4D7 
  63      5FF513AC 
  63      BA
  64 0196 05D17C03 		.ascii	"\005\321|\003\223\234\177,\317\257i\336\24661\261\372"
  64      939C7F2C 
  64      CFAF69DE 
  64      A63631B1 
  64      FA
  65 01a7 ED4D0715 		.ascii	"\355M\007\025\027d\241\012o\247\271\252\274\315\343"
  65      1764A10A 
  65      6FA7B9AA 
  65      BCCDE3
  66 01b6 C4EE46B7 		.ascii	"\304\356F\2670\276\372\343\264\247/r\354\256\235\261"
  66      30BEFAE3 
  66      B4A72F72 
  66      ECAE9DB1 
  67 01c6 13BA9576 		.ascii	"\023\272\225vuCw\255\214\036OdR\266\225\214\351\256"
  67      754377AD 
  67      8C1E4F64 
  67      52B6958C 
  67      E9AE
  68 01d8 63671246 		.ascii	"cg\022F\367\261p\326\265z{\006\216\207\007\262\375\341"
  68      F7B170D6 
  68      B57A7B06 
  68      8E8707B2 
  68      FDE1
  69 01ea B839984C 		.ascii	"\2709\230L\270\341\313Cz,\223ag#\021=\033O\352\036\241"
  69      B8E1CB43 
  69      7A2C9361 
  69      6723113D 
  69      1B4FEA1E 
  70 01ff F75D38DF 		.ascii	"\367]8\337\333\023\275\330w\352R\364\\\242\337\2119"
  70      DB13BDD8 
  70      77EA52F4 
  70      5CA2DF89 
  70      39
  71 0210 23BA615B 		.ascii	"#\272a[\226\235\246\237c\352Y\307\320\007\206\243\331"
  71      969DA69F 
  71      63EA59C7 
  71      D00786A3 
  71      D9
  72 0221 91AC6B5A 		.ascii	"\221\254kZQ\323ql'z%\226\216\247L'b\260\016?\2372\007"
  72      51D3716C 
  72      277A2596 
  72      8EA74C27 
  72      62B00E3F 
  73 0238 CD54A71F 		.ascii	"\315T\247\037\030v\3325\207\335P\0236\354\270\371\007"
  73      1876DA35 
ARM GAS  /tmp/cctauzNV.s 			page 5


  73      87DD5013 
  73      36ECB8F9 
  73      07
  74 0249 0958FCBE 		.ascii	"\011X\374\276"
  75              		.text
  76              		.section	.gnu.lto_.symbol_nodes.c3c13aa86dd75d57,"e",%progbits
  77 0000 789CD367 		.ascii	"x\234\323g\000\002&\346z\206\006 `a\234p\216\201\241"
  77      000226E6 
  77      7A860620 
  77      60619C70 
  77      8E81A1
  78 0013 9E816157 		.ascii	"\236\201aWC##\003#H\212\201\225\205A\001H\2610\\\234"
  78      43232303 
  78      23488A81 
  78      95854101 
  78      48B1305C 
  79 0028 B9F91913 		.ascii	"\271\371\031\023\343T6\006\000\376\032\012!"
  79      E3543606 
  79      00FE1A0A 
  79      21
  80              		.text
  81              		.section	.gnu.lto_.refs.c3c13aa86dd75d57,"e",%progbits
  82 0000 789C6367 		.ascii	"x\234cg```\004\" \006\000\000f\000\013"
  82      60606004 
  82      22200600 
  82      0066000B 
  83              		.text
  84              		.section	.gnu.lto_.decls.c3c13aa86dd75d57,"e",%progbits
  85 0000 789CAD53 		.ascii	"x\234\255SkL\024W\024\276g\356,\273\214\004(\254\325"
  85      6B4C1457 
  85      14BE67EE 
  85      2CBB8C04 
  85      28ACD5
  86 0013 98C66C9B 		.ascii	"\230\306l\233\266\222XXX\322\332&\375A5\276Z\001#l\""
  86      B6925858 
  86      58D2DA26 
  86      FD4135BE 
  86      5A01236C 
  87 0028 FD331976 		.ascii	"\3753\031v\026\331\260\257\316\016*\355\237QlZ\255D"
  87      16D9B0AF 
  87      CE0E2AED 
  87      9F516C5A 
  87      AD44
  88 003a 431F92B6 		.ascii	"C\037\222\266\011Tc\352\017k\261\021\252(\226\"\265"
  88      095463EA 
  88      0F6BB111 
  88      AA289622 
  88      B5
  89 004b AB161595 		.ascii	"\253\026\025\225V|\341\333U\024\251\370l\232\32033\273"
  89      567CE1DB 
  89      5514A9F8 
  89      6C9AD033 
  89      33BB
  90 005d 3BAC5BD3 		.ascii	";\254[\323\264\351\315\234{\357\234\373\235\357\234"
  90      B4E9CD9C 
  90      7BEF9CFB 
  90      9DEF9C
ARM GAS  /tmp/cctauzNV.s 			page 6


  91 006c 7BCE3D8A 		.ascii	"{\316=\212\231\220s\014!k\011!c8pK\372P\000e7\321\207"
  91      9990730C 
  91      216B0921 
  91      6338704B 
  91      FA500065 
  92 0083 BAFF29BA 		.ascii	"\272\377)\272>$\211\343#Tr\270V\243d\241X\243v\017P"
  92      3E2489E3 
  92      235472B8 
  92      56A364A1 
  92      58A3760F 
  93 0098 2A508651 		.ascii	"*P\206Q\036\241\334G\351A\241(\243(wPn\377\003w#\205"
  93      1EA1DC47 
  93      E941A128 
  93      A3287750 
  93      6EFF0377 
  94 00ae 0A5083CA 		.ascii	"\012P\203\312\320v\2042\304\256hc\345\022\002\355\240"
  94      D0768432 
  94      C4AE6863 
  94      E51202ED 
  94      A0
  95 00bf A3A85305 		.ascii	"\243\250S\005f\001\213\263\025l_PfCG\34313\327\245("
  95      66018BB3 
  95      156C5F50 
  95      664347E3 
  95      3133D7A5 
  96 00d4 234AD7AA 		.ascii	"#J\327\252T\002\035\000\273\200\300N@\222\357\001\332"
  96      54021D00 
  96      BB80C04E 
  96      4092EF01 
  96      DA
  97 00e5 007600C2 		.ascii	"\000v\000\302V}u\261\207\275\002\204A\"V\004\200\223"
  97      567D75B1 
  97      87BD0284 
  97      41225604 
  97      8093
  98 00f7 AFE0C491 		.ascii	"\257\340\304\221\267)\261*\214\302\244\210\224\341("
  98      B729B12A 
  98      8CC2A488 
  98      94E128
  99 0106 47452E0C 		.ascii	"GE.\014Ss\356\322\"\013\223\223\301Y\266\354\203L\316"
  99      5373EED2 
  99      220B9393 
  99      C159B6EC 
  99      834CCE
 100 0119 64619888 		.ascii	"da\230\210Y\344r\376\200\255LK\212\255Ha\305\265\023"
 100      59E472FE 
 100      80AD4C4B 
 100      8AAD4861 
 100      C5B513
 101 012c 23668559 		.ascii	"#f\205Y_b-,\3029b\016\203\210V\013YK&\356\"f\356.mi"
 101      5F622D2C 
 101      C239620E 
 101      8388560B 
 101      594B26EE 
 102 0146 48117B99 		.ascii	"H\021{\231\017\247A\0308\321a\305\213\024Y,S3\272i7"
 102      0FA74118 
 102      38D161C5 
ARM GAS  /tmp/cctauzNV.s 			page 7


 102      8B14592C 
 102      5333BA69 
 103 015b 9D4388C5 		.ascii	"\235C\210\305\322\272m\"\0271g E\216h\313\024m\031a"
 103      D2BA6D22 
 103      17316720 
 103      458E68CB 
 103      146D1961 
 104 016f 30892267 		.ascii	"0\211\"g\315!\030\204\350p\0241\0342\263\22608(\244"
 104      CD211884 
 104      E8701431 
 104      1C32B396 
 104      303828A4 
 105 0183 39940B43 		.ascii	"9\224\013C\2238\340R\247\332r\010\021\311\034\006y\351"
 105      9338E052 
 105      A7DA7208 
 105      11C91C06 
 105      79E9
 106 0195 586C8019 		.ascii	"Xl\200\031}\212\306/@\016\3078\030\372V\004K\31606B"
 106      7D8AC62F 
 106      400EC738 
 106      18FA5604 
 106      4BCE3036 
 107 01aa 14D69296 		.ascii	"\024\326\222\226\006\012.\251\374[\342B\007G\"f\006"
 107      060A2EA9 
 107      FC5BE242 
 107      07472266 
 107      06
 108 01bb 8FAC2C28 		.ascii	"\217\254,(\014\030\226\\\012\201XM@\375@\375\364\211"
 108      0C18965C 
 108      0A81584D 
 108      40FD40FD 
 108      F489
 109 01cd A83F64BC 		.ascii	"\250?d\274\027M\257\"1\257\240\0276\246\215/\321\275"
 109      174DAF22 
 109      31AFA017 
 109      36A68D2F 
 109      D1BD
 110 01df 0ED07998 		.ascii	"\016\320y\230\230\003\2109!\321\323q\344F\014\3218b"
 110      98038839 
 110      21D1D371 
 110      E4460CD1 
 110      3862
 111 01f1 3C313FE3 		.ascii	"<1?\343b4b\305\012\353N\230\3616\232]B\340\006%\211"
 111      623462C5 
 111      0AEB4E98 
 111      F1369A5D 
 111      42E00625 
 112 0206 D3927117 		.ascii	"\323\222q\027\307\201\317f\307\275\275miW1mJ\244a\220"
 112      C781CF66 
 112      C7BDBD6D 
 112      6957316D 
 112      4AA46190 
 113 021a 42FAFA22 		.ascii	"B\372\372\"\002\364=\365\344\343\310\301\001`U\354n"
 113      02F43DF5 
 113      E4E3C8C1 
 113      016055EC 
 113      6E
ARM GAS  /tmp/cctauzNV.s 			page 8


 114 022b 80002A3A 		.ascii	"\200\000*:7\015\336N\217)~P\337\334\265\316\310g\246"
 114      370DDE4E 
 114      8F297E50 
 114      DFDCB5CE 
 114      C867A6
 115 023e 98A60BB4 		.ascii	"\230\246\013\264\207\313h\0177\023O\3736w\266gLB\346"
 115      87CB680F 
 115      37134FFB 
 115      3677B667 
 115      4C42E6
 116 0251 9B8A6285 		.ascii	"\233\212b\205j\330\007\320\255F\325\203\001\375\010"
 116      6AD807D0 
 116      AD46D583 
 116      01FD08
 117 0260 9AF76DF5 		.ascii	"\232\367m\365\275k\270\347\232\232\224\207\003k\016"
 117      BD6BB8E7 
 117      9A9A9487 
 117      036B0E
 118 026f 6F7A7145 		.ascii	"ozqE\375\007\312Q\265#@E\301^\300\007\256E\273\027\025"
 118      FD07CA51 
 118      B5234045 
 118      C15EC007 
 118      AE45BB17 
 119 0284 9D007BB0 		.ascii	"\235\000{\260k60z\203d\322\215\321\235\205\356d\010"
 119      6B36307A 
 119      8364D28D 
 119      D19D85EE 
 119      6408
 120 0296 EDD5FEAC 		.ascii	"\355\325\376\254\320E\3500\243r\267\015\377\331j\342"
 120      D045E830 
 120      A372B70D 
 120      FFD96AE2 
 121 02a6 9468DF20 		.ascii	"\224h\337 No\034\002\207\221\314\016\371t5U-\236\201"
 121      4E6F1C02 
 121      8791CC0E 
 121      F9743555 
 121      2D9E81
 122 02b9 31D01642 		.ascii	"1\320\026B\277\244\252\335\361\313\333\267g\250\375"
 122      BFA4AADD 
 122      F1CBDBB7 
 122      67A8FD
 123 02c8 1651BA57 		.ascii	"\026Q\272WP\002\205\220O\340\030 \002\273\255\017\340"
 123      50028590 
 123      4FE01820 
 123      02BBAD0F 
 123      E0
 124 02d9 A87AF3FD 		.ascii	"\250z\363\375C\353\276KO\323\232\262\245\233\205\343"
 124      43EBBE4B 
 124      4FD39AB2 
 124      A59B85E3 
 125 02e9 10673F81 		.ascii	"\020g?\201\023\335H\011mG\351\325\\L\213\267\3754\364"
 125      13DD4809 
 125      6D47E9D5 
 125      5C4C8BB7 
 125      FD34F4
 126 02fc 7259F3D2 		.ascii	"rY\363\322\320Q\337?!\271\253O\001b\320\317\000\366"
 126      D051DF3F 
ARM GAS  /tmp/cctauzNV.s 			page 9


 126      21B9AB4F 
 126      0162D0CF 
 126      00F6
 127 030e 2FD01B54 		.ascii	"/\320\033T\277\241U\273Y\013\320\367Y\264M\333\361\351"
 127      BFA155BB 
 127      590BD0F7 
 127      59B44DDB 
 127      F1E9
 128 0320 D77BE8F3 		.ascii	"\327{\350\363\352\310F\202\207\347.\036\035\315\336"
 128      EAC84682 
 128      87E72E1E 
 128      1DCDDE
 129 032f B6535156 		.ascii	"\266SQVOF\357p\004\340\212\021\316\001u\352\000\242"
 129      4F46EF70 
 129      04E08A11 
 129      CE0175EA 
 129      00A2
 130 0341 7A5ADBDC 		.ascii	"zZ\333\334v\001\224\306|8\015\360[\002\312\216R\240"
 130      760194C6 
 130      7C380DF0 
 130      5B02CA8E 
 130      52A0
 131 0353 625AB734 		.ascii	"bZ\2674\277\023\356\002\0251\230\200\370\031\342\220"
 131      BF13EE02 
 131      15319880 
 131      F819E290 
 132 0363 753A044B 		.ascii	"u:\004K\376k\022I\324\323\347\315\273tO\030O\177r<\005"
 132      FE6B1249 
 132      D4D3E7CD 
 132      BB744F18 
 132      4F7F723C 
 133 0378 04CBB24A 		.ascii	"\004\313\262JQ\272X\002\347\000\316\342\305\317h(\274"
 133      51BA5802 
 133      E700CEE2 
 133      C5CF6828 
 133      BC
 134 0389 F905804B 		.ascii	"\371\005\200K\000\227\001\316\003\\T\253O\373\324K3"
 134      009701CE 
 134      035C54AB 
 134      4FFBD44B 
 134      33
 135 039a CDED2BEF 		.ascii	"\315\355+\357\245g'\331]}\242\035\332\014^j\331e6\252"
 135      A56727D9 
 135      5D7DA21D 
 135      DA0C5E6A 
 135      D96536AA 
 136 03ae 74CD0823 		.ascii	"t\315\010#\242\277\277\321p\323y\310\322I[\030\324\302"
 136      A2BFBFD1 
 136      70D379C8 
 136      D2495B18 
 136      D4C2
 137 03c0 2FA08778 		.ascii	"/\240\207x\035\264\207B\350\025V\257\301d\375u\001\275"
 137      1DB48742 
 137      E81556AF 
 137      C164FD75 
 137      01BD
 138 03d2 AF8573E4 		.ascii	"\257\205s\344j\377!\223A\335cP\017k\324i\375\3376mf"
ARM GAS  /tmp/cctauzNV.s 			page 10


 138      6AFF2193 
 138      41DD6350 
 138      0F6BD469 
 138      FDDF366D 
 139 03e7 E3451A39 		.ascii	"\343E\0329\335\334\251gd\030\340\026\300\335\3072\213"
 139      DDDCA967 
 139      6418E016 
 139      C0DDC732 
 139      8B
 140 03f8 79535FEA 		.ascii	"yS_\352\201\346\353\251*\350:@\257\006\212\205\023/"
 140      81E6EBA9 
 140      2AE83A40 
 140      AF068A85 
 140      132F
 141 040a D0C8A158 		.ascii	"\320\310\241X\0211\377\207\022\210\016\030%:\025/Q8"
 141      1131FF87 
 141      12880E18 
 141      253A152F 
 141      5138
 142 041c D9970E19 		.ascii	"\331\227\016\031\210C\016&\263\350\341D3}\023`\010\263"
 142      88430E26 
 142      B3E8E144 
 142      337D1360 
 142      08B3
 143 042e 71438361 		.ascii	"qC\203a\246G\000~\007\030\005\270\003p[\253P\223IM\311"
 143      A647007E 
 143      071805B8 
 143      03705BAB 
 143      5093494D 
 144 0443 A5B1835B 		.ascii	"\245\261\203[iv\222\335\275'\332\241\315-\345\233\255"
 144      697692DD 
 144      BD27DAA1 
 144      CD2DE59B 
 144      AD
 145 0454 60A4F1BE 		.ascii	"`\244\361\276\021\307\003\275B\215C'\3160/\234\304g"
 145      11C703BD 
 145      428D4327 
 145      CE302F9C 
 145      C467
 146 0466 FEC9506B 		.ascii	"\376\311Pk\333K\335\365-\363\360\010\366k\2141\354~"
 146      DB4BDDF5 
 146      2DF3F008 
 146      F66B8C31 
 146      EC7E
 147 0478 1DDBD0BF 		.ascii	"\035\333\320\277\357,5\310\036\030\200G\252\273\371"
 147      EF2C35C8 
 147      1E188047 
 147      AABBF9
 148 0487 7979F690 		.ascii	"yy\366\220Xc\017\311\276B\207\275\254\274\270\320\301"
 148      58630FC9 
 148      BE4287BD 
 148      ACBCB8D0 
 148      C1
 149 0498 3BCB662E 		.ascii	";\313f.\346\027x*%A\252\263\273\002>_\300\217\213\344"
 149      E617782A 
 149      2541AAB3 
 149      BB023E5F 
ARM GAS  /tmp/cctauzNV.s 			page 11


 149      C08F8BE4 
 150 04ac B6872497 		.ascii	"\266\207$\227\275v9\037\252\013\311n\037\357\226\244"
 150      BD76391F 
 150      AA0BC96E 
 150      1FEF96A4 
 151 04bc 80C4570B 		.ascii	"\200\304W\013~\321\353\226\362\\\226\271%N\333\254\202"
 151      7ED1EB96 
 151      F25C96B9 
 151      254EDBAC 
 151      82
 152 04cd 198475CE 		.ascii	"\031\204u\316/)\267\012\222o\351\253\271\276<\237\340"
 152      2F29B70A 
 152      926FE9AB 
 152      B9BE3C9F 
 152      E0
 153 04de F14F1743 		.ascii	"\361O\027C\301\351UA2\001Yd\367\362\\_a!\231\314?\201"
 153      C1E95541 
 153      32015964 
 153      F7F25C5F 
 153      612199CC 
 154 04f4 6986DDE7 		.ascii	"i\206\335\347\227\355.\273\354\013\332EO\320\033\360"
 154      97ED2EBB 
 154      EC0BDA45 
 154      4FD01BF0 
 155 0504 D5087659 		.ascii	"\325\010vY\012\004=\256\374\202\\-\316\332\227skC\225"
 155      0A043DAE 
 155      FC825C2D 
 155      CEDA9773 
 155      6B4395
 156 0517 B9A27B69 		.ascii	"\271\242{i\215G\316\255Zf\027\202A\362\346\377v\023"
 156      8D47CEAD 
 156      5A661782 
 156      41F2E6FF 
 156      7613
 157 0529 C219B14D 		.ascii	"\302\031\261M|\034\345\012\324\372e\253\241\365\012"
 157      7C1CE50A 
 157      D4FA65AB 
 157      A1F50A
 158 0538 21593FB2 		.ascii	"!Y?\262\031J\271Zr\013\"\357\015,s\343iP\362\004$\217"
 158      194AB95A 
 158      720B22EF 
 158      0D2C73E3 
 158      6950F204 
 159 054e 5C37C500 		.ascii	"\\7\305\000\370\334\276\200T\307W\326\311n>\030\010"
 159      F8DCBE80 
 159      54C757D6 
 159      C96E3E18 
 159      08
 160 055f 78B3F028 		.ascii	"x\263\360(\376\303\207dA\222M\316Y\363\336X\224\235"
 160      FEC38764 
 160      41924DCE 
 160      59F3DE58 
 160      949D
 161 0571 78E01624 		.ascii	"x\340\026$W\365\323\011\272*IX\342s\373\345P\242ZX*"
 161      57F5D309 
 161      BA2A4958 
 161      E273FBE5 
ARM GAS  /tmp/cctauzNV.s 			page 12


 161      50A25A58 
 162 0586 78BC42A5 		.ascii	"x\274B\245\327mr.(-\231;\305\271\230/\236]\\\272\250"
 162      D76D722E 
 162      282D993B 
 162      C5B9982F 
 162      9E5D5CBA 
 163 059b 829F5951 		.ascii	"\202\237YQ>\233_XZ\272\200/+_\344\234U\376T\242\013"
 163      3E9B5F58 
 163      5ABA802F 
 163      2B5FE49C 
 163      55FE54A2 
 164 05b0 CFBBEED7 		.ascii	"\317\273\356\327\376M*=~-\225B\320\223WM\262\377\306"
 164      FE4D2A3D 
 164      7E2D9542 
 164      D093574D 
 164      B2FFC6
 165 05c3 4D26EACA 		.ascii	"M&\352\312*\312\312g\027G\035>\233\224S\301\353\255"
 165      2ACACA67 
 165      17471D3E 
 165      9B9453C1 
 165      EBAD
 166 05d5 145C357C 		.ascii	"\024\\5|U\255\337%{\002\376\324\270\311\353\377!\024"
 166      55ADDF25 
 166      7B02FED4 
 166      B8C9EBFF 
 166      2114
 167 05e7 9D1BA3F9 		.ascii	"\235\033\243\371\013+w/\247"
 167      0B2B772F 
 167      A7
 168              		.text
 169              		.section	.gnu.lto_.symtab.c3c13aa86dd75d57,"e",%progbits
 170 0000 5F75785F 		.ascii	"_ux_system_error_handler\000"
 170      73797374 
 170      656D5F65 
 170      72726F72 
 170      5F68616E 
 171 0019 00       		.ascii	"\000"
 172 001a 00       		.ascii	"\000"
 173 001b 00       		.ascii	"\000"
 174 001c 00000000 		.ascii	"\000\000\000\000\000\000\000\000"
 174      00000000 
 175 0024 C5000000 		.ascii	"\305\000\000\000"
 176 0028 5F75785F 		.ascii	"_ux_system\000"
 176      73797374 
 176      656D00
 177 0033 00       		.ascii	"\000"
 178 0034 02       		.ascii	"\002"
 179 0035 00       		.ascii	"\000"
 180 0036 00000000 		.ascii	"\000\000\000\000\000\000\000\000"
 180      00000000 
 181 003e F8000000 		.ascii	"\370\000\000\000"
 182              		.text
 183              		.section	.gnu.lto_.ext_symtab.c3c13aa86dd75d57,"e",%progbits
 184 0000 01       		.ascii	"\001"
 185 0001 01       		.ascii	"\001"
 186 0002 00       		.ascii	"\000"
 187 0003 02       		.ascii	"\002"
ARM GAS  /tmp/cctauzNV.s 			page 13


 188 0004 01       		.ascii	"\001"
 189              		.text
 190              		.section	.gnu.lto_.opts,"e",%progbits
 191 0000 272D666E 		.ascii	"'-fno-openmp' '-fno-openacc' '-fno-pie' '-fcf-prote"
 191      6F2D6F70 
 191      656E6D70 
 191      2720272D 
 191      666E6F2D 
 192 0033 6374696F 		.ascii	"ction=none' '-mcpu=cortex-m33' '-mthumb' '-mfpu=fpv"
 192      6E3D6E6F 
 192      6E652720 
 192      272D6D63 
 192      70753D63 
 193 0066 342D7370 		.ascii	"4-sp-d16' '-mfloat-abi=hard' '-mlibarch=armv8-m.mai"
 193      2D643136 
 193      2720272D 
 193      6D666C6F 
 193      61742D61 
 194 0099 6E2B6473 		.ascii	"n+dsp+fp' '-march=armv8-m.main+dsp+fp' '-Os' '-flto"
 194      702B6670 
 194      2720272D 
 194      6D617263 
 194      683D6172 
 195 00cc 2720272D 		.ascii	"' '-fdata-sections' '-ffunction-sections' '-Xassemb"
 195      66646174 
 195      612D7365 
 195      6374696F 
 195      6E732720 
 196 00ff 6C657227 		.ascii	"ler' '-a' '-Xassembler' '-ad' '-Xassembler' '-alms="
 196      20272D61 
 196      2720272D 
 196      58617373 
 196      656D626C 
 197 0132 6275696C 		.ascii	"build/../sdk/stm32/STM32_USBX_Library/common/core/s"
 197      642F2E2E 
 197      2F73646B 
 197      2F73746D 
 197      33322F53 
 198 0165 72632F75 		.ascii	"rc/ux_system_error_handler.lst'\000"
 198      785F7379 
 198      7374656D 
 198      5F657272 
 198      6F725F68 
 199              		.text
 200              		.comm	__gnu_lto_slim,1,1
 201              		.ident	"GCC: (15:10.3-2021.07-4) 10.3.1 20210621 (release)"
ARM GAS  /tmp/cctauzNV.s 			page 14


DEFINED SYMBOLS
                            *ABS*:0000000000000000 ux_system_error_handler.c
                            *COM*:0000000000000001 __gnu_lto_slim

NO UNDEFINED SYMBOLS
