ARM GAS  /tmp/ccoYSQum.s 			page 1


   1              		.cpu cortex-m33
   2              		.eabi_attribute 27, 1
   3              		.eabi_attribute 28, 1
   4              		.eabi_attribute 20, 1
   5              		.eabi_attribute 21, 1
   6              		.eabi_attribute 23, 3
   7              		.eabi_attribute 24, 1
   8              		.eabi_attribute 25, 1
   9              		.eabi_attribute 26, 1
  10              		.eabi_attribute 30, 4
  11              		.eabi_attribute 34, 1
  12              		.eabi_attribute 18, 4
  13              		.file	"ux_utility_unicode_to_string.c"
  14              		.text
  15              		.section	.text._ux_utility_unicode_to_string,"ax",%progbits
  16              		.align	1
  17              		.global	_ux_utility_unicode_to_string
  18              		.arch armv8-m.main
  19              		.arch_extension dsp
  20              		.syntax unified
  21              		.thumb
  22              		.thumb_func
  23              		.fpu fpv4-sp-d16
  25              	_ux_utility_unicode_to_string:
  26              		@ args = 0, pretend = 0, frame = 0
  27              		@ frame_needed = 0, uses_anonymous_args = 0
  28 0000 10F8012B 		ldrb	r2, [r0], #1	@ zero_extendqisi2
  29 0004 30B5     		push	{r4, r5, lr}
  30 0006 1346     		mov	r3, r2
  31 0008 4C1E     		subs	r4, r1, #1
  32              	.L2:
  33 000a 013B     		subs	r3, r3, #1
  34 000c 5D1C     		adds	r5, r3, #1
  35 000e 00F10200 		add	r0, r0, #2
  36 0012 02D1     		bne	.L3
  37 0014 0023     		movs	r3, #0
  38 0016 8B54     		strb	r3, [r1, r2]
  39 0018 30BD     		pop	{r4, r5, pc}
  40              	.L3:
  41 001a 10F8025C 		ldrb	r5, [r0, #-2]	@ zero_extendqisi2
  42 001e 04F8015F 		strb	r5, [r4, #1]!
  43 0022 F2E7     		b	.L2
  45              		.ident	"GCC: (15:10.3-2021.07-4) 10.3.1 20210621 (release)"
ARM GAS  /tmp/ccoYSQum.s 			page 2


DEFINED SYMBOLS
                            *ABS*:0000000000000000 ux_utility_unicode_to_string.c
     /tmp/ccoYSQum.s:16     .text._ux_utility_unicode_to_string:0000000000000000 $t
     /tmp/ccoYSQum.s:25     .text._ux_utility_unicode_to_string:0000000000000000 _ux_utility_unicode_to_string

NO UNDEFINED SYMBOLS
