ARM GAS  /tmp/cchzXxOR.s 			page 1


   1              		.cpu cortex-m33
   2              		.eabi_attribute 27, 1
   3              		.eabi_attribute 28, 1
   4              		.eabi_attribute 20, 1
   5              		.eabi_attribute 21, 1
   6              		.eabi_attribute 23, 3
   7              		.eabi_attribute 24, 1
   8              		.eabi_attribute 25, 1
   9              		.eabi_attribute 26, 1
  10              		.eabi_attribute 30, 4
  11              		.eabi_attribute 34, 1
  12              		.eabi_attribute 18, 4
  13              		.file	"ux_utility_memory_byte_pool_create.c"
  14              		.text
  15              		.section	.text._ux_utility_memory_byte_pool_create,"ax",%progbits
  16              		.align	1
  17              		.global	_ux_utility_memory_byte_pool_create
  18              		.arch armv8-m.main
  19              		.arch_extension dsp
  20              		.syntax unified
  21              		.thumb
  22              		.thumb_func
  23              		.fpu fpv4-sp-d16
  25              	_ux_utility_memory_byte_pool_create:
  26              		@ args = 0, pretend = 0, frame = 0
  27              		@ frame_needed = 0, uses_anonymous_args = 0
  28 0000 70B5     		push	{r4, r5, r6, lr}
  29 0002 1446     		mov	r4, r2
  30 0004 0646     		mov	r6, r0
  31 0006 0D46     		mov	r5, r1
  32 0008 1422     		movs	r2, #20
  33 000a 0021     		movs	r1, #0
  34 000c FFF7FEFF 		bl	_ux_utility_memory_set
  35 0010 24F00302 		bic	r2, r4, #3
  36 0014 A2F10803 		sub	r3, r2, #8
  37 0018 3360     		str	r3, [r6]
  38 001a 0223     		movs	r3, #2
  39 001c C6E90352 		strd	r5, r2, [r6, #12]
  40 0020 7360     		str	r3, [r6, #4]
  41 0022 2A44     		add	r2, r2, r5
  42 0024 044B     		ldr	r3, .L2
  43 0026 B560     		str	r5, [r6, #8]
  44 0028 42F8046C 		str	r6, [r2, #-4]
  45 002c 42F8085D 		str	r5, [r2, #-8]!
  46 0030 0020     		movs	r0, #0
  47 0032 2A60     		str	r2, [r5]
  48 0034 6B60     		str	r3, [r5, #4]
  49 0036 70BD     		pop	{r4, r5, r6, pc}
  50              	.L3:
  51              		.align	2
  52              	.L2:
  53 0038 EEEEFFFF 		.word	-4370
  55              		.ident	"GCC: (15:10.3-2021.07-4) 10.3.1 20210621 (release)"
ARM GAS  /tmp/cchzXxOR.s 			page 2


DEFINED SYMBOLS
                            *ABS*:0000000000000000 ux_utility_memory_byte_pool_create.c
     /tmp/cchzXxOR.s:16     .text._ux_utility_memory_byte_pool_create:0000000000000000 $t
     /tmp/cchzXxOR.s:25     .text._ux_utility_memory_byte_pool_create:0000000000000000 _ux_utility_memory_byte_pool_create
     /tmp/cchzXxOR.s:53     .text._ux_utility_memory_byte_pool_create:0000000000000038 $d

UNDEFINED SYMBOLS
_ux_utility_memory_set
