ARM GAS  /tmp/ccPZVBEu.s 			page 1


   1              		.cpu cortex-m33
   2              		.eabi_attribute 27, 1
   3              		.eabi_attribute 28, 1
   4              		.eabi_attribute 20, 1
   5              		.eabi_attribute 21, 1
   6              		.eabi_attribute 23, 3
   7              		.eabi_attribute 24, 1
   8              		.eabi_attribute 25, 1
   9              		.eabi_attribute 26, 1
  10              		.eabi_attribute 30, 4
  11              		.eabi_attribute 34, 1
  12              		.eabi_attribute 18, 4
  13              		.file	"ux_utility_short_put.c"
  14              		.section	.gnu.lto_.profile.55e27eab3da574c3,"e",%progbits
  15 0000 789C6362 		.ascii	"x\234cb\000\001\000\000\022\000\003"
  15      00010000 
  15      120003
  16              		.text
  17              		.section	.gnu.lto_.icf.55e27eab3da574c3,"e",%progbits
  18 0000 789CE360 		.ascii	"x\234\343`@\000F\206\266\371=K\330\031\000\013%\002"
  18      40004686 
  18      B6F93D4B 
  18      D819000B 
  18      2502
  19 0012 66       		.ascii	"f"
  20              		.text
  21              		.section	.gnu.lto_.ipa_sra.55e27eab3da574c3,"e",%progbits
  22 0000 789CE365 		.ascii	"x\234\343e@\000F\006&\004\023\000\001\203\000\022"
  22      40004606 
  22      26041300 
  22      01830012 
  23              		.text
  24              		.section	.gnu.lto_.inline.55e27eab3da574c3,"e",%progbits
  25 0000 789C3363 		.ascii	"x\2343c@\000F\006\006\266\206\206\206\003L\251\214@"
  25      40004606 
  25      06B68686 
  25      86034CA9 
  25      8C40
  26 0012 B0841924 		.ascii	"\260\204\031$\306\314\004\024i`Jf`\340\0001\230S\230"
  26      C6CC0414 
  26      69604A66 
  26      60E00031 
  26      985398
  27 0025 1880102A 		.ascii	"\030\200\020*\306\002R\001\000<\306\012\330"
  27      C6025201 
  27      003CC60A 
  27      D8
  28              		.text
  29              		.section	.gnu.lto_.jmpfuncs.55e27eab3da574c3,"e",%progbits
  30 0000 789CE367 		.ascii	"x\234\343g@\000F\006&FF\346\372%\314\214@\314\300\000"
  30      40004606 
  30      264646E6 
  30      FA25CC8C 
  30      40CCC000 
  31 0014 0010D402 		.ascii	"\000\020\324\002e"
  31      65
  32              		.text
ARM GAS  /tmp/ccPZVBEu.s 			page 2


  33              		.section	.gnu.lto_.pureconst.55e27eab3da574c3,"e",%progbits
  34 0000 789C6361 		.ascii	"x\234ca```d\230\305\002\000\001d\000\244"
  34      60606064 
  34      98C50200 
  34      016400A4 
  35              		.text
  36              		.section	.gnu.lto_.lto.55e27eab3da574c3,"e",%progbits
  37 0000 09000400 		.ascii	"\011\000\004\000\001\000\000\000"
  37      01000000 
  38              		.text
  39              		.section	.gnu.lto__ux_utility_short_put.3.55e27eab3da574c3,"e",%progbits
  40 0000 789C5550 		.ascii	"x\234UP=k\024Q\024\275g\356\314n\322\331\332\331\210"
  40      3D6B1451 
  40      14BD67EE 
  40      CC6ED2D9 
  40      DAD988
  41 0013 28ECBE98 		.ascii	"(\354\276\230 \266bc\243\020\210\212\3350\231Yq\330"
  41      20B66263 
  41      A310888A 
  41      DD309959 
  41      71D8
  42 0025 9DCC30F3 		.ascii	"\235\3140\363&\232\306\274\254\240\260\315\232XE$\305"
  42      269AC6BC 
  42      ACA0B0CD 
  42      9A584524 
  42      C5
  43 0036 B2889D95 		.ascii	"\262\210\235\2251\361\213\265\010\251\204\220_\240X"
  43      31F18BB5 
  43      08A98490 
  43      5FA058
  44 0045 68A38680 		.ascii	"h\243\206\200`\261\240wf\363\201\017\356{\367\\\316"
  44      60B1A077 
  44      66F3810F 
  44      EE7BF75C 
  44      CE
  45 0056 39EFBC77 		.ascii	"9\357\274w\037D]\":-\005&\254,w,2\306\\\252ZXZ\356l"
  45      1F445D22 
  45      3A2D0526 
  45      AC2C772C 
  45      32C65CAA 
  46 006f 3F3D87F7 		.ascii	"?=\207\367(1h\321\302\"\236\360Y\201\177\266\326\272"
  46      283168D1 
  46      C2229EF0 
  46      59817FB6 
  46      D6BA
  47 0081 5F615E0C 		.ascii	"_a^\014\320g\2425\251r=c\254p\237\001\373\240\263pJ"
  47      D067A235 
  47      A9723D63 
  47      AC709F01 
  47      FBA0B370 
  48 0096 3A6E83CE 		.ascii	":n\203\316\014\214\331\371\264a\3148\365\231\361\032"
  48      0C8CD9F9 
  48      B461CC38 
  48      F599F11A 
  49 00a6 22C23AF0 		.ascii	"\"\302:\360J\002\310\340Xj\035IO\024\322\316\201\364"
  49      4A02C8E0 
  49      586A1D49 
ARM GAS  /tmp/ccPZVBEu.s 			page 3


  49      4F14D2CE 
  49      81F4
  50 00b8 C7BA318E 		.ascii	"\307\2721\2160m\274-\245o\200\315Rj\313\275\225\303"
  50      306DBC2D 
  50      A56F80CD 
  50      526ACBBD 
  50      95C3
  51 00ca 0C32A197 		.ascii	"\0142\241\227\273\316\300\014\377v\215\331>\371e\267"
  51      BBCEC00C 
  51      FF768DD9 
  51      3EF965B7 
  52 00da 320E2139 		.ascii	"2\016!9\226l\025.:\033\330\200\003\274+^\316\305[\215"
  52      966C152E 
  52      3A1BD880 
  52      03BC2B5E 
  52      CEC55B8D 
  53 00ee 0D33207A 		.ascii	"\0153 z\314\326\010,\011\370\211\366\360\321\267\325"
  53      CCD6082C 
  53      09F889F6 
  53      F0D1B7D5 
  54 00fe 9B3D468F 		.ascii	"\233=F\217\235\002\356u\266\016\2431\350y\361)\337\255"
  54      9D02EE75 
  54      B60EA331 
  54      E879F129 
  54      DFAD
  55 0110 3E577B12 		.ascii	">W{\022\351\003H\210\302z0|\370ku\272\307\226\210\012"
  55      E9034888 
  55      C27A307C 
  55      F86B75BA 
  55      C796880A 
  56 0124 E618C646 		.ascii	"\346\030\306FV\342\3022\036\031\375\306\221\021\376"
  56      56E2C232 
  56      1E19FDC6 
  56      9111FE
  57 0133 37FA5818 		.ascii	"7\372X\0301\355\243\375y\247R~i\227q\034\221\350\242"
  57      31EDA3FD 
  57      79A7527E 
  57      6997711C 
  57      91E8A2
  58 0146 8AE6B4F2 		.ascii	"\212\346\264\362\225\216\022\025\204I+\216\232\236\322"
  58      958E1215 
  58      84492B8E 
  58      9A9ED2
  59 0155 699C84FE 		.ascii	"i\234\204\376\304\371Z\246\243\251\311\374B-\317fkA"
  59      C4F95AA6 
  59      A3A9C9FC 
  59      422DCF66 
  59      6B41
  60 0167 63BE19EA 		.ascii	"c\276\031\352\332\355\273\312K\022\272R\257\253,h\252"
  60      DAEDBBCA 
  60      4B12BA52 
  60      AFAB2C68 
  60      AA
  61 0178 92A166AE 		.ascii	"\222\241f\256_\233\232to\314\\\276\345^\015gS/]P~\034"
  61      5F9B9A74 
  61      6FCC5CBE 
  61      E55E0D67 
ARM GAS  /tmp/ccPZVBEu.s 			page 4


  61      532F5D50 
  62 018e 45F19C1C 		.ascii	"E\361\234\034iCe\251\257\362{n\256\303V\250\027\334"
  62      694365A9 
  62      AFF27B6E 
  62      AEC356A8 
  62      17DC
  63 01a0 EC4E9C6A 		.ascii	"\354N\234j7\311u\335\247\252\027\004i#\313\234y\257"
  63      37C975DD 
  63      A7AA1704 
  63      6923CB9C 
  63      79AF
  64 01b2 9537FE01 		.ascii	"\2257\376\001\222\270\250\235"
  64      92B8A89D 
  65              		.text
  66              		.section	.gnu.lto_.symbol_nodes.55e27eab3da574c3,"e",%progbits
  67 0000 789C9363 		.ascii	"x\234\223c\000\002&\346z\206\006 `a\234p\216\201\241"
  67      000226E6 
  67      7A860620 
  67      60619C70 
  67      8E81A1
  68 0013 9E816157 		.ascii	"\236\201aWC##\003#\003\030\000\000uh\006B"
  68      43232303 
  68      23031800 
  68      00756806 
  68      42
  69              		.text
  70              		.section	.gnu.lto_.refs.55e27eab3da574c3,"e",%progbits
  71 0000 789C6364 		.ascii	"x\234cd\000\002\000\000\012\000\002"
  71      00020000 
  71      0A0002
  72              		.text
  73              		.section	.gnu.lto_.decls.55e27eab3da574c3,"e",%progbits
  74 0000 789CAD52 		.ascii	"x\234\255RM\210SW\024>\337\275o\2227\267\301\014\362"
  74      4D885357 
  74      143EDFBD 
  74      6F9237B7 
  74      C10CF2
  75 0013 06373204 		.ascii	"\00672\004\0136 \231\247/\264v\231V\030\005[+3\016\264"
  75      0B362099 
  75      A72FB476 
  75      99561805 
  75      5B2B330E 
  76 0028 6E42CC9D 		.ascii	"nB\314\235a\302\370&!y\261\343\356\366GZD\251(\210\330"
  76      61C2F826 
  76      2179B1E3 
  76      EEF6475A 
  76      44A92888 
  77 003d CDB4D0D2 		.ascii	"\315\264\320\322E)\265h\353\277c\374K\027\245H7n\\h"
  77      4529B568 
  77      EBBF63FC 
  77      4B17A548 
  77      376E5C68 
  78 0051 7F088C85 		.ascii	"\177\010\214\205\026\024J\221\246\347\275$&\305B7\275"
  78      16144A91 
  78      A6E7BD24 
  78      26C54237 
  78      BD
ARM GAS  /tmp/ccPZVBEu.s 			page 5


  79 0062 BC73CEFD 		.ascii	"\274s\316\375\371\276\357\234w\357yO\022\215\202h\221"
  79      F9BEEF9C 
  79      77EF794F 
  79      128D8268 
  79      91
  80 0073 88DA3C04 		.ascii	"\210\332<\004\307\333la\274\300\326\240\316`\010}KO"
  80      C7DB6C61 
  80      BCC0D6A0 
  80      CE60087D 
  80      4B4F
  81 0085 8F637C30 		.ascii	"\217c|0\314q\216m5\233\323\345\204\334\265l\353\331"
  81      CC718E6D 
  81      359BD3E5 
  81      84DCB56C 
  81      EBD9
  82 0097 AEB2EDFE 		.ascii	"\256\262\355\376\017\235\243\022\353\321n\313(\222\024"
  82      0F9DA312 
  82      EBD16ECB 
  82      289214
  83 00a6 E49A687C 		.ascii	"\344\232h|<K\370\032\035\214\234\014a\253!\330;\030"
  83      3C4BF81A 
  83      1D8C9C0C 
  83      61AB21D8 
  83      3B18
  84 00b8 F9508A47 		.ascii	"\371P\212G'\177]\247\226\215y`\226\337\036\"\234\007"
  84      277F5DA7 
  84      968D7960 
  84      96DF1E22 
  84      9C07
  85 00ca CE817016 		.ascii	"\316\201p\026\254\361\015p\0068\215\210aE\214\024\373"
  85      ACF10D70 
  85      06388D88 
  85      61458C14 
  85      FB
  86 00db B568230A 		.ascii	"\265h#\012$\337 V\370\341\247S\247\222\241D\3134\336"
  86      24DF2056 
  86      F8E1A753 
  86      A792A144 
  86      CB34DE
  87 00ee 92842C36 		.ascii	"\222\204,6\022\226\301\000\026\270\002\\\006\203n\256"
  87      1296C100 
  87      16B8025C 
  87      06836EAE 
  88 00fe 7CF0D5AA 		.ascii	"|\360\325\252\004\203~3K\015\013W\201K\300E\256\012"
  88      04837E33 
  88      4B0D0B57 
  88      814BC045 
  88      AE0A
  89 0110 0D760C78 		.ascii	"\015v\014x\367\243\373\327\255\237A\202\227\226\006"
  89      F7A3FBD7 
  89      AD9F4182 
  89      979606
  90 011f 70E70576 		.ascii	"p\347\005v\212vKr\2140\"\246\245PRI\255\232\030K?\224"
  90      8A764B72 
  90      8C3022A6 
  90      A5505249 
  90      AD9A184B 
ARM GAS  /tmp/ccPZVBEu.s 			page 6


  91 0135 395BA493 		.ascii	"9[\244\223\312\376\354\032F\324\220-D+\256U\372O|.\226"
  91      CAFEEC1A 
  91      46D4902D 
  91      442BAE55 
  91      FA4F7C2E 
  92 014a 62A99CB1 		.ascii	"b\251\234\261\364\241\321V\334\210#;\234l\216}+\336"
  92      F4A1D156 
  92      DC88233B 
  92      9C6C8E7D 
  92      2BDE
  93 015c 8466D64E 		.ascii	"\204f\326N\313\036\341Y+\256\036\312\245\3031\375\235"
  93      CB1EE159 
  93      2BAE1ECA 
  93      A5C331FD 
  93      9D
  94 016d 78FF3934 		.ascii	"x\37794\241\264\347\360M\345l{,\331\220\0159Ad\333_"
  94      A1B4E7F0 
  94      4DE56C7B 
  94      2CD9900D 
  94      394164DB 
  95 0182 7E31AA5A 		.ascii	"~1\252Z\361$K\244ujD\247\222M\014i\255\2344q\021\332"
  95      F1244BA4 
  95      756A44A7 
  95      924D0C69 
  95      AD9C3471 
  96 0198 F37242B1 		.ascii	"\363rB\261\262e7\341I$<soe\215\202\032\036K\245\211"
  96      B26537E1 
  96      49243C73 
  96      6F658D82 
  96      1A1E4BA5 
  97 01ad 344D08D6 		.ascii	"4M\010\326\225\355\336@\234s\352\376\022H+\341\011\271"
  97      95EDDE40 
  97      9C73EAFE 
  97      12482BE1 
  97      09B9
  98 01bf BD15E74E 		.ascii	"\275\025\347N\021)\"c\331\211\004\014\207\341\374v\275"
  98      11292263 
  98      D989040C 
  98      87E1FC76 
  98      BD
  99 01d0 D353D48A 		.ascii	"\323S\324\212\013>r,\030\201>S\305\010\324o\005~\254"
  99      0B3E722C 
  99      18813E53 
  99      C508D46F 
  99      057EAC
 100 01e3 F0EB380A 		.ascii	"\360\3538\012\0274\230%\332\017\221|\257\350\364No\367"
 100      17349825 
 100      DA0F917C 
 100      AFE8F44E 
 100      6FF7
 101 01f5 49E8CE3B 		.ascii	"I\350\316;\200\216\216\350%@/\011uO\007\304\3735t\353"
 101      808E8EE8 
 101      25402F09 
 101      754F07C4 
 101      FB3574EB 
 102 0209 E8E9F4F2 		.ascii	"\350\351\364\362\014\324\330\257\225_\270\223D\014r"
 102      0CD4D8AF 
ARM GAS  /tmp/ccPZVBEu.s 			page 7


 102      955FB893 
 102      440C72
 103 0218 22DE3F0A 		.ascii	"\"\336?\012\357K\322\023Y\032\370q\212\332\346\364\243"
 103      EF4BD213 
 103      591AF871 
 103      8ADAE6F4 
 103      A3
 104 0229 CB6712BF 		.ascii	"\313g\022\277\360\265\231\307\207\037H\254:\222#H\203"
 104      F0B599C7 
 104      871F48AC 
 104      3A922348 
 104      83
 105 023a A8A34E7E 		.ascii	"\250\243N~\362\227m\205\340\013@\2317V\016\275\363\251"
 105      F2976D85 
 105      E00B4099 
 105      37560EBD 
 105      F3A9
 106 024c 88361AC0 		.ascii	"\2106\032\300\315\260+\017<>~,\261\306\204\335o\034"
 106      CDB02B0F 
 106      3C3E7E2C 
 106      B1C684DD 
 106      6F1C
 107 025e CC75BB9F 		.ascii	"\314u\273\237\370\345\010\267:}y\373\340\321\343\303"
 107      F8E508B7 
 107      3A7D79FB 
 107      E0D1E3C3 
 108 026e EB4E9C30 		.ascii	"\353N\2340\177\334=\370\375\217\317\376~\326\230\003"
 108      7FDC3DF8 
 108      FD8FCFFE 
 108      7ED69803 
 109 027e 4CB04310 		.ascii	"L\260C\020n\200{<\252\347\0063\256\003\327x51>\356\326"
 109      6E807B3C 
 109      AAE70633 
 109      AE03D778 
 109      35313EEE 
 110 0293 F4BC5B0B 		.ascii	"\364\274[\013\374\254\347N\355z5\353\345\247\247^~="
 110      FCACE74E 
 110      ED7A35EB 
 110      E5A7A75E 
 110      7E3D
 111 02a5 FF4A694F 		.ascii	"\377JiO\265P\335\357\026\313\276_^\340P\235qk\325\242"
 111      B550DDEF 
 111      16CBBE5F 
 111      5EE0509D 
 111      716BD5A2 
 112 02b9 5B5FCCD7 		.ascii	"[_\314\327\203\322\336R\260?_\233+W\203|\245\036\214"
 112      83D2DE52 
 112      B03F5F9B 
 112      2B57837C 
 112      A51E8C
 113 02cc 17EDAD3B 		.ascii	"\027\355\255;\246S[6m\246\330\364\324\266\327&w\015"
 113      A6535B36 
 113      6DA6D8F4 
 113      D4B6D726 
 113      770D
 114 02de 4D6FD9F6 		.ascii	"Mo\331\366\322\244S\250\372\373^\314\370\343~\241\264"
 114      D2A453A8 
ARM GAS  /tmp/ccPZVBEu.s 			page 8


 114      FAFB5ECC 
 114      F8E37EA1 
 114      B4
 115 02ef B041D72A 		.ascii	"\260A\327*\033f+\364\014K\0053\213\031?\233\245\321"
 115      1B662BF4 
 115      0C4B0533 
 115      8B193F9B 
 115      A5D1
 116 0301 FCBFC96D 		.ascii	"\374\277\311mv\375\205\300-\272\201_qu\251\262\267\354"
 116      76FD85C0 
 116      2DBA815F 
 116      7175A9B2 
 116      B7EC
 117 0313 CF17DCA0 		.ascii	"\317\027\334\240Z\256\224\212\0337e\242J\353\317g\352"
 117      5AAE948A 
 117      1B3765A2 
 117      4AEBCF67 
 117      EA
 118 0324 B53D193D 		.ascii	"\265=\031=\263o\276\024df\337t\013\225\012m\375\177"
 118      B36FBE14 
 118      6466DF74 
 118      0B950A6D 
 118      FD7F
 119 0336 FE85FE06 		.ascii	"\376\205\376\0061\316A."
 119      31CE412E 
 120              		.text
 121              		.section	.gnu.lto_.symtab.55e27eab3da574c3,"e",%progbits
 122 0000 5F75785F 		.ascii	"_ux_utility_short_put\000"
 122      7574696C 
 122      6974795F 
 122      73686F72 
 122      745F7075 
 123 0016 00       		.ascii	"\000"
 124 0017 00       		.ascii	"\000"
 125 0018 00       		.ascii	"\000"
 126 0019 00000000 		.ascii	"\000\000\000\000\000\000\000\000"
 126      00000000 
 127 0021 C9000000 		.ascii	"\311\000\000\000"
 128              		.text
 129              		.section	.gnu.lto_.ext_symtab.55e27eab3da574c3,"e",%progbits
 130 0000 01       		.ascii	"\001"
 131 0001 01       		.ascii	"\001"
 132 0002 00       		.ascii	"\000"
 133              		.text
 134              		.section	.gnu.lto_.opts,"e",%progbits
 135 0000 272D666E 		.ascii	"'-fno-openmp' '-fno-openacc' '-fno-pie' '-fcf-prote"
 135      6F2D6F70 
 135      656E6D70 
 135      2720272D 
 135      666E6F2D 
 136 0033 6374696F 		.ascii	"ction=none' '-mcpu=cortex-m33' '-mthumb' '-mfpu=fpv"
 136      6E3D6E6F 
 136      6E652720 
 136      272D6D63 
 136      70753D63 
 137 0066 342D7370 		.ascii	"4-sp-d16' '-mfloat-abi=hard' '-mlibarch=armv8-m.mai"
 137      2D643136 
ARM GAS  /tmp/ccPZVBEu.s 			page 9


 137      2720272D 
 137      6D666C6F 
 137      61742D61 
 138 0099 6E2B6473 		.ascii	"n+dsp+fp' '-march=armv8-m.main+dsp+fp' '-Os' '-flto"
 138      702B6670 
 138      2720272D 
 138      6D617263 
 138      683D6172 
 139 00cc 2720272D 		.ascii	"' '-fdata-sections' '-ffunction-sections' '-Xassemb"
 139      66646174 
 139      612D7365 
 139      6374696F 
 139      6E732720 
 140 00ff 6C657227 		.ascii	"ler' '-a' '-Xassembler' '-ad' '-Xassembler' '-alms="
 140      20272D61 
 140      2720272D 
 140      58617373 
 140      656D626C 
 141 0132 6275696C 		.ascii	"build/../sdk/stm32/STM32_USBX_Library/common/core/s"
 141      642F2E2E 
 141      2F73646B 
 141      2F73746D 
 141      33322F53 
 142 0165 72632F75 		.ascii	"rc/ux_utility_short_put.lst'\000"
 142      785F7574 
 142      696C6974 
 142      795F7368 
 142      6F72745F 
 143              		.text
 144              		.comm	__gnu_lto_slim,1,1
 145              		.ident	"GCC: (15:10.3-2021.07-4) 10.3.1 20210621 (release)"
ARM GAS  /tmp/ccPZVBEu.s 			page 10


DEFINED SYMBOLS
                            *ABS*:0000000000000000 ux_utility_short_put.c
                            *COM*:0000000000000001 __gnu_lto_slim

NO UNDEFINED SYMBOLS
