ARM GAS  /tmp/ccr9K7Hs.s 			page 1


   1              		.cpu cortex-m33
   2              		.eabi_attribute 27, 1
   3              		.eabi_attribute 28, 1
   4              		.eabi_attribute 20, 1
   5              		.eabi_attribute 21, 1
   6              		.eabi_attribute 23, 3
   7              		.eabi_attribute 24, 1
   8              		.eabi_attribute 25, 1
   9              		.eabi_attribute 26, 1
  10              		.eabi_attribute 30, 4
  11              		.eabi_attribute 34, 1
  12              		.eabi_attribute 18, 4
  13              		.file	"ux_utility_error_callback_register.c"
  14              		.section	.gnu.lto_.profile.8bdfa1b09f661da6,"e",%progbits
  15 0000 789C6362 		.ascii	"x\234cb\000\001\000\000\022\000\003"
  15      00010000 
  15      120003
  16              		.text
  17              		.section	.gnu.lto_.icf.8bdfa1b09f661da6,"e",%progbits
  18 0000 789CE360 		.ascii	"x\234\343`@\000F\206\316\375\227\216\2623\000\000\015"
  18      40004686 
  18      CEFD978E 
  18      B2330000 
  18      0D
  19 0011 5202F0   		.ascii	"R\002\360"
  20              		.text
  21              		.section	.gnu.lto_.ipa_sra.8bdfa1b09f661da6,"e",%progbits
  22 0000 789CE364 		.ascii	"x\234\343d@\000F \004S\000\000\344\000\015"
  22      40004620 
  22      04530000 
  22      E4000D
  23              		.text
  24              		.section	.gnu.lto_.inline.8bdfa1b09f661da6,"e",%progbits
  25 0000 789C5361 		.ascii	"x\234Sa@\000F\006\006\326\006 `Jed`b\001\263R\030\030"
  25      40004606 
  25      06D60620 
  25      604A6564 
  25      606201B3 
  26 0017 D8200C26 		.ascii	"\330 \014&\006&\220\032\000\232\244\007o"
  26      0626901A 
  26      009AA407 
  26      6F
  27              		.text
  28              		.section	.gnu.lto_.jmpfuncs.8bdfa1b09f661da6,"e",%progbits
  29 0000 789CE362 		.ascii	"x\234\343b@\000F\006FF\306\372%\314\014\014\000\006"
  29      40004606 
  29      4646C6FA 
  29      25CC0C0C 
  29      0006
  30 0012 250135   		.ascii	"%\0015"
  31              		.text
  32              		.section	.gnu.lto_.pureconst.8bdfa1b09f661da6,"e",%progbits
  33 0000 789C6361 		.ascii	"x\234ca```d\230\305\002\000\001d\000\244"
  33      60606064 
  33      98C50200 
  33      016400A4 
  34              		.text
ARM GAS  /tmp/ccr9K7Hs.s 			page 2


  35              		.section	.gnu.lto_.lto.8bdfa1b09f661da6,"e",%progbits
  36 0000 09000400 		.ascii	"\011\000\004\000\001\000\000\000"
  36      01000000 
  37              		.text
  38              		.section	.gnu.lto__ux_utility_error_callback_register.3.8bdfa1b09f661da6,"e",%progbits
  39 0000 789C554F 		.ascii	"x\234UO=H[Q\024>\337\273Ij\227N]\234\352R\212BrS\305"
  39      3D485B51 
  39      143EDFBB 
  39      496A974E 
  39      5D9CEA52 
  40 0019 7615679D 		.ascii	"v\025g\235l\300\355\361\362\362,\217\344\371\036\367"
  40      6CC0EDF1 
  40      F2F22C8F 
  40      E4F91EF7 
  41 0029 BDB475F2 		.ascii	"\275\264u\362&8eIL\241\320P3\204\020\2629i\375\301\222"
  41      26386549 
  41      4CA1D050 
  41      338410B2 
  41      3969FDC1 
  42 003e A55D53B4 		.ascii	"\245]S\264{[:\325\301\301\311A\320\223gJ\361\302\341"
  42      7B5B3AD5 
  42      C1C1C941 
  42      D093674A 
  42      F1C2E1
  43 0051 7EDF39DF 		.ascii	"~\3379\337\371\370\316\023\020\265\211\350)\027\004"
  43      F9F8CE13 
  43      10B589E8 
  43      291704
  44 0060 A1B95D33 		.ascii	"\241\271]3Hk\275\360\300@e\2736l\315\340\0201\007m\032"
  44      486BBDF0 
  44      C04065BB 
  44      366CCDE0 
  44      1031076D 
  45 0075 D8C47B31 		.ascii	"\330\304{1\315\364\352k\373\343\037\350\376\000]\301"
  45      CDF4EA6B 
  45      FBE31FE8 
  45      FE005DC1 
  46 0085 065CF1FB 		.ascii	"\006\\\361\373$\320\024]\001$\306\310\300\024#\321\000"
  46      24D0145D 
  46      0124C6C8 
  46      C01423D1 
  46      00
  47 0096 3D1B68FD 		.ascii	"=\033h\375\375\374@\353\207\324\025\002\237\301K\330"
  47      FDFC40EB 
  47      87D41502 
  47      9FC14BD8 
  48 00a6 07F63800 		.ascii	"\007\3668\0007x9\365\317\210;\264{\232\034\350\353\233"
  48      377839F5 
  48      CF883BB4 
  48      7B9A1CE8 
  48      EB9B
  49 00b8 BAD63F27 		.ascii	"\272\326?'\177\377H%\301\242\004\033\037\360\260.F\011"
  49      7FFF4825 
  49      C1A2041B 
  49      1FF0B02E 
  49      4609
  50 00ca 75027A40 		.ascii	"u\002z@\324\020\306\035\2510\271@\365\303\341\260\222"
ARM GAS  /tmp/ccr9K7Hs.s 			page 3


  50      D410C61D 
  50      A930B940 
  50      F5C3E1B0 
  50      92
  51 00db EC088C03 		.ascii	"\354\010\214\003\360\"\243-\030\014\373\354\336\213"
  51      F022A32D 
  51      180CFBEC 
  51      DE8B
  52 00e9 8D700C1C 		.ascii	"\215p\014\034!\326\267\376\276\030K\023\261\2647\272"
  52      21D6B7FE 
  52      BE184B13 
  52      B1B437BA 
  53 00f9 B6FFB82B 		.ascii	"\266\377\270+Rl\202\023P\226\371\304(\362\027\354\214"
  53      526C8213 
  53      5096F9C4 
  53      28F217EC 
  53      8C
  54 010a E27538EC 		.ascii	"\342u8\354%\252\277\316\276\031\361\315u\201\377i\210"
  54      25AABFCE 
  54      BE19F1CD 
  54      7581FF69 
  54      88
  55 011b 5E4A6F3D 		.ascii	"^Jo=\222\266\214\274@\026\334\240\344{EKF\312\017\\"
  55      92B68CBC 
  55      4016DCA0 
  55      E47B454B 
  55      46CA0F5C 
  56 012f 3BFB3C1D 		.ascii	";\373<\035F\336\334ly>]\016\363\351\202\363\246\350"
  56      46DEDC6C 
  56      793E5D0E 
  56      F3E982F3 
  56      A6E8
  57 0141 46E9B5B7 		.ascii	"F\351\265\267\322\012\002\312e22,\024e\254\220+\257"
  57      D20A02CA 
  57      6532322C 
  57      1465AC90 
  57      2BAF
  58 0153 96E766CD 		.ascii	"\226\347f\315\334\312\342\252\271\344\346\225\2456\244"
  58      DCCAE2AA 
  58      B9E4E695 
  58      A536A4
  59 0162 ED7B9EBF 		.ascii	"\355{\236\277\316\237rd\250lY~g\226#\267\344F\033\246"
  59      CE9F7264 
  59      A86C597E 
  59      679623B7 
  59      E4461BA6 
  60 0176 A394AF4C 		.ascii	"\243\224\257L\333*\225\362\226]4\225\363\332\015#Ge"
  60      DB2A95F2 
  60      965D3495 
  60      F3DA0D23 
  60      4765
  61 0188 6C7A747F 		.ascii	"lzt\177t\013F+\221>"
  61      740B462B 
  61      913E
  62              		.text
  63              		.section	.gnu.lto_.symbol_nodes.8bdfa1b09f661da6,"e",%progbits
  64 0000 789C5365 		.ascii	"x\234Se\000\002&\346z\206\006 `a\234p\216\201\241\236"
ARM GAS  /tmp/ccr9K7Hs.s 			page 4


  64      000226E6 
  64      7A860620 
  64      60619C70 
  64      8E81A19E 
  65 0014 81615743 		.ascii	"\201aWC##\003#H\212\201\225\205A\001D\003\000\2439\006"
  65      23230323 
  65      488A8195 
  65      85410144 
  65      0300A339 
  66 0029 72       		.ascii	"r"
  67              		.text
  68              		.section	.gnu.lto_.refs.8bdfa1b09f661da6,"e",%progbits
  69 0000 789C6367 		.ascii	"x\234cg```\004\" \006\000\000f\000\013"
  69      60606004 
  69      22200600 
  69      0066000B 
  70              		.text
  71              		.section	.gnu.lto_.decls.8bdfa1b09f661da6,"e",%progbits
  72 0000 789CB554 		.ascii	"x\234\265Tkl\024U\024\276g\356nw;4mm\027!\304\220\365"
  72      6B6C1455 
  72      14BE67EE 
  72      6E773B34 
  72      6D6D1721 
  73 0017 49136CB7 		.ascii	"I\023l\267\335F\321\350\217\012\341a\244-\241\273\011"
  73      DD46D1E8 
  73      8F0AE161 
  73      A42DA1BB 
  73      09
  74 0028 F5CF38DD 		.ascii	"\365\3178\335\331\322M\367\345\354\024\250\277FyD\003"
  74      D9D24DF7 
  74      E5EC14A8 
  74      BF467944 
  74      03
  75 0039 08D6008D 		.ascii	"\010\326\000\215\376h\015A\211A,\332\"E\212u\013\270"
  75      FE680D41 
  75      89412CDA 
  75      22458A75 
  75      0BB8
  76 004b BCE459A0 		.ascii	"\274\344Y\240<\344Q\036\213-\245\274\244\200\246\236"
  76      3CE4511E 
  76      8B2DA5BC 
  76      A480A69E 
  77 005b 99D9DDE9 		.ascii	"\231\331\335\351\272\020\242\2117{\037s\357w\316\367"
  77      BA10A289 
  77      377B1F73 
  77      EF77CEF7 
  78 006b DD73CEDD 		.ascii	"\335s\316\335\357M\204\0143\204, 8c\303%9\204\035\260"
  78      EF4D840C 
  78      33842C20 
  78      3863C325 
  78      39841DB0 
  79 007f 8789D694 		.ascii	"\207\211\326\224u$6\337'\311\355\023\334D\027\244\006"
  79      752436DF 
  79      27C9ED13 
  79      DC4417A4 
  79      06
  80 0090 7B0E764B 		.ascii	"{\016vK\314\356\036\366\007\330\207bv7\036\343\247\201"
ARM GAS  /tmp/ccr9K7Hs.s 			page 5


  80      CCEE1EF6 
  80      07D88762 
  80      76371EE3 
  80      A781
  81 00a2 420E1870 		.ascii	"B\016\030p\264\200\025\307JP\304d\251+B\031b\223\325"
  81      B48015C7 
  81      4A50C464 
  81      A92B4219 
  81      6293D5
  82 00b5 76A196C0 		.ascii	"v\241\226\300\026\320,\350;\344s\312\254\331\332p\330"
  82      16D02CE8 
  82      3BE473CA 
  82      ACD9DA70 
  82      D8
  83 00c6 C476CAF2 		.ascii	"\304v\312\362\240\334\271(\235@\033@+\020\330\012h\330"
  83      A0DCB928 
  83      9D401B40 
  83      2B10D80A 
  83      68D8
  84 00d8 0EF003C0 		.ascii	"\016\360\003\300f@\330\247\321==`P\270\177\004\010\340"
  84      6640D8A7 
  84      D13D3D60 
  84      50B87F04 
  84      08E0
  85 00ea 46C7DAB3 		.ascii	"F\307\332\263\3273\343\033\333\024\310\225\216\350j"
  85      D733E31B 
  85      DB14C895 
  85      8EE86A
  86 00f9 637CA703 		.ascii	"c|\247\003TA\214*(\033O\017\255\353\330\2345\006%\364"
  86      54418C2A 
  86      281B4F0F 
  86      ADEBD89C 
  86      350625F4 
  87 010d CBB2056A 		.ascii	"\313\262\005j\240\023\340'\024\002?#\331v\\ \344\300"
  87      A013E027 
  87      14023F23 
  87      D9765C20 
  87      E4C0
  88 011f E5EEBDC6 		.ascii	"\345\356\275\306\014UJs\330\200'11\004\302\032`\321"
  88      0C554A73 
  88      D8802731 
  88      3104C21A 
  88      60D1
  89 0131 17177618 		.ascii	"\027\027v\030.\001a\360\323 \000\300\211\227q`\311\333"
  89      2E0161F0 
  89      D32000C0 
  89      89977160 
  89      C9DB
  90 0143 94586446 		.ascii	"\224XdFf\322\004\312\260\224\245\002\033\201\361y\267"
  90      66D204CA 
  90      B094A502 
  90      1B81F179 
  90      B7
  91 0154 698999C9 		.ascii	"i\211\231\311\313b\315\353\273 \2335\232\031&j\022\330"
  91      CB62CDEB 
  91      BB209B35 
  91      9A19266A 
ARM GAS  /tmp/ccr9K7Hs.s 			page 6


  91      12D8
  92 0166 BCFBB081 		.ascii	"\274\373\260\201iN\263\226\310\006a\331\350\250IfV\226"
  92      694EB396 
  92      C80661D9 
  92      E8A84966 
  92      5696
  93 0178 598A4B70 		.ascii	"Y\212Kp\214\232\" \240\325,\2039\033WQ\023{\2336/O\023"
  93      8C9A2220 
  93      A0D52C83 
  93      391B5751 
  93      137B9B36 
  94 018f F6331F4E 		.ascii	"\3663\037N\200\010\260\202\335\202\362K\314\346\361"
  94      8008B082 
  94      DD82F24B 
  94      CCE6F1
  95 019e 59611AA6 		.ascii	"Ya\032\246\323\0101\233[6\216f\243\246,t\221'X\263\005"
  95      D308319B 
  95      5B368E66 
  95      A3A62C74 
  95      912758B3 
  96 01b3 6B56048C 		.ascii	"kV\004\214\202\300Z\362\010\212\020\354\366\022\206"
  96      82C05AF2 
  96      088A10EC 
  96      F61286
  97 01c2 45CF0673 		.ascii	"E\317\006s\004\354\0242\354\362\371\2761,\260\351\343"
  97      04EC1432 
  97      ECF2F9BE 
  97      312CB0E9 
  97      E3
  98 01d3 AD798408 		.ascii	"\255y\204\010d\032\203~\351p\274\201\0119\005\375\023"
  98      641A837E 
  98      E970BC81 
  98      093905FD 
  98      13
  99 01e4 208F65EC 		.ascii	" \217e\354\014}+\212\005\3020VBd\2039#\003d\234\322"
  99      0C7D2B8A 
  99      05C23056 
  99      42648339 
  99      2303649C 
 100 01f9 B9B78459 		.ascii	"\271\267\204Yv\226DM\014\036Y\014 3\240[\262i\004\342"
 100      7696444D 
 100      0C1E590C 
 100      2033A05B 
 100      B26904E2 
 101 020d 85A1C48F 		.ascii	"\205\241\304\217\200\362\323\006\242|\220\221,\352\276"
 101      80F2D306 
 101      A27C9091 
 101      2CEABE
 102 021c 82C4B882 		.ascii	"\202\304\270\202V]\361\335\304\024[k\000\315\017\023"
 102      565DF1DD 
 102      C4145B6B 
 102      00CD0F13 
 103 022c 27803809 		.ascii	"'\2008\011\211\235\216p\256k\210\351\210\373\211\363"
 103      899D8E70 
 103      AE6B88E9 
 103      88FB89F3 
 104 023c 8CD0A86B 		.ascii	"\214\320\250k\305\014k$\314H\033\325.I\270\356\222$"
ARM GAS  /tmp/ccr9K7Hs.s 			page 7


 104      C50C6B24 
 104      CC481BD5 
 104      2E49B8EE 
 104      9224
 105 024e DC921117 		.ascii	"\334\222\021\027'j\331\264\336\331\336\226q\031\303"
 105      276AD9B4 
 105      DED9DE96 
 105      7119C3
 106 025d 26B77E7C 		.ascii	"&\267~|\237B\346\312\022\002t\011(Gw\2175\275\246\226"
 106      9F42E6CA 
 106      12027409 
 106      2847778F 
 106      35BDA696 
 107 0271 6C58ABEA 		.ascii	"lX\253\352\376U\255\253\230\207T\351/H\260K+\302\376"
 107      FE55ADAB 
 107      988754E9 
 107      2F48B04B 
 107      2BC2FE
 108 0284 25C37F31 		.ascii	"%\303\1771\31746\312CmK/\255}\341\306\026Y^\214\006"
 108      CF3436CA 
 108      436D4B2F 
 108      AD7DE1C6 
 108      16595E8C 
 109 0299 6605043B 		.ascii	"f\005\004;\001\037\215J\276\023-v\000t\341\353\333\302"
 109      011F8D4A 
 109      BE132D76 
 109      0074E1EB 
 109      DBC2
 110 02ab 68AF339B 		.ascii	"h\2573\233v\305Vf\332\303\020:\240~Y\240\223\320\025"
 110      76C55666 
 110      DAC3103A 
 110      A07E59A0 
 110      93D015
 111 02be 5471DD36 		.ascii	"Tq\3356\360g\213\221\225co\021q\361\372?\204\316lPH"
 111      F0678B91 
 111      95636F11 
 111      71F1FA3F 
 111      84CE6C50 
 112 02d3 BFA68AC5 		.ascii	"\277\246\212\305S0\014\352Dh\207jw\344\342\246MY\312"
 112      53300CEA 
 112      4468876A 
 112      77E4E2A6 
 112      4D59CA
 113 02e6 1B8ECAE1 		.ascii	"\033\216\312\341\367)\201b($\320\015\210\300\027|\024"
 113      F7298162 
 113      2824D00D 
 113      88C0177C 
 113      14
 114 02f7 E088F23C 		.ascii	"\340\210\362<w\365\255\370.S\177]\307\364\327u\034\007"
 114      77F5ADF8 
 114      2E537F5D 
 114      C7F4D775 
 114      1C07
 115 0309 DA45093D 		.ascii	"\332E\011=\216}@\245\230\220\370\373\230\200,\213\015"
 115      8E7D40A5 
 115      9890F8FB 
 115      98802C8B 
ARM GAS  /tmp/ccr9K7Hs.s 			page 8


 115      0D
 116 031a 0ACBF2AD 		.ascii	"\012\313\362\255\013\273G\245\376S\234\001\304 \317"
 116      0BBB47A5 
 116      FE539C01 
 116      C420CF
 117 0329 69805340 		.ascii	"i\200S@\227\032\264\033Z\324\2335\003\375R\261\315h"
 117      971AB41B 
 117      5AD49B35 
 117      03FD52B1 
 117      CD68
 118 033b 5DF5D536 		.ascii	"]\365\3256\372\234\322r\321\301\320`\357\301[\271\033"
 118      FA9CD272 
 118      D1C1D060 
 118      EFC15BB9 
 118      1B
 119 034c 31721F8D 		.ascii	"1r\037\215Ev8\014\020\325\345\354S\2066 \012\323\262"
 119      4576380C 
 119      10D5E5EC 
 119      53863620 
 119      0AD3B2
 120 035f A6B6F320 		.ascii	"\246\266\363 7\024\302o\000'\223P6\354E\012\246e}\323"
 120      3714C26F 
 120      00279350 
 120      36EC450A 
 120      A6657DD3 
 121 0373 BB11CC13 		.ascii	"\273\021\314\023\".$!\366@\002\262B\203\340\377RO\212"
 121      222E2421 
 121      F64002B2 
 121      4283E0FF 
 121      524F8A
 122 0386 9318D367 		.ascii	"\223\030\323gM\355\032\023\3529\221\252\247\210`Z\026"
 122      4DED1A13 
 122      EA3991AA 
 122      A788605A 
 122      16
 123 0397 C972A781 		.ascii	"\311r\247\201\300y\200sx\361\263*\012o~\021\3402\300"
 123      C0798073 
 123      78F1B32A 
 123      0A6F7E11 
 123      E032C0
 124 03aa 15805E80 		.ascii	"\025\200^\200KJ\366\351M5`M\233?\270\223\231\233bw\365"
 124      4B4AF6E9 
 124      4D35604D 
 124      9B3FB893 
 124      999B6277 
 125 03bf 91766873 		.ascii	"\221vhs\266\267\271\335\244g\351w]F\237V~\267\"\215"
 125      B6B7B9DD 
 125      A467E977 
 125      5D469F56 
 125      7EB7228D 
 126 03d3 E7204773 		.ascii	"\347 Gs\332\314\340.\034\000Mb?\250\205B\350\022\243"
 126      DACCE02E 
 126      1C004D62 
 126      3FA88542 
 126      E812A3
 127 03e6 9683B15A 		.ascii	"\226\203\261Zu\001]cTr\320\375m\343:C\"\007\203\247"
 127      75015D63 
ARM GAS  /tmp/ccr9K7Hs.s 			page 9


 127      5472D0FD 
 127      6DE33A43 
 127      220783A7 
 128 03fa 9A3AB40B 		.ascii	"\232:\264\013c\351\017\002\374\361\217\300aX\224B\334"
 128      63E90F02 
 128      FCF18FC0 
 128      61589442 
 128      DC
 129 040b DD74355D 		.ascii	"\335t5]\001\365\003\034TAq\266D\374\007\367\306s\204"
 129      01F5031C 
 129      544171B6 
 129      44FC07F7 
 129      C67384
 130 041e E1FD35C9 		.ascii	"\341\3755\311\321>=\003'\023\031\330\233\312\245Az\022"
 130      D13E3D03 
 130      271319D8 
 130      9BCAA541 
 130      7A12
 131 0430 90FDA95E 		.ascii	"\220\375\251^49\261@^\007\030\300\313^Sa\030\310\233"
 131      3439B140 
 131      5E0718C0 
 131      CB5E5361 
 131      18C89B
 132 0443 00B700EE 		.ascii	"\000\267\000\356\000\334\006\270\241&\240]\2711\323"
 132      00DC06B8 
 132      A126A05D 
 132      B931D3
 133 0452 3BBC6703 		.ascii	";\274g\003\315M\261\273\373H;\264\271&\177\263\001\364"
 133      CD4DB1BB 
 133      FB483BB4 
 133      B9267FB3 
 133      01F4
 134 0464 040CE93A 		.ascii	"\004\014\351:\356i\011h\350;z\232y\376\004V\361\352"
 134      EE690968 
 134      E83B7A9A 
 134      79FE0456 
 134      F1EA
 135 0476 8196B617 		.ascii	"\201\226\266\027\303\013\233g\340\021\354V=\306\261"
 135      C30B9B67 
 135      E011EC56 
 135      3DC6B1
 136 0485 BB35ECF2 		.ascii	"\2735\354\362\356\2563TwvO\007<P\350\034\005\005\266"
 136      EEAE3354 
 136      77764F07 
 136      3C50E81C 
 136      0505B6
 137 0498 90506B0B 		.ascii	"\220Pk\013I\276b\273\255\302QZl\347\234\025\223\347"
 137      49BE62BB 
 137      ADC2515A 
 137      6CE79C15 
 137      93E7
 138 04aa 70333D55 		.ascii	"p3=U\"/\326\333\\\001\237/\340\307It\333B\242\313V\267"
 138      222FD6DB 
 138      5C019F2F 
 138      E0C74974 
 138      DB42A2CB 
 139 04c0 80AB933C 		.ascii	"\200\253\223<^\217T\317\271E1 r.\336\353\255\342]\265"
ARM GAS  /tmp/ccr9K7Hs.s 			page 10


 139      5E8F54CF 
 139      B9453120 
 139      722EDEEB 
 139      ADE25DB5 
 140 04d4 9CE89EEB 		.ascii	"\234\350\236\353\011In\261\300e\236^\346\264N)\232D"
 140      09496EB1 
 140      C0659E5E 
 140      E6B44E29 
 140      9A44
 141 04e6 0CCE37CB 		.ascii	"\014\3167\313\034\026^\364\315{%\337W\340\343=\376\211"
 141      1C165EF4 
 141      CD7B25DF 
 141      57E0E33D 
 141      FE89
 142 04f8 422838B1 		.ascii	"B(8\261:HF\241C\311\275 \337W\\L\236\345\036\357t\222"
 142      3A4846A1 
 142      43C9BD20 
 142      DF575C4C 
 142      9EE51EEF 
 143 050e CDE7976C 		.ascii	"\315\347\227l.\233\344\013\332\004O\320\033\360\325"
 143      2E9BE40B 
 143      DA044FD0 
 143      1BF0D5
 144 051d F236490C 		.ascii	"\3626I\014\004=\256\302\242|U}\335K\371u\241\252|\301"
 144      043DAEC2 
 144      A27C557D 
 144      DD4BF975 
 144      A1AA7CC1 
 145 0531 3DAFD623 		.ascii	"=\257\326#\345W\317\267\361\301 q\376\037\367#\254\242"
 145      E557CFB7 
 145      F1C12071 
 145      FE1FF723 
 145      ACA2
 146 0543 38548F5F 		.ascii	"8T\217_\276\321\211U\034\037\250\363K\026}\327\313\207"
 146      BED18955 
 146      1C1FA8F3 
 146      4B167DD7 
 146      CB87
 147 0555 24EDC8AA 		.ascii	"$\355\310\252oJ5\242\233\0278o`\276\033O\203\242' \""
 147      6F4A35A2 
 147      9B17386F 
 147      60BE1B4F 
 147      83A22720 
 148 056a E3381DE0 		.ascii	"\3438\035\340s\373\002b=WU/\271\271` \340\315\301\243"
 148      73FB0262 
 148      3D57552F 
 148      B9B96020 
 148      E0CDC1A3 
 149 057e C4071792 		.ascii	"\304\007\027\222xQ2:\247\314xcvn\362\201\233\027]5O"
 149      7851323A 
 149      A7CC7863 
 149      766EF281 
 149      9B175D35 
 150 0593 26ED558B 		.ascii	"&\355U\213\374\\\237\333/\205\222\267\371y\274\307\313"
 150      FC5C9FDB 
 150      2F8592B7 
 150      F979BCC7 
ARM GAS  /tmp/ccr9K7Hs.s 			page 11


 150      CB
 151 05a4 5779DD46 		.ascii	"Wy\335F\347\314\362\262\351\343\234s\270\322\251\245"
 151      E7CCF2B2 
 151      E9E39C73 
 151      B8D2A9A5 
 152 05b4 E5B32BB9 		.ascii	"\345\263+\271\311\225\216\251\334\254\362\362\231\\"
 152      C9958EA9 
 152      DCACF2F2 
 152      995C
 153 05c2 8563B673 		.ascii	"\205c\266s\212\343\211d\012\317{\356W\377MT=~5\252|"
 153      8AE38964 
 153      0ACF7BEE 
 153      57FF4D54 
 153      3D7E35AA 
 154 05d7 D0535043 		.ascii	"\320SPCr\037B\223\215{\025\225\025\216\251\2451\302"
 154      721F4293 
 154      8D7B1595 
 154      158EA9A5 
 154      31C2
 155 05e9 A753621A 		.ascii	"\247Sb\032\317Au\235\337%y\002\376\364\204\311\353\377"
 155      CF41759D 
 155      DF257902 
 155      FEF484C9 
 155      EBFF
 156 05fb 418AE61B 		.ascii	"A\212\346\033\325\374\015\227TI\237"
 156      D5FC0D97 
 156      54499F
 157              		.text
 158              		.section	.gnu.lto_.symtab.8bdfa1b09f661da6,"e",%progbits
 159 0000 5F75785F 		.ascii	"_ux_utility_error_callback_register\000"
 159      7574696C 
 159      6974795F 
 159      6572726F 
 159      725F6361 
 160 0024 00       		.ascii	"\000"
 161 0025 00       		.ascii	"\000"
 162 0026 00       		.ascii	"\000"
 163 0027 00000000 		.ascii	"\000\000\000\000\000\000\000\000"
 163      00000000 
 164 002f C8000000 		.ascii	"\310\000\000\000"
 165 0033 5F75785F 		.ascii	"_ux_system\000"
 165      73797374 
 165      656D00
 166 003e 00       		.ascii	"\000"
 167 003f 02       		.ascii	"\002"
 168 0040 00       		.ascii	"\000"
 169 0041 00000000 		.ascii	"\000\000\000\000\000\000\000\000"
 169      00000000 
 170 0049 FA000000 		.ascii	"\372\000\000\000"
 171              		.text
 172              		.section	.gnu.lto_.ext_symtab.8bdfa1b09f661da6,"e",%progbits
 173 0000 01       		.ascii	"\001"
 174 0001 01       		.ascii	"\001"
 175 0002 00       		.ascii	"\000"
 176 0003 02       		.ascii	"\002"
 177 0004 01       		.ascii	"\001"
 178              		.text
ARM GAS  /tmp/ccr9K7Hs.s 			page 12


 179              		.section	.gnu.lto_.opts,"e",%progbits
 180 0000 272D666E 		.ascii	"'-fno-openmp' '-fno-openacc' '-fno-pie' '-fcf-prote"
 180      6F2D6F70 
 180      656E6D70 
 180      2720272D 
 180      666E6F2D 
 181 0033 6374696F 		.ascii	"ction=none' '-mcpu=cortex-m33' '-mthumb' '-mfpu=fpv"
 181      6E3D6E6F 
 181      6E652720 
 181      272D6D63 
 181      70753D63 
 182 0066 342D7370 		.ascii	"4-sp-d16' '-mfloat-abi=hard' '-mlibarch=armv8-m.mai"
 182      2D643136 
 182      2720272D 
 182      6D666C6F 
 182      61742D61 
 183 0099 6E2B6473 		.ascii	"n+dsp+fp' '-march=armv8-m.main+dsp+fp' '-Os' '-flto"
 183      702B6670 
 183      2720272D 
 183      6D617263 
 183      683D6172 
 184 00cc 2720272D 		.ascii	"' '-fdata-sections' '-ffunction-sections' '-Xassemb"
 184      66646174 
 184      612D7365 
 184      6374696F 
 184      6E732720 
 185 00ff 6C657227 		.ascii	"ler' '-a' '-Xassembler' '-ad' '-Xassembler' '-alms="
 185      20272D61 
 185      2720272D 
 185      58617373 
 185      656D626C 
 186 0132 6275696C 		.ascii	"build/../sdk/stm32/STM32_USBX_Library/common/core/s"
 186      642F2E2E 
 186      2F73646B 
 186      2F73746D 
 186      33322F53 
 187 0165 72632F75 		.ascii	"rc/ux_utility_error_callback_register.lst'\000"
 187      785F7574 
 187      696C6974 
 187      795F6572 
 187      726F725F 
 188              		.text
 189              		.comm	__gnu_lto_slim,1,1
 190              		.ident	"GCC: (15:10.3-2021.07-4) 10.3.1 20210621 (release)"
ARM GAS  /tmp/ccr9K7Hs.s 			page 13


DEFINED SYMBOLS
                            *ABS*:0000000000000000 ux_utility_error_callback_register.c
                            *COM*:0000000000000001 __gnu_lto_slim

NO UNDEFINED SYMBOLS
