ARM GAS  /tmp/cc46aTsV.s 			page 1


   1              		.cpu cortex-m33
   2              		.eabi_attribute 27, 1
   3              		.eabi_attribute 28, 1
   4              		.eabi_attribute 20, 1
   5              		.eabi_attribute 21, 1
   6              		.eabi_attribute 23, 3
   7              		.eabi_attribute 24, 1
   8              		.eabi_attribute 25, 1
   9              		.eabi_attribute 26, 1
  10              		.eabi_attribute 30, 4
  11              		.eabi_attribute 34, 1
  12              		.eabi_attribute 18, 4
  13              		.file	"ux_utility_string_to_unicode.c"
  14              		.section	.gnu.lto_.profile.4176dbec27d24f5,"e",%progbits
  15 0000 789C6362 		.ascii	"x\234cb\000\001\000\000\022\000\003"
  15      00010000 
  15      120003
  16              		.text
  17              		.section	.gnu.lto_.icf.4176dbec27d24f5,"e",%progbits
  18 0000 789CE360 		.ascii	"x\234\343`@\000F\206\327wV\036ga\000\000\017\213\003"
  18      40004686 
  18      D777561E 
  18      67610000 
  18      0F8B03
  19 0013 45       		.ascii	"E"
  20              		.text
  21              		.section	.gnu.lto_.ipa_sra.4176dbec27d24f5,"e",%progbits
  22 0000 789CE367 		.ascii	"x\234\343g@\000F\006&\004\223\221\001\000\001\337\000"
  22      40004606 
  22      26049391 
  22      010001DF 
  22      00
  23 0011 15       		.ascii	"\025"
  24              		.text
  25              		.section	.gnu.lto_.inline.4176dbec27d24f5,"e",%progbits
  26 0000 789C7360 		.ascii	"x\234s`@\000F\006\026\361\315_\026\3653g2\002\301\022"
  26      40004606 
  26      16F1CD5F 
  26      16F53367 
  26      3202C112 
  27 0014 669018B3 		.ascii	"f\220\030\263,P\344,S&\003\003{CC\303\001\246\024&\006"
  27      2C50E42C 
  27      53260303 
  27      7B4343C3 
  27      01A61426 
  28 0029 2004321B 		.ascii	" \0042\033\230\222\031X\200\012XxA\252&\370\001I\000"
  28      98921958 
  28      800A5878 
  28      41AA26F8 
  28      014900
  29 003c 133E0DFB 		.ascii	"\023>\015\373"
  30              		.text
  31              		.section	.gnu.lto_.jmpfuncs.4176dbec27d24f5,"e",%progbits
  32 0000 789C454C 		.ascii	"x\234EL\333\011\300 \020K\356\244\277]\3229\332\035"
  32      DB09C020 
  32      104BEEA4 
  32      BF5DD239 
ARM GAS  /tmp/cc46aTsV.s 			page 2


  32      DA1D
  33 0012 3A832338 		.ascii	":\203#8@\007+jN)\006B \257\214\015\302H\277\213#x\244"
  33      40072B6A 
  33      4E290642 
  33      20AF8C0D 
  33      C248BF8B 
  34 0029 4B0EDF44 		.ascii	"K\016\337D\210]8Uaq\231\217K\330\370\247_\244\264\260"
  34      885D3855 
  34      6171998F 
  34      4BD8F8A7 
  34      5FA4B4B0 
  35 003d 75B1642E 		.ascii	"u\261d.\214u}\264Y\005\006\021#\033\""
  35      8C757DB4 
  35      59050611 
  35      231B22
  36              		.text
  37              		.section	.gnu.lto_.pureconst.4176dbec27d24f5,"e",%progbits
  38 0000 789C6361 		.ascii	"x\234ca```d\230\305\002\000\001d\000\244"
  38      60606064 
  38      98C50200 
  38      016400A4 
  39              		.text
  40              		.section	.gnu.lto_.lto.4176dbec27d24f5,"e",%progbits
  41 0000 09000400 		.ascii	"\011\000\004\000\001\000\000\000"
  41      01000000 
  42              		.text
  43              		.section	.gnu.lto__ux_utility_string_to_unicode.3.4176dbec27d24f5,"e",%progbits
  44 0000 789C5D52 		.ascii	"x\234]R[H\024Q\030>\377\3743{3/O\"\322C\004\021=\350"
  44      5B481451 
  44      183EFFFC 
  44      337B332F 
  44      4F22D243 
  45 0018 9812D95B 		.ascii	"\230\022\331[\364\\\364`A\364\262\254\273\233M\272\027"
  45      F45CF460 
  45      41F4B2AC 
  45      BB9B4DBA 
  45      17
  46 0029 76672B7B 		.ascii	"vg+{q\326\313\006+\344\256\211\004\255>,\213,\005\205"
  46      71D6CB06 
  46      2BE4AE89 
  46      04AD3E2C 
  46      8B2C0585 
  47 003d 6179C964 		.ascii	"ay\311d3T$\"\021\302\227\362BD\371P-B\240\233d\377\231"
  47      33542422 
  47      11C297F2 
  47      4244F950 
  47      2D42A09B 
  48 0054 194D3B30 		.ascii	"\031M;0g\376\377|\377\345;\337\177\356 c\217\030c\036"
  48      67FEFF7C 
  48      FFE53BDF 
  48      7FEE2063 
  48      8F18631E 
  49 0068 FAC0C2A0 		.ascii	"\372\300\302\2407\031\027\230\246ig\255\002\364%\343"
  49      37191798 
  49      A66967AD 
  49      02F425E3 
  50 0078 3F1F8E88 		.ascii	"?\037\216\210\360\012\364\003\204\276\341]P\024:\222"
ARM GAS  /tmp/cc46aTsV.s 			page 3


  50      F00AF403 
  50      84BEE15D 
  50      50143A92 
  51 0088 DD02218B 		.ascii	"\335\002!\213\371B\275\330\225,y\322\323e\025%\210R"
  51      F942BDD8 
  51      952C79D2 
  51      D3651525 
  51      8852
  52 009a CA80430F 		.ascii	"\312\200C\017\001\326& \035\265\011\"\373\267\356\343"
  52      01D62620 
  52      1DB50922 
  52      FBB7EEE3 
  53 00aa 09423767 		.ascii	"\011B7g\006\263\237A\313\346 C\375\007\321\004S\010"
  53      06B39F41 
  53      CBE62043 
  53      FD07D104 
  53      5308
  54 00bc BD984100 		.ascii	"\275\230A\000\321\264\0048B\026\306\201\035\317i\332"
  54      D1B40438 
  54      4216C681 
  54      1DCF69DA 
  55 00cc C2C7314D 		.ascii	"\302\3071M\263\263\014\"\214\002%\301\013\200\347\300"
  55      B3B30C22 
  55      8C0225C1 
  55      0B80E7C0 
  56 00dc F8014FC5 		.ascii	"\370\001O\305\244\031\366{/l\374\3770\275\007\016\000"
  56      A419F67B 
  56      2F6CFCFF 
  56      30BD070E 
  56      00
  57 00ed FF1D5BD0 		.ascii	"\377\035[\320\264\374\343\216XI\"j\313\240\010/\367"
  57      B4FCE38E 
  57      5849226A 
  57      CBA0082F 
  57      F7
  58 00fe 07D32235 		.ascii	"\007\323\"5&\301$G'@\336\323E)\247m\357\364h\332\373"
  58      26C12447 
  58      2740DED3 
  58      4529A76D 
  58      EFF468DA 
  59 0113 CAB5496B 		.ascii	"\312\265Ik%PQI\240\315\202|\023\371&\3613\013\337\254"
  59      25505149 
  59      A0CD827C 
  59      13F926F1 
  59      330BDFAC 
  60 0127 0C26C0C6 		.ascii	"\014&\300\306`\014\354\334*\006\262J\201\2542\356\226"
  60      600CECDC 
  60      2A06B24A 
  60      81AC32EE 
  60      96
  61 0138 73A0825B 		.ascii	"s\240\202[\214\365 \313\027\262\365\240\345\030K\240"
  61      8CF520CB 
  61      17B2F5A0 
  61      E5184BA0 
  62 0148 A0DB51B2 		.ascii	"\240\333Q\262\177@\373\306\330\322\260D\255\271\034"
  62      7F40FBC6 
  62      D8D2B044 
ARM GAS  /tmp/cc46aTsV.s 			page 4


  62      ADB91C
  63 0157 22FC0196 		.ascii	"\"\374\001\226\207\330\352\312\254\300:A\310\240u\020"
  63      87D8EACA 
  63      ACC03A41 
  63      C8A07510 
  64 0167 293D8DC5 		.ascii	")=\215\305\235|Ft\015\033\205\322X`\212\224\265\363"
  64      9D7C4674 
  64      0D1B85D2 
  64      58608A94 
  64      B5F3
  65 0179 FCFEAD4F 		.ascii	"\374\376\255OkR\0329{\356n\337\2054\012\344\223\323"
  65      6B521A39 
  65      7BEE6EDF 
  65      85340AE4 
  65      93D3
  66 018b F12CF68E 		.ascii	"\361,\366\216\314\2624\226B\015\367S\261_\344#\005\360"
  66      CCB23496 
  66      420DF753 
  66      B15FE423 
  66      05F0
  67 019d 6E16D033 		.ascii	"n\026\3203\362\361/\2029\016\312\032\342}\276Qg\007"
  67      F2F12F82 
  67      390ECA1A 
  67      E27DBE51 
  67      6707
  68 01af CF9A06EA 		.ascii	"\317\232\006\352\315\005J &\273\226\346\320dM\225\347"
  68      CD054A20 
  68      26BB96E6 
  68      D0644D95 
  68      E7
  69 01c0 52BDD4A9 		.ascii	"R\275\324\251<M\214x\355\366\007\335\037\250\2608d\362"
  69      3C4D8C78 
  69      EDF607DD 
  69      1FA8B038 
  69      64F2
  70 01d2 747080D2 		.ascii	"tp\200\322\215\0163h\324=\244\003v\243\256\310\261\276"
  70      8D0E3368 
  70      D43DA403 
  70      76A3AEC8 
  70      B1BE
  71 01e4 F84AEA6A 		.ascii	"\370J\352j\032+L\006E\300\271\014q\335\365\300Y \035"
  71      1A2B4C06 
  71      45C0B90C 
  71      71DDF5C0 
  71      59201D
  72 01f7 F451CF19 		.ascii	"\364Q\317\031\2656\262\207\367\310\302\301\242\363\300"
  72      B536B287 
  72      F7C8C2C1 
  72      A2F3C0
  73 0206 F8B9439F 		.ascii	"\370\271C\237n\002E\3024qW\346\376\255\345\2505\215"
  73      6E0245C2 
  73      347157E6 
  73      FEADE5A8 
  73      358D
  74 0218 92211329 		.ascii	"\222!\023)A\344-\344\033\262\357\320*5\250r!\011b\353"
  74      41E42DE4 
  74      1BB2EFD0 
ARM GAS  /tmp/cc46aTsV.s 			page 5


  74      2A35A872 
  74      210962EB 
  75 022c D0B9FEE6 		.ascii	"\320\271\376\346\306^\204\376b\012`\243Q\320{\247\213"
  75      C65E84FE 
  75      620A60A3 
  75      51D07BA7 
  75      8B
  76 023d E3BDF18C 		.ascii	"\343\275\361\214\203&Q\000;I,L\215f(\255\002\247\306"
  76      83265100 
  76      3B492C4C 
  76      8D6628AD 
  76      02A7C6
  77 0250 47809A4B 		.ascii	"G\200\232K\007F\274\371\365\265\264_X+\027\000\336\202"
  77      0746BCF9 
  77      F5B5B45F 
  77      582B1700 
  77      DE82
  78 0262 31FFEFFF 		.ascii	"1\377\357\377\203\363\273\340\3642gs\346(\021`\033\320"
  78      83F3BBE0 
  78      F4326773 
  78      E6281160 
  78      1BD0
  79 0274 BE3A6135 		.ascii	"\276:a5X\320E\354\242\310\237\025\354=+\306N\313>\277"
  79      58D045EC 
  79      A2C89F15 
  79      EC3D2BC6 
  79      4ECB3EBF 
  80 0288 2ABB65D5 		.ascii	"*\273e\325\027\224=J\260%\340kv\311j(\020T\3345'\253"
  80      17943D4A 
  80      B025E06B 
  80      76C96A28 
  80      1054DC35 
  81 029e C2AAAFAE 		.ascii	"\302\252\257\2566r\252*\022n\254\362xo6+j\325\265[\262"
  81      3672AA2A 
  81      126EACF2 
  81      786F362B 
  81      6AD5B55B 
  82 02b3 2B186417 		.ascii	"+\030d\027\253\253\345\260\247Y\326#\344\206K\027\352"
  82      ABABE5B0 
  82      A759D623 
  82      E4864B17 
  82      EA
  83 02c4 6A9D971B 		.ascii	"j\235\227\033\316]q\236W\032C\256P\253\354\016\370|"
  83      CE5D719E 
  83      571A43AE 
  83      50ABEC0E 
  83      F87C
  84 02d6 013FFD42 		.ascii	"\001?\375B^9\034r\313\221\333\316\210\252\264(j\253"
  84      5E391C72 
  84      CB91DBCE 
  84      88AAB428 
  84      6AAB
  85 02e8 33AC8614 		.ascii	"3\254\206\024\177\223S\0158#~\305\035\360x\253\335\314"
  85      7F93530D 
  85      38237EC5 
  85      1DF078AB 
  85      DDCC
ARM GAS  /tmp/cc46aTsV.s 			page 6


  86 02fa 120E4442 		.ascii	"\022\016DBno\221\307\033V\025\277KU\002\376b3\256\305"
  86      6E6F91C7 
  86      1B5615BF 
  86      4B5502FE 
  86      6233AEC5 
  87 030e EB6F52AF 		.ascii	"\353oR\257\377\005\324*b\037"
  87      FF05D42A 
  87      621F
  88              		.text
  89              		.section	.gnu.lto_.symbol_nodes.4176dbec27d24f5,"e",%progbits
  90 0000 789C7364 		.ascii	"x\234sd\000\002&\346z\206\017\277VX0N8\307\300P\317"
  90      000226E6 
  90      7A860FBF 
  90      5658304E 
  90      38C7C050 
  91 0015 C0B0ABA1 		.ascii	"\300\260\253\241\221\221\201\021$\303\300\310R\317\370"
  91      91918111 
  91      24C3C0C8 
  91      52CFF8
  92 0024 1F0AE4C1 		.ascii	"\037\012\344\301\362\014\014\015\015\015 If\006F\260"
  92      F20C0C0D 
  92      0D0D2049 
  92      660646B0 
  93 0034 26170600 		.ascii	"&\027\006\000\324z\025\272"
  93      D47A15BA 
  94              		.text
  95              		.section	.gnu.lto_.refs.4176dbec27d24f5,"e",%progbits
  96 0000 789C6364 		.ascii	"x\234cd\000\002\000\000\012\000\002"
  96      00020000 
  96      0A0002
  97              		.text
  98              		.section	.gnu.lto_.decls.4176dbec27d24f5,"e",%progbits
  99 0000 789CAD53 		.ascii	"x\234\255S_h[U\030\377\276sn\233\333\263\254)#c/\263"
  99      5F685B55 
  99      18FFBE73 
  99      6E9BDBB3 
  99      AC292363 
 100 0016 86BD181C 		.ascii	"\206\275\030\034\311\335\022t\276\010\321\301T\246u"
 100      C9DD1274 
 100      BE08D1C1 
 100      54A675
 101 0025 D815DC5E 		.ascii	"\330\025\334^b\226\2235\3276\177Hn\346\366vduN\252\263"
 101      62969335 
 101      D7367F48 
 101      6EE6F676 
 101      64754EAA 
 102 003a 5674157D 		.ascii	"Vt\025}\350\364e\310\0207:\327\265]\227\246\335\214"
 102      E8F465C8 
 102      10373AD7 
 102      B55D97A6 
 102      DD8C
 103 004c 9DB5565F 		.ascii	"\235\265V_\024Ep\250\004&\2420q\014\244~\367&\267\211"
 103      144570A8 
 103      0426A230 
 103      710CA47E 
 103      F726B789 
 104 0060 28A2E0E1 		.ascii	"(\242\340\341~\347\317w\276\337\357\373\335s\316\327"
ARM GAS  /tmp/cc46aTsV.s 			page 7


 104      7EE7CF77 
 104      BEDFEFFB 
 104      DD73CED7 
 105 0070 AB01BC80 		.ascii	"\253\001\274\200\000#\000\260J\215\321\270B\306\311"
 105      002300B0 
 105      4A8DD1B8 
 105      42C6C9
 106 007f 66C8CA64 		.ascii	"f\310\312dsPo\366\336\"\331\247\360\327\366\032qxiL"
 106      73506FF6 
 106      DE22D9A7 
 106      F0D7F61A 
 106      7178694C 
 107 0093 936D20F3 		.ascii	"\223m \363\267\340\367\221mn\360\332\\\313d\323d\375"
 107      B7E0F791 
 107      6D6EF0DA 
 107      5CCB64D3 
 107      64FD
 108 00a5 FF827794 		.ascii	"\377\202w\224\343\006\324\250\367c\200\372\315\270\212"
 108      E306D4A8 
 108      F76380FA 
 108      CDB88A
 109 00b4 CE009C81 		.ascii	"\316\000\234\201\241\234\366\366\323\200\223X\017\347"
 109      A19CF6F6 
 109      D3809358 
 109      0FE7
 110 00c2 FBE14DCE 		.ascii	"\373\341M\316>\377\356\354Y\237(+US\225g9`\024\267\001"
 110      3EFFEEEC 
 110      599F282B 
 110      55539567 
 110      396014B7 
 111 00d7 4E21C12E 		.ascii	"N!\301.\"^@\374\000)\350\352\215\227\317uz)\350g5^\321"
 111      225E40FC 
 111      0029E8EA 
 111      8D97CF75 
 111      7A29E867 
 112 00ee 701AF13C 		.ascii	"p\032\361<\342\004\361\340\014:y\367\241} >g\006\374"
 112      E204F1E0 
 112      0C3A79F7 
 112      A17D203E 
 112      6706FC
 113 0101 299BF8E4 		.ascii	")\233\370\344\324\350g\036\341`\312C\035\320@\340e\244"
 113      D4E8671E 
 113      E160CA43 
 113      1DD040E0 
 113      65A4
 114 0113 10A29E45 		.ascii	"\020\242\236E\274dS\237\233\232\030\025M\352r\223z\216"
 114      BC64539F 
 114      9B9A1815 
 114      4DEA7293 
 114      7A8E
 115 0125 3A0A183A 		.ascii	":\012\030:u}A\373\036\201\321R\223\210\370\305\275\324"
 115      757D41FB 
 115      1E81D152 
 115      9388F8C5 
 115      BDD4
 116 0137 09D8CFC1 		.ascii	"\011\330\317\301\257\230b\355\2223\301\005\227\242\212"
 116      AF9862ED 
ARM GAS  /tmp/cc46aTsV.s 			page 8


 116      9233C105 
 116      97A28A
 117 0146 DDC19B3C 		.ascii	"\335\301\233<\246\263\240O\350\247\347\261K\264\351"
 117      A6B3A04F 
 117      E8A7E7B1 
 117      4BB4E9
 118 0155 8CD53C52 		.ascii	"\214\325<R\004o\343\0316\336\036\210)M\276\270\261\346"
 118      046FE319 
 118      36DE1E88 
 118      294DBEB8 
 118      B1E6
 119 0167 516CA4C7 		.ascii	"Ql\244\307\037\215Q_\363TQ\022j\217\246w\321\254\346"
 119      1F8D515F 
 119      F3545112 
 119      6A8FA677 
 119      D1ACE6
 120 017a 1137F9F8 		.ascii	"\0217\371\370K\355r\211\035\277\013\253(d\304O\307\026"
 120      4BED7289 
 120      1DBF0BAB 
 120      2864C44F 
 120      C716
 121 018c D3F56E5F 		.ascii	"\323\365n_\205W\370.\000]\177\377\275\215\242\346\361"
 121      8557F82E 
 121      005D7FFF 
 121      BD8DA2E6 
 121      F1
 122 019d 11455006 		.ascii	"\021EP\006\272d\300W\3056)\205?\010$BF\"1&\210Y\323"
 122      BA64C057 
 122      C5362985 
 122      3F082442 
 122      46223126 
 123 01b4 AB18E1E8 		.ascii	"\253\030\341\350\215\250ool\022(:\272\003A\000\011\273"
 123      8DA86F6F 
 123      6C12283A 
 123      BA034100 
 123      09BB
 124 01c6 18F1F255 		.ascii	"\030\361\362U\267\241\207r\312\346\0221(X\204\361\335"
 124      B7A18772 
 124      CAE61231 
 124      285884F1 
 124      DD
 125 01d7 350FDD36 		.ascii	"5\017\3356\013\000(M\367zQ\321\320\021\337-\367D\004"
 125      0B00284D 
 125      F77A51D1 
 125      D011DF2D 
 125      F74404
 126 01ea D43C8CB6 		.ascii	"\324<\214\266\374\032*\206M\244h\007t\237\202}~\200"
 126      FC1A2A86 
 126      4DA46807 
 126      749F827D 
 126      7E80
 127 01fc F657EFC0 		.ascii	"\366W\357\300^@k\026\307oG\322\271:\321\000\256wmh\314"
 127      5E406B16 
 127      C76F47D2 
 127      B93AD100 
 127      AE776D68 
 128 0211 EB01751E 		.ascii	"\353\001u\036\346&@7\0114v[\310\233\032\032:\\\0367"
ARM GAS  /tmp/cc46aTsV.s 			page 9


 128      E6264037 
 128      0934765B 
 128      C89B1A1A 
 128      3A5C1E37 
 129 0225 4F8BC6A6 		.ascii	"O\213\306\246V\272\341z\022\326\212qp\177\022\336\244"
 129      56BAE17A 
 129      12D68A71 
 129      707F12DE 
 129      A4
 130 0236 84355A68 		.ascii	"\2045Zh\371qp\236\315\304\257\263\347\275?\320\261\251"
 130      F971709E 
 130      CDC4AFB3 
 130      E7BD3FD0 
 130      B1A9
 131 0248 8913B739 		.ascii	"\211\023\2679v\216\304\000\3711\264\267\276>\372\323"
 131      768EC400 
 131      F931B4B7 
 131      BE3EFAD3 
 132 0258 E5F51A38 		.ascii	"\345\365\0328\257\027s\3448v\2512\323\346:\256\240S"
 132      AF1773E4 
 132      3876A932 
 132      D3E63AAE 
 132      A053
 133 026a 47CCA9A3 		.ascii	"G\314\251\243.\332}gn\3647\266\211\210~T\312\217i\272"
 133      2EDA7D67 
 133      6EF437B6 
 133      89887E54 
 133      CA8F69BA 
 134 027e 3DFCD016 		.ascii	"=\374\320\026\361\021\345\277Z\177\243\313\323\307\207"
 134      F111E5BF 
 134      5A7FA3CB 
 134      D3C787
 135 028d DBB68C8D 		.ascii	"\333\266\214\215\251[o\014\177s\364\356_&\225z\216\000"
 135      A95B6F0C 
 135      7F73F4EE 
 135      5F26957A 
 135      8E00
 136 029f BA1D840B 		.ascii	"\272\035\204\013H\357\335\321\266@\210y\304\012\225"
 136      48EFDDD1 
 136      B6408879 
 136      C40A95
 137 02ae C81966E3 		.ascii	"\310\031f\343^\255-~\211N\342r]\311\251w\227\236\357"
 137      5EAD2D7E 
 137      894EE272 
 137      5DC9A977 
 137      979EEF
 138 02c1 741C7388 		.ascii	"t\034s\210\037\333\365qz\370\253\225u\256\266%\333s"
 138      1FDBF571 
 138      7AF8AB95 
 138      75AEB625 
 138      DB73
 139 02d3 FDC4EFB3 		.ascii	"\375\304\357\263\3365=\004t\005-\023\375'uA\213'W/\254"
 139      DE353D04 
 139      74052D13 
 139      FD277541 
 139      8B27572F 
 140 02e8 DF32A6D4 		.ascii	"\3372\246\324\255\311\327/\316\213\267T\205\3216^[\223"
ARM GAS  /tmp/cc46aTsV.s 			page 10


 140      ADC9D72F 
 140      CE8BB754 
 140      85D1365E 
 140      5B93
 141 02fa 720D1BE7 		.ascii	"r\015\033\3474\364\312\324\025\336\254\277\345f\375"
 141      34F4CAD4 
 141      15DEACBF 
 141      E566FD
 142 0309 ADD8213D 		.ascii	"\255\330!=\341\260Q\224\003F\321\312D#F\357\336\307"
 142      E1B05194 
 142      0346D1CA 
 142      442346EF 
 142      DEC7
 143 031b A291785F 		.ascii	"\242\221x_\357\203O\306\0375\017\024\022\205#F2\227"
 143      EF834FC6 
 143      1F350F14 
 143      12852346 
 143      3297
 144 032d C9E4B234 		.ascii	"\311\344\2624\024RF\261\2204J\207\343%\313\0344\255"
 144      145246B1 
 144      90344A87 
 144      E325CB1C 
 144      34AD
 145 033f 23F1A255 		.ascii	"#\361\242U0\263\375q+\027/e\315dN\246\302I\375\241\236"
 145      30B3FD71 
 145      2B172F65 
 145      CD644EA6 
 145      C249FDA1 
 146 0354 BEC0CEED 		.ascii	"\276\300\316\355;\240\255o\347\303\017<\241\365=\322"
 146      3BA0AD6F 
 146      E7C30F3C 
 146      A1F53DD2 
 147 0364 B3D79F28 		.ascii	"\263\327\237(d\016\335\027\312\2043\0113\273U\026\363"
 147      640EDD17 
 147      CA843309 
 147      33BB5516 
 147      F3
 148 0375 5B0FE661 		.ascii	"[\017\346a\035\021Z\251\303\241L4\012w\304\377\211t"
 148      1D115AA9 
 148      C3A14C34 
 148      0A77C4FF 
 148      8974
 149 0387 8791C95A 		.ascii	"\207\221\311ZF\322\2602yC\232\371\301\\f aX\205\\\336"
 149      46D2B032 
 149      79439AF9 
 149      C15C6620 
 149      6158855C 
 150 039c 4C6EDB1E 		.ascii	"Ln\333\036rt\227\356\011\225\212\007B2uh\300\264B\007"
 150      727497EE 
 150      09958A07 
 150      42327568 
 150      C0B44207 
 151 03b0 9F3112F9 		.ascii	"\2371\022\371<<\376\377\376\031\334\3717*\007S\331~"
 151      3C3CFEFF 
 151      FE19DCF9 
 151      372A0753 
 151      D97E
ARM GAS  /tmp/cc46aTsV.s 			page 11


 152 03c2 2B1D4FA6 		.ascii	"+\035O\246S\311\201\373\377K>3\333\232/\234\206?\000"
 152      53C981FB 
 152      FF4B3E33 
 152      DB9A2F9C 
 152      863F00
 153 03d5 C70CB42A 		.ascii	"\307\014\264*"
 154              		.text
 155              		.section	.gnu.lto_.symtab.4176dbec27d24f5,"e",%progbits
 156 0000 5F75785F 		.ascii	"_ux_utility_string_to_unicode\000"
 156      7574696C 
 156      6974795F 
 156      73747269 
 156      6E675F74 
 157 001e 00       		.ascii	"\000"
 158 001f 00       		.ascii	"\000"
 159 0020 00       		.ascii	"\000"
 160 0021 00000000 		.ascii	"\000\000\000\000\000\000\000\000"
 160      00000000 
 161 0029 CA000000 		.ascii	"\312\000\000\000"
 162 002d 5F75785F 		.ascii	"_ux_utility_string_length_check\000"
 162      7574696C 
 162      6974795F 
 162      73747269 
 162      6E675F6C 
 163 004d 00       		.ascii	"\000"
 164 004e 02       		.ascii	"\002"
 165 004f 00       		.ascii	"\000"
 166 0050 00000000 		.ascii	"\000\000\000\000\000\000\000\000"
 166      00000000 
 167 0058 D0000000 		.ascii	"\320\000\000\000"
 168              		.text
 169              		.section	.gnu.lto_.ext_symtab.4176dbec27d24f5,"e",%progbits
 170 0000 01       		.ascii	"\001"
 171 0001 01       		.ascii	"\001"
 172 0002 00       		.ascii	"\000"
 173 0003 01       		.ascii	"\001"
 174 0004 00       		.ascii	"\000"
 175              		.text
 176              		.section	.gnu.lto_.opts,"e",%progbits
 177 0000 272D666E 		.ascii	"'-fno-openmp' '-fno-openacc' '-fno-pie' '-fcf-prote"
 177      6F2D6F70 
 177      656E6D70 
 177      2720272D 
 177      666E6F2D 
 178 0033 6374696F 		.ascii	"ction=none' '-mcpu=cortex-m33' '-mthumb' '-mfpu=fpv"
 178      6E3D6E6F 
 178      6E652720 
 178      272D6D63 
 178      70753D63 
 179 0066 342D7370 		.ascii	"4-sp-d16' '-mfloat-abi=hard' '-mlibarch=armv8-m.mai"
 179      2D643136 
 179      2720272D 
 179      6D666C6F 
 179      61742D61 
 180 0099 6E2B6473 		.ascii	"n+dsp+fp' '-march=armv8-m.main+dsp+fp' '-Os' '-flto"
 180      702B6670 
 180      2720272D 
ARM GAS  /tmp/cc46aTsV.s 			page 12


 180      6D617263 
 180      683D6172 
 181 00cc 2720272D 		.ascii	"' '-fdata-sections' '-ffunction-sections' '-Xassemb"
 181      66646174 
 181      612D7365 
 181      6374696F 
 181      6E732720 
 182 00ff 6C657227 		.ascii	"ler' '-a' '-Xassembler' '-ad' '-Xassembler' '-alms="
 182      20272D61 
 182      2720272D 
 182      58617373 
 182      656D626C 
 183 0132 6275696C 		.ascii	"build/../sdk/stm32/STM32_USBX_Library/common/core/s"
 183      642F2E2E 
 183      2F73646B 
 183      2F73746D 
 183      33322F53 
 184 0165 72632F75 		.ascii	"rc/ux_utility_string_to_unicode.lst'\000"
 184      785F7574 
 184      696C6974 
 184      795F7374 
 184      72696E67 
 185              		.text
 186              		.comm	__gnu_lto_slim,1,1
 187              		.ident	"GCC: (15:10.3-2021.07-4) 10.3.1 20210621 (release)"
ARM GAS  /tmp/cc46aTsV.s 			page 13


DEFINED SYMBOLS
                            *ABS*:0000000000000000 ux_utility_string_to_unicode.c
                            *COM*:0000000000000001 __gnu_lto_slim

NO UNDEFINED SYMBOLS
