ARM GAS  /tmp/ccagzmxE.s 			page 1


   1              		.cpu cortex-m33
   2              		.eabi_attribute 27, 1
   3              		.eabi_attribute 28, 1
   4              		.eabi_attribute 20, 1
   5              		.eabi_attribute 21, 1
   6              		.eabi_attribute 23, 3
   7              		.eabi_attribute 24, 1
   8              		.eabi_attribute 25, 1
   9              		.eabi_attribute 26, 1
  10              		.eabi_attribute 30, 4
  11              		.eabi_attribute 34, 1
  12              		.eabi_attribute 18, 4
  13              		.file	"ux_utility_short_get.c"
  14              		.section	.gnu.lto_.profile.d0d9b9545c2606b9,"e",%progbits
  15 0000 789C6362 		.ascii	"x\234cb\000\001\000\000\022\000\003"
  15      00010000 
  15      120003
  16              		.text
  17              		.section	.gnu.lto_.icf.d0d9b9545c2606b9,"e",%progbits
  18 0000 789CE360 		.ascii	"x\234\343`@\000F\206\255\217\236\316\342`\000\000\016"
  18      40004686 
  18      AD8F9ECE 
  18      E2600000 
  18      0E
  19 0011 D60328   		.ascii	"\326\003("
  20              		.text
  21              		.section	.gnu.lto_.ipa_sra.d0d9b9545c2606b9,"e",%progbits
  22 0000 789CE364 		.ascii	"x\234\343d@\000F \004\002f\006\000\000\350\000\017"
  22      40004620 
  22      04026606 
  22      0000E800 
  22      0F
  23              		.text
  24              		.section	.gnu.lto_.inline.d0d9b9545c2606b9,"e",%progbits
  25 0000 789C7366 		.ascii	"x\234sf@\000F\006\006\366\006 `Nedd`\\\302\314\300\000"
  25      40004606 
  25      06F60620 
  25      604E6564 
  25      64605CC2 
  26 0017 442CAC40 		.ascii	"D,\254@\221\003L)\0209 \203\211\201\211\201\021\244"
  26      91034C29 
  26      10392083 
  26      89818981 
  26      11A4
  27 0029 8C298989 		.ascii	"\214)\211\211\201\005\316f`\001\031\001\000\343\032"
  27      8105CE66 
  27      60011901 
  27      00E31A
  28 0038 0D97     		.ascii	"\015\227"
  29              		.text
  30              		.section	.gnu.lto_.jmpfuncs.d0d9b9545c2606b9,"e",%progbits
  31 0000 789CE362 		.ascii	"x\234\343b@\000F\006FF\306\372%\314\214\014\000\006"
  31      40004606 
  31      4646C6FA 
  31      25CC8C0C 
  31      0006
  32 0012 270136   		.ascii	"'\0016"
ARM GAS  /tmp/ccagzmxE.s 			page 2


  33              		.text
  34              		.section	.gnu.lto_.pureconst.d0d9b9545c2606b9,"e",%progbits
  35 0000 789C6361 		.ascii	"x\234ca```dhe\001\000\001:\000\217"
  35      60606064 
  35      68650100 
  35      013A008F 
  36              		.text
  37              		.section	.gnu.lto_.lto.d0d9b9545c2606b9,"e",%progbits
  38 0000 09000400 		.ascii	"\011\000\004\000\001\000\000\000"
  38      01000000 
  39              		.text
  40              		.section	.gnu.lto__ux_utility_short_get.3.d0d9b9545c2606b9,"e",%progbits
  41 0000 789C5590 		.ascii	"x\234U\220\317k\324P\020\307g2\311f+\010\036=\366\242"
  41      CF6BD450 
  41      10C76732 
  41      C9662B08 
  41      1E3DF6A2 
  42 0014 E261F769 		.ascii	"\342a\367i\213\350Q\274x\321S\025<\031\322$j\330M\023"
  42      8BE851BC 
  42      78D15315 
  42      3C19D224 
  42      6AD84D13 
  43 0028 F2A3DA53 		.ascii	"\362\243\332S_\267\240\260\202k\327\213[J\017a\021o"
  43      5FB7A0B0 
  43      826BD78B 
  43      5B4A0F61 
  43      116F
  44 003a 5E5A5C7F 		.ascii	"^Z\\\177\022\020=J\361`O\036\374\007J\361\242He\235"
  44      12103D4A 
  44      F1604F1E 
  44      FC074AF1 
  44      A248659D 
  45 004e 97D4AA90 		.ascii	"\227\324\252\220L\336|\363\375\314\314\233\021\002\364"
  45      4CDE7CF3 
  45      FDCCCC9B 
  45      1102F4
  46 005d 00E038BF 		.ascii	"\000\3408\277H\200\375\225\256\006R\312\363\246\206"
  46      4880FD95 
  46      AE0652CA 
  46      F3A686
  47 006c 4B2BDDED 		.ascii	"K+\335\355\325\221\216o\260\024\020\0265\\\304G\264"
  47      D5918E6F 
  47      B0141016 
  47      355CC447 
  47      B4
  48 007d 46D8A721 		.ascii	"F\330\247!\233\365\375\023\342\344\311B\312\037\357"
  48      9BF5FD13 
  48      E2E4C942 
  48      CA1FEF
  49 008c D71F2CD7 		.ascii	"\327\037,\327\326\236\026\372\2204Xg\303&\342\0067\000"
  49      D69E16FA 
  49      90345867 
  49      C326E206 
  49      3700
  50 009e 60237510 		.ascii	"`#u\020N\260k\353\343H\312\011\030\022\341s\374\307"
  50      4EB06BEB 
  50      E348CA09 
ARM GAS  /tmp/ccagzmxE.s 			page 3


  50      1812E173 
  50      FCC7
  51 00b0 C44265AC 		.ascii	"\304Be\254jk\007\265\217(\270\213\352\3271\346w\007"
  51      6A6B07B5 
  51      8F28B88B 
  51      EAD731E6 
  51      7707
  52 00c2 EF3E1CDE 		.ascii	"\357>\034\336\222\365!\351\370\252,\360\022\361E\331"
  52      92F521E9 
  52      F8AA2CF0 
  52      12F145D9 
  53 00d2 056A80AF 		.ascii	"\005j\200\257QuV\267\341\207\263g\237\214B\356\215{"
  53      517556B7 
  53      E187B367 
  53      9F8C42EE 
  53      8D7B
  54 00e4 528E8F7E 		.ascii	"R\216\217~\375\\;\204\334\310\320T \0165]\005\003q\204"
  54      FD5C3B84 
  54      DCC8D054 
  54      200E355D 
  54      05037184 
  55 00f8 A662EB2A 		.ascii	"\246b\353*\250\3414^\013\251EH\035e\001\360\220\264"
  55      A8E1345E 
  55      0BA94548 
  55      1D6501F0 
  55      90B4
  56 010a 2A59E264 		.ascii	"*Y\342d\007;\217\357\177\037\\\317\011\367\247$\204"
  56      073B8FEF 
  56      7F1F5CCF 
  56      09F7A724 
  56      84
  57 011b 276A4B3C 		.ascii	"'jK<\225\231\223\201o\261t\355\335\373\202\271R\260"
  57      95999381 
  57      6FB174ED 
  57      DDFB82B9 
  57      52B0
  58 012d 62C68328 		.ascii	"b\306\203('\355\200\301\377\230\342\017\303\010\261"
  58      27ED80C1 
  58      FF98E20F 
  58      C308B1
  59 013c 8D93E59F 		.ascii	"\215\223\345\237w\177q\246\263\240\210:\317\307b\277"
  59      777F71A6 
  59      B3A0883A 
  59      CFC762BF 
  60 014c AC5A2F75 		.ascii	"\254Z/u\263B\266W\317\3454\301\"|\303\316$\037\325\006"
  60      B342B657 
  60      CFE534C1 
  60      227CC3CE 
  60      241FD506 
  61 0160 7A847F2F 		.ascii	"z\204\177/\000pV\004s\251pD\032D\302\365\243v\030\264"
  61      00705604 
  61      73A97044 
  61      1A44C2F5 
  61      A37618B4 
  62 0174 6C91C661 		.ascii	"l\221\306a\344;\247N7\2224\230\236\312\3164\262d\266"
  62      E43BA74E 
  62      37923498 
ARM GAS  /tmp/ccagzmxE.s 			page 4


  62      9ECACE34 
  62      B264B6
  63 0187 E17AF32D 		.ascii	"\341z\363-?m\334\270-\354(\202\213\315\246H\334\226"
  63      3F6DDCB8 
  63      2DEC2882 
  63      8BCDA648 
  63      DC96
  64 0199 281D62E6 		.ascii	"(\035b\346\312\345\351)\353\352\314\205k\326%\1776\266"
  64      CAE5E929 
  64      EBEACC85 
  64      6BD6257F 
  64      36B6
  65 01ab E305E184 		.ascii	"\343\005\341\204A\020\316\361'\366D\022;\"\273ce\251"
  65      4110CEF1 
  65      27F64412 
  65      3B22BB63 
  65      65A9
  66 01bd DFF6D305 		.ascii	"\337\366\323\005+\271\025\306\251u\323K\233\016\230"
  66      2BB915C6 
  66      A975D34B 
  66      9B0E98
  67 01cc B6EBC65E 		.ascii	"\266\353\306^\222\030\363v;\363~\003\376\202\270\024"
  67      9218F376 
  67      3BF37E03 
  67      FE82B814 
  68              		.text
  69              		.section	.gnu.lto_.symbol_nodes.d0d9b9545c2606b9,"e",%progbits
  70 0000 789C9363 		.ascii	"x\234\223c\000\002&\346z\206\006 `a\234p\216\201\241"
  70      000226E6 
  70      7A860620 
  70      60619C70 
  70      8E81A1
  71 0013 9E816157 		.ascii	"\236\201aWC##\003#\003\030\000\000uh\006B"
  71      43232303 
  71      23031800 
  71      00756806 
  71      42
  72              		.text
  73              		.section	.gnu.lto_.refs.d0d9b9545c2606b9,"e",%progbits
  74 0000 789C6364 		.ascii	"x\234cd\000\002\000\000\012\000\002"
  74      00020000 
  74      0A0002
  75              		.text
  76              		.section	.gnu.lto_.decls.d0d9b9545c2606b9,"e",%progbits
  77 0000 789CAD53 		.ascii	"x\234\255S_h\233U\024?\277{\277$_\357\342RF\312\036"
  77      5F689B55 
  77      143FBF7B 
  77      BF245FEF 
  77      E25246CA 
  78 0015 1C254CD8 		.ascii	"\034%L\330\002#\375\266\004\235\217\321A;\330\354F\273"
  78      0223FDB6 
  78      049D8FD1 
  78      413BD8EC 
  78      46BB
  79 0027 80FA12B2 		.ascii	"\200\372\022\262\334v\206\356kB\362u\266owv\240\017"
  79      DC7686EE 
  79      6B42F275 
ARM GAS  /tmp/ccagzmxE.s 			page 5


  79      B66F7776 
  79      A00F
  80 0039 964D4118 		.ascii	"\226MA\030\372R}\022\374\203\033\233\2729\327.\2355"
  80      FA527D12 
  80      FC831B9B 
  80      BA39D72E 
  80      9D35
  81 004b CE6D2843 		.ascii	"\316m(C\031\250\240\242\022X\025\0376\020_\352\371\276"
  81      19A8A0A2 
  81      1258151F 
  81      36105FEA 
  81      F9BE
  82 005d 244B44C1 		.ascii	"$KD\301\027\017\3379\347\3769\347w~\367\336\363\235"
  82      170FDF39 
  82      E7FE39E7 
  82      777EF7DE 
  82      F39D
  83 006f 95440F82 		.ascii	"\225D\017\202h\226\210\326Y\004\373/Y}\177\201\365\022"
  83      689688D6 
  83      5904FB2F 
  83      597D7F81 
  83      F512
  84 0081 B58443A8 		.ascii	"\265\204C\250A\377\224\227x\243\217\375&\3268\353j;"
  84      41FF9497 
  84      78A38FFD 
  84      26D638EB 
  84      6A3B
  85 0093 E73AEB16 		.ascii	"\347:\353\026\326mm\234\247\376\003\347e\211-XG\340"
  85      D66D6D9C 
  85      A7FE03E7 
  85      65892D58 
  85      47E0
  86 00a5 480A724C 		.ascii	"H\012rL oL\022\336G+D\216\321kR\334\372\351\314\231"
  86      206F4C12 
  86      DE472B44 
  86      8ED16B52 
  86      DCFAE9CC 
  87 00ba 985A36A6 		.ascii	"\230Z6\246i\352\307%!\203\235\204\017\301i\037\000\347"
  87      69EAC725 
  87      21839D84 
  87      0FC1691F 
  87      00E7
  88 00cc 81733EC6 		.ascii	"\201s>\306&Xl\343Hp\302\352\235\223g7F9\341w\263X\267"
  88      26586CE3 
  88      4870C2EA 
  88      9D936737 
  88      4639E177 
  89 00e3 7001F808 		.ascii	"p\001\370\010\270\310\230\270\304\206\003N\274\376\343"
  89      B8C898B8 
  89      C486034E 
  89      BCFEE3
  90 00f2 55EB6790 		.ascii	"U\353g\220\340\251\245\001\334~\204\215\242\247%\305"
  90      E0A9A501 
  90      DC7E848D 
  90      A2A725C5 
  91 0102 8D3022AC 		.ascii	"\2150\"\254\245PRI\255\032\030L\336\225Y[$c\312~s\005"
  91      A5505249 
ARM GAS  /tmp/ccagzmxE.s 			page 6


  91      AD1A184C 
  91      DE95595B 
  91      2463CA7E 
  92 0118 FD2A640B 		.ascii	"\375*d\013\321\214h\225\374\023o\213\305p\"k,\375\342"
  92      D18C6895 
  92      FC136F8B 
  92      C570226B 
  92      2CFDE2
  93 012b 403362C4 		.ascii	"@3b\304\251\321x&\313\266\031i@s\326A\313\356\347Q3"
  93      A9D17826 
  93      CBB61969 
  93      4073D641 
  93      CBEEE751 
  94 0140 A2EECAC5 		.ascii	"\242\356\312\305\205\260\276!^\330\216\006\224N\307"
  94      85B0BE21 
  94      5ED88E06 
  94      944EC7
  95 014f F99C59DB 		.ascii	"\371\234Y\333\036\214\325e]\016\023\331\366{\357\016"
  95      1E8CD565 
  95      5D0E13D9 
  95      F67BEF0E 
  96 015f A86624C6 		.ascii	"\250f$\306\020I\235\350\327\211X\003!\255U<ILB\247\323"
  96      10499DE8 
  96      D7895803 
  96      21AD553C 
  96      494C42A7 
  97 0174 59A118D9 		.ascii	"Y\241\030\331\262\033HKD\323\346\207;\233\025T\337`"
  97      B21B484B 
  97      44D3E687 
  97      3B9B1554 
  97      DF60
  98 0186 2249A469 		.ascii	"\"I\244iX0\256\\\357\010\"\\Sw\247@R\211\264\220\373"
  98      5830AE5C 
  98      EF08225C 
  98      5377A740 
  98      5289B490 
  99 019b 9A117E66 		.ascii	"\232\021~f\221 2\226\035\215\302\260\353\313\357\323"
  99      91203296 
  99      1D8DC2B0 
  99      EBCBEFD3 
 100 01ab 07D38A9A 		.ascii	"\007\323\212\232\021\301[q\013F\240\233\251\302\004"
 100      11C15B71 
 100      0B46A09B 
 100      A9C204
 101 01ba EABE2308 		.ascii	"\352\276#\010\376\3272\344O\250\267J\260\356G\362\275"
 101      FED732E4 
 101      4FA8B74A 
 101      B0EE47F2 
 101      BD
 102 01cb A2F5F09D 		.ascii	"\242\365\360\235\325\373\256=n\005\264pD\247\000:E\250"
 102      D5FBAE3D 
 102      6E05B470 
 102      44A7003A 
 102      45A8
 103 01dd BDDB03DE 		.ascii	"\275\333\003\336\345\320\346\321\301\351\324\351\341"
 103      E5D0E6D1 
 103      C1E9D4E9 
ARM GAS  /tmp/ccagzmxE.s 			page 7


 103      E1
 104 01ea D8E5CA2F 		.ascii	"\330\345\312/\334*\"zs\202\274\277\021\357B\322}X\352"
 104      DC2A227A 
 104      7382BCBF 
 104      11EF42D2 
 104      7D58EA
 105 01fd 3938056D 		.ascii	"98\005ms\356\336\345\363\321_\370\332\314\367\013\337"
 105      73EEDEE5 
 105      F3D15FF8 
 105      DACCF70B 
 105      DF
 106 020e 496C3C95 		.ascii	"Il<\225%\3109\177\347\333\371\337\226\036\260(\3500"
 106      25C8397F 
 106      E7DBF9DF 
 106      961EB028 
 106      E830
 107 0220 94837614 		.ascii	"\224\203v\024A;\366\263\335\036\\h,\030\221<\011?a\341"
 107      413BF6B3 
 107      DD1E5C68 
 107      2C18913C 
 107      093F61E1 
 108 0234 E2FC571B 		.ascii	"\342\374W\033T\320\242\313'\372\250\335\240\370\004"
 108      54D0A2CB 
 108      27FAA8DD 
 108      A0F804
 109 0243 1CC35D7D 		.ascii	"\034\303]}\025X\001\207}\375\316\365[\321\315\\p\315"
 109      15580187 
 109      7DFDCEF5 
 109      5BD1CD5C 
 109      70CD
 110 0255 98385681 		.ascii	"\2308V\201:p\305g\373)\007/\267\232y\355\366\315\267"
 110      3A70C567 
 110      FB29072F 
 110      B79A79ED 
 110      F6CDB7
 111 0268 E4D6D3A7 		.ascii	"\344\326\323\247\315\037\337\\\273\271\362\320\361\371"
 111      CD1FDF5C 
 111      BBB9F2D0 
 111      F1F9
 112 0276 E7CD17FE 		.ascii	"\347\315\027\376\217\004\213\243\260\004\306\013N\261"
 112      8F048BA3 
 112      B004C60B 
 112      4EB1
 113 0284 C4299781 		.ascii	"\304)\227\201\217\341\377y\333\230\223\014<\311W\204"
 113      8FE1FF79 
 113      DB98930C 
 113      3CC95784 
 114 0294 0F73EFD5 		.ascii	"\017s\357\325_\267\372\204\326\314\362s!j\027\302\347"
 114      5FB7FA84 
 114      D6CCF273 
 114      216A17C2 
 114      E7
 115 02a5 E0102674 		.ascii	"\340\020&t\015\370\0144<4\344\324\364\224S\363\334L"
 115      0DF80C34 
 115      3C34E4D4 
 115      F49453F3 
 115      DC4C
ARM GAS  /tmp/ccagzmxE.s 			page 8


 116 02b7 DA193FF4 		.ascii	"\332\031?\364D&\235\317\215?\376d~\177\351p\265P\235"
 116      44269DCF 
 116      8D3FFE64 
 116      7E7FE970 
 116      B5509D
 117 02ca 738A65D7 		.ascii	"s\212e\327-O\263\253N8\265j\321\231\231\315\317x\245"
 117      2D4FB3AB 
 117      4E38B56A 
 117      D19999CD 
 117      CF78A5
 118 02dd A3256F2E 		.ascii	"\243%o._{\246\\\365\362G&\274\241\242=2\232K\354\331"
 118      5F7BA65C 
 118      F5F24726 
 118      BCA1A23D 
 118      329A4BEC 
 119 02f2 B59B42B9 		.ascii	"\265\233B\271={\037\033\213\027\252\356\261GS\356\220"
 119      3D7B1F1B 
 119      8B17AAEE 
 119      B14753EE 
 119      90
 120 0303 5B284DEF 		.ascii	"[(M\357\320\265\312\216\311\012m`\014ob6\345f24\220"
 120      D0B5CA8E 
 120      C90A6D60 
 120      0C6F6236 
 120      E5663234 
 121 0318 FF379C50 		.ascii	"\3777\234Pn\377\201\321\221\335\216;\3559E\307s+\216"
 121      6EFF81D1 
 121      91DD8E3B 
 121      ED3945C7 
 121      732B8E
 122 032b 2E558E96 		.ascii	".U\216\226\335\251\202\343U\313\225Rq\347\256T@t\346"
 122      DDA982E3 
 122      55CB9552 
 122      71E7AE54 
 122      4074E6
 123 033e E1D44CED 		.ascii	"\341\324L\355pJO\034\233*y\251\311g\235B\245B#\377\317"
 123      704A4F1C 
 123      9B2A79A9 
 123      C9679D42 
 123      A54223FF 
 124 0353 51289C1B 		.ascii	"Q(\234\033\337{`\354\320_\206pR\363"
 124      DF7B60EC 
 124      D05F8670 
 124      52F3
 125              		.text
 126              		.section	.gnu.lto_.symtab.d0d9b9545c2606b9,"e",%progbits
 127 0000 5F75785F 		.ascii	"_ux_utility_short_get\000"
 127      7574696C 
 127      6974795F 
 127      73686F72 
 127      745F6765 
 128 0016 00       		.ascii	"\000"
 129 0017 00       		.ascii	"\000"
 130 0018 00       		.ascii	"\000"
 131 0019 00000000 		.ascii	"\000\000\000\000\000\000\000\000"
 131      00000000 
 132 0021 C8000000 		.ascii	"\310\000\000\000"
ARM GAS  /tmp/ccagzmxE.s 			page 9


 133              		.text
 134              		.section	.gnu.lto_.ext_symtab.d0d9b9545c2606b9,"e",%progbits
 135 0000 01       		.ascii	"\001"
 136 0001 01       		.ascii	"\001"
 137 0002 00       		.ascii	"\000"
 138              		.text
 139              		.section	.gnu.lto_.opts,"e",%progbits
 140 0000 272D666E 		.ascii	"'-fno-openmp' '-fno-openacc' '-fno-pie' '-fcf-prote"
 140      6F2D6F70 
 140      656E6D70 
 140      2720272D 
 140      666E6F2D 
 141 0033 6374696F 		.ascii	"ction=none' '-mcpu=cortex-m33' '-mthumb' '-mfpu=fpv"
 141      6E3D6E6F 
 141      6E652720 
 141      272D6D63 
 141      70753D63 
 142 0066 342D7370 		.ascii	"4-sp-d16' '-mfloat-abi=hard' '-mlibarch=armv8-m.mai"
 142      2D643136 
 142      2720272D 
 142      6D666C6F 
 142      61742D61 
 143 0099 6E2B6473 		.ascii	"n+dsp+fp' '-march=armv8-m.main+dsp+fp' '-Os' '-flto"
 143      702B6670 
 143      2720272D 
 143      6D617263 
 143      683D6172 
 144 00cc 2720272D 		.ascii	"' '-fdata-sections' '-ffunction-sections' '-Xassemb"
 144      66646174 
 144      612D7365 
 144      6374696F 
 144      6E732720 
 145 00ff 6C657227 		.ascii	"ler' '-a' '-Xassembler' '-ad' '-Xassembler' '-alms="
 145      20272D61 
 145      2720272D 
 145      58617373 
 145      656D626C 
 146 0132 6275696C 		.ascii	"build/../sdk/stm32/STM32_USBX_Library/common/core/s"
 146      642F2E2E 
 146      2F73646B 
 146      2F73746D 
 146      33322F53 
 147 0165 72632F75 		.ascii	"rc/ux_utility_short_get.lst'\000"
 147      785F7574 
 147      696C6974 
 147      795F7368 
 147      6F72745F 
 148              		.text
 149              		.comm	__gnu_lto_slim,1,1
 150              		.ident	"GCC: (15:10.3-2021.07-4) 10.3.1 20210621 (release)"
ARM GAS  /tmp/ccagzmxE.s 			page 10


DEFINED SYMBOLS
                            *ABS*:0000000000000000 ux_utility_short_get.c
                            *COM*:0000000000000001 __gnu_lto_slim

NO UNDEFINED SYMBOLS
