ARM GAS  /tmp/cc0aNaOp.s 			page 1


   1              		.cpu cortex-m33
   2              		.eabi_attribute 27, 1
   3              		.eabi_attribute 28, 1
   4              		.eabi_attribute 20, 1
   5              		.eabi_attribute 21, 1
   6              		.eabi_attribute 23, 3
   7              		.eabi_attribute 24, 1
   8              		.eabi_attribute 25, 1
   9              		.eabi_attribute 26, 1
  10              		.eabi_attribute 30, 4
  11              		.eabi_attribute 34, 1
  12              		.eabi_attribute 18, 4
  13              		.file	"ux_utility_long_put.c"
  14              		.section	.gnu.lto_.profile.7f0e925d5d37cd8e,"e",%progbits
  15 0000 789C6362 		.ascii	"x\234cb\000\001\000\000\022\000\003"
  15      00010000 
  15      120003
  16              		.text
  17              		.section	.gnu.lto_.icf.7f0e925d5d37cd8e,"e",%progbits
  18 0000 789CE360 		.ascii	"x\234\343`@\000F\206\226\033==\354\014\000\013\356\002"
  18      40004686 
  18      961B3D3D 
  18      EC0C000B 
  18      EE02
  19 0012 85       		.ascii	"\205"
  20              		.text
  21              		.section	.gnu.lto_.ipa_sra.7f0e925d5d37cd8e,"e",%progbits
  22 0000 789CE365 		.ascii	"x\234\343e@\000F\006&\004\023\000\001\203\000\022"
  22      40004606 
  22      26041300 
  22      01830012 
  23              		.text
  24              		.section	.gnu.lto_.inline.7f0e925d5d37cd8e,"e",%progbits
  25 0000 789C3363 		.ascii	"x\2343c@\000F\006\006\256\206\206\206\005Li\214@\260"
  25      40004606 
  25      06AE8686 
  25      86054C69 
  25      8C40B0
  26 0013 841924C6 		.ascii	"\204\031$\306\314\002\024i`J\201H50\2452101\260\201"
  26      CC021469 
  26      604A8148 
  26      3530A532 
  26      313031B0 
  27 0028 98CC290C 		.ascii	"\230\314)\014, \025\0008\256\012\310"
  27      2C201500 
  27      38AE0AC8 
  28              		.text
  29              		.section	.gnu.lto_.jmpfuncs.7f0e925d5d37cd8e,"e",%progbits
  30 0000 789CE367 		.ascii	"x\234\343g@\000F\006&FF\346\372%\314\214@\314\300\000"
  30      40004606 
  30      264646E6 
  30      FA25CC8C 
  30      40CCC000 
  31 0014 0010D402 		.ascii	"\000\020\324\002e"
  31      65
  32              		.text
  33              		.section	.gnu.lto_.pureconst.7f0e925d5d37cd8e,"e",%progbits
ARM GAS  /tmp/cc0aNaOp.s 			page 2


  34 0000 789C6361 		.ascii	"x\234ca```d\230\305\002\000\001d\000\244"
  34      60606064 
  34      98C50200 
  34      016400A4 
  35              		.text
  36              		.section	.gnu.lto_.lto.7f0e925d5d37cd8e,"e",%progbits
  37 0000 09000400 		.ascii	"\011\000\004\000\001\000\000\000"
  37      01000000 
  38              		.text
  39              		.section	.gnu.lto__ux_utility_long_put.3.7f0e925d5d37cd8e,"e",%progbits
  40 0000 789C6591 		.ascii	"x\234e\221=\210\023Q\024\205\357}w~\222J+\321\316FD"
  40      3D881351 
  40      1485EF7D 
  40      777E924A 
  40      2BD1CE46 
  41 0015 2179BA8B 		.ascii	"!y\272\213\330\212\205\225[\255\212\335\220\235D\031"
  41      D88A8595 
  41      5BAD8ADD 
  41      909D4419 
  42 0025 92C90CF3 		.ascii	"\222\311\014\363\263\272\325\276\254\340b\012\343\256"
  42      B3BAD5BE 
  42      ACE0620A 
  42      E3AE
  43 0033 20ACC816 		.ascii	" \254\310\026!\210\235\225\272\376\200A\0106\026\"\242"
  43      21889D95 
  43      BAFE8041 
  43      08361622 
  43      A2
  44 0044 95A05828 		.ascii	"\225\240X(\010*\202h\021X\357\233\211\011a\007\336\314"
  44      082A8268 
  44      1158EF9B 
  44      89096107 
  44      DECC
  45 0056 399773BE 		.ascii	"9\227s\276\307{\263G\000\\\007\200\003\274\220\000\327"
  45      C77BB347 
  45      005C0780 
  45      03BC9000 
  45      D7
  46 0067 D7DA0294 		.ascii	"\327\332\002\224R'l\201\255\265\366\373\333\207\361"
  46      52276C81 
  46      ADB5F6FB 
  46      DB87F1
  47 0076 29661E61 		.ascii	")f\036aY\3402\336\244Cl\377\0166;\237Q\335\353c\217"
  47      59E032DE 
  47      A4436CFF 
  47      0E363B9F 
  47      51DDEB63 
  48 008b 00367965 		.ascii	"\0006ye\317\035\302u\352\021\2421R\002\367\263\242\026"
  48      CF1DC275 
  48      EA11A231 
  48      5202F7B3 
  48      A216
  49 009d C2C1BE52 		.ascii	"\302\301\276R\257_m)U\204\036\021>B.\341C\304\007\010"
  49      AF5F6D29 
  49      55841E11 
  49      3E422EE1 
  49      43C40708 
ARM GAS  /tmp/cc0aNaOp.s 			page 3


  50 00b1 7AA0AB74 		.ascii	"z\240\253tm\024\3736\212\031\370x:f\360\036\326\377"
  50      6D14FB36 
  50      8A19F878 
  50      3A66F01E 
  50      D6FF
  51 00c3 FD7802F7 		.ascii	"\375x\002\367\337\230}5\334\356(\365r\337\247w\326."
  51      DF987D35 
  51      DCEE28F5 
  51      72DFA777 
  51      D62E
  52 00d5 E49029F8 		.ascii	"\344\220)\370e\221V\206V\246V\226V\266V\005\304-,\""
  52      65915686 
  52      56A65696 
  52      56B65605 
  52      C42D2C22 
  53 00e9 3EE17E87 		.ascii	">\341~\207\364Y\225\201\252\017p\203DnZl\276\343\312"
  53      F4599581 
  53      AA0F7083 
  53      446E5A6C 
  53      BEE3CA
  54 00fc 70F5CBC6 		.ascii	"p\365\313\306\271.a\227\212\332\376l\017\304\350T\204"
  54      B92E6197 
  54      8ADAFE6C 
  54      0FC4E854 
  54      84
  55 010d 70575FCA 		.ascii	"pW_\312W\321#\273K\005|\206\300AN]\031^\375\261q\213"
  55      57D123BB 
  55      4B057C86 
  55      C0414E5D 
  55      195EFDB1 
  56 0123 2B825B3A 		.ascii	"+\202[:Z\300B\316\372\300\023\342\371\016\024N\243\236"
  56      5AC042CE 
  56      FAC013E2 
  56      F90E144E 
  56      A39E
  57 0135 6B14E5A8 		.ascii	"k\024\345\250?\031\312\030\243vOP&\317w\240\3044\352"
  57      3F19CA18 
  57      A3764F50 
  57      26CF77A0 
  57      C434EA
  58 0148 85469939 		.ascii	"\205F\2319j;CYc\324\336\011\212\263V\216\372\215c\024"
  58      6A3B4359 
  58      63D4DE09 
  58      8AB3568E 
  58      FA8D6314 
  59 015c 4DA3061A 		.ascii	"M\243\006\032e\303/\\\371\370\326\312~u\207pru\000\307"
  59      65C32F5C 
  59      F9F8D6CA 
  59      7E758770 
  59      727500C7 
  60 0170 A5DF4CA4 		.ascii	"\245\337L\244+\023?\224U/l\004~\275\"\223(\010=\367"
  60      2B133F94 
  60      552F6C04 
  60      7EBD2293 
  60      28083DF7 
  61 0184 C8D1529C 		.ascii	"\310\321R\234\370\2633\351\261R\032/\224\252\265\305"
  61      F8B333E9 
ARM GAS  /tmp/cc0aNaOp.s 			page 4


  61      B1521A2F 
  61      94AAB5C5 
  62 0194 BA97942E 		.ascii	"\272\227\224.\\\222\2250\204S\345\262\214\253u\231%"
  62      5C929530 
  62      8453E5B2 
  62      8CAB7599 
  62      25
  63 01a5 E4FC99B9 		.ascii	"\344\374\231\271\331\031\347\354\374\311\363\316io!"
  63      D919E7EC 
  63      FCC9F3CE 
  63      696F21
  64 01b4 AA444BD2 		.ascii	"\252DK\322\015|?h\362'\252\3118rez\331I\023\257\341"
  64      0D7C3F68 
  64      F227AAC9 
  64      3872657A 
  64      D94913AF 
  65 01c9 254B4E23 		.ascii	"%KN#h^t\3024)\273`W\252\325\250\026\307\346b\245\221"
  65      685E74C2 
  65      3429BB60 
  65      57AAD5A8 
  65      16C7E662 
  66 01df D6FE010F 		.ascii	"\326\376\001\017\251\330\311"
  66      A9D8C9
  67              		.text
  68              		.section	.gnu.lto_.symbol_nodes.7f0e925d5d37cd8e,"e",%progbits
  69 0000 789C9363 		.ascii	"x\234\223c\000\002&\346z\206\006 `a\234p\216\201\241"
  69      000226E6 
  69      7A860620 
  69      60619C70 
  69      8E81A1
  70 0013 9E816157 		.ascii	"\236\201aWC##\003#\003\030\000\000uh\006B"
  70      43232303 
  70      23031800 
  70      00756806 
  70      42
  71              		.text
  72              		.section	.gnu.lto_.refs.7f0e925d5d37cd8e,"e",%progbits
  73 0000 789C6364 		.ascii	"x\234cd\000\002\000\000\012\000\002"
  73      00020000 
  73      0A0002
  74              		.text
  75              		.section	.gnu.lto_.decls.7f0e925d5d37cd8e,"e",%progbits
  76 0000 789CAD52 		.ascii	"x\234\255R]\210\033U\024>\337\275\223\315d\032\232m"
  76      5D881B55 
  76      143EDFBD 
  76      93CD641A 
  76      9A6D
  77 0012 99D297B2 		.ascii	"\231\322\227\262\004}\330@\311N;A\353c\264\270\025Z"
  77      047DD840 
  77      C94E3B41 
  77      EB63B4B8 
  77      155A
  78 0024 D76A5D94 		.ascii	"\327j]\224\276\2044w\327\206\335\331\204dR\267/r\253"
  78      BE843477 
  78      D786DDD9 
  78      846452B7 
  78      2F72AB
ARM GAS  /tmp/cc0aNaOp.s 			page 5


  79 0037 155A706D 		.ascii	"\025ZpmQ\220\202/\253O>\024\261\322j\177\264M\263\265"
  79      5190822F 
  79      AB4F3E14 
  79      B1D26A7F 
  79      B44DB3B5 
  80 004b C6421F44 		.ascii	"\306B\037D\244\276\326\337\301\372`a\005\021q=3\223"
  80      A4BED6DF 
  80      C1FA6061 
  80      0511713D 
  80      3393
  81 005d 34110BBE 		.ascii	"4\021\013\276x\231s\316\375\371\276\357\234\271\367"
  81      789973CE 
  81      FDF9BEEF 
  81      9CB9F7
  82 006c 1C97441B 		.ascii	"\034\227D\033@\264HDk<\004\307/\331\302x\211\255M\361"
  82      40B44844 
  82      6B3C04C7 
  82      2FD9C278 
  82      89AD4DF1 
  83 0080 60087D41 		.ascii	"`\010}A\377\036o\362A\212\343A\266\215lv\217\023r\267"
  83      FF1E6FF2 
  83      418AE341 
  83      B68D6C76 
  83      8F1372B7 
  84 0094 B08DB35D 		.ascii	"\260\215\263]a\333\377\037:oH\214#, \023\315H\012rt"
  84      61DBFF1F 
  84      3A6F488C 
  84      232C2013 
  84      CD480A72 
  85 00a9 345E9E25 		.ascii	"4^\236%|\204\030%\237\016\201\033a\260\267\221}[\212"
  85      7C841825 
  85      9F0E811B 
  85      61B0B791 
  85      7D5B8A
  86 00bc A58BAF7C 		.ascii	"\245\213\257|\275\316jk\375\253n\037M\021.\002\027@"
  86      BDCE6A6B 
  86      FDAB6E1F 
  86      4D112E02 
  86      1740
  87 00ce 380F16F9 		.ascii	"8\017\026\371\0308\007\234\005\203\267`-\016$\237#\246"
  87      1838079C 
  87      0583B760 
  87      2D0E249F 
  87      23A6
  88 00e0 7DF5FD99 		.ascii	"}\365\375\2313\231\220\026\350\316\021I(`\033\3412\030"
  88      33999016 
  88      E8CE1149 
  88      28601BE1 
  88      3218
  89 00f2 C0A44F81 		.ascii	"\300\244O\201O\300\240\353wN|\270>\035i/w\014\\AO\235"
  89      4FC0A0EB 
  89      774E7CB8 
  89      3E1D692F 
  89      770C5C41 
  90 0108 D066C780 		.ascii	"\320f\307\200\243\357|{\315\370\001$xi(\000\337<\314"
  90      A3EF7C7B 
  90      CDF80124 
ARM GAS  /tmp/cc0aNaOp.s 			page 6


  90      78692800 
  90      DF3CCC
  91 011b CEA2FD92 		.ascii	"\316\242\375\222l-\264\030QRX\322\222\312\352b,\267"
  91      6C2DB418 
  91      515258D2 
  91      92CAEA62 
  91      2CB7
  92 012d 2A8BA6C8 		.ascii	"*\213\246\310e,\363\275\025\214Z\011S\210 \251\254\334"
  92      652CF3BD 
  92      158C5A09 
  92      538820A9 
  92      ACDC
  93 013f 1F382D96 		.ascii	"\0378-\226G\262Em\250\3276\005I-NN\331\205\"\373 \331"
  93      47B2456D 
  93      A8D73605 
  93      492D4E4E 
  93      D98522FB 
  94 0155 8562D65E 		.ascii	"\205b\326^\303\034\345Y\220\264V\345\362\322\210\272"
  94      C31CE559 
  94      90B456E5 
  94      F2D288BA 
  95 0165 298E8DA3 		.ascii	")\216\215\243\013K\2716_O\3214\3072\035\331\221\223"
  95      0B4BB936 
  95      5F4FD134 
  95      C7321DD9 
  95      9193
  96 0177 44A6F9C1 		.ascii	"D\246\371\301\373\233\254 \231a\211\234\312\216\252"
  96      FB9BAC20 
  96      9961899C 
  96      CA8EAA
  97 0186 6CA68B84 		.ascii	"l\246\213\204R\226\235#.B\271nQX\254l\230]\270\022i"
  97      52969D23 
  97      2E42B96E 
  97      5158AC6C 
  97      985DB812 
  98 019b 57DFBEB3 		.ascii	"W\337\276\263\331\202\225\032\313\346\210\024M\012\326"
  98      D982951A 
  98      CBE68814 
  98      4D0AD6
  99 01aa 956BFD81 		.ascii	"\225k\375\201$\347T\203%\220\263\204+\344\356 \311\015"
  99      24E75483 
  99      2590B384 
  99      2BE4EE20 
  99      C90D
 100 01bc 22B244DA 		.ascii	"\"\262D\3320\323ih\016\251\322n\265\327\265(H\012>\262"
 100      30D36968 
 100      0EA9D26E 
 100      B5D7B528 
 100      480A3EB2 
 101 01d0 0D688101 		.ascii	"\015h\201\001\323\032!\320\240\003\370\201\302/v\024"
 101      D31A21D0 
 101      A003F881 
 101      C22F7614 
 102 01e0 2E68384B 		.ascii	".h8K\264\037\"\371^\021\267L\177\367^\350\315c@\254"
 102      B41F22F9 
 102      5E11B74C 
 102      7FF75EE8 
ARM GAS  /tmp/cc0aNaOp.s 			page 7


 102      CD6340AC 
 103 01f4 23FA09D0 		.ascii	"#\372\011\320OB\275\323!\361A\015\275:\372:\375<C5\016"
 103      4F42BDD3 
 103      21F1410D 
 103      BD3AFA3A 
 103      FD3C4335 
 104 0209 6AE5178E 		.ascii	"j\345\027\216\223\210aN\304\373G\341\003I\272'KC?NQ"
 104      9388614E 
 104      C4FB47E1 
 104      0349BA27 
 104      4B433F4E 
 105 021e DB9CFDED 		.ascii	"\333\234\375\355\362\271\364\217|mzu\351g\211\365'\213"
 105      F2B9F48F 
 105      7C6D7A75 
 105      E96789F5 
 105      278B
 106 0230 04F95278 		.ascii	"\004\371Rx\362\327\353\307\202\224\021b/\0015\3368\361"
 106      F2D7EBC7 
 106      82941162 
 106      2F0135DE 
 106      38F1
 107 0242 D6DDE366 		.ascii	"\326\335\343f\264\321\006\256!j~\0215\377(\237\036\271"
 107      B4D106AE 
 107      216A7E11 
 107      35FF289F 
 107      1EB9
 108 0254 75E3DDF4 		.ascii	"u\343\335\364f\326\371Ek\033\007\3619p=\254\241\313"
 108      66D6F945 
 108      6B1B07F1 
 108      39703DAC 
 108      A1CB
 109 0266 E93F8B5B 		.ascii	"\351?\213[\364\364O\177\006\211\007N\235\322\277\337"
 109      F4F44F7F 
 109      0689074E 
 109      9DD2BFDF 
 110 0276 BA71F3BB 		.ascii	"\272q\363\273\007\357\236\327\372U&\230!\010+\340v\217"
 110      07EF9ED7 
 110      FA552698 
 110      21082BE0 
 110      768F
 111 0288 4A5B6146 		.ascii	"J[aF\007\270\312\253\307'&\234\246\232s\232\276Wp\235"
 111      07B8CAAB 
 111      C727269C 
 111      A69A739A 
 111      BE57709D 
 112 029c 7DCF3E59 		.ascii	"}\317>YpK\323\373\036{\276\264\247z\240Qn\034v*5\317"
 112      704BD3FB 
 112      1E7BBEB4 
 112      A77AA051 
 112      6E1C762A 
 113 02b2 AB2D7068 		.ascii	"\253-ph\3148\315F\305i-\226Z~u\276\352\037.\315\327"
 113      CC38CD46 
 113      C5692D96 
 113      5A7E75BE 
 113      EA1F2ECD 
 114 02c7 165E28D5 		.ascii	"\026^(\325[\376D\305\33455\235\335\271}\007%\246\367"
 114      5BFE44C5 
ARM GAS  /tmp/cc0aNaOp.s 			page 8


 114      DC35359D 
 114      DDB97D07 
 114      25A6F7
 115 02da 3C35B52B 		.ascii	"<5\265+1\275\363\211G\237\261\313\015\357\320#yo\302"
 115      31BDF389 
 115      479FB1CB 
 115      0DEFD023 
 115      796FC2
 116 02ed 2B5717B6 		.ascii	"+W\027\266\252f}\353l\235\326\261\220?\263\230\367\012"
 116      AA667DEB 
 116      6C9DD6B1 
 116      903FB398 
 116      F70A
 117 02ff 05B24BF7 		.ascii	"\005\262K\367\021\333\341x\013\276Sq|\257\356\250j}"
 117      11DBE178 
 117      0BBE5371 
 117      7CAFEEA8 
 117      6A7D
 118 0311 BEE6CD95 		.ascii	"\276\346\315\225\035\277Q\253W+\333\266\347\2432[\017"
 118      1DBF51AB 
 118      572BDBB6 
 118      E7A3325B 
 118      0F
 119 0322 E55BCD03 		.ascii	"\345[\315\003y5sh\256\352\347g_t\312\365:M\376/?B\177"
 119      79357368 
 119      AEEAE767 
 119      5F74CAF5 
 119      3A4DFE2F 
 120 0339 03BEBE42 		.ascii	"\003\276\276B\265"
 120      B5
 121              		.text
 122              		.section	.gnu.lto_.symtab.7f0e925d5d37cd8e,"e",%progbits
 123 0000 5F75785F 		.ascii	"_ux_utility_long_put\000"
 123      7574696C 
 123      6974795F 
 123      6C6F6E67 
 123      5F707574 
 124 0015 00       		.ascii	"\000"
 125 0016 00       		.ascii	"\000"
 126 0017 00       		.ascii	"\000"
 127 0018 00000000 		.ascii	"\000\000\000\000\000\000\000\000"
 127      00000000 
 128 0020 C9000000 		.ascii	"\311\000\000\000"
 129              		.text
 130              		.section	.gnu.lto_.ext_symtab.7f0e925d5d37cd8e,"e",%progbits
 131 0000 01       		.ascii	"\001"
 132 0001 01       		.ascii	"\001"
 133 0002 00       		.ascii	"\000"
 134              		.text
 135              		.section	.gnu.lto_.opts,"e",%progbits
 136 0000 272D666E 		.ascii	"'-fno-openmp' '-fno-openacc' '-fno-pie' '-fcf-prote"
 136      6F2D6F70 
 136      656E6D70 
 136      2720272D 
 136      666E6F2D 
 137 0033 6374696F 		.ascii	"ction=none' '-mcpu=cortex-m33' '-mthumb' '-mfpu=fpv"
 137      6E3D6E6F 
ARM GAS  /tmp/cc0aNaOp.s 			page 9


 137      6E652720 
 137      272D6D63 
 137      70753D63 
 138 0066 342D7370 		.ascii	"4-sp-d16' '-mfloat-abi=hard' '-mlibarch=armv8-m.mai"
 138      2D643136 
 138      2720272D 
 138      6D666C6F 
 138      61742D61 
 139 0099 6E2B6473 		.ascii	"n+dsp+fp' '-march=armv8-m.main+dsp+fp' '-Os' '-flto"
 139      702B6670 
 139      2720272D 
 139      6D617263 
 139      683D6172 
 140 00cc 2720272D 		.ascii	"' '-fdata-sections' '-ffunction-sections' '-Xassemb"
 140      66646174 
 140      612D7365 
 140      6374696F 
 140      6E732720 
 141 00ff 6C657227 		.ascii	"ler' '-a' '-Xassembler' '-ad' '-Xassembler' '-alms="
 141      20272D61 
 141      2720272D 
 141      58617373 
 141      656D626C 
 142 0132 6275696C 		.ascii	"build/../sdk/stm32/STM32_USBX_Library/common/core/s"
 142      642F2E2E 
 142      2F73646B 
 142      2F73746D 
 142      33322F53 
 143 0165 72632F75 		.ascii	"rc/ux_utility_long_put.lst'\000"
 143      785F7574 
 143      696C6974 
 143      795F6C6F 
 143      6E675F70 
 144              		.text
 145              		.comm	__gnu_lto_slim,1,1
 146              		.ident	"GCC: (15:10.3-2021.07-4) 10.3.1 20210621 (release)"
ARM GAS  /tmp/cc0aNaOp.s 			page 10


DEFINED SYMBOLS
                            *ABS*:0000000000000000 ux_utility_long_put.c
                            *COM*:0000000000000001 __gnu_lto_slim

NO UNDEFINED SYMBOLS
