ARM GAS  /tmp/ccBs6egs.s 			page 1


   1              		.cpu cortex-m33
   2              		.eabi_attribute 27, 1
   3              		.eabi_attribute 28, 1
   4              		.eabi_attribute 20, 1
   5              		.eabi_attribute 21, 1
   6              		.eabi_attribute 23, 3
   7              		.eabi_attribute 24, 1
   8              		.eabi_attribute 25, 1
   9              		.eabi_attribute 26, 1
  10              		.eabi_attribute 30, 4
  11              		.eabi_attribute 34, 1
  12              		.eabi_attribute 18, 4
  13              		.file	"ux_utility_long_get.c"
  14              		.section	.gnu.lto_.profile.ff4fe294e3f9fc22,"e",%progbits
  15 0000 789C6362 		.ascii	"x\234cb\000\001\000\000\022\000\003"
  15      00010000 
  15      120003
  16              		.text
  17              		.section	.gnu.lto_.icf.ff4fe294e3f9fc22,"e",%progbits
  18 0000 789CE360 		.ascii	"x\234\343`@\000F\206\311w\2775\3620\000\000\015\362"
  18      40004686 
  18      C977BF35 
  18      F2300000 
  18      0DF2
  19 0012 02FD     		.ascii	"\002\375"
  20              		.text
  21              		.section	.gnu.lto_.ipa_sra.ff4fe294e3f9fc22,"e",%progbits
  22 0000 789CE364 		.ascii	"x\234\343d@\000F \004\002f\006\000\000\350\000\017"
  22      40004620 
  22      04026606 
  22      0000E800 
  22      0F
  23              		.text
  24              		.section	.gnu.lto_.inline.ff4fe294e3f9fc22,"e",%progbits
  25 0000 789C7366 		.ascii	"x\234sf@\000F\006\006\336\006 `Ncdd`\\\302\314\300\000"
  25      40004606 
  25      06DE0620 
  25      604E6364 
  25      64605CC2 
  26 0017 442CFC40 		.ascii	"D,\374@\221\007\314\251\014\014\234@\306\001\346\024"
  26      9107CCA9 
  26      0C0C9C40 
  26      C601E614 
  27 0027 26062606 		.ascii	"&\006&\006F\2202\246$&\006\0268\233\201\005d\004\000"
  27      469032A6 
  27      24260616 
  27      389B8105 
  27      640400
  28 003a EC6C0DCD 		.ascii	"\354l\015\315"
  29              		.text
  30              		.section	.gnu.lto_.jmpfuncs.ff4fe294e3f9fc22,"e",%progbits
  31 0000 789CE362 		.ascii	"x\234\343b@\000F\006FF\306\372%\314\214\014\000\006"
  31      40004606 
  31      4646C6FA 
  31      25CC8C0C 
  31      0006
  32 0012 270136   		.ascii	"'\0016"
ARM GAS  /tmp/ccBs6egs.s 			page 2


  33              		.text
  34              		.section	.gnu.lto_.pureconst.ff4fe294e3f9fc22,"e",%progbits
  35 0000 789C6361 		.ascii	"x\234ca```dhe\001\000\001:\000\217"
  35      60606064 
  35      68650100 
  35      013A008F 
  36              		.text
  37              		.section	.gnu.lto_.lto.ff4fe294e3f9fc22,"e",%progbits
  38 0000 09000400 		.ascii	"\011\000\004\000\001\000\000\000"
  38      01000000 
  39              		.text
  40              		.section	.gnu.lto__ux_utility_long_get.3.ff4fe294e3f9fc22,"e",%progbits
  41 0000 789C5591 		.ascii	"x\234U\221Mh\023A\024\307\337\333\331\335$4M\342\255"
  41      4D681341 
  41      14C7DFDB 
  41      D9DD2434 
  41      4DE2AD
  42 0013 472F2A1E 		.ascii	"G/*\036\222\321\026\361*\036<\351\251\012\036\304%\315"
  42      92D116F1 
  42      2A1E3CE9 
  42      A90A1EC4 
  42      25CD
  43 0025 C6B2249B 		.ascii	"\306\262$\233\015\373Q\355\251\223\026*Vh\332x1\245"
  43      0DFB51ED 
  43      A993162A 
  43      5668DA78 
  43      31A5
  44 0037 F4B004F1 		.ascii	"\364\260\004\361\346\305\217\372\201DT<\025\305\223"
  44      E6C58FFA 
  44      8144543C 
  44      15C593
  45 0046 08829EBC 		.ascii	"\010\202\236\274\211xQ\244%\276\331\215\371\200\235"
  45      897851A4 
  45      25BED98D 
  45      F9809D
  46 0055 99FFFBF3 		.ascii	"\231\377\373\363\177\277\031\336:\012\300:\000\034\245"
  46      7FBF19DE 
  46      3A0AC03A 
  46      001CA5
  47 0064 850CB0B5 		.ascii	"\205\014\260\265\271\246\200\020\342LB\301\306\346\332"
  47      B9A68010 
  47      E24C42C1 
  47      C6E6DA
  48 0073 F7ADC72A 		.ascii	"\367\255\307*>\307\310@XRp\011\357\260m\206-\326\241"
  48      3EC7C840 
  48      58527009 
  48      EFB06D86 
  48      2DD6A1
  49 0086 B0DA5788 		.ascii	"\260\332W\210\207\217w\205\370\363vg}E\337\276\337U"
  49      878F7785 
  49      F8F37667 
  49      7D45DFBE 
  49      DF55
  50 0098 3B4C811D 		.ascii	";L\201\035\012<B|\210D\006\012\262\006\3021J}\330\333"
  50      0A3C427C 
  50      8844060A 
  50      B206C231 
ARM GAS  /tmp/ccBs6egs.s 			page 3


  50      4A7DD8DB 
  51 00ac 1522051D 		.ascii	"\025\"\005\035\306\360\011\216\204\310\350\007o\241"
  51      C6F0098E 
  51      84C8E807 
  51      6FA1
  52 00ba 3C8E50F6 		.ascii	"<\216P\366g\373\365jf\243\221$\036>\3051\"\350\200\317"
  52      67FBF56A 
  52      66A39124 
  52      1E3EC531 
  52      22E880CF 
  53 00ce 50DE225F 		.ascii	"P\336\"_N\037U\017>j]\261\337k\012\321\233\372\366Y"
  53      4E1F550F 
  53      3E6A5DB1 
  53      DF6B0AD1 
  53      9BFAF659 
  54 00e2 3F840455 		.ascii	"?\204\004U\025\2711\3324U*M*]\252\204TI\271\245\020"
  54      15B931DA 
  54      34552A4D 
  54      2A5DAA84 
  54      5449B9A5 
  55 00f7 777142F2 		.ascii	"wqB\362\322\262\234\224*#UV\252\\t\0214\231\234\213"
  55      D2B29C94 
  55      2A235556 
  55      AA5C7411 
  55      34999C8B 
  56 010b 50517401 		.ascii	"PQt\0016\230\022\027\015*~\340\362\335\333\277\333W"
  56      36981217 
  56      0D2A7EE0 
  56      F2DDDBBF 
  56      DB57
  57 011d 4386FD81 		.ascii	"C\206\375\2010\204{rh\364p=d)|\201Qj\377\346\027\014"
  57      30847B72 
  57      68F4703D 
  57      64297C81 
  57      516AFFE6 
  58 0133 D904E5E2 		.ascii	"\331\004\345\342\236^\373J\310\224A\017\216\365\274"
  58      9E5EFB4A 
  58      C894410F 
  58      8EF5BC
  59 0142 FCDF7340 		.ascii	"\374\337s@=\214rT\255\374]\335SC\226&C\266$0)\315V\204"
  59      3D8C7254 
  59      ADFC5DDD 
  59      53439626 
  59      43B62430 
  60 015a 9D8CC8E9 		.ascii	"\235\214\310\351\230\374n\213\310\352\200\254\214\221"
  60      98FC6E8B 
  60      C8EA80AC 
  60      8C91
  61 0168 5F8D9235 		.ascii	"_\215\2225\312\015\311\0312brnH\316F\360LL~/\311\372"
  61      CA0DC919 
  61      3262726E 
  61      48CE46F0 
  61      4C4C7E2F 
  62 017e 80CCC6C8 		.ascii	"\200\314\306\310oF\311\011\312\305\344\003z~\222\214"
  62      6F46C909 
  62      CAC5E403 
  62      7A7E928C 
ARM GAS  /tmp/ccBs6egs.s 			page 4


  63 018e 983C3524 		.ascii	"\230<5$\347\"?\013\277p\371\353'\"\344\344\317l2\034"
  63      E7223F0B 
  63      BF70F9EB 
  63      2722E4E4 
  63      CF6C321C 
  64 01a2 0E1AE034 		.ascii	"\016\032\3404\267k>/q\337\256s\323\252W\035\273R\344"
  64      B76B3E2F 
  64      71DFAE73 
  64      D3AA571D 
  64      BB52E4
  65 01b5 BEEBD4AD 		.ascii	"\276\353\324\255\322\211\223y\317\267g\246\203S\371"
  65      D2899379 
  65      CFB767A6 
  65      8353F9
  66 01c4 C09BCB9B 		.ascii	"\300\233\313\233\345\205\212\345\347\257]\347\305z\035"
  66      E5858AE5 
  66      E7AF5DE7 
  66      C57A1D
  67 01d3 CE150ADC 		.ascii	"\316\025\012\3343+<J\360\331\213\027f\246\215K\263g"
  67      332B3C4A 
  67      F0D98B17 
  67      66A68D4B 
  67      B367
  68 01e5 2F1BE7AD 		.ascii	"/\033\347\2559\267\350.\362\222c\333N\215\016\267\314"
  68      39B7E82E 
  68      F29263DB 
  68      4E8D0EB7 
  68      CC
  69 01f6 3DB7C483 		.ascii	"=\267\304\203\033F\340[U\313_4\252Nm\336\230/\373\205"
  69      1B46E05B 
  69      55CB5F34 
  69      AA4E6DDE 
  69      982FFB85 
  70 020a 12248AA6 		.ascii	"\022$\212\246\351\226=O[(V\203\362?\302N\355\266"
  70      E9963D4F 
  70      5B285683 
  70      F23FC24E 
  70      EDB6
  71              		.text
  72              		.section	.gnu.lto_.symbol_nodes.ff4fe294e3f9fc22,"e",%progbits
  73 0000 789C9363 		.ascii	"x\234\223c\000\002&\346z\206\006 `a\234p\216\201\241"
  73      000226E6 
  73      7A860620 
  73      60619C70 
  73      8E81A1
  74 0013 9E816157 		.ascii	"\236\201aWC##\003#\003\030\000\000uh\006B"
  74      43232303 
  74      23031800 
  74      00756806 
  74      42
  75              		.text
  76              		.section	.gnu.lto_.refs.ff4fe294e3f9fc22,"e",%progbits
  77 0000 789C6364 		.ascii	"x\234cd\000\002\000\000\012\000\002"
  77      00020000 
  77      0A0002
  78              		.text
  79              		.section	.gnu.lto_.decls.ff4fe294e3f9fc22,"e",%progbits
ARM GAS  /tmp/ccBs6egs.s 			page 5


  80 0000 789CAD53 		.ascii	"x\234\255SMlTU\024>\337\275\257\235\327\313\310T\362"
  80      4D6C5455 
  80      143EDFBD 
  80      AF9DD7CB 
  80      C854F2
  81 0013 081BD24C 		.ascii	"\010\033\322Lt\321I\310\364\301\233(.\007\011\305\004"
  81      74D149C8 
  81      F4C19B28 
  81      2E0709C5 
  81      04
  82 0024 AC283631 		.ascii	"\254(61l&\303\334\226L\332\327\231\314\274bqu\261$\260"
  82      6C26C3DC 
  82      964CDAD7 
  82      99CCBC62 
  82      7175B124 
  83 0039 A0015C91 		.ascii	"\240\001\\\221\260);\026h\304\200\012VZ\247P&h\023\010"
  83      B0293B16 
  83      68C4800A 
  83      565AA750 
  83      26681308 
  84 004d F167D198 		.ascii	"\361g\321\230h\324L\2021.01n\352yof\230!\230\270\341"
  84      68D44C82 
  84      312E3031 
  84      6EEA796F 
  84      66982198 
  85 0063 E49D73EE 		.ascii	"\344\235s\356\317\371\276s\356\275\347\275'\211\236"
  85      CFF9BE73 
  85      EEBDE7BD 
  85      27899E
  86 0072 07514044 		.ascii	"\007Q@D\353,\202\375}\326\320_g]\240\246p\010\325\351"
  86      EB2C82FD 
  86      7DD6D05F 
  86      675DA0A6 
  86      7008D5E9 
  87 0086 6939C71B 		.ascii	"i9\307\0336\373M\254\016\353J\013\263\225u\260\305q"
  87      36FB4DAC 
  87      0EEB4A0B 
  87      B39575B0 
  87      C571
  88 0098 E87F383E 		.ascii	"\350\1778>\220\330\212uD\216\244 \327D\362\3768\341"
  88      90D88A75 
  88      448EA420 
  88      D744F2FE 
  88      38E1
  89 00aa 533443E4 		.ascii	"S4C\344\233tA\212\007\277\\\271\222PK\3064L\355\270"
  89      9B74418A 
  89      07BF5CB9 
  89      92504BC6 
  89      344CEDB8 
  90 00be 2464B09D 		.ascii	"$d\260\235\3609\030\366\031p\015\270\032rl\202\305\326"
  90      F03918F6 
  90      19700DB8 
  90      1A726C82 
  90      C5D6
  91 00d0 4192012B 		.ascii	"A\222\001+\017\317|\2621\316\200?\315|\315\302u\340"
  91      0FCF7CB2 
  91      31CE803F 
ARM GAS  /tmp/ccBs6egs.s 			page 6


  91      CD7CCDC2 
  91      75E0
  92 00e2 0BE00673 		.ascii	"\013\340\006sb\201\015\007\234\270\370\363-\353W\220"
  92      62810D07 
  92      9CB8F8F3 
  92      2DEB5790 
  93 00f2 E0A9A501 		.ascii	"\340\251\245\001\374\3602\033E\207$9F\030\321\253\245"
  93      FCF0321B 
  93      45872439 
  93      4618D1AB 
  93      A5
  94 0103 505249AD 		.ascii	"PRI\255\352\030H=\222Y[\244\022\312\276\264\214~\325"
  94      EA18483D 
  94      92595BA4 
  94      12CABEB4 
  94      8C7ED5
  95 0116 630BD188 		.ascii	"c\013\321\210i\225\372\007\227\305|o2k,}zs#f\304\331"
  95      6995FA07 
  95      97C57C6F 
  95      326B2C7D 
  95      7A732366 
  96 012c 11279365 		.ascii	"\021'\223e\333\210\325\241\031u\300\262\373y\324\210"
  96      DB88D5A1 
  96      1975C0B2 
  96      FB79D488 
  97 013c A947727E 		.ascii	"\251Gr~\256W\257\212S\203\250Ci\317\341sfm{ Q\22359"
  97      AE57AF8A 
  97      5383A843 
  97      69CFE173 
  97      666D7B20 
  98 0154 CC57697F 		.ascii	"\314Wi\177\374\321f\325\210%\230\"\245\223\375:\231"
  98      FCD166D5 
  98      88259822 
  98      A593FD3A 
  98      99
  99 0165 A8A3476B 		.ascii	"\250\243Gk\345\244\210\213\320\236\227\025\212\231-"
  99      E5A4888B 
  99      D09E9715 
  99      8A992D
 100 0174 BB0E4F22 		.ascii	"\273\016O\"\356\231\237\036nQP}\003\311\024\221\246"
 100      EE999F1E 
 100      6E51507D 
 100      03C91491 
 100      A6
 101 0185 61C1BC72 		.ascii	"a\301\274r\275-\210qN\335\231\002)%<!\3675b\374\304"
 101      BD2D8871 
 101      4EDD9902 
 101      29253C21 
 101      F73562FC 
 102 019a 2249642C 		.ascii	"\"Id,;\036\207a\327\227\333\247\017x\212\0321\301[\216"
 102      3B1E8761 
 102      D797DBA7 
 102      0F788A1A 
 102      31C15B8E 
 103 01ae 0523D041 		.ascii	"\005#\320A\252^\002u\336\021\204\360k\032\012'\324\235"
 103      AA5E0275 
 103      DE1184F0 
ARM GAS  /tmp/ccBs6egs.s 			page 7


 103      6B1A0A27 
 103      D49D
 104 01c0 255A0F23 		.ascii	"%Z\017#\371^\321|\370\366\352c\327\0327\003\232<\242"
 104      F95ED17C 
 104      F8F6EA63 
 104      D71A3703 
 104      9A3CA2
 105 01d3 9D00ED24 		.ascii	"\235\000\355$\324\332\355\"\357\324\320\252\243\315"
 105      D4DAED22 
 105      EFD4D0AA 
 105      A3CD
 106 01e1 D3CED355 		.ascii	"\323\316\323Uc\247V~\341f\022\321\215\211pO\024\336"
 106      63A7567E 
 106      E16612D1 
 106      8D89704F 
 106      14DE
 107 01f3 A1A4C7B4 		.ascii	"\241\244\307\264\324up\212\332\346\352_7\257\305\177"
 107      D475708A 
 107      DAE6EA5F 
 107      37AFC57F 
 108 0203 E36B330B 		.ascii	"\343k3\013sk\022\033\317f\011r&\334Y\233\375c\3619\213"
 108      736B121B 
 108      CF660972 
 108      26DC599B 
 108      FD63F139 
 109 0218 A20E4329 		.ascii	"\242\016C)jG\021\265c?\333\301\350B\023\321\210\344"
 109      6A4711B5 
 109      633FDBC1 
 109      E84213D1 
 109      88E4
 110 022a 1C42C0DC 		.ascii	"\034B\300\334\215\331o7\250\250E\227N\364Q\253Aq\033"
 110      8DD96F37 
 110      A8A84597 
 110      4EF451AB 
 110      41711B
 111 023d 1CC35D7D 		.ascii	"\034\303]}\013X\006\207}\367\3417\017\342[8\341\357"
 111      0B580687 
 111      7DF7E137 
 111      0FE25B38 
 111      E1EF
 112 024f C6385801 		.ascii	"\3068X\001j\300Wa\265w8x\251\331\314k_\377\270\252^"
 112      6AC05761 
 112      B5773878 
 112      A9D9CC6B 
 112      5FFFB8AA 
 113 0264 387FDEFC 		.ascii	"8\177\336\374\375\375\335\325\345\027\217\317\2364\367"
 113      FDFDDDD5 
 113      E5178FCF 
 113      9E34F7
 114 0273 C21F0916 		.ascii	"\302\037\011\026Ga\021\314\027\235b\221!7\201/y\266"
 114      476111CC 
 114      179D6291 
 114      2137812F 
 114      79B6
 115 0285 6768C8AD 		.ascii	"gh\310\255\352\011\267\032\370\031\317=\370\366\353"
 115      EA09B71A 
 115      F819CF3D 
ARM GAS  /tmp/ccBs6egs.s 			page 8


 115      F8F6EB
 116 0294 192F377A 		.ascii	"\031/7z\360\325wr\373\213\207+\371\3121\267P\362\375"
 116      F0D57772 
 116      FB8B872B 
 116      F9CA31B7 
 116      50F2FD
 117 02a7 D214BBCA 		.ascii	"\322\024\273\312\230[\255\024\334\351\231\334tP\234"
 117      985BAD14 
 117      DCE999DC 
 117      74509C
 118 02b6 2C06C772 		.ascii	",\006\307r\223\245\251#\271#c\301P\301\336;2\232\334"
 118      93A5A923 
 118      B92363C1 
 118      50C1DE3B 
 118      329ADC
 119 02c9 BD6327F5 		.ascii	"\275c'\365\214\356~m\327[N\276\342\037}%\355\017\371"
 119      8CEE7E6D 
 119      D75B4EBE 
 119      E21F7D25 
 119      ED0FF9
 120 02dc F9E2D436 		.ascii	"\371\342\3246]-o\033/\323\006\246\010\306f\322~&CN\356"
 120      5D2D6F1B 
 120      2FD306A6 
 120      08C666D2 
 120      7E26434E 
 121 02f1 3F687A46 		.ascii	"?hzF\367\2771\262w\247\353O\005n\301\015\374\262\253"
 121      F7BF31B2 
 121      77A7EB4F 
 121      056EC10D 
 121      FCB2AB
 122 0304 8BE5C992 		.ascii	"\213\345\311\222?\221w\203J\251\\,l\337\221\216\312"
 122      3F917783 
 122      4AA95C2C 
 122      6CDF918E 
 122      CA
 123 0315 9C7E293D 		.ascii	"\234~)=]=\234\326cG'\212Az\374]7_.\323\36039\010\375"
 123      5D3D9CD6 
 123      6347278A 
 123      417AFC5D 
 123      375F2ED3 
 124 032e 0B320B3D 		.ascii	"\0132\013=\247"
 124      A7
 125              		.text
 126              		.section	.gnu.lto_.symtab.ff4fe294e3f9fc22,"e",%progbits
 127 0000 5F75785F 		.ascii	"_ux_utility_long_get\000"
 127      7574696C 
 127      6974795F 
 127      6C6F6E67 
 127      5F676574 
 128 0015 00       		.ascii	"\000"
 129 0016 00       		.ascii	"\000"
 130 0017 00       		.ascii	"\000"
 131 0018 00000000 		.ascii	"\000\000\000\000\000\000\000\000"
 131      00000000 
 132 0020 C8000000 		.ascii	"\310\000\000\000"
 133              		.text
 134              		.section	.gnu.lto_.ext_symtab.ff4fe294e3f9fc22,"e",%progbits
ARM GAS  /tmp/ccBs6egs.s 			page 9


 135 0000 01       		.ascii	"\001"
 136 0001 01       		.ascii	"\001"
 137 0002 00       		.ascii	"\000"
 138              		.text
 139              		.section	.gnu.lto_.opts,"e",%progbits
 140 0000 272D666E 		.ascii	"'-fno-openmp' '-fno-openacc' '-fno-pie' '-fcf-prote"
 140      6F2D6F70 
 140      656E6D70 
 140      2720272D 
 140      666E6F2D 
 141 0033 6374696F 		.ascii	"ction=none' '-mcpu=cortex-m33' '-mthumb' '-mfpu=fpv"
 141      6E3D6E6F 
 141      6E652720 
 141      272D6D63 
 141      70753D63 
 142 0066 342D7370 		.ascii	"4-sp-d16' '-mfloat-abi=hard' '-mlibarch=armv8-m.mai"
 142      2D643136 
 142      2720272D 
 142      6D666C6F 
 142      61742D61 
 143 0099 6E2B6473 		.ascii	"n+dsp+fp' '-march=armv8-m.main+dsp+fp' '-Os' '-flto"
 143      702B6670 
 143      2720272D 
 143      6D617263 
 143      683D6172 
 144 00cc 2720272D 		.ascii	"' '-fdata-sections' '-ffunction-sections' '-Xassemb"
 144      66646174 
 144      612D7365 
 144      6374696F 
 144      6E732720 
 145 00ff 6C657227 		.ascii	"ler' '-a' '-Xassembler' '-ad' '-Xassembler' '-alms="
 145      20272D61 
 145      2720272D 
 145      58617373 
 145      656D626C 
 146 0132 6275696C 		.ascii	"build/../sdk/stm32/STM32_USBX_Library/common/core/s"
 146      642F2E2E 
 146      2F73646B 
 146      2F73746D 
 146      33322F53 
 147 0165 72632F75 		.ascii	"rc/ux_utility_long_get.lst'\000"
 147      785F7574 
 147      696C6974 
 147      795F6C6F 
 147      6E675F67 
 148              		.text
 149              		.comm	__gnu_lto_slim,1,1
 150              		.ident	"GCC: (15:10.3-2021.07-4) 10.3.1 20210621 (release)"
ARM GAS  /tmp/ccBs6egs.s 			page 10


DEFINED SYMBOLS
                            *ABS*:0000000000000000 ux_utility_long_get.c
                            *COM*:0000000000000001 __gnu_lto_slim

NO UNDEFINED SYMBOLS
