ARM GAS  /tmp/ccEQ9STk.s 			page 1


   1              		.cpu cortex-m33
   2              		.eabi_attribute 27, 1
   3              		.eabi_attribute 28, 1
   4              		.eabi_attribute 20, 1
   5              		.eabi_attribute 21, 1
   6              		.eabi_attribute 23, 3
   7              		.eabi_attribute 24, 1
   8              		.eabi_attribute 25, 1
   9              		.eabi_attribute 26, 1
  10              		.eabi_attribute 30, 4
  11              		.eabi_attribute 34, 1
  12              		.eabi_attribute 18, 4
  13              		.file	"ux_utility_short_get_big_endian.c"
  14              		.section	.gnu.lto_.profile.7266153d6d03936c,"e",%progbits
  15 0000 789C6362 		.ascii	"x\234cb\000\001\000\000\022\000\003"
  15      00010000 
  15      120003
  16              		.text
  17              		.section	.gnu.lto_.icf.7266153d6d03936c,"e",%progbits
  18 0000 789CE360 		.ascii	"x\234\343`@\000F\206\253S_4p1\000\000\015\327\002\346"
  18      40004686 
  18      AB535F34 
  18      70310000 
  18      0DD702E6 
  19              		.text
  20              		.section	.gnu.lto_.ipa_sra.7266153d6d03936c,"e",%progbits
  21 0000 789CE364 		.ascii	"x\234\343d@\000F \004\002f\006\000\000\350\000\017"
  21      40004620 
  21      04026606 
  21      0000E800 
  21      0F
  22              		.text
  23              		.section	.gnu.lto_.inline.7266153d6d03936c,"e",%progbits
  24 0000 789C7366 		.ascii	"x\234sf@\000F\006\006\366\006 `Nedd`\\\302\314\300\000"
  24      40004606 
  24      06F60620 
  24      604E6564 
  24      64605CC2 
  25 0017 442CCC60 		.ascii	"D,\314`\241d\210\334\001\246\024&\006&\006F\220\030"
  25      A16488DC 
  25      01A61426 
  25      06260646 
  25      9018
  26 0029 53121303 		.ascii	"S\022\023\003\013\023\003L\236\005d\004\000\330\252"
  26      0B13034C 
  26      9E056404 
  26      00D8AA
  27 0038 0D59     		.ascii	"\015Y"
  28              		.text
  29              		.section	.gnu.lto_.jmpfuncs.7266153d6d03936c,"e",%progbits
  30 0000 789CE362 		.ascii	"x\234\343b@\000F\006FF\306\372%\314\214\014\000\006"
  30      40004606 
  30      4646C6FA 
  30      25CC8C0C 
  30      0006
  31 0012 270136   		.ascii	"'\0016"
  32              		.text
ARM GAS  /tmp/ccEQ9STk.s 			page 2


  33              		.section	.gnu.lto_.pureconst.7266153d6d03936c,"e",%progbits
  34 0000 789C6361 		.ascii	"x\234ca```dhe\001\000\001:\000\217"
  34      60606064 
  34      68650100 
  34      013A008F 
  35              		.text
  36              		.section	.gnu.lto_.lto.7266153d6d03936c,"e",%progbits
  37 0000 09000400 		.ascii	"\011\000\004\000\001\000\000\000"
  37      01000000 
  38              		.text
  39              		.section	.gnu.lto__ux_utility_short_get_big_endian.3.7266153d6d03936c,"e",%progbits
  40 0000 789C5550 		.ascii	"x\234UP=h\024Q\020\236y\263{{\021\004K\3134*\026wO\023"
  40      3D681451 
  40      109E79B3 
  40      7B7B1104 
  40      4BCB342A 
  41 0018 444BB1D6 		.ascii	"DK\261\326&Q\260[\366v\327\270\334\355\355\262\273\027"
  41      2651B05B 
  41      F676D7B8 
  41      DCEDEDB2 
  41      BB17
  42 002a 4D635E22 		.ascii	"Mc^\"$\020\3213'\202w\204\024\233C\354l\224\234\277"
  42      2410D133 
  42      27827784 
  42      149B43EC 
  42      6C949CBF 
  43 003e 9C85A60D 		.ascii	"\234\205\246\015\351-\254\004\013\025+\221@\234\267"
  43      E92DAC04 
  43      0B152B91 
  43      409CB7
  44 004d 176284B7 		.ascii	"\027b\204\267o\347\233\371\346\373\346\315&\002\364"
  44      6FE79BF9 
  44      E6FBE6CD 
  44      2602F4
  45 005c 00E0247F 		.ascii	"\000\340$\177H\200\235\325\025\001J\251\213\226\300"
  45      48809DD5 
  45      15014AA9 
  45      8B96C0
  46 006b 85D595AD 		.ascii	"\205\325\225\255\336\300\300wX$\020\346\005\316\343"
  46      DEC0C077 
  46      582410E6 
  46      05CEE3
  47 007a 235A23EC 		.ascii	"#Z#\354P\237\311\306~\2048~z\250\324\357\217\353\017"
  47      509FC9C6 
  47      7E84387E 
  47      7AA8D4EF 
  47      8FEB0F
  48 008d 364A6BCF 		.ascii	"6Jk\317\206F\237\004\2543\341%\342\0136\000`\"\335G"
  48      86469F04 
  48      AC33E125 
  48      E20B3600 
  48      6022DD47 
  49 00a1 38C5ACED 		.ascii	"8\305\254\355o\003\245\306\240O\204\233x\210\304\211"
  49      6F03A5C6 
  49      A04F849B 
  49      7888C489 
  50 00b1 1171A42D 		.ascii	"\021q\244-\016\264\217\351\346\307\250K'\270\377gw\343"
ARM GAS  /tmp/ccEQ9STk.s 			page 3


  50      0EB48FE9 
  50      E6C7A84B 
  50      27B8FF67 
  50      77E3
  51 00c3 D3D16D55 		.ascii	"\323\321mU\356\223\201o\012\201\327\210\257\012\027"
  51      EE93816F 
  51      0A81D788 
  51      AF0A17
  52 00d2 2801BE45 		.ascii	"(\001\276E\355\254_\303\207\321\363\035s\250v\367\332"
  52      EDAC5FC3 
  52      87D1F31D 
  52      73A876F7 
  52      DA
  53 00e3 4AED1DFF 		.ascii	"J\355\035\377\262S:\202ld\012\276J\244#CG&\342\000-"
  53      B2533A82 
  53      6C640ABE 
  53      4AA42343 
  53      4726E200 
  54 00f8 DD5BD697 		.ascii	"\335[\326\227\036N\000\264I/B\031\250\206\000\017I\214"
  54      1E4E00B4 
  54      492F4219 
  54      A886000F 
  54      498C
  55 010a C00283EF 		.ascii	"\300\002\203\357\270\370\344\336\327n\234\023\356OI"
  55      B8F8E4DE 
  55      D76E9C13 
  55      EE4F49
  56 0119 084FF596 		.ascii	"\010O\365\226x*+'\023\337c\301\332]\306\234\004\323"
  56      782A2B27 
  56      13DF63C1 
  56      DA5DC69C 
  56      04D3
  57 012b 18DCFDB3 		.ascii	"\030\334\375\263\364\231\021\227\205\356(\263W\241\363"
  57      F4991197 
  57      85EE28B3 
  57      57A1F3
  58 013a A37B2727 		.ascii	"\243{'':\320\301\377t>\034\3221\230\246u:\313Z\247\\"
  58      3AD0C1FF 
  58      743E1CD2 
  58      3198A675 
  58      3ACB5AA7 
  59 014f 24AC5175 		.ascii	"$\254Qu\253w!\2471N\302/\\\034\347P/\240M\370o~\200"
  59      AB7721A7 
  59      314EC22F 
  59      5C1CE750 
  59      2FA04DF8 
  60 0166 F3326C66 		.ascii	"\3632lf\322\225Y\030K/\210\033QXwd\226Dq\340\2369[I"
  60      D2955918 
  60      4B2F881B 
  60      51587764 
  60      964471E0 
  61 017e B37072A2 		.ascii	"\263pr\242u\256\322Jk\025\317\237\255\007Y\345\306-"
  61      75AED24A 
  61      6B15CF9F 
  61      AD0759E5 
  61      C62D
  62 0190 E9C4314C 		.ascii	"\351\3041LU\2532\365\352\262`\310\351\253W&'\354k\323"
ARM GAS  /tmp/ccEQ9STk.s 			page 4


  62      55AB32F5 
  62      EAB260C8 
  62      E9AB5726 
  62      27EC6BD3 
  63 01a4 97AEDB97 		.ascii	"\227\256\333\227\203Z\342$s\322\215\3020j\362/\361e"
  63      835AE224 
  63      73D28DC2 
  63      306AF22F 
  63      F165
  64 01b6 9AB8B275 		.ascii	"\232\270\262u\333neA#\310\346\354\364f\224d\366\214"
  64      DB6E6541 
  64      23C8E6EC 
  64      F4669464 
  64      F68C
  65 01c8 9FD9B560 		.ascii	"\237\331\265`\306\366\233^\3404\253.X\216\347%~\232"
  65      C6F69B5E 
  65      E034AB2E 
  65      588EE725 
  65      7E9A
  66 01da 9AB34EA3 		.ascii	"\232\263N\243\345\377\005\357\027\273\232"
  66      E5FF05EF 
  66      17BB9A
  67              		.text
  68              		.section	.gnu.lto_.symbol_nodes.7266153d6d03936c,"e",%progbits
  69 0000 789C9363 		.ascii	"x\234\223c\000\002&\346z\206\006 `a\234p\216\201\241"
  69      000226E6 
  69      7A860620 
  69      60619C70 
  69      8E81A1
  70 0013 9E816157 		.ascii	"\236\201aWC##\003#\003\030\000\000uh\006B"
  70      43232303 
  70      23031800 
  70      00756806 
  70      42
  71              		.text
  72              		.section	.gnu.lto_.refs.7266153d6d03936c,"e",%progbits
  73 0000 789C6364 		.ascii	"x\234cd\000\002\000\000\012\000\002"
  73      00020000 
  73      0A0002
  74              		.text
  75              		.section	.gnu.lto_.decls.7266153d6d03936c,"e",%progbits
  76 0000 789CAD53 		.ascii	"x\234\255SM\214SU\024>\337\275\257\3237\227J'\244\204"
  76      4D8C5355 
  76      143EDFBD 
  76      AFD33797 
  76      4A27A484 
  77 0014 0D993498 		.ascii	"\015\2314\230@\023\322y\320Fq\341\242J\002$\340\200"
  77      4013D279 
  77      D04671E1 
  77      A24A0224 
  77      E080
  78 0026 33345113 		.ascii	"34Q\023\322tz\0136\303k\233\366\015\016\273+3\211.D"
  78      D2747A0B 
  78      36C36B9B 
  78      F60D0EBB 
  78      2B33892E 
  79 003b C115D1CD 		.ascii	"\301\025\321\315\230h\342\002\215(?\202\310\214\035"
ARM GAS  /tmp/ccEQ9STk.s 			page 5


  79      9868E202 
  79      8D283F82 
  79      C88C1D
  80 004a 18ABFC44 		.ascii	"\030\253\374DC4.\334h\3044\0314. !n\306\363^[Z\343\202"
  80      43342EDC 
  80      68C43419 
  80      342E2021 
  80      6EC6F35E 
  81 0062 8D27EF9C 		.ascii	"\215'\357\234s\177\316\371\316w\357=\3573I\3644\210"
  81      737FCEF9 
  81      CE77EF3D 
  81      EF3349F4 
  81      3488
  82 0074 A6896885 		.ascii	"\246\211h\205E\260\377\236\325\367\027Y/S[8\204\232"
  82      45B0FF9E 
  82      D5F71759 
  82      2F535B38 
  82      849A
  83 0086 F45F39C9 		.ascii	"\364_9\311\033\203\354\327\260\306X\227:97X\327\263"
  83      1B83ECD7 
  83      B0C65897 
  83      3A393758 
  83      D7B3
  84 0098 6EECE0BC 		.ascii	"n\354\340\274\370\010\234\267%\326c\005\201#)\3101\201"
  84      F8089CB7 
  84      25D66305 
  84      812329C8 
  84      3181
  85 00aa 1C9B249C 		.ascii	"\034\233$\234G;D\036\240w\245\270\375\333\2313Q\265"
  85      473B441E 
  85      A077A5B8 
  85      FDDB9933 
  85      51B5
  86 00bc 604CCB34 		.ascii	"`L\3134^\225\2044\266\020>\007\247]\000\316\001g}\214"
  86      5E958434 
  86      B6103E07 
  86      A75D00CE 
  86      01677D8C 
  87 00d0 35B0D8C6 		.ascii	"5\260\330\306\020\347\204\245\345\267>]\035\341\204"
  87      10E784A5 
  87      E5B73E5D 
  87      1DE184
  88 00df BFCC5CC3 		.ascii	"\277\314\\\303\302E\340\013\340\022c\3422\033\016\230"
  88      C245E00B 
  88      E01263E2 
  88      321B0E98 
  89 00ef 7DEFD7AB 		.ascii	"}\357\327\253\326\035\220\340\251\245\001\374\364$\033"
  89      D61D90E0 
  89      A9A501FC 
  89      F4241B
  90 00fe 452F498A 		.ascii	"E/I\212\031a\304\200\226BI%\265jb8qOfl\221\210*\373"
  90      1961C480 
  90      96424925 
  90      B56A6238 
  90      714F666C 
  91 0116 C3450CA9 		.ascii	"\303E\014\251\220-D+\254U\342o\234\026s\003\361\214"
  91      902D442B 
ARM GAS  /tmp/ccEQ9STk.s 			page 6


  91      AC55E26F 
  91      9C167303 
  91      F18C
  92 0128 B1F41B6B 		.ascii	"\261\364\033k[a#N\214\306\322\031\266\255p\023\232\263"
  92      5B61234E 
  92      8CC6D219 
  92      B6AD7013 
  92      9AB3
  93 013a F659F610 		.ascii	"\366Y\366\020\217ZauO\316\035\037\3207\305\353\233\320"
  93      8F5A6175 
  93      4FCE1D1F 
  93      D037C5EB 
  93      9BD0
  94 014c 84D2A918 		.ascii	"\204\322\251\030\2373c\333\303\321\206l\310\035D\266"
  94      9F3363DB 
  94      C3D1866C 
  94      C81D44B6 
  95 015c FDC9C76B 		.ascii	"\375\311\307kU+\034e\210\204\216\017\351x\264\211\220"
  95      552B1C65 
  95      88848E0F 
  95      E978B489 
  95      90
  96 016d D62A9620 		.ascii	"\326*\226 &\241S\251\214P\214l\331M\244$\")\363\313"
  96      26A153A9 
  96      8C508C6C 
  96      D94DA424 
  96      2229F3CB 
  97 0181 F23A0535 		.ascii	"\362:\00558\034O\020i\332!\030W\256t\005a\256\251{S"
  97      381C4F10 
  97      69DA2118 
  97      57AE7405 
  97      61AEA97B 
  98 0196 20A1444A 		.ascii	" \241DJ\310\335\2550?\263\210\023\031\313\216D`\330"
  98      C8DDAD30 
  98      3FB38813 
  98      19CB8E44 
  98      60D8
  99 01a8 0DE676EB 		.ascii	"\015\346v\353})E\255\260\340\255\230\005#\320\313T\003"
  99      7D2945AD 
  99      B0E0AD98 
  99      0523D0CB 
  99      5403
 100 01ba 04EABD23 		.ascii	"\004\352\275#\010\376\3276\344O\250\277J\260\356G\362"
 100      08FED736 
 100      E44FA8BF 
 100      4AB0EE47 
 100      F2
 101 01cb BDA2FDF0 		.ascii	"\275\242\375\360\335\325\207\2563n\007\264qD\267\000"
 101      DDD587AE 
 101      336E07B4 
 101      7144B700 
 102 01db BA45A8B3 		.ascii	"\272E\250\263\333\007\336\343\320\341\321\305\351\326"
 102      DB07DEE3 
 102      D0E1D1C5 
 102      E9D6
 103 01e9 E9E3D8E3 		.ascii	"\351\343\330\343\312/\334.\"\372s\202\274\177\021\357"
 103      CA2FDC2E 
ARM GAS  /tmp/ccEQ9STk.s 			page 7


 103      22FA7382 
 103      BC7F11EF 
 104 01f9 41D24358 		.ascii	"A\322CX\352;8\005ms\366\376\225s\221\337\371\332\314"
 104      EA3B3805 
 104      6D73F6FE 
 104      957391DF 
 104      F9DACC
 105 020c E9371F48 		.ascii	"\3517\037H\254>\221!\310Y\370[?\317\3749\377\230EA\213"
 105      AC3E9121 
 105      C859F85B 
 105      3FCFFC39 
 105      FF984541 
 106 0221 A112F4A3 		.ascii	"\241\022\364\243\010\372q\210\355\246\340F\243\301\210"
 106      08FA7188 
 106      EDA6E046 
 106      A3C188
 107 0230 E40741C2 		.ascii	"\344\007A\302\361K3?\254RA\217.\314\016R\247Cq\015\034"
 107      F14B333F 
 107      AC52418F 
 107      2ECC0E52 
 107      A743710D 
 108 0245 C36D7D15 		.ascii	"\303m}\025X\004\207\375\370\321\215\333\221u\\\361\256"
 108      580487FD 
 108      F8D18DDB 
 108      91755CF1 
 108      AE
 109 0256 31312C01 		.ascii	"11,\001\015\340+\237\356\327\034\274\320\356\346\367"
 109      0DE02B9F 
 109      EED71CBC 
 109      D0EEE6F7 
 110 0266 AF2DDF8A 		.ascii	"\257-\337\212n8u\312<\270p\375\316\342\343'g^3\337\371"
 110      6E3875CA 
 110      3CB870FD 
 110      CEE2E327 
 110      675E33DF 
 111 027b 7F122C8E 		.ascii	"\177\022,\216\302<\030/8\306<\247\\\001\276\204\377"
 111      C23C182F 
 111      38C63CA7 
 111      5C01BE84 
 111      FF
 112 028c EB6D644E 		.ascii	"\353mdN2\360$\317\013\037\346\376;\177l\360\011\335"
 112      32F024CF 
 112      0B1FE6FE 
 112      3B7F6CF0 
 112      09DD
 113 029e 350BC742 		.ascii	"5\013\307B\324)\204\353\340\020&\364-\360\015\350\371"
 113      D42984EB 
 113      E01026F4 
 113      2DF00DE8 
 113      F9
 114 02af 9111A7AE 		.ascii	"\221\021\247\256'\235\272\347\246S\316\370\376\347\322"
 114      279DBAE7 
 114      A653CEF8 
 114      FEE7D2
 115 02be A95C76FC 		.ascii	"\251\\v\374\331\027r{J\023\265|\355\250S\250\270n\245"
 115      D917727B 
 115      4A13B57C 
ARM GAS  /tmp/ccEQ9STk.s 			page 8


 115      EDA853A8 
 115      B86EA5
 116 02d1 CCAE5674 		.ascii	"\314\256Vt\352\265\20235\235\233\362J\207K\336\321\\"
 116      EAB58233 
 116      359D9BF2 
 116      4A874BDE 
 116      D15C
 117 02e3 FDE54ACD 		.ascii	"\375\345J\315\313\035*z\271\211\322\241\\\261\254K\371"
 117      CB1D2A7A 
 117      B989D2A1 
 117      5CB1AC4B 
 117      F9
 118 02f4 F248C1DE 		.ascii	"\362H\301\3369\232\215o\337\272\215B\331\355\273\236"
 118      399A8D6F 
 118      DFBA8D42 
 118      D9EDBB9E 
 119 0304 198BE56B 		.ascii	"\031\213\345k\356\221\247\222\356\210\233/\2257\353"
 119      EE91A792 
 119      EE889B2F 
 119      9537EB
 120 0313 7A75F3C1 		.ascii	"zu\363\301*\255b8\2578\235t\323i\212\347\036\001\031"
 120      2AAD6238 
 120      AF389D74 
 120      D3698AE7 
 120      1E0119
 121 0326 CAEED93B 		.ascii	"\312\356\331;\272s\233\343\226=\247\340xn\325\321\245"
 121      BA739BE3 
 121      963DA7E0 
 121      786ED5D1 
 121      A5
 122 0337 EAE18A3B 		.ascii	"\352\341\212;\231w\274Z\245Z*l\331\232\014\350O=\221"
 122      9977BC5A 
 122      A55A2A6C 
 122      D99A0CE8 
 122      4F3D91
 123 034a 9CAA4F24 		.ascii	"\234\252O$u\361\310d\311K\036|\305\311W\2534\366\277"
 123      75F1C864 
 123      C94B1E7C 
 123      C5C957AB 
 123      34F6BF
 124 035d 1F9006B2 		.ascii	"\037\220\006\262\343\273\366\216\355\377\007Z``c"
 124      E3BBF68E 
 124      EDFF075A 
 124      606063
 125              		.text
 126              		.section	.gnu.lto_.symtab.7266153d6d03936c,"e",%progbits
 127 0000 5F75785F 		.ascii	"_ux_utility_short_get_big_endian\000"
 127      7574696C 
 127      6974795F 
 127      73686F72 
 127      745F6765 
 128 0021 00       		.ascii	"\000"
 129 0022 00       		.ascii	"\000"
 130 0023 00       		.ascii	"\000"
 131 0024 00000000 		.ascii	"\000\000\000\000\000\000\000\000"
 131      00000000 
 132 002c C8000000 		.ascii	"\310\000\000\000"
ARM GAS  /tmp/ccEQ9STk.s 			page 9


 133              		.text
 134              		.section	.gnu.lto_.ext_symtab.7266153d6d03936c,"e",%progbits
 135 0000 01       		.ascii	"\001"
 136 0001 01       		.ascii	"\001"
 137 0002 00       		.ascii	"\000"
 138              		.text
 139              		.section	.gnu.lto_.opts,"e",%progbits
 140 0000 272D666E 		.ascii	"'-fno-openmp' '-fno-openacc' '-fno-pie' '-fcf-prote"
 140      6F2D6F70 
 140      656E6D70 
 140      2720272D 
 140      666E6F2D 
 141 0033 6374696F 		.ascii	"ction=none' '-mcpu=cortex-m33' '-mthumb' '-mfpu=fpv"
 141      6E3D6E6F 
 141      6E652720 
 141      272D6D63 
 141      70753D63 
 142 0066 342D7370 		.ascii	"4-sp-d16' '-mfloat-abi=hard' '-mlibarch=armv8-m.mai"
 142      2D643136 
 142      2720272D 
 142      6D666C6F 
 142      61742D61 
 143 0099 6E2B6473 		.ascii	"n+dsp+fp' '-march=armv8-m.main+dsp+fp' '-Os' '-flto"
 143      702B6670 
 143      2720272D 
 143      6D617263 
 143      683D6172 
 144 00cc 2720272D 		.ascii	"' '-fdata-sections' '-ffunction-sections' '-Xassemb"
 144      66646174 
 144      612D7365 
 144      6374696F 
 144      6E732720 
 145 00ff 6C657227 		.ascii	"ler' '-a' '-Xassembler' '-ad' '-Xassembler' '-alms="
 145      20272D61 
 145      2720272D 
 145      58617373 
 145      656D626C 
 146 0132 6275696C 		.ascii	"build/../sdk/stm32/STM32_USBX_Library/common/core/s"
 146      642F2E2E 
 146      2F73646B 
 146      2F73746D 
 146      33322F53 
 147 0165 72632F75 		.ascii	"rc/ux_utility_short_get_big_endian.lst'\000"
 147      785F7574 
 147      696C6974 
 147      795F7368 
 147      6F72745F 
 148              		.text
 149              		.comm	__gnu_lto_slim,1,1
 150              		.ident	"GCC: (15:10.3-2021.07-4) 10.3.1 20210621 (release)"
ARM GAS  /tmp/ccEQ9STk.s 			page 10


DEFINED SYMBOLS
                            *ABS*:0000000000000000 ux_utility_short_get_big_endian.c
                            *COM*:0000000000000001 __gnu_lto_slim

NO UNDEFINED SYMBOLS
