ARM GAS  /tmp/ccBNMzgr.s 			page 1


   1              		.cpu cortex-m33
   2              		.eabi_attribute 27, 1
   3              		.eabi_attribute 28, 1
   4              		.eabi_attribute 20, 1
   5              		.eabi_attribute 21, 1
   6              		.eabi_attribute 23, 3
   7              		.eabi_attribute 24, 1
   8              		.eabi_attribute 25, 1
   9              		.eabi_attribute 26, 1
  10              		.eabi_attribute 30, 4
  11              		.eabi_attribute 34, 1
  12              		.eabi_attribute 18, 4
  13              		.file	"ux_utility_physical_address.c"
  14              		.section	.gnu.lto_.profile.5041f00a6a49c546,"e",%progbits
  15 0000 789C6362 		.ascii	"x\234cb\000\001\000\000\022\000\003"
  15      00010000 
  15      120003
  16              		.text
  17              		.section	.gnu.lto_.icf.5041f00a6a49c546,"e",%progbits
  18 0000 789CE360 		.ascii	"x\234\343`@\000F\206\003\313g723\000\000\014t\002\220"
  18      40004686 
  18      03CB6737 
  18      32330000 
  18      0C740290 
  19              		.text
  20              		.section	.gnu.lto_.ipa_sra.5041f00a6a49c546,"e",%progbits
  21 0000 789CE364 		.ascii	"x\234\343d@\000F \004\002f\006\000\000\350\000\017"
  21      40004620 
  21      04026606 
  21      0000E800 
  21      0F
  22              		.text
  23              		.section	.gnu.lto_.inline.5041f00a6a49c546,"e",%progbits
  24 0000 789C5361 		.ascii	"x\234Sa@\000F\006\006\346\006 `Jad`b`h\0042\353\030"
  24      40004606 
  24      06E60620 
  24      604A6164 
  24      60626068 
  25 0018 18D82042 		.ascii	"\030\330 BL !\006\006\000\231\226\007\201"
  25      4C202106 
  25      06009996 
  25      0781
  26              		.text
  27              		.section	.gnu.lto_.jmpfuncs.5041f00a6a49c546,"e",%progbits
  28 0000 789CE362 		.ascii	"x\234\343b@\000F\006FF\306\372%\314\014\014\000\006"
  28      40004606 
  28      4646C6FA 
  28      25CC0C0C 
  28      0006
  29 0012 250135   		.ascii	"%\0015"
  30              		.text
  31              		.section	.gnu.lto_.pureconst.5041f00a6a49c546,"e",%progbits
  32 0000 789C6361 		.ascii	"x\234ca```dh`\001\000\0010\000\212"
  32      60606064 
  32      68600100 
  32      0130008A 
  33              		.text
ARM GAS  /tmp/ccBNMzgr.s 			page 2


  34              		.section	.gnu.lto_.lto.5041f00a6a49c546,"e",%progbits
  35 0000 09000400 		.ascii	"\011\000\004\000\001\000\000\000"
  35      01000000 
  36              		.text
  37              		.section	.gnu.lto__ux_utility_physical_address.3.5041f00a6a49c546,"e",%progbits
  38 0000 789C4D8E 		.ascii	"x\234M\216\257O\303@\024\307\337\353\225\021\024\032"
  38      AF4FC340 
  38      14C7DFEB 
  38      9511141A 
  39 0010 37054174 		.ascii	"7\005At\007[\010\226\240\0013HpM\327\216p\331\2726w"
  39      075B0896 
  39      A0013348 
  39      704DD78E 
  39      70D9BA36 
  40 0025 D7C1D46E 		.ascii	"\327\301\324n\240\230)\033\206\220e\202L\3400\014\206"
  40      A098291B 
  40      86906582 
  40      4CE0300C 
  40      86
  41 0036 AB215882 		.ascii	"\253!X\202\000\201\342_@!H\340:H\206\370\346\275\357"
  41      0081E25F 
  41      402148E0 
  41      3A4886F8 
  41      E6BDEF
  42 0049 379FF763 		.ascii	"7\237\367c\010\000\347Z\363ZH\000\273\235\266\001J\251"
  42      0800E75A 
  42      F35A4800 
  42      BB9DB601 
  42      4AA9
  43 005b B569035B 		.ascii	"\265i\003[\235\366\353\305\255\211\3678\016\020\232"
  43      9DF6EBC5 
  43      AD89F738 
  43      0E109A
  44 006a 0636F18C 		.ascii	"\0066\361\214\364\010v\311@\303\346_\207\230]L\224\372"
  44      F40876C9 
  44      40C3E65F 
  44      87985D4C 
  44      94FA
  45 007c 7CE8C7C7 		.ascii	"|\350\307\307\231\336Ub\016\210\001}\015\014\021oPo"
  45      99DE5562 
  45      0E88017D 
  45      0D0C116F 
  45      506F
  46 008e 060D9213 		.ascii	"\006\015\222\023\204\005M=\275\215\224\232\001\215\340"
  46      84054D3D 
  46      BD8D949A 
  46      018DE0
  47 009d 1DFE83D2 		.ascii	"\035\376\203\322\031\200\014\244\203\3513Z\327\317S"
  47      19800CA4 
  47      83E9335A 
  47      D7CF53
  48 00ac 89FAFA8E 		.ascii	"\211\372\372\216\225z\234{\177\311\350;8\322yL\322\017"
  48      957A9C7B 
  48      7FC9E83B 
  48      38D2794C 
  48      D20F
  49 00be 95892A01 		.ascii	"\225\211*\0018%\306\257ii\363\201G\331K2\276\030\023"
ARM GAS  /tmp/ccBNMzgr.s 			page 3


  49      3825C6AF 
  49      6969F381 
  49      47D94B32 
  49      BE1813
  50 00d1 9C4000AB 		.ascii	"\234@\000\253\324\257I\352R\351\207\324ca5\360+\016"
  50      D4AF49EA 
  50      52E987D4 
  50      636135F0 
  50      2B0E
  51 00e3 953C0899 		.ascii	"\225<\010\231\273\264l\011\351\027\362\321\212\025\211"
  51      BBB46C09 
  51      E917F2D1 
  51      8A1589
  52 00f2 92E595EB 		.ascii	"\222\345\225\353\025&\255\275\003\352\204!l\345rTx\025"
  52      1526ADBD 
  52      03EA8421 
  52      6CE57254 
  52      7815
  53 0104 3A266871 		.ascii	":&hq{\263\220\267w\212\353\273\366\006+q\2077\250\033"
  53      7BB390B7 
  53      778AEBBB 
  53      F6062B71 
  53      8737A81B 
  54 0118 F87E50D3 		.ascii	"\370~P\323\205\227\251\340.\215\016\355H\262*\223\015"
  54      8597A9E0 
  54      2E8D0EED 
  54      48B22A93 
  54      0D
  55 0129 3BDC6F08 		.ascii	";\334o\010\346:U\333\361<^\026\"\347\302l\235q\031M"
  55      E63A55DB 
  55      F13C5E16 
  55      22E7C26C 
  55      9D71194D 
  56 013d A21FBEC1 		.ascii	"\242\037\276\301t\000"
  56      7400
  57              		.text
  58              		.section	.gnu.lto_.symbol_nodes.5041f00a6a49c546,"e",%progbits
  59 0000 789C9363 		.ascii	"x\234\223c\000\002&\346z\206\006 `a\234p\216\201\241"
  59      000226E6 
  59      7A860620 
  59      60619C70 
  59      8E81A1
  60 0013 9E816157 		.ascii	"\236\201aWC##\003#\003\030\000\000uh\006B"
  60      43232303 
  60      23031800 
  60      00756806 
  60      42
  61              		.text
  62              		.section	.gnu.lto_.refs.5041f00a6a49c546,"e",%progbits
  63 0000 789C6364 		.ascii	"x\234cd\000\002\000\000\012\000\002"
  63      00020000 
  63      0A0002
  64              		.text
  65              		.section	.gnu.lto_.decls.5041f00a6a49c546,"e",%progbits
  66 0000 789CAD52 		.ascii	"x\234\255RMh\023A\024~of\233\335N\203\011eK/Z\202=\030"
  66      4D681341 
  66      147E6F66 
ARM GAS  /tmp/ccBNMzgr.s 			page 4


  66      9BDD4E83 
  66      09654B2F 
  67 0018 28C9DA0D 		.ascii	"(\311\332\015Z\217A\241\036jK\241\026D\204\220f\322"
  67      5A8F41A1 
  67      1E6A4BA1 
  67      16448490 
  67      66D2
  68 002a BAB4DB2C 		.ascii	"\272\264\333,\273\233\332\342e\244\005E\024\212'A\017"
  68      BB9BDAE2 
  68      65A40545 
  68      148A2741 
  68      0F
  69 003b ED490F22 		.ascii	"\355I\017\"\036Z\377\353\241z\010\242To\352E\252(\221"
  69      1E5AFFEB 
  69      A17A08A2 
  69      546FEA45 
  69      AA2891
  70 004e 7AAC50BC 		.ascii	"z\254P\274\324\331\244i\"\202x\360\261\363\336\233y"
  70      D4D9A469 
  70      228278F0 
  70      B1F3DE9B 
  70      79
  71 005f EF7DDFDB 		.ascii	"\357}\337\3337\363\201\000\354C\2003\000\260-En\341"
  71      37F38100 
  71      EC438033 
  71      00B02D45 
  71      6EE1
  72 0071 AD5CF208 		.ascii	"\255\\\362\010\306\240*\201\277\002\177\312y\031\240"
  72      C6A02A81 
  72      BF027FCA 
  72      7919A0
  73 0080 D2B6CAA5 		.ascii	"\322\266\312\245\377C\376\015J\346\026?\275P\276 \020"
  73      FF43FE0D 
  73      4AE6163F 
  73      BD50BE20 
  73      10
  74 0091 99A37044 		.ascii	"\231\243pD|wX*\006\247)\350\202\010\022\342\2240\312"
  74      7C77582A 
  74      06A729E8 
  74      820812E2 
  74      9430CA
  75 00a4 286725EC 		.ascii	"(g%\354\210o\322\264F\342\021\246\335~\216Q\326\244"
  75      886FD2B4 
  75      46E211A6 
  75      DD7E8E51 
  75      D6A4
  76 00b6 11525639 		.ascii	"\021RV9\213\377\304;d!\024K\013\205_i+\253\202\314\017"
  76      8BFFC43B 
  76      6421144B 
  76      0B855F69 
  76      2BAB82CC 
  77 00cb E8A9B4D4 		.ascii	"\350\251\264\324e\265\204\\V\015*ZTze\225m\322\205\253"
  77      65B5845C 
  77      560D2A5A 
  77      547A6595 
  77      6DD285AB 
  78 00df 21FE9A5C 		.ascii	"!\376\232\\:\200%d\334\324\205\020iM\353\210\254\322"
ARM GAS  /tmp/ccBNMzgr.s 			page 5


  78      3A802564 
  78      DCD48510 
  78      694DEB88 
  78      ACD2
  79 00f1 55DA0BA0 		.ascii	"U\332\013\240i\367\356\266\261\262\032\221\020q\036"
  79      69F7EEB6 
  79      B1B21A91 
  79      10711E
  80 0100 8BF258A4 		.ascii	"\213\362X\244\204M\2343=\016\262\011n\232i\302$\262"
  80      844D9C33 
  80      3D0EB209 
  80      6E9A69C2 
  80      24B2
  81 0112 A295D0A4 		.ascii	"\242\225\320\244\0306\305\372F;C\326\334\021\213\003"
  81      1836C5FA 
  81      463B43D6 
  81      DC118B03 
  82 0122 70E82512 		.ascii	"p\350%\022\227n\327\004U\311\311\353[\3048#&\241}e\025"
  82      976ED704 
  82      55C9C9EB 
  82      5BC43823 
  82      26A17D65 
  83 0137 80901880 		.ascii	"\200\220\030\200P\264p\030\2054\315\231>>h2(\253D\206"
  83      50B47018 
  83      8534CD99 
  83      3E3E6832 
  83      28AB4486 
  84 014b 740505C1 		.ascii	"t\005\005\301z%\013U\306X\233'\002\006_UA\260\201F\226"
  84      7A250B55 
  84      C6589B27 
  84      02065F55 
  84      41B08146 
  85 0160 CA799029 		.ascii	"\312y\220)\347\212\325\013\250\235\356\232\035\277\232"
  85      E78AD50B 
  85      A89DEE9A 
  85      1DBF9A
  86 016f 50C52135 		.ascii	"P\305!5\002\254\221\300N\264\001\274\336\303N\0375\234"
  86      02AC91C0 
  86      4EB401BC 
  86      DEC34E1F 
  86      359C
  87 0181 1A4F438F 		.ascii	"\032OC\217\365^\345\015WIHcM\245\356\267\306\353\220"
  87      F55EE50D 
  87      57494863 
  87      4DA5EEB7 
  87      C6EB90
  88 0194 B00B0B0D 		.ascii	"\260\013\013\015?^}6K?\236-\207\277\312\261\211R;\356"
  88      3F5E7D36 
  88      4B3F9E2D 
  88      87BFCAB1 
  88      89523BEE 
  89 01a8 994F03D2 		.ascii	"\231O\003\322N\240i0DEVo\311\352\007\270\373\312\276"
  89      4EA06930 
  89      4445566F 
  89      C9EA07B8 
  89      FBCABE
  90 01bb 6DCD6D44 		.ascii	"m\315mD\224\000`\014\013\327(\266\"\221Z\307\250\214"
ARM GAS  /tmp/ccBNMzgr.s 			page 6


  90      9400600C 
  90      0BD728B6 
  90      22915AC7 
  90      A88C
  91 01cd ADCCBE5F 		.ascii	"\255\314\276_li\227E\337\205\320e\374\011\342\343\240"
  91      6C699745 
  91      DF85D065 
  91      FC09E2E3 
  91      A0
  92 01de 8BA712E2 		.ascii	"\213\247\022\342\021V\312_\255]^'\373o^\027[\037_\256"
  92      1156CA5F 
  92      AD5D5E27 
  92      FB6F5E17 
  92      5B1F5FAE 
  93 01f2 7DEEBC30 		.ascii	"}\356\2740{Q\274\011h0\310\302\373\210\017+T\322\003"
  93      7B51BC09 
  93      6830C8C2 
  93      FB880F2B 
  93      54D203
  94 0205 5C465C92 		.ascii	"\\F\\\222;=\353\332SG\022v\322\316Z\223]\334s\272F\035"
  94      3B3DEBDA 
  94      53471276 
  94      D2CE5A93 
  94      5DDC73BA 
  95 021b 68C9155C 		.ascii	"h\311\025\\??\235\260S)\330\233)Ng\212\2765a\3713\031"
  95      3F3F9DB0 
  95      5329D89B 
  95      294E678A 
  95      BE3561F9 
  96 0231 E7EC8C67 		.ascii	"\347\354\214g\345\262\023\231,\347n\336\363\372\223"
  96      E5B21399 
  96      2CE76EDE 
  96      F3FA93
  97 0240 49C3E3E3 		.ascii	"I\303\343\343\206\347\333)\323\030:\331\23723\303CG"
  97      86E7DB29 
  97      D3183AD9 
  97      9F3233C3 
  97      4347
  98 0252 4F654E58 		.ascii	"OeNX#n\326\2351r\005\333.LJ\343\346\015\317\315\031"
  98      236ED69D 
  98      317205DB 
  98      2E4C4AE3 
  98      E60DCFCD 
  99 0267 7FC14AE6 		.ascii	"\177\301J\346\264\343\003\303\261c\335=\320c\330\223"
  99      B4E303C3 
  99      B163DD3D 
  99      D063D893 
 100 0277 BE91337C 		.ascii	"\276\2213|\3331\270\345L\024\354\361\254\341\273\005"
 100      DB31B8E5 
 100      4C14ECF1 
 100      ACE1BB05 
 101 0287 C7CA1DEC 		.ascii	"\307\312\035\354NT\310\212\207\022Eo$\301\363S\343\226"
 101      4E54C88A 
 101      8712456F 
 101      24C1F353 
 101      E396
 102 0299 9F183D67 		.ascii	"\237\030=gd\035\007\006\376k;\360\013\026w\021\215"
ARM GAS  /tmp/ccBNMzgr.s 			page 7


 102      641D0706 
 102      FE6B3BF0 
 102      0B167711 
 102      8D
 103              		.text
 104              		.section	.gnu.lto_.symtab.5041f00a6a49c546,"e",%progbits
 105 0000 5F75785F 		.ascii	"_ux_utility_physical_address\000"
 105      7574696C 
 105      6974795F 
 105      70687973 
 105      6963616C 
 106 001d 00       		.ascii	"\000"
 107 001e 00       		.ascii	"\000"
 108 001f 00       		.ascii	"\000"
 109 0020 00000000 		.ascii	"\000\000\000\000\000\000\000\000"
 109      00000000 
 110 0028 BD000000 		.ascii	"\275\000\000\000"
 111              		.text
 112              		.section	.gnu.lto_.ext_symtab.5041f00a6a49c546,"e",%progbits
 113 0000 01       		.ascii	"\001"
 114 0001 01       		.ascii	"\001"
 115 0002 00       		.ascii	"\000"
 116              		.text
 117              		.section	.gnu.lto_.opts,"e",%progbits
 118 0000 272D666E 		.ascii	"'-fno-openmp' '-fno-openacc' '-fno-pie' '-fcf-prote"
 118      6F2D6F70 
 118      656E6D70 
 118      2720272D 
 118      666E6F2D 
 119 0033 6374696F 		.ascii	"ction=none' '-mcpu=cortex-m33' '-mthumb' '-mfpu=fpv"
 119      6E3D6E6F 
 119      6E652720 
 119      272D6D63 
 119      70753D63 
 120 0066 342D7370 		.ascii	"4-sp-d16' '-mfloat-abi=hard' '-mlibarch=armv8-m.mai"
 120      2D643136 
 120      2720272D 
 120      6D666C6F 
 120      61742D61 
 121 0099 6E2B6473 		.ascii	"n+dsp+fp' '-march=armv8-m.main+dsp+fp' '-Os' '-flto"
 121      702B6670 
 121      2720272D 
 121      6D617263 
 121      683D6172 
 122 00cc 2720272D 		.ascii	"' '-fdata-sections' '-ffunction-sections' '-Xassemb"
 122      66646174 
 122      612D7365 
 122      6374696F 
 122      6E732720 
 123 00ff 6C657227 		.ascii	"ler' '-a' '-Xassembler' '-ad' '-Xassembler' '-alms="
 123      20272D61 
 123      2720272D 
 123      58617373 
 123      656D626C 
 124 0132 6275696C 		.ascii	"build/../sdk/stm32/STM32_USBX_Library/common/core/s"
 124      642F2E2E 
 124      2F73646B 
ARM GAS  /tmp/ccBNMzgr.s 			page 8


 124      2F73746D 
 124      33322F53 
 125 0165 72632F75 		.ascii	"rc/ux_utility_physical_address.lst'\000"
 125      785F7574 
 125      696C6974 
 125      795F7068 
 125      79736963 
 126              		.text
 127              		.comm	__gnu_lto_slim,1,1
 128              		.ident	"GCC: (15:10.3-2021.07-4) 10.3.1 20210621 (release)"
ARM GAS  /tmp/ccBNMzgr.s 			page 9


DEFINED SYMBOLS
                            *ABS*:0000000000000000 ux_utility_physical_address.c
                            *COM*:0000000000000001 __gnu_lto_slim

NO UNDEFINED SYMBOLS
