ARM GAS  /tmp/ccq8N9TF.s 			page 1


   1              		.cpu cortex-m33
   2              		.eabi_attribute 27, 1
   3              		.eabi_attribute 28, 1
   4              		.eabi_attribute 20, 1
   5              		.eabi_attribute 21, 1
   6              		.eabi_attribute 23, 3
   7              		.eabi_attribute 24, 1
   8              		.eabi_attribute 25, 1
   9              		.eabi_attribute 26, 1
  10              		.eabi_attribute 30, 4
  11              		.eabi_attribute 34, 1
  12              		.eabi_attribute 18, 4
  13              		.file	"ux_utility_memory_allocate_mulc_safe.c"
  14              		.section	.gnu.lto_.profile.4d44b39379911215,"e",%progbits
  15 0000 789C6362 		.ascii	"x\234cb\000\001\000\000\022\000\003"
  15      00010000 
  15      120003
  16              		.text
  17              		.section	.gnu.lto_.icf.4d44b39379911215,"e",%progbits
  18 0000 789CE360 		.ascii	"x\234\343`@\000F\2065\3376\374\342e\000\000\017Z\003"
  18      40004686 
  18      35DF36FC 
  18      E2650000 
  18      0F5A03
  19 0013 63       		.ascii	"c"
  20              		.text
  21              		.section	.gnu.lto_.ipa_sra.4d44b39379911215,"e",%progbits
  22 0000 789C5361 		.ascii	"x\234Sa@\000F\006\0260\011\301`\300\314\014\346\002"
  22      40004606 
  22      163009C1 
  22      60C0CC0C 
  22      E602
  23 0012 09A62636 		.ascii	"\011\246&6 \301\000\000\013\227\000\301"
  23      20C10000 
  23      0B9700C1 
  24              		.text
  25              		.section	.gnu.lto_.inline.4d44b39379911215,"e",%progbits
  26 0000 789CAB60 		.ascii	"x\234\253`@\000F\006\006\336%\333\236OcJgda.X\302\314"
  26      40004606 
  26      06DE25DB 
  26      9E4F634A 
  26      6764612E 
  27 0017 30891948 		.ascii	"0\211\031H\000E\031\230\013A\214-@&3#\220\005\004LP"
  27      00451998 
  27      0B418C2D 
  27      40263323 
  27      9005044C 
  28 002c 9A9581A1 		.ascii	"\232\225\201\241\261\241\241\241\216\201\201\015H50"
  28      B1A1A1A1 
  28      8E81810D 
  28      483530
  29 003b A5303130 		.ascii	"\2450101\260@\230\014\002\014,\033\373[\2573%s0\030"
  29      31B04098 
  29      0C020C2C 
  29      1BFB5BAF 
  29      33257330 
  30 0050 703030ED 		.ascii	"p00\355]{h\016s\022\203\001H\033\037\320\\\346\011~"
ARM GAS  /tmp/ccq8N9TF.s 			page 2


  30      5D7B680E 
  30      73128301 
  30      481B1FD0 
  30      5CE6097E 
  31 0064 20C80000 		.ascii	" \310\000\000\017s\032\014"
  31      0F731A0C 
  32              		.text
  33              		.section	.gnu.lto_.jmpfuncs.4d44b39379911215,"e",%progbits
  34 0000 789C0B60 		.ascii	"x\234\013`@\000F\006\026F \340g\\\302\314\000\302\365"
  34      40004606 
  34      164620E0 
  34      675CC2CC 
  34      00C2F5
  35 0013 50CCC652 		.ascii	"P\314\306R\007\222=\300\302\310\000\304\377\201\200"
  35      07923DC0 
  35      C2C800C4 
  35      FF8180
  36 0022 9F81A58E 		.ascii	"\237\201\245\216\021]\010\203\017\000\321\033\025\322"
  36      115D0883 
  36      0F00D11B 
  36      15D2
  37              		.text
  38              		.section	.gnu.lto_.pureconst.4d44b39379911215,"e",%progbits
  39 0000 789C6366 		.ascii	"x\234cf```d\220\000\000\0007\000\035"
  39      60606064 
  39      90000000 
  39      37001D
  40              		.text
  41              		.section	.gnu.lto_.lto.4d44b39379911215,"e",%progbits
  42 0000 09000400 		.ascii	"\011\000\004\000\001\000\000\000"
  42      01000000 
  43              		.text
  44              		.section	.gnu.lto__ux_utility_memory_allocate_mulc_safe.3.4d44b39379911215,"e",%progbits
  45 0000 789C6D90 		.ascii	"x\234m\220Mh\023Q\020\307g\336{\2731\261\026\021\274"
  45      4D681351 
  45      10C767DE 
  45      7BBB31B1 
  45      1611BC
  46 0013 78EA4D14 		.ascii	"x\352M\024\222\325\226\242G\321\253\236\252\330\333"
  46      92D596A2 
  46      47D1AB9E 
  46      AAD8DB
  47 0022 B2DD6C75 		.ascii	"\262\335luI6\011\331M5^\372\332|(\361\0207\"\210\226"
  47      493609D9 
  47      4D355EFA 
  47      DA7C28F1 
  47      10372288 
  48 0037 0821877A 		.ascii	"\010!\207z\360\013\025\243\266\032\004\351\321\017\304"
  48      F00B15A3 
  48      B61A04E9 
  48      D10FC4
  49 0046 9EC58B22 		.ascii	"\236\305\213\"\224\340AD\205:\273\015\251H\017o\336"
  49      94E04144 
  49      853ABB0D 
  49      A9480F6F 
  49      DE
  50 0057 BC99DFFC 		.ascii	"\274\231\337\374\337\314\250\014\340!\000L\322A\025"
ARM GAS  /tmp/ccq8N9TF.s 			page 3


  50      DFCCA80C 
  50      E021004C 
  50      D24115
  51 0066 B0E1D718 		.ascii	"\260\341\327\030H)\217D\030+\373\227\031\276\304\332"
  51      48298F44 
  51      182BFB97 
  51      19BEC4DA 
  52 0076 DDFA6E51 		.ascii	"\335\372nQ\362\207\177\274\353\355\027\234\242\333\177"
  52      F2877FBC 
  52      EBED179C 
  52      A2DB7F
  53 0085 2F76E2A2 		.ascii	"/v\342\242\342\017WVWv\011\201\327\374\332\233\033\207"
  53      E20F5756 
  53      57760981 
  53      D7FCDA9B 
  53      1B87
  54 0097 C32205E7 		.ascii	"\303\"\005\347\374\032\206.\302,\343B\301Y\274\312\027"
  54      FC1A862E 
  54      C22CE342 
  54      C159BCCA 
  54      17
  55 00a8 3836789B 		.ascii	"86x\233\003\212\276\2078\262\257+\345\317\327\315[\237"
  55      038ABE87 
  55      38B2AF2B 
  55      E5CFD7CD 
  55      5B9F
  56 00ba 7161B12B 		.ascii	"qa\261+\332\234A\223\200\307\210\217\220z\001\002y\003"
  56      DA9C4193 
  56      80C7888F 
  56      907A0102 
  56      7903
  57 00cc 612F516F 		.ascii	"a/Qo\277u\244\214B\233s|\202\377@\024\010\261\353}l"
  57      BF75A48C 
  57      429B737C 
  57      82FF4014 
  57      08B1EB7D 
  58 00e1 7D803DDD 		.ascii	"}\200=\335\012k\366\261\233\245\213r\247\010\260\347"
  58      0A6BF6B1 
  58      9BA58B72 
  58      A708B0E7 
  59 00f1 5B61B7FB 		.ascii	"[a\267\373\330\322\000[\376\037\003P!\3506\330\031\235"
  59      D8D2005B 
  59      FE1F0350 
  59      21E836D8 
  59      199D
  60 0103 7BEF95AE 		.ascii	"{\357\225\256\374\263^\227re\317\247\017\352\016$H0"
  60      FCB35E97 
  60      7265CFA7 
  60      0FEA0E24 
  60      4830
  61 0115 320A0F8C 		.ascii	"2\012\017\214 \303T\304\027\030A\\\302(b\007c\210\317"
  61      20C354C4 
  61      1718415C 
  61      C2286207 
  61      6388CF
  62 0128 70284800 		.ascii	"p(H\000\324y\260p)Pv\001\256p\266\361\230\243\307W,"
  62      D479B070 
ARM GAS  /tmp/ccq8N9TF.s 			page 4


  62      29507601 
  62      AE70B6F1 
  62      98A3C757 
  63 013d 7F39D6E2 		.ascii	"\1779\326\342j\2601\036n%\000\370\203ze\225\005\000"
  63      6AB0311E 
  63      6E2500F8 
  63      837A6595 
  63      0500
  64 014f EB61E512 		.ascii	"\353a\345\022\001\224j\361\010\201U\2045\234\377\030"
  64      01946AF1 
  64      08815584 
  64      359CFF18 
  65 015f 6D71364E 		.ascii	"mq6N*\333\350\3670\333\027b\201\2202\020\022\313w^\321"
  65      2ADBE8F7 
  65      30DB1762 
  65      81903210 
  65      12CB775E 
  66 0174 C424C4D7 		.ascii	"\304$\304\327\260t\277\212-\316I\204\244\240\207\325"
  66      B074BF8A 
  66      2DCE4984 
  66      A4A087D5 
  67 0184 91161F2A 		.ascii	"\221\026\037*#ks\265\271\361\001\251\306\210hS:\250"
  67      236B73B5 
  67      B9F101A9 
  67      C6886853 
  67      3AA8
  68 0196 56067DAA 		.ascii	"V\006}\252\337q\236hA\341_(\250L0L\320du\216\233\203"
  68      DF719E68 
  68      41E15F28 
  68      A84C304C 
  68      D064758E 
  69 01ac 011CD29C 		.ascii	"\001\034\322\234\214\247\231\232\347\344\264\244\235"
  69      8CA7999A 
  69      E7E4B4A4 
  69      9D
  70 01b9 4B679D94 		.ascii	"Kg\235\224\241y\371l\3166\017\034\214\273\23636Z\030"
  70      A179F96C 
  70      CE360F1C 
  70      8CBB9E33 
  70      365A18
  71 01cc 8F17DCA9 		.ascii	"\217\027\334\251x\322\232I\331^|\372\234f\344rp:\221"
  71      78D29A49 
  71      D95E7CFA 
  71      9C66E472 
  71      703A91
  72 01df D0DC644A 		.ascii	"\320\334dJ\013\011m\342\344\211\261Q\375\324\304\321"
  72      0B096DE2 
  72      E489B151 
  72      FDD4C4D1 
  73 01ef 49FDB83D 		.ascii	"I\375\270=\2257\362E\315\314:N6CW\336\322\334\274\251"
  73      9537F245 
  73      CDCC3A4E 
  73      364357DE 
  73      D2DCBCA9 
  74 0203 15CEEB05 		.ascii	"\025\316\353\005\317N\333^Qw,'\233/\352F:\2355\015\317"
  74      CF4EDB5E 
  74      51772C27 
ARM GAS  /tmp/ccq8N9TF.s 			page 5


  74      9B2FEA46 
  74      3A9D350D 
  75 0218 D29D42DA 		.ascii	"\322\235B\332\324]c\332J\230\240\030i\373LF1\015\363"
  75      D45D63DA 
  75      4A98A018 
  75      69FB4C46 
  75      310DF3
  76 022b AC1573ED 		.ascii	"\254\025s\355\013aV\237\331t\315\277\353\306\343Q"
  76      0B61569F 
  76      D974CDBF 
  76      EBC6E351 
  77              		.text
  78              		.section	.gnu.lto_.symbol_nodes.4d44b39379911215,"e",%progbits
  79 0000 789C7361 		.ascii	"x\234sa\000\002&\346z\206\006 `a\234p\216\201\241\236"
  79      000226E6 
  79      7A860620 
  79      60619C70 
  79      8E81A19E 
  80 0014 81615743 		.ascii	"\201aWC##\003#H\212\201\221\245\236\361?\024\310\203"
  80      23230323 
  80      488A8191 
  80      A59EF13F 
  80      14C883
  81 0027 E519406A 		.ascii	"\345\031@jA\222\314\014\214{\327\036\232\303\314x\204"
  81      4192CC0C 
  81      8C7BD71E 
  81      9AC3CC78 
  81      84
  82 0038 910100D3 		.ascii	"\221\001\000\323\245\025y"
  82      A51579
  83              		.text
  84              		.section	.gnu.lto_.refs.4d44b39379911215,"e",%progbits
  85 0000 789C6364 		.ascii	"x\234cd\000\002\000\000\012\000\002"
  85      00020000 
  85      0A0002
  86              		.text
  87              		.section	.gnu.lto_.decls.4d44b39379911215,"e",%progbits
  88 0000 789CB553 		.ascii	"x\234\265S]\210\033U\024>\347\316l2\271\215&,S\372 "
  88      5D881B55 
  88      143EE7CE 
  88      6C32B98D 
  88      262C53FA 
  89 0015 2CA1281B 		.ascii	",\241(\033X\222\261\011\265\276\010A\241}h\273\026\352"
  89      5892B109 
  89      B5BE0841 
  89      A17D68BB 
  89      16EA
  90 0027 AAF83264 		.ascii	"\252\3702ds\2635l&\011\311\244\356\276]\261\302\012"
  90      73B3356C 
  90      2609C9A4 
  90      EEBE5DB1 
  90      C20A
  91 0039 6E293E48 		.ascii	"n)>H@\037\326\352\203\017E\372\260\325\265\325\3546"
  91      401FD6EA 
  91      830F45FA 
  91      B0D5B5D5 
  91      EC36
ARM GAS  /tmp/ccq8N9TF.s 			page 6


  92 004b BBDAD86D 		.ascii	"\273\332\330mm\213\024\354\223\365\2475\340>\264P\313"
  92      6D8B14EC 
  92      93F5A735 
  92      E03EB450 
  92      CB
  93 005c 52A8EB99 		.ascii	"R\250\353\231\231\314&R\321\372\340a\316\275w\316=\347"
  93      99CC2652 
  93      D1FAE061 
  93      CEBD77CE 
  93      3DE7
  94 006e 3BDFBDF7 		.ascii	";\337\275\367\234\021\025\240\201\000S\000\260A\302"
  94      9C1115A0 
  94      81005300 
  94      B041C2
  95 007d 68BE424A 		.ascii	"h\276BJ&8\003\2368\266\257I/\300\2032K\216\032\315\203"
  95      2638039E 
  95      38B6AF49 
  95      2FC08332 
  95      4B8E1ACD 
  96 0092 A43AE9A1 		.ascii	"\244:\351\241n\334%\322a\322\313\244\253\017\201\363"
  96      6EDC25D2 
  96      61D2CBA4 
  96      AB0F81F3 
  97 00a2 8E82C3E8 		.ascii	"\216\202\303\350\020\210\270+P\030\030\322\225\343%"
  97      1088B82B 
  97      501818D2 
  97      95E325
  98 00b1 C04FD1F3 		.ascii	"\300O\321\363R\306\035\307ATi\3241\366\236\302fO\277"
  98      52C61DC7 
  98      415469D4 
  98      31F69EC2 
  98      664FBF
  99 00c4 71750B5F 		.ascii	"qu\013_\222\362\226\\:\022\002<\215\3709\002. \201|"
  99      92F2965C 
  99      3A12023C 
  99      8DF83902 
  99      2E20817C 
 100 00d8 86780A71 		.ascii	"\206x\012q\036\311\355\310\007?\255\2507\020\030\001"
 100      1EC9EDC8 
 100      073FADA8 
 100      37101801 
 101 00e8 A90211BF 		.ascii	"\251\002\021\277\177\212\006\016\257(\240K&Y@(\214+"
 101      7F8A060E 
 101      AF28A04B 
 101      26594028 
 101      8C2B
 102 00fa 5C11BC8D 		.ascii	"\\\021\274\215C\361;JFc\361\010\327>^\306(\037\320\030"
 102      43F13B4A 
 102      4663F108 
 102      D73E5EC6 
 102      281FD018 
 103 010e EB04058F 		.ascii	"\353\004\005\217\337\303\023l.\020\313HU\274\275\265"
 103      DFC3136C 
 103      2E10CB48 
 103      55BCBDB5 
 104 011e 1394ECD8 		.ascii	"\023\224\354\330\250\236\316\320\330\011\266QP\324\001"
 104      A89ECED0 
ARM GAS  /tmp/ccq8N9TF.s 			page 7


 104      D809B651 
 104      50D401
 105 012d 558BD2AA 		.ascii	"U\213\322\252\023\344w\224\271\331\200\270\310f\206"
 105      13E47794 
 105      B9D980B8 
 105      C86686
 106 013c B18D5CA4 		.ascii	"\261\215\\\244t:HF\323\206\"-\245\245\354\246+\323N"
 106      743A4846 
 106      D386222D 
 106      A5A5ECA6 
 106      2BD34E
 107 014f 7EB29577 		.ascii	"~\262\225w\202\021\202\210\213XT\304\"m\034\020\202"
 107      82118288 
 107      8B5854C4 
 107      226D1C10 
 107      82
 108 0160 EB712012 		.ascii	"\353q \022\"\225\3120N\310\252\326\306\224\202\341\224"
 108      2295CA30 
 108      4EC8AAD6 
 108      C69482E1 
 108      94
 109 0171 FCF1B76D 		.ascii	"\374\361\267m\034yh(\026\007\020\260\233\021\256\262"
 109      1C796828 
 109      160710B0 
 109      9B11AEB2 
 110 0181 E10B0629 		.ascii	"\341\013\006)\247\350\375\"\3069K1eo'H\327\316b\000"
 110      A7E8FD22 
 110      C6394B31 
 110      656F2748 
 110      D7CE6200 
 111 0195 52D5C261 		.ascii	"R\325\302a\2244\205\314\275\342@\212C'\310hKWQ2\354"
 111      943485CC 
 111      BDE2408A 
 111      4327C868 
 111      4B575132 
 112 01aa 45F200A0 		.ascii	"E\362\000\240\377&\350|\350|\336\000\316\017\364gq\355"
 112      FF26E87C 
 112      E87CDE00 
 112      CE0FF467 
 112      71ED
 113 01bc 8E27DD2B 		.ascii	"\216'\335+zE\343[7\247\356\332s\360p\230\237\000\375"
 113      7A45E35B 
 113      37A7EEDA 
 113      73F07098 
 113      9F00FD
 114 01cf 24D0DDED 		.ascii	"$\320\335\355\003\357q\350\362\360q\374<}\034{\\\351"
 114      03EF71E8 
 114      F2F071FC 
 114      3C7D1C7B 
 114      5CE9
 115 01e1 85BD24AC 		.ascii	"\205\275$\254?\306\215\373\013\361\036$l\302B\337\301"
 115      3FC68DFB 
 115      0BF11E24 
 115      6CC242DF 
 115      C1
 116 01f2 49A86CE6 		.ascii	"I\250l\346\177o\236\012\337\244k\223\327\217\336W\360"
 116      7F6F9E0A 
ARM GAS  /tmp/ccq8N9TF.s 			page 8


 116      DFA46B93 
 116      D78FDE57 
 116      F0
 117 0203 D1631940 		.ascii	"\321c\031@\345-t\266\3768:\323\011\251\216\363\031\304"
 117      E52D74B6 
 117      FE383AD3 
 117      09A98EF3 
 117      19C4
 118 0215 32191AF7 		.ascii	"2\031\032\367\277\273\036\366\015\213N\321\255\335h"
 118      BFBB1EF6 
 118      0D8B4ED1 
 118      ADDD68
 119 0224 CF477CCB 		.ascii	"\317G|\313\222c9{\373\303\343\350[\316\242[\313\314"
 119      9263397B 
 119      FBC3E3E8 
 119      5BCEA25B 
 119      CBCC
 120 0236 ADE528ED 		.ascii	"\255\345(\3556/\254\265\037\331F\311\326\244\324\361"
 120      362FACB5 
 120      1FD946C9 
 120      D6A4D4F1 
 121 0246 10AE202E 		.ascii	"\020\256 .;D\277\"\216-t\011\375p\355\374l`{\243!\327"
 121      3B44BF22 
 121      8E2D7409 
 121      FD70EDFC 
 121      6C607BA3 
 122 025c 17577FFD 		.ascii	"\027W\177\375y\370\366\202\224oR\200\3468a\023\251\344"
 122      79F8F682 
 122      946F5280 
 122      E6386113 
 122      A9E4
 123 026e 5DFE4D8A 		.ascii	"]\376M\212\370\022\361\013\352\243E\366\357l\333\017"
 123      F812F10B 
 123      EAA345F6 
 123      EF6CDB0F 
 124 027e B0FDC6B1 		.ascii	"\260\375\306\261\314\315l\\\013\375\015\237UB?\357\361"
 124      CCCD6C5C 
 124      0BFD0D9F 
 124      55423FEF 
 124      F1
 125 028f F965616D 		.ascii	"\371eam%\262\275!\345\372\335wO,\363\367e\213\3216\236"
 125      25B2BD21 
 125      E5FADD77 
 125      4F2CF3F7 
 125      658BD136 
 126 02a4 DB64720E 		.ascii	"\333dr\016\273\335=\210\232{\320%'\254y\363js J]\273"
 126      BBDD3D88 
 126      9A7BD025 
 126      27AC79F3 
 126      6A73204A 
 127 02ba FEBA7C9C 		.ascii	"\376\272|\234:\365[\304\213\016\362%\364\356\375\243"
 127      3AF55BC4 
 127      8B0EF225 
 127      F4EEFDA3 
 128 02ca 9357F687 		.ascii	"\223W\366\207\335\246\236k\251\016\240\327\326\200\227"
 128      DDA69E6B 
 128      A90EA0D7 
ARM GAS  /tmp/ccq8N9TF.s 			page 9


 128      D68097
 129 02d9 1D871793 		.ascii	"\035\207\027\223I\243&&\215\232m\245S\306\301\027\366"
 129      49A32626 
 129      8D9A6DA5 
 129      53C6C117 
 129      F6
 130 02ea A753E6D8 		.ascii	"\247S\346\330\301g_6\367\025\306\253\331\352\264\221"
 130      C1675F36 
 130      F715C6AB 
 130      D9EAB491 
 131 02fa 2B5B56B9 		.ascii	"+[V\271DS5o\324\2529\243>e\326\355B\261`O\233V\336*"
 131      4453356F 
 131      D4AA39A3 
 131      3E65D6ED 
 131      42B1604F 
 132 0312 57A7CD6C 		.ascii	"W\247\315l\261X\316e\355\274i\325\2139\263\226\235\310"
 132      B158CE65 
 132      EDBC69D5 
 132      8B39B396 
 132      9DC8
 133 0324 2773DA9E 		.ascii	"'s\332\236\321\261\330s;v\301\300\330\276\347G\367\350"
 133      D1B1D873 
 133      3B76C1C0 
 133      D8BEE747 
 133      F7E8
 134 0336 D9AA75F8 		.ascii	"\331\252u\370\351\204\225\264\262\205\322\210\250UF"
 134      E98495B4 
 134      B285D288 
 134      A85546
 135 0345 262AB085 		.ascii	"&*\260\2050\355\374T\302J\247\341\011\363apw\031V\311"
 135      30EDFC54 
 135      C24AA7E1 
 135      09F36170 
 135      771956C9 
 136 0359 3672866D 		.ascii	"6r\206mU\014Q\250\024\313\326d\326\260\253\345J!\367"
 136      550C51A8 
 136      14CBD664 
 136      D6B0ABE5 
 136      4A21F7
 137 036c E48E847B 		.ascii	"\344\216\204{\204\372\316D\2756\236\020\371\303\223"
 137      84FACE44 
 137      BD369E10 
 137      F9C393
 138 037b 053B31F1 		.ascii	"\005;1\361\232\221\255T\340\245\377\347\220\360\330"
 138      9A91AD54 
 138      E0A5FFE7 
 138      90F0D8
 139 038a 3FB07EE6 		.ascii	"?\260~\346\277\344,\224\372s&_\205?\001pc\253\212"
 139      BFE42C94 
 139      FA73265F 
 139      853F0170 
 139      63AB8A
 140              		.text
 141              		.section	.gnu.lto_.symtab.4d44b39379911215,"e",%progbits
 142 0000 5F75785F 		.ascii	"_ux_utility_memory_allocate_mulc_safe\000"
 142      7574696C 
 142      6974795F 
ARM GAS  /tmp/ccq8N9TF.s 			page 10


 142      6D656D6F 
 142      72795F61 
 143 0026 00       		.ascii	"\000"
 144 0027 00       		.ascii	"\000"
 145 0028 00       		.ascii	"\000"
 146 0029 00000000 		.ascii	"\000\000\000\000\000\000\000\000"
 146      00000000 
 147 0031 C6000000 		.ascii	"\306\000\000\000"
 148 0035 5F75785F 		.ascii	"_ux_utility_memory_allocate\000"
 148      7574696C 
 148      6974795F 
 148      6D656D6F 
 148      72795F61 
 149 0051 00       		.ascii	"\000"
 150 0052 02       		.ascii	"\002"
 151 0053 00       		.ascii	"\000"
 152 0054 00000000 		.ascii	"\000\000\000\000\000\000\000\000"
 152      00000000 
 153 005c CC000000 		.ascii	"\314\000\000\000"
 154              		.text
 155              		.section	.gnu.lto_.ext_symtab.4d44b39379911215,"e",%progbits
 156 0000 01       		.ascii	"\001"
 157 0001 01       		.ascii	"\001"
 158 0002 00       		.ascii	"\000"
 159 0003 01       		.ascii	"\001"
 160 0004 00       		.ascii	"\000"
 161              		.text
 162              		.section	.gnu.lto_.opts,"e",%progbits
 163 0000 272D666E 		.ascii	"'-fno-openmp' '-fno-openacc' '-fno-pie' '-fcf-prote"
 163      6F2D6F70 
 163      656E6D70 
 163      2720272D 
 163      666E6F2D 
 164 0033 6374696F 		.ascii	"ction=none' '-mcpu=cortex-m33' '-mthumb' '-mfpu=fpv"
 164      6E3D6E6F 
 164      6E652720 
 164      272D6D63 
 164      70753D63 
 165 0066 342D7370 		.ascii	"4-sp-d16' '-mfloat-abi=hard' '-mlibarch=armv8-m.mai"
 165      2D643136 
 165      2720272D 
 165      6D666C6F 
 165      61742D61 
 166 0099 6E2B6473 		.ascii	"n+dsp+fp' '-march=armv8-m.main+dsp+fp' '-Os' '-flto"
 166      702B6670 
 166      2720272D 
 166      6D617263 
 166      683D6172 
 167 00cc 2720272D 		.ascii	"' '-fdata-sections' '-ffunction-sections' '-Xassemb"
 167      66646174 
 167      612D7365 
 167      6374696F 
 167      6E732720 
 168 00ff 6C657227 		.ascii	"ler' '-a' '-Xassembler' '-ad' '-Xassembler' '-alms="
 168      20272D61 
 168      2720272D 
 168      58617373 
ARM GAS  /tmp/ccq8N9TF.s 			page 11


 168      656D626C 
 169 0132 6275696C 		.ascii	"build/../sdk/stm32/STM32_USBX_Library/common/core/s"
 169      642F2E2E 
 169      2F73646B 
 169      2F73746D 
 169      33322F53 
 170 0165 72632F75 		.ascii	"rc/ux_utility_memory_allocate_mulc_safe.lst'\000"
 170      785F7574 
 170      696C6974 
 170      795F6D65 
 170      6D6F7279 
 171              		.text
 172              		.comm	__gnu_lto_slim,1,1
 173              		.ident	"GCC: (15:10.3-2021.07-4) 10.3.1 20210621 (release)"
ARM GAS  /tmp/ccq8N9TF.s 			page 12


DEFINED SYMBOLS
                            *ABS*:0000000000000000 ux_utility_memory_allocate_mulc_safe.c
                            *COM*:0000000000000001 __gnu_lto_slim

NO UNDEFINED SYMBOLS
