ARM GAS  /tmp/cc5siop2.s 			page 1


   1              		.cpu cortex-m33
   2              		.eabi_attribute 27, 1
   3              		.eabi_attribute 28, 1
   4              		.eabi_attribute 20, 1
   5              		.eabi_attribute 21, 1
   6              		.eabi_attribute 23, 3
   7              		.eabi_attribute 24, 1
   8              		.eabi_attribute 25, 1
   9              		.eabi_attribute 26, 1
  10              		.eabi_attribute 30, 4
  11              		.eabi_attribute 34, 1
  12              		.eabi_attribute 18, 4
  13              		.file	"ux_utility_memory_set.c"
  14              		.section	.gnu.lto_.profile.90ed68b8a27aba53,"e",%progbits
  15 0000 789C6362 		.ascii	"x\234cb\000\001\000\000\022\000\003"
  15      00010000 
  15      120003
  16              		.text
  17              		.section	.gnu.lto_.icf.90ed68b8a27aba53,"e",%progbits
  18 0000 789CE360 		.ascii	"x\234\343`@\000F\206cO\317\234\346f\000\000\017\200"
  18      40004686 
  18      634FCF9C 
  18      E6660000 
  18      0F80
  19 0012 0357     		.ascii	"\003W"
  20              		.text
  21              		.section	.gnu.lto_.ipa_sra.90ed68b8a27aba53,"e",%progbits
  22 0000 789C1364 		.ascii	"x\234\023d@\000F\006f\006\024.\000\002J\000\027"
  22      40004606 
  22      6606142E 
  22      00024A00 
  22      17
  23              		.text
  24              		.section	.gnu.lto_.inline.90ed68b8a27aba53,"e",%progbits
  25 0000 789CD365 		.ascii	"x\234\323e@\000F\006\006\216\271\273.\276f\312`ddb\\"
  25      40004606 
  25      068EB9BB 
  25      2EBE66CA 
  25      60646462 
  26 0015 C20C1263 		.ascii	"\302\014\022c\342\002\212\334f\312```k\000\002\246\024"
  26      E2028ADC 
  26      66CA6060 
  26      606B0002 
  26      A614
  27 0027 26062606 		.ascii	"&\006&\006\026\240\004\000\016\215\012M"
  27      16A00400 
  27      0E8D0A4D 
  28              		.text
  29              		.section	.gnu.lto_.jmpfuncs.90ed68b8a27aba53,"e",%progbits
  30 0000 789C1361 		.ascii	"x\234\023a@\000F\006fFFF\366\372%\314\214@\314\004\304"
  30      40004606 
  30      66464646 
  30      F6FA25CC 
  30      8C40CC04 
  31 0015 0C0C0020 		.ascii	"\014\014\000 \226\003\230"
  31      960398
  32              		.text
ARM GAS  /tmp/cc5siop2.s 			page 2


  33              		.section	.gnu.lto_.pureconst.90ed68b8a27aba53,"e",%progbits
  34 0000 789C6361 		.ascii	"x\234ca```d\230\305\002\000\001d\000\244"
  34      60606064 
  34      98C50200 
  34      016400A4 
  35              		.text
  36              		.section	.gnu.lto_.lto.90ed68b8a27aba53,"e",%progbits
  37 0000 09000400 		.ascii	"\011\000\004\000\001\000\000\000"
  37      01000000 
  38              		.text
  39              		.section	.gnu.lto__ux_utility_memory_set.3.90ed68b8a27aba53,"e",%progbits
  40 0000 789C5552 		.ascii	"x\234URMh\023Q\020~\263\3636I\255TO\2027/E<$\033\033"
  40      4D681351 
  40      107EB3F3 
  40      3649AD54 
  40      4F82372F 
  41 0019 C41EC593 		.ascii	"\304\036\305\223\007\275\330\012\336B\232\254\272&\233"
  41      07BDD80A 
  41      DE429AAC 
  41      BA269B
  42 0028 5D362F6D 		.ascii	"]6/ms\352Kc[\250B\232ZA\322\322\303\022\244'Em\265\376"
  42      73EA4B63 
  42      5BA8429A 
  42      5A41D2D2 
  42      C312A427 
  43 0040 0744BD08 		.ascii	"\007D\275\010J/\271*^\314\245-\202?\004\261\316n\267"
  43      4A2FB92A 
  43      5ECCA52D 
  43      823F04B1 
  43      CE6EB7
  44 0053 41079637 		.ascii	"A\007\2267\363\315\367\015\363\263\035`\254\301\030"
  44      F3CDF70D 
  44      F3B31D60 
  44      ACC118
  45 0062 13F44188 		.ascii	"\023\364A\210\301|mVaR\312Sa\005\026j\263\255\372*\207"
  45      C17C6D56 
  45      6152CA53 
  45      6105166A 
  45      B3ADFA2A 
  46 0077 57E00308 		.ascii	"W\340\003\010\013\367\367\222\\\251\324\256+\224\331"
  46      0BF7F792 
  46      5CA9D4AE 
  46      2B94D9
  47 0086 D8EE0CF2 		.ascii	"\330\356\014\362\251Z\337\335\352T\230\253P&\311\342"
  47      A95ADFDD 
  47      EA5498AB 
  47      5026C9E2 
  48 0096 3E9F026C 		.ascii	">\237\002lBA\202&\024\316\240\311a\207\354@\327a\201"
  48      42418226 
  48      14CEA0C9 
  48      6187EC40 
  48      D76181
  49 00a9 DDC463C4 		.ascii	"\335\304c\304\376\365f\371\366\027\220+Mh c\313\030"
  49      FEF566F9 
  49      F617902B 
  49      4D682063 
  49      CB18
ARM GAS  /tmp/cc5siop2.s 			page 3


  50 00bb 249710E6 		.ascii	"$\227\020\346\261\201\000<\360\0248B\036V\200\035mJ"
  50      B181003C 
  50      F0143842 
  50      1E56801D 
  50      6D4A
  51 00cd F9F1FDBA 		.ascii	"\371\361\375\272\224=\254\201\010\217\201D\360\010`"
  51      943DAC81 
  51      088F8144 
  51      F00860
  52 00dc CD9B07D1 		.ascii	"\315\233\007\321\223b5\240m\255J\211\204rx\342\323\022"
  52      936235A0 
  52      6DAD4A89 
  52      847278E2 
  52      D312
  53 00ee 10F748DC 		.ascii	"\020\367H\334'\335\012H7*3\362 o\240\012\317\376\257"
  53      27DD0A48 
  53      372A33F2 
  53      206FA00A 
  53      CFFEAF
  54 0101 A5EE3682 		.ascii	"\245\3566\202K\340=\375\304\335^\254\314\364\315\225"
  54      4BE03DFD 
  54      C4DD5EAC 
  54      CCF4CD95 
  55 0111 230D0CC1 		.ascii	"#\015\014\301\213\177\311d\264\302\227\020L@\010Pto"
  55      8B7FC964 
  55      B4C29710 
  55      4C400850 
  55      746F
  56 0123 436DCADF 		.ascii	"Cm\312\337;U)?\034\376\374#\324\013\014\236\203\342"
  56      3B55293F 
  56      1CFEFC23 
  56      D40B0C9E 
  56      83E2
  57 0135 F138C03A 		.ascii	"\3618\300:\250@a\330\303\"\036\326\003\360\224\204U"
  57      A84061D8 
  57      C3221ED6 
  57      03F09484 
  57      55
  58 0146 64DB9D95 		.ascii	"d\333\235\225A\220M\317W|\277L\376\034bm\252\365\016"
  58      41904DCF 
  58      577CBF4C 
  58      FE1C626D 
  58      AAF50E
  59 0159 FD60132A 		.ascii	"\375`\023*\017\246\177\326\207]\214\270\264\2338\001"
  59      0FA67FD6 
  59      875D8CB8 
  59      B49B3801 
  60 0169 93F5F6A1 		.ascii	"\223\365\366\241`Y!`w\274\313}\335O\263z\371&0\027{"
  60      60592160 
  60      77BCCB7D 
  60      DD4FB37A 
  60      F9263017 
  61 017e 98578413 		.ascii	"\230W\204\023.\371^\221\245\351V\375\274\213awW\250"
  61      2EF95E91 
  61      A5E956FD 
  61      BC8B6177 
  61      57A8
ARM GAS  /tmp/cc5siop2.s 			page 4


  62 0190 06276AC3 		.ascii	"\006'j\303\265\366\353\253]\320\237\257\003\340\242"
  62      B5F6EBAB 
  62      5DD09FAF 
  62      03E0A2
  63 019f 4A27253A 		.ascii	"J'%:\326\373\351\017\350\200\342\"W\376<\034\2476ps"
  63      D6FBE90F 
  63      E880E222 
  63      57FE3C1C 
  63      A7367073 
  64 01b3 6D05A8BE 		.ascii	"m\005\250\276\332m\370\033L~\372\376V\361\305U\204\356"
  64      DA6DF81B 
  64      4C7EFAFE 
  64      56F1C555 
  64      84EE
  65 01c5 508C9DD4 		.ascii	"P\214\235\324\314\274\320\322\2320m-c\3309\313\314\246"
  65      CCBCD0D2 
  65      9A306D2D 
  65      63D839CB 
  65      CCA6
  66 01d7 34E158B6 		.ascii	"4\341X\266\221\216\037\217\026\204\231\030(\236\210"
  66      918E1F8F 
  66      16849918 
  66      289E88
  67 01e6 160B23D1 		.ascii	"\026\013#\321\214>\2325D\364\322\230\226\262mv&\026"
  67      8C3E9A35 
  67      44F4D298 
  67      96B26D76 
  67      2616
  68 01f8 D30A99AC 		.ascii	"\323\012\231\254\3463\264\241\341s\211\201\344\205\241"
  68      E633B4A1 
  68      E1738981 
  68      E485A1
  69 0207 D3179367 		.ascii	"\323\027\223g\215\021'\345\224\264\264e\232V\236\036"
  69      8D1127E5 
  69      94B4B465 
  69      9A569E1E 
  70 0217 47D70A4E 		.ascii	"G\327\012NZ+\216'\213\302\310\031\242\2244u\323rJ\311"
  70      5A2B8E27 
  70      8BC2C819 
  70      A2943475 
  70      D3724AC9 
  71 022b 822E6269 		.ascii	"\202.bi\326\233\321\013\302\310\247\204a\345\325\321"
  71      D69BD10B 
  71      C2C8A784 
  71      61E5D5D1 
  72 023b 54AEA887 		.ascii	"T\256\250\207rz\376\262\270\022\031\263\234l\322\026"
  72      727AFEB2 
  72      B81219B3 
  72      9C6CD216 
  73 024b CE5F20FE 		.ascii	"\316_ \376\364-"
  73      F42D
  74              		.text
  75              		.section	.gnu.lto_.symbol_nodes.90ed68b8a27aba53,"e",%progbits
  76 0000 789C9365 		.ascii	"x\234\223e\000\002&\346z\206\017\277VX0N8\307\300P\317"
  76      000226E6 
  76      7A860FBF 
  76      5658304E 
ARM GAS  /tmp/cc5siop2.s 			page 5


  76      38C7C050 
  77 0015 C0B0ABA1 		.ascii	"\300\260\253\241\221\221\201\221\001\014\000\205N\007"
  77      91918191 
  77      010C0085 
  77      4E07
  78 0023 07       		.ascii	"\007"
  79              		.text
  80              		.section	.gnu.lto_.refs.90ed68b8a27aba53,"e",%progbits
  81 0000 789C6364 		.ascii	"x\234cd\000\002\000\000\012\000\002"
  81      00020000 
  81      0A0002
  82              		.text
  83              		.section	.gnu.lto_.decls.90ed68b8a27aba53,"e",%progbits
  84 0000 789CAD53 		.ascii	"x\234\255SQ\210TU\030\376\277s\356\356\334=\0163\213"
  84      51885455 
  84      18FEBF73 
  84      EEEEDC3D 
  84      0E338B
  85 0013 5CDB9758 		.ascii	"\\\333\227X\206\036r@f\257\336\241\364qJp\005m\223\266"
  85      861E7240 
  85      66AFDEA1 
  85      F4714A70 
  85      056D93B6 
  86 0027 85EA6518 		.ascii	"\205\352e\030\347\314\352\260\336\235a\346\256\271o"
  86      E7CCEAB0 
  86      DE9D61E6 
  86      AEB96F
  87 0036 27DCC087 		.ascii	"'\334\300\2076\245^\004_\266\227\260\210\310\3204-\335"
  87      36A55E04 
  87      5FB697B0 
  87      88C8D034 
  87      2DDD
  88 0048 46B369A9 		.ascii	"F\263i\2514D\350-\212\224\011}0P\210\210\326\377\336"
  88      3444E82D 
  88      8A94097D 
  88      30508888 
  88      D6FFDE
  89 005b BBE34C14 		.ascii	"\273\343L\024\364\322\317=\347?\367?\337\377\375\337"
  89      F4D2CF3D 
  89      E73FF73F 
  89      DFFFFDDF 
  90 006b 3DE7BF27 		.ascii	"=\347\277'$\321\010\210\002\"Ze\023\354\277\347\301"
  90      24D10888 
  90      02225A65 
  90      13ECBFE7 
  90      C1
  91 007c 61BAC063 		.ascii	"a\272\300c\037\217K\024\033\303\350k\372\247\275\315"
  91      1F8F4B14 
  91      1BC3E86B 
  91      FAA7BDCD 
  92 008c 1B09F6FB 		.ascii	"\033\011\366\373y\254\347\341\364\345\205\034+\377\221"
  92      79ACE7E1 
  92      F4E5851C 
  92      2BFF91
  93 009b FF96C446 		.ascii	"\377\226\304F\204\305\323\321\212\244 \327D\326\232"
  93      84C5D3D1 
  93      8AA420D7 
ARM GAS  /tmp/cc5siop2.s 			page 6


  93      44D69A
  94 00aa 267C8218 		.ascii	"&|\202\030%'C\340zX<;\310\234\220b\361\374\341\233\353"
  94      252743E0 
  94      7A583C3B 
  94      C89C9062 
  94      F1FCE19B 
  95 00bf D4B231F7 		.ascii	"\324\2621\367\314\362\302\020\341<\360)\010\347\300"
  95      CCF2C210 
  95      E13CF029 
  95      08E7C0
  96 00ce 24678133 		.ascii	"$g\2013\300i0\370q\254\306\216\344\313\304i7~9u*\035"
  96      C06930F8 
  96      71ACC68E 
  96      E4CBC469 
  96      377E3975 
  97 00e4 A6754CEB 		.ascii	"\246uL\3535I\310c3\341\"\030\300I\237\003\237\201A\013"
  97      3549C863 
  97      33E12218 
  97      C0499F03 
  97      9F81410B 
  98 00f8 EFFC7CC5 		.ascii	"\357\374|\305\272\005\022\\\335\322\000~x\232'E\257"
  98      BA05125C 
  98      DDD2007E 
  98      789A2745 
  98      AF
  99 0109 48728C30 		.ascii	"Hr\2140bPK\241\244\222Z\2651\232\275/\013\266\310\246"
  99      62504BA1 
  99      A4925AB5 
  99      319ABD2F 
  99      0BB6C8A6 
 100 011d 957DF232 		.ascii	"\225}\3622\206\325\200-D'\241U\366\017| \226\0063\005"
 100      86D5802D 
 100      4427A155 
 100      F60F7C20 
 100      96063305 
 101 0131 63E93736 		.ascii	"c\35176t\022F\034\233p\362\005\236;\21164g\355\261\354"
 101      7412461C 
 101      9B70F205 
 101      9E3B8936 
 101      3467EDB1 
 102 0146 615E7512 		.ascii	"a^u\022\352\276\\Z\034\324\337\212#\033\321\206\322"
 102      EABE5C5A 
 102      1CD4DF8A 
 102      231BD186 
 102      D2
 103 0157 9EC35F5F 		.ascii	"\236\303__\260\355\321tK\266\344\016\"\333\376\350\303"
 103      B0EDD174 
 103      4BB6E40E 
 103      22DBFEE8 
 103      C3
 104 0168 0DAA9348 		.ascii	"\015\252\223H3EVg\206u&\335\306\200\326\312\311\022"
 104      33455667 
 104      867526DD 
 104      C680D6CA 
 104      C912
 105 017a 8BD09E57 		.ascii	"\213\320\236W\020\212\231-\273\015O\"\351\231\237\356"
 105      108A992D 
ARM GAS  /tmp/cc5siop2.s 			page 7


 105      BB0D4F22 
 105      E9999FEE 
 106 018a 8C28A8A1 		.ascii	"\214(\250\241\321L\226H\323\016\301\274r\265kHpM\335"
 106      D14C9648 
 106      D30EC1BC 
 106      72B56B48 
 106      704DDD
 107 019d 7B05B24A 		.ascii	"{\005\262JxB\356\352\360E\012\221!2\226\235L\302\260"
 107      7842EEEA 
 107      F0450A91 
 107      2132969D 
 107      4CC2B0
 108 01b0 1B2AEED2 		.ascii	"\033*\356\322{<E\235\204\340-\307\202\021\350e\252A"
 108      7B3C459D 
 108      84E02DC7 
 108      8211E865 
 108      AA41
 109 01c2 02F52E98 		.ascii	"\002\365.\230\317?|\342\211\302\027\352\257\022\305"
 109      CF3F7CE2 
 109      89C217EA 
 109      AF12C5
 110 01d1 43249F2B 		.ascii	"C$\237+\342\216\350F\037\271\265u\014\210yD\267\000"
 110      E28EE846 
 110      1FB9B575 
 110      0C887944 
 110      B700
 111 01e3 BA45686D 		.ascii	"\272Ehm\267\217\274\247aMG\227\247[\247OcO+\337p\\D"
 111      B78FBCA7 
 111      614D4797 
 111      A75BA74F 
 111      634F2BDF 
 112 01fa F4E74479 		.ascii	"\364\347Dy\177\023\336\243\244G\264\324\367\341l\334"
 112      7F13DEA3 
 112      A447B4D4 
 112      F7E16CDC 
 113 020a 36A71F5C 		.ascii	"6\247\037\\<\223\274\315\307f\376\\\274+\221:V H\203"
 113      3C93BCCD 
 113      C766FE5C 
 113      BC2B913A 
 113      56204883 
 114 021e 70EBAF37 		.ascii	"p\353\2577\217t\206\254\020|\001\250q\340\346\365{\017"
 114      8F7486AC 
 114      107C01A8 
 114      71E0E6F5 
 114      7B0F
 115 0230 5251E012 		.ascii	"RQ\340\022p9l\272o\316.\374\032G\366\341\012\242n\027"
 115      70396CBA 
 115      6FCE2EFC 
 115      1A47F6E1 
 115      0AA26E17 
 116 0244 51B70FF3 		.ascii	"Q\267\017\363\346\362w\357\277\233\032a\346\273\306"
 116      E6F277EF 
 116      BF9B1A61 
 116      E6BBC6
 117 0253 38D88FAF 		.ascii	"8\330\217\257\200\253\241\2526\013\372\022Q\365\223"
 117      80ABA1AA 
 117      360BFA12 
ARM GAS  /tmp/cc5siop2.s 			page 8


 117      51F593
 118 0262 47DFBB91 		.ascii	"G\337\273\221z\342\370q\363\373\217+\327\016?\371\333"
 118      7AE2F871 
 118      F3FB8F2B 
 118      D70E3FF9 
 118      DB
 119 0273 39635EE7 		.ascii	"9c^\347\004;\004\241\005\356\357Hl\2133\276\000\226"
 119      043B04A1 
 119      05EEEF48 
 119      6C8B33BE 
 119      0096
 120 0285 235957EF 		.ascii	"#YW\357\034\3758\225\214~\242\245\226\025J\211\177#"
 120      1CFD3895 
 120      8C7EA2A5 
 120      96154A89 
 120      7F23
 121 0297 C24A881E 		.ascii	"\302J\210\036\037\033s\233z\306m\006~\336s'_|.\357\025"
 121      1F1B739B 
 121      7AC66D06 
 121      7EDE7327 
 121      5F7C2EEF 
 122 02ac A7269F7D 		.ascii	"\247&\237}\251\270\273\272\267Qj\314\273\345\232\357"
 122      A9B8BBBA 
 122      B7516ACC 
 122      BBE59AEF 
 123 02bc D766D935 		.ascii	"\327f\3315*n\263Qv\347\016\025\347\202\352\201j0_\364"
 123      2A6EB351 
 123      76E70E15 
 123      E782EA81 
 123      6A305FF4 
 124 02d0 2B7EAD31 		.ascii	"+~\2551_lV\202\261\262=>1\225\331\276e+\015L\355~~b"
 124      5F6C5682 
 124      B1B23D3E 
 124      3195D9BE 
 124      652B0D4C 
 125 02e8 7C606AFB 		.ascii	"|`j\373\316g^pJ\015\377\340\266\234?\346\227\252\263"
 125      CE675E70 
 125      4A0DFFE0 
 125      B69C3FE6 
 125      97AAB3
 126 02fb 9B74B3BE 		.ascii	"\233t\263\276i\272N\353\230*\250\034\312\371\371<=V"
 126      69BA4EEB 
 126      982AA81C 
 126      CAF9F93C 
 126      3D56
 127 030d FC57BAAD 		.ascii	"\374W\272\255\256?\033\270e7\360\353\256\256\326\017"
 127      AE3F1BB8 
 127      6537F0EB 
 127      AEAED60F 
 128 031d D4FC9992 		.ascii	"\324\374\231\222\0334j\365jy\363\226\\$u\356\251\334"
 128      1B346AF5 
 128      6A79F396 
 128      5C2475EE 
 128      A9DC
 129 032f 5C736F4E 		.ascii	"\\soNW\016\316T\203\334\364\253n\251^\247\235\377\323"
 129      570ECE54 
 129      83DCF4AB 
ARM GAS  /tmp/cc5siop2.s 			page 9


 129      6EA95EA7 
 129      9DFFD3
 130 0342 C7D043F1 		.ascii	"\307\320C\361\307J\300"
 130      C74AC0
 131              		.text
 132              		.section	.gnu.lto_.symtab.90ed68b8a27aba53,"e",%progbits
 133 0000 5F75785F 		.ascii	"_ux_utility_memory_set\000"
 133      7574696C 
 133      6974795F 
 133      6D656D6F 
 133      72795F73 
 134 0017 00       		.ascii	"\000"
 135 0018 00       		.ascii	"\000"
 136 0019 00       		.ascii	"\000"
 137 001a 00000000 		.ascii	"\000\000\000\000\000\000\000\000"
 137      00000000 
 138 0022 C9000000 		.ascii	"\311\000\000\000"
 139              		.text
 140              		.section	.gnu.lto_.ext_symtab.90ed68b8a27aba53,"e",%progbits
 141 0000 01       		.ascii	"\001"
 142 0001 01       		.ascii	"\001"
 143 0002 00       		.ascii	"\000"
 144              		.text
 145              		.section	.gnu.lto_.opts,"e",%progbits
 146 0000 272D666E 		.ascii	"'-fno-openmp' '-fno-openacc' '-fno-pie' '-fcf-prote"
 146      6F2D6F70 
 146      656E6D70 
 146      2720272D 
 146      666E6F2D 
 147 0033 6374696F 		.ascii	"ction=none' '-mcpu=cortex-m33' '-mthumb' '-mfpu=fpv"
 147      6E3D6E6F 
 147      6E652720 
 147      272D6D63 
 147      70753D63 
 148 0066 342D7370 		.ascii	"4-sp-d16' '-mfloat-abi=hard' '-mlibarch=armv8-m.mai"
 148      2D643136 
 148      2720272D 
 148      6D666C6F 
 148      61742D61 
 149 0099 6E2B6473 		.ascii	"n+dsp+fp' '-march=armv8-m.main+dsp+fp' '-Os' '-flto"
 149      702B6670 
 149      2720272D 
 149      6D617263 
 149      683D6172 
 150 00cc 2720272D 		.ascii	"' '-fdata-sections' '-ffunction-sections' '-Xassemb"
 150      66646174 
 150      612D7365 
 150      6374696F 
 150      6E732720 
 151 00ff 6C657227 		.ascii	"ler' '-a' '-Xassembler' '-ad' '-Xassembler' '-alms="
 151      20272D61 
 151      2720272D 
 151      58617373 
 151      656D626C 
 152 0132 6275696C 		.ascii	"build/../sdk/stm32/STM32_USBX_Library/common/core/s"
 152      642F2E2E 
 152      2F73646B 
ARM GAS  /tmp/cc5siop2.s 			page 10


 152      2F73746D 
 152      33322F53 
 153 0165 72632F75 		.ascii	"rc/ux_utility_memory_set.lst'\000"
 153      785F7574 
 153      696C6974 
 153      795F6D65 
 153      6D6F7279 
 154              		.text
 155              		.comm	__gnu_lto_slim,1,1
 156              		.ident	"GCC: (15:10.3-2021.07-4) 10.3.1 20210621 (release)"
ARM GAS  /tmp/cc5siop2.s 			page 11


DEFINED SYMBOLS
                            *ABS*:0000000000000000 ux_utility_memory_set.c
                            *COM*:0000000000000001 __gnu_lto_slim

NO UNDEFINED SYMBOLS
