ARM GAS  /tmp/ccHPC34E.s 			page 1


   1              		.cpu cortex-m33
   2              		.eabi_attribute 27, 1
   3              		.eabi_attribute 28, 1
   4              		.eabi_attribute 20, 1
   5              		.eabi_attribute 21, 1
   6              		.eabi_attribute 23, 3
   7              		.eabi_attribute 24, 1
   8              		.eabi_attribute 25, 1
   9              		.eabi_attribute 26, 1
  10              		.eabi_attribute 30, 4
  11              		.eabi_attribute 34, 1
  12              		.eabi_attribute 18, 4
  13              		.file	"ux_utility_memory_allocate_add_safe.c"
  14              		.section	.gnu.lto_.profile.77242034d2d3f5f4,"e",%progbits
  15 0000 789C6362 		.ascii	"x\234cb\000\001\000\000\022\000\003"
  15      00010000 
  15      120003
  16              		.text
  17              		.section	.gnu.lto_.icf.77242034d2d3f5f4,"e",%progbits
  18 0000 789CE360 		.ascii	"x\234\343`@\000F\206\177\007:w\3623\000\000\016\335"
  18      40004686 
  18      7F073A77 
  18      F2330000 
  18      0EDD
  19 0012 0319     		.ascii	"\003\031"
  20              		.text
  21              		.section	.gnu.lto_.ipa_sra.77242034d2d3f5f4,"e",%progbits
  22 0000 789C5361 		.ascii	"x\234Sa@\000F\006\0260\011\301`\300\314\014\346\002"
  22      40004606 
  22      163009C1 
  22      60C0CC0C 
  22      E602
  23 0012 09A62636 		.ascii	"\011\246&6 \301\000\000\013\227\000\301"
  23      20C10000 
  23      0B9700C1 
  24              		.text
  25              		.section	.gnu.lto_.inline.77242034d2d3f5f4,"e",%progbits
  26 0000 789C0B61 		.ascii	"x\234\013a@\000F\006\006\236\207\363\267.cNcdbf\\\302"
  26      40004606 
  26      069E87F3 
  26      B72E634E 
  26      63646266 
  27 0016 0C126382 		.ascii	"\014\022c\202\322,\014\014\215\015\015\015u\014\014"
  27      D22C0C0C 
  27      8D0D0D0D 
  27      750C0C
  28 0025 6C40AA81 		.ascii	"l@\252\201)\205\211\001\010\301\314d\240$[\303\304\277"
  28      29858901 
  28      08C1CC64 
  28      A0245BC3 
  28      C4BF
  29 0037 47995218 		.ascii	"G\231R\030x\200JY\371\200&1O\360\003A\006\000\0075\022"
  29      78804A59 
  29      F9802631 
  29      4FF00341 
  29      06000735 
  30 004c 58       		.ascii	"X"
ARM GAS  /tmp/ccHPC34E.s 			page 2


  31              		.text
  32              		.section	.gnu.lto_.jmpfuncs.77242034d2d3f5f4,"e",%progbits
  33 0000 789C0B60 		.ascii	"x\234\013`@\000F\006\026F \340g\\\302\314\000\302\365"
  33      40004606 
  33      164620E0 
  33      675CC2CC 
  33      00C2F5
  34 0013 50CCC652 		.ascii	"P\314\306R\007\222=\300\302\310\000\304\377\201\200"
  34      07923DC0 
  34      C2C800C4 
  34      FF8180
  35 0022 9F81A58E 		.ascii	"\237\201\245\216\021]\010\203\017\000\321\033\025\322"
  35      115D0883 
  35      0F00D11B 
  35      15D2
  36              		.text
  37              		.section	.gnu.lto_.pureconst.77242034d2d3f5f4,"e",%progbits
  38 0000 789C6366 		.ascii	"x\234cf```d\220\000\000\0007\000\035"
  38      60606064 
  38      90000000 
  38      37001D
  39              		.text
  40              		.section	.gnu.lto_.lto.77242034d2d3f5f4,"e",%progbits
  41 0000 09000400 		.ascii	"\011\000\004\000\001\000\000\000"
  41      01000000 
  42              		.text
  43              		.section	.gnu.lto__ux_utility_memory_allocate_add_safe.3.77242034d2d3f5f4,"e",%progbits
  44 0000 789C6DD0 		.ascii	"x\234m\320\317k\323`\030\007\360\347\373\276I]7\021"
  44      CF6BD360 
  44      1807F0E7 
  44      FBBE495D 
  44      3711
  45 0012 AF1E84E1 		.ascii	"\257\036\204\341E<\264\257n\210\036E=\352i*\336B\232"
  45      453CB4AF 
  45      6E881E45 
  45      3DEA692A 
  45      DE429A
  46 0025 661ADA34 		.ascii	"f\032\3324%I\325z\331\333\265l0\017[\2460\177\324\036"
  46      2549D57A 
  46      D9DBB56C 
  46      300F5BA6 
  46      307FD41E 
  47 0039 4A0FBB09 		.ascii	"J\017\273\011\242l\272\251\021\024<\212\177\200 \036"
  47      A26CBAA9 
  47      11143C8A 
  47      7F80201E 
  48 0049 440F53C4 		.ascii	"D\017S\304\203\210L\337d\245\023\031\344}\363<y>/\317"
  48      83884CDF 
  48      64A51319 
  48      E47DF33C 
  48      793E2FCF 
  49 005d 93F72588 		.ascii	"\223\367%\210\036\022\321i\265\240\023\026\2439FR\312"
  49      1E12D169 
  49      B5A01316 
  49      A3394652 
  49      CA
  50 006e 13BB186B 		.ascii	"\023\273\030kF7\030^ ~\263y@kE{\342\225\306~\215\343"
ARM GAS  /tmp/ccHPC34E.s 			page 3


  50      4637185E 
  50      207EB379 
  50      406B457B 
  50      E295C67E 
  51 0084 56349CD6 		.ascii	"V4\234\32654\242\271\257w\216\247\011h\212q\015S\270"
  51      3534A2B9 
  51      AF778EA7 
  51      09688A71 
  51      0D53B8
  52 0097 C9DB1C8B 		.ascii	"\311\333\034\213\274\307\011Z?\002F\017\305R\376|\335"
  52      BCC7095A 
  52      3F02460F 
  52      C552FE7C 
  52      DD
  53 00a8 B9F711ED 		.ascii	"\271\367\021\355\345X\353qF\035\005\036\003\217T{\""
  53      E558EB71 
  53      461D051E 
  53      038F547B 
  53      22
  54 00b9 0579043A 		.ascii	"\005y\004:\250\324\333/\253Rf\251\3079V\360\017R\037"
  54      A8D4DB2F 
  54      AB5266A9 
  54      C73956F0 
  54      0F521F
  55 00cc 52B6D467 		.ascii	"R\266\324g\233\003\366d'v\277\317\3566g\345^-ak;\261"
  55      9B03F664 
  55      2776BFCF 
  55      EE3667E5 
  55      5E2D616B 
  56 00e2 E53E5B1B 		.ascii	"\345>[\033\260g\3773\242\014%\323&\367\243\326\203w"
  56      B067FF33 
  56      A20C25D3 
  56      26F7A3D6 
  56      8377
  57 00f4 7A2C7FFF 		.ascii	"z,\177\377\231\227\362\323\276\017\353\231\335PHc\311"
  57      9997F2D3 
  57      BE0FEB99 
  57      DD504863 
  57      C9
  58 0105 C6D5C674 		.ascii	"\306\325\306t\34092\300:\206\200Ud\201\247\030I\012"
  58      E03932C0 
  58      3A868055 
  58      6481A718 
  58      490A
  59 0117 44F33CB9 		.ascii	"D\363<\271W\251A\306D\013\234m%\015\225l`\372\366,\272"
  59      57A941C6 
  59      440B9C6D 
  59      250D956C 
  59      60FAF62C 
  60 012c 5C3D3A7D 		.ascii	"\\=:}F\353\375\2514\316$=\225\344\215W?\226X\"\261\201"
  60      46EBFDA9 
  60      34CE243D 
  60      95E48D57 
  60      3F965822 
  61 0142 667B4695 		.ascii	"f{F\225\230\222\011\370\206\231\321.\037i\201\365\270"
  61      989209F8 
  61      8699D12E 
ARM GAS  /tmp/ccHPC34E.s 			page 4


  61      1F6981F5 
  61      B8
  62 0153 DEE16AC0 		.ascii	"\336\341j\300.\037\352\362\254\022\275\364\374\002\327"
  62      2E1FEAF2 
  62      AC12BDF4 
  62      FC02D7
  63 0162 067DB4EF 		.ascii	"\006}\264\357\230V:\371\225_\340\352\030g\3103\246\006"
  63      98563AF9 
  63      955FE0EA 
  63      1867C833 
  63      A606
  64 0174 C3F66044 		.ascii	"\303\366`D\307\204[\011\205%B\267*\212N\265\354\271"
  64      C7845B09 
  64      852542B7 
  64      2A8A4EB5 
  64      ECB9
  65 0186 255384BE 		.ascii	"%S\204\276Wu\254\303GrA\350\216\217\325\216\346jA!W"
  65      5775ACC3 
  65      477241E8 
  65      8E8FD58E 
  65      E66A4121 
  66 019b B4AF949C 		.ascii	"\264\257\224\23407yU\230\325*]\310\347EP,\211T\210\211"
  66      30377955 
  66      98D52A5D 
  66      C8E74550 
  66      2C895488 
  67 01b0 7367C7C7 		.ascii	"sg\307\307\214\363\023'/\032g\234\202o\372uay\256\353"
  67      8CF31327 
  67      2F1A679C 
  67      826FFA75 
  67      6179AEEB 
  68 01c4 55D4CBB7 		.ascii	"U\324\313\267E\340[\242v\315\250\205N\331\011\353\206"
  68      45E05BA2 
  68      76CDA885 
  68      4ED909EB 
  68      86
  69 01d5 6BBB9E5F 		.ascii	"k\273\236_7\314r\331\263\314\3206\314b\321\010\314I"
  69      37CC72D9 
  69      B3CCD036 
  69      CC62D108 
  69      CC49
  70 01e7 3B6F916E 		.ascii	";o\221n\226\235K\025\3352\255\313\366p\340\\\337*\232"
  70      969D4B15 
  70      DD32ADCB 
  70      F670E05C 
  70      DF2A9A
  71 01fa DB61E12F 		.ascii	"\333a\341/[\274\312/"
  71      5BBCCA2F 
  72              		.text
  73              		.section	.gnu.lto_.symbol_nodes.77242034d2d3f5f4,"e",%progbits
  74 0000 789C7361 		.ascii	"x\234sa\000\002&\346z\206\006 `a\234p\216\201\241\236"
  74      000226E6 
  74      7A860620 
  74      60619C70 
  74      8E81A19E 
  75 0014 81615743 		.ascii	"\201aWC##\003#H\212\201\221\245\236\361?\024\310\203"
  75      23230323 
ARM GAS  /tmp/ccHPC34E.s 			page 5


  75      488A8191 
  75      A59EF13F 
  75      14C883
  76 0027 E519406A 		.ascii	"\345\031@jA\222\314\014\214\215G\276Lgblad\000\000\322"
  76      4192CC0C 
  76      8C8D47BE 
  76      4C67626C 
  76      61640000 
  77 003c BC1540   		.ascii	"\274\025@"
  78              		.text
  79              		.section	.gnu.lto_.refs.77242034d2d3f5f4,"e",%progbits
  80 0000 789C6364 		.ascii	"x\234cd\000\002\000\000\012\000\002"
  80      00020000 
  80      0A0002
  81              		.text
  82              		.section	.gnu.lto_.decls.77242034d2d3f5f4,"e",%progbits
  83 0000 789CB553 		.ascii	"x\234\265SOh\034U\030\377\276\367&\331\331\327\325\015"
  83      4F681C55 
  83      18FFBEF7 
  83      26D9D9D7 
  83      D50D
  84 0012 654A0F42 		.ascii	"eJ\017BX\212\230\205\262;v\026\255\027aQh\017mc\241"
  84      588A9885 
  84      B23B7616 
  84      AD176151 
  84      680F6D63 
  85 0027 46A49761 		.ascii	"F\244\227a\272o\323.\311\354.\273\223\332\334\036Z!"
  85      BA6FD32E 
  85      C9EC2EBB 
  85      93DADC1E 
  85      5A21
  86 0039 07538AA0 		.ascii	"\007S\212\240\004\364\020\377\034z(\322C\252\261Ic\272"
  86      04F410FF 
  86      1C7A28D2 
  86      43AAB149 
  86      63BA
  87 004b 49ED6A9A 		.ascii	"I\355j\232C\021\241\336Zm\312\026sh\241B\021m\374ff"
  87      4311A1DE 
  87      5A6DCA16 
  87      7368A142 
  87      116DFC66 
  88 0060 27BB52D1 		.ascii	"'\273R\321\366\340\307|\357\275\371\376\374\276\337"
  88      F6E0C77C 
  88      EFBDF9FE 
  88      FCBEDF
  89 006f 7BEF7B0F 		.ascii	"{\357{\0179\300\007\010\340\001\300\006\011\243\371"
  89      39C00708 
  89      E001C006 
  89      09A3F9
  90 007e 1A299960 		.ascii	"\032)\231`\016B\361m\337\222^\205Ge\222\002c4o%5H\217"
  90      0E42F16D 
  90      DF925E85 
  90      47659202 
  90      63346F25 
  91 0095 B6F30648 		.ascii	"\266\363\006HWIW\036\003\343}\216\003\350\027O\006+"
  91      5749571E 
  91      03E37D8E 
ARM GAS  /tmp/ccHPC34E.s 			page 6


  91      03E8174F 
  91      062B
  92 00a7 E00C4C15 		.ascii	"\340\014L\025\310\333e\300/1\214\342\216\037\270\025"
  92      C8DB65C0 
  92      2F318CE2 
  92      8E1FB815 
  93 00b7 351A0D4C 		.ascii	"5\032\015L}\304\331\344\205w~\334\"\026\225\272\253"
  93      7DC4D9E4 
  93      85777EDC 
  93      221695BA 
  93      AB
  94 00c8 164FC601 		.ascii	"\026O\306\001/ ~\215\200\263H _!\236G\234A\012;\371"
  94      2F207E8D 
  94      80B34820 
  94      5F219E47 
  94      9C410A3B 
  95 00dd C9CFCBDA 		.ascii	"\311\317\313\332\032\002# M\"\342\365\027i\020p\230"
  95      1A022320 
  95      4D22E2F5 
  95      17691070 
  95      98
  96 00ee 83A19862 		.ascii	"\203\241\230b\275\2223\301\005\227\242\211\375\351\373"
  96      BD9233C1 
  96      0597A289 
  96      FDE9FB
  97 00fd 3CAFB374 		.ascii	"<\257\263tR\350g\226\260O\364\350\214\265bR\244\177"
  97      52E86796 
  97      B04FF4E8 
  97      8CB56252 
  97      A47F
  98 010f C7B36CBA 		.ascii	"\307\263l\2727\225W\232|o[+\246\330\351A#\227\247\261"
  98      3795579A 
  98      7C6F5B2B 
  98      A6D8E941 
  98      2397A7B1 
  99 0123 156BA2A4 		.ascii	"\025k\242\244\254\203\232\336G\253VL\334\347\323\223"
  99      AC839ADE 
  99      47AB564C 
  99      DCE7D393 
 100 0133 BD72954D 		.ascii	"\275r\225M\014`\023\205\264\014\332H^\327\373\223\015"
 100      0C601385 
 100      B40CDA48 
 100      5ED7FB93 
 100      0D
 101 0144 DEE07B00 		.ascii	"\336\340{\000t\375\334\027\333D+\226$\210\264L\365\311"
 101      74FDDC17 
 101      DB442B96 
 101      2488B44C 
 101      F5C9
 102 0156 54B2893D 		.ascii	"T\262\211=R\012#\015DBZV\236\011B\326\364&Z\034\023"
 102      520A230D 
 102      44425A56 
 102      9E0942D6 
 102      F4265A1C 
 103 016b 96BAF9EB 		.ascii	"\226\272\371\353v\201\"\336\237J\003H\330\303\010\227"
 103      768122DE 
 103      9F4A0348 
ARM GAS  /tmp/ccHPC34E.s 			page 7


 103      D8C30897 
 104 017b 6F448231 		.ascii	"oD\2021\252);\277\210i\301,\306\367\265\350^\030K\001"
 104      AA293BBF 
 104      8869C12C 
 104      C6F7B5E8 
 104      5E184B01 
 105 018f 284D4F24 		.ascii	"(MO$P\321\024\267\367\311\203\226\200V\214\221\313\320"
 105      50D114B7 
 105      F7C98396 
 105      80568C91 
 105      CBD0
 106 01a1 5031EC64 		.ascii	"P1\354d\212^\300\350N\320\377\320\377\302\001\374\037"
 106      8A5EC0E8 
 106      4ED0FFD0 
 106      FFC201FC 
 106      1F
 107 01b2 E8AE12D8 		.ascii	"\350\256\022\330\375H:W\014\033&\262nN\355u\030\020"
 107      FD483A57 
 107      0C1B26B2 
 107      6E4EED75 
 107      1810
 108 01c4 E2B0A800 		.ascii	"\342\260\250\000FE\240\355\355\002\357ph\363\210p\242"
 108      4645A0ED 
 108      ED02EF70 
 108      68F38870 
 108      A2
 109 01d5 3A5D1C3B 		.ascii	":]\034;\\\351\206\303\"\254;'\310\373\033\361\016$l"
 109      5CE986C3 
 109      22AC3B27 
 109      C8FB1BF1 
 109      0E246C
 110 01e8 C242D7C6 		.ascii	"\302B\327\306I\250mf~[8\237\270M\307\246\346O\375\301"
 110      49A86D66 
 110      7E5B389F 
 110      B84DC7A6 
 110      E64FFDC1 
 111 01fc F1E9D379 		.ascii	"\361\351\323y@>\201\276\353\341\251\211V\\\363\203\347"
 111      403E81BE 
 111      EBE1A989 
 111      565CF383 
 111      E7
 112 020d 102B6498 		.ascii	"\020+d\230\372\363\207\033\211\310\360\215\337t\353"
 112      FAF3871B 
 112      89C8F08D 
 112      DF74EB
 113 021c 6BCD9964 		.ascii	"k\315\231ddY\364-\227\356}\366)F\226K\030\3642\013z"
 113      6459F42D 
 113      97EE7DF6 
 113      2946964B 
 113      18F4320B 
 114 0231 B98FBC0B 		.ascii	"\271\217\274\013W\327\233Om\247b\353J\031x\024\227\021"
 114      57D79B4F 
 114      6DA762EB 
 114      4A197814 
 114      9711
 115 0243 977CA297 		.ascii	"\227|\242\227\211c\003\003Bkg\226\357h;\246\246\324"
 115      89630303 
ARM GAS  /tmp/ccHPC34E.s 			page 8


 115      426B6796 
 115      EF683BA6 
 115      A6D4
 116 0255 83B995DB 		.ascii	"\203\271\225\333\277<woV\251w)A\367\203p\001\251\345"
 116      BF3C776F 
 116      56A97729 
 116      41F78370 
 116      01A9E5
 117 0268 03FE0B94 		.ascii	"\003\376\013\224q\021q\236\336\321<\373o\266\315G\330"
 117      7111719E 
 117      DED13CFB 
 117      6FB6CD47 
 117      D8
 118 0279 7EE75BA6 		.ascii	"~\347[\246'6~\212\377\003\237\025B\377>\344skv}9\271"
 118      27367E8A 
 118      FF039F15 
 118      42FF3EE4 
 118      736B767D 
 119 028f 634AA907 		.ascii	"cJ\251\007w?<\273$>V\015Fn\274\262\311\344\012\266\217"
 119      773F3CBB 
 119      243E560D 
 119      466EBCB2 
 119      C9E40AB6 
 120 02a4 F2F373D7 		.ascii	"\362\363s\327\016$\202w:\335\320\374\230\360\245\002"
 120      0E248277 
 120      3ADDD0FC 
 120      98F0A502 
 121 02b4 AEFA1143 		.ascii	"\256\372\021C\331\254Y\227#f\335ss\226y\350\365\003"
 121      D9AC5997 
 121      2366DD73 
 121      739679E8 
 121      F503
 122 02c6 39CB1E3A 		.ascii	"9\313\036:\364\312\233\366\376\322\221\232S\0337\013"
 122      F4CA9BF6 
 122      FED2919A 
 122      531B370B 
 123 02d6 15D7AD94 		.ascii	"\025\327\255\224i\252\025\315z\255`\216\235\260\307"
 123      69AA15CD 
 123      7AAD608E 
 123      9DB0C7
 124 02e5 BCD268C9 		.ascii	"\274\322h\311\033\267\335\242[\251\215\333\316\350h"
 124      1BB7DDA2 
 124      5BA98DDB 
 124      CEE868
 125 02f4 A5E07845 		.ascii	"\245\340xE\333\221\322\256;\303\305lA\337;8\224zu\327"
 125      DB91D2AE 
 125      3BC3C56C 
 125      41DF3B38 
 125      947A75D7 
 126 0308 6EE819DA 		.ascii	"n\350\031\332\377\332\340^\303\251\271\307_\312\270"
 126      FFDAE05E 
 126      C3A9B9C7 
 126      5FCAB8
 127 0317 59D72995 		.ascii	"Y\327)\225w\312zu\347p\025\266\020\244W<\221qs9x\326"
 127      77CA7A75 
 127      E77015B6 
 127      10A4573C 
ARM GAS  /tmp/ccHPC34E.s 			page 9


 127      91717339 
 128 032d 7E0CD8DD 		.ascii	"~\014\330\335\246[\366\314\202\351\271US\226\252\243"
 128      A65BF6CC 
 128      82E9B955 
 128      5396AAA3 
 129 033d 1577C431 		.ascii	"\025w\3041\275Z\245Z*<\277+\023l`\354\205\314X\375H"
 129      BD5AA55A 
 129      2A3CBF2B 
 129      136C60EC 
 129      85CC58FD 
 130 0352 46168F8F 		.ascii	"F\026\217\217\224\274\314\360[\246S\255\302\033\377"
 130      94BCCCF0 
 130      5BA653AD 
 130      C21BFF
 131 0361 CB16E199 		.ascii	"\313\026\341\231\177\341\374\362\223\224,\225\273Kf"
 131      7FE1FCF2 
 131      93942C95 
 131      BB4B66
 132 0370 8FC15F29 		.ascii	"\217\301_)\360\235:"
 132      F09D3A
 133              		.text
 134              		.section	.gnu.lto_.symtab.77242034d2d3f5f4,"e",%progbits
 135 0000 5F75785F 		.ascii	"_ux_utility_memory_allocate_add_safe\000"
 135      7574696C 
 135      6974795F 
 135      6D656D6F 
 135      72795F61 
 136 0025 00       		.ascii	"\000"
 137 0026 00       		.ascii	"\000"
 138 0027 00       		.ascii	"\000"
 139 0028 00000000 		.ascii	"\000\000\000\000\000\000\000\000"
 139      00000000 
 140 0030 C6000000 		.ascii	"\306\000\000\000"
 141 0034 5F75785F 		.ascii	"_ux_utility_memory_allocate\000"
 141      7574696C 
 141      6974795F 
 141      6D656D6F 
 141      72795F61 
 142 0050 00       		.ascii	"\000"
 143 0051 02       		.ascii	"\002"
 144 0052 00       		.ascii	"\000"
 145 0053 00000000 		.ascii	"\000\000\000\000\000\000\000\000"
 145      00000000 
 146 005b CC000000 		.ascii	"\314\000\000\000"
 147              		.text
 148              		.section	.gnu.lto_.ext_symtab.77242034d2d3f5f4,"e",%progbits
 149 0000 01       		.ascii	"\001"
 150 0001 01       		.ascii	"\001"
 151 0002 00       		.ascii	"\000"
 152 0003 01       		.ascii	"\001"
 153 0004 00       		.ascii	"\000"
 154              		.text
 155              		.section	.gnu.lto_.opts,"e",%progbits
 156 0000 272D666E 		.ascii	"'-fno-openmp' '-fno-openacc' '-fno-pie' '-fcf-prote"
 156      6F2D6F70 
 156      656E6D70 
 156      2720272D 
ARM GAS  /tmp/ccHPC34E.s 			page 10


 156      666E6F2D 
 157 0033 6374696F 		.ascii	"ction=none' '-mcpu=cortex-m33' '-mthumb' '-mfpu=fpv"
 157      6E3D6E6F 
 157      6E652720 
 157      272D6D63 
 157      70753D63 
 158 0066 342D7370 		.ascii	"4-sp-d16' '-mfloat-abi=hard' '-mlibarch=armv8-m.mai"
 158      2D643136 
 158      2720272D 
 158      6D666C6F 
 158      61742D61 
 159 0099 6E2B6473 		.ascii	"n+dsp+fp' '-march=armv8-m.main+dsp+fp' '-Os' '-flto"
 159      702B6670 
 159      2720272D 
 159      6D617263 
 159      683D6172 
 160 00cc 2720272D 		.ascii	"' '-fdata-sections' '-ffunction-sections' '-Xassemb"
 160      66646174 
 160      612D7365 
 160      6374696F 
 160      6E732720 
 161 00ff 6C657227 		.ascii	"ler' '-a' '-Xassembler' '-ad' '-Xassembler' '-alms="
 161      20272D61 
 161      2720272D 
 161      58617373 
 161      656D626C 
 162 0132 6275696C 		.ascii	"build/../sdk/stm32/STM32_USBX_Library/common/core/s"
 162      642F2E2E 
 162      2F73646B 
 162      2F73746D 
 162      33322F53 
 163 0165 72632F75 		.ascii	"rc/ux_utility_memory_allocate_add_safe.lst'\000"
 163      785F7574 
 163      696C6974 
 163      795F6D65 
 163      6D6F7279 
 164              		.text
 165              		.comm	__gnu_lto_slim,1,1
 166              		.ident	"GCC: (15:10.3-2021.07-4) 10.3.1 20210621 (release)"
ARM GAS  /tmp/ccHPC34E.s 			page 11


DEFINED SYMBOLS
                            *ABS*:0000000000000000 ux_utility_memory_allocate_add_safe.c
                            *COM*:0000000000000001 __gnu_lto_slim

NO UNDEFINED SYMBOLS
