ARM GAS  /tmp/ccYNntZj.s 			page 1


   1              		.cpu cortex-m33
   2              		.eabi_attribute 27, 1
   3              		.eabi_attribute 28, 1
   4              		.eabi_attribute 20, 1
   5              		.eabi_attribute 21, 1
   6              		.eabi_attribute 23, 3
   7              		.eabi_attribute 24, 1
   8              		.eabi_attribute 25, 1
   9              		.eabi_attribute 26, 1
  10              		.eabi_attribute 30, 4
  11              		.eabi_attribute 34, 1
  12              		.eabi_attribute 18, 4
  13              		.file	"ux_utility_descriptor_parse.c"
  14              		.text
  15              		.section	.text._ux_utility_descriptor_parse,"ax",%progbits
  16              		.align	1
  17              		.global	_ux_utility_descriptor_parse
  18              		.arch armv8-m.main
  19              		.arch_extension dsp
  20              		.syntax unified
  21              		.thumb
  22              		.thumb_func
  23              		.fpu fpv4-sp-d16
  25              	_ux_utility_descriptor_parse:
  26              		@ args = 0, pretend = 0, frame = 0
  27              		@ frame_needed = 0, uses_anonymous_args = 0
  28 0000 2DE9F041 		push	{r4, r5, r6, r7, r8, lr}
  29 0004 0546     		mov	r5, r0
  30 0006 0E46     		mov	r6, r1
  31 0008 1C46     		mov	r4, r3
  32 000a 4FF00008 		mov	r8, #0
  33 000e 8F18     		adds	r7, r1, r2
  34              	.L2:
  35 0010 BE42     		cmp	r6, r7
  36 0012 01D1     		bne	.L9
  37 0014 BDE8F081 		pop	{r4, r5, r6, r7, r8, pc}
  38              	.L9:
  39 0018 16F8013B 		ldrb	r3, [r6], #1	@ zero_extendqisi2
  40 001c 022B     		cmp	r3, #2
  41 001e 13D0     		beq	.L3
  42 0020 042B     		cmp	r3, #4
  43 0022 06D0     		beq	.L4
  44 0024 15F8013B 		ldrb	r3, [r5], #1	@ zero_extendqisi2
  45 0028 04F8013B 		strb	r3, [r4], #1
  46 002c F0E7     		b	.L2
  47              	.L6:
  48 002e 04F8018B 		strb	r8, [r4], #1
  49              	.L4:
  50 0032 A207     		lsls	r2, r4, #30
  51 0034 FBD1     		bne	.L6
  52 0036 2846     		mov	r0, r5
  53 0038 FFF7FEFF 		bl	_ux_utility_long_get
  54 003c 0435     		adds	r5, r5, #4
  55 003e 44F8040B 		str	r0, [r4], #4
  56 0042 E5E7     		b	.L2
  57              	.L8:
  58 0044 04F8018B 		strb	r8, [r4], #1
ARM GAS  /tmp/ccYNntZj.s 			page 2


  59              	.L3:
  60 0048 E307     		lsls	r3, r4, #31
  61 004a FBD4     		bmi	.L8
  62 004c 2846     		mov	r0, r5
  63 004e FFF7FEFF 		bl	_ux_utility_short_get
  64 0052 0235     		adds	r5, r5, #2
  65 0054 24F8020B 		strh	r0, [r4], #2	@ movhi
  66 0058 DAE7     		b	.L2
  68              		.section	.text._ux_utility_descriptor_parse_size,"ax",%progbits
  69              		.align	1
  70              		.global	_ux_utility_descriptor_parse_size
  71              		.syntax unified
  72              		.thumb
  73              		.thumb_func
  74              		.fpu fpv4-sp-d16
  76              	_ux_utility_descriptor_parse_size:
  77              		@ args = 0, pretend = 0, frame = 0
  78              		@ frame_needed = 0, uses_anonymous_args = 0
  79 0000 0023     		movs	r3, #0
  80 0002 30B5     		push	{r4, r5, lr}
  81 0004 0144     		add	r1, r1, r0
  82              	.L14:
  83 0006 8142     		cmp	r1, r0
  84 0008 03D1     		bne	.L21
  85 000a 1344     		add	r3, r3, r2
  86 000c 23EA0200 		bic	r0, r3, r2
  87 0010 08E0     		b	.L13
  88              	.L21:
  89 0012 10F8014B 		ldrb	r4, [r0], #1	@ zero_extendqisi2
  90 0016 022C     		cmp	r4, #2
  91 0018 05D0     		beq	.L15
  92 001a 042C     		cmp	r4, #4
  93 001c 03D0     		beq	.L15
  94 001e 012C     		cmp	r4, #1
  95 0020 08D0     		beq	.L16
  96 0022 0020     		movs	r0, #0
  97              	.L13:
  98 0024 30BD     		pop	{r4, r5, pc}
  99              	.L15:
 100 0026 651E     		subs	r5, r4, #1
 101              	.L18:
 102 0028 1D42     		tst	r5, r3
 103 002a 01D1     		bne	.L19
 104 002c 2344     		add	r3, r3, r4
 105 002e EAE7     		b	.L14
 106              	.L19:
 107 0030 0133     		adds	r3, r3, #1
 108 0032 F9E7     		b	.L18
 109              	.L16:
 110 0034 0133     		adds	r3, r3, #1
 111 0036 E6E7     		b	.L14
 113              		.ident	"GCC: (15:10.3-2021.07-4) 10.3.1 20210621 (release)"
ARM GAS  /tmp/ccYNntZj.s 			page 3


DEFINED SYMBOLS
                            *ABS*:0000000000000000 ux_utility_descriptor_parse.c
     /tmp/ccYNntZj.s:16     .text._ux_utility_descriptor_parse:0000000000000000 $t
     /tmp/ccYNntZj.s:25     .text._ux_utility_descriptor_parse:0000000000000000 _ux_utility_descriptor_parse
     /tmp/ccYNntZj.s:69     .text._ux_utility_descriptor_parse_size:0000000000000000 $t
     /tmp/ccYNntZj.s:76     .text._ux_utility_descriptor_parse_size:0000000000000000 _ux_utility_descriptor_parse_size

UNDEFINED SYMBOLS
_ux_utility_long_get
_ux_utility_short_get
