ARM GAS  /tmp/ccNRuzo5.s 			page 1


   1              		.cpu cortex-m33
   2              		.eabi_attribute 27, 1
   3              		.eabi_attribute 28, 1
   4              		.eabi_attribute 20, 1
   5              		.eabi_attribute 21, 1
   6              		.eabi_attribute 23, 3
   7              		.eabi_attribute 24, 1
   8              		.eabi_attribute 25, 1
   9              		.eabi_attribute 26, 1
  10              		.eabi_attribute 30, 4
  11              		.eabi_attribute 34, 1
  12              		.eabi_attribute 18, 4
  13              		.file	"ux_utility_long_get_big_endian.c"
  14              		.section	.gnu.lto_.profile.8a059dc0e4f91e0,"e",%progbits
  15 0000 789C6362 		.ascii	"x\234cb\000\001\000\000\022\000\003"
  15      00010000 
  15      120003
  16              		.text
  17              		.section	.gnu.lto_.icf.8a059dc0e4f91e0,"e",%progbits
  18 0000 789CE360 		.ascii	"x\234\343`@\000F\206'+\357\\eg\000\000\017^\003O"
  18      40004686 
  18      272BEF5C 
  18      65670000 
  18      0F5E034F 
  19              		.text
  20              		.section	.gnu.lto_.ipa_sra.8a059dc0e4f91e0,"e",%progbits
  21 0000 789CE364 		.ascii	"x\234\343d@\000F \004\002f\006\000\000\350\000\017"
  21      40004620 
  21      04026606 
  21      0000E800 
  21      0F
  22              		.text
  23              		.section	.gnu.lto_.inline.8a059dc0e4f91e0,"e",%progbits
  24 0000 789C7366 		.ascii	"x\234sf@\000F\006\006\336\006 `Ncdd`\\\302\314\300\000"
  24      40004606 
  24      06DE0620 
  24      604E6364 
  24      64605CC2 
  25 0017 442C20A1 		.ascii	"D, \241\005\314\251\014\014\234@\306\001\346\024&\006"
  25      05CCA90C 
  25      0C9C40C6 
  25      01E61426 
  25      06
  26 0028 26064690 		.ascii	"&\006F\2202\246$&\006\026&\006f\260\226d\006\026\220"
  26      32A62426 
  26      06162606 
  26      66B09664 
  26      061690
  27 003b 1100E1FB 		.ascii	"\021\000\341\373\015\217"
  27      0D8F
  28              		.text
  29              		.section	.gnu.lto_.jmpfuncs.8a059dc0e4f91e0,"e",%progbits
  30 0000 789CE362 		.ascii	"x\234\343b@\000F\006FF\306\372%\314\214\014\000\006"
  30      40004606 
  30      4646C6FA 
  30      25CC8C0C 
  30      0006
ARM GAS  /tmp/ccNRuzo5.s 			page 2


  31 0012 270136   		.ascii	"'\0016"
  32              		.text
  33              		.section	.gnu.lto_.pureconst.8a059dc0e4f91e0,"e",%progbits
  34 0000 789C6361 		.ascii	"x\234ca```dhe\001\000\001:\000\217"
  34      60606064 
  34      68650100 
  34      013A008F 
  35              		.text
  36              		.section	.gnu.lto_.lto.8a059dc0e4f91e0,"e",%progbits
  37 0000 09000400 		.ascii	"\011\000\004\000\001\000\000\000"
  37      01000000 
  38              		.text
  39              		.section	.gnu.lto__ux_utility_long_get_big_endian.3.8a059dc0e4f91e0,"e",%progbits
  40 0000 789C5592 		.ascii	"x\234U\222;l\323P\024\206\357\361\265\235\364\2414\017"
  40      3B6CD350 
  40      1486EFF1 
  40      B59DF4A1 
  40      340F
  41 0012 868E2C80 		.ascii	"\206\216,\200\030\222\013\255\020+b\206\001\025$&,'"
  41      18920BAD 
  41      102B6286 
  41      01152426 
  41      2C27
  42 0024 36919538 		.ascii	"6\221\2258\261l\247\320\2517\215T\244\202H\033\030H"
  42      B16CA7D0 
  42      A9378D54 
  42      A482481B 
  42      1848
  43 0036 5575B002 		.ascii	"Uu\260\002bc\341Q\036\022\021R\305\212\030\020\013\002"
  43      6263E151 
  43      1E121152 
  43      C58A1810 
  43      0B02
  44 0048 0624161E 		.ascii	"\006$\026\036b\001UE\341\\;\344!\331\327\347\034}\376"
  44      62015545 
  44      E15C3BE4 
  44      21D9D7E7 
  44      1C7DFE
  45 005b 3FFBDA77 		.ascii	"?\373\332w%B\332\204\220\303x\002%\320\332X\223\010"
  45      2542DA84 
  45      90C37802 
  45      25D0DA58 
  45      9308
  46 006d E7FC544C 		.ascii	"\347\374TL\202\372\306\332\307\315\3072<\207p\000dY"
  46      82FAC6DA 
  46      C7CDC732 
  46      3C877000 
  46      6459
  47 007f 8265B845 		.ascii	"\202e\270E\267(\264h\007a\271_\001\034<\332\345\374"
  47      B728B468 
  47      0761B95F 
  47      011C3CDA 
  47      E5FC
  48 0091 CFEEF6CD 		.ascii	"\317\356\366\315\206\272u\277+w\250D\266\021x\004\360"
  48      86BA75BF 
  48      2B77A844 
  48      B6117804 
ARM GAS  /tmp/ccNRuzo5.s 			page 3


  48      F0
  49 00a2 10309920 		.ascii	"\0200\231 Ho\0009\202\324\233\257;\234O\220\016\245"
  49      486F0039 
  49      82D49BAF 
  49      3B9C4F90 
  49      0EA5
  50 00b4 F0044620 		.ascii	"\360\004F \034\364\301\333 .\207\220\375\331n\254&\326"
  50      1CF4C1DB 
  50      202E8790 
  50      FDD96EAC 
  50      26D6
  51 00c6 EB71CC83 		.ascii	"\353q\314\203\2470\226HT\002\317@X\304\223\343\201\335"
  51      A7309648 
  51      5402CF40 
  51      58C493E3 
  51      81DD
  52 00d8 83B74A97 		.ascii	"\203\267J\227\357\367\232\234\367f?\277W\017\000\206"
  52      EFF79A9C 
  52      F7663FBF 
  52      570F0086 
  53 00e8 CA122E0A 		.ascii	"\312\022.\012\025\213,ZET\252Xb\242\215\213J<\2152)"
  53      158B2C5A 
  53      4554AA58 
  53      62A28D8B 
  53      4A3C8D32 
  54 00fd DA295CD4 		.ascii	"\332)\\\324i\200\035H\210\370\031\321&E\225\022UZT\231"
  54      69801D48 
  54      88F819D1 
  54      26459512 
  54      555A5499 
  55 0111 D04B9A54 		.ascii	"\320K\232Tl\023\227\201w\011Y\247R\324\324\261\371\016"
  55      6C139781 
  55      770959A7 
  55      52D4D4B1 
  55      F90E
  56 0123 2B77AEFF 		.ascii	"+w\256\377h;\001\205\376\376P \367\304\036\342{\304"
  56      683B0185 
  56      FEFE5020 
  56      F7C41EE2 
  56      7BC4
  57 0135 023A0D2F 		.ascii	"\002:\015/ \244\366\257A@%\304\260i\354\255~\221\003"
  57      20A4F6AF 
  57      414025C4 
  57      B069ECAD 
  57      7E9103
  58 0148 4A7120EE 		.ascii	"Jq \356P`6\"> \222\300y\224\372\273\355\006T\036\244"
  58      50603622 
  58      3E2092C0 
  58      7994FABB 
  58      ED06541E 
  59 015d C258EACB 		.ascii	"\302X\352\313\221T\005\261(\365\033\246\2528\210R\223"
  59      915405B1 
  59      28F51BA6 
  59      AA388852 
  59      93
  60 016e 11F11791 		.ascii	"\021\361\027\221\031\234\013\244\025:\222\241f&\322"
  60      199C0BA4 
ARM GAS  /tmp/ccNRuzo5.s 			page 4


  60      153A92A1 
  60      6626D2
  61 017d F4842636 		.ascii	"\364\204&6\320Hc\232W#\2328bC\315\004\016\"M|\250I\341"
  61      D048639A 
  61      57239A38 
  61      6243CD04 
  61      0E224D7C 
  62 0194 7CA84987 		.ascii	"|\250I\207\246T\244y\275y)\240\223\003\015\035\323\354"
  62      A654A479 
  62      BD7929A0 
  62      93030D1D 
  62      D3EC
  63 01a6 FED78890 		.ascii	"\376\327\210\220)\344\206!\231p\220&\277`\345\323;|"
  63      29E48621 
  63      99709026 
  63      BF60E5D3 
  63      3B7C
  64 01b8 B78CF805 		.ascii	"\267\214\370\005\232\024\206\337\203\220\223\314\256"
  64      9A1486DF 
  64      839093CC 
  64      AE
  65 01c5 F8ACC07C 		.ascii	"\370\254\300|\333a\206\345\224\253vIg\276[u\254\302"
  65      DB6186E5 
  65      94AB7649 
  65      67BE5B75 
  65      ACC2
  66 01d7 B1E359CF 		.ascii	"\261\343Y\317\267\347\347j'\2625/\2375\314\305\222\345"
  66      B7E7E76A 
  66      27B2352F 
  66      9F35CCC5 
  66      92E5
  67 01e9 672F5F61 		.ascii	"g/_a\272\343\220s\271\034\363\214\022\013\011\266p\376"
  67      BAE39073 
  67      B91CF38C 
  67      120B09B6 
  67      70FE
  68 01fb ECFC9C76 		.ascii	"\354\374\234va\341\364E\355\214\225wuw\211\025\252\266"
  68      61E1F445 
  68      ED8C9577 
  68      75778915 
  68      AAB6
  69 020d 5DADE0C5 		.ascii	"]\255\340\3055\231\347\026X\355\252V\363\255\262\345"
  69      3599E716 
  69      58EDAA56 
  69      F3ADB2E5 
  70 021d 2F69E56A 		.ascii	"/i\345j\245\250\025M_\313[E\315\254\030\226^\311\025"
  70      A5A8154D 
  70      5FCB5B45 
  70      CDAC1896 
  70      5EC915
  71 0230 484C370C 		.ascii	"HL7\014\327\364<eQ/\327\314\177\243G\002D"
  71      D7F43C65 
  71      512FD7CC 
  71      7FA34702 
  71      44
  72              		.text
  73              		.section	.gnu.lto_.symbol_nodes.8a059dc0e4f91e0,"e",%progbits
ARM GAS  /tmp/ccNRuzo5.s 			page 5


  74 0000 789C9363 		.ascii	"x\234\223c\000\002&\346z\206\006 `a\234p\216\201\241"
  74      000226E6 
  74      7A860620 
  74      60619C70 
  74      8E81A1
  75 0013 9E816157 		.ascii	"\236\201aWC##\003#\003\030\000\000uh\006B"
  75      43232303 
  75      23031800 
  75      00756806 
  75      42
  76              		.text
  77              		.section	.gnu.lto_.refs.8a059dc0e4f91e0,"e",%progbits
  78 0000 789C6364 		.ascii	"x\234cd\000\002\000\000\012\000\002"
  78      00020000 
  78      0A0002
  79              		.text
  80              		.section	.gnu.lto_.decls.8a059dc0e4f91e0,"e",%progbits
  81 0000 789CAD53 		.ascii	"x\234\255SM\210[U\024>\337\275o&onc3\224W\272)c\320"
  81      4D885B55 
  81      143EDFBD 
  81      6F266F6E 
  81      63339457 
  82 0018 C5044AE6 		.ascii	"\305\004J\346\265/h]F\013\255\320:\216\326\001)\302"
  82      B52F685D 
  82      460BADD0 
  82      3A8ED601 
  82      29C2
  83 002a 23939B0E 		.ascii	"#\223\233\016\317\231\227\204\344Mmqs\313\024ta\265"
  83      CF999784 
  83      E44D6D71 
  83      73CB1474 
  83      61B5
  84 003c BA2AB819 		.ascii	"\272*\270\031\321E\027*\326v\324\326\332\231f\352\030"
  84      D145172A 
  84      D676D4D6 
  84      DA9966EA 
  84      18
  85 004d D042A528 		.ascii	"\320B\245(.\334X\252\004*\352b\004q3\236\274$MD\350"
  85      2EDC58AA 
  85      042AEA62 
  85      0471339E 
  85      BC244D44 
  86 0062 CAC33BE7 		.ascii	"\312\303;\347\334\237\363}\347\334{\317{Y\022y \212"
  86      DC9FF37D 
  86      E7DC7BCF 
  86      7B591279 
  86      208A
  87 0074 88689345 		.ascii	"\210h\223E\260\377\226\265\355/\261^\241\216p\0105\351"
  87      B0FF96B5 
  87      ED2FB15E 
  87      A18E7008 
  87      35E9
  88 0086 BFF2266F 		.ascii	"\277\362&o\330\354\267\261:\254\353]\314N\326#\254\343"
  88      D8ECB7B1 
  88      3AACEB5D 
  88      CC4ED623 
  88      ACE3
ARM GAS  /tmp/ccNRuzo5.s 			page 6


  89 0098 5D9EFB71 		.ascii	"]\236\373q\274%\261\023\233\210\035IA\256\211\345\366"
  89      BC25B113 
  89      9B881D49 
  89      41AE89E5 
  89      F6
  90 00a9 8B844FD0 		.ascii	"\213\204O\320\011\221/\320\333R\334\272s\376|J\255\032"
  90      09912FD0 
  90      DB52DCBA 
  90      73FE7C4A 
  90      AD1A
  91 00bb D3328D93 		.ascii	"\3232\215\223\222\220\303n\302g`\330\247\3002p\261\315"
  91      9290C36E 
  91      C26760D8 
  91      A7C03270 
  91      B1CD
  92 00cd B10D165B 		.ascii	"\261\015\026[\007i\006\254\337}\343\343\255I\006\374"
  92      076906AC 
  92      DF7DE3E3 
  92      AD4906FC 
  93 00dd 61961A16 		.ascii	"a\226\032\026.\001\237\003\227\231\023W\330p\300\251"
  93      2E019F03 
  93      97991357 
  93      D870C0A9 
  94 00ed 776E5FB7 		.ascii	"wn_\267~\006\011\236Z\032\300\017\217\262QtD\222c\204"
  94      7E06099E 
  94      5A1AC00F 
  94      8FB25174 
  94      44926384 
  95 0101 11C35A0A 		.ascii	"\021\303Z\012%\225\324\252\211\261\314\206\314\333\""
  95      2595D4AA 
  95      89B1CC86 
  95      CCDB22
  96 0110 9352F6B9 		.ascii	"\223R\366\2715\214\252![\210VB\253\314\337x_,\015\247"
  96      358CAA21 
  96      5B885642 
  96      ABCCDF78 
  96      5F2C0DA7 
  97 0124 F3C6D2AF 		.ascii	"\363\306\322\257mo%\21483\351\344\362l[\211&4\243\246"
  97      6D6F258C 
  97      3833E9E4 
  97      F26C5B89 
  97      2634A3A6 
  98 0138 2C7B9447 		.ascii	",{\224G\255\204\332\220K\247\207\365\015\361\3528\232"
  98      AD84DA90 
  98      4BA787F5 
  98      0DF1EA38 
  98      9A
  99 0149 50DA73F8 		.ascii	"P\332s\370\234y\333\036K5dC\356\347\253\264?\372p\273"
  99      9C79DB1E 
  99      4B356443 
  99      EEE7ABB4 
  99      3FFA70BB 
 100 015d 6A25524C 		.ascii	"j%RL\221\321\351Q\235N51\244\265r2\304Eh\317\313\013"
 100      91D1E951 
 100      9D4E3531 
 100      A4B57232 
 100      C44568CF 
ARM GAS  /tmp/ccNRuzo5.s 			page 7


 101 0173 C5CC96DD 		.ascii	"\305\314\226\335\204'\221\364\314Oww(\250\221\261t\206"
 101      842791F4 
 101      CC4F7777 
 101      28A891B1 
 101      7486
 102 0185 48D37EC1 		.ascii	"H\323~\301\274r\263'HpN\335\237\002\031%<!\017\266\022"
 102      BC72B327 
 102      48704EDD 
 102      9F021925 
 102      3C210FB6 
 103 019a FCC4224D 		.ascii	"\374\304\"Md,;\231\204a7\342\037\324S\236\242VB\360"
 103      642C3B99 
 103      846137E2 
 103      1FD4539E 
 103      A25642F0 
 104 01ae 9663C108 		.ascii	"\226c\301\010\364\221j\230@\375w\004\241\375u\014\265"
 104      F4916A98 
 104      40FD7704 
 104      A1FD750C 
 104      B5
 105 01bf 27349825 		.ascii	"'4\230%^oG\362\275\242\363\360\275\325{\256;\356\004"
 105      5E6F47F2 
 105      BDA2F3F0 
 105      BDD57BAE 
 105      3BEE04
 106 01d2 7478442F 		.ascii	"txD/\001zI\250\273;@\336\257\241[G\217\247\227g\240"
 106      017A49A8 
 106      BB3B40DE 
 106      AFA15B47 
 106      8FA79767 
 107 01e7 C67EADFC 		.ascii	"\306~\255\374\302\235$b\020\023\343\376Ux\237\222\356"
 107      C29D2462 
 107      1013E3FE 
 107      55789F92 
 107      EE
 108 01f8 D1D2C0C1 		.ascii	"\321\322\300\301)n\233\213\177^]N\376\302\327f\316\275"
 108      296E9B8B 
 108      7F5E5D4E 
 108      FEC2D766 
 108      CEBD
 109 020a FEBBC4D6 		.ascii	"\376\273\304\3263y\202\\D{\353\307\305\337V\036\260"
 109      3379825C 
 109      447BEBC7 
 109      C5DF561E 
 109      B0
 110 021b 286E3154 		.ascii	"(n1T\342~\024q?\216\262\035\217o4\025\217H\276\033\003"
 110      E27E1471 
 110      3F8EB21D 
 110      8F6F3415 
 110      8F48BE1B 
 111 0230 4E5F5EFC 		.ascii	"N_^\374n\213\212{t\365\324\010u;\024_\202c\270\255\257"
 111      6E8B8A7B 
 111      74F5D408 
 111      753B145F 
 111      8263B8AD 
 112 0245 036BE0B0 		.ascii	"\003k\340\260\357?\370\346Vr\007g\374\325\030\007\353"
 112      EF3FF8E6 
ARM GAS  /tmp/ccNRuzo5.s 			page 8


 112      56720767 
 112      FCD51807 
 112      EB
 113 0256 4003B8D6 		.ascii	"@\003\270\326.\367+\016^\355t\363\306\362\205\367F\036"
 113      2EF72B0E 
 113      5EED74F3 
 113      C6F285F7 
 113      461E
 114 0268 3A7BD6FC 		.ascii	":{\326\374u\341\353;k\017\237\\|\305\334l\377I\2608"
 114      75E1EB3B 
 114      6B0F9F5C 
 114      7CC5DC6C 
 114      FF49B038 
 115 027c 0A2B60BE 		.ascii	"\012+`\276\370\030+\014\271\012|\301\263\251\211\011"
 115      F8182B0C 
 115      B90A7CC1 
 115      B3A98909 
 116 028c B7AEE7DC 		.ascii	"\267\256\347\334z\024\346<\367\360sO\345<\177\372\360"
 116      7A14E63C 
 116      F7F0734F 
 116      E53C7FFA 
 116      F0
 117 029d 13CFFB87 		.ascii	"\023\317\373\207\202\231Z\241v\302-V\302\260RfW+\271"
 117      82995AA1 
 117      76C22D56 
 117      C2B05266 
 117      572BB9
 118 02b0 F55AD15D 		.ascii	"\365Z\321]8\356/D\301|\020\235\360\347+\345Y\177\266"
 118      38EE2F44 
 118      C17C109D 
 118      F0E72BE5 
 118      597FB6
 119 02c3 14F933C1 		.ascii	"\024\3713\301\254_*\353\240P\236(\332\007&\247\323\373"
 119      AC5F2AEB 
 119      A0509E28 
 119      DA0726A7 
 119      D3FB
 120 02d5 F6ECA5A1 		.ascii	"\366\354\245\241\351}O>\376\254S\250\205\307\036\313"
 120      E97D4F3E 
 120      FEAC53A8 
 120      85C71ECB 
 121 02e5 86136121 		.ascii	"\206\023a!(\357\322\365\352\256\243U\332\302lQ\351x"
 121      28EFD2F5 
 121      EAAEA355 
 121      DAC26C51 
 121      E978
 122 02f7 36CCE5E8 		.ascii	"6\314\345\350A\377\376\214C\323\207\236\236<\260\327"
 122      41FFFE8C 
 122      43D3879E 
 122      9E3CB0D7 
 123 0307 0DCB915B 		.ascii	"\015\313\221[t\243\260\352\352\240:_\011\347\012nT\253"
 123      74A3B0EA 
 123      EAA03A5F 
 123      09E70A6E 
 123      54AB
 124 0319 5483E2EE 		.ascii	"T\203\342\356=\331\270\370\205G\262\013\365\231\254"
 124      3DD9B8F8 
ARM GAS  /tmp/ccNRuzo5.s 			page 9


 124      8547B20B 
 124      F599AC
 125 0328 2E1D9B0B 		.ascii	".\035\233\013\242\354\321\227\334B\265J\317\374\337"
 125      A2ECD197 
 125      DC42B54A 
 125      CFFCDF
 126 0337 C7A37F00 		.ascii	"\307\243\177\000\372\323K9"
 126      FAD34B39 
 127              		.text
 128              		.section	.gnu.lto_.symtab.8a059dc0e4f91e0,"e",%progbits
 129 0000 5F75785F 		.ascii	"_ux_utility_long_get_big_endian\000"
 129      7574696C 
 129      6974795F 
 129      6C6F6E67 
 129      5F676574 
 130 0020 00       		.ascii	"\000"
 131 0021 00       		.ascii	"\000"
 132 0022 00       		.ascii	"\000"
 133 0023 00000000 		.ascii	"\000\000\000\000\000\000\000\000"
 133      00000000 
 134 002b C8000000 		.ascii	"\310\000\000\000"
 135              		.text
 136              		.section	.gnu.lto_.ext_symtab.8a059dc0e4f91e0,"e",%progbits
 137 0000 01       		.ascii	"\001"
 138 0001 01       		.ascii	"\001"
 139 0002 00       		.ascii	"\000"
 140              		.text
 141              		.section	.gnu.lto_.opts,"e",%progbits
 142 0000 272D666E 		.ascii	"'-fno-openmp' '-fno-openacc' '-fno-pie' '-fcf-prote"
 142      6F2D6F70 
 142      656E6D70 
 142      2720272D 
 142      666E6F2D 
 143 0033 6374696F 		.ascii	"ction=none' '-mcpu=cortex-m33' '-mthumb' '-mfpu=fpv"
 143      6E3D6E6F 
 143      6E652720 
 143      272D6D63 
 143      70753D63 
 144 0066 342D7370 		.ascii	"4-sp-d16' '-mfloat-abi=hard' '-mlibarch=armv8-m.mai"
 144      2D643136 
 144      2720272D 
 144      6D666C6F 
 144      61742D61 
 145 0099 6E2B6473 		.ascii	"n+dsp+fp' '-march=armv8-m.main+dsp+fp' '-Os' '-flto"
 145      702B6670 
 145      2720272D 
 145      6D617263 
 145      683D6172 
 146 00cc 2720272D 		.ascii	"' '-fdata-sections' '-ffunction-sections' '-Xassemb"
 146      66646174 
 146      612D7365 
 146      6374696F 
 146      6E732720 
 147 00ff 6C657227 		.ascii	"ler' '-a' '-Xassembler' '-ad' '-Xassembler' '-alms="
 147      20272D61 
 147      2720272D 
 147      58617373 
ARM GAS  /tmp/ccNRuzo5.s 			page 10


 147      656D626C 
 148 0132 6275696C 		.ascii	"build/../sdk/stm32/STM32_USBX_Library/common/core/s"
 148      642F2E2E 
 148      2F73646B 
 148      2F73746D 
 148      33322F53 
 149 0165 72632F75 		.ascii	"rc/ux_utility_long_get_big_endian.lst'\000"
 149      785F7574 
 149      696C6974 
 149      795F6C6F 
 149      6E675F67 
 150              		.text
 151              		.comm	__gnu_lto_slim,1,1
 152              		.ident	"GCC: (15:10.3-2021.07-4) 10.3.1 20210621 (release)"
ARM GAS  /tmp/ccNRuzo5.s 			page 11


DEFINED SYMBOLS
                            *ABS*:0000000000000000 ux_utility_long_get_big_endian.c
                            *COM*:0000000000000001 __gnu_lto_slim

NO UNDEFINED SYMBOLS
