ARM GAS  /tmp/ccDWHwAb.s 			page 1


   1              		.cpu cortex-m33
   2              		.eabi_attribute 27, 1
   3              		.eabi_attribute 28, 1
   4              		.eabi_attribute 20, 1
   5              		.eabi_attribute 21, 1
   6              		.eabi_attribute 23, 3
   7              		.eabi_attribute 24, 1
   8              		.eabi_attribute 25, 1
   9              		.eabi_attribute 26, 1
  10              		.eabi_attribute 30, 4
  11              		.eabi_attribute 34, 1
  12              		.eabi_attribute 18, 4
  13              		.file	"ux_utility_memory_free.c"
  14              		.section	.gnu.lto_.profile.f56ab4c2f72a6d3c,"e",%progbits
  15 0000 789C6362 		.ascii	"x\234cb\000\001\000\000\022\000\003"
  15      00010000 
  15      120003
  16              		.text
  17              		.section	.gnu.lto_.icf.f56ab4c2f72a6d3c,"e",%progbits
  18 0000 789CE360 		.ascii	"x\234\343`@\000F\206\331w_?\340e\000\000\017\025\003"
  18      40004686 
  18      D9775F3F 
  18      E0650000 
  18      0F1503
  19 0013 5A       		.ascii	"Z"
  20              		.text
  21              		.section	.gnu.lto_.ipa_sra.f56ab4c2f72a6d3c,"e",%progbits
  22 0000 789CE367 		.ascii	"x\234\343g@\000F \204R \010\000\001\340\000\026"
  22      40004620 
  22      84522008 
  22      0001E000 
  22      16
  23              		.text
  24              		.section	.gnu.lto_.inline.f56ab4c2f72a6d3c,"e",%progbits
  25 0000 789C9BC0 		.ascii	"x\234\233\300\200\000\214\014\014\032\015\347NL`Ngd"
  25      80008C0C 
  25      0C1A0DE7 
  25      4E4C604E 
  25      6764
  26 0012 66285CC2 		.ascii	"f(\\\302\3140\211y\0113##H\252\000\310c\334\002b2\002"
  26      CC308979 
  26      09332323 
  26      48AA00C8 
  26      63DC0262 
  27 0028 5940C0C6 		.ascii	"Y@\300\306\300\320\330\320\320P\007d\201h\246\024&\006"
  27      C0D0D8D0 
  27      D0500764 
  27      8168A614 
  27      2606
  28 003a 26069606 		.ascii	"&\006\226\0060\223A\200\201\351\304\327Gg\231\223X\030"
  28      30934180 
  28      81E9C4D7 
  28      47679993 
  28      5818
  29 004c 04581898 		.ascii	"\004X\030\230\367\237\331}\012\310\006\31231h.<v\270"
  29      F79FD97D 
  29      0AC806CA 
ARM GAS  /tmp/ccDWHwAb.s 			page 2


  29      3331682E 
  29      3C76B8
  30 005f 81398D85 		.ascii	"\2019\215\205\201\005h\010\013/\003\003\007\0033\224"
  30      81056808 
  30      0B2F0303 
  30      07033394 
  31 006f C582C662 		.ascii	"\305\202\306b\000\000#\220\033\010"
  31      00002390 
  31      1B08
  32              		.text
  33              		.section	.gnu.lto_.jmpfuncs.f56ab4c2f72a6d3c,"e",%progbits
  34 0000 789C5BC0 		.ascii	"x\234[\300\200\000\214\014\214\214\214\365K\230\031"
  34      80008C0C 
  34      8C8C8CF5 
  34      4B9819
  35 000f D8982631 		.ascii	"\330\230&1/afbdb`<\300\302\310\004\304\014\014P!\016"
  35      2F616662 
  35      6462603C 
  35      C0C2C804 
  35      C40C0C50 
  36 0025 B01007B2 		.ascii	"\260\020\007\262\220$XH\022,\304\306\304\270\205\021"
  36      90245848 
  36      122CC4C6 
  36      C4B88511 
  37 0035 5917E356 		.ascii	"Y\027\343VFd\035\214\333\030\311V\315\000\000\345\035"
  37      46641D8C 
  37      DB18C956 
  37      CD0000E5 
  37      1D
  38 0046 1865     		.ascii	"\030e"
  39              		.text
  40              		.section	.gnu.lto_.pureconst.f56ab4c2f72a6d3c,"e",%progbits
  41 0000 789C6361 		.ascii	"x\234ca```d\230\305\002\000\001d\000\244"
  41      60606064 
  41      98C50200 
  41      016400A4 
  42              		.text
  43              		.section	.gnu.lto_.lto.f56ab4c2f72a6d3c,"e",%progbits
  44 0000 09000400 		.ascii	"\011\000\004\000\001\000\000\000"
  44      01000000 
  45              		.text
  46              		.section	.gnu.lto__ux_utility_memory_free.3.f56ab4c2f72a6d3c,"e",%progbits
  47 0000 789C7D53 		.ascii	"x\234}S]L\034U\024\276\347\336\231\331\237\331.\210"
  47      5D4C1C55 
  47      14BEE7DE 
  47      99D99FD9 
  47      2E88
  48 0012 7FA98909 		.ascii	"\177\251\211\011\232\030\243v\231\226\246Q\023\037\032"
  48      9A18A376 
  48      9996A651 
  48      131F1A
  49 0021 DF4C343E 		.ascii	"\337L4>\264&}\333\300\262M6\260\354fXly\352, 4\360\300"
  49      B4267DDB 
  49      C0B24D36 
  49      B0EC6658 
  49      6C79EA2C 
  50 0039 2E2D9522 		.ascii	".-\225\"`2]\352\242\246\"m\225\225\032I\260Y-\245\320"
ARM GAS  /tmp/ccDWHwAb.s 			page 3


  50      60325DEA 
  50      A2A6226D 
  50      95951A49 
  50      B0592DA5 
  51 004e 26B5DA50 		.ascii	"&\265\332P\265\2206`b\2455$\220\220\342\271\367\316"
  51      B5903660 
  51      62A53524 
  51      9090E2B9 
  51      F7CE
  52 0060 2E8D4127 		.ascii	".\215A'\231;\367\234\373}\347|\367\2343\317\250\204"
  52      993BF79C 
  52      FB7DE77C 
  52      F79C33CF 
  52      A884
  53 0072 D88490EB 		.ascii	"\330\204\220\353\370\3026\002\335\351\016J,\313\332"
  53      F8C23602 
  53      DDE90E4A 
  53      2CCBDA
  54 0081 EBA2B425 		.ascii	"\353\242\264%\335I\341[\370\345\314\334\353\312\311"
  54      DD49E15B 
  54      F8E5CCDC 
  54      EBCAC9
  55 0090 D43C7C72 		.ascii	"\324<|r\365\224\2460\332\232\326g\254\351\327\224^t"
  55      F594A630 
  55      DA9AD667 
  55      ACE9D794 
  55      5E74
  56 00a2 7DB931EA 		.ascii	"}\2711\352R\024\332\236\326\305\341\007i\277@\253\264"
  56      5214DA9E 
  56      D6C5E107 
  56      69BF40AB 
  56      B4
  57 00b3 2DADF79D 		.ascii	"-\255\367\235\275\273C\351C\320\335\313'\037W4\016\272"
  57      BDBB43E9 
  57      43D0DDCB 
  57      271F5734 
  57      0EBA
  58 00c5 965C7D5E 		.ascii	"\226\\}^\270\316<l\177VqA\177\267}\177j\310+\362\271"
  58      B8CE3C6C 
  58      7F567141 
  58      7FB77D7F 
  58      6AC82BF2 
  59 00da 85B538E4 		.ascii	"\205\2658\344\022\226GX\017\2074ay\351G\251Q\300m\271"
  59      12964758 
  59      0F873461 
  59      79E947A9 
  59      51C06DB9 
  60 00ee D28F6CB1 		.ascii	"\322\217l\261\3219\3429\251\325\007\311\264\214\002"
  60      D139E239 
  60      A9D507C9 
  60      B48C02
  61 00fd E408658A 		.ascii	"\344\010e\212\252\271\334\036\257\356\203#p\214\275"
  61      AAB9DC1E 
  61      AFEE8323 
  61      708CBD
  62 010c 8407AB17 		.ascii	"\204\007\253\027\007\007\027\300\312N@\206\0212\210"
  62      070717C0 
ARM GAS  /tmp/ccDWHwAb.s 			page 4


  62      CA4E4086 
  62      113288
  63 011b AF78FA19 		.ascii	"\257x\372\031t\263\014\003P\234\035\205r\334\261V /"
  63      74B30C03 
  63      509C1D85 
  63      72DCB156 
  63      202F
  64 012d 4E58D6EC 		.ascii	"NX\326\354\364\230eyH\2061\370\032\220\004_\001\234"
  64      F4986579 
  64      488631F8 
  64      1A90045F 
  64      019C
  65 013f 07C21D92 		.ascii	"\007\302\035\222\314:\201\177^@\354\362g\223\235\376"
  65      CC3A817F 
  65      5E40ECF2 
  65      67939DFE 
  66 014f 54D29D61 		.ascii	"T\322\235a\012\344\036\005;\310\276\"rd\270\245\335"
  66      0AE41E05 
  66      3BC8BE22 
  66      7264B8A5 
  66      DD
  67 0160 2A6D2DE7 		.ascii	"*m-\347\310\361\177!5\002\027\000\276\001G\":\251t|"
  67      C8F17F21 
  67      35021700 
  67      BE014722 
  67      3AA9747C 
  68 0174 714D9DB0 		.ascii	"qM\235\260\3267\272,kc\373\355\376\222\247\000E\250"
  68      D637BA2C 
  68      6B63FBED 
  68      FE92A700 
  68      45A8
  69 0186 14178DE1 		.ascii	"\024\027\215\341\342R\370\242r\237\206\213\333\305w"
  69      E252F8A2 
  69      729F868B 
  69      DBC577
  70 0195 6EBE70F5 		.ascii	"n\276p\365X*\030\003?\017]\312qe\204g ]\214l\340\303"
  70      582A1803 
  70      3F0F5DCA 
  70      71658467 
  70      205D8C6C 
  71 01ab C09A2024 		.ascii	"\300\232 $\305\2504\222h,A\353\322\344\331\343\275\274"
  71      C5A83492 
  71      682C41EB 
  71      D2E4D9E3 
  71      BDBC
  72 01bd FB36D379 		.ascii	"\3736\323ya\024\251\017q,\2772?-q\367\240e\264-?\274"
  72      6114A90F 
  72      712CBF32 
  72      3F2D71F7 
  72      A065B42D 
  73 01d3 DF667E07 		.ascii	"\337f~\007\006\260\212QJ\360\244\271\267\363\257\341"
  73      06B08A51 
  73      4AF0A4B9 
  73      B7F3AFE1 
  74 01e3 376C064E 		.ascii	"7l\006Ne=\260\316ON\363\346a\221\274H\200\011pr\231"
  74      653DB0CE 
  74      4F4EF3E6 
ARM GAS  /tmp/ccDWHwAb.s 			page 5


  74      6191BC48 
  74      80097072 
  75 01f8 B60479E1 		.ascii	"\266\004y\341\336-N\227\231\224\341\343\243\275\205"
  75      DE2D4E97 
  75      9994E1E3 
  75      A3BD85
  76 0207 4CCDEBED 		.ascii	"L\315\353\355\224\330\254\024\221\234\26389\336\223"
  76      94D8AC14 
  76      919CB338 
  76      39DE93
  77 0216 95FA4A39 		.ascii	"\225\372J9\323U\324\247~x\364\323e\312Y\200\254\023"
  77      D355D4A7 
  77      7E78F4D3 
  77      65CA5980 
  77      AC13
  78 0228 6B376CDD 		.ascii	"k7l\335f\324Q\241\213.\264\002\305m\026K|\232\327Q\203"
  78      66D451A1 
  78      8B2EB402 
  78      C56D164B 
  78      7C9AD751 
  79 023d 8B00DF83 		.ascii	"\213\000\337\203\3102\273\224\307\220\314\201k\002."
  79      C832BB94 
  79      C790CC81 
  79      6B022E
  80 024c 34670319 		.ascii	"4g\003\031\346\303@\220\027\276\235\362\032\333\340"
  80      E6C34090 
  80      17BE9DF2 
  80      1ADBE0
  81 025b 0718E0AD 		.ascii	"\007\030\340\255\252D{1\017\\\310\217\000/s)\342f\343"
  81      AA447B31 
  81      0F5CC88F 
  81      002F7329 
  81      E266E3
  82 026e 3DEF6238 		.ascii	"=\357b8\024\351\250\323>\377\370\217$-\334i677\277\313"
  82      14E9A8D3 
  82      3EFFF88F 
  82      242DDC69 
  82      363737BF 
  83 0283 664A21C9 		.ascii	"fJ!\311\342\216\255\223Lm&\311\312$\227\001^)&\371\256"
  83      E28EAD93 
  83      4C6D26C9 
  83      CA249701 
  83      5E2926F9 
  84 0298 E70AA650 		.ascii	"\347\012\246P6\263\270f\232\027\317\201\310\262\014"
  84      36B3B866 
  84      9A17CF81 
  84      C8B20C
  85 02a7 6DBF6F5C 		.ascii	"m\277o\\z\202\210;\373\007\261z\204\337\254\004\250"
  85      7A82883B 
  85      FB07B17A 
  85      84DFAC04 
  85      A8
  86 02b8 FCB8E567 		.ascii	"\374\270\345g{F\220S\314=p{dO\221\231\233\362?\312\204"
  86      7B469053 
  86      CC3D707B 
  86      644F9199 
  86      9BF23FCA 
ARM GAS  /tmp/ccDWHwAb.s 			page 6


  87 02cd 19805980 		.ascii	"\031\200Y\200\253P@{\306:\006*\213\350\225)\337\377"
  87      AB50407B 
  87      C63A062A 
  87      8BE89529 
  87      DFFF
  88 02df A2BD37D3 		.ascii	"\242\2757\323\227\026\240p\371\007c\371\277\231\274"
  88      9716A070 
  88      F90763F9 
  88      BF99BC
  89 02ee 36DD1C08 		.ascii	"6\335\034\010.Gu\306@L\321\215\334\001\233\2259\015"
  89      2E4775C6 
  89      404CD18D 
  89      DC019B95 
  89      390D
  90 0300 794CCE97 		.ascii	"yL\316\227d=\235\341w\326\341'\331\272\013\271+\247"
  90      643D9DE1 
  90      77D6E127 
  90      D9BA0BB9 
  90      2BA7
  91 0312 549BA985 		.ascii	"T\233\251\205bb\345\312\260$0\011\304)\244\027~\306"
  91      6262E5CA 
  91      B0243009 
  91      C429A417 
  91      7EC6
  92 0324 42F249C1 		.ascii	"B\362I\301\311=\327\266\202h\315\346 \277\0340\354\274"
  92      C93DD7B6 
  92      8268CDE6 
  92      20BF1C30 
  92      ECBC
  93 0336 0B5DFCB4 		.ascii	"\013]\374\264\277\355\016\236\2721\034\372\370\351r"
  93      BFED0E9E 
  93      BA311CFA 
  93      F8E972
  94 0345 C76FB911 		.ascii	"\307o\271\021(NC\311\026\301o\312\340H\023r\326f\026"
  94      284E43C9 
  94      16C16FCA 
  94      E0481372 
  94      D66616
  95 0358 309AE7BF 		.ascii	"0\232\347\277\345(0\207\014*\273xk\262\032\301\\\212"
  95      E5283087 
  95      0C2ABB78 
  95      6BB21AC1 
  95      5C8A
  96 036a 6CA1FEE7 		.ascii	"l\241\376\347\321;\367I\241V'\326\256\037\323\213\311"
  96      D13BF749 
  96      A15627D6 
  96      AE1FD38B 
  96      C9
  97 037b 9FDC22D4 		.ascii	"\237\334\"\324\2572\224\014\220b>\364[\012\247\323\007"
  97      AF32940C 
  97      90623EF4 
  97      5B0AA7D3 
  97      07
  98 038c D0BC57FE 		.ascii	"\320\274W\376\034]\014\244\233\377\361\204\274jD\353"
  98      1C5D0CA4 
  98      9BFFF184 
  98      BC6A44EB 
ARM GAS  /tmp/ccDWHwAb.s 			page 7


  99 039c 1346C848 		.ascii	"\023F\310HD\343FM$^\027\213\326V\031\0113\026\217\204"
  99      44E3464D 
  99      245E178B 
  99      D6561909 
  99      33168F84 
 100 03b0 76EE0A34 		.ascii	"v\356\0124$\242\273+\033\367\004\032\033\252\0035\341"
 100      24A2BB2B 
 100      1BF7041A 
 100      1BAA0335 
 100      E1
 101 03c1 F76B2389 		.ascii	"\367k#\211\300\301CFU<N\336\252\2500\032jj\015\2010"
 101      C0C14346 
 101      553C4EDE 
 101      AAA8301A 
 101      6A6A0D81 
 102 03d6 F6ED7F67 		.ascii	"\366\355\177gwe\360\275}o\036\010\276\035\2516\253\314"
 102      7765F0BD 
 102      7D6F1E08 
 102      BE1DA936 
 102      ABCC
 103 03e8 2623148B 		.ascii	"&#\024\213Fc\365\3701\303F\203\0312\032\017\007\033"
 103      4663F5F8 
 103      31C34683 
 103      19321A0F 
 103      071B
 104 03fa 1391BA48 		.ascii	"\023\221\272H\242)\030\015GcfS\360\240\031\016W\204"
 104      A229180D 
 104      47636653 
 104      F0A0190E 
 104      5784
 105 040c 88264D7F 		.ascii	"\210&M\177}\370p\"X]\027\013\325\006\343\011\323}(f"
 105      7DF87022 
 105      585D170B 
 105      D506E309 
 105      D37D2866 
 106 0420 8ACD3F74 		.ascii	"\212\315?tz\022\310"
 106      7A12C8
 107              		.text
 108              		.section	.gnu.lto_.symbol_nodes.f56ab4c2f72a6d3c,"e",%progbits
 109 0000 789C8B67 		.ascii	"x\234\213g\000\002&\346z\206\377@\300\3148\341\034\003"
 109      000226E6 
 109      7A86FF40 
 109      C0CC38E1 
 109      1C03
 110 0012 433D03C3 		.ascii	"C=\003\303\256\206FF\006F\220\024\003+\013\203\002\220"
 110      AE864646 
 110      06469014 
 110      032B0B83 
 110      0290
 111 0024 6264AD67 		.ascii	"bd\255g\374\017\005\362`e\014\014\015\015\015 5\314"
 111      FC0F05F2 
 111      60650C0C 
 111      0D0D0D20 
 111      35CC
 112 0036 0C4CE79B 		.ascii	"\014L\347\233^ladla\0072\347>\334`\312\270\004\304\332"
 112      5E6C6164 
 112      6C610732 
ARM GAS  /tmp/ccDWHwAb.s 			page 8


 112      E73EDC60 
 112      CAB804C4 
 113 004b D135D788 		.ascii	"\3215\327\210\361\010;\003\000\262\247\035\231"
 113      F1083B03 
 113      00B2A71D 
 113      99
 114              		.text
 115              		.section	.gnu.lto_.refs.f56ab4c2f72a6d3c,"e",%progbits
 116 0000 789C6367 		.ascii	"x\234cg```\004\"v\006\006\000\000x\000\021"
 116      60606004 
 116      22760606 
 116      00007800 
 116      11
 117              		.text
 118              		.section	.gnu.lto_.decls.f56ab4c2f72a6d3c,"e",%progbits
 119 0000 789CAD54 		.ascii	"x\234\255TkL\024W\024\276g\356\254\273\214D\250\254"
 119      6B4C1457 
 119      14BE67EE 
 119      ACBB8C44 
 119      A8AC
 120 0012 D598C6A0 		.ascii	"\325\230\306\240i\003\211\205\305%\255m\3226T\343+*"
 120      69038985 
 120      C525AD6D 
 120      D23654E3 
 120      2B2A
 121 0024 188144FC 		.ascii	"\030\201D\3743\031v\026\331\260\257\316\016*\3755\255"
 121      33197616 
 121      D9B0AFCE 
 121      0E2AFD35 
 121      AD
 122 0035 3469AD44 		.ascii	"4i\255D\213m%\366\001\2461\232\224Zm\200\242\025\213"
 122      8B6D25F6 
 122      01A6319A 
 122      945A6D80 
 122      A2158B
 123 0048 6075955A 		.ascii	"`u\225Z|\241\342\243\250\370X\013\276Q\251\250\364\314"
 123      7CA1E2A3 
 123      A8F8580B 
 123      BE51A9A8 
 123      F4CC
 124 005a CCEE0E2B 		.ascii	"\314\356\016+\232\264\2467{\346\316\236\373\235\357"
 124      9AB4A637 
 124      7BE6CE9E 
 124      FB9DEF
 125 0069 7CF79C7B 		.ascii	"|\367\234{g\242\205\020;%\244\231\0202\210\203\301\371"
 125      67A28510 
 125      3B25A499 
 125      10328883 
 125      C1F9
 126 007b 301ABAC8 		.ascii	"0\032\272\310\022\264\235D_S\207\272\026D\373\003\015"
 126      12B49D44 
 126      5F5387BA 
 126      1644FB03 
 126      0D
 127 008c D01E92D8 		.ascii	"\320\036\222\330\361\031:\223p.F\033\215f\035\302\221"
 127      F1193A93 
 127      702E461B 
ARM GAS  /tmp/ccDWHwAb.s 			page 9


 127      8D661DC2 
 127      91
 128 009d 823680D6 		.ascii	"\2026\200\326\213\266\030\355\021Z\027\332c\264\007"
 128      8BB618ED 
 128      115A17DA 
 128      63B407
 129 00ac 68D7D06E 		.ascii	"h\327\320n\207s\035T\265\240\365\204u\364\241]B\013"
 129      87731D54 
 129      B5A0F584 
 129      75F4A15D 
 129      420B
 130 00be FD0B0D95 		.ascii	"\375\013\015\225\024F\003\213O+$\343\363%\030\004m\""
 130      1446038B 
 130      4F2B24E3 
 130      F3251804 
 130      6D22
 131 00d0 94213645 		.ascii	"\224!6E\033\027\212\0104\202\016\247y\344+\312\034\275"
 131      1B178A08 
 131      34820EA7 
 131      79E42BCA 
 131      1CBD
 132 00e2 B86D5B02 		.ascii	"\270m[\002\327\254(!\245\345\003J \0232\010\354\000"
 132      D7AC2821 
 132      A5E5034A 
 132      20133208 
 132      EC00
 133 00f4 0CDB0EF0 		.ascii	"\014\333\016\3603@\003 ho\317\352\237F\305#\350\246"
 133      33400320 
 133      686FCFEA 
 133      9F46C523 
 133      E8A6
 134 0106 52D3C2C2 		.ascii	"R\323\302\302/\000\365\000u\310\003;A\313[\000j\001"
 134      2F00F500 
 134      75C8033B 
 134      41CB5B00 
 134      6A01
 135 0118 13B43742 		.ascii	"\023\2647B\027\253\304\353vT\0361sZLsy\034\011G\300"
 135      17ABC4EB 
 135      76541E31 
 135      735A4C73 
 135      791C0947 
 136 012d AF8010A4 		.ascii	"\257\200\020\244\336\005\320\244R\227o\270\260\207\275"
 136      DE05D0A4 
 136      52976FB8 
 136      B087BD
 137 013c 04844122 		.ascii	"\004\204A\"V\004\200\223\257\343\203#\213)\261*\214"
 137      56048093 
 137      AFE38323 
 137      8B29B12A 
 137      8C
 138 014d C28C1029 		.ascii	"\302\214\020)\303Q\216\212\\\020&\244\366\321,\013\223"
 138      C3518E8A 
 138      5C1026A4 
 138      F6D12C0B 
 138      93
 139 015e 9AC05936 		.ascii	"\232\300Y6\267B\"g\2620L\310,r\251\017\240\226\251\031"
 139      B7422267 
ARM GAS  /tmp/ccDWHwAb.s 			page 10


 139      B2304CC8 
 139      2C72A90F 
 139      A096A919 
 140 0172 919CA5B0 		.ascii	"\221\234\245\260\342\2521!\263\302\254\311\266ff\341"
 140      E2AA3121 
 140      B3C2ACC9 
 140      B66666E1 
 141 0182 33640E82 		.ascii	"3d\016\202\210Q\013XK\"\276\205\314\\\037\255\251\030"
 141      88510B58 
 141      4B22BE85 
 141      CC5C1FAD 
 141      A918
 142 0194 211E643E 		.ascii	"!\036d>N\201 p\242\335\212U\311\262X&$\264\320\026:"
 142      4E812070 
 142      A2DD8A55 
 142      C9B25826 
 142      24B4D016 
 143 01a9 93108B65 		.ascii	"\223\020\213e\353\2261\\\310\234\200\024\251br\242\230"
 143      EB96315C 
 143      C89C8014 
 143      A96272A2 
 143      98
 144 01ba 9C100493 		.ascii	"\234\020\004\223(r\326T\202\"D\273=\213\341\220\231"
 144      2872D654 
 144      822244BB 
 144      3D8BE190 
 144      99
 145 01cb B504C14E 		.ascii	"\265\004\301N!\336\256\234\357\031\313\001\0277!9\225"
 145      21DEAE9C 
 145      EF19CB01 
 145      17372139 
 145      95
 146 01dc 1091CC64 		.ascii	"\020\221\314d\220\227\016F\006\2301\247h\374\005H\345"
 146      90970E46 
 146      069831A7 
 146      68FC0548 
 146      E5
 147 01ed 183B43E7 		.ascii	"\030;C\347\206\314\330P&\231\020\205\265\304\307\203"
 147      86CCD850 
 147      26991085 
 147      B5C4C783 
 148 01fd 82531C3F 		.ascii	"\202S\034?W\\`\347H\310\314\340\222\225\005\205\001"
 148      575C60E7 
 148      48C8CCE0 
 148      92950585 
 148      01
 149 020e 23921B41 		.ascii	"#\222\033A \322i\265\362\004\324\237\376 \352\03724"
 149      20D269B5 
 149      F204D49F 
 149      FE20EA1F 
 149      3234
 150 0220 8BE65791 		.ascii	"\213\346W\221XW\320\217K\304\033\235\302\357:@\347a"
 150      5857D08F 
 150      4BC41B9D 
 150      C2EF3A40 
 150      E761
 151 0232 22092092 		.ascii	"\"\011 \222\204\204W\207\220\033\032\302:\"<\221<C4"
ARM GAS  /tmp/ccDWHwAb.s 			page 11


 151      84845787 
 151      901B1AC2 
 151      3A223C91 
 151      3C4334
 152 0245 1A5AB1C3 		.ascii	"\032Z\261\303z\022fh\214\026\027#\334\240$QZ2d\3438"
 152      7A126668 
 152      8C161723 
 152      DCA02451 
 152      5A3264E3 
 153 025a F0D8D4DD 		.ascii	"\360\330\324\335\335U\037\177\031\313\246<\254\350\245"
 153      DD551F7F 
 153      19CBA63C 
 153      ACE8A5
 154 0269 306A4D16 		.ascii	"0jM\026\001\252\200\272t\265\277\274'\201U\301K\300"
 154      01AA80BA 
 154      74B5BFBC 
 154      278155C1 
 154      4BC0
 155 027b A7DD0946 		.ascii	"\247\335\011F\273\023\211\2706p\261n\0053\026\243z\025"
 155      BB1389B8 
 155      3670B16E 
 155      053316A3 
 155      7A15
 156 028d C50AC5B0 		.ascii	"\305\012\305\260\027\34075\343>L\266\0074\346\357?="
 156      17E03735 
 156      E33E4CB6 
 156      0734E6EF 
 156      3F3D
 157 029f BF3B6E52 		.ascii	"\277;nRU\225\322\177k\345\261\326\224[\215\212\362\021"
 157      5595D27F 
 157      6BE5B1D6 
 157      945B8D8A 
 157      F211
 158 02b1 06585410 		.ascii	"\006XT\020\264\002\236]MH+F\264\000\354\306\343\276"
 158      B4029E5D 
 158      4D482B46 
 158      B400ECC6 
 158      E3BE
 159 02c3 9E51E3D6 		.ascii	"\236Q\343\326\206\016t\202\226\266\031\300\207\216\246"
 159      860E7482 
 159      96B619C0 
 159      878EA6
 160 02d2 EFBA6E8C 		.ascii	"\357\272n\214\2128\016\250g\375JS\350KS\304\323\246"
 160      8A380EA8 
 160      67FD4A53 
 160      E84B53C4 
 160      D3A6
 161 02e4 7A0E6F6C 		.ascii	"z\016oljHx\212\236\203\310\376\273\256g\357\211u\357"
 161      6A48788A 
 161      9E83C8FE 
 161      BBAE67EF 
 161      8975EF
 162 02f7 4CAA5294 		.ascii	"L\252R\224\376\343k\277i\343\276VZ\030\\\205\375Q!\373"
 162      FEE36BBF 
 162      69E3BE56 
 162      5A185C85 
 162      FD5121FB 
ARM GAS  /tmp/ccDWHwAb.s 			page 12


 163 030b B589DE62 		.ascii	"\265\211\336b\364\373\237H\037\206\337,\264\222\022"
 163      F4FB9F48 
 163      1F86DF2C 
 163      B49212
 164 031a BA89126D 		.ascii	"\272\211\022m\367\315\204\006\251\312W\177\375\341V"
 164      F7CD8406 
 164      A9CA577F 
 164      FDE156
 165 0329 13A784EF 		.ascii	"\023\247\204\357%\342\"W\371\004\346\264A\006\355\306"
 165      25E22257 
 165      F904E6B4 
 165      4106EDC6 
 166 0339 A87B682B 		.ascii	"\250{h+YB7\260jtJ\364v\247\340v\033Y\225\246b\307\212"
 166      594237B0 
 166      6A744AF4 
 166      76A7E076 
 166      1B5995A6 
 167 0350 8E91C3AF 		.ascii	"\216\221\303\257\367\237\200\030\274\336g\001\316\000"
 167      F79F8018 
 167      BCDE6701 
 167      CE00
 168 035e DDC5EA52 		.ascii	"\335\305\352R\254\232\204\032\240\235jl|\335\027\233"
 168      AC9A841A 
 168      A09D6A6C 
 168      7CDD179B 
 169 036e 76D297D5 		.ascii	"v\322\227\325\221\204\004\375\015W\016\335I\332\202"
 169      918404FD 
 169      0D570EDD 
 169      49DA82
 170 037d 75FE641C 		.ascii	"u\376d\034~O\340$\300U\343\003sD}\324\003Q3\255\252"
 170      7E4FE024 
 170      C055E303 
 170      73447DD4 
 170      035133AD 
 171 0392 AE3F0F4A 		.ascii	"\256?\017Je\006t\001\234\216A\331\320\246\250\230\255"
 171      65067401 
 171      9C8E41D9 
 171      D0A6A898 
 171      AD
 172 03a3 9BABDF0B 		.ascii	"\233\253\337\013bu\021\321\035\2038\004Q\310j\035\202"
 172      627511D1 
 172      1D833804 
 172      51C86A1D 
 172      82
 173 03b4 BF53C348 		.ascii	"\277S\303H\302\231\326Wo\3273\241\236\316\341z\246\020"
 173      C299D657 
 173      6FD733A1 
 173      9ECEE17A 
 173      A610
 174 03c6 AC5FB9A2 		.ascii	"\254_\271\2424\263\004.\000\234\307\215\237\323P\270"
 174      34B3042E 
 174      009CC78D 
 174      9FD350B8 
 175 03d6 F34B0057 		.ascii	"\363K\000W\000B\000\027\001.\253\275\241\033Mj\301\252"
 175      00420017 
 175      012EABBD 
 175      A11B4D6A 
ARM GAS  /tmp/ccDWHwAb.s 			page 13


 175      C1AA
 176 03e8 1B3EBC3B 		.ascii	"\033>\274;*iX\334_\317\214\303\230\256\356\232\355f"
 176      2A6958DC 
 176      5FCF8CC3 
 176      98AEEE9A 
 176      ED66
 177 03fa E3BBDB63 		.ascii	"\343\273\333c\310\350\325\017\307\235`\3259\030\255"
 177      C8E8D50F 
 177      C79D60D5 
 177      3918AD
 178 0409 93D630E8 		.ascii	"\223\3260\350\205\016\320%^\003\255\243\204n7\351=\030"
 178      850ED025 
 178      5E03ADA3 
 178      846E37E9 
 178      3D18
 179 041b A71F03A0 		.ascii	"\247\037\003\240\00749\355\227;\332L\006\365A\203\372"
 179      073439ED 
 179      973BDA4C 
 179      06F54183 
 179      FA
 180 042c B6461DDF 		.ascii	"\266F\035\337\361c\325F6\332\244\233\247\253\233\364"
 180      F163D546 
 180      36DAA49B 
 180      A7AB9BF4 
 181 043c 8ADC06B8 		.ascii	"\212\334\006\270\005\320\377De\261n\352\221\332_}5N"
 181      05D0FF44 
 181      65B16EEA 
 181      91DA5F7D 
 181      354E
 182 044e 055D0338 		.ascii	"\005]\0038\256\201\"r\242\015\272\331\026i\"\326\377"
 182      AE812272 
 182      A20DBAD9 
 182      166922D6 
 182      FF
 183 045f 580CD111 		.ascii	"X\014\321\021\243E\247\242-:<<\227\016\351\214B\216"
 183      A345A7A2 
 183      2D3A3C3C 
 183      970EE98C 
 183      428E
 184 0471 0E67D1E5 		.ascii	"\016g\321\345\204+}\023\340\006V\343\272\006\303J\367"
 184      842B7D13 
 184      E00656E3 
 184      BA06C34A 
 184      F7
 185 0482 01DC05B8 		.ascii	"\001\334\005\270\017p\017\340\216\326\241^\255$\335"
 185      0F700FE0 
 185      8ED6A15E 
 185      AD24DD
 186 0491 83076A69 		.ascii	"\203\007ji\322\260\270\277\237\031\2071\327\224\037"
 186      D2B0B8BF 
 186      9F198731 
 186      D7941F
 187 04a0 6AC128E3 		.ascii	"j\301(\343\003C\307\200\336\241\312\236cg\230WN\342"
 187      0343C780 
 187      DEA1CA9E 
 187      63679857 
 187      4EE2
ARM GAS  /tmp/ccDWHwAb.s 			page 14


 188 04b2 313F7363 		.ascii	"1?sck\375\253-+jf\343\022\264k\214\021l\273\216\375"
 188      6BFDAB2D 
 188      2B6A66E3 
 188      12B46B8C 
 188      116CBB8E 
 189 04c7 B6B6BD36 		.ascii	"\266\266\2756\316 \3532\000\217t@EG\353Yj\000\006\014"
 189      CE20EB32 
 189      008F7440 
 189      4547EB59 
 189      6A00060C 
 190 04db C0631DD0 		.ascii	"\300c\035\320x\377\363}C\344\3544\000\203\252\340\331"
 190      78FFF37D 
 190      43E4EC34 
 190      0083AAE0 
 190      D9
 191 04ec E9E9B680 		.ascii	"\351\351\266\200Xb\013\310\236L\273-7o~\246\235\317"
 191      58620BC8 
 191      9E4CBB2D 
 191      376F7EA6 
 191      9DCF
 192 04fe CF9DB688 		.ascii	"\317\235\266\210\237\347*\224\004\251\314\346\360y<"
 192      9FE72A94 
 192      04A9CCE6 
 192      F0793C
 193 050d 3E2F4E92 		.ascii	">/N\222\323\026\220\034\266\322\345|\251\354r\273\344"
 193      D316901C 
 193      B6D2E57C 
 193      A9EC72BB 
 193      E4
 194 051e 32DEE3F4 		.ascii	"2\336\343\364\370\2442\276Hr:\323\035\226Y\331\371\311"
 194      F8A432BE 
 194      48723AD3 
 194      1D9659D9 
 194      F9C9
 195 0530 D3A74C25 		.ascii	"\323\247L%\246\374\351\263\337]\310\346\317\311\316"
 195      A6FCE9B3 
 195      DF5DC8E6 
 195      CFC9CE
 196 053f B30A9267 		.ascii	"\263\012\222g\351\033i\236t\217\340\362N\026\003\376"
 196      E91B699E 
 196      748FE0F2 
 196      4E1603FE 
 197 054f C9457E32 		.ascii	"\311E~2\022\251d\347\3624Of&\031\313?\235n\252\315\343"
 197      12A964E7 
 197      F2344F66 
 197      2619CB3F 
 197      9D6EAACD 
 198 0564 956D0E9B 		.ascii	"\225m\016\233\354\361\333D\227\337\355\363\224\0106"
 198      ECF1DB44 
 198      97DFEDF3 
 198      940836
 199 0573 59F2F95D 		.ascii	"Y\362\371]\216\214)i\232\326\322\327\322J\003\205i\242"
 199      8E8C2969 
 199      9AD6D2D7 
 199      D24A0385 
 199      69A2
 200 0585 7369894B 		.ascii	"si\211KN+Zf\023\374~2\347\377\332\015\031\247*\013\224"
ARM GAS  /tmp/ccDWHwAb.s 			page 15


 200      4E2B5A66 
 200      13FC7E32 
 200      E7FFDA0D 
 200      19A72A0B 
 201 059a 0564A787 		.ascii	"\005d\247\207wJ\222O\342\213\005\257\350vJo\377\227"
 201      774A924F 
 201      E28B05AF 
 201      E8764A6F 
 201      FF97
 202 05ac 142EEFD0 		.ascii	"\024.\357\320\024\351\305\2043h\307<\231\300\341+\365"
 202      14E9C584 
 202      3368C73C 
 202      99C0E12B 
 202      F5
 203 05bd CA56C3EB 		.ascii	"\312V\303\353\026\002\262\276\224l8\345b\311)\210\274"
 203      1602B2BE 
 203      946C38E5 
 203      62C92988 
 203      BC
 204 05ce DBB7CC89 		.ascii	"\333\267\314\211\253~\311\345\223\220y\274\001\010o"
 204      AB7EC9E5 
 204      939079BC 
 204      01086F
 205 05dd A3B04C76 		.ascii	"\243\260Lv\362~\237\317=\032\227\242\177\370\200,Hr"
 205      F27E9FCF 
 205      3D1A97A2 
 205      7FF8802C 
 205      4872
 206 05ef 52ACCB29 		.ascii	"R\254\313)H\216\342\027c|E\222\260\304\343\364\312\201"
 206      488EE217 
 206      637C4592 
 206      B0C4E3F4 
 206      CA81
 207 0601 58B7B054 		.ascii	"X\267\260Tp\271\205B\267\323\224?/'{\326\370\374E\374"
 207      70B98542 
 207      B7D3943F 
 207      2F277BD6 
 207      F8FC45FC 
 208 0615 FC19F373 		.ascii	"\374\031\363s\026\026\360\323\012\362f\360\013rr\346"
 208      1616F0D3 
 208      0AF266F0 
 208      0B7272E6 
 209 0625 F1B9790B 		.ascii	"\361\271y\013\363\247\347\275\020\233\302\365\276\363"
 209      F3A7E7BD 
 209      109BC2F5 
 209      BEF3
 210 0633 CDE7A89B 		.ascii	"\315\347\250\233\340wa\315\222\236\222&\021}\271\005"
 210      E07761CD 
 210      929E9226 
 210      117DB905 
 211 0643 B97933E6 		.ascii	"\271y3\346\207\023N\034VM\301\355.\024\034%|Q\251\327"
 211      87134E1C 
 211      564DC1ED 
 211      2E141C25 
 211      7C51A9D7 
 212 0657 21BB7CDE 		.ascii	"!\273|\336\270h\310[\317!E\347F5\377\000)\011\216 "
 212      B868C85B 
ARM GAS  /tmp/ccDWHwAb.s 			page 16


 212      CF2145E7 
 212      4635FF00 
 212      29098E20 
 213              		.text
 214              		.section	.gnu.lto_.symtab.f56ab4c2f72a6d3c,"e",%progbits
 215 0000 5F75785F 		.ascii	"_ux_utility_memory_free\000"
 215      7574696C 
 215      6974795F 
 215      6D656D6F 
 215      72795F66 
 216 0018 00       		.ascii	"\000"
 217 0019 00       		.ascii	"\000"
 218 001a 00       		.ascii	"\000"
 219 001b 00000000 		.ascii	"\000\000\000\000\000\000\000\000"
 219      00000000 
 220 0023 C8000000 		.ascii	"\310\000\000\000"
 221 0027 5F75785F 		.ascii	"_ux_system\000"
 221      73797374 
 221      656D00
 222 0032 00       		.ascii	"\000"
 223 0033 02       		.ascii	"\002"
 224 0034 00       		.ascii	"\000"
 225 0035 00000000 		.ascii	"\000\000\000\000\000\000\000\000"
 225      00000000 
 226 003d FC000000 		.ascii	"\374\000\000\000"
 227 0041 5F75785F 		.ascii	"_ux_system_error_handler\000"
 227      73797374 
 227      656D5F65 
 227      72726F72 
 227      5F68616E 
 228 005a 00       		.ascii	"\000"
 229 005b 02       		.ascii	"\002"
 230 005c 00       		.ascii	"\000"
 231 005d 00000000 		.ascii	"\000\000\000\000\000\000\000\000"
 231      00000000 
 232 0065 CE000000 		.ascii	"\316\000\000\000"
 233              		.text
 234              		.section	.gnu.lto_.ext_symtab.f56ab4c2f72a6d3c,"e",%progbits
 235 0000 01       		.ascii	"\001"
 236 0001 01       		.ascii	"\001"
 237 0002 00       		.ascii	"\000"
 238 0003 02       		.ascii	"\002"
 239 0004 01       		.ascii	"\001"
 240 0005 01       		.ascii	"\001"
 241 0006 00       		.ascii	"\000"
 242              		.text
 243              		.section	.gnu.lto_.opts,"e",%progbits
 244 0000 272D666E 		.ascii	"'-fno-openmp' '-fno-openacc' '-fno-pie' '-fcf-prote"
 244      6F2D6F70 
 244      656E6D70 
 244      2720272D 
 244      666E6F2D 
 245 0033 6374696F 		.ascii	"ction=none' '-mcpu=cortex-m33' '-mthumb' '-mfpu=fpv"
 245      6E3D6E6F 
 245      6E652720 
 245      272D6D63 
 245      70753D63 
ARM GAS  /tmp/ccDWHwAb.s 			page 17


 246 0066 342D7370 		.ascii	"4-sp-d16' '-mfloat-abi=hard' '-mlibarch=armv8-m.mai"
 246      2D643136 
 246      2720272D 
 246      6D666C6F 
 246      61742D61 
 247 0099 6E2B6473 		.ascii	"n+dsp+fp' '-march=armv8-m.main+dsp+fp' '-Os' '-flto"
 247      702B6670 
 247      2720272D 
 247      6D617263 
 247      683D6172 
 248 00cc 2720272D 		.ascii	"' '-fdata-sections' '-ffunction-sections' '-Xassemb"
 248      66646174 
 248      612D7365 
 248      6374696F 
 248      6E732720 
 249 00ff 6C657227 		.ascii	"ler' '-a' '-Xassembler' '-ad' '-Xassembler' '-alms="
 249      20272D61 
 249      2720272D 
 249      58617373 
 249      656D626C 
 250 0132 6275696C 		.ascii	"build/../sdk/stm32/STM32_USBX_Library/common/core/s"
 250      642F2E2E 
 250      2F73646B 
 250      2F73746D 
 250      33322F53 
 251 0165 72632F75 		.ascii	"rc/ux_utility_memory_free.lst'\000"
 251      785F7574 
 251      696C6974 
 251      795F6D65 
 251      6D6F7279 
 252              		.text
 253              		.comm	__gnu_lto_slim,1,1
 254              		.ident	"GCC: (15:10.3-2021.07-4) 10.3.1 20210621 (release)"
ARM GAS  /tmp/ccDWHwAb.s 			page 18


DEFINED SYMBOLS
                            *ABS*:0000000000000000 ux_utility_memory_free.c
                            *COM*:0000000000000001 __gnu_lto_slim

NO UNDEFINED SYMBOLS
