ARM GAS  /tmp/ccahKZyp.s 			page 1


   1              		.cpu cortex-m33
   2              		.eabi_attribute 27, 1
   3              		.eabi_attribute 28, 1
   4              		.eabi_attribute 20, 1
   5              		.eabi_attribute 21, 1
   6              		.eabi_attribute 23, 3
   7              		.eabi_attribute 24, 1
   8              		.eabi_attribute 25, 1
   9              		.eabi_attribute 26, 1
  10              		.eabi_attribute 30, 4
  11              		.eabi_attribute 34, 1
  12              		.eabi_attribute 18, 4
  13              		.file	"ux_utility_descriptor_pack.c"
  14              		.text
  15              		.section	.text._ux_utility_descriptor_pack,"ax",%progbits
  16              		.align	1
  17              		.global	_ux_utility_descriptor_pack
  18              		.arch armv8-m.main
  19              		.arch_extension dsp
  20              		.syntax unified
  21              		.thumb
  22              		.thumb_func
  23              		.fpu fpv4-sp-d16
  25              	_ux_utility_descriptor_pack:
  26              		@ args = 0, pretend = 0, frame = 0
  27              		@ frame_needed = 0, uses_anonymous_args = 0
  28 0000 F8B5     		push	{r3, r4, r5, r6, r7, lr}
  29 0002 0446     		mov	r4, r0
  30 0004 0E46     		mov	r6, r1
  31 0006 1D46     		mov	r5, r3
  32 0008 8F18     		adds	r7, r1, r2
  33              	.L2:
  34 000a BE42     		cmp	r6, r7
  35 000c 00D1     		bne	.L9
  36 000e F8BD     		pop	{r3, r4, r5, r6, r7, pc}
  37              	.L9:
  38 0010 16F8013B 		ldrb	r3, [r6], #1	@ zero_extendqisi2
  39 0014 022B     		cmp	r3, #2
  40 0016 11D0     		beq	.L3
  41 0018 042B     		cmp	r3, #4
  42 001a 05D0     		beq	.L4
  43 001c 14F8013B 		ldrb	r3, [r4], #1	@ zero_extendqisi2
  44 0020 05F8013B 		strb	r3, [r5], #1
  45 0024 F1E7     		b	.L2
  46              	.L6:
  47 0026 0134     		adds	r4, r4, #1
  48              	.L4:
  49 0028 A207     		lsls	r2, r4, #30
  50 002a FCD1     		bne	.L6
  51 002c 2846     		mov	r0, r5
  52 002e 54F8041B 		ldr	r1, [r4], #4
  53 0032 FFF7FEFF 		bl	_ux_utility_long_put
  54 0036 0435     		adds	r5, r5, #4
  55 0038 E7E7     		b	.L2
  56              	.L8:
  57 003a 0134     		adds	r4, r4, #1
  58              	.L3:
ARM GAS  /tmp/ccahKZyp.s 			page 2


  59 003c E307     		lsls	r3, r4, #31
  60 003e FCD4     		bmi	.L8
  61 0040 2846     		mov	r0, r5
  62 0042 34F8021B 		ldrh	r1, [r4], #2
  63 0046 FFF7FEFF 		bl	_ux_utility_short_put
  64 004a 0235     		adds	r5, r5, #2
  65 004c DDE7     		b	.L2
  67              		.ident	"GCC: (15:10.3-2021.07-4) 10.3.1 20210621 (release)"
ARM GAS  /tmp/ccahKZyp.s 			page 3


DEFINED SYMBOLS
                            *ABS*:0000000000000000 ux_utility_descriptor_pack.c
     /tmp/ccahKZyp.s:16     .text._ux_utility_descriptor_pack:0000000000000000 $t
     /tmp/ccahKZyp.s:25     .text._ux_utility_descriptor_pack:0000000000000000 _ux_utility_descriptor_pack

UNDEFINED SYMBOLS
_ux_utility_long_put
_ux_utility_short_put
