ARM GAS  /tmp/ccIrmWC6.s 			page 1


   1              		.cpu cortex-m33
   2              		.eabi_attribute 27, 1
   3              		.eabi_attribute 28, 1
   4              		.eabi_attribute 20, 1
   5              		.eabi_attribute 21, 1
   6              		.eabi_attribute 23, 3
   7              		.eabi_attribute 24, 1
   8              		.eabi_attribute 25, 1
   9              		.eabi_attribute 26, 1
  10              		.eabi_attribute 30, 4
  11              		.eabi_attribute 34, 1
  12              		.eabi_attribute 18, 4
  13              		.file	"ux_utility_memory_copy.c"
  14              		.section	.gnu.lto_.profile.7225191c7a1f0b35,"e",%progbits
  15 0000 789C6362 		.ascii	"x\234cb\000\001\000\000\022\000\003"
  15      00010000 
  15      120003
  16              		.text
  17              		.section	.gnu.lto_.icf.7225191c7a1f0b35,"e",%progbits
  18 0000 789CE360 		.ascii	"x\234\343`@\000F\206\035\223;\372\031\031\000\013\272"
  18      40004686 
  18      1D933BFA 
  18      1919000B 
  18      BA
  19 0011 026D     		.ascii	"\002m"
  20              		.text
  21              		.section	.gnu.lto_.ipa_sra.7225191c7a1f0b35,"e",%progbits
  22 0000 789C1364 		.ascii	"x\234\023d@\000F\006f\006\024.\000\002J\000\027"
  22      40004606 
  22      6606142E 
  22      00024A00 
  22      17
  23              		.text
  24              		.section	.gnu.lto_.inline.7225191c7a1f0b35,"e",%progbits
  25 0000 789CD365 		.ascii	"x\234\323e@\000F\006\006\256\303\027\273\3372g0221."
  25      40004606 
  25      06AEC317 
  25      BBDF3267 
  25      30323231 
  26 0015 61068931 		.ascii	"a\006\2111\361\001E\3562g00\2605\000\001S\012\023\003"
  26      F10145EE 
  26      32673030 
  26      B0350001 
  26      530A1303 
  27 0029 13030B50 		.ascii	"\023\003\013P\002\000\016\227\012G"
  27      02000E97 
  27      0A47
  28              		.text
  29              		.section	.gnu.lto_.jmpfuncs.7225191c7a1f0b35,"e",%progbits
  30 0000 789C1361 		.ascii	"x\234\023a@\000F\006fFFF\366\372%\314\214P\314\300\000"
  30      40004606 
  30      66464646 
  30      F6FA25CC 
  30      8C50CCC0 
  31 0015 00209003 		.ascii	"\000 \220\003\227"
  31      97
  32              		.text
ARM GAS  /tmp/ccIrmWC6.s 			page 2


  33              		.section	.gnu.lto_.pureconst.7225191c7a1f0b35,"e",%progbits
  34 0000 789C6361 		.ascii	"x\234ca```d\230\305\002\000\001d\000\244"
  34      60606064 
  34      98C50200 
  34      016400A4 
  35              		.text
  36              		.section	.gnu.lto_.lto.7225191c7a1f0b35,"e",%progbits
  37 0000 09000400 		.ascii	"\011\000\004\000\001\000\000\000"
  37      01000000 
  38              		.text
  39              		.section	.gnu.lto__ux_utility_memory_copy.3.7225191c7a1f0b35,"e",%progbits
  40 0000 789C6D92 		.ascii	"x\234m\222ML\023A\024\307\347\315\233n\021*\032o\336"
  40      4D4C1341 
  40      14C7E7CD 
  40      9B6E112A 
  40      1A6FDE
  41 0013 B810E3A1 		.ascii	"\270\020\343\241,B\214\034\2157\023\275\210&\336\232"
  41      2C428C1C 
  41      8D3713BD 
  41      8826DE9A 
  42 0023 B2ADBAD2 		.ascii	"\262\255\272\322\355n\266[\265\361\300\362i\002\011"
  42      ED6EB65B 
  42      B5F1C0F2 
  42      690209
  43 0032 A548A202 		.ascii	"\245H\242\002r\330T\303\201\370\025\020\374\302\252"
  43      72D854C3 
  43      81F81510 
  43      FCC2AA
  44 0041 414E2686 		.ascii	"AN&\206\013'\023\015\007\344\240i<ic\202o\266K\203\306"
  44      0B27130D 
  44      07E4A069 
  44      3C696382 
  44      6FB64B83 
  45 0056 4936F3E6 		.ascii	"I6\363\346\377\377\275\2317o\347:gl\2311\346\320\007"
  45      FFFFBD99 
  45      376FE73A 
  45      676C9931 
  45      E6D007
  46 0069 0A83F1C2 		.ascii	"\012\203\361\3020g\256\353\036\017s\230(\014oN\316\013"
  46      3067AEEB 
  46      1E0F7398 
  46      280C6F4E 
  46      CE0B
  47 007b 7803BE80 		.ascii	"x\003\276\2000\361x\307\024\274\2770\302\311Y+W:\304"
  47      30F178C7 
  47      14BCBF30 
  47      C2C9592B 
  47      573AC4
  48 008e 60A1F141 		.ascii	"`\241\361A~0,B\320K)S\365>\002\254\207#I=\\0(\011\330"
  48      7E302C42 
  48      D04B2953 
  48      F53E02AC 
  48      8723493D 
  49 00a7 A6B1AF16 		.ascii	"\246\261\257\026\260`\334\304\303D\377\\\231\271\263"
  49      B060DCC4 
  49      C344FF5C 
  49      99B9B3
ARM GAS  /tmp/ccIrmWC6.s 			page 3


  50 00b6 01EE6C09 		.ascii	"\001\356l\011\212\310\330\014\006\3464\3028\026\021"
  50      8AC8D80C 
  50      06E634C2 
  50      381611
  51 00c5 40041187 		.ascii	"@\004\021\207&\212p\000\330\241\222\353~\374\260\344"
  51      268A7000 
  51      D8A192EB 
  51      7EFCB0E4 
  52 00d5 BA7B5811 		.ascii	"\272{X\021\021\026\201\222\340)\300\0020)\310T\274\025"
  52      11168192 
  52      E029C002 
  52      3029C854 
  52      BC15
  53 00e7 60DB35EC 		.ascii	"`\3335\354\331\377\260{\0016\327\177\303\335/\212(\340"
  53      D9FFB07B 
  53      0136D77F 
  53      C3DD2F8A 
  53      28E0
  54 00f9 C5DF98A8 		.ascii	"\305\337\230\250\226\202s \247fb\313w7\206\032\307z"
  54      96827320 
  54      A76662CB 
  54      7737861A 
  54      C77A
  55 010b EB8A1882 		.ascii	"\353\212\030\202W\273\341\200\\\252\221\217\246\345"
  55      57BBE180 
  55      5CAA918F 
  55      A6E5
  56 0119 AE034D92 		.ascii	"\256\003M\222|\375\017I\355.\001,Cpa\022yUx\270\026"
  56      7CFD0F49 
  56      ED2E012C 
  56      43706112 
  56      795578B8 
  57 012e 2AB9BFB7 		.ascii	"*\271\277\267\363\256\273~\360KEi\004*B\341\014^\002"
  57      F3AEBB7E 
  57      F04B4569 
  57      042A42E1 
  57      0C5E02
  58 0141 CA14EAE7 		.ascii	"\312\024\352\3472(\000\317!\014\260\004u@F\275t\033"
  58      322800CF 
  58      210CB004 
  58      754046BD 
  58      741B
  59 0153 A41B912E 		.ascii	"\244\033\221.cyd\345\312l\007\270%\031s?\356\245x\014"
  59      637964E5 
  59      CA6C07B8 
  59      2519733F 
  59      EEA5780C 
  60 0167 B130B8BE 		.ascii	"\2610\270\276\212\376\342;\364?\031Z\235\232\000\017"
  60      8AFEE23B 
  60      F43F195A 
  60      9D9A000F 
  61 0177 1B3CEA4F 		.ascii	"\033<\352OkU\371\306=\214x\324\010\271\356\273=\362"
  61      6B55F9C6 
  61      3D8C78D4 
  61      08B9EEBB 
  61      3DF2
  62 0189 093D84E0 		.ascii	"\011=\204\340\027\204\200\335\227\357\201\356\036\226"
ARM GAS  /tmp/ccIrmWC6.s 			page 4


  62      178480DD 
  62      97EF81EE 
  62      1E96
  63 0197 296F416E 		.ascii	")oAn\323W\036^A_\377\032\361\015!\015\312b\362DA\272"
  63      D3571E5E 
  63      415FFF1A 
  63      F10D210D 
  63      CA62F244 
  64 01ad 2B764E9C 		.ascii	"+vN\234\036\332\234<\343a\275\207\\n\270\363 \266``"
  64      1EDA9C3C 
  64      E361BD87 
  64      5C6EB8F3 
  64      20B66060 
  65 01c1 EBDDE59A 		.ascii	"\353\335\345\232\350w\250\002TI\035= \302q\262\231\336"
  65      E877A802 
  65      54491D3D 
  65      20C271B2 
  65      99DE
  66 01d3 5B05A816 		.ascii	"[\005\250\026\205\217.XT2\216.\316\362\012\010\017\303"
  66      858F2E58 
  66      54328E2E 
  66      CEF20A08 
  66      0FC3
  67 01e5 7C66A148 		.ascii	"|f\241H\267\210\2204\017td\250v\341\037\320\367\371"
  67      B7889034 
  67      0F7464A8 
  67      76E11FD0 
  67      F7F9
  68 01f7 D77BEEEF 		.ascii	"\327{\356\357\227G\2505\205\261c\252\221vTMu\014KM\350"
  68      9747A835 
  68      85B163AA 
  68      9176544D 
  68      750C4B4D 
  69 020c 56CA34BA 		.ascii	"V\3124\272\343\252c\233\226\256\265\036\211f\034\243"
  69      E3AA639B 
  69      96AEB51E 
  69      89661CA3 
  70 021c BD2D7B34 		.ascii	"\275-{4\232\315tE\023\311+\335\272\023\275pU\215[\026"
  70      9ACD7445 
  70      13C92BDD 
  70      BA13BD70 
  70      558D5B16 
  71 0230 3BD9D2A2 		.ascii	";\331\322\242f\022\335\252O\250\235gO\267\267\305\316"
  71      6612DDAA 
  71      4FA89D67 
  71      4FB7B7C5 
  71      CE
  72 0241 759E381F 		.ascii	"u\2368\037;\245w\331q;\247j\246a\230i\232\354\244\232"
  72      3BA577D9 
  72      713BA76A 
  72      A6619869 
  72      9AECA49A 
  73 0255 B135357B 		.ascii	"\26155{-\226u\364\224\356\344bF\3220\355\\L3\255\\\213"
  73      2D9675F4 
  73      94EEE462 
  73      46D230ED 
  73      5C4C33AD 
ARM GAS  /tmp/ccIrmWC6.s 			page 5


  74 026b C60E04CB 		.ascii	"\306\016\004\313D2\343\350\351\270\243\233\351\275\201"
  74      4432E3E8 
  74      E9B8A39B 
  74      E9BD81
  75 027a 9431B3B6 		.ascii	"\2241\263\266\226TR\311\364E\347R\303.@\251:\177\000"
  75      965452C9 
  75      F445E752 
  75      C32E40A9 
  75      3A7F00
  76 028d F6322321 		.ascii	"\3662#!"
  77              		.text
  78              		.section	.gnu.lto_.symbol_nodes.7225191c7a1f0b35,"e",%progbits
  79 0000 789C9365 		.ascii	"x\234\223e\000\002&\346z\206\017\277VX0N8\307\300P\317"
  79      000226E6 
  79      7A860FBF 
  79      5658304E 
  79      38C7C050 
  80 0015 C0B0ABA1 		.ascii	"\300\260\253\241\221\221\201\221\001\014\000\205N\007"
  80      91918191 
  80      010C0085 
  80      4E07
  81 0023 07       		.ascii	"\007"
  82              		.text
  83              		.section	.gnu.lto_.refs.7225191c7a1f0b35,"e",%progbits
  84 0000 789C6364 		.ascii	"x\234cd\000\002\000\000\012\000\002"
  84      00020000 
  84      0A0002
  85              		.text
  86              		.section	.gnu.lto_.decls.7225191c7a1f0b35,"e",%progbits
  87 0000 789CAD53 		.ascii	"x\234\255S]h\\E\024>\337\314M\366f\262dC\271% %,>\330"
  87      5D685C45 
  87      143EDFCC 
  87      4DF666B2 
  87      6443B925 
  88 0019 85B2B9ED 		.ascii	"\205\262\271\355]\264>\256\026\332Jk,\266\001\361e\331"
  88      5DB43EAE 
  88      16DA4A6B 
  88      2CB601F1 
  88      65D9
  89 002b EE24ED92 		.ascii	"\356$\355\222\336\354\262{S\033|\031\261\225\202F\213"
  89      DEECB27B 
  89      531B7C19 
  89      B1958246 
  89      8B
  90 003c 2014FB12 		.ascii	" \024\373\022\361A\037\244\030i\265\2665\246\333\037"
  90      F1411FA4 
  90      1869B5B6 
  90      35A6DB1F 
  91 004c B7813E48 		.ascii	"\267\201>H\025\005\037\212\305\237\013UPh\241\025j<"
  91      15051F8A 
  91      C59F0B55 
  91      5068A115 
  91      6A3C
  92 005e F7EE6E77 		.ascii	"\367\356nwE\301\027\017\367\314\231{\346\234\357|3s"
  92      45C1170F 
  92      F7CC997B 
  92      E69CEF7C 
ARM GAS  /tmp/ccIrmWC6.s 			page 6


  92      3373
  93 0070 E66D49F4 		.ascii	"\346mI\364\020\210\002\"Ze\021l\277d\215\3549\326}\324"
  93      10880222 
  93      5A65116C 
  93      BF648DEC 
  93      39D67DD4 
  94 0084 120EA1CB 		.ascii	"\022\016\241\313\364Oy\225\027l\266\373Y\327\260:\355"
  94      F44F7995 
  94      176CB6FB 
  94      59D7B03A 
  94      ED
  95 0095 9C287785 		.ascii	"\234(w\205u\035\353\325\377\300xSb=\242\342\251xFR\220"
  95      751DEBD5 
  95      FFC07853 
  95      623DA2E2 
  95      A9784652 
  96 00aa 6B62B939 		.ascii	"kb\2719E\370\030\255(\271'\012\\\003\213G\007\351\023"
  96      45F818AD 
  96      28B9270A 
  96      5C038B47 
  96      07E913
  97 00bd 52CC9F7D 		.ascii	"R\314\237}\371\353A\265l\314of\371\360\000\341,\360"
  97      F9EB41B5 
  97      6CCC6F66 
  97      F9F000E1 
  97      2CF0
  98 00cf 290867C0 		.ascii	")\010g\300 \237\000\247\201S\340\260\303\357\334\274"
  98      209F00A7 
  98      8153E0B0 
  98      C3EFDCBC 
  99 00df 64FD0812 		.ascii	"d\375\010\022\014di\000\337>\306\203\242\347%9F\030"
  99      0C646900 
  99      DF3EC683 
  99      A2E72539 
  99      4618
 100 00f1 D1AFA550 		.ascii	"\321\257\245PRI\255\232\030\315\334\226y[dR\312~\377"
 100      5249AD9A 
 100      18CDDC96 
 100      795B6452 
 100      CA7EFF
 101 0104 2286559F 		.ascii	"\"\206U\237-D\230\320*\363\007>\020\013\375\351\274"
 101      2D4498D0 
 101      2AF3073E 
 101      100BFDE9 
 101      BC
 102 0115 B1F46B6B 		.ascii	"\261\364kk\303\204\021\307\306\235\\\236\3070\321\204"
 102      C38411C7 
 102      C69D5C9E 
 102      C730D184 
 103 0125 E6AC5D96 		.ascii	"\346\254]\226=\314\2630\241n\313\205\371~}M\034]\217"
 103      3DCCB330 
 103      A16ECB85 
 103      F97E7D4D 
 103      1C5D8F
 104 0138 2694F61C 		.ascii	"&\224\366\034\336H\336\266GS\015\331\220[\371\270\354"
 104      DE48DEB6 
 104      47530DD9 
ARM GAS  /tmp/ccIrmWC6.s 			page 7


 104      905BF9B8 
 104      EC
 105 0149 0F4FAE55 		.ascii	"\017O\256Ua\"\305\020\031\235\036\326\351T\023}Z+'C"
 105      6122C510 
 105      199D1ED6 
 105      E954137D 
 105      5A2B2743 
 106 015d 4C427B5E 		.ascii	"LB{^^(F\266\354&<\211\244g\276\2775\242\240\006F\323"
 106      5E2846B6 
 106      EC263C89 
 106      A467BEBF 
 106      35A2A006 
 107 0173 19224D5B 		.ascii	"\031\"M[\005\343\312\325\216 \3015u\367\027\310(\341"
 107      05E3CAD5 
 107      8E20C135 
 107      75F717C8 
 107      28E1
 108 0185 09B9234C 		.ascii	"\011\271#L\3605\2124\221\261\354d\022\206\315@a\207"
 108      F0358A34 
 108      91B1EC64 
 108      1286CD40 
 108      6187
 109 0197 DEE5290A 		.ascii	"\336\345)\012\023\202\227\034\013F\240\233\251\372\011"
 109      1382971C 
 109      0B46A09B 
 109      A9FA09
 110 01a6 D4BD2B3E 		.ascii	"\324\275+>\312\350k\015\024\375Po\225\330\037E\362\271"
 110      CAE86B0D 
 110      14FD506F 
 110      95D81F45 
 110      F2B9
 111 01b8 A275B91D 		.ascii	"\242u\271\035\357\003\323\236\267\002Z8\242S\000\235"
 111      EF03D39E 
 111      B7025A38 
 111      A253009D 
 112 01c8 22D45EED 		.ascii	"\"\324^\355\001\357rh\363\350\340t\352\364p\354r\345"
 112      01EF7268 
 112      F3E8E074 
 112      EAF470EC 
 112      72E5
 113 01da 1B6E1511 		.ascii	"\033n\025\021\2759q\336\337\210w!\351\001,\365l\234"
 113      BD3971DE 
 113      DF887721 
 113      E9012CF5 
 113      6C9C
 114 01ec 85DBE6D4 		.ascii	"\205\333\346\324\235\245\323\311\237\370\330L8\177C"
 114      9DA5D3C9 
 114      9FF8D84C 
 114      387F43
 115 01fb 62E8589E 		.ascii	"b\350X\236 _\214V\376|\375h8`E\261\347\200\012;\276"
 115      205F8C56 
 115      FE7CFD68 
 115      386045B1 
 115      E7800A3B 
 116 0210 3A71FF95 		.ascii	":q\377\225\241\330\261\017\237G-w\343\310\311_U\333"
 116      A1D8B10F 
 116      9F472D77 
ARM GAS  /tmp/ccIrmWC6.s 			page 8


 116      E3C8C95F 
 116      55DB
 117 0222 B18CB86D 		.ascii	"\261\214\270mE\334\266\303\274\370\363\205\367\356Y"
 117      45DCB6C3 
 117      BCF8F385 
 117      F7EE59
 118 0231 238CFB8B 		.ascii	"#\214\373\2131\016\366\343\"\320\2108]b:\027\020\327"
 118      310EF6E3 
 118      22D08838 
 118      5D623A17 
 118      10D7
 119 0243 3EFFDDF5 		.ascii	">\377\335\365\305\301\207\217\0377w\277Y\271\366\356"
 119      C5C1878F 
 119      1F3777BF 
 119      59B9F6EE 
 120 0253 23BF9F31 		.ascii	"#\277\2371\346\010'\330Q\020\226\300\335\035S]\342\214"
 120      E60827D8 
 120      511096C0 
 120      DD1D535D 
 120      E28C
 121 0265 CF80F388 		.ascii	"\317\200\363\210^\306:\254\"6$\337\022\021\310\365\037"
 121      5EC63AAC 
 121      223624DF 
 121      1211C8F5 
 121      1F
 122 0276 161753D1 		.ascii	"\026\027S\321\363\010M\343%I\310a#q\347p\004?\216/\200"
 122      F3084DE3 
 122      2549C861 
 122      2371E770 
 122      043F8E2F 
 123 028b 2B11D32B 		.ascii	"+\021\323+\267\336\370h(\031\277\241\205\206\205\253"
 123      B7DEF868 
 123      2819BFA1 
 123      858685AB 
 124 029b 68BF22C2 		.ascii	"h\277\"\302JTc\373\330\230[\327\323n=\360s\236\273{"
 124      4A5463FB 
 124      D8985BD7 
 124      D36E3DF0 
 124      739EBB7B 
 125 02af CFD339AF 		.ascii	"\317\3239\2570\261\373\311\347\012;\313{k\305\332\234"
 125      30B1FBC9 
 125      E70A3BCB 
 125      7B6BC5DA 
 125      9C
 126 02c0 5BAAF87E 		.ascii	"[\252\370~e\206Mm\322\255\327J\356\354\241\302lP>P\016"
 126      65864D6D 
 126      D2ADD74A 
 126      EEECA1C2 
 126      6C503E50 
 127 02d5 E60AFEA4 		.ascii	"\346\012\376\244_\251\315\025J\225\352\334X\311\336"
 127      5FA9CD15 
 127      4A95EADC 
 127      58C9DE
 128 02e4 363E91DE 		.ascii	"6>\221\336\262i3\365M\354|f|\233S\254\371\007\037\317"
 128      B26933F5 
 128      4DEC7C66 
 128      7C9B53AC 
ARM GAS  /tmp/ccIrmWC6.s 			page 9


 128      F9071FCF 
 129 02f8 FA637EB1 		.ascii	"\372c~\261<\263A\327\253\033\246\2524\310(\301\344\241"
 129      3CB341D7 
 129      AB1BA6AA 
 129      34C828C1 
 129      E4A1
 130 030a AC9FCBD1 		.ascii	"\254\237\313\321H\341\337\2216\273\376L\340\226\334"
 130      48E1DF91 
 130      36BBFE4C 
 130      E096DC
 131 0319 C0AFBABA 		.ascii	"\300\257\272\272\\=P\361\247\213nP\253T\313\245\215"
 131      5C3D50F1 
 131      A78B6E50 
 131      AB54CBA5 
 131      8D
 132 032a 9BB231CD 		.ascii	"\233\2621\315\331G\263\263\365\275Y=yp\272\034d\247"
 132      D947B3B3 
 132      F5BD593D 
 132      7970BA1C 
 132      64A7
 133 033c 5E708BD5 		.ascii	"^p\213\325*=\365\177m\2047\260e\373\023\317\376\005"
 133      2A3DF57F 
 133      6D8437B0 
 133      65FB13CF 
 133      FE05
 134 034e 0BC94B92 		.ascii	"\013\311K\222"
 135              		.text
 136              		.section	.gnu.lto_.symtab.7225191c7a1f0b35,"e",%progbits
 137 0000 5F75785F 		.ascii	"_ux_utility_memory_copy\000"
 137      7574696C 
 137      6974795F 
 137      6D656D6F 
 137      72795F63 
 138 0018 00       		.ascii	"\000"
 139 0019 00       		.ascii	"\000"
 140 001a 00       		.ascii	"\000"
 141 001b 00000000 		.ascii	"\000\000\000\000\000\000\000\000"
 141      00000000 
 142 0023 C5000000 		.ascii	"\305\000\000\000"
 143              		.text
 144              		.section	.gnu.lto_.ext_symtab.7225191c7a1f0b35,"e",%progbits
 145 0000 01       		.ascii	"\001"
 146 0001 01       		.ascii	"\001"
 147 0002 00       		.ascii	"\000"
 148              		.text
 149              		.section	.gnu.lto_.opts,"e",%progbits
 150 0000 272D666E 		.ascii	"'-fno-openmp' '-fno-openacc' '-fno-pie' '-fcf-prote"
 150      6F2D6F70 
 150      656E6D70 
 150      2720272D 
 150      666E6F2D 
 151 0033 6374696F 		.ascii	"ction=none' '-mcpu=cortex-m33' '-mthumb' '-mfpu=fpv"
 151      6E3D6E6F 
 151      6E652720 
 151      272D6D63 
 151      70753D63 
 152 0066 342D7370 		.ascii	"4-sp-d16' '-mfloat-abi=hard' '-mlibarch=armv8-m.mai"
ARM GAS  /tmp/ccIrmWC6.s 			page 10


 152      2D643136 
 152      2720272D 
 152      6D666C6F 
 152      61742D61 
 153 0099 6E2B6473 		.ascii	"n+dsp+fp' '-march=armv8-m.main+dsp+fp' '-Os' '-flto"
 153      702B6670 
 153      2720272D 
 153      6D617263 
 153      683D6172 
 154 00cc 2720272D 		.ascii	"' '-fdata-sections' '-ffunction-sections' '-Xassemb"
 154      66646174 
 154      612D7365 
 154      6374696F 
 154      6E732720 
 155 00ff 6C657227 		.ascii	"ler' '-a' '-Xassembler' '-ad' '-Xassembler' '-alms="
 155      20272D61 
 155      2720272D 
 155      58617373 
 155      656D626C 
 156 0132 6275696C 		.ascii	"build/../sdk/stm32/STM32_USBX_Library/common/core/s"
 156      642F2E2E 
 156      2F73646B 
 156      2F73746D 
 156      33322F53 
 157 0165 72632F75 		.ascii	"rc/ux_utility_memory_copy.lst'\000"
 157      785F7574 
 157      696C6974 
 157      795F6D65 
 157      6D6F7279 
 158              		.text
 159              		.comm	__gnu_lto_slim,1,1
 160              		.ident	"GCC: (15:10.3-2021.07-4) 10.3.1 20210621 (release)"
ARM GAS  /tmp/ccIrmWC6.s 			page 11


DEFINED SYMBOLS
                            *ABS*:0000000000000000 ux_utility_memory_copy.c
                            *COM*:0000000000000001 __gnu_lto_slim

NO UNDEFINED SYMBOLS
