ARM GAS  /tmp/cc7oEGAK.s 			page 1


   1              		.cpu cortex-m33
   2              		.eabi_attribute 27, 1
   3              		.eabi_attribute 28, 1
   4              		.eabi_attribute 20, 1
   5              		.eabi_attribute 21, 1
   6              		.eabi_attribute 23, 3
   7              		.eabi_attribute 24, 1
   8              		.eabi_attribute 25, 1
   9              		.eabi_attribute 26, 1
  10              		.eabi_attribute 30, 4
  11              		.eabi_attribute 34, 1
  12              		.eabi_attribute 18, 4
  13              		.file	"ux_utility_long_put_big_endian.c"
  14              		.text
  15              		.section	.text._ux_utility_long_put_big_endian,"ax",%progbits
  16              		.align	1
  17              		.global	_ux_utility_long_put_big_endian
  18              		.arch armv8-m.main
  19              		.arch_extension dsp
  20              		.syntax unified
  21              		.thumb
  22              		.thumb_func
  23              		.fpu fpv4-sp-d16
  25              	_ux_utility_long_put_big_endian:
  26              		@ args = 0, pretend = 0, frame = 0
  27              		@ frame_needed = 0, uses_anonymous_args = 0
  28              		@ link register save eliminated.
  29 0000 4FEA3141 		ror	r1, r1, #16
  30 0004 0B0A     		lsrs	r3, r1, #8
  31 0006 0370     		strb	r3, [r0]
  32 0008 4170     		strb	r1, [r0, #1]
  33 000a 0B0E     		lsrs	r3, r1, #24
  34 000c 090C     		lsrs	r1, r1, #16
  35 000e 8370     		strb	r3, [r0, #2]
  36 0010 C170     		strb	r1, [r0, #3]
  37 0012 7047     		bx	lr
  39              		.ident	"GCC: (15:10.3-2021.07-4) 10.3.1 20210621 (release)"
ARM GAS  /tmp/cc7oEGAK.s 			page 2


DEFINED SYMBOLS
                            *ABS*:0000000000000000 ux_utility_long_put_big_endian.c
     /tmp/cc7oEGAK.s:16     .text._ux_utility_long_put_big_endian:0000000000000000 $t
     /tmp/cc7oEGAK.s:25     .text._ux_utility_long_put_big_endian:0000000000000000 _ux_utility_long_put_big_endian

NO UNDEFINED SYMBOLS
