ARM GAS  /tmp/ccbiW1l7.s 			page 1


   1              		.cpu cortex-m33
   2              		.eabi_attribute 27, 1
   3              		.eabi_attribute 28, 1
   4              		.eabi_attribute 20, 1
   5              		.eabi_attribute 21, 1
   6              		.eabi_attribute 23, 3
   7              		.eabi_attribute 24, 1
   8              		.eabi_attribute 25, 1
   9              		.eabi_attribute 26, 1
  10              		.eabi_attribute 30, 4
  11              		.eabi_attribute 34, 1
  12              		.eabi_attribute 18, 4
  13              		.file	"ux_utility_string_length_get.c"
  14              		.section	.gnu.lto_.profile.5078b179db855960,"e",%progbits
  15 0000 789C6362 		.ascii	"x\234cb\000\001\000\000\022\000\003"
  15      00010000 
  15      120003
  16              		.text
  17              		.section	.gnu.lto_.icf.5078b179db855960,"e",%progbits
  18 0000 789CE360 		.ascii	"x\234\343`@\000F\206\306\377\253\272y\031\000\015 \002"
  18      40004686 
  18      C6FFABBA 
  18      7919000D 
  18      2002
  19 0012 CC       		.ascii	"\314"
  20              		.text
  21              		.section	.gnu.lto_.ipa_sra.5078b179db855960,"e",%progbits
  22 0000 789CE364 		.ascii	"x\234\343d@\000F \004\002f\006\000\000\350\000\017"
  22      40004620 
  22      04026606 
  22      0000E800 
  22      0F
  23              		.text
  24              		.section	.gnu.lto_.inline.5078b179db855960,"e",%progbits
  25 0000 789C5361 		.ascii	"x\234Sa@\000F\006\006\2169\273.~f\312`d`\342\002\262"
  25      40004606 
  25      068E39BB 
  25      2E7E66CA 
  25      606460E2 
  26 0016 1E336530 		.ascii	"\0363e00\2605\000\001S\012\023\003\023H\015\000\322"
  26      30B03500 
  26      01530A13 
  26      0313480D 
  26      00D2
  27 0028 0809A3   		.ascii	"\010\011\243"
  28              		.text
  29              		.section	.gnu.lto_.jmpfuncs.5078b179db855960,"e",%progbits
  30 0000 789CE362 		.ascii	"x\234\343b@\000F\006FF\306\372%\314\014\014\000\006"
  30      40004606 
  30      4646C6FA 
  30      25CC0C0C 
  30      0006
  31 0012 250135   		.ascii	"%\0015"
  32              		.text
  33              		.section	.gnu.lto_.pureconst.5078b179db855960,"e",%progbits
  34 0000 789C6361 		.ascii	"x\234ca```dhe\001\000\001:\000\217"
  34      60606064 
ARM GAS  /tmp/ccbiW1l7.s 			page 2


  34      68650100 
  34      013A008F 
  35              		.text
  36              		.section	.gnu.lto_.lto.5078b179db855960,"e",%progbits
  37 0000 09000400 		.ascii	"\011\000\004\000\001\000\000\000"
  37      01000000 
  38              		.text
  39              		.section	.gnu.lto__ux_utility_string_length_get.3.5078b179db855960,"e",%progbits
  40 0000 789C5591 		.ascii	"x\234U\221Ah\023Q\020\206\337\274y\331\324\203\365,"
  40      41681351 
  40      1086DFBC 
  40      79D9D483 
  40      F52C
  41 0012 5EBC8878 		.ascii	"^\274\210xH\236\266\210=\211xV<\264\202\267%Mb\\\222"
  41      489EB688 
  41      3D897856 
  41      3CB482B7 
  41      254D625C 
  42 0027 4D96DD8D 		.ascii	"M\226\335\215Z\020\372\322\230\012\351!\331ZPB\250\020"
  42      5A10FAD2 
  42      980AE921 
  42      D95A5042 
  42      A810
  43 0039 A3F45451 		.ascii	"\243\364TQ\214VE\010\210z\225^<\210T\217\275h\361b\011"
  43      8C564508 
  43      887A955E 
  43      3C88548F 
  43      BD68F162 
  44 004e D2386F93 		.ascii	"\3228o\223\006]v\367\315\374\357\233\2317\363\036\001"
  44      065D76F7 
  44      CDFCEF9B 
  44      9937F31E 
  44      01
  45 005f 63F71863 		.ascii	"c\367\030c\036}`0X\016\252\234)\245\316E9\254\004\325"
  45      1E7D6030 
  45      580EAA9C 
  45      29A5CE45 
  45      39AC04D5 
  46 0073 ADC60B01 		.ascii	"\255\306\013\001o \024\020V\236\356o\012^\016\2268\355"
  46      6F201410 
  46      569EEE6F 
  46      0A5E0E96 
  46      38ED
  47 0085 6CEEF4A6 		.ascii	"l\356\364\246D%\030_\257U\242\"\002\245\240\372\345"
  47      4425185F 
  47      AF55A222 
  47      02A5A0FA 
  47      E5
  48 0096 4848009B 		.ascii	"HH\000\233\347H\312<\027\014\272\002\366\372\375\376"
  48      E748CA3C 
  48      170CBA02 
  48      F6FAFDFE 
  49 00a6 A191C186 		.ascii	"\241\221\301\206\317]l\",c\033\031\210\241\005p\364"
  49      CF5D6C22 
  49      2C631B19 
  49      88A10570 
  49      F4
ARM GAS  /tmp/ccbiW1l7.s 			page 3


  50 00b7 4457A9DD 		.ascii	"DW\251\335\367\253\315\262\321\\\353\2126r\266J@\007"
  50      F7ABCDB2 
  50      D15CEB8A 
  50      3672B64A 
  50      4007
  51 00c9 E039E820 		.ascii	"\3409\350 \002\261\012\3548Q\237\276n(u\200\265\021"
  51      02B10AEC 
  51      38519FBE 
  51      6E287580 
  51      B511
  52 00db E125FC03 		.ascii	"\341%\374\003\2210\004\003\320\3131bw\036<\2743^/\215"
  52      91300403 
  52      D0CB3162 
  52      771E3CBC 
  52      335E2F8D 
  53 00ef 513E7805 		.ascii	"Q>x\005\377ed\324\371k\320U\364\030\350%\357\311f\244"
  53      FF6564D4 
  53      F96BD055 
  53      F418E825 
  53      EFC966A4 
  54 0103 ABFEF46B 		.ascii	"\253\376\364kJ\375<\374}\327\030\003\235\224\323O\240"
  54      4AFD3CFC 
  54      7DD71803 
  54      9D94D34F 
  54      A0
  55 0114 8605C006 		.ascii	"\206\005\300\006\204a\3210\226\325\220\355\364\326\246"
  55      8461D130 
  55      96D590ED 
  55      F4D6A6
  56 0123 4075B5CD 		.ascii	"@u\265\315C\273Dv\0351\250|\376\210\241\363\003\312"
  56      43BB4476 
  56      1D31A87C 
  56      FE88A1F3 
  56      03CA
  57 0135 CDC57EE3 		.ascii	"\315\305~\343l\013\243-D\335.\007}\202:\012\232\232"
  57      6C0BA32D 
  57      44DD2E07 
  57      7D823A0A 
  57      9A9A
  58 0147 12FBD0B3 		.ascii	"\022\373\320\263\305\255\306L\013\241\205\2028R\026"
  58      C5ADC64C 
  58      0BA18582 
  58      385216
  59 0156 EE2F91C3 		.ascii	"\356/\221\303\2073B`\217\365\245P/\021\242\340-\345"
  59      87334260 
  59      8FF5A550 
  59      2F11A2E0 
  59      2DE5
  60 0168 D886DBDB 		.ascii	"\330\206\333\333\357\362\304h 2h\253\007\303\032\214"
  60      EFF2C468 
  60      203268AB 
  60      07C31A8C 
  61 0178 AF771C2A 		.ascii	"\257w\034*\212{\235[T,2:\335/X\370\366\373\303\301\026"
  61      8A7B9D5B 
  61      542C323A 
  61      DD2F58F8 
  61      F6FBC3C1 
ARM GAS  /tmp/ccbiW1l7.s 			page 4


  62 018d 1A216E50 		.ascii	"\032!nP5!t\0030j\206\2613\322\316\3732)}\333\221)\313"
  62      35217403 
  62      306A86B1 
  62      33D2CEFB 
  62      32297DDB 
  63 01a4 C915EC6C 		.ascii	"\311\025\354lB\372n\301\261\222'O\305<\337\236\234("
  63      42FA6EC1 
  63      B192274F 
  63      C53CDF9E 
  63      9C28
  64 01b6 9E8E15BD 		.ascii	"\236\216\025\275\331X*}=k\371\261\2537d\302q\330\245"
  64      D9582A7D 
  64      3D6BF9B1 
  64      AB3764C2 
  64      71D8A5
  65 01c9 785C7AA9 		.ascii	"x\\z\251\254\014\0119=sqr\302\274<}\376\212y\301\232"
  65      AC0C0939 
  65      3D737172 
  65      C2BC3C7D 
  65      FE8A79C1 
  66 01de 7513EE9C 		.ascii	"u\023\356\234L\026l\273\220\247\305MK\317M\312\342M"
  66      4C166CBB 
  66      90A7C54D 
  66      4BCF4DCA 
  66      E24D
  67 01f0 B3E85B39 		.ascii	"\263\350[9\313\2373=\337\265\362\0313\227\316g\374k"
  67      CB9F333D 
  67      DFB5F219 
  67      3397CE67 
  67      FC6B
  68 0202 6626EDC7 		.ascii	"f&\355\307\223\314\030\210\306@\374\013\333\012\324"
  68      93CC1888 
  68      C640FC0B 
  68      DB0AD4
  69 0211 E6       		.ascii	"\346"
  70              		.text
  71              		.section	.gnu.lto_.symbol_nodes.5078b179db855960,"e",%progbits
  72 0000 789C9365 		.ascii	"x\234\223e\000\002&\346z\206\017\277VX0N8\307\300P\317"
  72      000226E6 
  72      7A860FBF 
  72      5658304E 
  72      38C7C050 
  73 0015 C0B0ABA1 		.ascii	"\300\260\253\241\221\221\201\221\001\014\000\205N\007"
  73      91918191 
  73      010C0085 
  73      4E07
  74 0023 07       		.ascii	"\007"
  75              		.text
  76              		.section	.gnu.lto_.refs.5078b179db855960,"e",%progbits
  77 0000 789C6364 		.ascii	"x\234cd\000\002\000\000\012\000\002"
  77      00020000 
  77      0A0002
  78              		.text
  79              		.section	.gnu.lto_.decls.5078b179db855960,"e",%progbits
  80 0000 789CAD53 		.ascii	"x\234\255SM\210SW\024>\337\275o\2227\327\324\014\362"
  80      4D885357 
  80      143EDFBD 
ARM GAS  /tmp/ccbiW1l7.s 			page 5


  80      6F9237D7 
  80      D40CF2
  81 0013 C48D1D82 		.ascii	"\304\215\035\202\233\011\330\314\323\027\254]\246\025"
  81      9B09D8CC 
  81      D317AC5D 
  81      A615
  82 0021 B4A08EA2 		.ascii	"\264\240\216\242\035(nB\314\215c\234yIH\336X\245\233"
  82      1D286E42 
  82      CC8D639C 
  82      794948DE 
  82      58A59B
  83 0034 3BCC40BB 		.ascii	";\314@\273\250\255\355J\230\205\243\253.j\251\242\375"
  83      A8ADED4A 
  83      9885A3AB 
  83      2E6AA9A2 
  83      FD
  84 0045 51EB4CA3 		.ascii	"Q\353L\243N\003\266\320\"\025\027Rh\251\022\360\007"
  84      4E03B6D0 
  84      22151752 
  84      68A912F0 
  84      07
  85 0056 17164A37 		.ascii	"\027\026J7\323\223\227\304\244\024\332M\017\357\236"
  85      D39397C4 
  85      A414DA4D 
  85      0FEF9E
  86 0065 73EF3DE7 		.ascii	"s\357=\347|\347\334{\277\367\266$z\011D\207\211h\205"
  86      7CE7DC7B 
  86      BFF7B624 
  86      7A094487 
  86      896885
  87 0078 45B0FD91 		.ascii	"E\260\375\221\007o\321UjKk\336\240\177\312\207\354\210"
  87      076FD155 
  87      6A4B6BDE 
  87      A07FCA87 
  87      EC88
  88 008a B05DC3C3 		.ascii	"\260]\303\303\341\261\334\311Y\317\343\312\177\344~"
  88      E1B1DCC9 
  88      59CFE3CA 
  88      7FE47E
  89 0099 24B10616 		.ascii	"$\261\006\026k\007\011\326\353\261\202\320\220\024\344"
  89      6B0709D6 
  89      EBB182D0 
  89      9014E4
  90 00a8 9A50CE1E 		.ascii	"\232P\316\036!|\211v\270<@\363R\334\376\355\374\371"
  90      217C8976 
  90      B83C40F3 
  90      52DCFEED 
  90      FCF9
  91 00ba B85A32A6 		.ascii	"\270Z2\246i\3523\222\220\306&\302ep\332W\300\027\300"
  91      69EA3392 
  91      90C626C2 
  91      6570DA57 
  91      C017C0
  92 00cd E7E0A0E5 		.ascii	"\347\340\240\345\207\037\\X\035\343\240\247f\241n\341"
  92      871F5C58 
  92      1DE3A0A7 
  92      66A16EE1 
ARM GAS  /tmp/ccbiW1l7.s 			page 6


  93 00dd 0A7009B8 		.ascii	"\012p\011\270\3108\270\312\212\003\346\316\374z\303"
  93      C838B8CA 
  93      8A03E6CE 
  93      FC7AC3
  94 00ec BA0F12BC 		.ascii	"\272\017\022\274\2644\200\273/\263Rt@\222c\204\021\021"
  94      B43480BB 
  94      2FB35274 
  94      40926384 
  94      1111
  95 00fe 2D85924A 		.ascii	"-\205\222Jj\325\300p\362\231\314\330\"\031W\366\307"
  95      6AD5C070 
  95      F299CCD8 
  95      221957F6 
  95      C7
  96 010f D731A406 		.ascii	"\3271\244\006l!\232Q\255\222\177\342\023\261\020Id\214"
  96      6C219A51 
  96      AD927FE2 
  96      13B11049 
  96      648C
  97 0121 A5DF5BDB 		.ascii	"\245\337[\333\214\032qr\314IgX7\243\015h\316\332k\331"
  97      8C1A7172 
  97      CC496758 
  97      37A30D68 
  97      CEDA6BD9 
  98 0135 433C6B46 		.ascii	"C<kF\3253\271p\"\242\277\027\357\216\240\001\245=\207"
  98      D533B970 
  98      22A2BF17 
  98      EF8EA001 
  98      A53D87
  99 0148 CF96B1ED 		.ascii	"\317\226\261\355\341x]\326\345v\"\333\376\354\323\265"
  99      E1785DD6 
  99      E57622DB 
  99      FEECD3B5 
 100 0158 AA198D33 		.ascii	"\252\031\2153DR'\206t\"\336\300\200\326\312I\0227\241"
 100      44522786 
 100      7422DEC0 
 100      80D6CA49 
 100      1237A1
 101 016b 3D2F2314 		.ascii	"=/#\024#[v\003\236D\3143\277<\\\247\240\006\207\023"
 101      235B7603 
 101      9E44CC33 
 101      BF3C5CA7 
 101      A0068713 
 102 017f 49224DDB 		.ascii	"I\"M\333\005\343\312\225\256 \3125uo\011$\225\360\204"
 102      05E3CA95 
 102      AE20CA35 
 102      756F0924 
 102      95F084
 103 0192 DCD98C12 		.ascii	"\334\331\214\022\011\221 2\226\035\213\301\260\031\314"
 103      09912032 
 103      961D8BC1 
 103      B019CC
 104 01a1 EED47B3D 		.ascii	"\356\324{=E\315\250`\227c\301\010\3642U\204@\275w\004"
 104      45CDA860 
 104      9763C108 
 104      F4325584 
 104      40BD7704 
ARM GAS  /tmp/ccbiW1l7.s 			page 7


 105 01b5 A1F5B515 		.ascii	"\241\365\265\025\265\026\324_%\334oE\362\275\242\375"
 105      B516D45F 
 105      25DC6F45 
 105      F2BDA2FD 
 106 01c5 F0DDDDE7 		.ascii	"\360\335\335\347\2463o\007\264qD\267\000\272E\250\343"
 106      A6336F07 
 106      B47144B7 
 106      00BA45A8 
 106      E3
 107 01d6 ED03EFF5 		.ascii	"\355\003\357\365\320\351\243\213\323\255\323\327c\257"
 107      D0E9A38B 
 107      D3ADD3D7 
 107      63AF
 108 01e4 577EE176 		.ascii	"W~\341v\021\321\237\023\346\375\255\361\036$=\207\245"
 108      11D19F13 
 108      E6FDADF1 
 108      1E243D87 
 108      A5
 109 01f5 BE835348 		.ascii	"\276\203SH\233\213\277_\273\024{\300\327f\026\336\177"
 109      9B8BBF5F 
 109      BB147BC0 
 109      D76616DE 
 109      7F
 110 0206 2CB1FA64 		.ascii	",\261\372d\206 g\320r\335\233}\262\370\202E!\305P\016"
 110      862067D0 
 110      72DD9B7D 
 110      B2F88245 
 110      21C5500E 
 111 021a A92D426A 		.ascii	"\251-Bj\017\261\036\011o4\036\316H\236\016\023N\\\236"
 111      0FB11E09 
 111      6F341ECE 
 111      489E0E13 
 111      4E5C9E
 112 022d FD69950A 		.ascii	"\375i\225\0129\27247H\035\206\342&8\206\251|\003\270"
 112      39BA3437 
 112      481D86E2 
 112      263886A9 
 112      7C03B8
 113 0240 DEA2F29D 		.ascii	"\336\242\362\235s\337\335\216\255\343\212\217\214q\260"
 113      73DFDD8E 
 113      ADE38A8F 
 113      8C71B0
 114 024f 0CD4816F 		.ascii	"\014\324\201oZ\355~\313\301Km6\317?\232\273em8u\312"
 114      5AED7ECB 
 114      C14B6D36 
 114      CF3F9ABB 
 114      656D3875 
 115 0264 FC317FEB 		.ascii	"\3741\177\353\347\331\221\231\331w\314\017\255\277\007"
 115      E7D99199 
 115      D977CC0F 
 115      ADBF07
 116 0273 16476111 		.ascii	"\026Ga\021\214\027\036c\221S\256\001_\363jlt\324\255"
 116      8C171E63 
 116      9153AE01 
 116      5FF36A6C 
 116      74D4AD
 117 0286 E949B716 		.ascii	"\351I\267\026\370i\317\335\377\306\356\264\227\035\337"
ARM GAS  /tmp/ccbiW1l7.s 			page 8


 117      F869CFDD 
 117      FFC6EEB4 
 117      971DDF
 118 0295 FFDA9BD9 		.ascii	"\377\332\233\331]\305\203\325\\\365\270\233/\373~\271"
 118      5DC583D5 
 118      5CF5B89B 
 118      2FFB7EB9 
 119 02a5 C4A65A70 		.ascii	"\304\246Zpk\325\274;},;\035\024\247\212\301\361l-\250"
 119      6BD5BC3B 
 119      7D2C3B1D 
 119      14A78AC1 
 119      F16C2DA8 
 120 02b9 164B13D9 		.ascii	"\026K\023\331\251Bi\"8\234\235(\004\243y{\307\330xb"
 120      A9426922 
 120      389C9D28 
 120      04A3797B 
 120      C7D87862 
 121 02cd DBE6AD34 		.ascii	"\333\346\25540\276\355\365W\3679\271\252\177\364\225"
 121      30BEEDF5 
 121      57F739B9 
 121      AA7FF495 
 122 02dd 943FEAE7 		.ascii	"\224?\352\347\212\245\215\272V\331x\250B\253\030+(\034"
 122      8AA58DBA 
 122      56D978A8 
 122      42AB182B 
 122      281C
 123 02ef 4BF9E934 		.ascii	"K\371\3514\275\230\3757\274\201\361]{\306vlu\375R\340"
 123      BD98FD37 
 123      BC81F15D 
 123      7BC6766C 
 123      75FD52E0 
 124 0303 E6DDC0AF 		.ascii	"\346\335\300\257\270\272X\231*\373\22397\250\226+\305"
 124      B8BA5899 
 124      2AFB9339 
 124      37A8962B 
 124      C5
 125 0314 FCA6CDA9 		.ascii	"\374\246\315\251\260\361\351-\251\351\332\301\224.\034"
 125      B0F1E92D 
 125      A9E9DAC1 
 125      942E1C
 126 0323 9D2C06A9 		.ascii	"\235,\006\251Co\271\271J\205\366\374\277G\243\277\000"
 126      436FB9B9 
 126      4A85F6FC 
 126      BF47A3BF 
 126      00
 127 0334 0134473E 		.ascii	"\0014G>"
 128              		.text
 129              		.section	.gnu.lto_.symtab.5078b179db855960,"e",%progbits
 130 0000 5F75785F 		.ascii	"_ux_utility_string_length_get\000"
 130      7574696C 
 130      6974795F 
 130      73747269 
 130      6E675F6C 
 131 001e 00       		.ascii	"\000"
 132 001f 00       		.ascii	"\000"
 133 0020 00       		.ascii	"\000"
 134 0021 00000000 		.ascii	"\000\000\000\000\000\000\000\000"
ARM GAS  /tmp/ccbiW1l7.s 			page 9


 134      00000000 
 135 0029 C8000000 		.ascii	"\310\000\000\000"
 136              		.text
 137              		.section	.gnu.lto_.ext_symtab.5078b179db855960,"e",%progbits
 138 0000 01       		.ascii	"\001"
 139 0001 01       		.ascii	"\001"
 140 0002 00       		.ascii	"\000"
 141              		.text
 142              		.section	.gnu.lto_.opts,"e",%progbits
 143 0000 272D666E 		.ascii	"'-fno-openmp' '-fno-openacc' '-fno-pie' '-fcf-prote"
 143      6F2D6F70 
 143      656E6D70 
 143      2720272D 
 143      666E6F2D 
 144 0033 6374696F 		.ascii	"ction=none' '-mcpu=cortex-m33' '-mthumb' '-mfpu=fpv"
 144      6E3D6E6F 
 144      6E652720 
 144      272D6D63 
 144      70753D63 
 145 0066 342D7370 		.ascii	"4-sp-d16' '-mfloat-abi=hard' '-mlibarch=armv8-m.mai"
 145      2D643136 
 145      2720272D 
 145      6D666C6F 
 145      61742D61 
 146 0099 6E2B6473 		.ascii	"n+dsp+fp' '-march=armv8-m.main+dsp+fp' '-Os' '-flto"
 146      702B6670 
 146      2720272D 
 146      6D617263 
 146      683D6172 
 147 00cc 2720272D 		.ascii	"' '-fdata-sections' '-ffunction-sections' '-Xassemb"
 147      66646174 
 147      612D7365 
 147      6374696F 
 147      6E732720 
 148 00ff 6C657227 		.ascii	"ler' '-a' '-Xassembler' '-ad' '-Xassembler' '-alms="
 148      20272D61 
 148      2720272D 
 148      58617373 
 148      656D626C 
 149 0132 6275696C 		.ascii	"build/../sdk/stm32/STM32_USBX_Library/common/core/s"
 149      642F2E2E 
 149      2F73646B 
 149      2F73746D 
 149      33322F53 
 150 0165 72632F75 		.ascii	"rc/ux_utility_string_length_get.lst'\000"
 150      785F7574 
 150      696C6974 
 150      795F7374 
 150      72696E67 
 151              		.text
 152              		.comm	__gnu_lto_slim,1,1
 153              		.ident	"GCC: (15:10.3-2021.07-4) 10.3.1 20210621 (release)"
ARM GAS  /tmp/ccbiW1l7.s 			page 10


DEFINED SYMBOLS
                            *ABS*:0000000000000000 ux_utility_string_length_get.c
                            *COM*:0000000000000001 __gnu_lto_slim

NO UNDEFINED SYMBOLS
