ARM GAS  /tmp/ccTxBN3G.s 			page 1


   1              		.cpu cortex-m33
   2              		.eabi_attribute 27, 1
   3              		.eabi_attribute 28, 1
   4              		.eabi_attribute 20, 1
   5              		.eabi_attribute 21, 1
   6              		.eabi_attribute 23, 3
   7              		.eabi_attribute 24, 1
   8              		.eabi_attribute 25, 1
   9              		.eabi_attribute 26, 1
  10              		.eabi_attribute 30, 4
  11              		.eabi_attribute 34, 1
  12              		.eabi_attribute 18, 4
  13              		.file	"coding.c"
  14              		.text
  15              		.section	.text.Base64_Char2Val_CT,"ax",%progbits
  16              		.align	1
  17              		.arch armv8-m.main
  18              		.arch_extension dsp
  19              		.syntax unified
  20              		.thumb
  21              		.thumb_func
  22              		.fpu fpv4-sp-d16
  24              	Base64_Char2Val_CT:
  25              		@ args = 0, pretend = 0, frame = 0
  26              		@ frame_needed = 0, uses_anonymous_args = 0
  27 0000 A0F17B02 		sub	r2, r0, #123
  28 0004 A0F16103 		sub	r3, r0, #97
  29 0008 5340     		eors	r3, r3, r2
  30 000a A0F14602 		sub	r2, r0, #70
  31 000e 02EA2322 		and	r2, r2, r3, asr #8
  32 0012 A0F15B01 		sub	r1, r0, #91
  33 0016 A0F14103 		sub	r3, r0, #65
  34 001a 5940     		eors	r1, r1, r3
  35 001c A0F14003 		sub	r3, r0, #64
  36 0020 03EA2123 		and	r3, r3, r1, asr #8
  37 0024 1343     		orrs	r3, r3, r2
  38 0026 A0F13001 		sub	r1, r0, #48
  39 002a A0F13A02 		sub	r2, r0, #58
  40 002e 10B5     		push	{r4, lr}
  41 0030 81EA0204 		eor	r4, r1, r2
  42 0034 421D     		adds	r2, r0, #5
  43 0036 02EA2422 		and	r2, r2, r4, asr #8
  44 003a 1A43     		orrs	r2, r2, r3
  45 003c A0F12F03 		sub	r3, r0, #47
  46 0040 5940     		eors	r1, r1, r3
  47 0042 00F11103 		add	r3, r0, #17
  48 0046 03EA2123 		and	r3, r3, r1, asr #8
  49 004a 1343     		orrs	r3, r3, r2
  50 004c A0F12C01 		sub	r1, r0, #44
  51 0050 A0F12B02 		sub	r2, r0, #43
  52 0054 4A40     		eors	r2, r2, r1
  53 0056 1430     		adds	r0, r0, #20
  54 0058 00EA2220 		and	r0, r0, r2, asr #8
  55 005c 1843     		orrs	r0, r0, r3
  56 005e 0138     		subs	r0, r0, #1
  57 0060 C0B2     		uxtb	r0, r0
  58 0062 10BD     		pop	{r4, pc}
ARM GAS  /tmp/ccTxBN3G.s 			page 2


  60              		.section	.text.Base64_SkipNewline,"ax",%progbits
  61              		.align	1
  62              		.global	Base64_SkipNewline
  63              		.syntax unified
  64              		.thumb
  65              		.thumb_func
  66              		.fpu fpv4-sp-d16
  68              	Base64_SkipNewline:
  69              		@ args = 0, pretend = 0, frame = 0
  70              		@ frame_needed = 0, uses_anonymous_args = 0
  71 0000 0B68     		ldr	r3, [r1]
  72 0002 F0B5     		push	{r4, r5, r6, r7, lr}
  73 0004 1468     		ldr	r4, [r2]
  74 0006 53B3     		cbz	r3, .L19
  75 0008 055D     		ldrb	r5, [r0, r4]	@ zero_extendqisi2
  76              	.L4:
  77 000a 012B     		cmp	r3, #1
  78 000c 01D0     		beq	.L5
  79 000e 202D     		cmp	r5, #32
  80 0010 19D0     		beq	.L6
  81              	.L5:
  82 0012 0D2D     		cmp	r5, #13
  83 0014 01D0     		beq	.L13
  84 0016 0A2D     		cmp	r5, #10
  85 0018 0FD1     		bne	.L9
  86              	.L13:
  87 001a 0D2D     		cmp	r5, #13
  88 001c 04F10107 		add	r7, r4, #1
  89 0020 03F1FF36 		add	r6, r3, #-1
  90 0024 03D1     		bne	.L8
  91 0026 BEB1     		cbz	r6, .L17
  92 0028 C55D     		ldrb	r5, [r0, r7]	@ zero_extendqisi2
  93 002a 9E1E     		subs	r6, r3, #2
  94 002c A71C     		adds	r7, r4, #2
  95              	.L8:
  96 002e 0A2D     		cmp	r5, #10
  97 0030 12D1     		bne	.L17
  98 0032 A6B1     		cbz	r6, .L19
  99 0034 3C46     		mov	r4, r7
 100 0036 3346     		mov	r3, r6
 101 0038 C55D     		ldrb	r5, [r0, r7]	@ zero_extendqisi2
 102              	.L9:
 103 003a 202D     		cmp	r5, #32
 104 003c 07D0     		beq	.L11
 105 003e 0B60     		str	r3, [r1]
 106 0040 0020     		movs	r0, #0
 107 0042 1460     		str	r4, [r2]
 108 0044 0AE0     		b	.L2
 109              	.L6:
 110 0046 0134     		adds	r4, r4, #1
 111 0048 055D     		ldrb	r5, [r0, r4]	@ zero_extendqisi2
 112 004a 013B     		subs	r3, r3, #1
 113 004c DDE7     		b	.L4
 114              	.L11:
 115 004e 013B     		subs	r3, r3, #1
 116 0050 05D0     		beq	.L19
 117 0052 0134     		adds	r4, r4, #1
ARM GAS  /tmp/ccTxBN3G.s 			page 3


 118 0054 055D     		ldrb	r5, [r0, r4]	@ zero_extendqisi2
 119 0056 F0E7     		b	.L9
 120              	.L17:
 121 0058 6FF09900 		mvn	r0, #153
 122              	.L2:
 123 005c F0BD     		pop	{r4, r5, r6, r7, pc}
 124              	.L19:
 125 005e 6FF08300 		mvn	r0, #131
 126 0062 FBE7     		b	.L2
 128              		.section	.text.Base64_Decode_nonCT,"ax",%progbits
 129              		.align	1
 130              		.global	Base64_Decode_nonCT
 131              		.syntax unified
 132              		.thumb
 133              		.thumb_func
 134              		.fpu fpv4-sp-d16
 136              	Base64_Decode_nonCT:
 137              		@ args = 0, pretend = 0, frame = 16
 138              		@ frame_needed = 0, uses_anonymous_args = 0
 139 0000 2DE9F04F 		push	{r4, r5, r6, r7, r8, r9, r10, fp, lr}
 140 0004 0024     		movs	r4, #0
 141 0006 0546     		mov	r5, r0
 142 0008 1646     		mov	r6, r2
 143 000a 9846     		mov	r8, r3
 144 000c 85B0     		sub	sp, sp, #20
 145 000e DFF860A1 		ldr	r10, .L64
 146 0012 0191     		str	r1, [sp, #4]
 147 0014 0394     		str	r4, [sp, #12]
 148              	.L31:
 149 0016 019B     		ldr	r3, [sp, #4]
 150 0018 032B     		cmp	r3, #3
 151 001a 0AD8     		bhi	.L39
 152              	.L33:
 153 001c 2EB1     		cbz	r6, .L40
 154 001e D8F80030 		ldr	r3, [r8]
 155 0022 A342     		cmp	r3, r4
 156 0024 84BF     		itt	hi
 157 0026 0023     		movhi	r3, #0
 158 0028 3355     		strbhi	r3, [r6, r4]
 159              	.L40:
 160 002a 0020     		movs	r0, #0
 161 002c C8F80040 		str	r4, [r8]
 162 0030 08E0     		b	.L30
 163              	.L39:
 164 0032 2846     		mov	r0, r5
 165 0034 03AA     		add	r2, sp, #12
 166 0036 01A9     		add	r1, sp, #4
 167 0038 FFF7FEFF 		bl	Base64_SkipNewline
 168 003c 28B1     		cbz	r0, .L32
 169 003e 10F1840F 		cmn	r0, #132
 170 0042 EBD0     		beq	.L33
 171              	.L30:
 172 0044 05B0     		add	sp, sp, #20
 173              		@ sp needed
 174 0046 BDE8F08F 		pop	{r4, r5, r6, r7, r8, r9, r10, fp, pc}
 175              	.L32:
 176 004a 039B     		ldr	r3, [sp, #12]
ARM GAS  /tmp/ccTxBN3G.s 			page 4


 177 004c EF5C     		ldrb	r7, [r5, r3]	@ zero_extendqisi2
 178 004e 581C     		adds	r0, r3, #1
 179 0050 0390     		str	r0, [sp, #12]
 180 0052 002F     		cmp	r7, #0
 181 0054 E2D0     		beq	.L33
 182 0056 019B     		ldr	r3, [sp, #4]
 183 0058 2846     		mov	r0, r5
 184 005a 013B     		subs	r3, r3, #1
 185 005c 0193     		str	r3, [sp, #4]
 186 005e FFF7FEFF 		bl	Base64_SkipNewline
 187 0062 0028     		cmp	r0, #0
 188 0064 EED1     		bne	.L30
 189 0066 039B     		ldr	r3, [sp, #12]
 190 0068 581C     		adds	r0, r3, #1
 191 006a 15F80390 		ldrb	r9, [r5, r3]	@ zero_extendqisi2
 192 006e 019B     		ldr	r3, [sp, #4]
 193 0070 0390     		str	r0, [sp, #12]
 194 0072 013B     		subs	r3, r3, #1
 195 0074 2846     		mov	r0, r5
 196 0076 0193     		str	r3, [sp, #4]
 197 0078 FFF7FEFF 		bl	Base64_SkipNewline
 198 007c 0028     		cmp	r0, #0
 199 007e E1D1     		bne	.L30
 200 0080 039B     		ldr	r3, [sp, #12]
 201 0082 581C     		adds	r0, r3, #1
 202 0084 15F803B0 		ldrb	fp, [r5, r3]	@ zero_extendqisi2
 203 0088 019B     		ldr	r3, [sp, #4]
 204 008a 0390     		str	r0, [sp, #12]
 205 008c 013B     		subs	r3, r3, #1
 206 008e 2846     		mov	r0, r5
 207 0090 0193     		str	r3, [sp, #4]
 208 0092 FFF7FEFF 		bl	Base64_SkipNewline
 209 0096 0028     		cmp	r0, #0
 210 0098 D4D1     		bne	.L30
 211 009a 039B     		ldr	r3, [sp, #12]
 212 009c E95C     		ldrb	r1, [r5, r3]	@ zero_extendqisi2
 213 009e 5A1C     		adds	r2, r3, #1
 214 00a0 019B     		ldr	r3, [sp, #4]
 215 00a2 3D29     		cmp	r1, #61
 216 00a4 03F1FF33 		add	r3, r3, #-1
 217 00a8 0392     		str	r2, [sp, #12]
 218 00aa 0193     		str	r3, [sp, #4]
 219 00ac 5AD1     		bne	.L35
 220 00ae 0120     		movs	r0, #1
 221              	.L41:
 222 00b0 A7F12B03 		sub	r3, r7, #43
 223 00b4 4F2B     		cmp	r3, #79
 224 00b6 58D8     		bhi	.L54
 225 00b8 A9F12B03 		sub	r3, r9, #43
 226 00bc 4F2B     		cmp	r3, #79
 227 00be 54D8     		bhi	.L54
 228 00c0 ABF12B03 		sub	r3, fp, #43
 229 00c4 4F2B     		cmp	r3, #79
 230 00c6 50D8     		bhi	.L54
 231 00c8 A1F12B03 		sub	r3, r1, #43
 232 00cc 4F2B     		cmp	r3, #79
 233 00ce 4CD8     		bhi	.L54
ARM GAS  /tmp/ccTxBN3G.s 			page 5


 234 00d0 BBF13D03 		subs	r3, fp, #61
 235 00d4 18BF     		it	ne
 236 00d6 0123     		movne	r3, #1
 237 00d8 0133     		adds	r3, r3, #1
 238 00da 80F00102 		eor	r2, r0, #1
 239 00de 2344     		add	r3, r3, r4
 240 00e0 1344     		add	r3, r3, r2
 241 00e2 D8F80020 		ldr	r2, [r8]
 242 00e6 9342     		cmp	r3, r2
 243 00e8 39D8     		bhi	.L46
 244 00ea BBF13D0F 		cmp	fp, #61
 245 00ee 5744     		add	r7, r7, r10
 246 00f0 18BF     		it	ne
 247 00f2 0AEB0B03 		addne	r3, r10, fp
 248 00f6 17F82BCC 		ldrb	ip, [r7, #-43]	@ zero_extendqisi2
 249 00fa 0CBF     		ite	eq
 250 00fc 0023     		moveq	r3, #0
 251 00fe 13F82B3C 		ldrbne	r3, [r3, #-43]	@ zero_extendqisi2
 252 0102 3D29     		cmp	r1, #61
 253 0104 16BF     		itet	ne
 254 0106 5144     		addne	r1, r1, r10
 255 0108 0022     		moveq	r2, #0
 256 010a 11F82B2C 		ldrbne	r2, [r1, #-43]	@ zero_extendqisi2
 257 010e D144     		add	r9, r9, r10
 258 0110 BCF1FF0F 		cmp	ip, #255
 259 0114 19F82B7C 		ldrb	r7, [r9, #-43]	@ zero_extendqisi2
 260 0118 27D0     		beq	.L54
 261 011a FF2F     		cmp	r7, #255
 262 011c 25D0     		beq	.L54
 263 011e FF2B     		cmp	r3, #255
 264 0120 23D0     		beq	.L54
 265 0122 FF2A     		cmp	r2, #255
 266 0124 21D0     		beq	.L54
 267 0126 BBF13D0F 		cmp	fp, #61
 268 012a 42EA8312 		orr	r2, r2, r3, lsl #6
 269 012e 4FEA171E 		lsr	lr, r7, #4
 270 0132 18BF     		it	ne
 271 0134 9B08     		lsrne	r3, r3, #2
 272 0136 04F10101 		add	r1, r4, #1
 273 013a 4EEA8C0C 		orr	ip, lr, ip, lsl #2
 274 013e 18BF     		it	ne
 275 0140 43EA0713 		orrne	r3, r3, r7, lsl #4
 276 0144 06F804C0 		strb	ip, [r6, r4]
 277 0148 D2B2     		uxtb	r2, r2
 278 014a 0EBF     		itee	eq
 279 014c 0C46     		moveq	r4, r1
 280 014e 0234     		addne	r4, r4, #2
 281 0150 7354     		strbne	r3, [r6, r1]
 282 0152 0028     		cmp	r0, #0
 283 0154 7FF462AF 		bne	.L33
 284 0158 3255     		strb	r2, [r6, r4]
 285 015a 0134     		adds	r4, r4, #1
 286 015c 5BE7     		b	.L31
 287              	.L46:
 288 015e 6FF08300 		mvn	r0, #131
 289 0162 6FE7     		b	.L30
 290              	.L35:
ARM GAS  /tmp/ccTxBN3G.s 			page 6


 291 0164 BBF13D0F 		cmp	fp, #61
 292 0168 A2D1     		bne	.L41
 293              	.L54:
 294 016a 6FF09900 		mvn	r0, #153
 295 016e 69E7     		b	.L30
 296              	.L65:
 297              		.align	2
 298              	.L64:
 299 0170 00000000 		.word	.LANCHOR0
 301              		.section	.text.Base64_Decode,"ax",%progbits
 302              		.align	1
 303              		.global	Base64_Decode
 304              		.syntax unified
 305              		.thumb
 306              		.thumb_func
 307              		.fpu fpv4-sp-d16
 309              	Base64_Decode:
 310              		@ args = 0, pretend = 0, frame = 24
 311              		@ frame_needed = 0, uses_anonymous_args = 0
 312 0000 2DE9F04F 		push	{r4, r5, r6, r7, r8, r9, r10, fp, lr}
 313 0004 0025     		movs	r5, #0
 314 0006 0646     		mov	r6, r0
 315 0008 9046     		mov	r8, r2
 316 000a 9946     		mov	r9, r3
 317 000c 87B0     		sub	sp, sp, #28
 318 000e 0391     		str	r1, [sp, #12]
 319 0010 0595     		str	r5, [sp, #20]
 320              	.L67:
 321 0012 039B     		ldr	r3, [sp, #12]
 322 0014 032B     		cmp	r3, #3
 323 0016 0DD8     		bhi	.L75
 324              	.L69:
 325 0018 B8F1000F 		cmp	r8, #0
 326 001c 06D0     		beq	.L76
 327 001e D9F80030 		ldr	r3, [r9]
 328 0022 AB42     		cmp	r3, r5
 329 0024 84BF     		itt	hi
 330 0026 0023     		movhi	r3, #0
 331 0028 08F80530 		strbhi	r3, [r8, r5]
 332              	.L76:
 333 002c 0024     		movs	r4, #0
 334 002e C9F80050 		str	r5, [r9]
 335 0032 09E0     		b	.L66
 336              	.L75:
 337 0034 3046     		mov	r0, r6
 338 0036 05AA     		add	r2, sp, #20
 339 0038 03A9     		add	r1, sp, #12
 340 003a FFF7FEFF 		bl	Base64_SkipNewline
 341 003e 0446     		mov	r4, r0
 342 0040 30B1     		cbz	r0, .L68
 343 0042 10F1840F 		cmn	r0, #132
 344 0046 E7D0     		beq	.L69
 345              	.L66:
 346 0048 2046     		mov	r0, r4
 347 004a 07B0     		add	sp, sp, #28
 348              		@ sp needed
 349 004c BDE8F08F 		pop	{r4, r5, r6, r7, r8, r9, r10, fp, pc}
ARM GAS  /tmp/ccTxBN3G.s 			page 7


 350              	.L68:
 351 0050 059B     		ldr	r3, [sp, #20]
 352 0052 16F803B0 		ldrb	fp, [r6, r3]	@ zero_extendqisi2
 353 0056 581C     		adds	r0, r3, #1
 354 0058 0590     		str	r0, [sp, #20]
 355 005a BBF1000F 		cmp	fp, #0
 356 005e DBD0     		beq	.L69
 357 0060 039B     		ldr	r3, [sp, #12]
 358 0062 3046     		mov	r0, r6
 359 0064 013B     		subs	r3, r3, #1
 360 0066 0393     		str	r3, [sp, #12]
 361 0068 FFF7FEFF 		bl	Base64_SkipNewline
 362 006c 0446     		mov	r4, r0
 363 006e 0028     		cmp	r0, #0
 364 0070 EAD1     		bne	.L66
 365 0072 059B     		ldr	r3, [sp, #20]
 366 0074 581C     		adds	r0, r3, #1
 367 0076 F75C     		ldrb	r7, [r6, r3]	@ zero_extendqisi2
 368 0078 039B     		ldr	r3, [sp, #12]
 369 007a 0590     		str	r0, [sp, #20]
 370 007c 013B     		subs	r3, r3, #1
 371 007e 3046     		mov	r0, r6
 372 0080 0393     		str	r3, [sp, #12]
 373 0082 FFF7FEFF 		bl	Base64_SkipNewline
 374 0086 0446     		mov	r4, r0
 375 0088 0028     		cmp	r0, #0
 376 008a DDD1     		bne	.L66
 377 008c 059B     		ldr	r3, [sp, #20]
 378 008e 581C     		adds	r0, r3, #1
 379 0090 16F803A0 		ldrb	r10, [r6, r3]	@ zero_extendqisi2
 380 0094 039B     		ldr	r3, [sp, #12]
 381 0096 0590     		str	r0, [sp, #20]
 382 0098 013B     		subs	r3, r3, #1
 383 009a 3046     		mov	r0, r6
 384 009c 0393     		str	r3, [sp, #12]
 385 009e FFF7FEFF 		bl	Base64_SkipNewline
 386 00a2 0446     		mov	r4, r0
 387 00a4 0028     		cmp	r0, #0
 388 00a6 CFD1     		bne	.L66
 389 00a8 059B     		ldr	r3, [sp, #20]
 390 00aa 5A1C     		adds	r2, r3, #1
 391 00ac 0592     		str	r2, [sp, #20]
 392 00ae F35C     		ldrb	r3, [r6, r3]	@ zero_extendqisi2
 393 00b0 039A     		ldr	r2, [sp, #12]
 394 00b2 3D2B     		cmp	r3, #61
 395 00b4 02F1FF32 		add	r2, r2, #-1
 396 00b8 0392     		str	r2, [sp, #12]
 397 00ba 56D1     		bne	.L71
 398 00bc 0124     		movs	r4, #1
 399              	.L77:
 400 00be BAF13D02 		subs	r2, r10, #61
 401 00c2 18BF     		it	ne
 402 00c4 0122     		movne	r2, #1
 403 00c6 0132     		adds	r2, r2, #1
 404 00c8 84F00101 		eor	r1, r4, #1
 405 00cc 2A44     		add	r2, r2, r5
 406 00ce 0A44     		add	r2, r2, r1
ARM GAS  /tmp/ccTxBN3G.s 			page 8


 407 00d0 D9F80010 		ldr	r1, [r9]
 408 00d4 0193     		str	r3, [sp, #4]
 409 00d6 8A42     		cmp	r2, r1
 410 00d8 44D8     		bhi	.L78
 411 00da 5846     		mov	r0, fp
 412 00dc FFF7FEFF 		bl	Base64_Char2Val_CT
 413 00e0 8346     		mov	fp, r0
 414 00e2 3846     		mov	r0, r7
 415 00e4 FFF7FEFF 		bl	Base64_Char2Val_CT
 416 00e8 BAF13D0F 		cmp	r10, #61
 417 00ec 0246     		mov	r2, r0
 418 00ee 019B     		ldr	r3, [sp, #4]
 419 00f0 34D0     		beq	.L79
 420 00f2 0290     		str	r0, [sp, #8]
 421 00f4 5046     		mov	r0, r10
 422 00f6 FFF7FEFF 		bl	Base64_Char2Val_CT
 423 00fa DDE90132 		ldrd	r3, r2, [sp, #4]
 424 00fe 0746     		mov	r7, r0
 425              	.L72:
 426 0100 3D2B     		cmp	r3, #61
 427 0102 2DD0     		beq	.L80
 428 0104 1846     		mov	r0, r3
 429 0106 0192     		str	r2, [sp, #4]
 430 0108 FFF7FEFF 		bl	Base64_Char2Val_CT
 431 010c 019A     		ldr	r2, [sp, #4]
 432              	.L73:
 433 010e BBF1FF0F 		cmp	fp, #255
 434 0112 2DD0     		beq	.L86
 435 0114 FF2A     		cmp	r2, #255
 436 0116 2BD0     		beq	.L86
 437 0118 FF2F     		cmp	r7, #255
 438 011a 29D0     		beq	.L86
 439 011c FF28     		cmp	r0, #255
 440 011e 27D0     		beq	.L86
 441 0120 BAF13D0F 		cmp	r10, #61
 442 0124 4FEA1211 		lsr	r1, r2, #4
 443 0128 41EA8B0B 		orr	fp, r1, fp, lsl #2
 444 012c 18BF     		it	ne
 445 012e B908     		lsrne	r1, r7, #2
 446 0130 05F10103 		add	r3, r5, #1
 447 0134 40EA8710 		orr	r0, r0, r7, lsl #6
 448 0138 18BF     		it	ne
 449 013a 41EA0217 		orrne	r7, r1, r2, lsl #4
 450 013e 08F805B0 		strb	fp, [r8, r5]
 451 0142 C0B2     		uxtb	r0, r0
 452 0144 0EBF     		itee	eq
 453 0146 1D46     		moveq	r5, r3
 454 0148 0235     		addne	r5, r5, #2
 455 014a 08F80370 		strbne	r7, [r8, r3]
 456 014e 002C     		cmp	r4, #0
 457 0150 7FF462AF 		bne	.L69
 458 0154 08F80500 		strb	r0, [r8, r5]
 459 0158 0135     		adds	r5, r5, #1
 460 015a 5AE7     		b	.L67
 461              	.L79:
 462 015c 0027     		movs	r7, #0
 463 015e CFE7     		b	.L72
ARM GAS  /tmp/ccTxBN3G.s 			page 9


 464              	.L80:
 465 0160 0020     		movs	r0, #0
 466 0162 D4E7     		b	.L73
 467              	.L78:
 468 0164 6FF08304 		mvn	r4, #131
 469 0168 6EE7     		b	.L66
 470              	.L71:
 471 016a BAF13D0F 		cmp	r10, #61
 472 016e A6D1     		bne	.L77
 473              	.L86:
 474 0170 6FF09904 		mvn	r4, #153
 475 0174 68E7     		b	.L66
 477              		.section	.rodata.base64Decode_table,"a"
 478              		.set	.LANCHOR0,. + 0
 481              	base64Decode_table:
 482 0000 3EFFFFFF 		.ascii	">\377\377\377?456789:;<=\377\377\377\377\377\377\377"
 482      3F343536 
 482      3738393A 
 482      3B3C3DFF 
 482      FFFFFFFF 
 483 0016 00010203 		.ascii	"\000\001\002\003\004\005\006\007\010\011\012\013\014"
 483      04050607 
 483      08090A0B 
 483      0C
 484 0023 0D0E0F10 		.ascii	"\015\016\017\020\021\022\023\024\025\026\027\030\031"
 484      11121314 
 484      15161718 
 484      19
 485 0030 FFFFFFFF 		.ascii	"\377\377\377\377\377\377\032\033\034\035\036\037 !\""
 485      FFFF1A1B 
 485      1C1D1E1F 
 485      202122
 486 003f 23242526 		.ascii	"#$%&'()*+,-./0123"
 486      2728292A 
 486      2B2C2D2E 
 486      2F303132 
 486      33
 487              		.ident	"GCC: (15:10.3-2021.07-4) 10.3.1 20210621 (release)"
ARM GAS  /tmp/ccTxBN3G.s 			page 10


DEFINED SYMBOLS
                            *ABS*:0000000000000000 coding.c
     /tmp/ccTxBN3G.s:16     .text.Base64_Char2Val_CT:0000000000000000 $t
     /tmp/ccTxBN3G.s:24     .text.Base64_Char2Val_CT:0000000000000000 Base64_Char2Val_CT
     /tmp/ccTxBN3G.s:61     .text.Base64_SkipNewline:0000000000000000 $t
     /tmp/ccTxBN3G.s:68     .text.Base64_SkipNewline:0000000000000000 Base64_SkipNewline
     /tmp/ccTxBN3G.s:129    .text.Base64_Decode_nonCT:0000000000000000 $t
     /tmp/ccTxBN3G.s:136    .text.Base64_Decode_nonCT:0000000000000000 Base64_Decode_nonCT
     /tmp/ccTxBN3G.s:299    .text.Base64_Decode_nonCT:0000000000000170 $d
     /tmp/ccTxBN3G.s:302    .text.Base64_Decode:0000000000000000 $t
     /tmp/ccTxBN3G.s:309    .text.Base64_Decode:0000000000000000 Base64_Decode
     /tmp/ccTxBN3G.s:481    .rodata.base64Decode_table:0000000000000000 base64Decode_table

NO UNDEFINED SYMBOLS
