ARM GAS  /tmp/cczYnnZJ.s 			page 1


   1              		.cpu cortex-m33
   2              		.eabi_attribute 27, 1
   3              		.eabi_attribute 28, 1
   4              		.eabi_attribute 20, 1
   5              		.eabi_attribute 21, 1
   6              		.eabi_attribute 23, 3
   7              		.eabi_attribute 24, 1
   8              		.eabi_attribute 25, 1
   9              		.eabi_attribute 26, 1
  10              		.eabi_attribute 30, 4
  11              		.eabi_attribute 34, 1
  12              		.eabi_attribute 18, 4
  13              		.file	"memory.c"
  14              		.text
  15              		.section	.text.wolfSSL_SetAllocators,"ax",%progbits
  16              		.align	1
  17              		.global	wolfSSL_SetAllocators
  18              		.arch armv8-m.main
  19              		.arch_extension dsp
  20              		.syntax unified
  21              		.thumb
  22              		.thumb_func
  23              		.fpu fpv4-sp-d16
  25              	wolfSSL_SetAllocators:
  26              		@ args = 0, pretend = 0, frame = 0
  27              		@ frame_needed = 0, uses_anonymous_args = 0
  28              		@ link register save eliminated.
  29 0000 034B     		ldr	r3, .L2
  30 0002 1860     		str	r0, [r3]
  31 0004 034B     		ldr	r3, .L2+4
  32 0006 0020     		movs	r0, #0
  33 0008 1960     		str	r1, [r3]
  34 000a 034B     		ldr	r3, .L2+8
  35 000c 1A60     		str	r2, [r3]
  36 000e 7047     		bx	lr
  37              	.L3:
  38              		.align	2
  39              	.L2:
  40 0010 00000000 		.word	.LANCHOR0
  41 0014 00000000 		.word	.LANCHOR1
  42 0018 00000000 		.word	.LANCHOR2
  44              		.section	.text.wolfSSL_GetAllocators,"ax",%progbits
  45              		.align	1
  46              		.global	wolfSSL_GetAllocators
  47              		.syntax unified
  48              		.thumb
  49              		.thumb_func
  50              		.fpu fpv4-sp-d16
  52              	wolfSSL_GetAllocators:
  53              		@ args = 0, pretend = 0, frame = 0
  54              		@ frame_needed = 0, uses_anonymous_args = 0
  55              		@ link register save eliminated.
  56 0000 10B1     		cbz	r0, .L5
  57 0002 064B     		ldr	r3, .L17
  58 0004 1B68     		ldr	r3, [r3]
  59 0006 0360     		str	r3, [r0]
  60              	.L5:
ARM GAS  /tmp/cczYnnZJ.s 			page 2


  61 0008 11B1     		cbz	r1, .L6
  62 000a 054B     		ldr	r3, .L17+4
  63 000c 1B68     		ldr	r3, [r3]
  64 000e 0B60     		str	r3, [r1]
  65              	.L6:
  66 0010 12B1     		cbz	r2, .L7
  67 0012 044B     		ldr	r3, .L17+8
  68 0014 1B68     		ldr	r3, [r3]
  69 0016 1360     		str	r3, [r2]
  70              	.L7:
  71 0018 0020     		movs	r0, #0
  72 001a 7047     		bx	lr
  73              	.L18:
  74              		.align	2
  75              	.L17:
  76 001c 00000000 		.word	.LANCHOR0
  77 0020 00000000 		.word	.LANCHOR1
  78 0024 00000000 		.word	.LANCHOR2
  80              		.section	.text.wolfSSL_Malloc,"ax",%progbits
  81              		.align	1
  82              		.global	wolfSSL_Malloc
  83              		.syntax unified
  84              		.thumb
  85              		.thumb_func
  86              		.fpu fpv4-sp-d16
  88              	wolfSSL_Malloc:
  89              		@ args = 0, pretend = 0, frame = 0
  90              		@ frame_needed = 0, uses_anonymous_args = 0
  91              		@ link register save eliminated.
  92 0000 024B     		ldr	r3, .L21
  93 0002 1B68     		ldr	r3, [r3]
  94 0004 03B1     		cbz	r3, .L20
  95 0006 1847     		bx	r3
  96              	.L20:
  97 0008 FFF7FEBF 		b	malloc
  98              	.L22:
  99              		.align	2
 100              	.L21:
 101 000c 00000000 		.word	.LANCHOR0
 103              		.section	.text.wolfSSL_Free,"ax",%progbits
 104              		.align	1
 105              		.global	wolfSSL_Free
 106              		.syntax unified
 107              		.thumb
 108              		.thumb_func
 109              		.fpu fpv4-sp-d16
 111              	wolfSSL_Free:
 112              		@ args = 0, pretend = 0, frame = 0
 113              		@ frame_needed = 0, uses_anonymous_args = 0
 114              		@ link register save eliminated.
 115 0000 024B     		ldr	r3, .L25
 116 0002 1B68     		ldr	r3, [r3]
 117 0004 03B1     		cbz	r3, .L24
 118 0006 1847     		bx	r3	@ indirect register sibling call
 119              	.L24:
 120 0008 FFF7FEBF 		b	free
 121              	.L26:
ARM GAS  /tmp/cczYnnZJ.s 			page 3


 122              		.align	2
 123              	.L25:
 124 000c 00000000 		.word	.LANCHOR1
 126              		.section	.text.wolfSSL_Realloc,"ax",%progbits
 127              		.align	1
 128              		.global	wolfSSL_Realloc
 129              		.syntax unified
 130              		.thumb
 131              		.thumb_func
 132              		.fpu fpv4-sp-d16
 134              	wolfSSL_Realloc:
 135              		@ args = 0, pretend = 0, frame = 0
 136              		@ frame_needed = 0, uses_anonymous_args = 0
 137              		@ link register save eliminated.
 138 0000 024B     		ldr	r3, .L29
 139 0002 1B68     		ldr	r3, [r3]
 140 0004 03B1     		cbz	r3, .L28
 141 0006 1847     		bx	r3
 142              	.L28:
 143 0008 FFF7FEBF 		b	realloc
 144              	.L30:
 145              		.align	2
 146              	.L29:
 147 000c 00000000 		.word	.LANCHOR2
 149              		.section	.text.wc_ForceZero,"ax",%progbits
 150              		.align	1
 151              		.global	wc_ForceZero
 152              		.syntax unified
 153              		.thumb
 154              		.thumb_func
 155              		.fpu fpv4-sp-d16
 157              	wc_ForceZero:
 158              		@ args = 0, pretend = 0, frame = 8
 159              		@ frame_needed = 0, uses_anonymous_args = 0
 160 0000 73B5     		push	{r0, r1, r4, r5, r6, lr}
 161 0002 0346     		mov	r3, r0
 162 0004 0C46     		mov	r4, r1
 163 0006 BFF35B8F 		dmb	ish
 164 000a 0022     		movs	r2, #0
 165              	.L32:
 166 000c 13F00301 		ands	r1, r3, #3
 167 0010 13D1     		bne	.L34
 168 0012 24F00305 		bic	r5, r4, #3
 169 0016 2A46     		mov	r2, r5
 170 0018 1846     		mov	r0, r3
 171 001a 0191     		str	r1, [sp, #4]
 172 001c FFF7FEFF 		bl	memset
 173 0020 6FF00302 		mvn	r2, #3
 174 0024 A608     		lsrs	r6, r4, #2
 175 0026 02FB0642 		mla	r2, r2, r6, r4
 176 002a 0199     		ldr	r1, [sp, #4]
 177 002c 2844     		add	r0, r0, r5
 178 002e FFF7FEFF 		bl	memset
 179 0032 BFF35B8F 		dmb	ish
 180              	.L31:
 181 0036 02B0     		add	sp, sp, #8
 182              		@ sp needed
ARM GAS  /tmp/cczYnnZJ.s 			page 4


 183 0038 70BD     		pop	{r4, r5, r6, pc}
 184              	.L34:
 185 003a 002C     		cmp	r4, #0
 186 003c FBD0     		beq	.L31
 187 003e 03F8012B 		strb	r2, [r3], #1
 188 0042 013C     		subs	r4, r4, #1
 189 0044 E2E7     		b	.L32
 191              		.section	.bss.free_function,"aw",%nobits
 192              		.align	2
 193              		.set	.LANCHOR1,. + 0
 196              	free_function:
 197 0000 00000000 		.space	4
 198              		.section	.bss.malloc_function,"aw",%nobits
 199              		.align	2
 200              		.set	.LANCHOR0,. + 0
 203              	malloc_function:
 204 0000 00000000 		.space	4
 205              		.section	.bss.realloc_function,"aw",%nobits
 206              		.align	2
 207              		.set	.LANCHOR2,. + 0
 210              	realloc_function:
 211 0000 00000000 		.space	4
 212              		.ident	"GCC: (15:10.3-2021.07-4) 10.3.1 20210621 (release)"
ARM GAS  /tmp/cczYnnZJ.s 			page 5


DEFINED SYMBOLS
                            *ABS*:0000000000000000 memory.c
     /tmp/cczYnnZJ.s:16     .text.wolfSSL_SetAllocators:0000000000000000 $t
     /tmp/cczYnnZJ.s:25     .text.wolfSSL_SetAllocators:0000000000000000 wolfSSL_SetAllocators
     /tmp/cczYnnZJ.s:40     .text.wolfSSL_SetAllocators:0000000000000010 $d
     /tmp/cczYnnZJ.s:45     .text.wolfSSL_GetAllocators:0000000000000000 $t
     /tmp/cczYnnZJ.s:52     .text.wolfSSL_GetAllocators:0000000000000000 wolfSSL_GetAllocators
     /tmp/cczYnnZJ.s:76     .text.wolfSSL_GetAllocators:000000000000001c $d
     /tmp/cczYnnZJ.s:81     .text.wolfSSL_Malloc:0000000000000000 $t
     /tmp/cczYnnZJ.s:88     .text.wolfSSL_Malloc:0000000000000000 wolfSSL_Malloc
     /tmp/cczYnnZJ.s:101    .text.wolfSSL_Malloc:000000000000000c $d
     /tmp/cczYnnZJ.s:104    .text.wolfSSL_Free:0000000000000000 $t
     /tmp/cczYnnZJ.s:111    .text.wolfSSL_Free:0000000000000000 wolfSSL_Free
     /tmp/cczYnnZJ.s:124    .text.wolfSSL_Free:000000000000000c $d
     /tmp/cczYnnZJ.s:127    .text.wolfSSL_Realloc:0000000000000000 $t
     /tmp/cczYnnZJ.s:134    .text.wolfSSL_Realloc:0000000000000000 wolfSSL_Realloc
     /tmp/cczYnnZJ.s:147    .text.wolfSSL_Realloc:000000000000000c $d
     /tmp/cczYnnZJ.s:150    .text.wc_ForceZero:0000000000000000 $t
     /tmp/cczYnnZJ.s:157    .text.wc_ForceZero:0000000000000000 wc_ForceZero
     /tmp/cczYnnZJ.s:192    .bss.free_function:0000000000000000 $d
     /tmp/cczYnnZJ.s:196    .bss.free_function:0000000000000000 free_function
     /tmp/cczYnnZJ.s:199    .bss.malloc_function:0000000000000000 $d
     /tmp/cczYnnZJ.s:203    .bss.malloc_function:0000000000000000 malloc_function
     /tmp/cczYnnZJ.s:206    .bss.realloc_function:0000000000000000 $d
     /tmp/cczYnnZJ.s:210    .bss.realloc_function:0000000000000000 realloc_function

UNDEFINED SYMBOLS
malloc
free
realloc
memset
