ARM GAS  /tmp/ccE1PSAU.s 			page 1


   1              		.cpu cortex-m33
   2              		.eabi_attribute 27, 1
   3              		.eabi_attribute 28, 1
   4              		.eabi_attribute 20, 1
   5              		.eabi_attribute 21, 1
   6              		.eabi_attribute 23, 3
   7              		.eabi_attribute 24, 1
   8              		.eabi_attribute 25, 1
   9              		.eabi_attribute 26, 1
  10              		.eabi_attribute 30, 4
  11              		.eabi_attribute 34, 1
  12              		.eabi_attribute 18, 4
  13              		.file	"random.c"
  14              		.text
  15              		.section	.text.ConstantCompare,"ax",%progbits
  16              		.align	1
  17              		.arch armv8-m.main
  18              		.arch_extension dsp
  19              		.syntax unified
  20              		.thumb
  21              		.thumb_func
  22              		.fpu fpv4-sp-d16
  24              	ConstantCompare:
  25              		@ args = 0, pretend = 0, frame = 0
  26              		@ frame_needed = 0, uses_anonymous_args = 0
  27 0000 70B5     		push	{r4, r5, r6, lr}
  28 0002 0446     		mov	r4, r0
  29 0004 0020     		movs	r0, #0
  30 0006 0346     		mov	r3, r0
  31              	.L2:
  32 0008 9342     		cmp	r3, r2
  33 000a 00DB     		blt	.L3
  34 000c 70BD     		pop	{r4, r5, r6, pc}
  35              	.L3:
  36 000e E55C     		ldrb	r5, [r4, r3]	@ zero_extendqisi2
  37 0010 CE5C     		ldrb	r6, [r1, r3]	@ zero_extendqisi2
  38 0012 0133     		adds	r3, r3, #1
  39 0014 7540     		eors	r5, r5, r6
  40 0016 2843     		orrs	r0, r0, r5
  41 0018 F6E7     		b	.L2
  43              		.section	.text.ForceZero,"ax",%progbits
  44              		.align	1
  45              		.syntax unified
  46              		.thumb
  47              		.thumb_func
  48              		.fpu fpv4-sp-d16
  50              	ForceZero:
  51              		@ args = 0, pretend = 0, frame = 8
  52              		@ frame_needed = 0, uses_anonymous_args = 0
  53 0000 73B5     		push	{r0, r1, r4, r5, r6, lr}
  54 0002 0346     		mov	r3, r0
  55 0004 0C46     		mov	r4, r1
  56 0006 BFF35B8F 		dmb	ish
  57 000a 0022     		movs	r2, #0
  58              	.L5:
  59 000c 13F00301 		ands	r1, r3, #3
  60 0010 13D1     		bne	.L7
ARM GAS  /tmp/ccE1PSAU.s 			page 2


  61 0012 24F00305 		bic	r5, r4, #3
  62 0016 2A46     		mov	r2, r5
  63 0018 1846     		mov	r0, r3
  64 001a 0191     		str	r1, [sp, #4]
  65 001c FFF7FEFF 		bl	memset
  66 0020 6FF00302 		mvn	r2, #3
  67 0024 A608     		lsrs	r6, r4, #2
  68 0026 02FB0642 		mla	r2, r2, r6, r4
  69 002a 0199     		ldr	r1, [sp, #4]
  70 002c 2844     		add	r0, r0, r5
  71 002e FFF7FEFF 		bl	memset
  72 0032 BFF35B8F 		dmb	ish
  73              	.L4:
  74 0036 02B0     		add	sp, sp, #8
  75              		@ sp needed
  76 0038 70BD     		pop	{r4, r5, r6, pc}
  77              	.L7:
  78 003a 002C     		cmp	r4, #0
  79 003c FBD0     		beq	.L4
  80 003e 03F8012B 		strb	r2, [r3], #1
  81 0042 013C     		subs	r4, r4, #1
  82 0044 E2E7     		b	.L5
  84              		.section	.text.Hash_DRBG_Uninstantiate,"ax",%progbits
  85              		.align	1
  86              		.syntax unified
  87              		.thumb
  88              		.thumb_func
  89              		.fpu fpv4-sp-d16
  91              	Hash_DRBG_Uninstantiate:
  92              		@ args = 0, pretend = 0, frame = 0
  93              		@ frame_needed = 0, uses_anonymous_args = 0
  94 0000 10B5     		push	{r4, lr}
  95 0002 0446     		mov	r4, r0
  96 0004 7C30     		adds	r0, r0, #124
  97 0006 FFF7FEFF 		bl	wc_Sha256Free
  98 000a 2046     		mov	r0, r4
  99 000c 4FF4DC71 		mov	r1, #440
 100 0010 FFF7FEFF 		bl	ForceZero
 101 0014 0020     		movs	r0, #0
 102 0016 631E     		subs	r3, r4, #1
 103 0018 04F2B714 		addw	r4, r4, #439
 104              	.L13:
 105 001c 13F8012F 		ldrb	r2, [r3, #1]!	@ zero_extendqisi2
 106 0020 A342     		cmp	r3, r4
 107 0022 40EA0200 		orr	r0, r0, r2
 108 0026 F9D1     		bne	.L13
 109 0028 0038     		subs	r0, r0, #0
 110 002a 18BF     		it	ne
 111 002c 0120     		movne	r0, #1
 112 002e 10BD     		pop	{r4, pc}
 114              		.section	.text.array_add.part.0.constprop.0,"ax",%progbits
 115              		.align	1
 116              		.syntax unified
 117              		.thumb
 118              		.thumb_func
 119              		.fpu fpv4-sp-d16
 121              	array_add.part.0.constprop.0:
ARM GAS  /tmp/ccE1PSAU.s 			page 3


 122              		@ args = 0, pretend = 0, frame = 0
 123              		@ frame_needed = 0, uses_anonymous_args = 0
 124 0000 0023     		movs	r3, #0
 125 0002 F0B5     		push	{r4, r5, r6, r7, lr}
 126 0004 541E     		subs	r4, r2, #1
 127 0006 00F13705 		add	r5, r0, #55
 128              	.L16:
 129 000a 0F5D     		ldrb	r7, [r1, r4]	@ zero_extendqisi2
 130 000c 15F8016D 		ldrb	r6, [r5, #-1]!	@ zero_extendqisi2
 131 0010 013C     		subs	r4, r4, #1
 132 0012 3E44     		add	r6, r6, r7
 133 0014 3344     		add	r3, r3, r6
 134 0016 2B70     		strb	r3, [r5]
 135 0018 C3F30F23 		ubfx	r3, r3, #8, #16
 136 001c F5D2     		bcs	.L16
 137 001e 002A     		cmp	r2, #0
 138 0020 C2F13601 		rsb	r1, r2, #54
 139 0024 D8BF     		it	le
 140 0026 3521     		movle	r1, #53
 141 0028 4218     		adds	r2, r0, r1
 142              	.L17:
 143 002a 111A     		subs	r1, r2, r0
 144 002c 0029     		cmp	r1, #0
 145 002e 00DA     		bge	.L18
 146 0030 F0BD     		pop	{r4, r5, r6, r7, pc}
 147              	.L18:
 148 0032 1178     		ldrb	r1, [r2]	@ zero_extendqisi2
 149 0034 0B44     		add	r3, r3, r1
 150 0036 9BB2     		uxth	r3, r3
 151 0038 02F80139 		strb	r3, [r2], #-1
 152 003c 1B0A     		lsrs	r3, r3, #8
 153 003e F4E7     		b	.L17
 155              		.section	.text.Hash_df.constprop.0,"ax",%progbits
 156              		.align	1
 157              		.syntax unified
 158              		.thumb
 159              		.thumb_func
 160              		.fpu fpv4-sp-d16
 162              	Hash_df.constprop.0:
 163              		@ args = 12, pretend = 0, frame = 16
 164              		@ frame_needed = 0, uses_anonymous_args = 0
 165 0000 2DE9F04F 		push	{r4, r5, r6, r7, r8, r9, r10, fp, lr}
 166 0004 9846     		mov	r8, r3
 167 0006 4FF4DC73 		mov	r3, #440
 168 000a 85B0     		sub	sp, sp, #20
 169 000c 0E46     		mov	r6, r1
 170 000e 0446     		mov	r4, r0
 171 0010 DDF840B0 		ldr	fp, [sp, #64]
 172 0014 8DF80720 		strb	r2, [sp, #7]
 173 0018 0393     		str	r3, [sp, #12]
 174 001a 18B9     		cbnz	r0, .L21
 175              	.L23:
 176 001c 0120     		movs	r0, #1
 177              	.L20:
 178 001e 05B0     		add	sp, sp, #20
 179              		@ sp needed
 180 0020 BDE8F08F 		pop	{r4, r5, r6, r7, r8, r9, r10, fp, pc}
ARM GAS  /tmp/ccE1PSAU.s 			page 4


 181              	.L21:
 182 0024 2020     		movs	r0, #32
 183 0026 FFF7FEFF 		bl	wolfSSL_Malloc
 184 002a 0546     		mov	r5, r0
 185 002c 0028     		cmp	r0, #0
 186 002e F5D0     		beq	.L23
 187 0030 039B     		ldr	r3, [sp, #12]
 188 0032 4FF00209 		mov	r9, #2
 189 0036 1BBA     		rev	r3, r3
 190 0038 0393     		str	r3, [sp, #12]
 191 003a 0123     		movs	r3, #1
 192 003c 3727     		movs	r7, #55
 193 003e 7C34     		adds	r4, r4, #124
 194 0040 8DF80B30 		strb	r3, [sp, #11]
 195              	.L33:
 196 0044 0122     		movs	r2, #1
 197 0046 2046     		mov	r0, r4
 198 0048 0DF10B01 		add	r1, sp, #11
 199 004c FFF7FEFF 		bl	wc_Sha256Update
 200 0050 8246     		mov	r10, r0
 201 0052 B0B9     		cbnz	r0, .L24
 202 0054 9DF80B30 		ldrb	r3, [sp, #11]	@ zero_extendqisi2
 203 0058 0422     		movs	r2, #4
 204 005a 0133     		adds	r3, r3, #1
 205 005c 2046     		mov	r0, r4
 206 005e 03A9     		add	r1, sp, #12
 207 0060 8DF80B30 		strb	r3, [sp, #11]
 208 0064 FFF7FEFF 		bl	wc_Sha256Update
 209 0068 8246     		mov	r10, r0
 210 006a 50B9     		cbnz	r0, .L24
 211 006c 9DF80730 		ldrb	r3, [sp, #7]	@ zero_extendqisi2
 212 0070 042B     		cmp	r3, #4
 213 0072 18D1     		bne	.L25
 214              	.L27:
 215 0074 4146     		mov	r1, r8
 216 0076 2046     		mov	r0, r4
 217 0078 0E9A     		ldr	r2, [sp, #56]
 218 007a FFF7FEFF 		bl	wc_Sha256Update
 219 007e 8246     		mov	r10, r0
 220 0080 D8B1     		cbz	r0, .L26
 221              	.L24:
 222 0082 B9F1010F 		cmp	r9, #1
 223 0086 0BD1     		bne	.L34
 224 0088 2021     		movs	r1, #32
 225 008a 2846     		mov	r0, r5
 226 008c FFF7FEFF 		bl	ForceZero
 227 0090 2846     		mov	r0, r5
 228 0092 FFF7FEFF 		bl	wolfSSL_Free
 229 0096 BAF10000 		subs	r0, r10, #0
 230 009a 18BF     		it	ne
 231 009c 0120     		movne	r0, #1
 232 009e BEE7     		b	.L20
 233              	.L34:
 234 00a0 4FF00109 		mov	r9, #1
 235 00a4 CEE7     		b	.L33
 236              	.L25:
 237 00a6 0122     		movs	r2, #1
ARM GAS  /tmp/ccE1PSAU.s 			page 5


 238 00a8 2046     		mov	r0, r4
 239 00aa 0DF10701 		add	r1, sp, #7
 240 00ae FFF7FEFF 		bl	wc_Sha256Update
 241 00b2 8246     		mov	r10, r0
 242 00b4 0028     		cmp	r0, #0
 243 00b6 E4D1     		bne	.L24
 244 00b8 DCE7     		b	.L27
 245              	.L26:
 246 00ba 0F9B     		ldr	r3, [sp, #60]
 247 00bc ABB9     		cbnz	r3, .L28
 248              	.L30:
 249 00be 2946     		mov	r1, r5
 250 00c0 2046     		mov	r0, r4
 251 00c2 FFF7FEFF 		bl	wc_Sha256Final
 252 00c6 8246     		mov	r10, r0
 253 00c8 0028     		cmp	r0, #0
 254 00ca DAD1     		bne	.L24
 255 00cc 202F     		cmp	r7, #32
 256 00ce 18D9     		bls	.L31
 257 00d0 2A46     		mov	r2, r5
 258 00d2 3146     		mov	r1, r6
 259 00d4 05F12000 		add	r0, r5, #32
 260              	.L32:
 261 00d8 52F8047B 		ldr	r7, [r2], #4	@ unaligned
 262 00dc 8242     		cmp	r2, r0
 263 00de 41F8047B 		str	r7, [r1], #4	@ unaligned
 264 00e2 F9D1     		bne	.L32
 265 00e4 1727     		movs	r7, #23
 266 00e6 2036     		adds	r6, r6, #32
 267 00e8 CBE7     		b	.L24
 268              	.L28:
 269 00ea BBF1000F 		cmp	fp, #0
 270 00ee E6D0     		beq	.L30
 271 00f0 5A46     		mov	r2, fp
 272 00f2 2046     		mov	r0, r4
 273 00f4 0F99     		ldr	r1, [sp, #60]
 274 00f6 FFF7FEFF 		bl	wc_Sha256Update
 275 00fa 8246     		mov	r10, r0
 276 00fc 0028     		cmp	r0, #0
 277 00fe C0D1     		bne	.L24
 278 0100 DDE7     		b	.L30
 279              	.L31:
 280 0102 3A46     		mov	r2, r7
 281 0104 2946     		mov	r1, r5
 282 0106 3046     		mov	r0, r6
 283 0108 FFF7FEFF 		bl	memcpy
 284 010c B9E7     		b	.L24
 286              		.section	.text.Hash_DRBG_Instantiate.constprop.0,"ax",%progbits
 287              		.align	1
 288              		.syntax unified
 289              		.thumb
 290              		.thumb_func
 291              		.fpu fpv4-sp-d16
 293              	Hash_DRBG_Instantiate.constprop.0:
 294              		@ args = 8, pretend = 0, frame = 0
 295              		@ frame_needed = 0, uses_anonymous_args = 0
 296 0000 2DE9F043 		push	{r4, r5, r6, r7, r8, r9, lr}
ARM GAS  /tmp/ccE1PSAU.s 			page 6


 297 0004 0446     		mov	r4, r0
 298 0006 85B0     		sub	sp, sp, #20
 299 0008 0E46     		mov	r6, r1
 300 000a 1746     		mov	r7, r2
 301 000c 0021     		movs	r1, #0
 302 000e 4FF4DC72 		mov	r2, #440
 303 0012 9846     		mov	r8, r3
 304 0014 FFF7FEFF 		bl	memset
 305 0018 0D9B     		ldr	r3, [sp, #52]
 306 001a 04F17C00 		add	r0, r4, #124
 307 001e A367     		str	r3, [r4, #120]
 308 0020 FFF7FEFF 		bl	wc_InitSha256
 309 0024 0546     		mov	r5, r0
 310 0026 E0B9     		cbnz	r0, .L48
 311 0028 0C9B     		ldr	r3, [sp, #48]
 312 002a 04F10809 		add	r9, r4, #8
 313 002e CDE90183 		strd	r8, r3, [sp, #4]
 314 0032 0422     		movs	r2, #4
 315 0034 3346     		mov	r3, r6
 316 0036 4946     		mov	r1, r9
 317 0038 2046     		mov	r0, r4
 318 003a 0097     		str	r7, [sp]
 319 003c FFF7FEFF 		bl	Hash_df.constprop.0
 320 0040 78B9     		cbnz	r0, .L48
 321 0042 3723     		movs	r3, #55
 322 0044 2A46     		mov	r2, r5
 323 0046 0093     		str	r3, [sp]
 324 0048 2046     		mov	r0, r4
 325 004a 4B46     		mov	r3, r9
 326 004c CDE90155 		strd	r5, r5, [sp, #4]
 327 0050 04F13F01 		add	r1, r4, #63
 328 0054 FFF7FEFF 		bl	Hash_df.constprop.0
 329 0058 18B9     		cbnz	r0, .L48
 330 005a 0122     		movs	r2, #1
 331 005c 0023     		movs	r3, #0
 332 005e C4E90023 		strd	r2, [r4]
 333              	.L48:
 334 0062 2846     		mov	r0, r5
 335 0064 05B0     		add	sp, sp, #20
 336              		@ sp needed
 337 0066 BDE8F083 		pop	{r4, r5, r6, r7, r8, r9, pc}
 339              		.section	.text.Hash_DRBG_Reseed,"ax",%progbits
 340              		.align	1
 341              		.syntax unified
 342              		.thumb
 343              		.thumb_func
 344              		.fpu fpv4-sp-d16
 346              	Hash_DRBG_Reseed:
 347              		@ args = 0, pretend = 0, frame = 8
 348              		@ frame_needed = 0, uses_anonymous_args = 0
 349 0000 2DE9F041 		push	{r4, r5, r6, r7, r8, lr}
 350 0004 0C46     		mov	r4, r1
 351 0006 1746     		mov	r7, r2
 352 0008 0646     		mov	r6, r0
 353 000a 86B0     		sub	sp, sp, #24
 354 000c 0028     		cmp	r0, #0
 355 000e 45D0     		beq	.L56
ARM GAS  /tmp/ccE1PSAU.s 			page 7


 356 0010 3720     		movs	r0, #55
 357 0012 FFF7FEFF 		bl	wolfSSL_Malloc
 358 0016 0546     		mov	r5, r0
 359 0018 0028     		cmp	r0, #0
 360 001a 41D0     		beq	.L57
 361 001c 4FF03708 		mov	r8, #55
 362 0020 0021     		movs	r1, #0
 363 0022 4246     		mov	r2, r8
 364 0024 FFF7FEFF 		bl	memset
 365 0028 06F10803 		add	r3, r6, #8
 366 002c CDE90147 		strd	r4, r7, [sp, #4]
 367 0030 0122     		movs	r2, #1
 368 0032 2946     		mov	r1, r5
 369 0034 3046     		mov	r0, r6
 370 0036 CDF80080 		str	r8, [sp]
 371 003a 0593     		str	r3, [sp, #20]
 372 003c FFF7FEFF 		bl	Hash_df.constprop.0
 373 0040 059B     		ldr	r3, [sp, #20]
 374 0042 0446     		mov	r4, r0
 375 0044 18BB     		cbnz	r0, .L54
 376 0046 2A46     		mov	r2, r5
 377 0048 1946     		mov	r1, r3
 378 004a 05F13400 		add	r0, r5, #52
 379              	.L55:
 380 004e 52F8044B 		ldr	r4, [r2], #4	@ unaligned
 381 0052 8242     		cmp	r2, r0
 382 0054 41F8044B 		str	r4, [r1], #4	@ unaligned
 383 0058 F9D1     		bne	.L55
 384 005a 0593     		str	r3, [sp, #20]
 385 005c 1088     		ldrh	r0, [r2]	@ unaligned
 386 005e 0880     		strh	r0, [r1]	@ unaligned
 387 0060 9278     		ldrb	r2, [r2, #2]	@ zero_extendqisi2
 388 0062 2846     		mov	r0, r5
 389 0064 8A70     		strb	r2, [r1, #2]
 390 0066 3721     		movs	r1, #55
 391 0068 FFF7FEFF 		bl	ForceZero
 392 006c 0022     		movs	r2, #0
 393 006e 3721     		movs	r1, #55
 394 0070 3046     		mov	r0, r6
 395 0072 0091     		str	r1, [sp]
 396 0074 CDE90122 		strd	r2, r2, [sp, #4]
 397 0078 059B     		ldr	r3, [sp, #20]
 398 007a 06F13F01 		add	r1, r6, #63
 399 007e FFF7FEFF 		bl	Hash_df.constprop.0
 400 0082 0446     		mov	r4, r0
 401 0084 18B9     		cbnz	r0, .L54
 402 0086 0122     		movs	r2, #1
 403 0088 0023     		movs	r3, #0
 404 008a C6E90023 		strd	r2, [r6]
 405              	.L54:
 406 008e 2846     		mov	r0, r5
 407 0090 FFF7FEFF 		bl	wolfSSL_Free
 408              	.L52:
 409 0094 2046     		mov	r0, r4
 410 0096 06B0     		add	sp, sp, #24
 411              		@ sp needed
 412 0098 BDE8F081 		pop	{r4, r5, r6, r7, r8, pc}
ARM GAS  /tmp/ccE1PSAU.s 			page 8


 413              	.L56:
 414 009c 0124     		movs	r4, #1
 415 009e F9E7     		b	.L52
 416              	.L57:
 417 00a0 6FF07C04 		mvn	r4, #124
 418 00a4 F6E7     		b	.L52
 420              		.section	.text.Hash_DRBG_Generate,"ax",%progbits
 421              		.align	1
 422              		.syntax unified
 423              		.thumb
 424              		.thumb_func
 425              		.fpu fpv4-sp-d16
 427              	Hash_DRBG_Generate:
 428              		@ args = 0, pretend = 0, frame = 32
 429              		@ frame_needed = 0, uses_anonymous_args = 0
 430 0000 2DE9F04F 		push	{r4, r5, r6, r7, r8, r9, r10, fp, lr}
 431 0004 2DED028B 		vpush.64	{d8}
 432 0008 8946     		mov	r9, r1
 433 000a 1546     		mov	r5, r2
 434 000c 0446     		mov	r4, r0
 435 000e 89B0     		sub	sp, sp, #36
 436 0010 28B9     		cbnz	r0, .L60
 437              	.L62:
 438 0012 0120     		movs	r0, #1
 439              	.L59:
 440 0014 09B0     		add	sp, sp, #36
 441              		@ sp needed
 442 0016 BDEC028B 		vldm	sp!, {d8}
 443 001a BDE8F08F 		pop	{r4, r5, r6, r7, r8, r9, r10, fp, pc}
 444              	.L60:
 445 001e 6B49     		ldr	r1, .L95
 446 0020 D0E90023 		ldrd	r2, r3, [r0]
 447 0024 9142     		cmp	r1, r2
 448 0026 4FF00002 		mov	r2, #0
 449 002a 72EB0303 		sbcs	r3, r2, r3
 450 002e C0F0C580 		bcc	.L79
 451 0032 2020     		movs	r0, #32
 452 0034 FFF7FEFF 		bl	wolfSSL_Malloc
 453 0038 8046     		mov	r8, r0
 454 003a 0028     		cmp	r0, #0
 455 003c E9D0     		beq	.L62
 456 003e 0323     		movs	r3, #3
 457 0040 3720     		movs	r0, #55
 458 0042 8DF81730 		strb	r3, [sp, #23]
 459 0046 D4E90023 		ldrd	r2, [r4]
 460 004a CDE90623 		strd	r2, [sp, #24]
 461 004e FFF7FEFF 		bl	wolfSSL_Malloc
 462 0052 0646     		mov	r6, r0
 463 0054 2020     		movs	r0, #32
 464 0056 FFF7FEFF 		bl	wolfSSL_Malloc
 465 005a 8346     		mov	fp, r0
 466 005c 002E     		cmp	r6, #0
 467 005e 00F0AF80 		beq	.L63
 468 0062 08B9     		cbnz	r0, .L92
 469 0064 3046     		mov	r0, r6
 470 0066 ADE0     		b	.L94
 471              	.L92:
ARM GAS  /tmp/ccE1PSAU.s 			page 9


 472 0068 012D     		cmp	r5, #1
 473 006a 38BF     		it	cc
 474 006c 0125     		movcc	r5, #1
 475 006e 04F10803 		add	r3, r4, #8
 476 0072 15F01F02 		ands	r2, r5, #31
 477 0076 08EE103A 		vmov	s16, r3	@ int
 478 007a 18BF     		it	ne
 479 007c 0122     		movne	r2, #1
 480 007e 3146     		mov	r1, r6
 481 0080 02EB5513 		add	r3, r2, r5, lsr #5
 482 0084 18EE102A 		vmov	r2, s16	@ int
 483 0088 04F17C0A 		add	r10, r4, #124
 484 008c 0293     		str	r3, [sp, #8]
 485 008e 04F13C00 		add	r0, r4, #60
 486              	.L67:
 487 0092 52F8047B 		ldr	r7, [r2], #4	@ unaligned
 488 0096 8242     		cmp	r2, r0
 489 0098 41F8047B 		str	r7, [r1], #4	@ unaligned
 490 009c F9D1     		bne	.L67
 491 009e 0023     		movs	r3, #0
 492 00a0 0127     		movs	r7, #1
 493 00a2 1088     		ldrh	r0, [r2]	@ unaligned
 494 00a4 0880     		strh	r0, [r1]	@ unaligned
 495 00a6 9278     		ldrb	r2, [r2, #2]	@ zero_extendqisi2
 496 00a8 8A70     		strb	r2, [r1, #2]
 497 00aa 0193     		str	r3, [sp, #4]
 498 00ac 0BF12003 		add	r3, fp, #32
 499 00b0 0393     		str	r3, [sp, #12]
 500              	.L68:
 501 00b2 DDE90123 		ldrd	r2, r3, [sp, #4]
 502 00b6 9342     		cmp	r3, r2
 503 00b8 0DD1     		bne	.L74
 504              	.L69:
 505 00ba 3721     		movs	r1, #55
 506 00bc 3046     		mov	r0, r6
 507 00be FFF7FEFF 		bl	ForceZero
 508 00c2 5846     		mov	r0, fp
 509 00c4 FFF7FEFF 		bl	wolfSSL_Free
 510 00c8 3046     		mov	r0, r6
 511 00ca FFF7FEFF 		bl	wolfSSL_Free
 512 00ce 002F     		cmp	r7, #0
 513 00d0 37D0     		beq	.L75
 514              	.L93:
 515 00d2 0125     		movs	r5, #1
 516 00d4 67E0     		b	.L66
 517              	.L74:
 518 00d6 3722     		movs	r2, #55
 519 00d8 3146     		mov	r1, r6
 520 00da 5046     		mov	r0, r10
 521 00dc FFF7FEFF 		bl	wc_Sha256Update
 522 00e0 0746     		mov	r7, r0
 523 00e2 0028     		cmp	r0, #0
 524 00e4 E9D1     		bne	.L69
 525 00e6 5946     		mov	r1, fp
 526 00e8 5046     		mov	r0, r10
 527 00ea FFF7FEFF 		bl	wc_Sha256Final
 528 00ee 0746     		mov	r7, r0
ARM GAS  /tmp/ccE1PSAU.s 			page 10


 529 00f0 0028     		cmp	r0, #0
 530 00f2 E2D1     		bne	.L69
 531 00f4 B9F1000F 		cmp	r9, #0
 532 00f8 18D0     		beq	.L70
 533 00fa BDB1     		cbz	r5, .L70
 534 00fc 1F2D     		cmp	r5, #31
 535 00fe 19D9     		bls	.L71
 536 0100 5A46     		mov	r2, fp
 537 0102 4946     		mov	r1, r9
 538              	.L72:
 539 0104 52F8040B 		ldr	r0, [r2], #4	@ unaligned
 540 0108 41F8040B 		str	r0, [r1], #4	@ unaligned
 541 010c 039B     		ldr	r3, [sp, #12]
 542 010e 9A42     		cmp	r2, r3
 543 0110 F8D1     		bne	.L72
 544 0112 203D     		subs	r5, r5, #32
 545 0114 09F12009 		add	r9, r9, #32
 546 0118 06F13701 		add	r1, r6, #55
 547              	.L73:
 548 011c 11F8012D 		ldrb	r2, [r1, #-1]!	@ zero_extendqisi2
 549 0120 0132     		adds	r2, r2, #1
 550 0122 D2B2     		uxtb	r2, r2
 551 0124 0A70     		strb	r2, [r1]
 552 0126 0AB9     		cbnz	r2, .L70
 553 0128 8E42     		cmp	r6, r1
 554 012a F7D1     		bne	.L73
 555              	.L70:
 556 012c 019B     		ldr	r3, [sp, #4]
 557 012e 0133     		adds	r3, r3, #1
 558 0130 0193     		str	r3, [sp, #4]
 559 0132 BEE7     		b	.L68
 560              	.L71:
 561 0134 2A46     		mov	r2, r5
 562 0136 5946     		mov	r1, fp
 563 0138 4846     		mov	r0, r9
 564 013a FFF7FEFF 		bl	memcpy
 565 013e 3D46     		mov	r5, r7
 566 0140 F4E7     		b	.L70
 567              	.L75:
 568 0142 0122     		movs	r2, #1
 569 0144 5046     		mov	r0, r10
 570 0146 0DF11701 		add	r1, sp, #23
 571 014a FFF7FEFF 		bl	wc_Sha256Update
 572 014e 0546     		mov	r5, r0
 573 0150 10BB     		cbnz	r0, .L76
 574 0152 3722     		movs	r2, #55
 575 0154 18EE101A 		vmov	r1, s16	@ int
 576 0158 5046     		mov	r0, r10
 577 015a FFF7FEFF 		bl	wc_Sha256Update
 578 015e 0546     		mov	r5, r0
 579 0160 D0B9     		cbnz	r0, .L76
 580 0162 4146     		mov	r1, r8
 581 0164 5046     		mov	r0, r10
 582 0166 FFF7FEFF 		bl	wc_Sha256Final
 583 016a 0546     		mov	r5, r0
 584 016c A0B9     		cbnz	r0, .L76
 585 016e 2022     		movs	r2, #32
ARM GAS  /tmp/ccE1PSAU.s 			page 11


 586 0170 4146     		mov	r1, r8
 587 0172 18EE100A 		vmov	r0, s16	@ int
 588 0176 FFF7FEFF 		bl	array_add.part.0.constprop.0
 589 017a 3722     		movs	r2, #55
 590 017c 04F13F01 		add	r1, r4, #63
 591 0180 FFF7FEFF 		bl	array_add.part.0.constprop.0
 592 0184 069B     		ldr	r3, [sp, #24]
 593 0186 079A     		ldr	r2, [sp, #28]
 594 0188 1BBA     		rev	r3, r3
 595 018a 12BA     		rev	r2, r2
 596 018c CDE90623 		strd	r2, r3, [sp, #24]
 597 0190 06A9     		add	r1, sp, #24
 598 0192 0822     		movs	r2, #8
 599 0194 FFF7FEFF 		bl	array_add.part.0.constprop.0
 600              	.L76:
 601 0198 D4E90032 		ldrd	r3, r2, [r4]
 602 019c 0133     		adds	r3, r3, #1
 603 019e 42F10002 		adc	r2, r2, #0
 604 01a2 C4E90032 		strd	r3, r2, [r4]
 605              	.L66:
 606 01a6 2021     		movs	r1, #32
 607 01a8 4046     		mov	r0, r8
 608 01aa FFF7FEFF 		bl	ForceZero
 609 01ae 4046     		mov	r0, r8
 610 01b0 FFF7FEFF 		bl	wolfSSL_Free
 611 01b4 281E     		subs	r0, r5, #0
 612 01b6 18BF     		it	ne
 613 01b8 0120     		movne	r0, #1
 614 01ba 2BE7     		b	.L59
 615              	.L79:
 616 01bc 0220     		movs	r0, #2
 617 01be 29E7     		b	.L59
 618              	.L63:
 619 01c0 0028     		cmp	r0, #0
 620 01c2 86D0     		beq	.L93
 621              	.L94:
 622 01c4 FFF7FEFF 		bl	wolfSSL_Free
 623 01c8 83E7     		b	.L93
 624              	.L96:
 625 01ca 00BF     		.align	2
 626              	.L95:
 627 01cc 3F420F00 		.word	999999
 629              		.section	.text.wc_RNG_DRBG_Reseed,"ax",%progbits
 630              		.align	1
 631              		.global	wc_RNG_DRBG_Reseed
 632              		.syntax unified
 633              		.thumb
 634              		.thumb_func
 635              		.fpu fpv4-sp-d16
 637              	wc_RNG_DRBG_Reseed:
 638              		@ args = 0, pretend = 0, frame = 0
 639              		@ frame_needed = 0, uses_anonymous_args = 0
 640              		@ link register save eliminated.
 641 0000 18B1     		cbz	r0, .L97
 642 0002 11B1     		cbz	r1, .L97
 643 0004 8068     		ldr	r0, [r0, #8]
 644 0006 FFF7FEBF 		b	Hash_DRBG_Reseed
ARM GAS  /tmp/ccE1PSAU.s 			page 12


 645              	.L97:
 646 000a 6FF0AC00 		mvn	r0, #172
 647 000e 7047     		bx	lr
 649              		.section	.text.wc_RNG_TestSeed,"ax",%progbits
 650              		.align	1
 651              		.global	wc_RNG_TestSeed
 652              		.syntax unified
 653              		.thumb
 654              		.thumb_func
 655              		.fpu fpv4-sp-d16
 657              	wc_RNG_TestSeed:
 658              		@ args = 0, pretend = 0, frame = 8
 659              		@ frame_needed = 0, uses_anonymous_args = 0
 660 0000 2DE9F341 		push	{r0, r1, r4, r5, r6, r7, r8, lr}
 661 0004 0027     		movs	r7, #0
 662 0006 0C1F     		subs	r4, r1, #4
 663 0008 D4F10403 		rsbs	r3, r4, #4
 664 000c 63EB0303 		sbc	r3, r3, r3
 665 0010 DB0F     		lsrs	r3, r3, #31
 666 0012 013B     		subs	r3, r3, #1
 667 0014 0093     		str	r3, [sp]
 668 0016 009A     		ldr	r2, [sp]
 669 0018 0546     		mov	r5, r0
 670 001a D243     		mvns	r2, r2
 671 001c 0E46     		mov	r6, r1
 672 001e B846     		mov	r8, r7
 673 0020 009B     		ldr	r3, [sp]
 674 0022 02F00402 		and	r2, r2, #4
 675 0026 2340     		ands	r3, r3, r4
 676 0028 1A43     		orrs	r2, r2, r3
 677              	.L104:
 678 002a BC42     		cmp	r4, r7
 679 002c 03D8     		bhi	.L106
 680 002e 4046     		mov	r0, r8
 681 0030 02B0     		add	sp, sp, #8
 682              		@ sp needed
 683 0032 BDE8F081 		pop	{r4, r5, r6, r7, r8, pc}
 684              	.L106:
 685 0036 B918     		adds	r1, r7, r2
 686 0038 2944     		add	r1, r1, r5
 687 003a E819     		adds	r0, r5, r7
 688 003c FFF7FEFF 		bl	ConstantCompare
 689 0040 0437     		adds	r7, r7, #4
 690 0042 0028     		cmp	r0, #0
 691 0044 A6EB0701 		sub	r1, r6, r7
 692 0048 08BF     		it	eq
 693 004a 4FF00308 		moveq	r8, #3
 694 004e D1F10403 		rsbs	r3, r1, #4
 695 0052 63EB0303 		sbc	r3, r3, r3
 696 0056 DB0F     		lsrs	r3, r3, #31
 697 0058 013B     		subs	r3, r3, #1
 698 005a 0193     		str	r3, [sp, #4]
 699 005c 019A     		ldr	r2, [sp, #4]
 700 005e 019B     		ldr	r3, [sp, #4]
 701 0060 D243     		mvns	r2, r2
 702 0062 0B40     		ands	r3, r3, r1
 703 0064 02F00402 		and	r2, r2, #4
ARM GAS  /tmp/ccE1PSAU.s 			page 13


 704 0068 1A43     		orrs	r2, r2, r3
 705 006a DEE7     		b	.L104
 707              		.section	.text.wc_FreeRng,"ax",%progbits
 708              		.align	1
 709              		.global	wc_FreeRng
 710              		.syntax unified
 711              		.thumb
 712              		.thumb_func
 713              		.fpu fpv4-sp-d16
 715              	wc_FreeRng:
 716              		@ args = 0, pretend = 0, frame = 0
 717              		@ frame_needed = 0, uses_anonymous_args = 0
 718 0000 38B5     		push	{r3, r4, r5, lr}
 719 0002 0546     		mov	r5, r0
 720 0004 98B1     		cbz	r0, .L112
 721 0006 8068     		ldr	r0, [r0, #8]
 722 0008 78B1     		cbz	r0, .L113
 723 000a FFF7FEFF 		bl	Hash_DRBG_Uninstantiate
 724 000e 041E     		subs	r4, r0, #0
 725 0010 A868     		ldr	r0, [r5, #8]
 726 0012 18BF     		it	ne
 727 0014 6FF0C604 		mvnne	r4, #198
 728 0018 08B1     		cbz	r0, .L111
 729 001a FFF7FEFF 		bl	wolfSSL_Free
 730              	.L111:
 731 001e 0023     		movs	r3, #0
 732 0020 AB60     		str	r3, [r5, #8]
 733              	.L109:
 734 0022 0023     		movs	r3, #0
 735 0024 2B73     		strb	r3, [r5, #12]
 736              	.L107:
 737 0026 2046     		mov	r0, r4
 738 0028 38BD     		pop	{r3, r4, r5, pc}
 739              	.L113:
 740 002a 0446     		mov	r4, r0
 741 002c F9E7     		b	.L109
 742              	.L112:
 743 002e 6FF0AC04 		mvn	r4, #172
 744 0032 F8E7     		b	.L107
 746              		.section	.text.wc_rng_free,"ax",%progbits
 747              		.align	1
 748              		.global	wc_rng_free
 749              		.syntax unified
 750              		.thumb
 751              		.thumb_func
 752              		.fpu fpv4-sp-d16
 754              	wc_rng_free:
 755              		@ args = 0, pretend = 0, frame = 0
 756              		@ frame_needed = 0, uses_anonymous_args = 0
 757 0000 10B5     		push	{r4, lr}
 758 0002 0446     		mov	r4, r0
 759 0004 50B1     		cbz	r0, .L119
 760 0006 FFF7FEFF 		bl	wc_FreeRng
 761 000a 2046     		mov	r0, r4
 762 000c 1021     		movs	r1, #16
 763 000e FFF7FEFF 		bl	ForceZero
 764 0012 2046     		mov	r0, r4
ARM GAS  /tmp/ccE1PSAU.s 			page 14


 765 0014 BDE81040 		pop	{r4, lr}
 766 0018 FFF7FEBF 		b	wolfSSL_Free
 767              	.L119:
 768 001c 10BD     		pop	{r4, pc}
 770              		.section	.text.wc_RNG_HealthTest_ex,"ax",%progbits
 771              		.align	1
 772              		.global	wc_RNG_HealthTest_ex
 773              		.syntax unified
 774              		.thumb
 775              		.thumb_func
 776              		.fpu fpv4-sp-d16
 778              	wc_RNG_HealthTest_ex:
 779              		@ args = 28, pretend = 0, frame = 0
 780              		@ frame_needed = 0, uses_anonymous_args = 0
 781 0000 2DE9F347 		push	{r0, r1, r4, r5, r6, r7, r8, r9, r10, lr}
 782 0004 DDF82CA0 		ldr	r10, [sp, #44]
 783 0008 0446     		mov	r4, r0
 784 000a 8846     		mov	r8, r1
 785 000c 9146     		mov	r9, r2
 786 000e 1E46     		mov	r6, r3
 787 0010 0D9F     		ldr	r7, [sp, #52]
 788 0012 002B     		cmp	r3, #0
 789 0014 42D0     		beq	.L133
 790 0016 002F     		cmp	r7, #0
 791 0018 40D0     		beq	.L133
 792 001a 10B1     		cbz	r0, .L123
 793 001c BAF1000F 		cmp	r10, #0
 794 0020 3CD0     		beq	.L133
 795              	.L123:
 796 0022 0E9B     		ldr	r3, [sp, #56]
 797 0024 802B     		cmp	r3, #128
 798 0026 3CD1     		bne	.L134
 799 0028 4FF4DC70 		mov	r0, #440
 800 002c FFF7FEFF 		bl	wolfSSL_Malloc
 801 0030 0546     		mov	r5, r0
 802 0032 0028     		cmp	r0, #0
 803 0034 38D0     		beq	.L135
 804 0036 0F9B     		ldr	r3, [sp, #60]
 805 0038 3146     		mov	r1, r6
 806 003a CDE90093 		strd	r9, r3, [sp]
 807 003e 0A9A     		ldr	r2, [sp, #40]
 808 0040 4346     		mov	r3, r8
 809 0042 FFF7FEFF 		bl	Hash_DRBG_Instantiate.constprop.0
 810 0046 78B1     		cbz	r0, .L124
 811              	.L127:
 812 0048 4FF0FF34 		mov	r4, #-1
 813              	.L125:
 814 004c 2846     		mov	r0, r5
 815 004e FFF7FEFF 		bl	Hash_DRBG_Uninstantiate
 816 0052 0028     		cmp	r0, #0
 817 0054 2846     		mov	r0, r5
 818 0056 18BF     		it	ne
 819 0058 4FF0FF34 		movne	r4, #-1
 820 005c FFF7FEFF 		bl	wolfSSL_Free
 821              	.L121:
 822 0060 2046     		mov	r0, r4
 823 0062 02B0     		add	sp, sp, #8
ARM GAS  /tmp/ccE1PSAU.s 			page 15


 824              		@ sp needed
 825 0064 BDE8F087 		pop	{r4, r5, r6, r7, r8, r9, r10, pc}
 826              	.L124:
 827 0068 84B9     		cbnz	r4, .L126
 828              	.L129:
 829 006a 8022     		movs	r2, #128
 830 006c 3946     		mov	r1, r7
 831 006e 2846     		mov	r0, r5
 832 0070 FFF7FEFF 		bl	Hash_DRBG_Generate
 833 0074 0028     		cmp	r0, #0
 834 0076 E7D1     		bne	.L127
 835 0078 8022     		movs	r2, #128
 836 007a 3946     		mov	r1, r7
 837 007c 2846     		mov	r0, r5
 838 007e FFF7FEFF 		bl	Hash_DRBG_Generate
 839 0082 041E     		subs	r4, r0, #0
 840 0084 18BF     		it	ne
 841 0086 0124     		movne	r4, #1
 842 0088 6442     		rsbs	r4, r4, #0
 843 008a DFE7     		b	.L125
 844              	.L126:
 845 008c 5146     		mov	r1, r10
 846 008e 2846     		mov	r0, r5
 847 0090 0C9A     		ldr	r2, [sp, #48]
 848 0092 FFF7FEFF 		bl	Hash_DRBG_Reseed
 849 0096 0028     		cmp	r0, #0
 850 0098 E7D0     		beq	.L129
 851 009a D5E7     		b	.L127
 852              	.L133:
 853 009c 6FF0AC04 		mvn	r4, #172
 854 00a0 DEE7     		b	.L121
 855              	.L134:
 856 00a2 4FF0FF34 		mov	r4, #-1
 857 00a6 DBE7     		b	.L121
 858              	.L135:
 859 00a8 6FF07C04 		mvn	r4, #124
 860 00ac D8E7     		b	.L121
 862              		.section	.text.wc_RNG_HealthTest,"ax",%progbits
 863              		.align	1
 864              		.global	wc_RNG_HealthTest
 865              		.syntax unified
 866              		.thumb
 867              		.thumb_func
 868              		.fpu fpv4-sp-d16
 870              	wc_RNG_HealthTest:
 871              		@ args = 12, pretend = 0, frame = 0
 872              		@ frame_needed = 0, uses_anonymous_args = 0
 873 0000 30B5     		push	{r4, r5, lr}
 874 0002 0024     		movs	r4, #0
 875 0004 6FF00105 		mvn	r5, #1
 876 0008 89B0     		sub	sp, sp, #36
 877 000a CDE90545 		strd	r4, r5, [sp, #20]
 878 000e 0E9D     		ldr	r5, [sp, #56]
 879 0010 0092     		str	r2, [sp]
 880 0012 0495     		str	r5, [sp, #16]
 881 0014 0D9D     		ldr	r5, [sp, #52]
 882 0016 2246     		mov	r2, r4
ARM GAS  /tmp/ccE1PSAU.s 			page 16


 883 0018 0395     		str	r5, [sp, #12]
 884 001a 0C9D     		ldr	r5, [sp, #48]
 885 001c CDE90135 		strd	r3, r5, [sp, #4]
 886 0020 0B46     		mov	r3, r1
 887 0022 2146     		mov	r1, r4
 888 0024 FFF7FEFF 		bl	wc_RNG_HealthTest_ex
 889 0028 09B0     		add	sp, sp, #36
 890              		@ sp needed
 891 002a 30BD     		pop	{r4, r5, pc}
 893              		.section	.text.wc_GenerateSeed,"ax",%progbits
 894              		.align	1
 895              		.global	wc_GenerateSeed
 896              		.syntax unified
 897              		.thumb
 898              		.thumb_func
 899              		.fpu fpv4-sp-d16
 901              	wc_GenerateSeed:
 902              		@ args = 0, pretend = 0, frame = 32
 903              		@ frame_needed = 0, uses_anonymous_args = 0
 904 0000 2DE9F043 		push	{r4, r5, r6, r7, r8, r9, lr}
 905 0004 89B0     		sub	sp, sp, #36
 906 0006 0F46     		mov	r7, r1
 907 0008 1646     		mov	r6, r2
 908 000a FFF7FEFF 		bl	wolfSSL_CryptHwMutexLock
 909 000e 0446     		mov	r4, r0
 910 0010 98BB     		cbnz	r0, .L143
 911 0012 224B     		ldr	r3, .L156
 912 0014 0146     		mov	r1, r0
 913 0016 D3F88C20 		ldr	r2, [r3, #140]
 914 001a 2546     		mov	r5, r4
 915 001c 42F48022 		orr	r2, r2, #262144
 916 0020 C3F88C20 		str	r2, [r3, #140]
 917 0024 1022     		movs	r2, #16
 918 0026 D3F88C30 		ldr	r3, [r3, #140]
 919 002a 0DEB0200 		add	r0, sp, r2
 920 002e 03F48023 		and	r3, r3, #262144
 921 0032 0193     		str	r3, [sp, #4]
 922 0034 019B     		ldr	r3, [sp, #4]
 923 0036 FFF7FEFF 		bl	memset
 924 003a 194B     		ldr	r3, .L156+4
 925 003c 03A8     		add	r0, sp, #12
 926 003e 0393     		str	r3, [sp, #12]
 927 0040 A146     		mov	r9, r4
 928 0042 FFF7FEFF 		bl	HAL_RNG_Init
 929              	.L145:
 930 0046 AE42     		cmp	r6, r5
 931 0048 05D8     		bhi	.L151
 932 004a 03A8     		add	r0, sp, #12
 933 004c FFF7FEFF 		bl	HAL_RNG_DeInit
 934 0050 FFF7FEFF 		bl	wolfSSL_CryptHwMutexUnLock
 935 0054 11E0     		b	.L143
 936              	.L151:
 937 0056 05F10408 		add	r8, r5, #4
 938 005a 4645     		cmp	r6, r8
 939 005c 02D3     		bcc	.L146
 940 005e 7919     		adds	r1, r7, r5
 941 0060 8B07     		lsls	r3, r1, #30
ARM GAS  /tmp/ccE1PSAU.s 			page 17


 942 0062 14D0     		beq	.L147
 943              	.L146:
 944 0064 02A9     		add	r1, sp, #8
 945 0066 03A8     		add	r0, sp, #12
 946 0068 CDF80890 		str	r9, [sp, #8]
 947 006c FFF7FEFF 		bl	HAL_RNG_GenerateRandomNumber
 948 0070 38B1     		cbz	r0, .L148
 949              	.L155:
 950 0072 FFF7FEFF 		bl	wolfSSL_CryptHwMutexUnLock
 951 0076 6FF06804 		mvn	r4, #104
 952              	.L143:
 953 007a 2046     		mov	r0, r4
 954 007c 09B0     		add	sp, sp, #36
 955              		@ sp needed
 956 007e BDE8F083 		pop	{r4, r5, r6, r7, r8, r9, pc}
 957              	.L148:
 958 0082 029B     		ldr	r3, [sp, #8]
 959 0084 05F10108 		add	r8, r5, #1
 960 0088 7B55     		strb	r3, [r7, r5]
 961              	.L150:
 962 008a 4546     		mov	r5, r8
 963 008c DBE7     		b	.L145
 964              	.L147:
 965 008e 03A8     		add	r0, sp, #12
 966 0090 FFF7FEFF 		bl	HAL_RNG_GenerateRandomNumber
 967 0094 0028     		cmp	r0, #0
 968 0096 F8D0     		beq	.L150
 969 0098 EBE7     		b	.L155
 970              	.L157:
 971 009a 00BF     		.align	2
 972              	.L156:
 973 009c 000C0246 		.word	1174539264
 974 00a0 00080C42 		.word	1108084736
 976              		.section	.text._InitRng,"ax",%progbits
 977              		.align	1
 978              		.syntax unified
 979              		.thumb
 980              		.thumb_func
 981              		.fpu fpv4-sp-d16
 983              	_InitRng:
 984              		@ args = 4, pretend = 0, frame = 0
 985              		@ frame_needed = 0, uses_anonymous_args = 0
 986 0000 2DE9F04F 		push	{r4, r5, r6, r7, r8, r9, r10, fp, lr}
 987 0004 8946     		mov	r9, r1
 988 0006 1646     		mov	r6, r2
 989 0008 1F46     		mov	r7, r3
 990 000a 0546     		mov	r5, r0
 991 000c 89B0     		sub	sp, sp, #36
 992 000e 0028     		cmp	r0, #0
 993 0010 00F0A780 		beq	.L175
 994 0014 11B9     		cbnz	r1, .L160
 995 0016 002A     		cmp	r2, #0
 996 0018 40F0A380 		bne	.L175
 997              	.L160:
 998 001c 4FF0000B 		mov	fp, #0
 999 0020 8020     		movs	r0, #128
 1000 0022 5E45     		cmp	r6, fp
ARM GAS  /tmp/ccE1PSAU.s 			page 18


 1001 0024 6F60     		str	r7, [r5, #4]
 1002 0026 C5F808B0 		str	fp, [r5, #8]
 1003 002a 85F80CB0 		strb	fp, [r5, #12]
 1004 002e 14BF     		ite	ne
 1005 0030 4FF02408 		movne	r8, #36
 1006 0034 4FF03408 		moveq	r8, #52
 1007 0038 FFF7FEFF 		bl	wolfSSL_Malloc
 1008 003c 0446     		mov	r4, r0
 1009 003e 38B9     		cbnz	r0, .L162
 1010              	.L165:
 1011 0040 0323     		movs	r3, #3
 1012 0042 6FF0D004 		mvn	r4, #208
 1013 0046 2B73     		strb	r3, [r5, #12]
 1014              	.L158:
 1015 0048 2046     		mov	r0, r4
 1016 004a 09B0     		add	sp, sp, #36
 1017              		@ sp needed
 1018 004c BDE8F08F 		pop	{r4, r5, r6, r7, r8, r9, r10, fp, pc}
 1019              	.L162:
 1020 0050 129B     		ldr	r3, [sp, #72]
 1021 0052 4FF0800A 		mov	r10, #128
 1022 0056 CDE90573 		strd	r7, r3, [sp, #20]
 1023 005a 3023     		movs	r3, #48
 1024 005c 5A46     		mov	r2, fp
 1025 005e 5946     		mov	r1, fp
 1026 0060 CDE9030A 		strd	r0, r10, [sp, #12]
 1027 0064 CDE901BB 		strd	fp, fp, [sp, #4]
 1028 0068 5846     		mov	r0, fp
 1029 006a 0093     		str	r3, [sp]
 1030 006c 404B     		ldr	r3, .L189
 1031 006e FFF7FEFF 		bl	wc_RNG_HealthTest_ex
 1032 0072 8346     		mov	fp, r0
 1033 0074 08BB     		cbnz	r0, .L163
 1034 0076 5246     		mov	r2, r10
 1035 0078 2046     		mov	r0, r4
 1036 007a 3E49     		ldr	r1, .L189+4
 1037 007c FFF7FEFF 		bl	ConstantCompare
 1038 0080 0028     		cmp	r0, #0
 1039 0082 3BD1     		bne	.L177
 1040 0084 129B     		ldr	r3, [sp, #72]
 1041 0086 CDE901BB 		strd	fp, fp, [sp, #4]
 1042 008a CDE90573 		strd	r7, r3, [sp, #20]
 1043 008e 2023     		movs	r3, #32
 1044 0090 0093     		str	r3, [sp]
 1045 0092 374B     		ldr	r3, .L189
 1046 0094 1022     		movs	r2, #16
 1047 0096 CDE9034A 		strd	r4, r10, [sp, #12]
 1048 009a 03F12001 		add	r1, r3, #32
 1049 009e FFF7FEFF 		bl	wc_RNG_HealthTest_ex
 1050 00a2 8346     		mov	fp, r0
 1051 00a4 48B9     		cbnz	r0, .L163
 1052 00a6 5246     		mov	r2, r10
 1053 00a8 2046     		mov	r0, r4
 1054 00aa 3249     		ldr	r1, .L189+4
 1055 00ac FFF7FEFF 		bl	ConstantCompare
 1056 00b0 0038     		subs	r0, r0, #0
 1057 00b2 18BF     		it	ne
ARM GAS  /tmp/ccE1PSAU.s 			page 19


 1058 00b4 0120     		movne	r0, #1
 1059 00b6 C0F1000B 		rsb	fp, r0, #0
 1060              	.L163:
 1061 00ba 2046     		mov	r0, r4
 1062 00bc FFF7FEFF 		bl	wolfSSL_Free
 1063 00c0 BBF1000F 		cmp	fp, #0
 1064 00c4 BCD1     		bne	.L165
 1065 00c6 3420     		movs	r0, #52
 1066 00c8 FFF7FEFF 		bl	wolfSSL_Malloc
 1067 00cc 0746     		mov	r7, r0
 1068 00ce 0028     		cmp	r0, #0
 1069 00d0 4AD0     		beq	.L178
 1070 00d2 4FF4DC70 		mov	r0, #440
 1071 00d6 FFF7FEFF 		bl	wolfSSL_Malloc
 1072 00da A860     		str	r0, [r5, #8]
 1073 00dc 88B9     		cbnz	r0, .L166
 1074 00de 0223     		movs	r3, #2
 1075 00e0 6FF07C04 		mvn	r4, #124
 1076 00e4 2B73     		strb	r3, [r5, #12]
 1077              	.L167:
 1078 00e6 3846     		mov	r0, r7
 1079 00e8 4146     		mov	r1, r8
 1080 00ea FFF7FEFF 		bl	ForceZero
 1081 00ee 3846     		mov	r0, r7
 1082 00f0 FFF7FEFF 		bl	wolfSSL_Free
 1083 00f4 54BB     		cbnz	r4, .L171
 1084 00f6 0123     		movs	r3, #1
 1085 00f8 2B73     		strb	r3, [r5, #12]
 1086 00fa A5E7     		b	.L158
 1087              	.L177:
 1088 00fc 4FF0FF3B 		mov	fp, #-1
 1089 0100 DBE7     		b	.L163
 1090              	.L166:
 1091 0102 4246     		mov	r2, r8
 1092 0104 3946     		mov	r1, r7
 1093 0106 2846     		mov	r0, r5
 1094 0108 FFF7FEFF 		bl	wc_GenerateSeed
 1095 010c 48B1     		cbz	r0, .L168
 1096 010e 0223     		movs	r3, #2
 1097 0110 0124     		movs	r4, #1
 1098 0112 2B73     		strb	r3, [r5, #12]
 1099              	.L169:
 1100 0114 A868     		ldr	r0, [r5, #8]
 1101 0116 08B1     		cbz	r0, .L170
 1102 0118 FFF7FEFF 		bl	wolfSSL_Free
 1103              	.L170:
 1104 011c 0023     		movs	r3, #0
 1105 011e AB60     		str	r3, [r5, #8]
 1106 0120 E1E7     		b	.L167
 1107              	.L168:
 1108 0122 4146     		mov	r1, r8
 1109 0124 3846     		mov	r0, r7
 1110 0126 FFF7FEFF 		bl	wc_RNG_TestSeed
 1111 012a 0446     		mov	r4, r0
 1112 012c 0028     		cmp	r0, #0
 1113 012e F1D1     		bne	.L169
 1114 0130 6B68     		ldr	r3, [r5, #4]
ARM GAS  /tmp/ccE1PSAU.s 			page 20


 1115 0132 A8F10402 		sub	r2, r8, #4
 1116 0136 CDE90063 		strd	r6, r3, [sp]
 1117 013a 391D     		adds	r1, r7, #4
 1118 013c 4B46     		mov	r3, r9
 1119 013e A868     		ldr	r0, [r5, #8]
 1120 0140 FFF7FEFF 		bl	Hash_DRBG_Instantiate.constprop.0
 1121 0144 0446     		mov	r4, r0
 1122 0146 0028     		cmp	r0, #0
 1123 0148 CDD0     		beq	.L167
 1124 014a E3E7     		b	.L169
 1125              	.L171:
 1126 014c 032C     		cmp	r4, #3
 1127 014e 3FF477AF 		beq	.L165
 1128 0152 0223     		movs	r3, #2
 1129 0154 012C     		cmp	r4, #1
 1130 0156 2B73     		strb	r3, [r5, #12]
 1131 0158 7FF476AF 		bne	.L158
 1132 015c 6FF0C604 		mvn	r4, #198
 1133 0160 72E7     		b	.L158
 1134              	.L175:
 1135 0162 6FF0AC04 		mvn	r4, #172
 1136 0166 6FE7     		b	.L158
 1137              	.L178:
 1138 0168 6FF07C04 		mvn	r4, #124
 1139 016c 6CE7     		b	.L158
 1140              	.L190:
 1141 016e 00BF     		.align	2
 1142              	.L189:
 1143 0170 00000000 		.word	.LANCHOR0
 1144 0174 00000000 		.word	.LANCHOR1
 1146              		.section	.text.wc_rng_new_ex,"ax",%progbits
 1147              		.align	1
 1148              		.global	wc_rng_new_ex
 1149              		.syntax unified
 1150              		.thumb
 1151              		.thumb_func
 1152              		.fpu fpv4-sp-d16
 1154              	wc_rng_new_ex:
 1155              		@ args = 4, pretend = 0, frame = 16
 1156              		@ frame_needed = 0, uses_anonymous_args = 0
 1157 0000 30B5     		push	{r4, r5, lr}
 1158 0002 0546     		mov	r5, r0
 1159 0004 87B0     		sub	sp, sp, #28
 1160 0006 1020     		movs	r0, #16
 1161 0008 CDE90421 		strd	r2, r1, [sp, #16]
 1162 000c 0393     		str	r3, [sp, #12]
 1163 000e FFF7FEFF 		bl	wolfSSL_Malloc
 1164 0012 2860     		str	r0, [r5]
 1165 0014 88B1     		cbz	r0, .L194
 1166 0016 DDE90332 		ldrd	r3, r2, [sp, #12]
 1167 001a 0A9C     		ldr	r4, [sp, #40]
 1168 001c 0599     		ldr	r1, [sp, #20]
 1169 001e 0094     		str	r4, [sp]
 1170 0020 FFF7FEFF 		bl	_InitRng
 1171 0024 0446     		mov	r4, r0
 1172 0026 28B1     		cbz	r0, .L191
 1173 0028 2868     		ldr	r0, [r5]
ARM GAS  /tmp/ccE1PSAU.s 			page 21


 1174 002a 08B1     		cbz	r0, .L193
 1175 002c FFF7FEFF 		bl	wolfSSL_Free
 1176              	.L193:
 1177 0030 0023     		movs	r3, #0
 1178 0032 2B60     		str	r3, [r5]
 1179              	.L191:
 1180 0034 2046     		mov	r0, r4
 1181 0036 07B0     		add	sp, sp, #28
 1182              		@ sp needed
 1183 0038 30BD     		pop	{r4, r5, pc}
 1184              	.L194:
 1185 003a 6FF07C04 		mvn	r4, #124
 1186 003e F9E7     		b	.L191
 1188              		.section	.text.wc_rng_new,"ax",%progbits
 1189              		.align	1
 1190              		.global	wc_rng_new
 1191              		.syntax unified
 1192              		.thumb
 1193              		.thumb_func
 1194              		.fpu fpv4-sp-d16
 1196              	wc_rng_new:
 1197              		@ args = 0, pretend = 0, frame = 8
 1198              		@ frame_needed = 0, uses_anonymous_args = 0
 1199 0000 1FB5     		push	{r0, r1, r2, r3, r4, lr}
 1200 0002 1346     		mov	r3, r2
 1201 0004 6FF00102 		mvn	r2, #1
 1202 0008 0024     		movs	r4, #0
 1203 000a 0092     		str	r2, [sp]
 1204 000c 0A46     		mov	r2, r1
 1205 000e 0146     		mov	r1, r0
 1206 0010 03A8     		add	r0, sp, #12
 1207 0012 0394     		str	r4, [sp, #12]
 1208 0014 FFF7FEFF 		bl	wc_rng_new_ex
 1209 0018 10B9     		cbnz	r0, .L203
 1210 001a 0398     		ldr	r0, [sp, #12]
 1211              	.L201:
 1212 001c 04B0     		add	sp, sp, #16
 1213              		@ sp needed
 1214 001e 10BD     		pop	{r4, pc}
 1215              	.L203:
 1216 0020 2046     		mov	r0, r4
 1217 0022 FBE7     		b	.L201
 1219              		.section	.text.wc_InitRng,"ax",%progbits
 1220              		.align	1
 1221              		.global	wc_InitRng
 1222              		.syntax unified
 1223              		.thumb
 1224              		.thumb_func
 1225              		.fpu fpv4-sp-d16
 1227              	wc_InitRng:
 1228              		@ args = 0, pretend = 0, frame = 0
 1229              		@ frame_needed = 0, uses_anonymous_args = 0
 1230 0000 6FF00103 		mvn	r3, #1
 1231 0004 07B5     		push	{r0, r1, r2, lr}
 1232 0006 0093     		str	r3, [sp]
 1233 0008 0023     		movs	r3, #0
 1234 000a 1A46     		mov	r2, r3
ARM GAS  /tmp/ccE1PSAU.s 			page 22


 1235 000c 1946     		mov	r1, r3
 1236 000e FFF7FEFF 		bl	_InitRng
 1237 0012 03B0     		add	sp, sp, #12
 1238              		@ sp needed
 1239 0014 5DF804FB 		ldr	pc, [sp], #4
 1241              		.section	.text.wc_InitRng_ex,"ax",%progbits
 1242              		.align	1
 1243              		.global	wc_InitRng_ex
 1244              		.syntax unified
 1245              		.thumb
 1246              		.thumb_func
 1247              		.fpu fpv4-sp-d16
 1249              	wc_InitRng_ex:
 1250              		@ args = 0, pretend = 0, frame = 0
 1251              		@ frame_needed = 0, uses_anonymous_args = 0
 1252 0000 07B5     		push	{r0, r1, r2, lr}
 1253 0002 0092     		str	r2, [sp]
 1254 0004 0022     		movs	r2, #0
 1255 0006 0B46     		mov	r3, r1
 1256 0008 1146     		mov	r1, r2
 1257 000a FFF7FEFF 		bl	_InitRng
 1258 000e 03B0     		add	sp, sp, #12
 1259              		@ sp needed
 1260 0010 5DF804FB 		ldr	pc, [sp], #4
 1262              		.section	.text.wc_InitRngNonce,"ax",%progbits
 1263              		.align	1
 1264              		.global	wc_InitRngNonce
 1265              		.syntax unified
 1266              		.thumb
 1267              		.thumb_func
 1268              		.fpu fpv4-sp-d16
 1270              	wc_InitRngNonce:
 1271              		@ args = 0, pretend = 0, frame = 0
 1272              		@ frame_needed = 0, uses_anonymous_args = 0
 1273 0000 6FF00103 		mvn	r3, #1
 1274 0004 07B5     		push	{r0, r1, r2, lr}
 1275 0006 0093     		str	r3, [sp]
 1276 0008 0023     		movs	r3, #0
 1277 000a FFF7FEFF 		bl	_InitRng
 1278 000e 03B0     		add	sp, sp, #12
 1279              		@ sp needed
 1280 0010 5DF804FB 		ldr	pc, [sp], #4
 1282              		.section	.text.wc_InitRngNonce_ex,"ax",%progbits
 1283              		.align	1
 1284              		.global	wc_InitRngNonce_ex
 1285              		.syntax unified
 1286              		.thumb
 1287              		.thumb_func
 1288              		.fpu fpv4-sp-d16
 1290              	wc_InitRngNonce_ex:
 1291              		@ args = 4, pretend = 0, frame = 0
 1292              		@ frame_needed = 0, uses_anonymous_args = 0
 1293              		@ link register save eliminated.
 1294 0000 FFF7FEBF 		b	_InitRng
 1296              		.section	.text.wc_RNG_GenerateBlock,"ax",%progbits
 1297              		.align	1
 1298              		.global	wc_RNG_GenerateBlock
ARM GAS  /tmp/ccE1PSAU.s 			page 23


 1299              		.syntax unified
 1300              		.thumb
 1301              		.thumb_func
 1302              		.fpu fpv4-sp-d16
 1304              	wc_RNG_GenerateBlock:
 1305              		@ args = 0, pretend = 0, frame = 0
 1306              		@ frame_needed = 0, uses_anonymous_args = 0
 1307 0000 2DE9F047 		push	{r4, r5, r6, r7, r8, r9, r10, lr}
 1308 0004 0F46     		mov	r7, r1
 1309 0006 1646     		mov	r6, r2
 1310 0008 0546     		mov	r5, r0
 1311 000a 88B0     		sub	sp, sp, #32
 1312 000c 0028     		cmp	r0, #0
 1313 000e 74D0     		beq	.L222
 1314 0010 0029     		cmp	r1, #0
 1315 0012 72D0     		beq	.L222
 1316 0014 1AB9     		cbnz	r2, .L210
 1317              	.L219:
 1318 0016 0020     		movs	r0, #0
 1319              	.L208:
 1320 0018 08B0     		add	sp, sp, #32
 1321              		@ sp needed
 1322 001a BDE8F087 		pop	{r4, r5, r6, r7, r8, r9, r10, pc}
 1323              	.L210:
 1324 001e B2F5803F 		cmp	r2, #65536
 1325 0022 6AD8     		bhi	.L222
 1326 0024 90F80CA0 		ldrb	r10, [r0, #12]	@ zero_extendqisi2
 1327 0028 BAF1010F 		cmp	r10, #1
 1328 002c 60D1     		bne	.L223
 1329 002e 8068     		ldr	r0, [r0, #8]
 1330 0030 FFF7FEFF 		bl	Hash_DRBG_Generate
 1331 0034 0228     		cmp	r0, #2
 1332 0036 0446     		mov	r4, r0
 1333 0038 54D1     		bne	.L211
 1334 003a 8020     		movs	r0, #128
 1335 003c 6C68     		ldr	r4, [r5, #4]
 1336 003e FFF7FEFF 		bl	wolfSSL_Malloc
 1337 0042 8046     		mov	r8, r0
 1338 0044 20B9     		cbnz	r0, .L212
 1339              	.L214:
 1340 0046 0323     		movs	r3, #3
 1341 0048 6FF0D000 		mvn	r0, #208
 1342 004c 2B73     		strb	r3, [r5, #12]
 1343 004e E3E7     		b	.L208
 1344              	.L212:
 1345 0050 6FF00103 		mvn	r3, #1
 1346 0054 CDE90543 		strd	r4, r3, [sp, #20]
 1347 0058 2023     		movs	r3, #32
 1348 005a 0293     		str	r3, [sp, #8]
 1349 005c 284B     		ldr	r3, .L234
 1350 005e 0022     		movs	r2, #0
 1351 0060 0193     		str	r3, [sp, #4]
 1352 0062 4FF08009 		mov	r9, #128
 1353 0066 3023     		movs	r3, #48
 1354 0068 CDE90309 		strd	r0, r9, [sp, #12]
 1355 006c 0093     		str	r3, [sp]
 1356 006e 1146     		mov	r1, r2
ARM GAS  /tmp/ccE1PSAU.s 			page 24


 1357 0070 5046     		mov	r0, r10
 1358 0072 244B     		ldr	r3, .L234+4
 1359 0074 FFF7FEFF 		bl	wc_RNG_HealthTest_ex
 1360 0078 0446     		mov	r4, r0
 1361 007a 40B9     		cbnz	r0, .L213
 1362 007c 4A46     		mov	r2, r9
 1363 007e 4046     		mov	r0, r8
 1364 0080 2149     		ldr	r1, .L234+8
 1365 0082 FFF7FEFF 		bl	ConstantCompare
 1366 0086 041E     		subs	r4, r0, #0
 1367 0088 18BF     		it	ne
 1368 008a 0124     		movne	r4, #1
 1369 008c 6442     		rsbs	r4, r4, #0
 1370              	.L213:
 1371 008e 4046     		mov	r0, r8
 1372 0090 FFF7FEFF 		bl	wolfSSL_Free
 1373 0094 002C     		cmp	r4, #0
 1374 0096 D6D1     		bne	.L214
 1375 0098 2420     		movs	r0, #36
 1376 009a FFF7FEFF 		bl	wolfSSL_Malloc
 1377 009e 8046     		mov	r8, r0
 1378 00a0 20B3     		cbz	r0, .L215
 1379 00a2 0146     		mov	r1, r0
 1380 00a4 2422     		movs	r2, #36
 1381 00a6 2846     		mov	r0, r5
 1382 00a8 FFF7FEFF 		bl	wc_GenerateSeed
 1383 00ac 18BB     		cbnz	r0, .L224
 1384 00ae 2421     		movs	r1, #36
 1385 00b0 4046     		mov	r0, r8
 1386 00b2 FFF7FEFF 		bl	wc_RNG_TestSeed
 1387 00b6 0446     		mov	r4, r0
 1388 00b8 30B9     		cbnz	r0, .L216
 1389 00ba 2022     		movs	r2, #32
 1390 00bc A868     		ldr	r0, [r5, #8]
 1391 00be 08F10401 		add	r1, r8, #4
 1392 00c2 FFF7FEFF 		bl	Hash_DRBG_Reseed
 1393 00c6 0446     		mov	r4, r0
 1394              	.L216:
 1395 00c8 4046     		mov	r0, r8
 1396 00ca 2421     		movs	r1, #36
 1397 00cc FFF7FEFF 		bl	ForceZero
 1398 00d0 4046     		mov	r0, r8
 1399 00d2 FFF7FEFF 		bl	wolfSSL_Free
 1400 00d6 3CB9     		cbnz	r4, .L218
 1401 00d8 3246     		mov	r2, r6
 1402 00da 3946     		mov	r1, r7
 1403 00dc A868     		ldr	r0, [r5, #8]
 1404 00de FFF7FEFF 		bl	Hash_DRBG_Generate
 1405 00e2 0446     		mov	r4, r0
 1406              	.L211:
 1407 00e4 002C     		cmp	r4, #0
 1408 00e6 96D0     		beq	.L219
 1409              	.L218:
 1410 00e8 032C     		cmp	r4, #3
 1411 00ea ACD0     		beq	.L214
 1412              	.L215:
 1413 00ec 0223     		movs	r3, #2
ARM GAS  /tmp/ccE1PSAU.s 			page 25


 1414 00ee 2B73     		strb	r3, [r5, #12]
 1415              	.L223:
 1416 00f0 6FF0C600 		mvn	r0, #198
 1417 00f4 90E7     		b	.L208
 1418              	.L224:
 1419 00f6 0124     		movs	r4, #1
 1420 00f8 E6E7     		b	.L216
 1421              	.L222:
 1422 00fa 6FF0AC00 		mvn	r0, #172
 1423 00fe 8BE7     		b	.L208
 1424              	.L235:
 1425              		.align	2
 1426              	.L234:
 1427 0100 00000000 		.word	.LANCHOR3
 1428 0104 00000000 		.word	.LANCHOR2
 1429 0108 00000000 		.word	.LANCHOR4
 1431              		.section	.text.wc_RNG_GenerateByte,"ax",%progbits
 1432              		.align	1
 1433              		.global	wc_RNG_GenerateByte
 1434              		.syntax unified
 1435              		.thumb
 1436              		.thumb_func
 1437              		.fpu fpv4-sp-d16
 1439              	wc_RNG_GenerateByte:
 1440              		@ args = 0, pretend = 0, frame = 0
 1441              		@ frame_needed = 0, uses_anonymous_args = 0
 1442              		@ link register save eliminated.
 1443 0000 0122     		movs	r2, #1
 1444 0002 FFF7FEBF 		b	wc_RNG_GenerateBlock
 1446              		.global	outputB_data
 1447              		.global	seedB_data
 1448              		.global	outputA_data
 1449              		.global	reseedSeedA_data
 1450              		.global	seedA_data
 1451              		.section	.rodata.outputA_data,"a"
 1452              		.set	.LANCHOR4,. + 0
 1455              	outputA_data:
 1456 0000 04EEC63B 		.ascii	"\004\356\306;\2621\337,c\012\032\373\347$\224\235\000"
 1456      B231DF2C 
 1456      630A1AFB 
 1456      E724949D 
 1456      00
 1457 0011 5A587851 		.ascii	"ZXxQ\341\252y^GsG\310\260Vb\034\030\275\334\335\215"
 1457      E1AA795E 
 1457      477347C8 
 1457      B056621C 
 1457      18BDDCDD 
 1458 0026 99FC5FC2 		.ascii	"\231\374_\302\271 S\330\317\254\373\013\270\203\022"
 1458      B92053D8 
 1458      CFACFB0B 
 1458      B88312
 1459 0035 05FAD1DD 		.ascii	"\005\372\321\335\326\300q1\212`\030\360;s\365\355\344"
 1459      D6C07131 
 1459      8A6018F0 
 1459      3B73F5ED 
 1459      E4
 1460 0046 D4D071F9 		.ascii	"\324\320q\371\336\003\375z\352\020]\222\231\270\257"
ARM GAS  /tmp/ccE1PSAU.s 			page 26


 1460      DE03FD7A 
 1460      EA105D92 
 1460      99B8AF
 1461 0055 99AA075B 		.ascii	"\231\252\007[\333M\271\252(\301\215\027KV\356*\001M"
 1461      DB4DB9AA 
 1461      28C18D17 
 1461      4B56EE2A 
 1461      014D
 1462 0067 098896FF 		.ascii	"\011\210\226\377\"\202\311U\250\031i\340i\372\214\340"
 1462      2282C955 
 1462      A81969E0 
 1462      69FA8CE0 
 1463 0077 07A18018 		.ascii	"\007\241\200\030:\007\337\256\027"
 1463      3A07DFAE 
 1463      17
 1464              		.section	.rodata.outputB_data,"a"
 1465              		.set	.LANCHOR1,. + 0
 1468              	outputB_data:
 1469 0000 D3E160C3 		.ascii	"\323\341`\303[\231\363@\262b\202d\321u\020`\340\004"
 1469      5B99F340 
 1469      B2628264 
 1469      D1751060 
 1469      E004
 1470 0012 5DA383FF 		.ascii	"]\243\203\377W\245}s\246s\322\270\330\015\252\366\246"
 1470      57A57D73 
 1470      A673D2B8 
 1470      D80DAAF6 
 1470      A6
 1471 0023 C35A91BB 		.ascii	"\303Z\221\273Ey\327?\320\310\376\321\021\2609\023\006"
 1471      4579D73F 
 1471      D0C8FED1 
 1471      11B03913 
 1471      06
 1472 0034 828ADFED 		.ascii	"\202\212\337\355R\217\001\201!\263\376\275\303C\347"
 1472      528F0181 
 1472      21B3FEBD 
 1472      C343E7
 1473 0043 97B87DBB 		.ascii	"\227\270}\273c\333\0233\336\331\321\354\341w\317\246"
 1473      63DB1333 
 1473      DED9D1EC 
 1473      E177CFA6 
 1474 0053 B71FE8AB 		.ascii	"\267\037\350\253\035\244f$\355d\025\345\034\315\342"
 1474      1DA46624 
 1474      ED6415E5 
 1474      1CCDE2
 1475 0062 C7CA86E2 		.ascii	"\307\312\206\342\203\231\016\352\353\221\022\004\025"
 1475      83990EEA 
 1475      EB911204 
 1475      15
 1476 006f 528B2295 		.ascii	"R\213\"\225\221\002\201\260-\3241\364\311\367\004'\337"
 1476      910281B0 
 1476      2DD431F4 
 1476      C9F70427 
 1476      DF
 1477              		.section	.rodata.reseedSeedA_data,"a"
 1478              		.set	.LANCHOR3,. + 0
 1481              	reseedSeedA_data:
ARM GAS  /tmp/ccE1PSAU.s 			page 27


 1482 0000 E62B8A8E 		.ascii	"\346+\212\216\350\361A\266\230\005f\343\277\343\300"
 1482      E8F141B6 
 1482      980566E3 
 1482      BFE3C0
 1483 000f 4903DAD4 		.ascii	"I\003\332\324\254,\337\237\"\200\001\012g9\274\203\323"
 1483      AC2CDF9F 
 1483      2280010A 
 1483      6739BC83 
 1483      D3
 1484              		.section	.rodata.seedA_data,"a"
 1485              		.set	.LANCHOR2,. + 0
 1488              	seedA_data:
 1489 0000 63363377 		.ascii	"c63w\344\036\206F\215\353\012\264\250\355h?j\023NG\340"
 1489      E41E8646 
 1489      8DEB0AB4 
 1489      A8ED683F 
 1489      6A134E47 
 1490 0015 14C70045 		.ascii	"\024\307\000EN\201\351SX\245i\200\212\243\217*r\246"
 1490      4E81E953 
 1490      58A56980 
 1490      8AA38F2A 
 1490      72A6
 1491 0027 2359915A 		.ascii	"#Y\221Z\237\212\004\312h"
 1491      9F8A04CA 
 1491      68
 1492              		.section	.rodata.seedB_data,"a"
 1493              		.set	.LANCHOR0,. + 0
 1496              	seedB_data:
 1497 0000 A65AD0F3 		.ascii	"\246Z\320\363E\333N\016\377\350u\303\242\347\037B\307"
 1497      45DB4E0E 
 1497      FFE875C3 
 1497      A2E71F42 
 1497      C7
 1498 0011 129D620F 		.ascii	"\022\235b\017\365\301\031\251\357U\360Q\205\340\373"
 1498      F5C119A9 
 1498      EF55F051 
 1498      85E0FB
 1499 0020 8581F931 		.ascii	"\205\201\3711u\027'n\006\351`}\333\313\314."
 1499      7517276E 
 1499      06E9607D 
 1499      DBCBCC2E 
 1500              		.ident	"GCC: (15:10.3-2021.07-4) 10.3.1 20210621 (release)"
ARM GAS  /tmp/ccE1PSAU.s 			page 28


DEFINED SYMBOLS
                            *ABS*:0000000000000000 random.c
     /tmp/ccE1PSAU.s:16     .text.ConstantCompare:0000000000000000 $t
     /tmp/ccE1PSAU.s:24     .text.ConstantCompare:0000000000000000 ConstantCompare
     /tmp/ccE1PSAU.s:44     .text.ForceZero:0000000000000000 $t
     /tmp/ccE1PSAU.s:50     .text.ForceZero:0000000000000000 ForceZero
     /tmp/ccE1PSAU.s:85     .text.Hash_DRBG_Uninstantiate:0000000000000000 $t
     /tmp/ccE1PSAU.s:91     .text.Hash_DRBG_Uninstantiate:0000000000000000 Hash_DRBG_Uninstantiate
     /tmp/ccE1PSAU.s:115    .text.array_add.part.0.constprop.0:0000000000000000 $t
     /tmp/ccE1PSAU.s:121    .text.array_add.part.0.constprop.0:0000000000000000 array_add.part.0.constprop.0
     /tmp/ccE1PSAU.s:156    .text.Hash_df.constprop.0:0000000000000000 $t
     /tmp/ccE1PSAU.s:162    .text.Hash_df.constprop.0:0000000000000000 Hash_df.constprop.0
     /tmp/ccE1PSAU.s:287    .text.Hash_DRBG_Instantiate.constprop.0:0000000000000000 $t
     /tmp/ccE1PSAU.s:293    .text.Hash_DRBG_Instantiate.constprop.0:0000000000000000 Hash_DRBG_Instantiate.constprop.0
     /tmp/ccE1PSAU.s:340    .text.Hash_DRBG_Reseed:0000000000000000 $t
     /tmp/ccE1PSAU.s:346    .text.Hash_DRBG_Reseed:0000000000000000 Hash_DRBG_Reseed
     /tmp/ccE1PSAU.s:421    .text.Hash_DRBG_Generate:0000000000000000 $t
     /tmp/ccE1PSAU.s:427    .text.Hash_DRBG_Generate:0000000000000000 Hash_DRBG_Generate
     /tmp/ccE1PSAU.s:627    .text.Hash_DRBG_Generate:00000000000001cc $d
     /tmp/ccE1PSAU.s:630    .text.wc_RNG_DRBG_Reseed:0000000000000000 $t
     /tmp/ccE1PSAU.s:637    .text.wc_RNG_DRBG_Reseed:0000000000000000 wc_RNG_DRBG_Reseed
     /tmp/ccE1PSAU.s:650    .text.wc_RNG_TestSeed:0000000000000000 $t
     /tmp/ccE1PSAU.s:657    .text.wc_RNG_TestSeed:0000000000000000 wc_RNG_TestSeed
     /tmp/ccE1PSAU.s:708    .text.wc_FreeRng:0000000000000000 $t
     /tmp/ccE1PSAU.s:715    .text.wc_FreeRng:0000000000000000 wc_FreeRng
     /tmp/ccE1PSAU.s:747    .text.wc_rng_free:0000000000000000 $t
     /tmp/ccE1PSAU.s:754    .text.wc_rng_free:0000000000000000 wc_rng_free
     /tmp/ccE1PSAU.s:771    .text.wc_RNG_HealthTest_ex:0000000000000000 $t
     /tmp/ccE1PSAU.s:778    .text.wc_RNG_HealthTest_ex:0000000000000000 wc_RNG_HealthTest_ex
     /tmp/ccE1PSAU.s:863    .text.wc_RNG_HealthTest:0000000000000000 $t
     /tmp/ccE1PSAU.s:870    .text.wc_RNG_HealthTest:0000000000000000 wc_RNG_HealthTest
     /tmp/ccE1PSAU.s:894    .text.wc_GenerateSeed:0000000000000000 $t
     /tmp/ccE1PSAU.s:901    .text.wc_GenerateSeed:0000000000000000 wc_GenerateSeed
     /tmp/ccE1PSAU.s:973    .text.wc_GenerateSeed:000000000000009c $d
     /tmp/ccE1PSAU.s:977    .text._InitRng:0000000000000000 $t
     /tmp/ccE1PSAU.s:983    .text._InitRng:0000000000000000 _InitRng
     /tmp/ccE1PSAU.s:1143   .text._InitRng:0000000000000170 $d
     /tmp/ccE1PSAU.s:1147   .text.wc_rng_new_ex:0000000000000000 $t
     /tmp/ccE1PSAU.s:1154   .text.wc_rng_new_ex:0000000000000000 wc_rng_new_ex
     /tmp/ccE1PSAU.s:1189   .text.wc_rng_new:0000000000000000 $t
     /tmp/ccE1PSAU.s:1196   .text.wc_rng_new:0000000000000000 wc_rng_new
     /tmp/ccE1PSAU.s:1220   .text.wc_InitRng:0000000000000000 $t
     /tmp/ccE1PSAU.s:1227   .text.wc_InitRng:0000000000000000 wc_InitRng
     /tmp/ccE1PSAU.s:1242   .text.wc_InitRng_ex:0000000000000000 $t
     /tmp/ccE1PSAU.s:1249   .text.wc_InitRng_ex:0000000000000000 wc_InitRng_ex
     /tmp/ccE1PSAU.s:1263   .text.wc_InitRngNonce:0000000000000000 $t
     /tmp/ccE1PSAU.s:1270   .text.wc_InitRngNonce:0000000000000000 wc_InitRngNonce
     /tmp/ccE1PSAU.s:1283   .text.wc_InitRngNonce_ex:0000000000000000 $t
     /tmp/ccE1PSAU.s:1290   .text.wc_InitRngNonce_ex:0000000000000000 wc_InitRngNonce_ex
     /tmp/ccE1PSAU.s:1297   .text.wc_RNG_GenerateBlock:0000000000000000 $t
     /tmp/ccE1PSAU.s:1304   .text.wc_RNG_GenerateBlock:0000000000000000 wc_RNG_GenerateBlock
     /tmp/ccE1PSAU.s:1427   .text.wc_RNG_GenerateBlock:0000000000000100 $d
     /tmp/ccE1PSAU.s:1432   .text.wc_RNG_GenerateByte:0000000000000000 $t
     /tmp/ccE1PSAU.s:1439   .text.wc_RNG_GenerateByte:0000000000000000 wc_RNG_GenerateByte
     /tmp/ccE1PSAU.s:1468   .rodata.outputB_data:0000000000000000 outputB_data
     /tmp/ccE1PSAU.s:1496   .rodata.seedB_data:0000000000000000 seedB_data
     /tmp/ccE1PSAU.s:1455   .rodata.outputA_data:0000000000000000 outputA_data
ARM GAS  /tmp/ccE1PSAU.s 			page 29


     /tmp/ccE1PSAU.s:1481   .rodata.reseedSeedA_data:0000000000000000 reseedSeedA_data
     /tmp/ccE1PSAU.s:1488   .rodata.seedA_data:0000000000000000 seedA_data

UNDEFINED SYMBOLS
memset
wc_Sha256Free
wolfSSL_Malloc
wc_Sha256Update
wolfSSL_Free
wc_Sha256Final
memcpy
wc_InitSha256
wolfSSL_CryptHwMutexLock
HAL_RNG_Init
HAL_RNG_DeInit
wolfSSL_CryptHwMutexUnLock
HAL_RNG_GenerateRandomNumber
