ARM GAS  /tmp/ccRDU33M.s 			page 1


   1              		.cpu cortex-m33
   2              		.eabi_attribute 27, 1
   3              		.eabi_attribute 28, 1
   4              		.eabi_attribute 20, 1
   5              		.eabi_attribute 21, 1
   6              		.eabi_attribute 23, 3
   7              		.eabi_attribute 24, 1
   8              		.eabi_attribute 25, 1
   9              		.eabi_attribute 26, 1
  10              		.eabi_attribute 30, 4
  11              		.eabi_attribute 34, 1
  12              		.eabi_attribute 18, 4
  13              		.file	"ux_device_cdc_acm.c"
  14              		.text
  15              		.section	.text.ux_device_cdc_acm_rx_init,"ax",%progbits
  16              		.align	1
  17              		.global	ux_device_cdc_acm_rx_init
  18              		.arch armv8-m.main
  19              		.arch_extension dsp
  20              		.syntax unified
  21              		.thumb
  22              		.thumb_func
  23              		.fpu fpv4-sp-d16
  25              	ux_device_cdc_acm_rx_init:
  26              		@ args = 0, pretend = 0, frame = 0
  27              		@ frame_needed = 0, uses_anonymous_args = 0
  28              		@ link register save eliminated.
  29 0000 014B     		ldr	r3, .L2
  30 0002 1860     		str	r0, [r3]
  31 0004 7047     		bx	lr
  32              	.L3:
  33 0006 00BF     		.align	2
  34              	.L2:
  35 0008 00000000 		.word	.LANCHOR0
  37              		.section	.rodata.ux_device_cdc_acm_activate.str1.1,"aMS",%progbits,1
  38              	.LC0:
  39 0000 4552524F 		.ascii	"ERROR:IOCTL failed\000"
  39      523A494F 
  39      43544C20 
  39      6661696C 
  39      656400
  40              	.LC1:
  41 0013 0D00     		.ascii	"\015\000"
  42              		.section	.text.ux_device_cdc_acm_activate,"ax",%progbits
  43              		.align	1
  44              		.global	ux_device_cdc_acm_activate
  45              		.syntax unified
  46              		.thumb
  47              		.thumb_func
  48              		.fpu fpv4-sp-d16
  50              	ux_device_cdc_acm_activate:
  51              		@ args = 0, pretend = 0, frame = 0
  52              		@ frame_needed = 0, uses_anonymous_args = 0
  53 0000 08B5     		push	{r3, lr}
  54 0002 0B4B     		ldr	r3, .L6
  55 0004 0B4A     		ldr	r2, .L6+4
  56 0006 1860     		str	r0, [r3]
ARM GAS  /tmp/ccRDU33M.s 			page 2


  57 0008 4FF4E133 		mov	r3, #115200
  58 000c 1360     		str	r3, [r2]
  59 000e 0023     		movs	r3, #0
  60 0010 9380     		strh	r3, [r2, #4]	@ movhi
  61 0012 0823     		movs	r3, #8
  62 0014 0121     		movs	r1, #1
  63 0016 9371     		strb	r3, [r2, #6]
  64 0018 FFF7FEFF 		bl	_ux_device_class_cdc_acm_ioctl
  65 001c 38B1     		cbz	r0, .L4
  66 001e 0648     		ldr	r0, .L6+8
  67 0020 FFF7FEFF 		bl	printf
  68 0024 BDE80840 		pop	{r3, lr}
  69 0028 0448     		ldr	r0, .L6+12
  70 002a FFF7FEBF 		b	puts
  71              	.L4:
  72 002e 08BD     		pop	{r3, pc}
  73              	.L7:
  74              		.align	2
  75              	.L6:
  76 0030 00000000 		.word	.LANCHOR1
  77 0034 00000000 		.word	.LANCHOR2
  78 0038 00000000 		.word	.LC0
  79 003c 13000000 		.word	.LC1
  81              		.section	.text.ux_device_cdc_acm_deactivate,"ax",%progbits
  82              		.align	1
  83              		.global	ux_device_cdc_acm_deactivate
  84              		.syntax unified
  85              		.thumb
  86              		.thumb_func
  87              		.fpu fpv4-sp-d16
  89              	ux_device_cdc_acm_deactivate:
  90              		@ args = 0, pretend = 0, frame = 0
  91              		@ frame_needed = 0, uses_anonymous_args = 0
  92              		@ link register save eliminated.
  93 0000 0022     		movs	r2, #0
  94 0002 014B     		ldr	r3, .L9
  95 0004 1A60     		str	r2, [r3]
  96 0006 7047     		bx	lr
  97              	.L10:
  98              		.align	2
  99              	.L9:
 100 0008 00000000 		.word	.LANCHOR1
 102              		.section	.text.ux_device_cdc_acm_parameterchange,"ax",%progbits
 103              		.align	1
 104              		.global	ux_device_cdc_acm_parameterchange
 105              		.syntax unified
 106              		.thumb
 107              		.thumb_func
 108              		.fpu fpv4-sp-d16
 110              	ux_device_cdc_acm_parameterchange:
 111              		@ args = 0, pretend = 0, frame = 0
 112              		@ frame_needed = 0, uses_anonymous_args = 0
 113              		@ link register save eliminated.
 114 0000 7047     		bx	lr
 116              		.section	.text.ux_device_cdc_acm_connected,"ax",%progbits
 117              		.align	1
 118              		.global	ux_device_cdc_acm_connected
ARM GAS  /tmp/ccRDU33M.s 			page 3


 119              		.syntax unified
 120              		.thumb
 121              		.thumb_func
 122              		.fpu fpv4-sp-d16
 124              	ux_device_cdc_acm_connected:
 125              		@ args = 0, pretend = 0, frame = 0
 126              		@ frame_needed = 0, uses_anonymous_args = 0
 127              		@ link register save eliminated.
 128 0000 044B     		ldr	r3, .L15
 129 0002 1868     		ldr	r0, [r3]
 130 0004 28B1     		cbz	r0, .L13
 131 0006 044B     		ldr	r3, .L15+4
 132 0008 1B68     		ldr	r3, [r3]
 133 000a 586A     		ldr	r0, [r3, #36]
 134 000c C31E     		subs	r3, r0, #3
 135 000e 5842     		rsbs	r0, r3, #0
 136 0010 5841     		adcs	r0, r0, r3
 137              	.L13:
 138 0012 7047     		bx	lr
 139              	.L16:
 140              		.align	2
 141              	.L15:
 142 0014 00000000 		.word	.LANCHOR1
 143 0018 00000000 		.word	_ux_system_slave
 145              		.section	.text.ux_device_cdc_acm_tx,"ax",%progbits
 146              		.align	1
 147              		.global	ux_device_cdc_acm_tx
 148              		.syntax unified
 149              		.thumb
 150              		.thumb_func
 151              		.fpu fpv4-sp-d16
 153              	ux_device_cdc_acm_tx:
 154              		@ args = 0, pretend = 0, frame = 8
 155              		@ frame_needed = 0, uses_anonymous_args = 0
 156 0000 0A4B     		ldr	r3, .L21
 157 0002 37B5     		push	{r0, r1, r2, r4, r5, lr}
 158 0004 1D68     		ldr	r5, [r3]
 159 0006 0C46     		mov	r4, r1
 160 0008 15B9     		cbnz	r5, .L18
 161              	.L20:
 162 000a 0020     		movs	r0, #0
 163              	.L19:
 164 000c 03B0     		add	sp, sp, #12
 165              		@ sp needed
 166 000e 30BD     		pop	{r4, r5, pc}
 167              	.L18:
 168 0010 0A46     		mov	r2, r1
 169 0012 01AB     		add	r3, sp, #4
 170 0014 0146     		mov	r1, r0
 171 0016 2846     		mov	r0, r5
 172 0018 FFF7FEFF 		bl	_ux_device_class_cdc_acm_write_run
 173 001c 0428     		cmp	r0, #4
 174 001e F4D1     		bne	.L20
 175 0020 019B     		ldr	r3, [sp, #4]
 176 0022 1B1B     		subs	r3, r3, r4
 177 0024 5842     		rsbs	r0, r3, #0
 178 0026 5841     		adcs	r0, r0, r3
ARM GAS  /tmp/ccRDU33M.s 			page 4


 179 0028 F0E7     		b	.L19
 180              	.L22:
 181 002a 00BF     		.align	2
 182              	.L21:
 183 002c 00000000 		.word	.LANCHOR1
 185              		.section	.text.ux_device_cdc_acm_task,"ax",%progbits
 186              		.align	1
 187              		.global	ux_device_cdc_acm_task
 188              		.syntax unified
 189              		.thumb
 190              		.thumb_func
 191              		.fpu fpv4-sp-d16
 193              	ux_device_cdc_acm_task:
 194              		@ args = 0, pretend = 0, frame = 8
 195              		@ frame_needed = 0, uses_anonymous_args = 0
 196 0000 0F4B     		ldr	r3, .L37
 197 0002 07B5     		push	{r0, r1, r2, lr}
 198 0004 1868     		ldr	r0, [r3]
 199 0006 C0B1     		cbz	r0, .L23
 200 0008 0E4B     		ldr	r3, .L37+4
 201 000a 1B68     		ldr	r3, [r3]
 202 000c 5A6A     		ldr	r2, [r3, #36]
 203 000e 032A     		cmp	r2, #3
 204 0010 13D1     		bne	.L23
 205 0012 D3F84031 		ldr	r3, [r3, #320]
 206 0016 0C49     		ldr	r1, .L37+8
 207 0018 022B     		cmp	r3, #2
 208 001a 0CBF     		ite	eq
 209 001c 4FF40072 		moveq	r2, #512
 210 0020 4022     		movne	r2, #64
 211 0022 01AB     		add	r3, sp, #4
 212 0024 FFF7FEFF 		bl	_ux_device_class_cdc_acm_read_run
 213 0028 0428     		cmp	r0, #4
 214 002a 06D1     		bne	.L23
 215 002c 0199     		ldr	r1, [sp, #4]
 216 002e 21B1     		cbz	r1, .L23
 217 0030 064B     		ldr	r3, .L37+12
 218 0032 1B68     		ldr	r3, [r3]
 219 0034 0BB1     		cbz	r3, .L23
 220 0036 0448     		ldr	r0, .L37+8
 221 0038 9847     		blx	r3
 222              	.L23:
 223 003a 03B0     		add	sp, sp, #12
 224              		@ sp needed
 225 003c 5DF804FB 		ldr	pc, [sp], #4
 226              	.L38:
 227              		.align	2
 228              	.L37:
 229 0040 00000000 		.word	.LANCHOR1
 230 0044 00000000 		.word	_ux_system_slave
 231 0048 00000000 		.word	.LANCHOR3
 232 004c 00000000 		.word	.LANCHOR0
 234              		.global	CDC_VCP_LineCoding
 235              		.global	cdc_acm
 236              		.section	.bss.CDC_VCP_LineCoding,"aw",%nobits
 237              		.align	2
 238              		.set	.LANCHOR2,. + 0
ARM GAS  /tmp/ccRDU33M.s 			page 5


 241              	CDC_VCP_LineCoding:
 242 0000 00000000 		.space	8
 242      00000000 
 243              		.section	.bss._rx_handler,"aw",%nobits
 244              		.align	2
 245              		.set	.LANCHOR0,. + 0
 248              	_rx_handler:
 249 0000 00000000 		.space	4
 250              		.section	.bss.acm_rx_buffer,"aw",%nobits
 251              		.set	.LANCHOR3,. + 0
 254              	acm_rx_buffer:
 255 0000 00000000 		.space	512
 255      00000000 
 255      00000000 
 255      00000000 
 255      00000000 
 256              		.section	.bss.cdc_acm,"aw",%nobits
 257              		.align	2
 258              		.set	.LANCHOR1,. + 0
 261              	cdc_acm:
 262 0000 00000000 		.space	4
 263              		.ident	"GCC: (15:10.3-2021.07-4) 10.3.1 20210621 (release)"
ARM GAS  /tmp/ccRDU33M.s 			page 6


DEFINED SYMBOLS
                            *ABS*:0000000000000000 ux_device_cdc_acm.c
     /tmp/ccRDU33M.s:16     .text.ux_device_cdc_acm_rx_init:0000000000000000 $t
     /tmp/ccRDU33M.s:25     .text.ux_device_cdc_acm_rx_init:0000000000000000 ux_device_cdc_acm_rx_init
     /tmp/ccRDU33M.s:35     .text.ux_device_cdc_acm_rx_init:0000000000000008 $d
     /tmp/ccRDU33M.s:43     .text.ux_device_cdc_acm_activate:0000000000000000 $t
     /tmp/ccRDU33M.s:50     .text.ux_device_cdc_acm_activate:0000000000000000 ux_device_cdc_acm_activate
     /tmp/ccRDU33M.s:76     .text.ux_device_cdc_acm_activate:0000000000000030 $d
     /tmp/ccRDU33M.s:82     .text.ux_device_cdc_acm_deactivate:0000000000000000 $t
     /tmp/ccRDU33M.s:89     .text.ux_device_cdc_acm_deactivate:0000000000000000 ux_device_cdc_acm_deactivate
     /tmp/ccRDU33M.s:100    .text.ux_device_cdc_acm_deactivate:0000000000000008 $d
     /tmp/ccRDU33M.s:103    .text.ux_device_cdc_acm_parameterchange:0000000000000000 $t
     /tmp/ccRDU33M.s:110    .text.ux_device_cdc_acm_parameterchange:0000000000000000 ux_device_cdc_acm_parameterchange
     /tmp/ccRDU33M.s:117    .text.ux_device_cdc_acm_connected:0000000000000000 $t
     /tmp/ccRDU33M.s:124    .text.ux_device_cdc_acm_connected:0000000000000000 ux_device_cdc_acm_connected
     /tmp/ccRDU33M.s:142    .text.ux_device_cdc_acm_connected:0000000000000014 $d
     /tmp/ccRDU33M.s:146    .text.ux_device_cdc_acm_tx:0000000000000000 $t
     /tmp/ccRDU33M.s:153    .text.ux_device_cdc_acm_tx:0000000000000000 ux_device_cdc_acm_tx
     /tmp/ccRDU33M.s:183    .text.ux_device_cdc_acm_tx:000000000000002c $d
     /tmp/ccRDU33M.s:186    .text.ux_device_cdc_acm_task:0000000000000000 $t
     /tmp/ccRDU33M.s:193    .text.ux_device_cdc_acm_task:0000000000000000 ux_device_cdc_acm_task
     /tmp/ccRDU33M.s:229    .text.ux_device_cdc_acm_task:0000000000000040 $d
     /tmp/ccRDU33M.s:241    .bss.CDC_VCP_LineCoding:0000000000000000 CDC_VCP_LineCoding
     /tmp/ccRDU33M.s:261    .bss.cdc_acm:0000000000000000 cdc_acm
     /tmp/ccRDU33M.s:237    .bss.CDC_VCP_LineCoding:0000000000000000 $d
     /tmp/ccRDU33M.s:244    .bss._rx_handler:0000000000000000 $d
     /tmp/ccRDU33M.s:248    .bss._rx_handler:0000000000000000 _rx_handler
     /tmp/ccRDU33M.s:254    .bss.acm_rx_buffer:0000000000000000 acm_rx_buffer
     /tmp/ccRDU33M.s:255    .bss.acm_rx_buffer:0000000000000000 $d
     /tmp/ccRDU33M.s:257    .bss.cdc_acm:0000000000000000 $d

UNDEFINED SYMBOLS
_ux_device_class_cdc_acm_ioctl
printf
puts
_ux_system_slave
_ux_device_class_cdc_acm_write_run
_ux_device_class_cdc_acm_read_run
