ARM GAS  /tmp/cc0IOx9B.s 			page 1


   1              		.cpu cortex-m33
   2              		.eabi_attribute 27, 1
   3              		.eabi_attribute 28, 1
   4              		.eabi_attribute 20, 1
   5              		.eabi_attribute 21, 1
   6              		.eabi_attribute 23, 3
   7              		.eabi_attribute 24, 1
   8              		.eabi_attribute 25, 1
   9              		.eabi_attribute 26, 1
  10              		.eabi_attribute 30, 4
  11              		.eabi_attribute 34, 1
  12              		.eabi_attribute 18, 4
  13              		.file	"led.c"
  14              		.section	.gnu.lto_.profile.d9d940a021257dbb,"e",%progbits
  15 0000 789C6365 		.ascii	"x\234ce\000\002Ff\006\006\000\000C\000\012"
  15      00024666 
  15      06060000 
  15      43000A
  16              		.text
  17              		.section	.gnu.lto_.icf.d9d940a021257dbb,"e",%progbits
  18 0000 789C9364 		.ascii	"x\234\223d@\000\026\206\343\217[\214\030/\255\276y\236"
  18      40001686 
  18      E38F5B8C 
  18      182FADBE 
  18      799E
  19 0012 91E976C7 		.ascii	"\221\351v\307\311}\254\314\347\337?\372\300\305\000"
  19      C97DACCC 
  19      E7DF3FFA 
  19      C0C500
  20 0021 009B220C 		.ascii	"\000\233\"\0143"
  20      33
  21              		.text
  22              		.section	.gnu.lto_.ipa_sra.d9d940a021257dbb,"e",%progbits
  23 0000 789C7365 		.ascii	"x\234se@\000\026\006F fgffl\340A\21022\2620\240\001"
  23      40001606 
  23      46206667 
  23      66666CE0 
  23      41883232 
  24 0018 46266614 		.ascii	"F&f\024.3#\230\002C\000>\030\000\375"
  24      2E332398 
  24      0243003E 
  24      1800FD
  25              		.text
  26              		.section	.gnu.lto_.inline.d9d940a021257dbb,"e",%progbits
  27 0000 789C5551 		.ascii	"x\234UQKJ\003A\020}\365\211\031\005u<\2019\202G\230"
  27      4B4A0341 
  27      107DF589 
  27      1905753C 
  27      81398247 
  28 0015 13788698 		.ascii	"\023x\206\230\231\304\255^ t\262\022q\021\305\033\030"
  28      99C4AD5E 
  28      2074B212 
  28      7111C51B 
  28      18
  29 0026 5070E3C2 		.ascii	"Pp\343\302\037\256\006\027\342N\274\201\007\020\334"
  29      1FAE0617 
  29      E24EBC81 
ARM GAS  /tmp/cc0IOx9B.s 			page 2


  29      0710DC
  30 0035 65E142AC 		.ascii	"e\341B\254\352\231\016\332\320]\357\275*\372uU\377\020"
  30      EA990EDA 
  30      D05DEFBD 
  30      2AFA7555 
  30      FF10
  31 0047 964B816E 		.ascii	"\226K\201n\010\341CF\004\006&\206\307\300\212\205\300"
  31      08E14346 
  31      04062686 
  31      C7C08A85 
  31      C0
  32 0058 15BB045D 		.ascii	"\025\273\004]\267Cf\273\000a\353\373\372i\301#\352\342"
  32      B74366BB 
  32      0061EBFB 
  32      FA69C123 
  32      EAE2
  33 006a 702E3893 		.ascii	"p.8\223\271\020Az\300\201Q\272%\207d\242k\024\001\242"
  33      B910417A 
  33      C08151BA 
  33      258764A2 
  33      6B1401A2 
  34 007e C0902313 		.ascii	"\300\220#\023#\002\270\215\253:\275\370|\343\022X{>"
  34      2302B88D 
  34      AB3ABDF8 
  34      7CE31258 
  34      7B3E
  35 0090 5D5C4A34 		.ascii	"]\\J4\244\350=`\344\214\316\343\313\3251W\310\241\315"
  35      A4E83D60 
  35      E48CCEE3 
  35      CBD53157 
  35      C8A1CD
  36 00a3 8BB003FA 		.ascii	"\213\260\003\372:y?\227\2762\012\333\211\031\201F<P"
  36      3A793F97 
  36      BE320ADB 
  36      89198146 
  36      3C50
  37 00b5 D46464D2 		.ascii	"\324dd\322\\\035\242al2\310\220(y\013\307\033\315;\213"
  37      5C1DA261 
  37      6C32C890 
  37      28790BC7 
  37      1BCD3B8B 
  38 00c9 A9E89D5C 		.ascii	"\251\350\235\\\324\013\260=\015\341U\366\3774k\023\260"
  38      D40BB03D 
  38      0DE155F6 
  38      FF346B13 
  38      B0
  39 00da 5D1A6829 		.ascii	"]\032h)5\215\337Q\222\351\236\274Z<\255V] Rz \351\247"
  39      358DDF51 
  39      92E99EBC 
  39      5A3CAD56 
  39      5D20527A 
  40 00f1 D1342351 		.ascii	"\3214#Q\264\212zU\226\233\363L\206\300\206\201\033\036"
  40      B48A7A55 
  40      969BF34C 
  40      86C08681 
  40      1B1E
  41 0103 FE1B45D1 		.ascii	"\376\033E\3214PK\205\002\344\237\304{\031#\220\035\035"
ARM GAS  /tmp/cc0IOx9B.s 			page 3


  41      34504B85 
  41      02E49FC4 
  41      7B192390 
  41      1D1D
  42 0115 A3359799 		.ascii	"\2435\227\231\263\224\263\301\004\326eN\235yK\233@/"
  42      B394B3C1 
  42      04D6654E 
  42      9D794B9B 
  42      402F
  43 0127 6B62EEC2 		.ascii	"kb\356\302/\353\326hu"
  43      2FEBD668 
  43      75
  44              		.text
  45              		.section	.gnu.lto_.jmpfuncs.d9d940a021257dbb,"e",%progbits
  46 0000 789C4D8D 		.ascii	"x\234M\215\261\015\2000\014\004\377c\003e\232L\301\010"
  46      B10D8030 
  46      0C04FF63 
  46      03659A4C 
  46      C108
  47 0012 198D0276 		.ascii	"\031\215\002v`\206\014\222Q\330\004\336)\200\223\256"
  47      60860C92 
  47      51D804DE 
  47      298093AE 
  48 0022 F0492F6F 		.ascii	"\360I/o\370pP4\233f\337A\260;!o\221\221\270\276\005"
  48      F8705034 
  48      9B66DF41 
  48      B03B216F 
  48      9191B8BE 
  49 0037 48A7359B 		.ascii	"H\2475\233YF*#\321c\235\017\355%e\012\223\251.\377\032"
  49      59462A23 
  49      D1639D0F 
  49      ED25650A 
  49      93A92EFF 
  50 004c 216EA05E 		.ascii	"!n\240^\372Z;\360\000\270\033\027\206"
  50      FA5A3BF0 
  50      00B81B17 
  50      86
  51              		.text
  52              		.section	.gnu.lto_.pureconst.d9d940a021257dbb,"e",%progbits
  53 0000 789CE365 		.ascii	"x\234\343e```a\230\301\3028\213\205i\026\013\363,\026"
  53      60606061 
  53      98C1C238 
  53      8B856916 
  53      0BF32C16 
  54 0014 00112602 		.ascii	"\000\021&\002\216"
  54      8E
  55              		.text
  56              		.section	.gnu.lto_.lto.d9d940a021257dbb,"e",%progbits
  57 0000 09000400 		.ascii	"\011\000\004\000\001\000\000\000"
  57      01000000 
  58              		.text
  59              		.section	.gnu.lto_led_init.165.d9d940a021257dbb,"e",%progbits
  60 0000 789C454E 		.ascii	"x\234EN=K\003Q\020\334y{\211X\012\366\012\"\242p\367"
  60      3D4B0351 
  60      10DC797B 
  60      89580AF6 
  60      0A22A270 
ARM GAS  /tmp/cc0IOx9B.s 			page 4


  61 0015 A2416CFD 		.ascii	"\242Al\375\001\202\376\2053\0271\344\316\034\346\242"
  61      0182FE85 
  61      331731E4 
  61      CE1CE6A2 
  62 0025 655E442C 		.ascii	"e^D,\322\304\304VR\310\265\222\306\217X\010ga/\026\326"
  62      D2C4C456 
  62      52C8B592 
  62      C68F5808 
  62      67612F16 
  63 003a 29FC0162 		.ascii	")\374\001b\243\205\240\373\242`1\354\316\2603;/D\264"
  63      A385A0FB 
  63      A26031EC 
  63      CEB0333B 
  63      2F44B4
  64 004d 29981780 		.ascii	")\230\027\200\011\275n[\2211f}B\241\325m\177<\314\341"
  64      09BD6E5B 
  64      9131667D 
  64      42A1D56D 
  64      7F3CCCE1 
  65 0061 0E630E6A 		.ascii	"\016c\016j*4q\306\213\2311\237\217\375\327\253\255\014"
  65      2A3471C6 
  65      8B99319F 
  65      8FFDD7AB 
  65      AD0C
  66 0073 2913F5C5 		.ascii	")\023\365\305VDA\002\350\234\321\343\224\001\347oS\230"
  66      56444102 
  66      E89CD1E3 
  66      9401E76F 
  66      5398
  67 0085 958D3768 		.ascii	"\225\2157hALO\203\2411\223\2242\343\026\326u\003\\\203"
  67      414C4F83 
  67      A1319394 
  67      32E316D6 
  67      75035C83 
  68 0099 AC20DEFC 		.ascii	"\254 \336\3748\311\326\020\014\236s\231\371\372\356"
  68      38C9D610 
  68      0C9E7399 
  68      F9FAEE
  69 00a8 1833F067 		.ascii	"\0303\360g\034\005\014E\355\260mf\034\230\214\350\224"
  69      1C050C45 
  69      EDB06D66 
  69      1C988CE8 
  69      94
  70 00b9 D52F6909 		.ascii	"\325/i\011y\303\311\350\022t\014\225\262\323g\271\275"
  70      79C3C9E8 
  70      12740C95 
  70      B2D367B9 
  70      BD
  71 00ca 90D74BB6 		.ascii	"\220\327K\266A\016\323)\347\351\035G\243\373\330\012"
  71      410ED329 
  71      E7E91D47 
  71      A3FBD80A 
  72 00da 04FB40C2 		.ascii	"\004\373@\302\360\037F\264\246\243\275D\227t\022\305"
  72      F01F46B4 
  72      A6A3BD44 
  72      977412C5 
  73 00ea 3AA8C461 		.ascii	":\250\304a-\252\372:\331\257\305\225Ra\331\255'Qq\245"
ARM GAS  /tmp/cc0IOx9B.s 			page 5


  73      2DAAFA3A 
  73      D9AFC595 
  73      5261D9AD 
  73      275171A5 
  74 00fe B1EA36EA 		.ascii	"\261\3526\352\333nP>\250V\022w\347P\373qLS\236\247\353"
  74      DB6E503E 
  74      A8561277 
  74      E750FB71 
  74      4C539EA7 
  75 0113 4155EFFA 		.ascii	"AU\357\372\241\016\313\201W\"\226\361\003Lq]\365"
  75      A10ECB81 
  75      572296F1 
  75      034C715D 
  75      F5
  76              		.text
  77              		.section	.gnu.lto_led_cyclic_sequence.166.d9d940a021257dbb,"e",%progbits
  78 0000 789C7D91 		.ascii	"x\234}\221\313K\324Q\024\307\357\367w\356o\036j\366"
  78      CB4BD451 
  78      14C7EFF7 
  78      77EE6F1E 
  78      6AF6
  79 0012 80A09DEE 		.ascii	"\200\240\235\356z\300\3703%\332\372\007\264h\333\252"
  79      7AC0F833 
  79      25DAFA07 
  79      B468DBAA 
  80 0022 4667CA61 		.ascii	"Fg\312aftp\306\\z}\315\302\002\375\231\265\210\311\340"
  80      667470C6 
  80      5C7A7DCD 
  80      C202FD99 
  80      B588C9E0 
  81 0036 E714B60A 		.ascii	"\347\024\266\012*\037SV\023SQ\022\366\330\004QH\273"
  81      2A1F5356 
  81      13535112 
  81      F6D80451 
  81      48BB
  82 0048 04517095 		.ascii	"\004Qp\225\020\330\271\277;\012By\341r\357=\347s\316"
  82      10D8B9BF 
  82      3B0A4279 
  82      E172EF3D 
  82      E773CE
  83 005b F79C7325 		.ascii	"\367\234s%\011\021\023B$x#(0\341\216ZB)\325\026\264"
  83      09111342 
  83      24782328 
  83      30E18E5A 
  83      4229D516 
  84 0070 ACBC7BCD 		.ascii	"\254\274{\315\302K<Z\237= \207\334\372ew\251E\2225\354"
  84      C24B3C5A 
  84      9F3D2087 
  84      DCFA6577 
  84      A9459235 
  85 0085 D6B2BF51 		.ascii	"\326\262\277Q\216\270\365\376)\231\253]\233\376yT[&"
  85      8EB8F5FE 
  85      2999AB5D 
  85      9BFE7954 
  85      5B26
  86 0097 BF4F9D92 		.ascii	"\277O\235\2226n\355f\011`\300\255\361o\020\375\026I"
  86      366EED66 
ARM GAS  /tmp/cc0IOx9B.s 			page 6


  86      0960C0AD 
  86      F16F10FD 
  86      1649
  87 00a9 3B807EDC 		.ascii	";\200~\334\240\223l\372\375f\352A\335\310\261\"W0\305"
  87      A0936CFA 
  87      FD66EA41 
  87      DDC8B122 
  87      5730C5
  88 00bc DB5F05C2 		.ascii	"\333_\005\302\004\025\011\220\325\233\205F\276\3219"
  88      04150990 
  88      D59B8546 
  88      BED139
  89 00cb 71BCACD4 		.ascii	"q\274\254\324\247\367\013J\205E\221\010\363\340\030"
  89      A7F70B4A 
  89      85459108 
  89      F3E018
  90 00da CC01B310 		.ascii	"\314\001\263\020\332\240#\351\274\241\276U)\211\322"
  90      DAA023E9 
  90      BCA1BE55 
  90      2989D2
  91 00e9 5E4AFAD4 		.ascii	"^J\372\324\005Cm<Q\212\330h\343\231O\265\242Y3\266\317"
  91      05436D3C 
  91      518AD868 
  91      E3994FB5 
  91      A25933B6 
  92 00fe 5C32CC68 		.ascii	"\\2\314h%\257\016A3\317\3672B\004v\252\346\314\342\341"
  92      25AF0E41 
  92      33CFF732 
  92      420476AA 
  92      E6CCE2E1 
  93 0112 17BBACFE 		.ascii	"\027\273\254\376l\217)\365\365\310\\\370 \230\011X\002"
  93      6C8F29F5 
  93      F5C85CF8 
  93      20980958 
  93      02
  94 0123 8BD0023C 		.ascii	"\213\320\002<\003, \010<E\010x\2010\330Q\243\275B\214"
  94      032C2008 
  94      3C450878 
  94      8130D851 
  94      A3BD428C 
  95 0137 91D8E645 		.ascii	"\221\330\346EPe!\306\3112\217\001~\254cpq\353fA\177"
  95      506521C6 
  95      C9328F01 
  95      7EAC6370 
  95      71EB6641 
  96 014c 8047A84E 		.ascii	"\200G\250N\203\240\253\273\017\236^\250H!\217\002(C"
  96      83A0ABBB 
  96      0F9E5EA8 
  96      48218F02 
  96      2843
  97 015e 349BA7C4 		.ascii	"4\233\247\304+\334\361KZ\305\360\257J;\207y\024\364"
  97      2BDCF14B 
  97      5AC5F0AF 
  97      4A3B8779 
  97      14F4
  98 0170 C73A4EB4 		.ascii	"\307:N\264q\375\363\244\311\314\336\325JIg\325)%D\025"
  98      71FDF3A4 
ARM GAS  /tmp/cc0IOx9B.s 			page 7


  98      C9CCDED5 
  98      4A4967D5 
  98      29254415 
  99 0184 91F36F67 		.ascii	"\221\363og\226\260+^*8\036\321\377\345l\274f9\030\271"
  99      96B02B5E 
  99      2A381ED1 
  99      FFE56CBC 
  99      663918B9 
 100 0198 1F951E86 		.ascii	"\037\225\036\206=\012Us\331jz\355\243U\3155T\310\257"
 100      3D0A5573 
 100      D96A7AED 
 100      A355CD35 
 100      54C8AF
 101 01ab 3C66678D 		.ascii	"<fg\215Ga-ic\033\332\274\231\267\204G\22615\260_\353"
 101      47612D69 
 101      631BDABC 
 101      99B78447 
 101      963135B0 
 102 01c1 DEDEBA3B 		.ascii	"\336\336\272;\243\233\336\021\236\251\373\207\362;V"
 102      A39BDE11 
 102      9EA9FB87 
 102      F23B56
 103 01d0 B6840EF6 		.ascii	"\266\204\016\366CJ\305\206}p\211%3\027=\015_a_\334\306"
 103      434AC586 
 103      7D708925 
 103      33173D0D 
 103      5F615FDC 
 104 01e5 07D397EE 		.ascii	"\007\323\227\356\206\361\315\205{'\366\305\227\031\347"
 104      86F1CD85 
 104      7B27F6C5 
 104      9719E7
 105 01f4 F4A60DD3 		.ascii	"\364\246\015\323~\200}J\372\355ob\260\315Lx\214`\314"
 105      7E807D4A 
 105      FAED6F62 
 105      B0CD4C78 
 105      8C60CC
 106 0207 FAAF8538 		.ascii	"\372\257\2058\353\244\273rN\207\223Kg\234X\"\223\352"
 106      EBA4BB72 
 106      4E87934B 
 106      679C5822 
 106      93EA
 107 0219 4E27A34E 		.ascii	"N'\243N\256\247;\223\350h>\035\311\346\322\255-\275"
 107      AEA73B93 
 107      E8683E1D 
 107      C9E6D2AD 
 107      2DBD
 108 022b 6722BDD9 		.ascii	"g\"\275\331\366H,~5\231\310E.\3679\321LF\034njr\262"
 108      F6482C7E 
 108      3599C845 
 108      2EF739D1 
 108      4C461C6E 
 109 0242 B1A4D319 		.ascii	"\261\244\323\031M9\251x\254\251C\020\037\241\256x\337"
 109      4D39A978 
 109      ACA94310 
 109      1FA1AE78 
 109      DF
 110 0253 C574349B 		.ascii	"\305t4\233\014\244\342]Wr\2352\323\223\350\376\013\324"
ARM GAS  /tmp/cc0IOx9B.s 			page 8


 110      0CA4E25D 
 110      57729D32 
 110      D393E8FE 
 110      0BD4
 111 0265 9A1A4B   		.ascii	"\232\032K"
 112              		.text
 113              		.section	.gnu.lto_led_instant_sequence.167.d9d940a021257dbb,"e",%progbits
 114 0000 789C7D90 		.ascii	"x\234}\220\277K[Q\024\307\317\367\236\367\362\203\272"
 114      BF4B5B51 
 114      14C7CFF7 
 114      9EF7F283 
 114      BA
 115 0011 081DBA29 		.ascii	"\010\035\272)t\020\205\344\246\015\245k\377\200\016"
 115      741085E4 
 115      A60DA56B 
 115      FF800E
 116 0020 AE9D429A 		.ascii	"\256\235B\232D\015\311\213\217\346YGoR\232\301%\325"
 116      440DC98B 
 116      8FE65947 
 116      6F529AC1 
 116      25D5
 117 0032 6E122384 		.ascii	"n\022#\204 .\352\342o[\210H\027A(\035\272t\361/pp\251"
 117      202EEAE2 
 117      6F5B8848 
 117      1741281D 
 117      BA74F12F 
 118 0049 85427AEE 		.ascii	"\205Bz\356KD\272\370\270\367\275\363=\367s\356\373\236"
 118      4B44BAF8 
 118      B8F7BDF3 
 118      3DF773EE 
 118      FB9E
 119 005b D3015186 		.ascii	"\323\001Q\206\210\236\312\006\023VW\226\025\031c^E\025"
 119      889ECA06 
 119      13565796 
 119      1519635E 
 119      4515
 120 006d 6A2BCB71 		.ascii	"j+\313q|E\250@K\012K\370\314\223\"o\277\265/G>>\351"
 120      7C45A840 
 120      4B0A4BF8 
 120      CC93226F 
 120      BFB52F47 
 121 0084 32515B76 		.ascii	"2Q[v\370\264\030\253\334e\300\031F\012\343\022\361k"
 121      F8B418AB 
 121      DC65C019 
 121      460AE312 
 121      F16B
 122 0096 9AE819F3 		.ascii	"\232\350\031\363\375\342\310\2308u\231q\010\251\301"
 122      FDE2C898 
 122      38759971 
 122      08A9C1
 123 00a5 01B02FBF 		.ascii	"\001\260/\277\226\204\255\344\351\001\365kH98\376\237"
 123      9684ADE4 
 123      E901F56B 
 123      483938FE 
 123      9F
 124 00b6 7242EACD 		.ascii	"rB\352\315\200\272\3353\206%\351\3424\244\322HY\306"
 124      80BADD33 
ARM GAS  /tmp/cc0IOx9B.s 			page 9


 124      8625E9E2 
 124      34A4D248 
 124      59C6
 125 00c8 1517913B 		.ascii	"\025\027\221;GRE\273?\334\236\371\333o\032\363\373\361"
 125      475245BB 
 125      3FDC9EF9 
 125      DB6F1AF3 
 125      FBF1
 126 00da CF477110 		.ascii	"\317Gq\020\276@A^l#\0278B\0248\021\264\311\266g\343"
 126      BE40415E 
 126      6C231738 
 126      42143811 
 126      B4C9B667 
 127 00ef C0F4883E 		.ascii	"\300\364\210>\261\032\210\232\210k|h5\372{\334aY\312"
 127      B11A889A 
 127      886B7C68 
 127      35FA7BDC 
 127      6159CA
 128 0102 F6E5A20F 		.ascii	"\366\345\242\017\233\276i(\352\014Zu1&\347\222\254\257"
 128      9BBE6928 
 128      EA0C5A75 
 128      3126E792 
 128      ACAF
 129 0114 FDD9DE50 		.ascii	"\375\331\336P2\263\341\014\030\326\367\246\035\341\326"
 129      32B3E10C 
 129      18D6F7A6 
 129      1DE1D6
 130 0123 4897231D 		.ascii	"H\227#\035A{\240\224\350\230-;\303\272u+\327\204\305"
 130      417BA094 
 130      E8982D3B 
 130      C3BA752B 
 130      D784C5
 131 0136 C73B530F 		.ascii	"\307;S\017\340\016\316\005\207\305\243t\203\372\325"
 131      E00ECE05 
 131      87C5A374 
 131      83FAD5
 132 0145 A91B4EBE 		.ascii	"\251\033N\276\311\2707O\364R{\225@\347t\340\371:_\364"
 132      C9B8374F 
 132      F4527B95 
 132      40E774E0 
 132      F93A5FF4 
 133 0159 CBF35E29 		.ascii	"\313\363^)\253\203w\363~1\227z\226\250\006^\372\371"
 133      AB8377F3 
 133      7E31977A 
 133      96A8065E 
 133      FAF9
 134 016b C28BC442 		.ascii	"\302\213\304B\365m\"_x_*\006\211\231E\235\365}\032M"
 134      F56D225F 
 134      785F2A06 
 134      8999459D 
 134      F57D1A4D 
 135 017f 2675355F 		.ascii	"&u5_\322s\331\262.\027\362\311\034\261|b\225\302b\306"
 135      D273D9B2 
 135      2E17F2C9 
 135      1CB17C62 
 135      95C262C6 
 136 0193 CB564B91 		.ascii	"\313VK\221r\2412\033\314\375\003\332\331\232\214"
ARM GAS  /tmp/cc0IOx9B.s 			page 10


 136      72A1321B 
 136      CCFD03DA 
 136      D99A8C
 137              		.text
 138              		.section	.gnu.lto_led_tick.168.d9d940a021257dbb,"e",%progbits
 139 0000 789C7D53 		.ascii	"x\234}SMHTQ\024\276\347\236\373\376fb \242h\321BW\025"
 139      4D485451 
 139      14BEE79E 
 139      FBFE6662 
 139      20A268D1 
 140 0017 353E4BA2 		.ascii	"5>K\242\255\253VA\273\366\343\214\321\240\223\2033\326"
 140      ADAB5641 
 140      BBF6E38C 
 140      D1A09383 
 140      33D6
 141 0029 D2378E8E 		.ascii	"\3227\216\216`\013g\014\312\021\023z\014\321N\314,\355"
 141      600B670C 
 141      CA11137A 
 141      0CD14ECC 
 141      2CED
 142 003b 87B44C5B 		.ascii	"\207\264L[H\210\004-\"\222\026\222\033\321 \3100\354"
 142      4888042D 
 142      22921692 
 142      1BD120C8 
 142      30EC
 143 004d DC779D3F 		.ascii	"\334w\235?\321y\274w\336\275w\276\237{\276\373\346/"
 143      D179BC77 
 143      DEBD77BE 
 143      9F7BBEFB 
 143      E62F
 144 005f 32768D31 		.ascii	"2v\21516N\017\370\031\014\345\0068s\034\247\331\340"
 144      364E0FF8 
 144      190CE506 
 144      38731CA7 
 144      D9E0
 145 0071 3C9DBBCB 		.ascii	"<\235\273\313a\006hV'\372r\001\357\215\2747\347\037"
 145      61066856 
 145      27FA7201 
 145      EF8DBC37 
 145      E71F
 146 0083 995C3B2F 		.ascii	"\231\\;/\372s\201\265\245\3741!\340A\211\243\361\214"
 146      FA7381B5 
 146      A5FC3121 
 146      E04189A3 
 146      F18C
 147 0095 E25421F4 		.ascii	"\342T!\364\012\204\301\207\263O\353\213\252\371\354"
 147      0A84C187 
 147      B34FEB8B 
 147      AAF9EC
 148 00a4 0F353061 		.ascii	"\01750ad\310\005\017a\311a\275B\373 \225\033\260\024"
 148      64C8050F 
 148      61C961BD 
 148      42FB2095 
 148      1BB014
 149 00b7 BAD900D6 		.ascii	"\272\331\000\326\315Qh\272aZ>\350\206{x\226\226\377"
 149      CD5168BA 
 149      615A3EE8 
ARM GAS  /tmp/cc0IOx9B.s 			page 11


 149      867B7896 
 149      96FF
 150 00c9 7C18FB7E 		.ascii	"|\030\373~\244\357d\201\372\030\243\307\273F\021\206"
 150      A4EF6481 
 150      FA18A3C7 
 150      BB461186 
 151 00d9 B0800062 		.ascii	"\260\200\000bo\304\241\216Fx\225\235\236u\234\345\361"
 151      6FC4A18E 
 151      4678959D 
 151      9E759CE5 
 151      F1
 152 00ea 69C7B158 		.ascii	"i\307\261X\001\021^\000q\3409\300\0240\271@\\\275\250"
 152      01115E00 
 152      71E039C0 
 152      1430B940 
 152      5CBDA8
 153 00fd 03329515 		.ascii	"\0032\225\025m\326\331\331\035t\234\305\023\231\246"
 153      6DD6D9D9 
 153      1D749CC5 
 153      1399A6
 154 010c E34018C1 		.ascii	"\343@\030\301eA*\232\220E\223S]\026\203\212n\312\"\305"
 154      65412A9A 
 154      90459353 
 154      5D16838A 
 154      6ECA22C5 
 155 0120 759F5C0B 		.ascii	"u\237\\\013\000L\223\320 \312~\034\001\316,cY\344j\222"
 155      004C93D0 
 155      20CA7E1C 
 155      01CE2C63 
 155      59E46A92 
 156 0134 A2C906F4 		.ascii	"\242\311\006\364\274\336~v\312E\330\333*\202\334\376"
 156      BCDE7E76 
 156      CA45D8DB 
 156      2A82DCFE 
 157 0144 63D9B159 		.ascii	"c\331\261Y@\303\305\000\274\004\326\250\246&\274\202"
 157      40C3C500 
 157      BC04D6A8 
 157      A626BC82 
 158 0154 87DEEE36 		.ascii	"\207\336\3566 }\277\377\037w\221n\217'\000\330:\364"
 158      207DBFFF 
 158      1F77916E 
 158      8F2700D8 
 158      3AF4
 159 0166 AEBF6FA1 		.ascii	"\256\277o\2415\265\240\302\310\"\246\210\315\313vSg"
 159      35B5A0C2 
 159      C822A688 
 159      CDCB7653 
 159      67
 160 0177 5CC4C34D 		.ascii	"\\\304\303M,xK&\222\355\351u\022X\352Y%=\361s)?\011"
 160      2C784B26 
 160      92EDE975 
 160      1258EA59 
 160      253DF173 
 161 018e 9EDE26A4 		.ascii	"\236\336&\244W\277v1\202P\267>\357W\255\332m\346\015"
 161      57BF7631 
 161      8250B73E 
 161      EF57ADDA 
ARM GAS  /tmp/cc0IOx9B.s 			page 12


 161      6DE60D
 162 01a1 B9895A6E 		.ascii	"\271\211Zn\357\310\215W\270\011\230\203='\275\332i["
 162      EFC88D57 
 162      B8099883 
 162      3D27BDDA 
 162      695B
 163 01b3 3A899293 		.ascii	":\211\222\223Q\035\343\314\374\204\346\242v\220\025"
 163      511DE3CC 
 163      FC84E6A2 
 163      769015
 164 01c2 93D1CD97 		.ascii	"\223\321\315\227\243\333\311\200\213:\201\341\234\244"
 164      A3DBC980 
 164      8B3A81E1 
 164      9CA4
 165 01d0 6E0EC0A1 		.ascii	"n\016\300\241\254\005\305\"\270\012o~\016]4\016\357"
 165      AC05C522 
 165      B80A6F7E 
 165      0E5D340E 
 165      EF
 166 01e1 C70F1F89 		.ascii	"\307\017\037\211\201\305~\3504\014\231\236\277\224\236"
 166      81C57EE8 
 166      340C999E 
 166      BF949E
 167 01f0 59994F7A 		.ascii	"Y\231Oz4\363e\370\272\213f\011\266\013\373v\364$p\200"
 167      34F365F8 
 167      BA8B6609 
 167      B60BFB76 
 167      F4247080 
 168 0204 C792F220 		.ascii	"\307\222\362 \242\247i\355;\341\205-J\302\252\265\311"
 168      A2A769ED 
 168      3BE1852D 
 168      4AC2AAB5 
 168      C9
 169 0215 4F2420BC 		.ascii	"O$ \2740\310\353\033\257i\266\\4\263T\316\213\217\010"
 169      30C8EB1B 
 169      AF69B65C 
 169      34B354CE 
 169      8B8F08
 170 0228 E2ABF595 		.ascii	"\342\253\365\225\256\020C+\252\377\256\245n\302\347"
 170      AE10432B 
 170      AAFFAEA5 
 170      6EC2E7
 171 0237 62C0EA50 		.ascii	"b\300\352P}\345C\375\005=\253\023W\274\330\006\021\312"
 171      7DE543FD 
 171      053DAB13 
 171      57BCD806 
 171      11CA
 172 0249 7F20C62E 		.ascii	"\177 \306.\333\261[I;l'cq;\022\215\267w\304\332Bv\262"
 172      DBB15B49 
 172      3B6C2763 
 172      713B128D 
 172      B777C4DA 
 173 0260 B3231E0D 		.ascii	"\263#\036\0157^\010&\222\261\246\213]\227\202]\211\226"
 173      375E0826 
 173      92B1A68B 
 173      5D97825D 
 173      8996
ARM GAS  /tmp/cc0IOx9B.s 			page 13


 174 0272 60A4F576 		.ascii	"`\244\365v[4\031\274q\307\016\305\343\354hC\203\235"
 174      5B3419BC 
 174      71C70EC5 
 174      E3EC6843 
 174      839D
 175 0284 88B4D937 		.ascii	"\210\264\3317C\355v{k\244!\314\220^\377\001\022Ym="
 175      43ED767B 
 175      6BA421CC 
 175      905EFF01 
 175      12596D3D 
 176              		.text
 177              		.section	.gnu.lto_.symbol_nodes.d9d940a021257dbb,"e",%progbits
 178 0000 789CDBC0 		.ascii	"x\234\333\300\000\004LK\031\353\031\032\200\200\205"
 178      00044C4B 
 178      19EB191A 
 178      808085
 179 000f 71C23906 		.ascii	"q\3029\006\206z\006\206]\015\215\214\014\214\014`\311"
 179      867A0686 
 179      5D0D8D8C 
 179      0C8C0C60 
 179      C9
 180 0020 658CF58C 		.ascii	"e\214\365\214\377\201\200\031\233\344r\306z&\234:W0"
 180      FF818019 
 180      9BE472C6 
 180      7A269C3A 
 180      5730
 181 0032 D633E392 		.ascii	"\3263\343\222d\\\311X\317\362\037\012\344\301\012\030"
 181      645CC958 
 181      CFF21F0A 
 181      E4C10A18 
 182 0042 406E00C9 		.ascii	"@n\000\31123\260@\264\251\2600\27783s3#\343UF\030k+"
 182      3233B040 
 182      B4A9B030 
 182      BF383373 
 182      3323E355 
 183 005a 1B030045 		.ascii	"\033\003\000E\2023\310"
 183      8233C8
 184              		.text
 185              		.section	.gnu.lto_.refs.d9d940a021257dbb,"e",%progbits
 186 0000 789C6364 		.ascii	"x\234cd\000\002\000\000\012\000\002"
 186      00020000 
 186      0A0002
 187              		.text
 188              		.section	.gnu.lto_.decls.d9d940a021257dbb,"e",%progbits
 189 0000 789C7D56 		.ascii	"x\234}V[p[\325\025=\353\034=\256nd[%b\370h&\243\322"
 189      5B705BD5 
 189      153DEB1C 
 189      3DAE6E64 
 189      5B2562F8 
 190 0018 CCC4338C 		.ascii	"\314\3043\214#,\267%\375\252\247\314\320\217\3140\371"
 190      232CB725 
 190      FDAAA7CC 
 190      D08FCC30 
 190      F9
 191 0029 281FF0A3 		.ascii	"(\037\360\243\021\272r\254\261^X\022\320\277kl\034\223"
 191      11BA72AC 
 191      B15E5812 
ARM GAS  /tmp/cc0IOx9B.s 			page 14


 191      D0BF6B6C 
 191      1C93
 192 003b 42C6E583 		.ascii	"B\306\345\203\332\241%\206\004\363J\3014\011\205$\200"
 192      DAA12586 
 192      04F34AC1 
 192      34098524 
 192      80
 193 004c B013D7E4 		.ascii	"\260\023\327\344A^\304yQ\3228\211Q\342\030\234\304\216"
 193      415EC479 
 193      51D23889 
 193      51E2189C 
 193      C48E
 194 005e D3409BEE 		.ascii	"\323@\233\356s\356\225\3448n\317h\337\307>{\257\265"
 194      73EE95E4 
 194      386ECF68 
 194      DFC73E7B 
 194      AFB5
 195 0070 F639E76E 		.ascii	"\3669\347n{\217\306\330#`l3\331-\032N\306\330a27\331"
 195      7B8FC6D8 
 195      23606C33 
 195      D92D1A4E 
 195      C6D86132 
 196 0086 72B29D64 		.ascii	"r\262\235d\237\222\015\221\355!;M\366(\263\206\214-"
 196      9F920D91 
 196      ED213B4D 
 196      F628B386 
 196      8C2D
 197 0098 927D4736 		.ascii	"\222}G6C\366/2\035\354\216q\030\026\3368\331]d~\033"
 197      43F62F32 
 197      1DEC8E71 
 197      1816DE38 
 197      D95D647E 
 198 00ad 67112C2C 		.ascii	"g\021,,\217\235\303m\274\2050\316\220\317C\367\346y"
 198      8F9DC36D 
 198      BC8530CE 
 198      90CF43F7 
 198      E679
 199 00bf 18257D52 		.ascii	"\030%}R\353\022\262Sd\016\262#d\307\354ZF\311`\353\234"
 199      EB12B253 
 199      640EB223 
 199      64C7EC5A 
 199      46C960EB 
 200 00d4 3F266C6D 		.ascii	"?&lm\377\013\367\224\255Kb\034\267qf\026\300\271F\023"
 200      FF0BF794 
 200      AD4B621C 
 200      B7716616 
 200      C0B94613 
 201 00e8 DE057096 		.ascii	"\336\005p\226\333kW\322\266\323^\307A\033\337e\343\036"
 201      DB6B57D2 
 201      B6D35EC7 
 201      411BDF65 
 201      E31E
 202 00fa 253B61F3 		.ascii	"%;a\363\034\266\365\303^\323\371\343E\201\345\220\233"
 202      1CB6F5C3 
 202      5ED3F9E3 
 202      4581E590 
 202      9B
ARM GAS  /tmp/cc0IOx9B.s 			page 15


 203 010b 55A39E98 		.ascii	"U\243\236\230\340,h\2521\2463|`\257\236X\"\003\357\202"
 203      E02C68AA 
 203      31A6337C 
 203      60AF9E58 
 203      2203EF82 
 204 011f 83AE7E04 		.ascii	"\203\256~\004^\026\374x\317\201\331Ez\3014\247\314B"
 204      5E16FC78 
 204      CF81D945 
 204      7AC134A7 
 204      CC42
 205 0131 87876107 		.ascii	"\207\207a\007\360\021\030>\004\201\374\015\330\016l"
 205      F011183E 
 205      0481FC0D 
 205      D80E6C
 206 0140 03052FC1 		.ascii	"\003\005/\301-\353\306D\200QZ\357\206\213\235\\\246"
 206      2DEBC644 
 206      80515AEF 
 206      868B9D5C 
 206      A6
 207 0151 15CDC136 		.ascii	"\025\315\3016\301\320\200\373\031>\001\005P\322\307"
 207      C1D080FB 
 207      193E0105 
 207      50D2C7
 208 0160 C02E281E 		.ascii	"\300.(\036\256x|\224\260v\347\372}\372=$\347\262i\372"
 208      AE787C94 
 208      B076E7FA 
 208      7DFA3D24 
 208      E7B269FA 
 209 0174 D18CCF80 		.ascii	"\321\214\317\200\002\211\302 \221\245\231\204\334\373"
 209      0289C220 
 209      91A59984 
 209      DCFB
 210 0182 D5C0F79A 		.ascii	"\325\300\367\232W)\351\033t\320\204\255\205a\010\204"
 210      5729E91B 
 210      74D084AD 
 210      85610884 
 211 0192 CAC44F65 		.ascii	"\312\304OeT\261\335\354\255Z \012\273a\307)b\237\370"
 211      54B1DDEC 
 211      AD5A200A 
 211      BB61C729 
 211      629FF8
 212 01a5 1913BFB4 		.ascii	"\031\023\277\264\2365\361+&\036d\342!&VY\036\277\222"
 212      9E35F12B 
 212      261E64E2 
 212      21265659 
 212      1EBF92
 213 01b8 D507F15B 		.ascii	"\325\007\361[\202\364\015w\236\375\241z\331\262e\213"
 213      82F40D77 
 213      9EFDA17A 
 213      D9B2658B 
 214 01c8 C99611F2 		.ascii	"\311\226\021\362\215\331\341ccz\177\273\331S\000>\005"
 214      8DD9E163 
 214      637A7FBB 
 214      D953003E 
 214      05
 215 01d9 0E015F42 		.ascii	"\016\001_BU\3100,\365|\006Fa\003\257|h\232\036/v\002"
 215      55C8302C 
ARM GAS  /tmp/cc0IOx9B.s 			page 16


 215      F57C0646 
 215      6103AF7C 
 215      689A1E2F 
 216 01ef FB554449 		.ascii	"\373UDIn\220\311e\224!S\033G3#\004\262\007\330w[\310"
 216      6E90C965 
 216      9421531B 
 216      47332304 
 216      B207D877 
 217 0205 E7F252CF 		.ascii	"\347\362R\317h9:L\263\340`8\010|!}_\312\022p\0348\002"
 217      68393A4C 
 217      B3E06038 
 217      087C217D 
 217      5FCA1270 
 218 021c 1C054E00 		.ascii	"\034\005N\000\243\3001@~.\012\361\355\375\235\246\257"
 218      A3C03140 
 218      7E2E0AF1 
 218      EDFD9DA6 
 218      AF
 219 022d CD2B75FD 		.ascii	"\315+u\375}\276\256\006%\353\255m\246)T\300\310\374"
 219      7DBEAE06 
 219      25EBAD6D 
 219      A62954C0 
 219      C8FC
 220 023f 807A15F0 		.ascii	"\200z\025\360\347\262\356\003w\350V\021So\226e\357\275"
 220      E7B2EE03 
 220      77E85611 
 220      536F9665 
 220      EFBD
 221 0251 53369526 		.ascii	"S6\225&^\207\334\213\013\333\273\257V/\236_\004N\342"
 221      5E87DC8B 
 221      0BDBBBAF 
 221      562F9E5F 
 221      044EE2
 222 0264 FF974199 		.ascii	"\377\227A\231\227G;\377\200\312.\236\252P\234\206\012"
 222      97473BFF 
 222      80CA2E9E 
 222      AA509C86 
 222      0A
 223 0275 E878756C 		.ascii	"\350xul\267\343\002\030\247W\207\001\202\370\005]t\366"
 223      B7E30218 
 223      A7578701 
 223      82F8055D 
 223      74F6
 224 0287 98607E93 		.ascii	"\230`~\223\233\334e\010\256\013]\030\372\010\226\326"
 224      9BDC6508 
 224      AE0B5D18 
 224      FA0896D6 
 225 0297 4E8B468D 		.ascii	"N\213F\215\327\326\350\332\233C\360\351N\215\363\242"
 225      D7D6E8DA 
 225      9B43F0E9 
 225      4E8DF3A2 
 226 02a7 DBD06B6F 		.ascii	"\333\320kob\013\357s\005\032M\207\361\374\335E\267\311"
 226      620BEF73 
 226      051A4D87 
 226      F1FCDD45 
 226      B7C9
 227 02b9 BB1FF637 		.ascii	"\273\037\36674\322\265\350\036\201AY\253\035\232\217"
ARM GAS  /tmp/cc0IOx9B.s 			page 17


 227      34D2B5E8 
 227      1E814159 
 227      AB1D9A8F 
 228 02c9 9E8A6E7D 		.ascii	"\236\212n}Z\364\275\3402\016\360\256\345\264j\272\021"
 228      5AF4BDE0 
 228      320EF0AE 
 228      E5B46ABA 
 228      11
 229 02da F253558D 		.ascii	"\362SU\215\232\266\264fP\014\322\301a\2326\360\356\335"
 229      9AB6B466 
 229      500CD2C1 
 229      619A36F0 
 229      EEDD
 230 02ec 7AD15D43 		.ascii	"z\321]C\020\265F\300g\004jF\3404\014\335_\313H\204\021"
 230      10B546C0 
 230      67046A46 
 230      E0340CDD 
 230      5FCB4884 
 231 0301 0A35729D 		.ascii	"\0125r\235\220\035\332\010B\002\336\220yv\342\036\035"
 231      901DDA08 
 231      4202DE90 
 231      7976E21E 
 231      1D
 232 0312 BA6769A0 		.ascii	"\272gi\240\2261\203=\304\011W\334*\015\270\211\323\250"
 232      9631833D 
 232      C40957DC 
 232      2A0DB889 
 232      D3A8
 233 0324 BC02B53A 		.ascii	"\274\002\265:\017q\261\252H}\207\363\000c\246C\363z"
 233      0F71B1AA 
 233      487D87F3 
 233      0063A643 
 233      F37A
 234 0336 61D2CD13 		.ascii	"a\322\315\023^e\254\016\351\254\350\3464\345w\300\344"
 234      5E65AC0E 
 234      E9ACE8E6 
 234      34E577C0 
 234      E4
 235 0347 A864EA2E 		.ascii	"\250d\352.V\356\214r\375\030\344\317\2720\371\302\346"
 235      56EE8C72 
 235      FD18E4CF 
 235      BA30F9C2 
 235      E6
 236 0358 B228BF8C 		.ascii	"\262(\277\214\244u\205\325LJ\336\362\315~\266\002,\034"
 236      A47585D5 
 236      4C4ADEF2 
 236      CD7EB602 
 236      2C1C
 237 036a 5E224089 		.ascii	"^\"@\211\204\331\263s\300+\032l\035%\234\022\317\034"
 237      84D9B373 
 237      C02B1A6C 
 237      1D259C12 
 237      CF1C
 238 037c 8D15ADB4 		.ascii	"\215\025\255\264\303\026\011\237\233\243\362n\023^\201"
 238      C316099F 
 238      9BA3F26E 
 238      135E81
ARM GAS  /tmp/cc0IOx9B.s 			page 18


 239 038b 64655836 		.ascii	"deX6\247p\353\\m\233\371d\273w\034\262\315\274\324\345"
 239      A770EB5C 
 239      6D9BF964 
 239      BB771CB2 
 239      CDBCD4E5 
 240 039f 46757723 		.ascii	"Fuw#\203\330\257\016\353\351g\337_\217\305VK,\330Z\316"
 240      83D8AF0E 
 240      EBE967DF 
 240      5F8FC556 
 240      4B2CD85A 
 241 03b4 A886A132 		.ascii	"\250\206\2412_\333\265a\237~\333\264<\307s\002\332\327"
 241      5FDBB561 
 241      9F7EDBB4 
 241      3CC77302 
 241      DAD7
 242 03c6 8D4D7A2B 		.ascii	"\215Mz+G\366\237\225#{\326:\262}3{Oz\345\237\031r -"
 242      47F69F95 
 242      237BD63A 
 242      B27D337B 
 242      4F7AE59F 
 243 03de 8E4956D7 		.ascii	"\216IV\327\216u\33369~\014\320\317\3031\216ghG\351\246"
 243      8E75DB36 
 243      397E0CD0 
 243      CFC3318E 
 243      676847E9 
 244 03f3 1A6787D7 		.ascii	"\032g\207\327\356\233\347@.\206\363\300\005\020\320"
 244      EE9BE740 
 244      2E86F3C0 
 244      0510D0
 245 0402 EE2BB393 		.ascii	"\356+\263\223U\345V9\216r\257\374\206\202\306,\262s"
 245      55E55639 
 245      8E72AFFC 
 245      8682C62C 
 245      B273
 246 0414 97BAFFE4 		.ascii	"\227\272\377\344\274\267\247\307\274q}\375\371\225\005"
 246      BCB7A7C7 
 246      BC717DFD 
 246      F99505
 247 0423 8225DC6F 		.ascii	"\202%\334o\200\257m\301\214\236\030\376\001|E_\353\244"
 247      80AF6DC1 
 247      8C9E18FE 
 247      017C455F 
 247      EBA4
 248 0435 5A80EE77 		.ascii	"Z\200\356won\255R\372\2505\244\3111\261\371\320\033"
 248      6F6EAD52 
 248      FAA835A4 
 248      C931B1F9 
 248      D01B
 249 0447 7AC97149 		.ascii	"z\311qI2\017\214~\275\211+\0175\207\011\3519\270\351"
 249      320F8C7E 
 249      BD892B0F 
 249      358709E9 
 249      39B8E9
 250 045a B96E5E2A 		.ascii	"\271n^*\352\262\364l\371\313x/_\240\221\177K|\223\226"
 250      EAB2F46C 
 250      F9CB782F 
 250      5FA0917F 
ARM GAS  /tmp/cc0IOx9B.s 			page 19


 250      4B7C9396 
 251 046e B8EF862E 		.ascii	"\270\357\206.Mz\244\270\201\267\250\3258\225\266o\201"
 251      4D7AA4B8 
 251      81B7A8D5 
 251      3895B66F 
 251      81
 252 047f 8B656D17 		.ascii	"\213em\027+\332\332\370\202\332\336?\371\301A\255\244"
 252      2BDADAF8 
 252      82DADE3F 
 252      F9C141AD 
 252      A4
 253 0490 E48AE4FD 		.ascii	"\344\212\344\375\374\205}\303\213JJ\256J\317\216\376"
 253      FC857DC3 
 253      8B4A4AAE 
 253      4ACF8EFE 
 254 04a0 9B13550B 		.ascii	"\233\023U\013(\231&\364k\226\222\336\211s\357A)9PV2"
 254      289926F4 
 254      6B9692DE 
 254      8973EF41 
 254      29395056 
 255 04b5 0D4C9595 		.ascii	"\015L\225\225LU\224\274\304\357\334Er\014\255\233\376"
 255      4C5594BC 
 255      C4EFDC45 
 255      720CAD9B 
 255      FE
 256 04c6 C8BD00CB 		.ascii	"\310\275\000\313\015\312\234\265X\336x\257\375\210W"
 256      0DCA9CB5 
 256      58DE78AF 
 256      FD8857
 257 04d5 B19C29B3 		.ascii	"\261\234)\263\334\000\256\227Y\256WX6r&\372\025\323"
 257      DC00AE97 
 257      59AE5758 
 257      367226FA 
 257      15D3
 258 04e7 C0CBE37B 		.ascii	"\300\313\343{\335\304\204\357)H\274\243|\257\275\376"
 258      DDC484EF 
 258      2948BCA3 
 258      7CAFBDFE 
 259 04f7 CA118FF4 		.ascii	"\312\021\217\364\375\2332~\200\330\252\274W\3736\214"
 259      FD9B327E 
 259      80D8AABC 
 259      57FB368C 
 260 0507 3895A647 		.ascii	"8\225\246G\225\244b\377\3716k\343\036\243f@\216\023"
 260      95A462FF 
 260      F9366BE3 
 260      1EA36640 
 260      8E13
 261 0519 332FCEBA 		.ascii	"3/\316\272\225c\015\332\244c\264\375\371\353\325?\331"
 261      95630DDA 
 261      A463B4FD 
 261      F9EBD53F 
 261      D9
 262 052a CD55FAC7 		.ascii	"\315U\372\307\275\027\267:\324l;\221\017+\337\225\215"
 262      BD17B73A 
 262      D46C3B91 
 262      0F2BDF95 
 262      8D
ARM GAS  /tmp/cc0IOx9B.s 			page 20


 263 053b D7FA5D92 		.ascii	"\327\372]\222\350Y\216\016\362~\241\274\357\374q\363"
 263      E8598E0E 
 263      F27EA1BC 
 263      EFFC71F3 
 264 054b 2125692D 		.ascii	"!%i-}\215\235\022\350\355\313\177='\312\325\257\261"
 264      7D8D9D12 
 264      E8EDCB7F 
 264      3D27CAD5 
 264      AFB1
 265 055d AA47174D 		.ascii	"\252G\027M?G\366\014W\365\037\355\334\322UuoO\227\331"
 265      3F47F60C 
 265      57F51FED 
 265      DCD25575 
 265      6F4F97D9 
 266 0571 B5B6B0BA 		.ascii	"\265\266\260\272\335,\\\001\315\322?\014\252|\374\207"
 266      DD2C5C01 
 266      CDD23F0C 
 266      AA7CFC87 
 267 0581 4AB909FB 		.ascii	"J\271\011\373\003]\367\352\256\263\325\225\257\210\302"
 267      035DF7EA 
 267      AEB3D595 
 267      AF88C2
 268 0590 4A5FD1EF 		.ascii	"J_\321\357e\223\361\255X\021\314\032-\301\346H\"\230"
 268      6593F1AD 
 268      5811CC1A 
 268      2DC1E648 
 268      2298
 269 05a2 88192BA2 		.ascii	"\210\031+\242\332o\036~$\360`\375\003L\344\033B<\277"
 269      DA6F1E7E 
 269      24F060FD 
 269      034CE41B 
 269      423CBF
 270 05b5 D29769CA 		.ascii	"\322\227i\312\247\242a\232\013G\242\271x:\345\310\264"
 270      A7A2619A 
 270      0B47A2B9 
 270      783AE5C8 
 270      B4
 271 05c6 C6D3CE68 		.ascii	"\306\323\316h:\237\312\211tS\023'O2\222m\321\344%\334"
 271      3A9FCA89 
 271      74531327 
 271      4F32926D 
 271      D1E425DC 
 272 05da 9A4FB912 		.ascii	"\232O\271\022\261\324\232\\\363\003\301d*\027\214\006"
 272      B1D49A5C 
 272      F303C164 
 272      2A178C06 
 273 05ea 73C94CD0 		.ascii	"s\311L\320\210g\022\351dK$\230kMg\342\321\373\353\353"
 273      886712E9 
 273      644B2498 
 273      6B4D67E2 
 273      D1FBEBEB 
 274 05fe B2B96443 		.ascii	"\262\271dC(\377\363\272|\366\361:#\366dK<W\327\364T"
 274      28FFF3BA 
 274      7CF6F13A 
 274      23F6644B 
 274      3C57D7F4 
 275 0613 3092C9B0 		.ascii	"0\222\311\260\037\315\023\324\314\234\222;\347\217\264"
ARM GAS  /tmp/cc0IOx9B.s 			page 21


 275      1FCD13D4 
 275      CC9C923B 
 275      E78FB4
 276 0622 269F5C59 		.ascii	"&\237\\Y\227\\\221\214\304S\367\031\331\314}M\031\266"
 276      975C918C 
 276      C453F719 
 276      D9CC7D4D 
 276      19B6
 277 0634 289A6ECD 		.ascii	"(\232n\315\305\236\256K640M\206\305S\361\2343\374\353"
 277      C59EAE4B 
 277      3634304D 
 277      86C553F1 
 277      9C33FCEB 
 278 0648 743A311F 		.ascii	"t:1\037'\312\026\313\200\350\357\242\211x4\234\215="
 278      27CA16CB 
 278      80E8EFA2 
 278      8978349C 
 278      8D3D
 279 065a 918FA5A2 		.ascii	"\221\217\245\2421\277\225\224\315ER\271\262S!\345\342"
 279      31BF9594 
 279      CD4552B9 
 279      B25321E5 
 279      E2
 280 066b D1165732 		.ascii	"\321\026W2\226\314\306r\216D,\322\344N\245s\315\255"
 280      96CCC672 
 280      8E442CD2 
 280      E44EA573 
 280      CDAD
 281 067d E9A77CE1 		.ascii	"\351\247|\341\360\343\371x\"\027O\205\255Y\324\273\233"
 281      F0E3F978 
 281      22174F85 
 281      AD59D4BB 
 281      9B
 282 068e 52816C26 		.ascii	"R\201l&\026\245\220T*\237H\374\027Q\247\006F"
 282      16A59054 
 282      2A9F48FC 
 282      1751A706 
 282      46
 283              		.text
 284              		.section	.gnu.lto_.symtab.d9d940a021257dbb,"e",%progbits
 285 0000 6C65645F 		.ascii	"led_init\000"
 285      696E6974 
 285      00
 286 0009 00       		.ascii	"\000"
 287 000a 00       		.ascii	"\000"
 288 000b 00       		.ascii	"\000"
 289 000c 00000000 		.ascii	"\000\000\000\000\000\000\000\000"
 289      00000000 
 290 0014 E8000000 		.ascii	"\350\000\000\000"
 291 0018 6C65645F 		.ascii	"led_cyclic_sequence\000"
 291      6379636C 
 291      69635F73 
 291      65717565 
 291      6E636500 
 292 002c 00       		.ascii	"\000"
 293 002d 00       		.ascii	"\000"
 294 002e 00       		.ascii	"\000"
ARM GAS  /tmp/cc0IOx9B.s 			page 22


 295 002f 00000000 		.ascii	"\000\000\000\000\000\000\000\000"
 295      00000000 
 296 0037 EF000000 		.ascii	"\357\000\000\000"
 297 003b 6C65645F 		.ascii	"led_instant_sequence\000"
 297      696E7374 
 297      616E745F 
 297      73657175 
 297      656E6365 
 298 0050 00       		.ascii	"\000"
 299 0051 00       		.ascii	"\000"
 300 0052 00       		.ascii	"\000"
 301 0053 00000000 		.ascii	"\000\000\000\000\000\000\000\000"
 301      00000000 
 302 005b F5000000 		.ascii	"\365\000\000\000"
 303 005f 6C65645F 		.ascii	"led_tick\000"
 303      7469636B 
 303      00
 304 0068 00       		.ascii	"\000"
 305 0069 00       		.ascii	"\000"
 306 006a 00       		.ascii	"\000"
 307 006b 00000000 		.ascii	"\000\000\000\000\000\000\000\000"
 307      00000000 
 308 0073 F9000000 		.ascii	"\371\000\000\000"
 309              		.text
 310              		.section	.gnu.lto_.ext_symtab.d9d940a021257dbb,"e",%progbits
 311 0000 01       		.ascii	"\001"
 312 0001 01       		.ascii	"\001"
 313 0002 00       		.ascii	"\000"
 314 0003 01       		.ascii	"\001"
 315 0004 00       		.ascii	"\000"
 316 0005 01       		.ascii	"\001"
 317 0006 00       		.ascii	"\000"
 318 0007 01       		.ascii	"\001"
 319 0008 00       		.ascii	"\000"
 320              		.text
 321              		.section	.gnu.lto_.opts,"e",%progbits
 322 0000 272D666E 		.ascii	"'-fno-openmp' '-fno-openacc' '-fno-pie' '-fcf-prote"
 322      6F2D6F70 
 322      656E6D70 
 322      2720272D 
 322      666E6F2D 
 323 0033 6374696F 		.ascii	"ction=none' '-mcpu=cortex-m33' '-mthumb' '-mfpu=fpv"
 323      6E3D6E6F 
 323      6E652720 
 323      272D6D63 
 323      70753D63 
 324 0066 342D7370 		.ascii	"4-sp-d16' '-mfloat-abi=hard' '-mlibarch=armv8-m.mai"
 324      2D643136 
 324      2720272D 
 324      6D666C6F 
 324      61742D61 
 325 0099 6E2B6473 		.ascii	"n+dsp+fp' '-march=armv8-m.main+dsp+fp' '-Os' '-flto"
 325      702B6670 
 325      2720272D 
 325      6D617263 
 325      683D6172 
 326 00cc 2720272D 		.ascii	"' '-fdata-sections' '-ffunction-sections' '-Xassemb"
ARM GAS  /tmp/cc0IOx9B.s 			page 23


 326      66646174 
 326      612D7365 
 326      6374696F 
 326      6E732720 
 327 00ff 6C657227 		.ascii	"ler' '-a' '-Xassembler' '-ad' '-Xassembler' '-alms="
 327      20272D61 
 327      2720272D 
 327      58617373 
 327      656D626C 
 328 0132 6275696C 		.ascii	"build/../sdk/hal/led.lst'\000"
 328      642F2E2E 
 328      2F73646B 
 328      2F68616C 
 328      2F6C6564 
 329              		.text
 330              		.comm	__gnu_lto_slim,1,1
 331              		.ident	"GCC: (15:10.3-2021.07-4) 10.3.1 20210621 (release)"
ARM GAS  /tmp/cc0IOx9B.s 			page 24


DEFINED SYMBOLS
                            *ABS*:0000000000000000 led.c
                            *COM*:0000000000000001 __gnu_lto_slim

NO UNDEFINED SYMBOLS
