ARM GAS  /tmp/ccnyPuzU.s 			page 1


   1              		.cpu cortex-m33
   2              		.eabi_attribute 27, 1
   3              		.eabi_attribute 28, 1
   4              		.eabi_attribute 20, 1
   5              		.eabi_attribute 21, 1
   6              		.eabi_attribute 23, 3
   7              		.eabi_attribute 24, 1
   8              		.eabi_attribute 25, 1
   9              		.eabi_attribute 26, 1
  10              		.eabi_attribute 30, 4
  11              		.eabi_attribute 34, 1
  12              		.eabi_attribute 18, 4
  13              		.file	"system_stm32u5xx.c"
  14              		.section	.gnu.lto_.profile.fc33d874c7e405fe,"e",%progbits
  15 0000 789C6362 		.ascii	"x\234cb\000\001\000\000\022\000\003"
  15      00010000 
  15      120003
  16              		.text
  17              		.section	.gnu.lto_.icf.fc33d874c7e405fe,"e",%progbits
  18 0000 789C5363 		.ascii	"x\234Sc@\0006\206KW6\235ab\\\373\350a\027+\323\361\245"
  18      40003686 
  18      4B57369D 
  18      61625CFB 
  18      E861172B 
  19 0017 CD37B899 		.ascii	"\3157\270\231\217]\374\273\216\215\345\317\361\223\275"
  19      8F5DFCBB 
  19      8E8DE5CF 
  19      F193BD
  20 0026 ACAC5F1B 		.ascii	"\254\254_\033~t\3623\000\000pQ\022\236"
  20      7E74F233 
  20      00007051 
  20      129E
  21              		.text
  22              		.section	.gnu.lto_.ipa_sra.fc33d874c7e405fe,"e",%progbits
  23 0000 789CE360 		.ascii	"x\234\343`@\000&\006\006FF\006F\006\000\000\317\000"
  23      40002606 
  23      06464606 
  23      46060000 
  23      CF00
  24 0012 0E       		.ascii	"\016"
  25              		.text
  26              		.section	.gnu.lto_.inline.fc33d874c7e405fe,"e",%progbits
  27 0000 789CF360 		.ascii	"x\234\363`@\000&\006\006\341\206\206\206\005L\351\214"
  27      40002606 
  27      06E18686 
  27      86054CE9 
  27      8C
  28 0011 0C4C0A40 		.ascii	"\014L\012@V\003S:\003\003\033\230\221\302\004\222f`"
  28      5603533A 
  28      03031B98 
  28      91C20492 
  28      6660
  29 0023 64B8C070 		.ascii	"d\270\300p\360\331\231\211L\031\254\014L\263\030\017"
  29      F0D99989 
  29      4C19AC0C 
  29      4CB3180F 
  30 0033 3C3BD3C8 		.ascii	"<;\323\310\224\001T\323\201\244\206\001\000\273\242"
ARM GAS  /tmp/ccnyPuzU.s 			page 2


  30      940154D3 
  30      81A48601 
  30      00BBA2
  31 0042 1299     		.ascii	"\022\231"
  32              		.text
  33              		.section	.gnu.lto_.jmpfuncs.fc33d874c7e405fe,"e",%progbits
  34 0000 789CE360 		.ascii	"x\234\343`@\000& f\004b\000\000\310\000\014"
  34      40002620 
  34      66046200 
  34      00C8000C 
  35              		.text
  36              		.section	.gnu.lto_.pureconst.fc33d874c7e405fe,"e",%progbits
  37 0000 789C6367 		.ascii	"x\234cg```b\230\305\3028\213\005\000\004\263\001G"
  37      60606062 
  37      98C5C238 
  37      8B050004 
  37      B30147
  38              		.text
  39              		.section	.gnu.lto_.lto.fc33d874c7e405fe,"e",%progbits
  40 0000 09000400 		.ascii	"\011\000\004\000\001\000\000\000"
  40      01000000 
  41              		.text
  42              		.section	.gnu.lto_MSIRangeTable.160.fc33d874c7e405fe,"e",%progbits
  43 0000 789C4DCF 		.ascii	"x\234M\317\273N\002a\020\206\341\377\345g9\256\320\031"
  43      BB4E0261 
  43      1086E1FF 
  43      E56739AE 
  43      D019
  44 0012 AEC244A8 		.ascii	"\256\302D\250(\344\332\210\261X\012BBAa,(\270\001\023"
  44      28E4DA88 
  44      B1580A42 
  44      4241612C 
  44      28B80113 
  45 0026 1639CAAA 		.ascii	"\0269\312\252\240\034\004\226\216B\023/\200\002\023"
  45      A01C0496 
  45      8E42132F 
  45      800213
  46 0035 2B2B8D31 		.ascii	"++\21513L\246\230<\371&\223\271\305\230\337\376\253"
  46      334CA698 
  46      3CF92693 
  46      B9C598DF 
  46      FEAB
  47 0047 1B4BDDB6 		.ascii	"\033K\335\266\254\241Y\215\375\317\220\025\365j\011"
  47      ACA1598D 
  47      FDCF9015 
  47      F56A09
  48 0056 D18C6870 		.ascii	"\321\214hp\355\212\236\210\226\375\234\250\253z8\023"
  48      ED8A9E88 
  48      96FD9CA8 
  48      AB7A3813 
  49 0066 4DAB0625 		.ascii	"M\253\006%\321\224\352\307\273\021N\036\205\007\350"
  49      D194EAC7 
  49      BB114E1E 
  49      8507E8
  50 0075 EDAB0B89 		.ascii	"\355\253\013\211\304E\303\306V7c\272Y\371Vv\224\353"
  50      C445C3C6 
  50      563763BA 
ARM GAS  /tmp/ccnyPuzU.s 			page 3


  50      59F95676 
  50      94EB
  51 0087 5F084795 		.ascii	"_\010G\225;o\216\260U\236\205q\341\210\362\276{\364"
  51      3B6F8EB0 
  51      559E8571 
  51      E188F2BE 
  51      7BF4
  52 0099 CFEEF3B4 		.ascii	"\317\356\363\264x\351\225\233\264l\204sB\310\263\201"
  52      78E9959B 
  52      B46C8473 
  52      42C8B381 
  53 00a9 35ACE015 		.ascii	"5\254\340\025\226\260\2009\314\340\005\236a\012\023"
  53      96B08039 
  53      CCE0059E 
  53      610A13
  54 00b8 7882028F 		.ascii	"x\202\002\217\360\000\001\214\341\036F0\204\001\364"
  54      F000018C 
  54      E11E4630 
  54      8401F4
  55 00c7 A1075DB8 		.ascii	"\241\007]\270\203\016\370\320\306\374\000\220Em\363"
  55      830EF8D0 
  55      C6FC0090 
  55      456DF3
  56              		.text
  57              		.section	.gnu.lto_SystemInit.161.fc33d874c7e405fe,"e",%progbits
  58 0000 789C8553 		.ascii	"x\234\205SMk\023Q\024}g\356\314DAZ\360\037\210+\205"
  58      4D6B1351 
  58      147D67EE 
  58      CC44415A 
  58      F01F882B 
  59 0015 E4554574 		.ascii	"\344UEt)\270r!.\372\003\244&\025C\034;t\246ZW}\265\013"
  59      29B87221 
  59      2EFA03A4 
  59      2615431C 
  59      3B74A65A 
  60 002d 359BD814 		.ascii	"5\233\330\024\252\013-\030\006\351N\241\250\025\253"
  60      AA0B2D18 
  60      06E94EA1 
  60      A815AB
  61 003c 86622D82 		.ascii	"\206b-\202V\261\324\200\037\240\350\272J\273\251 \304"
  61      56B1D480 
  61      1FA0E8BA 
  61      4ABBA920 
  61      C4
  62 004d FBE665D2 		.ascii	"\373\346e\322\2504\031x\227\271\3039\347\236w\270s\206"
  62      A8341978 
  62      97B9C339 
  62      E79E77B8 
  62      7386
  63 005f 84C80921 		.ascii	"\204\310\011!v\363\001\011\224\307\213\226PJ\035IY\030"
  63      76F30109 
  63      94C78B96 
  63      504A1D49 
  63      5918
  64 0071 1D2F6EC7 		.ascii	"\035/n\307}\304\035\304\210\205\021L\320\036n7\026\246"
  64      7DC41DC4 
  64      8885114C 
ARM GAS  /tmp/ccnyPuzU.s 			page 4


  64      D01E6E37 
  64      16A6
  65 0083 AE2E424D 		.ascii	"\256.BMW\0211}\212O\343q\223\016|\356\276s\252\352w"
  65      5711317D 
  65      8A4FE371 
  65      930E7CEE 
  65      BE73AAEA 
  66 0098 BDA454ED 		.ascii	"\275\244T\355\360\327\311\356\235\020\021\301\322\205"
  66      F0D7C9EE 
  66      9D1011C1 
  66      D285
  67 00a6 74B17571 		.ascii	"t\261uqtqu\021\242Dz\260\262\241\252B\\#\3134\243\334"
  67      74717511 
  67      A2447AB0 
  67      B2A1AA42 
  67      5C23CB34 
  68 00bc AC627EEE 		.ascii	"\254b~\356\327\213u\252\020n\022\312\024\221\005\321"
  68      D78B75AA 
  68      106E12CA 
  68      149105D1 
  69 00cc 7C531FC6 		.ascii	"|S\037\306T\027ww\264\323m\021\021\036\002\017 zvEd"
  69      54177777 
  69      B4D36D11 
  69      111E020F 
  69      207A7645 
  70 00e1 6316B762 		.ascii	"c\026\267bG\253\030+_F\205\254\212\341\201\321\325\224"
  70      47AB182B 
  70      5F4685AC 
  70      8AE181D1 
  70      D594
  71 00f3 96FE59C4 		.ascii	"\226\376Y\304\226\354\307\206\3154\215\\\233}=C\215"
  71      96ECC786 
  71      CD348D5C 
  71      9B7D3D43 
  71      8D
  72 0104 B94ED381 		.ascii	"\271N\323\201\003u\343\312=;\321\230\346O.\236\002O"
  72      0375E3CA 
  72      3D3BD198 
  72      E64F2E9E 
  72      024F
  73 0116 58E476AC 		.ascii	"X\344v\254i\343\031\353\360\025\315`\304Z\033K\337\250"
  73      69E319EB 
  73      F015CD60 
  73      C45A1B4B 
  73      DFA8
  74 0128 2D679E39 		.ascii	"-g\2369\226\341\330\020f\376\233\016\234\005\346\260"
  74      96E1D810 
  74      66FE9B0E 
  74      9C05E6B0 
  75 0138 613C6FCC 		.ascii	"a<o\314\350\204_d\274\335\304\317=Z\231\341\220\251"
  75      E8845F64 
  75      BCDDC4CF 
  75      3D5A99E1 
  75      90A9
  76 014a 258E2623 		.ascii	"%\216&#\216\343\245\271\206\016sR\207i3\330\334\251"
  76      8EE3A5B9 
  76      860E7352 
ARM GAS  /tmp/ccnyPuzU.s 			page 5


  76      876933D8 
  76      DCA9
  77 015c 5EFF58EB 		.ascii	"^\377X\353\372?\315\277\351\257\014\235y\306\335\373"
  77      FA3FCDBF 
  77      E9AF0C9D 
  77      79C6DDFB 
  78 016c 09A7ADBB 		.ascii	"\011\247\255\273%\306;-\356>iw\316\226\362o\377q\347"
  78      25C63B2D 
  78      EE3E6977 
  78      CE96F26F 
  78      FF71E7
  79 017f 323871F7 		.ascii	"28q\367\243\336\335\311\335r\342\3165\356>/\267\317"
  79      A3DEDDC9 
  79      DD72E2CE 
  79      35EE3E2F 
  79      B7CF
  80 0191 6E85F16E 		.ascii	"n\205\361nK\326\337\3277\361;Z\026)\301\327\030\237"
  80      4BD6DFD7 
  80      37F13B5A 
  80      1629C1D7 
  80      189F
  81 01a3 4A768041 		.ascii	"Jv\200A\274\330k\270\364\345\372\211\370\327)\0216\267"
  81      BCD86BB8 
  81      F4E5FA89 
  81      F8D72911 
  81      36B7
  82 01b5 5F8843D2 		.ascii	"_\210C\322;\027\312\254\014=_\346\362\376\331\001\257"
  82      3B17CAAC 
  82      0C3D5FE6 
  82      F2FED901 
  82      AF
  83 01c6 D027C3C1 		.ascii	"\320'\303\301\001?\237\355\331\227\016B\357\300\376"
  83      013F9FED 
  83      D9970E42 
  83      EFC0FE
  84 01d5 A183E9A1 		.ascii	"\241\203\351\241\340T:\327\177\276\220\017\323\247/"
  84      E0543AD7 
  84      7FBE900F 
  84      D3A72F
  85 01e4 C83EDF17 		.ascii	"\310>\337\027{3\031\031\344\0122F\310\243\307{\217\365"
  85      7B331919 
  85      E40A3246 
  85      C8A3C77B 
  85      8FF5
  86 01f6 CA60302B 		.ascii	"\312`0+\203\213A\330\357\235l\020\207\2073Y\361\007"
  86      838B41D8 
  86      EF9D6C10 
  86      87873359 
  86      F107
  87 0208 C2F62E88 		.ascii	"\302\366.\210"
  88              		.text
  89              		.section	.gnu.lto_SystemCoreClockUpdate.162.fc33d874c7e405fe,"e",%progbits
  90 0000 789C7D56 		.ascii	"x\234}VklTU\020>s\317\335g\267/\300\362,\026\020\220"
  90      6B6C5455 
  90      103E73CF 
  90      DD67B72F 
  90      C0F22C16 
ARM GAS  /tmp/ccnyPuzU.s 			page 6


  91 0016 47D9529E 		.ascii	"G\331R\236\222\030\033ML4\361\227\211\177\015\226j\010"
  91      92181B4D 
  91      4C34F197 
  91      897F0D96 
  91      6A08
  92 0028 149A6EF1 		.ascii	"\024\232n\361\221\230x[\352\"E\355C\321B[\300M\323\200"
  92      9198785B 
  92      EA2245ED 
  92      43D1425B 
  92      C04DD380 
  93 003c C458D2A0 		.ascii	"\304X\322\240\240\240U\251\240\021\255\217\026\320B"
  93      A0A055A9 
  93      A011AD8F 
  93      16D042
  94 004b 20602D22 		.ascii	" `-\"\025\214\206V\213\365\233s\356\336\273\225e\033"
  94      158C8656 
  94      8BF59B73 
  94      EEDEBB95 
  94      651B
  95 005d 983D3377 		.ascii	"\230=3w\276o\316\314\231\271\347>\220.D\213\020b\006"
  95      BE6FCECC 
  95      99B9E73E 
  95      902E448B 
  95      106206
  96 0070 09415982 		.ascii	"\011AY\202\032\352k\014aYV\221\31706\327o3\3508A\313"
  96      1AEA6B0C 
  96      61595691 
  96      CF3036D7 
  96      6F33E838 
  97 0086 33ABEB33 		.ascii	"3\253\3533\324\257\244\355\365A\365\334\304*\356\353"
  97      D4AFA4ED 
  97      F541F5DC 
  97      C42AEEEB 
  98 0096 F1ECAA8B 		.ascii	"\361\354\252\213\321\316\216\376\2207Z\037T\277[\354"
  98      D1CE8EFE 
  98      90375A1F 
  98      54BF5BEC 
  99 00a6 DFC6F883 		.ascii	"\337\306\370\203\035\361\205\227v7\304\256\237\336\347"
  99      1DF18597 
  99      7637C4AE 
  99      9FDEE7
 100 00b5 D1DC453E 		.ascii	"\321\334E>\037\033\016\364\005\224\342W\312\200V\002"
 100      1F1B0EF4 
 100      0594E257 
 100      CA805602 
 101 00c5 66735D6C 		.ascii	"fs]l\006\307\310\362\266\000\257\026;\343\213\246\370"
 101      06C7C8F2 
 101      B600AF16 
 101      3BE38BA6 
 101      F8
 102 00d6 22482D60 		.ascii	"\"H-`\334\266\377\3018c\032\033\016\324\246)%\244\224"
 102      DCB6FFC1 
 102      38631A1B 
 102      0ED4A629 
 102      25A494
 103 00e9 26ADA4AB 		.ascii	"&\255\244\253\340\373\256h\277\014\245\275\263_k\231"
 103      E0FBAE68 
ARM GAS  /tmp/ccnyPuzU.s 			page 7


 103      BF0CA5BD 
 103      B35F6B99 
 104 00f9 54595FF3 		.ascii	"TY_\363\313O\206RH\274`H\323\343\365\371\003\301\264"
 104      CB4F8652 
 104      48BC6048 
 104      D3E3F5F9 
 104      03C1B4
 105 010c 507A4626 		.ascii	"PzF&\275@\257\311yx6\324\265k\367\027d\355\355\244V"
 105      BD40AFC9 
 105      797836D4 
 105      B56BF717 
 105      64EDEDA4 
 106 0121 29C42EFC 		.ascii	")\304.\374\267\377\232%5\310VId\332+\203\362\260\222"
 106      B7FF9A25 
 106      35C85649 
 106      64DA2B83 
 106      F2B092
 107 0134 25FC6436 		.ascii	"%\374d6\220\327\336\276\374\345\324\272J\177\253\224"
 107      90D7DEBE 
 107      FCE5D4BA 
 107      4A7FAB94 
 108 0144 F43E0149 		.ascii	"\364>\001I\357\021\035\2448X\256\217;v7\015ZV \217\375"
 108      EF111DA4 
 108      3858AE8F 
 108      3B76370D 
 108      5A56208F 
 109 0159 0E27F18B 		.ascii	"\016'\361\213(\277N\020\356\333\332\224\241\010M\372"
 109      28BF4E10 
 109      EEDBDA94 
 109      A1084DFA 
 110 0169 3089E3F3 		.ascii	"0\211\343\363q\307\3563\2074\241IG\223\370E\311q\374"
 110      71C7EE33 
 110      8734A149 
 110      4793F845 
 110      C971FC
 111 017c CA71FC38 		.ascii	"\312q\3748\211c\215\353x\324q\374$\211c\255\353\370"
 111      89638DEB 
 111      78D471FC 
 111      248963AD 
 111      EBF8
 112 018e B6E3F859 		.ascii	"\266\343\370Y\022\307\035\256c\263\343\330\365?G\257"
 112      12C71DAE 
 112      63B3E3D8 
 112      F53F47AF 
 113 019e A0CF898E 		.ascii	"\240\317\211\216\021}J\324I\364\021\321\021\242\017"
 113      117D4AD4 
 113      49F411D1 
 113      11A20F
 114 01ad 880E915D 		.ascii	"\210\016\221]\177\270\371o\347\362\356w\236Nkd\264\326"
 114      7FB8F96F 
 114      E7F2EE77 
 114      9E4E6B64 
 114      B4D6
 115 01bf B28E3F7C 		.ascii	"\262\216?|a(\347~\022\255\322c@x%\013\223U\017\257\274"
 115      6128E77E 
 115      12ADD263 
 115      4078250B 
ARM GAS  /tmp/ccnyPuzU.s 			page 8


 115      93550FAF 
 116 01d4 2C7CACFA 		.ascii	",|\254\372y\025`\021d5\215W!\026\351,2Xd\262\310b\221"
 116      79156011 
 116      64358D57 
 116      2116E92C 
 116      325864B2 
 117 01eb CD621C8B 		.ascii	"\315b\034\213\361,&\260\270\203E\016\213\211\020\276"
 117      F12C26B0 
 117      B883450E 
 117      8B8910BE 
 118 01fb 492C26B3 		.ascii	"I,&\263\230\302b*?\230\306\"\227\325\351,\356d\221\307"
 118      98C2622A 
 118      3F98C622 
 118      97D5E92C 
 118      EE6491C7 
 119 020f 62063F98 		.ascii	"b\006?\230\311b\026\213\273X\314f1\207\305\\\026wC\370"
 119      C962168B 
 119      BB58CC66 
 119      3187C55C 
 119      167743F8 
 120 0223 E7F16A3E 		.ascii	"\347\361j>\213\005\002\311.\024\3105\314\333-`u1\213"
 120      8B0502C9 
 120      2E14C835 
 120      CCDB2D60 
 120      75318B
 121 0236 42818A2C 		.ascii	"B\201\212,\021\250\311R\201\222,\023\250\310r\366[\301"
 121      11A8C952 
 121      81922C13 
 121      A8C872F6 
 121      5BC1
 122 0248 62258B7B 		.ascii	"b%\213{X\254\342\372\026\011\024N\210Z)\256\217\216"
 122      58ACE2FA 
 122      1609144E 
 122      885A29AE 
 122      8F8E
 123 025a 8E4AB23A 		.ascii	"\216J\262:\205\250\223\206V*\241\014\322\247G\206{\327"
 123      85A89386 
 123      562AA10C 
 123      D2A74786 
 123      7BD7
 124 026c C4A461F7 		.ascii	"\304\244a\367w\200\204\263\262\032_j\347\276o\343YB"
 124      778084B3 
 124      B21A5F6A 
 124      E7BE6FE3 
 124      5942
 125 027e 4306E90B 		.ascii	"C\006\351\013\242\023$\012\336Rj\032}I-\352\250\006"
 125      A213240A 
 125      DE526A1A 
 125      7D492DEA 
 125      A806
 126 0290 69F31B5B 		.ascii	"i\363\033[(&%x\030\352e\200).S\365\300g90k\233\236\250"
 126      28262578 
 126      18EA6580 
 126      292E53F5 
 126      C0673930 
 127 02a8 3A298710 		.ascii	":)\207\020\236\234\360\207\373\216yb\322\223*\316\327"
 127      9E9CF087 
ARM GAS  /tmp/ccnyPuzU.s 			page 9


 127      FB8E7962 
 127      D2932ACE 
 127      D7
 128 02b9 88433ACE 		.ascii	"\210C:\316H\264\313\033\223\370\347a\322\020\205t\360"
 128      48B4CB1B 
 128      93F8E761 
 128      D2108574 
 128      F0
 129 02ca BF10BD00 		.ascii	"\277\020\275\000v\035)S\3051\307\306\031>\307q\374\251"
 129      761D2953 
 129      C531C7C6 
 129      193EC771 
 129      FCA9
 130 02dc E27CE7E6 		.ascii	"\342|\347\3463\022\275\212 \001\000t\234i\212\322\223"
 130      3312BD8A 
 130      20010074 
 130      9C698AD2 
 130      93
 131 02ed 58B9AAEE 		.ascii	"X\271\252\356\341K\307\220\362b\273`\351\252t\325\344"
 131      E14BC790 
 131      F262BB60 
 131      E9AA74D5 
 131      E4
 132 02fe C572AF54 		.ascii	"\305r\257T\243\320Ff\253\314\240^\242\036\022\205\325"
 132      A3D04666 
 132      ABCCA05E 
 132      A21E1285 
 132      D5
 133 030f 963590DB 		.ascii	"\2265\220\333*3\351\024v\273@\007B\376\375\227@\222"
 133      2A33E914 
 133      76BB4007 
 133      42FEFD97 
 133      4092
 134 0321 966A5F67 		.ascii	"\226j_g\260/#^\347\277\214\230\014\001\240S\015\211"
 134      B02F235E 
 134      E7BF8C98 
 134      0C01A053 
 134      0D89
 135 0333 AB14DDE3 		.ascii	"\253\024\335\343\203\011\004\263\200o\337\277\315\252"
 135      830904B3 
 135      806FDFBF 
 135      CDAA
 136 0341 E1514878 		.ascii	"\341QHx\2175R\245b\342\251\352#\2653\345\372\365\326"
 136      8F3552A5 
 136      62E2A9EA 
 136      23B533E5 
 136      FAF5D6
 137 0354 DBBBD249 		.ascii	"\333\273\322I\022t.\301\371\307[\235\355\304\275d\272"
 137      12742EC1 
 137      F9C75B9D 
 137      EDC4BD64 
 137      BA
 138 0365 B00B809D 		.ascii	"\260\013\200\235O\200\235K\001\363\273\260K\200]L\200"
 138      4F809D4B 
 138      01F3BBB0 
 138      4B805D4C 
 138      80
ARM GAS  /tmp/ccnyPuzU.s 			page 10


 139 0376 FD9A6A6B 		.ascii	"\375\232jk?\301\271_\365\323\337\264\000\007/_}\363"
 139      3FC1B95F 
 139      F5D3DFB4 
 139      00072F5F 
 139      7DF3
 140 0388 391C96D9 		.ascii	"9\034\226\331\373&\341\220\274'wt\364\013uH\277Q\345"
 140      FB26E190 
 140      BC277774 
 140      F40B7548 
 140      BF51E5
 141 039b F996EF89 		.ascii	"\371\226\357\211\363\300y\2751\374\313\017\036;x\226"
 141      F3C079BD 
 141      31FCCB0F 
 141      1E3B7896 
 142 03ab 7D580696 		.ascii	"}X\006\226{\321\\m\374\0121\3512\321\000\011\234\251"
 142      7BD15C6D 
 142      FC0A31E9 
 142      32D10009 
 142      9CA9
 143 03bd 3A6EDF58 		.ascii	":n\337X\246\203`:\257\230\376\030\272\252\230n\301_"
 143      A683603A 
 143      AF98FE18 
 143      BAAA986E 
 143      C15F
 144 03cf 51780E60 		.ascii	"Qx\016`\222u\242\333\247h\374ci\216\202\346\242M\363"
 144      9275A2DB 
 144      A768FC63 
 144      698E82E6 
 144      A24DF3
 145 03e2 7B729AC1 		.ascii	"{r\232\301D\232\326\001\251h\002ciz@\323O\272\205n\374"
 145      449AD601 
 145      A9680263 
 145      697A40D3 
 145      4FBA856E 
 146 03f7 80D64E4F 		.ascii	"\200\326NO\325B\327\321B2\336B7\321\177\205\000\350"
 146      D542D7D1 
 146      4232DE42 
 146      37D17F85 
 146      00E8
 147 0409 53907A3C 		.ascii	"S\220z<n\274\016\216\214T\034\177\272\034#\321\223\030"
 147      6EBC0E8E 
 147      8C541C7F 
 147      BA1C23D1 
 147      9318
 148 041b 8F4C00F4 		.ascii	"\217L\000\364x\370\235w@\026\314\364-\357kss\264\007"
 148      78F89D77 
 148      4016CCF4 
 148      2DEF6B73 
 148      73B407
 149 042e 8625B0E9 		.ascii	"\206%\260\351@\366fG.!Pv\252@C\211\201\316\242\271\307"
 149      40F66647 
 149      2E215076 
 149      AA404389 
 149      81CEA2B9 
 150 0443 01A00399 		.ascii	"\001\240\003\231n\006Ka\247\033\232tx\2445=&\307\247"
 150      6E064B61 
 150      A71B9A74 
ARM GAS  /tmp/ccnyPuzU.s 			page 11


 150      78A4353D 
 150      26C7A7
 151 0456 22FD07A4 		.ascii	"\"\375\007\244\246\363\022\231\032\223\023\000\320\244"
 151      A6F31299 
 151      1A931300 
 151      D0A4
 152 0464 D2D9FD1D 		.ascii	"\322\331\375\0350\353\315\216\336\307\306\366\350M\214"
 152      30EBCD8E 
 152      DEC7C6F6 
 152      E84D8C
 153 0473 5B8E7AB0 		.ascii	"[\216z\260\224\217ld\213\201\366\010\303\306\332\271"
 153      948F6C64 
 153      8B81F608 
 153      C3C6DAB9 
 154 0483 E8CFD9F8 		.ascii	"\350\317\331\370@\211\311e\260a\022\221X\241\335\301"
 154      4089C965 
 154      B0611291 
 154      58A1DDC1 
 155 0493 D7765CA9 		.ascii	"\327v\\\251\334Ct\3339\034u\233\335B\253'\033\020\223"
 155      DC4374DB 
 155      391C759B 
 155      DD42AB27 
 155      1B1093
 156 04a6 34E2F4BF 		.ascii	"4\342\364\277&w}\225\201\3037\334\021\331z\353\240;"
 156      26777D95 
 156      81C337DC 
 156      11D97AEB 
 156      A03B
 157 04b8 40C31D96 		.ascii	"@\303\035\226\027\001\253N\200\275\222\002&]\330K\200"
 157      1701AB4E 
 157      80BD9202 
 157      265DD84B 
 157      80
 158 04c9 6D31EC57 		.ascii	"m1\354Wv\260\243\377\253\311N\3475\3440\241S\014\234"
 158      76B0A3FF 
 158      ABC94EE7 
 158      35E430A1 
 158      530C9C
 159 04dc CF125D8C 		.ascii	"\317\022]\214S\247\333=\252\034\023a\345\362\235\216"
 159      53A7DB3D 
 159      AA1C1361 
 159      E5F29D8E 
 160 04ec 76A17C2B 		.ascii	"v\241|+r\253,\253\272@\010K\3775\374\211\262\0005Qq"
 160      72AB2CAB 
 160      BA40084B 
 160      FF35FC89 
 160      B2003551 
 161 0501 A78DE16E 		.ascii	"\247\215\341n\352\225\034\326!'\207\374F\234|\022\254"
 161      EA951CD6 
 161      212787FC 
 161      469C7C12 
 161      AC
 162 0512 2EF97245 		.ascii	".\371rE\276\350\026\362I\212<4\206\274\003\344\243d"
 162      BEE816F2 
 162      498A3C34 
 162      86BC03E4 
 162      A364
ARM GAS  /tmp/ccnyPuzU.s 			page 12


 163 0524 EFF5CC63 		.ascii	"\357\365\314c19\231'\335\211e:\261nNP\221\246\300\346"
 163      31399927 
 163      DD89653A 
 163      B16E4E50 
 163      91A6C0E6 
 164 0538 465AA9FC 		.ascii	"FZ\251\374\247(\336\3641\263X\244\016F5\3677\333\363"
 164      A728DEF4 
 164      31B358A4 
 164      0E4635F7 
 164      37DBF3
 165 054b 15746AAA 		.ascii	"\025tj\252V|\331h\221\236\3700\236E\330i\000\330m'\335"
 165      567CD968 
 165      919EF830 
 165      9E45D869 
 165      00D86D27 
 166 0560 FD04F140 		.ascii	"\375\004\361@\357\247g\274\"\315\205Mw\345Y\364\357"
 166      EFA767BC 
 166      22CD854D 
 166      77E559F4 
 166      EF
 167 0571 74B49D4A 		.ascii	"t\264\235J~`\024\315\032\317\337\2628\177{\374\220\300"
 167      7E6014CD 
 167      1ACFDFB2 
 167      387F7BFC 
 167      90C0
 168 0583 9D0A365D 		.ascii	"\235\0126]\033\256b\231\007\233\202\031I0\355Q\276I"
 168      1BAE6299 
 168      079B8219 
 168      4930ED51 
 168      BE49
 169 0595 EF515E0B 		.ascii	"\357Q^\013\365d}\323\205\256\236\221*\235z7\035}m\316"
 169      F5647DD3 
 169      85AE9E91 
 169      2A9D7A37 
 169      1D7D6DCE 
 170 05a9 04404FD6 		.ascii	"\004@O\326$g\262f\301l\247(\364f~\206u\025\036\350\031"
 170      2467B266 
 170      C16CA728 
 170      F4667E86 
 170      75151EE8 
 171 05be AEEA8B1E 		.ascii	"\256\352\213\036\377\261\021\246\273\020\237\035\016"
 171      FFB111A6 
 171      BB109F1D 
 171      0E
 172 05cb 454FE25E 		.ascii	"EO\342^\234\255\014\253\330\341Z\315M#\331\313r\273"
 172      9CAD0CAB 
 172      D8E15ACD 
 172      4D23D9CB 
 172      72BB
 173 05dd A1DFD9B3 		.ascii	"\241\337\331\263\371:X\230\313=\213l\002\203\273\337"
 173      F93A5898 
 173      CB3D8B6C 
 173      0283BBDF 
 174 05ed 02DB8A60 		.ascii	"\002\333\212`\333\001\374,O\353\347\237\225\241\266"
 174      DB01FC2C 
 174      4FEBE79F 
 174      95A1B6
ARM GAS  /tmp/ccnyPuzU.s 			page 13


 175 05fc 0EBE2232 		.ascii	"\016\276\"2\306\276JO\341\202\356\323W\304\341\336\236"
 175      C6BE4A4F 
 175      E182EED3 
 175      57C4E1DE 
 175      9E
 176 060d A46FE446 		.ascii	"\244o\344F#\361b\310\344\232\231\356\247E_\027:nN\252"
 176      23F162C8 
 176      E49A99EE 
 176      A7455F17 
 176      3A6E4EAA 
 177 0621 1AED448D 		.ascii	"\032\355D\215\274\316\025\216\032\315\005@\277'\253"
 177      BCCE158E 
 177      1ACD0540 
 177      BF27AB
 178 0630 BAF7615E 		.ascii	"\272\367a^\356\266\2070\333\375\212\310\336\213[?\376"
 178      EEB68730 
 178      DBFD8AC8 
 178      DE8B5B3F 
 178      FE
 179 0641 15318E5A 		.ascii	"\0251\216Z\014j6\324W\004\030\307\323.\264\344\\\375"
 179      0C6A36D4 
 179      570418C7 
 179      D32EB4E4 
 179      5CFD
 180 0653 11817EB9 		.ascii	"\021\201~\2717&\213@\242\257\271\263\007qd\363\222\245"
 180      37268B40 
 180      A2AFB9B3 
 180      077164F3 
 180      92A5
 181 0665 B147A5A1 		.ascii	"\261G\245\241O\012\365\230\0177\000uu)\031 f\347=_\374"
 181      4F0AF598 
 181      0F370075 
 181      75291920 
 181      66E73D5F 
 182 067a 4155E787 		.ascii	"AU\347\207\037S/\204ZI\272\000\374=)\304\212p\351\206"
 182      1F532F84 
 182      5A49BA00 
 182      FC3D29C4 
 182      8A70E986 
 183 068e 8A7071B8 		.ascii	"\212pq\270\242\264,\274fm\331\372\215\245\353V\207+"
 183      A2B42CBC 
 183      666DD9FA 
 183      8DA5EB56 
 183      872B
 184 06a0 CA3796AD 		.ascii	"\3127\226\255-.X\234\037\251(]R\270iY\376\246\310\023"
 184      2D2E589C 
 184      1FA9285D 
 184      52B86959 
 184      FEA6C813 
 185 06b4 F96B4A9E 		.ascii	"\371kJ\236^\267\266\"\377\311g\302\253\313\312\304\374"
 185      5EB7B622 
 185      FFC967C2 
 185      ABCBCAC4 
 185      FC
 186 06c5 458BC291 		.ascii	"E\213\302\2215\353\302\312#\374\300#\217>\364h8R^\034"
 186      35EBC2CA 
 186      23FCC023 
ARM GAS  /tmp/ccnyPuzU.s 			page 14


 186      8F3EF468 
 186      38525E1C 
 187 06d9 8E3C17A9 		.ascii	"\216<\027\251()}\334\006>\373\354\242b\341-[\277\376"
 187      28297DDC 
 187      063EFBEC 
 187      A262E12D 
 187      5BBFFE
 188 06ec E9E28DDE 		.ascii	"\351\342\215\336'\313W\027oX\354/\215\254-_\275\341"
 188      27CB5717 
 188      6F58EC2F 
 188      8DAC2D5F 
 188      BDE1
 189 06fe A99200CC 		.ascii	"\251\222\000\314l*\331 \021\334\204V\312\246\310\306"
 189      6C2AD920 
 189      11DC8456 
 189      CAA6C8C6 
 190 070e 4DE5C525 		.ascii	"M\345\305%\254\226\377\007J\333v\344"
 190      AC96FF07 
 190      4ADB76E4 
 191              		.text
 192              		.section	.gnu.lto_.symbol_nodes.fc33d874c7e405fe,"e",%progbits
 193 0000 789C4B60 		.ascii	"x\234K`\000\002\246\205\214\365\014\015@\300\3028\341"
 193      0002A685 
 193      8CF50C0D 
 193      40C0C238 
 193      E1
 194 0011 1C03433D 		.ascii	"\034\003C=\003\303\256\206FF\006F\006\260\344\"\306"
 194      03C3AE86 
 194      46460646 
 194      06B0E422 
 194      C6
 195 0022 7AC68FFF 		.ascii	"z\306\217\377\377\377g\306\"\311\272\200\221\241\321"
 195      FFFF67C6 
 195      22C9BA80 
 195      91A1D1
 196 0031 09C498CB 		.ascii	"\011\304\230\313\310\010a\314cd\2020\34632\203\031\014"
 196      C80861CC 
 196      63648230 
 196      E6333283 
 196      190C
 197 0043 00BEEC15 		.ascii	"\000\276\354\025x"
 197      78
 198              		.text
 199              		.section	.gnu.lto_.refs.fc33d874c7e405fe,"e",%progbits
 200 0000 789CD361 		.ascii	"x\234\323a``\340dd`\342b`d\346\007bA \026\006\342C\014"
 200      6060E064 
 200      6460E262 
 200      6064E607 
 200      62412016 
 201 0018 40E20850 		.ascii	"@\342\010P\222\3458\220`>\011\342\236\006\262\000J\350"
 201      92E53890 
 201      603E09E2 
 201      9E06B200 
 201      4AE8
 202 002a 0476     		.ascii	"\004v"
 203              		.text
 204              		.section	.gnu.lto_.decls.fc33d874c7e405fe,"e",%progbits
ARM GAS  /tmp/ccnyPuzU.s 			page 15


 205 0000 789CDD5A 		.ascii	"x\234\335ZkPUW\226>k\357\003\367r}`'d\222\251\351I\331"
 205      6B505557 
 205      963E6BEF 
 205      03F7727D 
 205      60276492 
 206 0018 DDD3157B 		.ascii	"\335\323\025{\272\024\357e:\311T\315\017\361\"-\335"
 206      BA14EF65 
 206      3AC954CD 
 206      0FF1222D 
 206      DD
 207 0029 92A1EE55 		.ascii	"\222\241\356U\273\246\177\214cs\311\304ITJIO\362cj\216"
 207      BBA67F8C 
 207      6373C9C4 
 207      49544A49 
 207      4FF2636A 
 208 003e 08282A88 		.ascii	"\010(*\210\032[TT\2421\301G\024\215\246Q|\020\237\240"
 208      1A5B5454 
 208      A231C147 
 208      148DA651 
 208      7C109FA0 
 209 0052 20BE4121 		.ascii	" \276A!\012>\257\217 \276\021Qg\355\307\331\347\034"
 209      0A3EAF8F 
 209      20BE1151 
 209      67EDC7D9 
 209      E71C
 210 0064 0E49CDFC 		.ascii	"\016I\315\374\353\232S\256\263_\337\376\326\332k\257"
 210      EB9A53AE 
 210      B35FDFFE 
 210      D6DA6BAF 
 211 0074 FD385CE7 		.ascii	"\3758\\\347\015\326\264\313\272\246E@\323^\340\203Y"
 211      0DD6B4CB 
 211      BAA64540 
 211      D35EE083 
 211      59
 212 0085 ED84663D 		.ascii	"\355\204f=\004e\027\312\036\024\326\326\200r\034\245"
 212      046517CA 
 212      1E14D6D6 
 212      80721CA5 
 213 0095 15E5AAE6 		.ascii	"\025\345\252\346|\226#\007\305\364\015\224\004\224z"
 213      7C962307 
 213      C5F40D94 
 213      04947A
 214 00a4 EDFB9F8F 		.ascii	"\355\373\237\217\021\353\301\364=\211\317\303\362L\224"
 214      11EBC1F4 
 214      3D89CFC3 
 214      F24C94
 215 00b3 1B98FF2B 		.ascii	"\033\230\377+T\372\012\212\027\363\377\201uM(-(wQ:Q"
 215      54FA0A8A 
 215      17F3FF81 
 215      754D282D 
 215      2877513A 
 216 00c8 7A501EA1 		.ascii	"zP\036\241LG\001i_\357\347\277@\330\300\370_\222\366"
 216      4C470169 
 216      5FEFE7BF 
 216      40D8C0F8 
 216      5F92F6
 217 00db BC869C75 		.ascii	"\274\206\234u\230\3765\021:\323Q~l\323\307t\377\013"
ARM GAS  /tmp/ccnyPuzU.s 			page 16


 217      98FE3511 
 217      3AD3517E 
 217      6CD3C774 
 217      FF0B
 218 00ed AB23C2F6 		.ascii	"\253#\302\366\243(\177\213\371\327Q\316a\276Y\0236\267"
 218      A3287F8B 
 218      F9D751CE 
 218      61BE5913 
 218      36B7
 219 00ff 22F72969 		.ascii	"\"\367)i\023\263\345$J\263\264\017\244\257h/_9\374D"
 219      13B3E524 
 219      4AB3B40F 
 219      A4AF682F 
 219      5F39FC44 
 220 0113 49DEA797 		.ascii	"I\336\247\227\016\350WA#\210\327#\000\320\374&\276|"
 220      0EE85741 
 220      2388D723 
 220      00D0FC26 
 220      BE7C
 221 0125 DAEFA996 		.ascii	"\332\357\251\226`\020\203\304F(\361Q\037\215\370j\341"
 221      601083C4 
 221      4628F151 
 221      1F8DF86A 
 221      E1
 222 0136 F5210FE8 		.ascii	"\365!\017\350\010/\031\022\357\363V\354\207A\276\030"
 222      082F1912 
 222      EFF356EC 
 222      8741BE18 
 223 0146 2F21514F 		.ascii	"/!QO\3047\244\0336\222\362\330\301#\014=2\357\225\250"
 223      C437A41B 
 223      3692F2D8 
 223      C1230C3D 
 223      32EF95A8 
 224 015a C72025EF 		.ascii	"\307 %\357$$\215\300w\324S\013\021\354\225\241{\007"
 224      24248DC0 
 224      77D4530B 
 224      11EC95A1 
 224      7B07
 225 016c 612EEAF1 		.ascii	"a.\352\361=\240\345E\261\221\0062\373\015\250\005_$"
 225      3DA0E545 
 225      B1910632 
 225      FB0DA805 
 225      5F24
 226 017e 906018C6 		.ascii	"\220`\030\306\010\257\367\365\370}t\037MEW{+7\275\342"
 226      08AFF7F5 
 226      F87D741F 
 226      4D45577B 
 226      2B37BDE2 
 227 0192 8B7AE291 		.ascii	"\213z\342\221bHd\360\240\310\340\370Z\210\211D|\011"
 227      624864F0 
 227      A0C8E0F8 
 227      5A888944 
 227      7C09
 228 01a4 43343422 		.ascii	"C44\"\022\010\214 >d\326\275\265\020\240\320?`\264\337"
 228      12088C20 
 228      3E64D6BD 
 228      B510A0D0 
ARM GAS  /tmp/ccnyPuzU.s 			page 17


 228      3F60B4DF 
 229 01b8 7AD507BE 		.ascii	"z\325\007\276\270\327\007\017\301\340\321R\011\362\322"
 229      B8D7070F 
 229      C1E0D152 
 229      09F2D2
 230 01c7 17E6031E 		.ascii	"\027\346\003\036\324\031\261\212\000C|$@\350o\243\350"
 230      D419B18A 
 230      00437C24 
 230      40E86FA3 
 230      E8
 231 01d8 3F4230E6 		.ascii	"?B0\346\014\335\333\277?\030\230\304M\370m$#\340\323"
 231      0CDDDBBF 
 231      3F1898C4 
 231      4DF86D24 
 231      23E0D3
 232 01eb A21E824D 		.ascii	"\242\036\202M\011:\030\004\254\236\276X\356R\376p\367"
 232      093A1804 
 232      AC9EBE58 
 232      EE52FE70 
 232      F7
 233 01fc 02FB275E 		.ascii	"\002\373'^\032+hv-\274\236!\321\257r2\314Z\225\310\274"
 233      1A2B6876 
 233      2DBC9E21 
 233      D1AF7232 
 233      CC5A95C8 
 234 0211 00081E62 		.ascii	"\000\010\036b*\000S\211&[m\344\226\015\322\016\223\307"
 234      2A005389 
 234      265B6DE4 
 234      960DD20E 
 234      93C7
 235 0223 D463B3D1 		.ascii	"\324c\263\321\262\025gX(!\366>\274\237\303p\213RS\264"
 235      B2156758 
 235      2821F63E 
 235      BC9FC370 
 235      8B5253B4 
 236 0237 9A6DE022 		.ascii	"\232m\340\"l\266=\334\263\275\3775t\233Q\373*\014,\031"
 236      6CB63DDC 
 236      B3BDFF35 
 236      749B51FB 
 236      2A0C2C19 
 237 024b A101FD99 		.ascii	"\241\001\375\231F\207i\211\006\177r\247h\360g\331s!"
 237      46876989 
 237      067F72A7 
 237      68F067D9 
 237      7321
 238 025d 859780E0 		.ascii	"\205\227\200\340;\001\006a\317Y\325\305G}\257\"\346"
 238      3B010661 
 238      CF59D5C5 
 238      477DAF22 
 238      E6
 239 026e B66124C0 		.ascii	"\266a$\300{\260\023`\007SZ\215\372\246r\356\235\027"
 239      7BB01360 
 239      07535A8D 
 239      FAA672EE 
 239      9D17
 240 0280 8A16C6FF 		.ascii	"\212\026\306\377\264\264\324\350Zt\270u\365O/W\031F"
 240      B4B4D4E8 
ARM GAS  /tmp/ccnyPuzU.s 			page 18


 240      5A74B875 
 240      F54F2F57 
 240      1946
 241 0292 3EE2BD0C 		.ascii	">\342\275\014\003_\003Tqb\314i\260\035`\033h\364\000"
 241      035F0354 
 241      7162CC69 
 241      B01D601B 
 241      68F400
 242 02a5 B07E077B 		.ascii	"\260~\007{\232:\006\262~\225\253\012g\031\203r\261\217"
 242      9A3A06B2 
 242      7E95AB0A 
 242      67198372 
 242      B18F
 243 02b7 CEBAEC56 		.ascii	"\316\272\354V]v[]\316\2030\254F\343\226\031:/\305\363"
 243      5D765B5D 
 243      CE8330AC 
 243      46E39619 
 243      3A2FC5F3 
 244 02cb B7CEAB06 		.ascii	"\267\316\253\006#e\333\206\255\217\301\207D\235FM^\034"
 244      2365DB86 
 244      AD8FC187 
 244      449D464D 
 244      5E1C
 245 02dd 361D00D8 		.ascii	"6\035\000\330\317\254=\210L\211\260\017\020\371\006"
 245      CFAC3D88 
 245      4C89B00F 
 245      10F906
 246 02ec 0F92789E 		.ascii	"\017\222x\236\323h\224\233r\373\340\215\372\001\276"
 246      D368949B 
 246      72FBE08D 
 246      FA01BE
 247 02fb 1AD94F93 		.ascii	"\032\331O\223\33502\021S\005p\030\340\020 \354\331\262"
 247      DD303211 
 247      53057018 
 247      E01020EC 
 247      D9B2
 248 030d C70B06BC 		.ascii	"\307\013\006\274\204\364y\206QN\240\016\340\033\200"
 248      84F47986 
 248      514EA00E 
 248      E01B80
 249 031c 1AC67F04 		.ascii	"\032\306\177\004\270\016\306\365\240\347\344V\312\271"
 249      B80EC6F5 
 249      A0E7E456 
 249      CAB9
 250 032a 6A7E88EB 		.ascii	"j~\210\353J\313\251\207\036\213\353h\237\\m\263\232"
 250      4ACBA987 
 250      1E8BEB68 
 250      9F5C6DB3 
 250      9A
 251 033b BAE0E765 		.ascii	"\272\340\347e%F\347\271\203\277)\001\250\007\330\313"
 251      2546E7B9 
 251      83BF2901 
 251      A807D8CB 
 252 034b BCA3B058 		.ascii	"\274\243\260X\232\302<\202\246\030\013\037\000\275\313"
 252      9AC23C82 
 252      A6180B1F 
 252      00BDCB
ARM GAS  /tmp/ccnyPuzU.s 			page 19


 253 035a 8793FB79 		.ascii	"\207\223\373y\351\276~?o\306n\015\371\263\006b?ln\344"
 253      E9BE7E3F 
 253      6FC66E0D 
 253      F9B30662 
 253      3F6C6EE4 
 254 036e FD4C7F60 		.ascii	"\375L\177`\351\230\364\350 \341P\346\232\037\303\013"
 254      E998F4E8 
 254      20E150E6 
 254      9A1FC30B 
 255 037e 91687406 		.ascii	"\221ht\006aD\365\207\212p\325\343X\242\306\276\031T"
 255      6144F587 
 255      8A70D5E3 
 255      58A2C6BE 
 255      1954
 256 0390 832418AE 		.ascii	"\203$\030\256\301\031@\004r\235\0068\305Fr\363t\301"
 256      C1194004 
 256      729D0638 
 256      C54672F3 
 256      74C1
 257 03a2 A3817224 		.ascii	"\243\201r$\377\006g\001N\002\234`J\232\254\201\\.\336"
 257      FF066701 
 257      4E029C60 
 257      4A9AAC81 
 257      5C2EDE
 258 03b5 7C399E13 		.ascii	"|9\236\023\325|?Q\365\332o\352tE\324\334'Q~\301\251"
 258      D57C3F51 
 258      F5DA6FEA 
 258      7445D4DC 
 258      27517EC1 
 259 03ca CBFD7F52 		.ascii	"\313\375\177RH\010\234\003\272\214\033\371\331\011\243"
 259      48089C03 
 259      BA8C1BF9 
 259      D909A3
 260 03d9 65207752 		.ascii	"e wR\343\301\337\014\307zh\341c5{c\311\214\036\017\302"
 260      E3C1DF0C 
 260      C77A68E1 
 260      63357B63 
 260      C98C1E0F 
 261 03ee 779C2DDA 		.ascii	"w\234-\332\335\257\257\030\271\300c\344[\340H/\367J"
 261      DDAFAF18 
 261      B9C063E4 
 261      5BE0482F 
 261      F74A
 262 0400 0D8FEF99 		.ascii	"\015\217\357\231\347\277\350g\037_\033\300E\326\241"
 262      E7BFE867 
 262      1F5F1BC0 
 262      45D6A1
 263 040f 1D782786 		.ascii	"\035x'\206\331\276\341R#\261\233\336\007\246\345\330"
 263      D9BEE152 
 263      23B19BDE 
 263      07A6E5D8 
 264 041f BD2FE37E 		.ascii	"\275/\343~R\201\246_\002\272\205\233^\266\242\273\231"
 264      5281A65F 
 264      02BA859B 
 264      5EB6A2BB 
 264      99
 265 0430 32D32B9B 		.ascii	"2\323+\233\327\032\306 \300\026\270\302\2157\373c\351"
ARM GAS  /tmp/ccnyPuzU.s 			page 20


 265      D71AC620 
 265      C016B8C2 
 265      8D37FB63 
 265      E9
 266 0441 B234BE4B 		.ascii	"\2624\276K\304|\247N\367\362\316\0055\327\217{}m?\030"
 266      C47CA74E 
 266      F7F2CE05 
 266      35D78F7B 
 266      7D6D3F18 
 267 0455 B4F41011 		.ascii	"\264\364\020\021\235\243:m$\032=#\213m:\375\026\213"
 267      9DA33A6D 
 267      241A3D23 
 267      8B6D3AFD 
 267      168B
 268 0467 5765B159 		.ascii	"We\261Y\247\267\260x_\026\217\353\364)W\261\367\354"
 268      A7B7B078 
 268      5F168FEB 
 268      F42957B1 
 268      F7EC
 269 0479 A303B17D 		.ascii	"\243\003\261}\371\352\021\367U\"B:\236\027\236\345\263"
 269      F9EA11F7 
 269      5522423A 
 269      9E179EE5 
 269      B3
 270 048a DF69AE09 		.ascii	"\337i\256\011\023\363\0308N\243\371T\320\326\352\264"
 270      13F31838 
 270      4EA3F954 
 270      D0D6EAB4 
 271 049a 886A7409 		.ascii	"\210jt\011e\324O\326t\337\242\334\372\357_&b\305\353"
 271      65D44FD6 
 271      74DFA2DC 
 271      FAEF5F26 
 271      62C5EB
 272 04ad 7405F65A 		.ascii	"t\005\366Z#I\344\312\377'>?m\224\256\223\365\003\221"
 272      2349E4CA 
 272      FF273E3F 
 272      6D94AE93 
 272      F50391
 273 04c0 B3A1BE66 		.ascii	"\263\241\276fi|_\346\346\023fn\036A\314\243\246\373"
 273      697C5FE6 
 273      E613666E 
 273      1E41CCA3 
 273      A6FB
 274 04d2 C5718E35 		.ascii	"\305q\2165\234K\000\243]\203\002\302\201\032\375JRF"
 274      9C4B00A3 
 274      5D8302C2 
 274      811AFD4A 
 274      5246
 275 04e4 85019F88 		.ascii	"\205\001\237\210\315\260\374G\264J6\034`\003(]\337~"
 275      CDB0FC47 
 275      B44A361C 
 275      6003285D 
 275      DF7E
 276 04f6 8DF4A5AC 		.ascii	"\215\364\245\254\210+\233\307\224\235\355^\372\334\353"
 276      882B9BC7 
 276      949DED5E 
 276      FADCEB
ARM GAS  /tmp/ccnyPuzU.s 			page 21


 277 0505 50368740 		.ascii	"P6\207@!SVL8P\303ST\316\010\320\3032[\"\364\236\026"
 277      2153564C 
 277      3850C353 
 277      54CE08D0 
 277      C3325B22 
 278 051c 5B5D790C 		.ascii	"[]y\014\255\227\015\011H9\367h\321\202>\267\270%\\\355"
 278      AD970D09 
 278      4839F768 
 278      D1823EB7 
 278      B8255CED 
 279 0530 9F98DA25 		.ascii	"\237\230\332%Gn_\245\016\265\237\020X\304\324\226\022"
 279      476E5FA5 
 279      0EB59F10 
 279      58C4D496 
 279      12
 280 0541 0E1474B3 		.ascii	"\016\024t\263\201\236E\317\266\232\236\005z\011\213"
 280      819E45CF 
 280      B69A9E05 
 280      7A098B
 281 0550 3764B14B 		.ascii	"7d\261K\243\235X|`\332'\222\327\304\272\000\332-\353"
 281      A39D587C 
 281      60DA2792 
 281      D7C4BA00 
 281      DA2DEB
 282 0563 6350DFAE 		.ascii	"cP\337\256\374\315\217\364\276l\372\202\333\3649\263"
 282      FCCD8FF4 
 282      BE6CFA82 
 282      DBF439B3 
 283 0573 E9D98C6D 		.ascii	"\351\331\214m\207\343\0356}F`\015\263\251\202p \363"
 283      87E31D36 
 283      7D46600D 
 283      B3A98270 
 283      20F3
 284 0585 696BFEF5 		.ascii	"ik\376\365&\333\344\364\270A\">5\232\253\213,\305^\213"
 284      26DBE4F4 
 284      B841223E 
 284      359AAB8B 
 284      2CC55E8B 
 285 0599 6E3EDDDC 		.ascii	"n>\335\334\277/\365_r\365\033\231\372M\313Z\012\301"
 285      BF2FF55F 
 285      72F51B99 
 285      FA4DCB5A 
 285      0AC1
 286 05ab A1DEDC1E 		.ascii	"\241\336\334\0366\021\016\344\273\324\212\246|\217C"
 286      36110EE4 
 286      BBD48AA6 
 286      7C8F43
 287 05ba 7D6F9088 		.ascii	"}o\220\210c\215\316\3215\272\000\245T\347\253\277\243"
 287      638DCED1 
 287      35BA00A5 
 287      54E7ABBF 
 287      A3
 288 05cb A732A62F 		.ascii	"\2472\246/\003\266q\003\206\263\003\270\372h\005q\350"
 288      03B67103 
 288      86B303B8 
 288      FA680571 
 288      E8
ARM GAS  /tmp/ccnyPuzU.s 			page 22


 289 05dc 3757F876 		.ascii	"7W\370v\302q\214\347\322\311\256;\340\320\337\033\304"
 289      C2718CE7 
 289      D2C9AE3B 
 289      E0D0DF1B 
 289      C4
 290 05ed F5BF4D57 		.ascii	"\365\277MW\241\352\317\244\007\206\323uX\332,KC\350"
 290      A1EACFA4 
 290      0786D375 
 290      58DA2C4B 
 290      43E8
 291 05ff 362CED90 		.ascii	"6,\355\220\245\301t\217\314\365\027\353\005\317^Y\321"
 291      A5C1748F 
 291      CCF517EB 
 291      05CF5E59 
 291      D1
 292 0610 0FF59D3E 		.ascii	"\017\365\235>s\352J\237v\037\342v\037d\216\273;k\353"
 292      73EA4A9F 
 292      761FE276 
 292      1F648EBB 
 292      3B6BEB
 293 0623 0C9F7DF7 		.ascii	"\014\237}\367\333O`\037\233\221\303\204\343\230\335"
 293      DB4F601F 
 293      9B91C384 
 293      E398DD
 294 0632 F32EB477 		.ascii	"\363.\264w\307\263\265\374C\307\304\311\272\222\274"
 294      C7B3B5FC 
 294      43C7C4C9 
 294      BA92BC
 295 0641 3845544B 		.ascii	"8ETK\\D\264\016-o@9\201\322\204\322\212\322.\315\355"
 295      5C44B40E 
 295      2D6F4039 
 295      81D284D2 
 295      8AD22ECD 
 296 0656 11877CDB 		.ascii	"\021\207|\333\033\364:s\371\277\356z\262hm\314\337\375"
 296      1BF43A73 
 296      F9BFEE7A 
 296      B2686DCC 
 296      DFFD
 297 0668 F0F372AF 		.ascii	"\360\363r\257r\273aT\355\272^\371\002\312p\270\375\341"
 297      72BB6154 
 297      EDBA5EF9 
 297      02CA70B8 
 297      FDE1
 298 067a 069E8104 		.ascii	"\006\236\201\004\356\0215\352D\215mC\332U\303\250\\"
 298      EE1135EA 
 298      448D6D43 
 298      DA55C3A8 
 298      5C
 299 068b B925BBB6 		.ascii	"\271%\273\266\006\330\014\224; \253\210\300 Ue\243\300"
 299      06D80C94 
 299      3B20AB88 
 299      C0205565 
 299      A3C0
 300 069d 20CD4907 		.ascii	" \315I\007\346\032{\3719\244PA\276q@j\210\245j\225R"
 300      E61A7BF9 
 300      39A45041 
 300      BE71406A 
ARM GAS  /tmp/ccnyPuzU.s 			page 23


 300      88A56A95 
 301 06b2 B5D28129 		.ascii	"\265\322\201)#\234\006\317\205\312\345[t\006\331L`\003"
 301      239C06CF 
 301      85CAE55B 
 301      7406D94C 
 301      6003
 302 06c4 879851B9 		.ascii	"\207\230Q\271\236(M\363\224\246]\016\226\235\026K\231"
 302      9E284DF3 
 302      94A65D0E 
 302      969D164B 
 302      99
 303 06d5 60594760 		.ascii	"`YG`-\207\230Kk\265\200\340\314T\356\021,\217\001\036"
 303      2D87984B 
 303      6BB580E0 
 303      CC54EE11 
 303      2C8F011E 
 304 06e9 829DE501 		.ascii	"\202\235\345\001X\366v\317\307\313\032\272\017\015n"
 304      58F676CF 
 304      C7CB1ABA 
 304      0F0D6E
 305 06f8 74B94F18 		.ascii	"t\271O\030S\257\214\271\355\240\271\005\226\367\346"
 305      53AF8CB9 
 305      EDA0B905 
 305      96F7E6
 306 0707 28CC5E07 		.ascii	"(\314^\007\313nkLu\012\322\351\240\351\0005\246R1\246"
 306      CB6E6B4C 
 306      750AD2E9 
 306      A0E90035 
 306      A65231A6 
 307 071b AF097CC5 		.ascii	"\257\011|\305Y\314\365Rc\315\301F\305\262\300\241\250"
 307      59CCF552 
 307      63CDC146 
 307      C5B2C0A1 
 307      A8
 308 072c C4369573 		.ascii	"\3046\225s\025f\217\333\030\211Y\2570\313\034\230\245"
 308      15668FDB 
 308      188959AF 
 308      30CB1C98 
 308      A5
 309 073d 364C85C2 		.ascii	"6L\205\302\254p\317\245\304<\223\376CP\275\003tQz\207"
 309      AC70CFA5 
 309      C43C93FE 
 309      4350BD03 
 309      74517A87 
 310 0751 4DC42E35 		.ascii	"M\304.5\021\335\216\241?\261yp\263R6\313\301cX\036<"
 310      11DD8EA1 
 310      3FB17970 
 310      B35236CB 
 310      C163581E 
 311 0766 A22077DC 		.ascii	"\242 w\334\036\2244\265\012s\317\201\271k\303\254S\230"
 311      1E9434B5 
 311      0A73CF81 
 311      B96BC3AC 
 311      5398
 312 0778 E5EEB10B 		.ascii	"\345\356\261\013U\305\012\262\303\001\371\263\005\331"
 312      55C50AB2 
 312      C301F9B3 
ARM GAS  /tmp/ccnyPuzU.s 			page 24


 312      05D9
 313 0786 AB20F7DD 		.ascii	"\253 \367\335\232\004\344\205\345\234#\016\232\023\266"
 313      9A04E485 
 313      E59C230E 
 313      9A13B6
 314 0795 08DCA156 		.ascii	"\010\334\241V\314\013\007\3173\213\347K\245j\276\203"
 314      CC0B07CF 
 314      338BE74B 
 314      A56ABE83 
 315 07a5 66B665CD 		.ascii	"f\266e\3151\005\211:X\256\3334-U\232\266:h*\325\222"
 315      3105893A 
 315      58AEDB34 
 315      2D559AB6 
 315      3A682AD5 
 316 07ba C1CDAC46 		.ascii	"\301\315\254FG\363\010\034gu\210\301-\257\225\300)\002"
 316      47F3081C 
 316      677588C1 
 316      2DAF95C0 
 316      2902
 317 07cc F7095CC5 		.ascii	"\367\011\\\305"
 318 07d0 2F5202DF 		.ascii	"/R\002\337\021xD\340,\201\013x\365\303\213+\201\307"
 318      117844E0 
 318      2C810B78 
 318      F5C38B2B 
 318      81C7
 319 07e2 046EE1AD 		.ascii	"\004n\341\255\203B\033\201\273\004\236\022h&p\236@\027"
 319      83421B81 
 319      BB049E12 
 319      6826709E 
 319      4017
 320 07f4 81D3049A 		.ascii	"\201\323\004\232\010\\!p\223\300e<\003\010\264\023\270"
 320      085C2170 
 320      93C0653C 
 320      0308B413 
 320      B8
 321 0805 43E00181 		.ascii	"C\340\001\201\353\004\272\011t\020xH\340\031\201k\004"
 321      EB04BA09 
 321      74107848 
 321      E019816B 
 321      04
 322 0816 9E136821 		.ascii	"\236\023h!p\233\300\015\002\027\011D\011\030\024\276"
 322      709BC00D 
 322      02170944 
 322      091814BE 
 323 0826 25F08440 		.ascii	"%\360\204@'\2013\354\363\224\015\265\307\362j\203;\344"
 323      278133EC 
 323      F3940DB5 
 323      C7F26A83 
 323      3BE4
 324 0838 C4D2DF24 		.ascii	"\304\322\337$VR1\201\271\034b^Tf\333\266\252\235\312"
 324      56523181 
 324      B91C625E 
 324      5466DBB6 
 324      AA9DCA
 325 084b 1DCFDD8E 		.ascii	"\035\317\335\216G\314\247\210\231\275E/EL\035\266r\036"
 325      47CCA788 
 325      99BD452F 
ARM GAS  /tmp/ccnyPuzU.s 			page 25


 325      454C1DB6 
 325      721E
 326 085d 73975F63 		.ascii	"s\227_cy\276Hy\276\332\275WIU+\224\252O\335\033\260"
 326      79BE4879 
 326      BEDABD57 
 326      49552B94 
 326      AA4FDD1B 
 327 0872 A0695034 		.ascii	"\240iP47\335\023(\006U%\006U@`&g1\257z\206M\3232\245"
 327      37DD1328 
 327      06552506 
 327      55406026 
 327      6731AF7A 
 328 088b 698B7B8E 		.ascii	"i\213{\216\345r\334 xJ\011,\346\030\363:\265PX\303h"
 328      E572DC20 
 328      784A092C 
 328      E618F33A 
 328      B55058C3 
 329 08a0 AA15CD53 		.ascii	"\252\025\315S\367\212\025\006\357V\006w\271wW\001yn"
 329      F78A1506 
 329      EF560677 
 329      B9775701 
 329      796E
 330 08b2 CDD45177 		.ascii	"\315\324Qw\374\013\314QE\363\235{w\025\220\371\012R"
 330      FC0BCC51 
 330      45F39D7B 
 330      771590F9 
 330      0A52
 331 08c4 E55E8C38 		.ascii	"\345^\2148&\2720\206\235\333F\313\306J\362r\357(\206"
 331      26BA3086 
 331      9DDB46CB 
 331      C64AF272 
 331      EF2886
 332 08d7 5CFA1718 		.ascii	"\\\372\027\030\307h\356\306\325uC\373\363\217\364\362"
 332      C768EEC6 
 332      D57543FB 
 332      F38FF4F2 
 333 08e7 7D3ACCA4 		.ascii	"}:\314\244jXyT\336\214J\010]\036#\257\257@\327\310l"
 333      6A587954 
 333      DE8C4A08 
 333      5D1E23AF 
 333      AF40D7C8 
 334 08fc 27D08D31 		.ascii	"'\320\2151\032\255D\331\216R\203r\030\345\230ln\006"
 334      1AAD44D9 
 334      8E528372 
 334      18E5986C 
 334      6E06
 335 090e 7A068B6D 		.ascii	"z\006\213m\262x\034\350u,\336\225\305Z\240O\261\230"
 335      B2781CE8 
 335      752CDE95 
 335      C55AA04F 
 335      B198
 336 0920 1F2BFFFE 		.ascii	"\037+\377\376\000\264$V\243\313e\261\012\350Z,n\226"
 336      00B42456 
 336      A3CB65B1 
 336      0AE85A2C 
 336      6E96
 337 0932 C54AA03B 		.ascii	"\305J\240;\261xP\026+\2006\312l9\320&l\271(\213\245"
ARM GAS  /tmp/ccnyPuzU.s 			page 26


 337      B1785016 
 337      2B8036CA 
 337      6C39D026 
 337      6CB9288B 
 338 0947 40A358BC 		.ascii	"@\243X\274\213\362\004%\327\243\321\271(\213P\312P\326"
 338      8BF20425 
 338      D7A3D1B9 
 338      288B50CA 
 338      50D6
 339 0959 7AA4E548 		.ascii	"z\244\345H-\263Q\274\325a\313>\224z\224\263\262\272"
 339      2DB351BC 
 339      D561CB3E 
 339      947A94B3 
 339      B2BA
 340 096b 1939B178 		.ascii	"\0319\261x\005\345\006J\007J\027J\256\027\011Q\026\243"
 340      05E5064A 
 340      074A174A 
 340      AE170951 
 340      16A3
 341 097d AC44A940 		.ascii	"\254D\251@\331\202\262\023e?J=\312I\224f\224\013(Q\224"
 341      D982B213 
 341      653F4A3D 
 341      CA499466 
 341      940B2851 
 342 0992 0E948728 		.ascii	"\016\224\207(=(3\3434Z\024'm\025\337?5?\242%q8\015y"
 342      3D2833E3 
 342      345A1427 
 342      6D15DF3F 
 342      353FA225 
 343 09aa 50905B11 		.ascii	"P\220[\021\205\377\323\315\253\317\007\003\265\353\336"
 343      85FFD3CD 
 343      ABCF0703 
 343      B5EBDE
 344 09b9 FAF6BD9E 		.ascii	"\372\366\275\236uU\206Q\370\032\213\326\032\012wh_G"
 344      75558651 
 344      F81A8BD6 
 344      1A0A7768 
 344      5F47
 345 09cb C7B7BBCD 		.ascii	"\307\267\273\315\200\236\343\200\024R\353\220Z\2460"
 345      809EE380 
 345      1452EB90 
 345      5AA630
 346 09da DB1C98AD 		.ascii	"\333\034\230\255T\321|WmB\352\034\020\363ta\230\331"
 346      54D17C57 
 346      6D42EA1C 
 346      10F37461 
 346      98D9
 347 09ec 8A668F03 		.ascii	"\212f\217\003c\273RD\025\3151\007\304\272\001=S\210"
 347      63BB5244 
 347      15CD3107 
 347      C4BA013D 
 347      5388
 348 09fe 6F1C889D 		.ascii	"o\034\210\235\266\213\300y\245\250\310\201\261\235Q"
 348      B68BC079 
 348      A5A8C881 
 348      B19D51
 349 0a0d 3D8A669F 		.ascii	"=\212f\237\233F@\356(\310a\007d\215M\323M\205\251w`"
ARM GAS  /tmp/ccnyPuzU.s 			page 27


 349      9B4640EE 
 349      28C86107 
 349      648D4DD3 
 349      4D85A977 
 350 0a22 2EDAF626 		.ascii	".\332\366&eL\271\003\262\312\346\340\215\012\263\336"
 350      654CB903 
 350      B2CAE6E0 
 350      8D0AB3DE 
 351 0a32 815968BB 		.ascii	"\201Yh\273\005(H\225s*\2559(R\220\035\016\310z\233\301"
 351      05284895 
 351      732AAD39 
 351      2852901D 
 351      0EC87A9B 
 352 0a47 3B1466AD 		.ascii	";\024f\255\003\363\231\315\232\275\012\263\302\201)"
 352      03F399CD 
 352      9ABD0AB3 
 352      C28129
 353 0a56 B361A20A 		.ascii	"\263a\242\012s\302\201\311\267a\226+\314W\356\260\221"
 353      73C281C9 
 353      B761962B 
 353      CC57EEB0 
 353      91
 354 0a67 98730A53 		.ascii	"\230s\012S\354\300\330\357\220\245\012\363\265\003\263"
 354      ECC0D8EF 
 354      90A50AF3 
 354      B503B3
 355 0a76 DA761D53 		.ascii	"\332v\035S\220R\007\344O\226w\012\025d\267;\372\244"
 355      905207E4 
 355      4F96770A 
 355      1564B73B 
 355      FAA4
 356 0a88 A6550AB3 		.ascii	"\246U\012\263\3119W6k\216*\314\022\267*\211y\252\302"
 356      C9395736 
 356      6B8E2ACC 
 356      12B72A89 
 356      79AAC2
 357 0a9b 62BF0363 		.ascii	"b\277\003c\277\365^T<\005n\017\012\223\233\025d\276"
 357      BFF55E54 
 357      3C056E0F 
 357      0A939B15 
 357      64BE
 358 0aad DB3902B2 		.ascii	"\3339\002\262AA68 K\2553V\036A\307)42j\004\341\001\324"
 358      41413638 
 358      204BAD33 
 358      561E41C7 
 358      2934326A 
 359 0ac5 4461810E 		.ascii	"Da\201\016\255\024\346\350P\254\303\031\012O)\264P\270"
 359      AD14E6E8 
 359      50ACC319 
 359      0A4F29B4 
 359      50B8
 360 0ad7 4BA19342 		.ascii	"K\241\223B\017\205[\024\316Sh\246p\222\302<\035\316"
 360      0F855B14 
 360      CE5368A6 
 360      7092C23C 
 360      1DCE
 361 0ae9 528852E8 		.ascii	"R\210R\350\2420W\207Gx*Q\270H\341\011\205k\024^P8M\341"
ARM GAS  /tmp/ccnyPuzU.s 			page 28


 361      A2305787 
 361      47782A51 
 361      B848E109 
 361      856B145E 
 362 0b01 0A85D93A 		.ascii	"\012\205\331:\314\327!_\207\033\024\036R\230\251\303"
 362      CCD7215F 
 362      871B141E 
 362      5298A9C3 
 363 0b11 421D3A28 		.ascii	"B\035:(\\\240p\237\302\014\035\272)<\243\320N\241D\207"
 363      5CA0709F 
 363      C20C1DBA 
 363      293CA3D0 
 363      4EA14487 
 364 0b25 593ADCC3 		.ascii	"Y:\334\303\223\210B\241\016\227(\024\351\220\247\303"
 364      938842A1 
 364      0E972814 
 364      E990A7C3 
 365 0b35 750A3729 		.ascii	"u\0127),\322!W\007C\207\007\024\276\243p\225\3029\012"
 365      2CD22157 
 365      07438707 
 365      14BEA370 
 365      95C2390A 
 366 0b49 CF2914E8 		.ascii	"\317)\024\350p\212\302c\012\267)\\\246\362\006\366D"
 366      708AC263 
 366      0AB7295C 
 366      A6F206F6 
 366      44
 367 0b5a B9FAA073 		.ascii	"\271\372\240sZm\256\356R\230Cn\214\360\343.\345\307"
 367      5A6DAEEE 
 367      5298436E 
 367      8CF0E32E 
 367      E5C7
 368 0b6c 4FDDAB54 		.ascii	"O\335\253T\336|\025d\235{\221\242\246\032\366\345*0"
 368      DE7C1564 
 368      9D7B91A2 
 368      A61AF6E5 
 368      2A30
 369 0b7e 75F849E4 		.ascii	"u\370I\344\2341[pT(\236/\235\313\313\366\315\251 ;\335"
 369      9C315B70 
 369      54289E2F 
 369      9DCBCBF6 
 369      CDA9203B 
 370 0b93 2B595CC0 		.ascii	"+Y\\\300.\354\346\027\247\012\002\2639\304\374\346\234"
 370      2EECE617 
 370      A70A02B3 
 370      39C4FCE6 
 370      9C
 371 0ba4 65193C47 		.ascii	"e\031<G\261\354r\260\310;6\263w\276\262\027\357\246"
 371      B1EC72B0 
 371      C83B36B3 
 371      77BEB217 
 371      EFA6
 372 0bb6 BD7715F3 		.ascii	"\275w\025\363kH\321T8h\276\240\326\270;\252M\236Z\367"
 372      6B48D154 
 372      3868BEA0 
 372      D6B83BAA 
 372      4D9E5AF7 
ARM GAS  /tmp/ccnyPuzU.s 			page 29


 373 0bca 5E29ACE9 		.ascii	"^)\254\351V\223p\300\275&\004\244Ji\372\334\2759\011"
 373      569370C0 
 373      BD2604A4 
 373      4A69FADC 
 373      BD3909
 374 0bdd 835B94C1 		.ascii	"\203[\224\301\363\334[\2734x\251\242\331\356\336/$\346"
 374      F3DC5BBB 
 374      3478A9A2 
 374      D9EEDE2F 
 374      24E6
 375 0bef 98C22C74 		.ascii	"\230\302,tO\224P\265I\251\302O\366\336\343\026\220\006"
 375      4F9450B5 
 375      49A9C24F 
 375      F6DEE316 
 375      9006
 376 0c01 05F9C4C1 		.ascii	"\005\371\304\301\262\310\346\232u\012\323\015\256\351"
 376      B2C8E69A 
 376      750AD30D 
 376      AEE9
 377 0c0f 96D6D429 		.ascii	"\226\326\324)k\2269W\261m\032V*\314f\367\336$\374\327"
 377      6B963957 
 377      B16D1A56 
 377      2ACC66F7 
 377      DE24FCD7 
 378 0c23 AA2073DD 		.ascii	"\252 s\335g\271\260\270ZY\263\3301\341\253m\026\227"
 378      67B9B0B8 
 378      5A59B3D8 
 378      31E1AB6D 
 378      1697
 379 0c35 29CC4C07 		.ascii	")\314L\007\246\322\012\255=J\323J\367\021! \267\324"
 379      A6D20AAD 
 379      3D4AD34A 
 379      F7112120 
 379      B7D4
 380 0c47 7C1F751F 		.ascii	"|\037u\037\215R\323\\\245\251\332\035\241r\334/\024"
 380      8D52D35C 
 380      A5A9DA1D 
 380      A172DC2F 
 380      14
 381 0c58 CF5EF71D 		.ascii	"\317^\367\035F\362\324*\236\345n\377\011sn+\232#\356"
 381      46F2D42A 
 381      9EE56EFF 
 381      09736E2B 
 381      9A23EE
 382 0c6b 0B8A80AC 		.ascii	"\013\212\200\254P\203\332B]\343\226\326\354T\2305\324"
 382      5083DA42 
 382      5DE396D6 
 382      EC549835 
 382      D4
 383 0c7c E53FE1E2 		.ascii	"\345?\341\342\033j-4\270\3560\346_<\024\313F\367\256"
 383      1B6A2D34 
 383      B8EE30E6 
 383      5F3C14CB 
 383      46F7AE
 384 0c8f 2DFFD2A3 		.ascii	"-\377\322\243 \213\335\241\345\327\350qvc$K\213g~\356"
 384      208BDDA1 
 384      E5D7E871 
ARM GAS  /tmp/ccnyPuzU.s 			page 30


 384      7663244B 
 384      8B677EEE 
 385 0ca3 7DB9F726 		.ascii	"}\271\367&\017\237\350\377\237\266y\034\347\326\205"
 385      0F9FE8FF 
 385      9FB6791C 
 385      E7D685
 386 0cb2 73E7F9AC 		.ascii	"s\347\371\254/\224\305\272u\354\352\232F[\2713\276*"
 386      2F94C5BA 
 386      75ECEA9A 
 386      465BB933 
 386      BE2A
 387 0cc4 597FCED3 		.ascii	"Y\177\316\323\017\235\321:\003A\352\207\217%:\244\363"
 387      0F9DD13A 
 387      0341EA87 
 387      8F253AA4 
 387      F3
 388 0cd5 DF3D97D3 		.ascii	"\337=\227\323\330\222=e7\275\276\277\001\300\177F\257"
 388      D8923D65 
 388      37BDBEBF 
 388      01C07F46 
 388      AF
 389 0ce6 DF77D0FD 		.ascii	"\337w\320\375\330i\231\016\313\365\\\303(?0{\301\352"
 389      D869990E 
 389      CBF55CC3 
 389      283F307B 
 389      C1EA
 390 0cf8 9458ACC3 		.ascii	"\224X\254\303B\017\373a\363\277\001\013\354g\256\272"
 390      420FFB61 
 390      F3BF010B 
 390      EC67AEBA 
 391 0d08 630B3C96 		.ascii	"c\013<\226-\365\326\3572e\272\370\331\266\247\361^\254"
 391      2DF5D6EF 
 391      3265BAF8 
 391      D9B6A7F1 
 391      5EAC
 392 0d1a 05B0FD70 		.ascii	"\005\260\375p\263B\000\026\234\253/\240\026\340\234"
 392      B3420016 
 392      9CAB2FA0 
 392      16E09C
 393 0d29 0558C9FE 		.ascii	"\005X\311\376CG\302\304i\223\377\370\366\320\311\303"
 393      4347C2C4 
 393      6993FFF8 
 393      F6D0C9C3 
 394 0d39 264F9C34 		.ascii	"&O\2344\345\227\221\351\331\277|7[\353\2279uZN\326G"
 394      E59791E9 
 394      D9BF7C37 
 394      5BEB9739 
 394      755A4ED6 
 395 0d4e 43272725 		.ascii	"C''%i\276\360\307\323s\262&\247M\231\224\363\213a\303"
 395      69BEF0C7 
 395      D373B226 
 395      A74D9994 
 395      F38B61C3 
 396 0d62 12A747DE 		.ascii	"\022\247G\336O\234\23639)\220\030L\017\247\205\023\247"
 396      4F9C9E33 
 396      39299018 
 396      4C0FA785 
ARM GAS  /tmp/ccnyPuzU.s 			page 31


 396      13A7
 397 0d74 4FCB4C9C 		.ascii	"O\313L\234\316\021\023x\365\207\277\372\350\243a\231"
 397      CE111378 
 397      F587BFFA 
 397      E8A36199 
 398 0d84 DE5FBF33 		.ascii	"\336_\2773np\320\377\226\366V\342\344)9\211\231\211"
 398      6E70D0FF 
 398      96F656E2 
 398      E4293989 
 398      9989
 399 0d96 3993B313 		.ascii	"9\223\263\023#\223\262?\230:\371\375\211\2119\323\246"
 399      2393B23F 
 399      983AF9FD 
 399      898939D3 
 399      A6
 400 0da7 664FCA1C 		.ascii	"fO\312\034\356\037*{\014\375p\372\037\206F\262\376\370"
 400      EE1F2A7B 
 400      0CFD70FA 
 400      1F8646B2 
 400      FEF8
 401 0db9 FEA49CA1 		.ascii	"\376\244\234\241\357\376g\342\304\354l\355\357\377\327"
 401      EFFE67E2 
 401      C4EC6CED 
 401      EFFFD7
 402 0dc8 AAB45784 		.ascii	"\252\264W\204\201\301\251\323\262\202\037L\315|\177"
 402      81C1A9D3 
 402      B2821F4C 
 402      CD7C7F
 403 0dd7 5C766462 		.ascii	"\\vdbN\326\000\354\022\2328\345\337\263\306N\374\303"
 403      4ED600EC 
 403      129A38E5 
 403      DFB3C64E 
 403      FCC3
 404 0de9 0759DE0F 		.ascii	"\007Y\336\017'M\311I\012L\310\211\357\005\366\260\206"
 404      274DC949 
 404      0A4CC889 
 404      EF05F6B0 
 404      86
 405 0dfa B727E40C 		.ascii	"\267'\344\014R\277\265\023\252\307z\274q\003\222G\217"
 405      52BFB513 
 405      AAC77ABC 
 405      71039247 
 405      8F
 406 0e0b CC989635 		.ascii	"\314\230\2265=S\3647\233\006$g\330\252cS\202\301\264"
 406      3D53F437 
 406      9B062467 
 406      D8AA6353 
 406      82C1B4
 407 0e1e F0EFBC2C 		.ascii	"\360\357\274,I\037\237\034\214\301L\370w\036|\263\222"
 407      491F9F1C 
 407      8CC14CF8 
 407      771E7CB3 
 407      92
 408 0e2f 4CC7616D 		.ascii	"L\307am\032\257\345\030O\032O\307\305\205F\205G\205"
 408      1AAFE518 
 408      4F1A4FC7 
 408      C5854685 
ARM GAS  /tmp/ccnyPuzU.s 			page 32


 408      4785
 409 0e41 C68F4A79 		.ascii	"\306\217Jy\223\325$\217\031c\325\374*&}|j(\300\337~"
 409      93D5248F 
 409      1963D5FC 
 409      2A267D7C 
 409      6A28C0DF 
 410 0e56 FE1EAEDA 		.ascii	"\376\036\256\332\376A\017\217M\013\251b\222\036NM\016"
 410      FE410F8F 
 410      4D0BA962 
 410      921E4E4D 
 410      0E
 411 0e67 E12B6CD5 		.ascii	"\341+l\325\275\025\363N89\030\212\011f\340;6\030\016"
 411      BD15F34E 
 411      3839188A 
 411      0966E03B 
 411      36180E
 412 0e7a 8F1A8349 		.ascii	"\217\032\203I0\234\226\022\242\301\261X?\006s\236\264"
 412      309C9612 
 412      A2C1B158 
 412      3F06739E 
 412      B4
 413 0e8b 940969E1 		.ascii	"\224\011i\341d\236\246\247\247\206b1M\026I\212H2RCz"
 413      649EA6A7 
 413      A7866231 
 413      4D16498A 
 413      48325243 
 414 0ea0 32F2EA23 		.ascii	"2\362\352#QC\014bPO\012+\217f\257 \276b\302\243\203"
 414      51430C62 
 414      504F0A2B 
 414      8F66AF20 
 414      BE62C2A3 
 415 0eb5 980D8FCE 		.ascii	"\230\015\217\316@\342`\210\206QirZ(\030\322\307\217"
 415      40E26088 
 415      86516972 
 415      5A2818D2 
 415      C78F
 416 0ec7 FDE7909E 		.ascii	"\375\347\220\236\206\215h\304\270\264\224\330\221\031"
 416      868D68C4 
 416      B8B494D8 
 416      9119
 417 0ed5 6C843FEB 		.ascii	"l\204?\353cR'M\311L\304h\313\232\220\211\3016\354=\315"
 417      6352274D 
 417      C94CC468 
 417      CB9A9089 
 417      C136EC3D 
 418 0eea 1B0E8E9C 		.ascii	"\033\016\216\2340\366\343\354,OxT0\230\372\353\220\327"
 418      30F6E3EC 
 418      2C4F7854 
 418      3098FAEB 
 418      90D7
 419 0efc 1C1665BA 		.ascii	"\034\026e\272F\246\004C>\263\306\357\307a\245e\204\222"
 419      46A60443 
 419      3EB3C6EF 
 419      C761A565 
 419      8492
 420 0f0e 44121089 		.ascii	"D\022\020\211\337j\037\036\033\016\245$\247[\256\371"
 420      DF6A1F1E 
ARM GAS  /tmp/ccnyPuzU.s 			page 33


 420      1B0EA524 
 420      A75BAEF9 
 421 0f1e C7389CBF 		.ascii	"\3078\234\277\244p\372\250wB,\027\3409\037\346\374<"
 421      A470FAA8 
 421      77422C17 
 421      E0391FE6 
 421      FC3C
 422 0f30 17B0B27E 		.ascii	"\027\260\262~\325\347\3558\014\205$\211\034-\373\004"
 422      D5E7ED38 
 422      0C852489 
 422      1C2DFB04 
 423 0f40 ACAC9FB5 		.ascii	"\254\254\237\265\213N\036\306.\323\000\246^F\307\320"
 423      8B4E1EC6 
 423      2ED300A6 
 423      5E46C7D0 
 424 0f50 66C6EF61 		.ascii	"f\306\357a\\\274e4G\004\314\014o\361\313>I\241\360X"
 424      5CBC6534 
 424      4704CC0C 
 424      6FF1CB3E 
 424      49A1F058 
 425 0f64 9E09B00C 		.ascii	"\236\011\260\014\263\324\3172\001\225\363\263nI\242"
 425      B3D4CF32 
 425      0195F3B3 
 425      6E49A2
 426 0f73 71B44005 		.ascii	"q\264@\005T\2167r\230\036L\013\262W*{\215\262\334\020"
 426      548E3772 
 426      981E4C0B 
 426      B2572A7B 
 426      8DB2DC10 
 427 0f87 88CB1833 		.ascii	"\210\313\0303&)5\204\361\341e\271\224\264\361!V\025"
 427      26293584 
 427      F1E165B9 
 427      94B4F121 
 427      5615
 428 0f99 505501B3 		.ascii	"PU\001\263\312\257\252"
 428      CAAFAA
 429 0fa0 FCAC8AC3 		.ascii	"\374\254\212\303\371\2640\220\231\361\263L\014{%\361"
 429      F9B43090 
 429      99F1B34C 
 429      0C7B25F1 
 430 0fb0 7780BF2D 		.ascii	"w\200\277-\027\372c\202!\014\213X\214\210 \316\026O"
 430      17FA6382 
 430      210C8B58 
 430      8C8820CE 
 430      164F
 431 0fc2 0222B140 		.ascii	"\002\"\261@\303\011\323\023J\033\317\372\276\331G\250"
 431      C309D313 
 431      4A1BCFFA 
 431      BED947A8 
 432 0fd2 E00E3129 		.ascii	"\340\0161)3+1<6=)0\016\327>\217\035\271\023$\261\275"
 432      332B313C 
 432      363D2930 
 432      0ED73E8F 
 432      1DB91324 
 433 0fe8 E03DAD5F 		.ascii	"\340=\255_(\030\344\321\223\222\365\256\347\335\017"
 433      2818E4D1 
 433      9392F5AE 
ARM GAS  /tmp/ccnyPuzU.s 			page 34


 433      E7DD0F
 434 0ff7 A64ECC99 		.ascii	"\246N\314\231\220\363?\305\001"
 434      90F33FC5 
 434      01
 435 1000 E96D     		.ascii	"\351m"
 436              		.text
 437              		.section	.gnu.lto_.symtab.fc33d874c7e405fe,"e",%progbits
 438 0000 53797374 		.ascii	"SystemInit\000"
 438      656D496E 
 438      697400
 439 000b 00       		.ascii	"\000"
 440 000c 00       		.ascii	"\000"
 441 000d 00       		.ascii	"\000"
 442 000e 00000000 		.ascii	"\000\000\000\000\000\000\000\000"
 442      00000000 
 443 0016 BC000000 		.ascii	"\274\000\000\000"
 444 001a 53797374 		.ascii	"SystemCoreClockUpdate\000"
 444      656D436F 
 444      7265436C 
 444      6F636B55 
 444      70646174 
 445 0030 00       		.ascii	"\000"
 446 0031 00       		.ascii	"\000"
 447 0032 00       		.ascii	"\000"
 448 0033 00000000 		.ascii	"\000\000\000\000\000\000\000\000"
 448      00000000 
 449 003b BE000000 		.ascii	"\276\000\000\000"
 450 003f 4D534952 		.ascii	"MSIRangeTable\000"
 450      616E6765 
 450      5461626C 
 450      6500
 451 004d 00       		.ascii	"\000"
 452 004e 00       		.ascii	"\000"
 453 004f 00       		.ascii	"\000"
 454 0050 00000000 		.ascii	"\000\000\000\000\000\000\000\000"
 454      00000000 
 455 0058 CD000000 		.ascii	"\315\000\000\000"
 456 005c 53797374 		.ascii	"SystemCoreClock\000"
 456      656D436F 
 456      7265436C 
 456      6F636B00 
 457 006c 00       		.ascii	"\000"
 458 006d 00       		.ascii	"\000"
 459 006e 00       		.ascii	"\000"
 460 006f 00000000 		.ascii	"\000\000\000\000\000\000\000\000"
 460      00000000 
 461 0077 D0000000 		.ascii	"\320\000\000\000"
 462 007b 41484250 		.ascii	"AHBPrescTable\000"
 462      72657363 
 462      5461626C 
 462      6500
 463 0089 00       		.ascii	"\000"
 464 008a 00       		.ascii	"\000"
 465 008b 00       		.ascii	"\000"
 466 008c 00000000 		.ascii	"\000\000\000\000\000\000\000\000"
 466      00000000 
 467 0094 DC000000 		.ascii	"\334\000\000\000"
ARM GAS  /tmp/ccnyPuzU.s 			page 35


 468 0098 41504250 		.ascii	"APBPrescTable\000"
 468      72657363 
 468      5461626C 
 468      6500
 469 00a6 00       		.ascii	"\000"
 470 00a7 00       		.ascii	"\000"
 471 00a8 00       		.ascii	"\000"
 472 00a9 00000000 		.ascii	"\000\000\000\000\000\000\000\000"
 472      00000000 
 473 00b1 E5000000 		.ascii	"\345\000\000\000"
 474              		.text
 475              		.section	.gnu.lto_.ext_symtab.fc33d874c7e405fe,"e",%progbits
 476 0000 01       		.ascii	"\001"
 477 0001 01       		.ascii	"\001"
 478 0002 00       		.ascii	"\000"
 479 0003 01       		.ascii	"\001"
 480 0004 00       		.ascii	"\000"
 481 0005 02       		.ascii	"\002"
 482 0006 00       		.ascii	"\000"
 483 0007 02       		.ascii	"\002"
 484 0008 00       		.ascii	"\000"
 485 0009 02       		.ascii	"\002"
 486 000a 00       		.ascii	"\000"
 487 000b 02       		.ascii	"\002"
 488 000c 00       		.ascii	"\000"
 489              		.text
 490              		.section	.gnu.lto_.opts,"e",%progbits
 491 0000 272D666E 		.ascii	"'-fno-openmp' '-fno-openacc' '-fno-pie' '-fcf-prote"
 491      6F2D6F70 
 491      656E6D70 
 491      2720272D 
 491      666E6F2D 
 492 0033 6374696F 		.ascii	"ction=none' '-mcpu=cortex-m33' '-mthumb' '-mfpu=fpv"
 492      6E3D6E6F 
 492      6E652720 
 492      272D6D63 
 492      70753D63 
 493 0066 342D7370 		.ascii	"4-sp-d16' '-mfloat-abi=hard' '-mlibarch=armv8-m.mai"
 493      2D643136 
 493      2720272D 
 493      6D666C6F 
 493      61742D61 
 494 0099 6E2B6473 		.ascii	"n+dsp+fp' '-march=armv8-m.main+dsp+fp' '-Os' '-flto"
 494      702B6670 
 494      2720272D 
 494      6D617263 
 494      683D6172 
 495 00cc 2720272D 		.ascii	"' '-fdata-sections' '-ffunction-sections' '-Xassemb"
 495      66646174 
 495      612D7365 
 495      6374696F 
 495      6E732720 
 496 00ff 6C657227 		.ascii	"ler' '-a' '-Xassembler' '-ad' '-Xassembler' '-alms="
 496      20272D61 
 496      2720272D 
 496      58617373 
 496      656D626C 
ARM GAS  /tmp/ccnyPuzU.s 			page 36


 497 0132 6275696C 		.ascii	"build/../sdk/stm32/CMSIS/src/system_stm32u5xx.lst'\000"
 497      642F2E2E 
 497      2F73646B 
 497      2F73746D 
 497      33322F43 
 498              		.text
 499              		.comm	__gnu_lto_slim,1,1
 500              		.ident	"GCC: (15:10.3-2021.07-4) 10.3.1 20210621 (release)"
ARM GAS  /tmp/ccnyPuzU.s 			page 37


DEFINED SYMBOLS
                            *ABS*:0000000000000000 system_stm32u5xx.c
                            *COM*:0000000000000001 __gnu_lto_slim

NO UNDEFINED SYMBOLS
