ARM GAS  /tmp/ccVESCIt.s 			page 1


   1              		.cpu cortex-m33
   2              		.eabi_attribute 27, 1
   3              		.eabi_attribute 28, 1
   4              		.eabi_attribute 20, 1
   5              		.eabi_attribute 21, 1
   6              		.eabi_attribute 23, 3
   7              		.eabi_attribute 24, 1
   8              		.eabi_attribute 25, 1
   9              		.eabi_attribute 26, 1
  10              		.eabi_attribute 30, 4
  11              		.eabi_attribute 34, 1
  12              		.eabi_attribute 18, 4
  13              		.file	"stm32u5xx_hal_rng_ex.c"
  14              		.section	.gnu.lto_.profile.ffa5d2687ab95123,"e",%progbits
  15 0000 789C6362 		.ascii	"x\234cb\000\001\000\000\022\000\003"
  15      00010000 
  15      120003
  16              		.text
  17              		.section	.gnu.lto_.icf.ffa5d2687ab95123,"e",%progbits
  18 0000 789C3362 		.ascii	"x\2343b@\000\016\206\315\367\327\256\347b\374\331z\365"
  18      40000E86 
  18      CDF7D7AE 
  18      E762FCD9 
  18      7AF5
  19 0012 242BD3A9 		.ascii	"$+\323\251\303[\34723/\2310o\016\027\313\333\376\307"
  19      C35BE732 
  19      332F9930 
  19      6F0E17CB 
  19      DBFEC7
  20 0025 97785917 		.ascii	"\227xY\027n\273\274\212\225m\346\257\313\223\231\330"
  20      6EBBBC8A 
  20      956DE6AF 
  20      CB9399D8 
  21 0035 C1240300 		.ascii	"\301$\003\000g\203\027\327"
  21      678317D7 
  22              		.text
  23              		.section	.gnu.lto_.ipa_sra.ffa5d2687ab95123,"e",%progbits
  24 0000 789CDBC7 		.ascii	"x\234\333\307\200\000\034\014L`j\0113\303\022fF\006"
  24      80001C0C 
  24      4C606A09 
  24      33C31266 
  24      4606
  25 0012 16460883 		.ascii	"\026F\010\203\005\306\340\2001x`\014\001\030C\004\306"
  25      05C6E080 
  25      3178600C 
  25      01184304 
  25      C6
  26 0023 90803164 		.ascii	"\220\2001dX\030\031\030X\230A\00622\301l`fb\004S\314"
  26      58181918 
  26      58984106 
  26      3232C16C 
  26      60666204 
  27 0039 100AA800 		.ascii	"\020\012\250\000Y\252\201\005\250\266\021H0\261b\027"
  27      59AA8105 
  27      A8B61148 
  27      30B16217 
  28 0049 66836863 		.ascii	"f\203hc\004\0131\261\243\360\030\000\216M\017Q"
ARM GAS  /tmp/ccVESCIt.s 			page 2


  28      040B31B1 
  28      A3F01800 
  28      8E4D0F51 
  29              		.text
  30              		.section	.gnu.lto_.inline.ffa5d2687ab95123,"e",%progbits
  31 0000 789CBD94 		.ascii	"x\234\275\224\317k\023A\024\307\277\363\336lv[#\215"
  31      CF6B1341 
  31      14C7BFF3 
  31      DE6C765B 
  31      238D
  32 0012 373D08B9 		.ascii	"7=\010\271\372\037(\364\220\243\247\374\015M\2236\240"
  32      FA1F28F4 
  32      90A3A7FC 
  32      0D4D9336 
  32      A0
  33 0023 17BD7992 		.ascii	"\027\275y\222m%\"\005K\324z\260H\211$\207B)\210\224"
  33      6D252205 
  33      4BD47AB0 
  33      48892487 
  33      42298894 
  34 0037 D28268C5 		.ascii	"\322\202h\305**\"\036\224\236\004E\024\005\301\223\340"
  34      2A2A221E 
  34      949E0445 
  34      1405C193 
  34      E0
  35 0048 0FA8BE37 		.ascii	"\017\250\2767\351\316lk\255\267.d\362\375\276\367v\346"
  35      E9CE6C6B 
  35      ADB72E64 
  35      F2FDBEF7 
  35      76E6
  36 005a 7D667677 		.ascii	"}fvw8\202\277\022\340\304\302\364\313E:m\006`zL`\300"
  36      3882BF12 
  36      E0C4C2F4 
  36      CB453A6D 
  36      06607A4C 
  37 0070 88007824 		.ascii	"\210\000x$\023\251\311T\307+_U\316D%\023k\276\350\255"
  37      13A9C954 
  37      C72B5F55 
  37      CE442513 
  37      6BBEE8AD 
  38 0084 C191E1A7 		.ascii	"\301\221\341\247w[St\012(\316\256\267.\3618\201`R\271"
  38      775B5374 
  38      0A28CEAE 
  38      B72EF138 
  38      816052B9 
  39 0098 689460BD 		.ascii	"h\224`\275\206\015\321$D\223\020-\205h\011\344T\035"
  39      860DD124 
  39      4493102D 
  39      856809E4 
  39      541D
  40 00aa 8743BE1C 		.ascii	"\207C\276\034\362e\237?\036\362\025aS\315uT|\376\\\310"
  40      F2659F3F 
  40      1EF21561 
  40      53CD7554 
  40      7CFE5CC8 
  41 00be A7261408 		.ascii	"\247&\024\010qV\361\335\344J(WB\241\204s%9\2444\307"
  41      7156F1DD 
ARM GAS  /tmp/ccVESCIt.s 			page 3


  41      E44A2857 
  41      42A18473 
  41      2539A434 
  42 00d3 94E6A052 		.ascii	"\224\346\240R\331u\320\001\270\321\310hpT2k\3344\306"
  42      D975D001 
  42      B8D1C868 
  42      7054326B 
  42      DC34C6
  43 00e6 1F823D26 		.ascii	"\037\202=&\241'\324\004\206Dtx\354\337\033'\323`\300"
  43      A127D404 
  43      86447478 
  43      ECDF1B27 
  43      D360C0
  44 00f9 B9F1FC04 		.ascii	"\271\361\374\004\211\013\215\311!\273\226\033{M\300"
  44      890B8DC9 
  44      21BB961B 
  44      7B4DC0
  45 0108 18FC35BF 		.ascii	"\030\3745\277r\235\232\002^\370\322}\367\232\032r__"
  45      729D9A02 
  45      5EF8D27D 
  45      F79A1A72 
  45      5F5F
  46 011a E87D5251 		.ascii	"\350}RQ\324F\333U\213\241\371\313\253\367d\251\030g"
  46      D446DB55 
  46      8BA1F9CB 
  46      ABF764A9 
  46      1867
  47 012c 7BCC5759 		.ascii	"{\314WY\006\007!\316\252\263\352p\246\307\221\272\202"
  47      060721CE 
  47      AAB3EA70 
  47      A6C791BA 
  47      82
  48 013d 317C125A 		.ascii	"1|\022Z\032\231e'\245AF\377\371\321\245\325\027 \011"
  48      1A996527 
  48      A54146FF 
  48      F9D1A5D5 
  48      172009
  49 0150 D99509E9 		.ascii	"\331\225\011\351\350<P\230\324\316\334\302\3265\331"
  49      E83C5098 
  49      D4CEDCC2 
  49      D635D9
  50 015f 9023B39F 		.ascii	"\220#\263\237\326ow\271n\345pd_o\276y\260A\265\304\352"
  50      D66F77B9 
  50      6EE57064 
  50      5F6FBE79 
  50      B041B5C4 
  51 0174 A1E8183D 		.ascii	"\241\350\030=\234\271\263\310\365\304:\017\263\321\331"
  51      9CB9B3C8 
  51      F5C43A0F 
  51      B3D1D9
  52 0183 BC42B5B2 		.ascii	"\274B\265\262\246\334\020\002\352eU{\020(\211\242v\265"
  52      A6DC1002 
  52      EA65557B 
  52      102889A2 
  52      76B5
  53 0195 5D8D7068 		.ascii	"]\215ph\2667\267)P\211\2032K\246\017\024+B\354\201\266"
  53      B637B729 
ARM GAS  /tmp/ccVESCIt.s 			page 4


  53      50898332 
  53      4BA60F14 
  53      2B42EC81 
  54 01aa 08768789 		.ascii	"\010v\207\211\3630*\022}\207\006\003\325\304\177\251"
  54      F3302A12 
  54      7D870603 
  54      D5C47FA9 
  55 01ba E676523D 		.ascii	"\346vR=\336Nu\253\265\362\210G\034Pj\335\037\377\270"
  55      DE4E75AB 
  55      B5F28847 
  55      1C506ADD 
  55      1FFFB8
  56 01cd 30F58A46 		.ascii	"0\365\212F\225\311E\266\325\364\311}`7\362\002\212\337"
  56      95C945B6 
  56      D5F4C97D 
  56      6037F202 
  56      8ADF
  57 01df 7E7E7D26 		.ascii	"~~}&\344Q \337\233\3253\306\001-\375\013M\276\013\237"
  57      E45120DF 
  57      9BD533C6 
  57      012DFD0B 
  57      4DBE0B9F 
  58 01f3 15AD262D 		.ascii	"\025\255&-T\024era\372\"5\254\030\230\217\327>\314P"
  58      54146572 
  58      61FA2235 
  58      AC18988F 
  58      D73ECC50 
  59 0207 AD2461FD 		.ascii	"\255$a\375y+n\353IS\220v5F\361\367\373\033\335}nn\351"
  59      792B6EEB 
  59      49539076 
  59      3546F1F7 
  59      FB1BDD7D 
  60 021e F9FD17B9 		.ascii	"\371\375\027\271\3462\273\2639\374\001\3673\033\371"
  60      E632BBB3 
  60      39FC01F7 
  60      331BF9
  61              		.text
  62              		.section	.gnu.lto_.jmpfuncs.ffa5d2687ab95123,"e",%progbits
  63 0000 789C7BC4 		.ascii	"x\234{\304\200\000\034\014L\214\214\314\365K\230A\230"
  63      80001C0C 
  63      4C8C8CCC 
  63      F54B9841 
  63      98
  64 0011 85818111 		.ascii	"\205\201\201\021\211\313\016d3\202\330\314P\232\211"
  64      89CB0E64 
  64      3382D8CC 
  64      509A89
  65 0020 A50EA885 		.ascii	"\245\016\250\205\361\000\013#\003\020\377\007\002~\006"
  65      F1000B23 
  65      0310FF07 
  65      027E06
  66 002f 1664FD2C 		.ascii	"\026d\375,@\005\214\350\012\352\030\321\205X\221-!R"
  66      40058CE8 
  66      0AEA18D1 
  66      8558912D 
  66      2152
  67 0041 0F1B921B 		.ascii	"\017\033\222\033\320\345\330\361\3101\000\000\310\315"
ARM GAS  /tmp/ccVESCIt.s 			page 5


  67      D0E5D8F1 
  67      C8310000 
  67      C8CD
  68 004f 39E3     		.ascii	"9\343"
  69              		.text
  70              		.section	.gnu.lto_.pureconst.ffa5d2687ab95123,"e",%progbits
  71 0000 789C05C1 		.ascii	"x\234\005\301\201\001\000 \010\303\260\241U|\201\327"
  71      81010020 
  71      08C3B0A1 
  71      557C81D7 
  72 0010 7BADC924 		.ascii	"{\255\311$y\221\222%[\220#WZ>BN\005."
  72      79919225 
  72      5B902357 
  72      5A3E424E 
  72      052E
  73              		.text
  74              		.section	.gnu.lto_.lto.ffa5d2687ab95123,"e",%progbits
  75 0000 09000400 		.ascii	"\011\000\004\000\001\000\000\000"
  75      01000000 
  76              		.text
  77              		.section	.gnu.lto_HAL_RNGEx_SetConfig.160.ffa5d2687ab95123,"e",%progbits
  78 0000 789C6590 		.ascii	"x\234e\220OHTQ\024\306\317w\357}\357\2153\"\255ZH\213"
  78      4F485451 
  78      14C6CF77 
  78      EF7DEF8D 
  78      3322AD5A 
  79 0016 76E1627C 		.ascii	"v\341b|\346$\255\002\243\026-je\255\007\0335\007\035"
  79      E624AD02 
  79      A3162D6A 
  79      65AD071B 
  79      35071D
  80 0029 1D66469B 		.ascii	"\035fF\233M\370\374\227Q\224\215-\2040\241\351am\244"
  80      4DF8FC97 
  80      51948D2D 
  80      8430A1E9 
  80      616DA4
  81 003c 44D2F10F 		.ascii	"D\322\361\0171(.\002\203\322U\355\302([d\242\2206\004"
  81      31282E02 
  81      83D255ED 
  81      C2285B64 
  81      A2903604 
  82 0050 75DE9D69 		.ascii	"u\336\235i Z\334\3139\347\376\356\367\335\373\035\023"
  82      205ADCCB 
  82      39E7FEEE 
  82      F7DDFB1D 
  82      13
  83 0061 44034494 		.ascii	"D\003D\224\344\005\037a,s[\220\3438\215\226\020#\231"
  83      E4051F61 
  83      2C735B90 
  83      E3388D96 
  83      102399
  84 0074 3B024B98 		.ascii	";\002K\230=x\035P\203\231\2527\267\346N)\311\323\200"
  84      3D781D50 
  84      8399AA37 
  84      B7E64E29 
  84      C9D380
  85 0087 9E0C9526 		.ascii	"\236\014\225&J\014g\002\237F\012\225\352f\246j\342p"
ARM GAS  /tmp/ccVESCIt.s 			page 6


  85      4A0C6702 
  85      9F460A95 
  85      EA66A66A 
  85      E270
  86 0099 38A40C8C 		.ascii	"8\244\014\214\373\212\032&\3063~]Y\350/U\240>!\225a"
  86      FB8A1A26 
  86      C6337E5D 
  86      59E82F55 
  86      A03E2195 
  87 00ae 5AE8137D 		.ascii	"Z\350\023}\017dM\336q\016\327&\247\267\374\017\237\345"
  87      0F644DDE 
  87      710ED726 
  87      A7B7FC0F 
  87      9FE5
  88 00c0 E14AA249 		.ascii	"\341J\242II\010\241\216\037D\023\022c\322\225\200*U"
  88      4908A18E 
  88      1F441312 
  88      63D29580 
  88      2A55
  89 00d2 02C7B992 		.ascii	"\002\307\271\222i:\301\327\336\026r\216SA\256\224\230"
  89      693AC1D7 
  89      DE16728E 
  89      5341AE94 
  89      98
  90 00e3 87776B0E 		.ascii	"\207wk\016x\011\362\006\336My\243H-\014\2168G\224+\025"
  90      7809F206 
  90      DE4D79A3 
  90      482D0C8E 
  90      3847942B 
  91 00f8 16FEA514 		.ascii	"\026\376\245\024;\230\332\317\373<\257\347\033F\336"
  91      3B98DACF 
  91      FB3CAFE7 
  91      1B46DE
  92 0107 F9F57BD4 		.ascii	"\371\365{\324q\016\252?\346\002~0d(\336\310\340\315"
  92      710EAA3F 
  92      E6027E30 
  92      6428DEC8 
  92      E0CD
  93 0119 34811C2C 		.ascii	"4\201\034,`\221\331QI\357\236N\317\0108y\242\373R\024"
  93      6091D951 
  93      49EF9E4E 
  93      CF083879 
  93      A2FB5214 
  94 012d 9B7E6EBE 		.ascii	"\233~n\276bh{u\377\356QN.+M\357\321\322\323&\017\223"
  94      62687B75 
  94      FFEE514E 
  94      2E2B4DEF 
  94      D1D2D326 
  95 0143 CB5BF70A 		.ascii	"\313[\367\012\3600hl\221\021\313CT\031Q\373S\337\327"
  95      F030686C 
  95      9111CB43 
  95      541951FB 
  95      53DFD7
  96 0156 35423B58 		.ascii	"5B;XY\376\371mFf%\370;S\340\370|\256\264X\025\313\240"
  96      59FEF96D 
  96      466625F8 
  96      3B53E0F8 
ARM GAS  /tmp/ccVESCIt.s 			page 7


  96      7CAEB458 
  97 016d BAC7BAF5 		.ascii	"\272\307\272\365\341\025\036\351\037h\305\352l1(\037"
  97      E1151EE9 
  97      1F68C5EA 
  97      6C31281F 
  98 017d 5012345E 		.ascii	"P\0224^\254/\325h\275]\030Yi\014A\270\262b\322{\024"
  98      AC2FD568 
  98      BD5D1859 
  98      690C41B8 
  98      B262D27B 
  99 0192 2BB1BF2B 		.ascii	"+\261\277+\375\0324W?\314>);\357\345\276l\030\177m\267"
  99      FD1A3457 
  99      3FCC3E29 
  99      3BEFE5BE 
  99      6C187F6D 
 100 01a7 2BFFF30D 		.ascii	"+\377\363\015`\205}Y\304s\013@i\011k\263\034\303\036"
 100      60857D59 
 100      C4730B40 
 100      69096BB3 
 100      1CC31E
 101 01ba 061AD9C0 		.ascii	"\006\032\331\300\233\027\240<\210\000\2713\277\353\323"
 101      9B17A03C 
 101      8800B933 
 101      BFEBD3
 102 01c9 C1189C2B 		.ascii	"\301\030\234+\326`\376x\257\270\347J|>\315\241b\263"
 102      D660FE78 
 102      AFB8E74A 
 102      7C3ECDA1 
 102      62B3
 103 01db 1C2AD169 		.ascii	"\034*\321i;\326\225\262#v*\026\267[\242\361\316\356"
 103      3BD695B2 
 103      23762A16 
 103      B75BA2F1 
 103      CEEE
 104 01ed 5847B39D 		.ascii	"XG\263\235Jt\307\243\221\272\223\301d*\026\252\357i"
 104      4A74C7A3 
 104      91BA93C1 
 104      642A16AA 
 104      EF69
 105 01ff 08F624AF 		.ascii	"\010\366$\257\006[Z{;\242\251`\333u\2739\036\2473\265"
 105      065B5A7B 
 105      3BA2A960 
 105      DB75BB39 
 105      1EA733B5 
 106 0213 B576B2A5 		.ascii	"\265v\262\245\303\326\204\335t\371R\250\376JC:\035\276"
 106      C3D684DD 
 106      74F952A8 
 106      FE4A433A 
 106      1DBE
 107 0225 70F662F8 		.ascii	"p\366b\370|\"\332\333\232\260\233\022\021\273$\300\007"
 107      7C22DADB 
 107      9AB09B12 
 107      11BB24C0 
 107      07
 108 0236 EDCD9DE1 		.ascii	"\355\315\235\341D\327\265pk\2726B\252\235K#~\256\273"
 108      44D7B570 
 108      6BBA3642 
ARM GAS  /tmp/ccVESCIt.s 			page 8


 108      AA9D4B23 
 108      7EAEBB
 109 0249 ABED0F86 		.ascii	"\253\355\017\206\320\353\225"
 109      D0EB95
 110              		.text
 111              		.section	.gnu.lto_HAL_RNGEx_GetConfig.161.ffa5d2687ab95123,"e",%progbits
 112 0000 789C6D51 		.ascii	"x\234mQMHTQ\024>\347\235\373~\306\021kS\213V\265\212"
 112      4D485451 
 112      143EE79D 
 112      FB7EC611 
 112      6B538B56 
 113 0016 82993769 		.ascii	"\202\2317i\322*0j\321\242V\3262\006\0335\007\035\035"
 113      D22A306A 
 113      D1A256D6 
 113      32061B35 
 113      071D1D
 114 0029 66469D4D 		.ascii	"fF\235Mx\325\311\011\203t,\020\"\007\032\037\021\264"
 114      78D5C909 
 114      83742C10 
 114      22071A1F 
 114      11B4
 115 003b 28904C4D 		.ascii	"(\220LMb\262,\202\"\311E\020\2720\220\012B4\202\304"
 115      62B22C82 
 115      22C94510 
 115      BA30900A 
 115      423482C4 
 116 004f 023BF7CE 		.ascii	"\002;\367\316P\004>\270\207s\316\373\316\367\235\237"
 116      50043EB8 
 116      8773CEFB 
 116      CEF79D9F 
 117 005f 0B06401F 		.ascii	"\013\006@\037\000$\370\241\0038\222\0334@JYg\033F6w"
 117      0024F8A1 
 117      0338921B 
 117      34404A59 
 117      671B4636 
 118 0074 CDC02738 		.ascii	"\315\300'8\361\363\265_\364\347\252\336^\235<*\210\263"
 118      F1F3B55F 
 118      F4E7AADE 
 118      5E9D3C2A 
 118      88B3
 119 0086 7E9DC994 		.ascii	"~\235\311\2243\302\270\222\363\177\033_\331#\006rU7"
 119      33C2B892 
 119      F37F1B5F 
 119      D9230672 
 119      5537
 120 0098 97F28785 		.ascii	"\227\362\207\205\211\243N\211\303\302\321\\\205\366"
 120      89A34E89 
 120      C3C2D15C 
 120      85F6
 121 00a6 6CEC2D7B 		.ascii	"l\354-{\010=\006\011\323\262\261\007o\320\241\242\224"
 121      083D0609 
 121      D3B2B107 
 121      6FD0A1A2 
 121      94
 122 00b7 9BF3F9CD 		.ascii	"\233\363\371\315\325\212[\367\212\350\021@\236\000k"
 122      D58A5BF7 
 122      8AE81140 
ARM GAS  /tmp/ccVESCIt.s 			page 9


 122      9E006B
 123 00c6 30C4FDC0 		.ascii	"0\304\375\300m\302\021\362\010Q\224=\003\367\263Gi8"
 123      6DC211F2 
 123      0851943D 
 123      03F7B347 
 123      6938
 124 00d8 C8650B5B 		.ascii	"\310e\013[SR\372\300#\302\307\250\252&\021\037!\250"
 124      5352FAC0 
 124      23C2C7A8 
 124      AA26111F 
 124      21A8
 125 00ea 84AAA4CB 		.ascii	"\204\252\244\313%\324\375\376\254\334-<\0228\375?J\260"
 125      25D4FDFE 
 125      ACDC2D3C 
 125      1238FD3F 
 125      4AB0
 126 00fc 82A5F5D4 		.ascii	"\202\245\365\324\354\374\036\2747\213\362\367\366\220"
 126      ECFC1EBC 
 126      378BF2F7 
 126      F690
 127 010a 94EFDC95 		.ascii	"\224\357\334\225\341]\225\310 \223\330XB\031\213\015"
 127      E15D95C8 
 127      2093D858 
 127      42198B0D 
 128 011a D86C6C07 		.ascii	"\330ll\007q\012}\2103\\5D\260\315\037\241,\002\014\223"
 128      710A7D88 
 128      335C3544 
 128      B0CD1FA1 
 128      2C020C93 
 129 012e 510A7A39 		.ascii	"Q\012z9\370\212\231/\317\177\215\356\345\025\026\310"
 129      F88A992F 
 129      CF7F8DEE 
 129      E51516C8 
 130 013e 51ED9352 		.ascii	"Q\355\223R\001\005\243\317/\036\216k\030j\330\014C|"
 130      0105A3CF 
 130      2F1E8E6B 
 130      186AD80C 
 130      437C
 131 0150 0A22FE42 		.ascii	"\012\"\376B\304\330\362\263\017\206fZ\303\271\331\351"
 131      C4D8F2B3 
 131      0F86665A 
 131      C3B9D9E9 
 132 0160 97135420 		.ascii	"\227\023T \344\301\356\"\357\321\361\310aV\234E\010"
 132      E4C1EE22 
 132      EFD1F1C8 
 132      61569C45 
 132      08
 133 0171 DDD1A10F 		.ascii	"\335\321\241\017\237\342\230\236E3\356+\224V\306m\226"
 133      9FE2989E 
 133      4533EE2B 
 133      9456C66D 
 133      96
 134 0182 09CD371F 		.ascii	"\011\3157\037W\177\200&\\G\263@v\006\015\217*\362\252"
 134      577F8026 
 134      5C47B340 
 134      76060D8F 
 134      2AF2AA
ARM GAS  /tmp/ccVESCIt.s 			page 10


 135 0195 AB8262F3 		.ascii	"\253\202b\363y\344\327Hk\241o\351\023\376\223^^d8\355"
 135      79E4D748 
 135      6BA16FE9 
 135      13FE935E 
 135      5E6438ED 
 136 01a9 247DC0A3 		.ascii	"$}\300\243J\234c]%\262\206\375#Y\036D0XI[(T\375\372"
 136      4A9C635D 
 136      25B286FD 
 136      23591E44 
 136      3058495B 
 137 01c1 E08E5DEB 		.ascii	"\340\216]\353\322\371RiA\037c\230l\306H\241\205\277"
 137      D2F95269 
 137      411F6398 
 137      6CC648A1 
 137      85BF
 138 01d3 635F1DE7 		.ascii	"c_\035\347\371@\260\205\226\242\003D\272\276\261\356"
 138      F940B085 
 138      96A20344 
 138      BABEB1EE 
 139 01e3 F03EF115 		.ascii	"\360>\361\025Z\223\335<\202)\200}c`Cp\226o\201%\002"
 139      5A93DD3C 
 139      8229807D 
 139      63604370 
 139      966F8125 
 140 01f8 750B8063 		.ascii	"u\013\200cn\254=\345F\334T,\3566F\343m\035\261\326\006"
 140      6EAC3DE5 
 140      46DC542C 
 140      EE3646E3 
 140      6D1DB1D6 
 141 020d 3795E888 		.ascii	"7\225\350\210G#\241#\201d*VS\335Y\033\350L^\01446u\265"
 141      4723A123 
 141      81642A56 
 141      53DD591B 
 141      E84C5E0C 
 142 0225 465381E6 		.ascii	"FS\201\346n\267!\036\207\343\301\240\233llu5\302\255"
 142      6EB7211E 
 142      87E3C1A0 
 142      9B6C6C75 
 142      35C2AD
 143 0238 3F77B6A6 		.ascii	"?w\266\246\372|m:\035>}\342L\370T\"\332\325\224p\353"
 143      FA7C6D3A 
 143      1D3E7DE2 
 143      4CF85422 
 143      DAD59470 
 144 024d 1311B74C 		.ascii	"\023\021\267L\300?Z\032\332\302\211\366K\341\246t0\002"
 144      C03F5A1A 
 144      DAC289F6 
 144      4BE1A674 
 144      3002
 145 025f A2855D33 		.ascii	"\242\205]3~\262\243\275\371\017p\235\372\225"
 145      7EB2A3BD 
 145      F90F709D 
 145      FA95
 146              		.text
 147              		.section	.gnu.lto_HAL_RNGEx_LockConfig.162.ffa5d2687ab95123,"e",%progbits
 148 0000 789C6550 		.ascii	"x\234eP=hSQ\024>\337;\367\345\257\322A\320\301\311M"
 148      3D685351 
ARM GAS  /tmp/ccVESCIt.s 			page 11


 148      143EDF3B 
 148      F7E5AFD2 
 148      41D0C1C9 
 149 0015 1492171B 		.ascii	"\024\222\027\033\213S\241\202\203\203N\3259\304$\332"
 149      8B53A182 
 149      83834ED5 
 149      39C424DA 
 150 0025 90A60D49 		.ascii	"\220\246\015I\332f\020zk\243\210\202\365\265\245\203"
 150      DA66107A 
 150      6BA38882 
 150      F5B5A583 
 151 0035 68C4E421 		.ascii	"h\304\344!N\376P\254\251\012\206V\021\021A\304M\227"
 151      4EFE50AC 
 151      A90A8656 
 151      111141C4 
 151      4D97
 152 0047 0EDA1644 		.ascii	"\016\332\026DJ\007+\376\240\347\275\244tp\270\227s\356"
 152      4A072BFE 
 152      A0E7BDA4 
 152      7470B897 
 152      73EE
 153 0059 FD7ECE77 		.ascii	"\375~\316w\226@t\216\210\342r\340'L\331\227\015\322"
 153      9640748E 
 153      88E272E0 
 153      274CD997 
 153      0DD2
 154 006b 5AF7FA0D 		.ascii	"Z\367\372\015\343\242}\305\300\002\3466_w\250\011\273"
 154      E3A27DC5 
 154      C002E636 
 154      5F77A809 
 154      BB
 155 007c F3EDA5F9 		.ascii	"\363\355\245\371C\212\215\212\335\361\265\276\274K]"
 155      438A8D8A 
 155      DDF1B5BE 
 155      BC4B5D
 156 008b B03B673E 		.ascii	"\260;g>U\017(\205\331@\213ab\326\016y\225\017\343\355"
 156      550F2885 
 156      D9408B61 
 156      62D60E79 
 156      950FE3ED 
 157 009f 0A3466B0 		.ascii	"\0124f\2602}\030\3034\357oj\375\343e\365\343J\350\372"
 157      327D18C3 
 157      34EF6F6A 
 157      FDE365F5 
 157      E34AE8FA 
 158 00b3 DD261C26 		.ascii	"\335&\034&\2522!\206\250\230\323\015\306\024;\014\250"
 158      AA322186 
 158      A898D30D 
 158      C6143B0C 
 158      A8
 159 00c4 766560AF 		.ascii	"ve`\257T\\\246}B{\367\253\241u\220\034f<\206\313\232"
 159      545CA67D 
 159      427BF7AB 
 159      A175901C 
 159      663C86CB 
 160 00d9 071EC9EC 		.ascii	"\007\036\311\354\362 \\\237\247\344F\220s\377\275\331"
 160      F2205C9F 
ARM GAS  /tmp/ccVESCIt.s 			page 12


 160      A7E44690 
 160      73FFBDD9 
 161 00e9 D4BFFF4E 		.ascii	"\324\277\377Nj\275\322\263\334\330\031\204\200\224\222"
 161      6ABDD2B3 
 161      DCD81984 
 161      809492
 162 00f8 8B4CB964 		.ascii	"\213L\271d\0244\0046\311\356\320ZA7\211\256\261\321"
 162      14340436 
 162      C9EED05A 
 162      413789AE 
 162      B1D1
 163 010a 6AC6A559 		.ascii	"j\306\245YCeu\251~k\267D\257\261\317\235\204]Yra\274"
 163      436575A9 
 163      7E6BB744 
 163      AFB1CF9D 
 163      845D5972 
 164 0120 F6E2419D 		.ascii	"\366\342A\235=\3307,>[\330\234\343\032C\306\274\003"
 164      3DD8372C 
 164      3E5BD89C 
 164      E31A43C6 
 164      BC03
 165 0132 E1071CF6 		.ascii	"\341\007\034\366\011\005O@\321\333^\353\307S\334\364"
 165      09054F40 
 165      D1DB5EEB 
 165      C753DCF4 
 166 0142 26F354F7 		.ascii	"&\363T\367\324Z\321\374@[PM<|s\025\236\340:T\215\315"
 166      D45AD1FC 
 166      405B504D 
 166      3C7C7315 
 166      9EE03A54 
 167 0158 0A0C8703 		.ascii	"\012\014\207\003U\327R\244\034\016z0\363\313\364\347"
 167      55D752A4 
 167      1C0E7A30 
 167      F3CBF4E7 
 168 0168 1963CB77 		.ascii	"\031c\313w\243\361\352\203\271e\272\272\343?\327\020"
 168      A3F1EA83 
 168      B965BABA 
 168      E33FD710 
 169 0178 9E8BAB28 		.ascii	"\236\213\253(\270^!(O\302\267\235p\003\347{E\335}\377"
 169      B85E2128 
 169      4FC2B79D 
 169      7003E77B 
 169      45DD7DFF 
 170 018c 09E58208 		.ascii	"\011\345\202\0100\356\375Y\017Hf,\302\374nKtS\226&k"
 170      30EEFD59 
 170      0F48662C 
 170      C2FC6E4B 
 170      74539626 
 171 01a1 C2F69A88 		.ascii	"\302\366\232\210\016[\271\301\222\225\264J\271\274\225"
 171      0E5BB9C1 
 171      9295B44A 
 171      B9BC95
 172 01b0 CAE40786 		.ascii	"\312\344\007\206r\331\204U*\014\3453\311\350\301p\261"
 172      72D98455 
 172      2A0CE533 
 172      C9E8C170 
 172      B1
ARM GAS  /tmp/ccVESCIt.s 			page 13


 173 01c1 948B750D 		.ascii	"\224\213u\015w\207\207\213\247\303\251\364H6S\012\237"
 173      7787878B 
 173      A7C3A9F4 
 173      4836530A 
 173      9F
 174 01d2 19B512F9 		.ascii	"\031\265\022\371<\365D\"V1\225\265<\204\325w\362D\254"
 174      3CF54422 
 174      563195B5 
 174      3C84D577 
 174      F244AC
 175 01e5 EB5477B9 		.ascii	"\353Tw\271\034?v\344x\374h!3\222.X}\205\244\325\026"
 175      1C3F76E4 
 175      78FC6821 
 175      33922E58 
 175      7D85A4D5 
 176 01fa 908FFEC4 		.ascii	"\220\217\376\304@\2740x6\236.G\222\244\372\245\374\007"
 176      40BC3078 
 176      369E2E47 
 176      92A4FAA5 
 176      FC07
 177 020c 7273C53B 		.ascii	"rs\305;"
 178              		.text
 179              		.section	.gnu.lto_HAL_RNGEx_RecoverSeedError.163.ffa5d2687ab95123,"e",%progbits
 180 0000 789C6550 		.ascii	"x\234eP=L\023a\030~\237{\277kK!\304\211\301\311\315"
 180      3D4C1361 
 180      187E9F7B 
 180      BF6B4B21 
 180      C489C1C9 
 181 0015 38B457A9 		.ascii	"8\264W\251\304\311\004\023\007\007\234\320\271\251m"
 181      C4C90413 
 181      07079CD0 
 181      B9A96D
 182 0024 95A6142E 		.ascii	"\225\246\024.m\301\016$\034R\304\237\001\017\223\016"
 182      6DC10E24 
 182      1C52C49F 
 182      010F930E 
 183 0034 5A9B582F 		.ascii	"Z\233X/\304M\215\200\370\223\320\000\016&J\214\321\325"
 183      C44D8D80 
 183      F893D000 
 183      0E264A8C 
 183      D1D5
 184 0046 C4C4812E 		.ascii	"\304\304\201.\212\304\304JL\360\275k\011\203\303\367"
 184      8AC4C44A 
 184      4CF0BD6B 
 184      0983C3F7 
 185 0056 E57DEF9E 		.ascii	"\345}\357\236\337o\035D\023D\024\223\003?a\336\276\251"
 185      DF6F1D44 
 185      13441493 
 185      033F61DE 
 185      BEA9
 186 0068 916559FD 		.ascii	"\221eY\375~M\273f\337\322\360\002\317~\277\355T\323"
 186      7E4DBB66 
 186      DFD2F002 
 186      CF7EBFED 
 186      54D3
 187 007a 76F7FBEB 		.ascii	"v\367\373\353\313'\024k%\273\363\333\354n\227\232\261"
 187      CB27146B 
ARM GAS  /tmp/ccVESCIt.s 			page 14


 187      25BBF3DB 
 187      EC6E979A 
 187      B1
 188 008b BB2BCD99 		.ascii	"\273+\315\231\250R(\007Z\014\035e;\350M>L\265'\320\244"
 188      A8522807 
 188      5A0C1D65 
 188      3BE84D3E 
 188      4CB527D0 
 189 00a0 C64AF761 		.ascii	"\306J\367a\022w\370X\335\262\232o\252\233\215\340\335"
 189      1277F858 
 189      DDB29A6F 
 189      AA9B8DE0 
 189      DD
 190 00b1 4775384C 		.ascii	"Gu8LTeB\024\0211\247\012c\236\035\006T{\322pD&.\322"
 190      54654214 
 190      1131A70A 
 190      639E1D06 
 190      547BD270 
 191 00c9 51A17DB8 		.ascii	"Q\241}\2701=k\035R\0163\236\303e-\003K\222]>\010\327"
 191      313D6B1D 
 191      520E339E 
 191      C3652D03 
 191      4B925D3E 
 192 00df E729B915 		.ascii	"\347)\271\025\344<\376\250\327\255\277{s\226\2657\360"
 192      E43CFEA8 
 192      D7ADBF7B 
 192      7396B537 
 192      F0
 193 00f0 B5D2D301 		.ascii	"\265\322\323\001\001)\226\213\224\\\272\016\254\010"
 193      0129968B 
 193      945CBA0E 
 193      AC08
 194 00fe 6C8EDDD0 		.ascii	"l\216\335\320\226\202U'\272\315Zk\231\222\245\201\322"
 194      96825527 
 194      BACD5A6B 
 194      9992A581 
 194      D2
 195 010f D6FA8F85 		.ascii	"\326\372\217\205\036\251^c\335M\302\256,\2710nl<y\310"
 195      1EA95E63 
 195      DD4DC2AE 
 195      2CB9306E 
 195      6C3C79C8 
 196 0123 1EEC3BD6 		.ascii	"\036\354;\326^\377\371\265\3105\206\304\\\200\360\003"
 196      5EFFF9B5 
 196      C83586C4 
 196      5C80F003 
 197 0133 0EFB8482 		.ascii	"\016\373\204\202\227\240\310\003o\365\343\025\356{\311"
 197      97A0C803 
 197      6FF5E315 
 197      EE7BC9
 198 0142 3CD5C3B5 		.ascii	"<\325\303\265V5?\320\026TK\315\355O\344\011nC\325X\225"
 198      56353FD0 
 198      16544BCD 
 198      ED4FE409 
 198      6E43D558 
 199 0157 A0391CA8 		.ascii	"\2409\034\250\272\226\"\345p\207\007\323\027\337\255"
 199      BA9622E5 
ARM GAS  /tmp/ccVESCIt.s 			page 15


 199      708707D3 
 199      17DFAD
 200 0166 6E6AFBBE 		.ascii	"nj\373\276;+\033\237\365}\323\255\256\377\\\203X\025"
 200      3B2B1B9F 
 200      F57DD3AD 
 200      AEFF5C83 
 200      5815
 201 0178 575170BD 		.ascii	"WQp\275\202P\236\204\357\240\341\016\256\366\213\272"
 201      82509E84 
 201      EFA0E10E 
 201      AEF68BBA 
 202 0188 9B6B17EC 		.ascii	"\233k\027\354\202\010\320\276\334\373\031\220\316X\203"
 202      8208D0BE 
 202      DCFB1990 
 202      CE5883
 203 0197 5E7E2AD5 		.ascii	"^~*\325\225R\3563\341\340\231\210N\032\331\221\202\221"
 203      9552EE33 
 203      E1E09988 
 203      4E1AD991 
 203      8291
 204 01a9 300A59D3 		.ascii	"0\012Y\323H\246\315\341\321l&n\024r\243f:\0219\036\312"
 204      48A6CDE1 
 204      D16C266E 
 204      1472A366 
 204      3A11391E 
 205 01be 17B2D1DE 		.ascii	"\027\262\321\336\261\276\320X\376b(\231\032\317\244"
 205      B1BED058 
 205      FE622899 
 205      1ACFA4
 206 01cd 0BA14B57 		.ascii	"\013\241KW\214\270i\322\251p\330\310'3\206\2070\006"
 206      8CB869D2 
 206      A970D8C8 
 206      27338687 
 206      3006
 207 01df CF9F8BF6 		.ascii	"\317\237\213\366^\350+\026cgO\017\304\316\344\322\343"
 207      5EE82B16 
 207      63674F0F 
 207      C4CEE4D2 
 207      E3
 208 01f0 A99C3198 		.ascii	"\251\2341\230K\030m\001\3711\024\037\216\345F.\307R"
 208      4B186D01 
 208      F931141F 
 208      8EE5462E 
 208      C752
 209 0202 C57082D4 		.ascii	"\305p\202\324\220\214\377\000\363\016\305\273"
 209      908CFF00 
 209      F30EC5BB 
 210              		.text
 211              		.section	.gnu.lto_HAL_RNGEx_SetConfig.part.0.166.ffa5d2687ab95123,"e",%progbits
 212 0000 789C8555 		.ascii	"x\234\205UmPTU\030>\357=w\367\356\027,\"\012\010*\242"
 212      6D505455 
 212      183EEF3D 
 212      77F7EE17 
 212      2C220A08 
 213 0016 08FEC035 		.ascii	"\010\376\3005\035\207~\330\214M\375\350G\375(\3537C"
 213      1D877ED8 
 213      8C4DFDE8 
ARM GAS  /tmp/ccVESCIt.s 			page 16


 213      47FD28EB 
 213      3743
 214 0028 80497CB8 		.ascii	"\200I|\270\263,\306\237\306\013K\320\340\024\273\330"
 214      B32CC69F 
 214      C60B4BD0 
 214      E014BBD8 
 215 0038 643044E3 		.ascii	"d0D\343m\247d*\277*\203\304$\024Q\307\222t\240l\374"
 215      6DA7642A 
 215      BF2A83C4 
 215      241451C7 
 215      9274A06C 
 216 004d 4AA7191D 		.ascii	"J\247\031\035\307/\372\030E\214\336\367\234\273\037"
 216      C72FFA18 
 216      458CDEF7 
 216      9CBB1F
 217 005c 20AB3BF0 		.ascii	" \253;\360\3569\347}\236\347\274\347\271\357={\311\316"
 217      EE39E77D 
 217      9EE7BCE7 
 217      B9EF3D7B 
 217      C9CE
 218 006e 581763EC 		.ascii	"X\027c\354K\374\007'\203\316F`\272\256\257\327\034\220"
 218      4BFC0727 
 218      83CE4660 
 218      BAAEAFD7 
 218      1C90
 219 0080 2ABE15D8 		.ascii	"*\276\025\330\021j\275\335s@\205\343 \026\270\322\024"
 219      116ABDDD 
 219      734085E3 
 219      2016B8D2 
 219      14
 220 0091 72E22847 		.ascii	"r\342(Gm\016%\213oUy'\344\374ux\220\323JO\357\241u\252"
 220      6D0E258B 
 220      6F557927 
 220      E4FC7578 
 220      90D34A4F 
 221 00a9 053ADA8D 		.ascii	"\005:\332\215\273\273\207\034\202a\205\035\373R\244"
 221      BBBB871C 
 221      8261851D 
 221      FB52A4
 222 00b8 AAA60442 		.ascii	"\252\246\004B\333\024\224\022\260\217\202W@\360l\204"
 222      DB149412 
 222      B08F8257 
 222      40F06C84 
 223 00c8 97F27668 		.ascii	"\227\362vh\010\265*\022\015l\253C\341\252\305\252\331"
 223      08B52A12 
 223      0D6CAB43 
 223      E1AAC5AA 
 223      D9
 224 00d9 ECB055D1 		.ascii	"\354\260U\321X\354\263\235wqX1\240\353\367\206\272\277"
 224      58ECB39D 
 224      77715831 
 224      A0EBF786 
 224      BABF
 225 00eb BAEAE8DC 		.ascii	"\272\352\350\3345\000a\316X7g\260\006V\021\202\222\301"
 225      350061CE 
 225      583767B0 
 225      06561182 
ARM GAS  /tmp/ccVESCIt.s 			page 17


 225      92C1
 226 00fd D83A8875 		.ascii	"\330:\210u\370\006\360\274\034\332y\030WTs\244@\016"
 226      F806F0BC 
 226      1CDA7918 
 226      575473A4 
 226      400E
 227 010f 8E783D65 		.ascii	"\216x=e\362\22162\321\253\353v\026\346\034z\201$\277"
 227      F2913632 
 227      D1ABEB76 
 227      16E61C7A 
 227      8124BF
 228 0122 03388044 		.ascii	"\0038\200D\\`\224\017v\351\003j$\013f\026\372\200\362"
 228      5C60940F 
 228      76E9036A 
 228      240B6616 
 228      FA80F2
 229 0135 24F47654 		.ascii	"$\364vT\250/\320\242\247 T\205\203\323\205\324x!\231"
 229      A82FD0A2 
 229      A7205485 
 229      83D385D4 
 229      782199
 230 0148 8D0AF503 		.ascii	"\215\012\365\003\345E\235Vq$1\344\001\240\257<\244\335"
 230      E5459D56 
 230      712431E4 
 230      01A0AF3C 
 230      A4DD
 231 015a E9FB745B 		.ascii	"\351\373t[\322^\335\206'\203\303\020w\346\010 \330\251"
 231      D25EDD86 
 231      2783C310 
 231      77E60820 
 231      D8A9
 232 016c 0F34E4B0 		.ascii	"\0174\344\260H\336<\373\000\230J\2551\245\336@Kr\260"
 232      48DE3CFB 
 232      00984AAD 
 232      31A5DE40 
 232      4B72B0
 233 017f 01952C30 		.ascii	"\001\225,0\030_a\234\026\326\330DZ\022\021\255\362H"
 233      185F619C 
 233      16D6D844 
 233      5A1211AD 
 233      F248
 234 0191 446D7B54 		.ascii	"Dm{Tm\357\036:nS\016a\207\236\2506\024\257v\214PV\006"
 234      6DEF1E3A 
 234      6E530E61 
 234      879EA836 
 234      14AF768C 
 235 01a8 C3004701 		.ascii	"\303\000G\001~\004\361\304~\300E\374\3438\247\325a\330"
 235      7E04F1C4 
 235      7EC045FC 
 235      E338A7D5 
 235      61D8
 236 01ba 73C6A2EB 		.ascii	"s\306\242\353\223Sm\272\336U\224\3724\000|\017\012j"
 236      93536DBA 
 236      DE5594FA 
 236      34007C0F 
 236      0A6A
 237 01cc 5939064D 		.ascii	"Y9\006M\245`\0018\204\256\341H\243`\243@ORsPpRpQH\242"
ARM GAS  /tmp/ccVESCIt.s 			page 18


 237      A5600138 
 237      84AEE148 
 237      A360A340 
 237      4F527350 
 238 01e6 904CC14D 		.ascii	"\220L\301M!\205\302\034\012\251\024\3462\334/\215F\363"
 238      2185C21C 
 238      0AA914E6 
 238      32DC2F8D 
 238      46F3
 239 01f8 28CCA790 		.ascii	"(\314\247\220N!\203B&\205\005\024\262(dS\325\013i\264"
 239      4E218342 
 239      26850514 
 239      B2286453 
 239      D50B69B4 
 240 020c 88C2622A 		.ascii	"\210\302b*\210N\250-\241\220K\323\2454ZF!\217\246\313"
 240      884EA82D 
 240      A1904BD3 
 240      A5345A46 
 240      218FA6CB 
 241 0220 69944FA1 		.ascii	"i\224O\241\000\203\215\2616\316\366\236:\270\002h\344"
 241      00838DB1 
 241      36CEF69E 
 241      3AB80268 
 241      E4
 242 0231 1023CE82 		.ascii	"\020#\316\202\\1G\267`p\274\367v(\017_\033\263a\271"
 242      5C3147B7 
 242      6070BCF7 
 242      76280F5F 
 242      1BB361B9 
 243 0245 B0FC3340 		.ascii	"\260\3743@\266\335@\243N\000[\265S\327\257\271\302\334"
 243      B6DD40A3 
 243      4E005BB5 
 243      53D7AFB9 
 243      C2DC
 244 0257 0127E163 		.ascii	"\001'\341cj\031\3029\320\236[\320\330\177\377\357\227"
 244      6A19C239 
 244      D09E5BD0 
 244      D87FFFEF 
 244      97
 245 0268 0DAE3C42 		.ascii	"\015\256<B\301\227\014\237\274\025~B\006\371\217\033"
 245      C1970C9F 
 245      BC157E42 
 245      06F98F1B 
 246 0278 F563929B 		.ascii	"\365c\222\233\273Xc\2738\221\016\247\221\262$\314]0"
 246      BB5863BB 
 246      38910EA7 
 246      91B224CC 
 246      5D30
 247 028a 827845E0 		.ascii	"\202xE\340\003\037\266\200\301U\344\020A\203\007SSS"
 247      031FB680 
 247      C155E410 
 247      41830753 
 247      5353
 248 029c 6ED2B9D3 		.ascii	"n\322\271\323\012\263s\317J.\222De}\223\015\270\243"
 248      0AB373CF 
 248      4A2E9244 
 248      657D930D 
ARM GAS  /tmp/ccVESCIt.s 			page 19


 248      B8A3
 249 02ae D5DC518D 		.ascii	"\325\334Q\215\355\230d`\213\214\"\253I\024\231\014c"
 249      ED986460 
 249      8B8C22AB 
 249      4914990C 
 249      63
 250 02bf 48E462D3 		.ascii	"H\344b\323\306\376\236\"\203k\011\221\277!R\225\345"
 250      C6FE9E22 
 250      836B0991 
 250      BF215295 
 250      E5
 251 02d0 B5B73CB4 		.ascii	"\265\267<\264\030\334\206; AROc\301\366\204\334\337"
 251      18DC863B 
 251      2041524F 
 251      63C1F684 
 251      DCDF
 252 02e2 916B8972 		.ascii	"\221k\211r3\014\356\020t\273\264qr\037\026\353LH>\217"
 252      330CEE10 
 252      74BBB471 
 252      721F16EB 
 252      4C483E8F 
 253 02f6 64AB244F 		.ascii	"d\253$O4\337\304\215]\210\246s\271\261\231\204\342\005"
 253      34DFC48D 
 253      5D88A673 
 253      B9B19984 
 253      E205
 254 0308 6E100D45 		.ascii	"n\020\015E]\362\370\017I19\241\342%T\324\342\025\335"
 254      5DF2F80F 
 254      493139A1 
 254      E22554D4 
 254      E215DD
 255 031b 88968A49 		.ascii	"\210\226\212I1\305\024!\352\2265\012\3059\011\025\257"
 255      31C51421 
 255      EA96350A 
 255      C5390915 
 255      AF
 256 032c A0A22D5E 		.ascii	"\240\242-^1\025\321R\321&\025\207?Yg\360\271B5U\264"
 256      3115D152 
 256      D1261587 
 256      3F5967F0 
 256      B9423555 
 257 0341 C4FDFFB0 		.ascii	"\304\375\377\260{\322\036y\234;\205\242\013\376\234"
 257      7BD21E79 
 257      9C3B85A2 
 257      0BFE9C
 258 0350 D10DF310 		.ascii	"\321\015\363\020,\273aJ\327/\273\245(\256\317\027\252"
 258      2CBB614A 
 258      D72FBBA5 
 258      28AECF17 
 258      AA
 259 0361 F3A2F374 		.ascii	"\363\242\363t\\\2228\354C]M\3245\221m\256G\032']\234"
 259      5C9238EC 
 259      435D4DD4 
 259      35916DAE 
 259      471A275D 
 260 0376 B3634831 		.ascii	"\263cH1xF\302c\336@\264]\266\364\343Do\"\314A\242\031"
 260      7846C263 
ARM GAS  /tmp/ccVESCIt.s 			page 20


 260      DE40B45D 
 260      B6F4E344 
 260      6F22CC41 
 261 038c 42F4DC31 		.ascii	"B\364\3341\024\315L(z\033\321\316'\213\336E\230\213"
 261      14CD4C28 
 261      7A1BD1CE 
 261      278BDE45 
 261      988B
 262 039e 4433857D 		.ascii	"D3\205}\035\247Pt\301\354o\303_3\274\313B\244\351\035"
 262      1DA75074 
 262      C1EC6FC3 
 262      5F33BCCB 
 262      42A4E91D 
 263 03b2 7E9C8F7D 		.ascii	"~\234\217}\223\376\215\030\222\305\356@\340\362\267"
 263      93FE8D18 
 263      92C5EE40 
 263      E0F2B7
 264 03c1 27D30C9E 		.ascii	"'\323\014\236\335\004J\230\247tS\"\314\347\240r\220"
 264      DD044A98 
 264      A7745322 
 264      CCE7A072 
 264      90
 265 03d2 F3138337 		.ascii	"\363\023\2037\256\342=-P\207[\223\015\276p\006\012w"
 265      AEE23D2D 
 265      50875B93 
 265      0DBE7006 
 265      0A77
 266 03e4 EF6E1EC5 		.ascii	"\357n\036\305FZ\2049\024a\327\241\351\302\2217qN\265"
 266      465A8439 
 266      1461D7A1 
 266      E9C29137 
 266      714EB5
 267 03f7 58401137 		.ascii	"X@\0217x\220\253\341?\376\271\013\342F\302\326\035="
 267      7890ABE1 
 267      3FFEB90B 
 267      E246C2D6 
 267      1D3D
 268 0409 838CC509 		.ascii	"\203\214\305\011/\225\007\323/\225\234\270C,\236f\327"
 268      2F9507D3 
 268      2F959CB8 
 268      432C9E66 
 268      D7
 269 041a C3191E2C 		.ascii	"\303\031\036,A0\\\003*\342\372\021\037\316\245!\314"
 269      41305C03 
 269      2AE2FA11 
 269      1FCEA521 
 269      CC
 270 042b 2CC232F1 		.ascii	",\3022\361\376\347I\221[ql\3342\353E\350\246\273OW\342"
 270      FEE74991 
 270      5B716CDC 
 270      32EB45E8 
 270      A6BB4F57 
 271 0440 2E421084 		.ascii	".B\020\204{c\373\265D\004\027\004\220\220$\011.<tP\321"
 271      7B63FBB5 
 271      44041704 
 271      90902409 
 271      2E3C7450 
ARM GAS  /tmp/ccVESCIt.s 			page 21


 272 0455 8F9FFFE2 		.ascii	"\217\237\377\342\027\252\255\215[G\276>:\306\305\275"
 272      17AAAD8D 
 272      5B47BE3E 
 272      3AC6C5BD 
 273 0465 AC897E35 		.ascii	"\254\211~5m\270\377\363 \332\220\233\320\206fe\232\015"
 273      6DB8FFF3 
 273      20DA909B 
 273      D0866665 
 273      9A0D
 274 0477 4BE36CC8 		.ascii	"K\343l\310\235f\303\273\312t\033\226!8jC\015\316a\012"
 274      9D66C3BB 
 274      CA741B96 
 274      21386A43 
 274      0DCE610A 
 275 048b 4C0B6CBD 		.ascii	"L\013l\275\207>\310\226\026\364\367]|\305\340\313\343"
 275      873EC896 
 275      16F4F75D 
 275      7CC5E0CB 
 275      E3
 276 049c 54F3621D 		.ascii	"T\363b\035\322\032\223\024o\\>\"\245\231\263\274mq\274"
 276      D21A9314 
 276      6F5C3E22 
 276      A599B3BC 
 276      6D71BC
 277 04af F714B3B3 		.ascii	"\367\024\263\263\362\245i\227\332gwY\374\334\264I\227"
 277      F2A56997 
 277      DA677759 
 277      FCDCB449 
 277      97
 278 04c0 A1111913 		.ascii	"\241\021\031\023\220\207\307\322.\236\365b\225\366\375"
 278      9087C7D2 
 278      2E9EF562 
 278      95F6FD
 279 04cf F2E76B1C 		.ascii	"\362\347k\034\032\327\243V\001\243|\001\355\317\000"
 279      1AD7A356 
 279      01A37C01 
 279      EDCF00
 280 04de 2CB74677 		.ascii	",\267Fw\331\361\007MN\231m\3679/\232\014\202B%\027y"
 280      D9F1074D 
 280      4E996DF7 
 280      392F9A0C 
 280      82422517 
 281 04f3 AA6BFC9E 		.ascii	"\252k\374\236R\217\277\332\353)\253\360Vm\256\256,\361"
 281      528FBFDA 
 281      EB29ABF0 
 281      566DAEAE 
 281      2CF1
 282 0505 F87D9BBD 		.ascii	"\370}\233\275\025\245\253\236*\254\365W\257Y]\267\266"
 282      15A5AB9E 
 282      2AACF557 
 282      AF595DB7 
 282      B6
 283 0516 B0AEF6F5 		.ascii	"\260\256\366\365\302\262\362-\225\025\376\302\215oy"
 283      C2B2F22D 
 283      9515FEC2 
 283      8D6F79
 284 0525 4ABC5EF6 		.ascii	"J\274^\366\314\312\225\236\332\262J\217@x6\274\372\322"
ARM GAS  /tmp/ccVESCIt.s 			page 22


 284      CCCA959E 
 284      DAB24A8F 
 284      407836BC 
 284      FAD2
 285 0537 9AD5AFAD 		.ascii	"\232\325\257\255\255\257/~\341\331\027\213\237\367U"
 285      ADAF2F7E 
 285      E1D9178B 
 285      9FF755
 286 0546 6C29F779 		.ascii	"l)\367y6\370J=\246\000&6\225T\025\373j\336(.\257_Y\312"
 286      36F84A3D 
 286      A6002636 
 286      955415FB 
 286      6ADE282E 
 287 055e D44D38B4 		.ascii	"\324M8\264x\237\333\\\263\321Z\353/\361\327\325\332"
 287      789FDB5C 
 287      B3D15AEB 
 287      2FF1D7D5 
 287      DA
 288 056f 4A7DC55B 		.ascii	"J}\305[J\252\352\312\355\376\212\322J\\\363\371\377"
 288      4AAAEACA 
 288      EDFE8AD2 
 288      4A5CF3F9 
 288      FF
 289 0580 07C0741D 		.ascii	"\007\300t\035\016"
 289      0E
 290              		.text
 291              		.section	.gnu.lto_HAL_RNGEx_GetConfig.part.0.167.ffa5d2687ab95123,"e",%progbits
 292 0000 789C8554 		.ascii	"x\234\205T_HSa\024\377\316\375\356\275\373\343\346\237"
 292      5F485361 
 292      14FFCEFD 
 292      EEBDFBE3 
 292      E69F
 293 0012 6DEFF922 		.ascii	"m\357\371\"\321\303\274\246\210/EF=\364PO\326\263\330"
 293      D1C3BCA6 
 293      882F4546 
 293      3DF4504F 
 293      D6B3D8
 294 0025 D41C3A1D 		.ascii	"\324\034:\035\333\264\275\204\237\012I\366\340j\341"
 294      DBB4BD84 
 294      9F0A49F6 
 294      E06AE1
 295 0034 8398D058 		.ascii	"\203\230\320X!\364P\017QZVK\013)\320\376J\017!D \375"
 295      21F4500F 
 295      515A564B 
 295      0B29D0FE 
 295      4A0F2144 
 296 004a 21871881 		.ascii	"!\207\030\201\231P\347\334o\233\266\030\203\355\354"
 296      9950E7DC 
 296      6F9BB618 
 296      83EDEC
 297 0059 BBE79CDF 		.ascii	"\273\347\234\337\237s\266ok\032c\027\030c\015\370\006"
 297      9F73B66F 
 297      6B1A6317 
 297      18630DF8 
 297      06
 298 006a 8DC1152B 		.ascii	"\215\301\025+\023B4ZTp\231\237\012\304/\215(0\007\346"
 298      1342345A 
ARM GAS  /tmp/ccVESCIt.s 			page 23


 298      5470999F 
 298      0AC42F8D 
 298      283007E6 
 299 007e 1387017C 		.ascii	"\023\207\001|\222\035\300\372U\205C?\304\371\004\207"
 299      921DC0FA 
 299      5585433F 
 299      C4F90487 
 300 008e 7D292136 		.ascii	"})!6\237Mn\256\332\307\247R\220\344\214Mr\006uP\203"
 300      9F4D6EAE 
 300      DAC7A752 
 300      90E48C4D 
 300      72067550 
 301 00a3 BC8C8AB1 		.ascii	"\274\214\212\261\235<\230y\270\003\214!\3622ObF\315"
 301      9D3C9879 
 301      B8038C21 
 301      F2324F62 
 301      46CD
 302 00b5 9C14A8C4 		.ascii	"\234\024\250\304\023\217Re/\302^mM\013acI\316a\032\210"
 302      138F5265 
 302      2FC25E6D 
 302      4D0B6163 
 302      49CE611A 
 303 00ca F21EC05D 		.ascii	"\362\036\300]\004b\202Q=6!Rj\266\012\231*\314\000\325"
 303      04628251 
 303      3D362152 
 303      6AB60A99 
 303      2ACC00D5 
 304 00de 89E85C8E 		.ascii	"\211\350\\\216\350\346\320\260(\307V\025\036\374K\244"
 304      E8E6D0B0 
 304      28C75615 
 304      1EFC4BA4 
 305 00ee EE2692D5 		.ascii	"\356&\222\325\034\321,P\335\364\251\233#\231G>\004\364"
 305      1CD12C50 
 305      DDF4A99B 
 305      2399473E 
 305      04F4
 306 0100 5185B0F5 		.ascii	"Q\205\260\365\337\327/:o\013+N\006\217a\327\314\331"
 306      DFD72F3A 
 306      6F0B2B4E 
 306      068F61D7 
 306      CCD9
 307 0112 86D8B848 		.ascii	"\206\330\270H\015T\262l=3{\012\225\231\316\340\011\230"
 307      0D54B26C 
 307      3D337B0A 
 307      9599CEE0 
 307      0998
 308 0124 FB78848F 		.ascii	"\373x\204\217\364\302\347[o4!\266\377\214\0121Q\353"
 308      F4C2E75B 
 308      6F3421B6 
 308      FF8C0A31 
 308      51EB
 309 0136 DE0300F7 		.ascii	"\336\003\000\367AA\264\3061\350*\005\215\202\016\360"
 309      4141B4C6 
 309      31E82A05 
 309      8D820EF0 
 310 0146 102C74B2 		.ascii	"\020,t\262R\240\015\351v\012%\024\034\024\234\024J)"
 310      52A00DE9 
ARM GAS  /tmp/ccVESCIt.s 			page 24


 310      760A2514 
 310      1C149C14 
 310      4A29
 311 0158 945128A7 		.ascii	"\224Q(\247PA\301E\301M\301\203\301\302\330(\247\257"
 311      5041C145 
 311      C14DC183 
 311      C1C2D828 
 311      A7AF
 312 016a 54A84047 		.ascii	"T\250@GU\0369\213q%{L\303\334\306\346B\274\012\177\007"
 312      551E398B 
 312      71257B4C 
 312      C3DCC6E6 
 312      42BC0A7F 
 313 017f 99EF899B 		.ascii	"\231\357\211\233\033\270\001H`M\340\004\363\300j\256"
 313      1BB80148 
 313      604DE004 
 313      F3C06AAE 
 314 018f 09F1C591 		.ascii	"\011\361\305\221\3446x\012WiS\324gC\367i\030\234\235"
 314      E436780A 
 314      576953D4 
 314      6743F769 
 314      189C9D
 315 01a2 597C5B92 		.ascii	"Y|[\222\340\312\177\030\024\300\335i\260\200\020\332"
 315      E0CA7F18 
 315      14C0DD69 
 315      B08010DA 
 316 01b2 092ACD7E 		.ascii	"\011*\315~mHp\236\321\321vt\354\210\207\347R\0071%\360"
 316      6D48709E 
 316      D1D17674 
 316      EC8887E7 
 316      52073125 
 317 01c7 02318A89 		.ascii	"\0021\212\211\031\332>\277\306\023\\E\034\201\034\340"
 317      19DA3EBF 
 317      C6135C45 
 317      1C811CE0 
 318 01d7 A1E4D830 		.ascii	"\241\344\3300$\270\206i\312\351p\210\214\254\217\254"
 318      24B88669 
 318      CAE97088 
 318      8CAC8FAC 
 319 01e7 64A9D51D 		.ascii	"d\251\325\035jg\002\353K\322\316\2243\311K\341%r\343"
 319      6A6702EB 
 319      4BD2CE94 
 319      33C94BE1 
 319      2572E3
 320 01fa 0C88372D 		.ascii	"\014\2107-\375Z\374\201=\226\202V^\347[\301\001-\322"
 320      FD5AFC81 
 320      3D968256 
 320      5EE75BC1 
 320      012DD2
 321 020d 8A3367C5 		.ascii	"\2123g\305\206ii\305\262\313J\001\003\313\310\250\222"
 321      866969C5 
 321      B2CB4A01 
 321      03CBC8A8 
 321      92
 322 021e 019B6960 		.ascii	"\001\233i`f\211\014\330\013\032x\237o\000\267m\227\006"
 322      66890CD8 
 322      0B1A789F 
ARM GAS  /tmp/ccVESCIt.s 			page 25


 322      6F00B76D 
 322      9706
 323 0230 AC39030E 		.ascii	"\2549\003\016LK\003e\305\015|@F\215\0148\344\006\226"
 323      4C4B0365 
 323      C50D7C40 
 323      468D0C38 
 323      E40696
 324 0243 E691D259 		.ascii	"\346\221\322Y\320\300\312\216\201\261\341E=\301K\261"
 324      D0C0CA8E 
 324      81B1E145 
 324      3DC14BB1 
 325 0253 5B8A0971 		.ascii	"[\212\011q\240\270\334G\304\353$W*\347}Ire\005\345>"
 325      A0B8DC47 
 325      C4EB2457 
 325      2AE77D49 
 325      726505E5 
 326 0268 E5CB9563 		.ascii	"\345\313\225cwF\256\262\270\332*\302-\244V.\2073\325"
 326      7746AEB2 
 326      B8DA2AC2 
 326      2DA4562E 
 326      8733D5
 327 027b 2A0AAA7D 		.ascii	"*\012\252}\316WsawF\015\212\253}C\270\225\324\\r\266"
 327      CE577361 
 327      77460D8A 
 327      AB7D43B8 
 327      95D45C72 
 328 0290 77A4E62E 		.ascii	"w\244\346.\250\366\035\333m\246Z\021\33646\332\211\327"
 328      A8F61DDB 
 328      6DA65A11 
 328      DE3436DA 
 328      89D7
 329 02a2 2D6FE872 		.ascii	"-o\350r\\+|)\327w_J\272j1\316\263\367{\003\006\033\221"
 329      5C2B7C29 
 329      D7775F4A 
 329      BA6A31CE 
 329      B3F77B03 
 330 02b9 C683D92D 		.ascii	"\306\203\331-\360P\013\376\035)\351\237\353V\274\361"
 330      F0500BFE 
 330      1D29E99F 
 330      EB56BCF1 
 331 02c9 F89F00B2 		.ascii	"\370\237\000\262\221V\320`\004\272#\206\317\210\004"
 331      9156D060 
 331      04BA2386 
 331      CF8804
 332 02d8 8246AB3F 		.ascii	"\202F\253?\330\325\023\350l1\"\241\236\240\337W\263"
 332      D8D513E8 
 332      6C3122A1 
 332      9EA0DF57 
 332      B3
 333 02e9 DF1B8E04 		.ascii	"\337\033\216\004\352j{\353\275\275\341\323\336\326\266"
 333      EA6A7BEB 
 333      BDBDE1D3 
 333      DED6B6
 334 02f8 BE4E7FC4 		.ascii	"\276N\177\304\333~\326h\011\006\331\301\352j#\334\332"
 334      DB7ED668 
 334      0906D9C1 
 334      EA6A23DC 
ARM GAS  /tmp/ccVESCIt.s 			page 26


 334      DA
 335 0309 69981D46 		.ascii	"i\230\035F\323\311\023u\265\247\352\243\321\346c\207"
 335      D3C91375 
 335      B5A7EAA3 
 335      D1E66387 
 336 0319 8F371F0D 		.ascii	"\2177\037\015\371\373\332BFS\310gd\010\260\320\321\322"
 336      F9FBDA42 
 336      4653C867 
 336      6408B0D0 
 336      D1D2
 337 032b D51CEA3E 		.ascii	"\325\034\352>\323\334\026\255\3661\265\003\217Z\360"
 337      D3DC16AD 
 337      F631B503 
 337      8F5AF0
 338 033a 484F77BB 		.ascii	"HOw\273\036\216\264Dz\303\177\001\015\010\330\374"
 338      1E8EB444 
 338      7AC37F01 
 338      0D08D8FC 
 339              		.text
 340              		.section	.gnu.lto_HAL_RNGEx_LockConfig.part.0.168.ffa5d2687ab95123,"e",%progbits
 341 0000 789C7552 		.ascii	"x\234uR\317k\023a\020\235\267\363m\272\015z\021\377"
 341      CF6B1361 
 341      109DB7F3 
 341      6DBA0D7A 
 341      11FF
 342 0012 805E4AF1 		.ascii	"\200^J\361\220ll(=\011\025z\360\240\247\3509\304\244"
 342      906C6C28 
 342      3D09157A 
 342      F0A0A7E8 
 342      39C4A4
 343 0025 DA90A60D 		.ascii	"\332\220\246\015\311\246\346\"\375\332\036\204zh\332"
 343      C9A6E622 
 343      FDDA1E84 
 343      7A68DA
 344 0034 F45462C1 		.ascii	"\364Tb\301\020\324\223z\020m5j\024\177\200x\020\257"
 344      10D4937A 
 344      106D356A 
 344      147F8078 
 344      10AF
 345 0046 E2594FA5 		.ascii	"\342YO\245\366T\264X\347\333\335\320\202\024vgg\346"
 345      F654B458 
 345      E7DBDDD0 
 345      82147667 
 345      67E6
 346 0058 CD7BF383 		.ascii	"\315{\363\203]\263\210\026\211hT^\330\2045\207\264\326"
 346      5DB38816 
 346      8968545E 
 346      D8843587 
 346      B4D6
 347 006a 637D0AA7 		.ascii	"c}\012\247\374\257\205\306\312\222\205\327\360#\306"
 347      FCAF85C6 
 347      CA9285D7 
 347      F023C6
 348 0079 BC444105 		.ascii	"\274DA\005hNY\21494\270\3118\323\325z\357\375\306\267"
 348      684E598C 
 348      3934B8C9 
 348      38D3D57A 
ARM GAS  /tmp/ccVESCIt.s 			page 27


 348      EFFDC6B7 
 349 008d 1FD1F507 		.ascii	"\037\321\365\007]\264\231h\203\011I$D\227\014X?\314"
 349      5DB49968 
 349      83094924 
 349      44970C58 
 349      3FCC
 350 009f C3CFE309 		.ascii	"\303\317\343\011\210\204\271\312m\311\250\320\2630 "
 350      8884B9CA 
 350      6DC9A8D0 
 350      B33020
 351 00ae 1ED70C32 		.ascii	"\036\327\0142$\264/\1776\265\356\247636a$\237\001O\205"
 351      24B42F7F 
 351      36B5EEA7 
 351      36333661 
 351      249F014F 
 352 00c3 28093278 		.ascii	"(\0112x\275\251\273\252\207\"D\261\005\203\373\362\021"
 352      BDA9BBAA 
 352      872244B1 
 352      0583FBF2 
 352      11
 353 00d4 7F12DFE5 		.ascii	"\177\022\337\345\233\306\016\012k\347\373\375\333'\037"
 353      9BC60E0A 
 353      6BE7FBFD 
 353      DB271F
 354 00e3 6B47E641 		.ascii	"kG\346A\007G&\355\025\324\327uw~\200zx8\361KiL\021\302"
 354      074726ED 
 354      15D4D775 
 354      777E807A 
 354      7838F14B 
 355 00fb 2BF85BBC 		.ascii	"+\370[\274\220\320<\022?\372jk\275\177\260\254us\350"
 355      90D03C12 
 355      3FFA6A6B 
 355      BD7FB0AC 
 355      7573E8
 356 010e 7414C073 		.ascii	"t\024\300sX\302V,\306V\306\330bd\226e6\327\323\012\306"
 356      58C2562C 
 356      C656C6D8 
 356      62649665 
 356      36D7D30A 
 357 0123 5581CB54 		.ascii	"U\201\313Tg\253\347n\343\355\356\336~cPN\036\236\204"
 357      67ABE76E 
 357      E3EDEEDE 
 357      7E63504E 
 357      1E9E84
 358 0136 61A6BA07 		.ascii	"a\246\272\007\021\350kI\333.(qW\353\237'\332\354\340"
 358      11E86B49 
 358      DB2E2871 
 358      57EB9F27 
 358      DAECE0
 359 0149 0DEE98ED 		.ascii	"\015\356\230\355L\235#-\267\261\320\331\372\233j\261"
 359      4C9D232D 
 359      B7B1D0D9 
 359      FA9B6AB1 
 360 0159 F51F45F4 		.ascii	"\365\037E\364e_\205w\3020{H\243N\177\2139\354\242\016"
 360      655F8577 
 360      C2307B48 
 360      A34E7F8B 
ARM GAS  /tmp/ccVESCIt.s 			page 28


 360      39ECA20E 
 361 016d BB48D6C2 		.ascii	"\273H\326\302\207\240\213P\242\370(\024\313\247,\256"
 361      87A08B50 
 361      A2F82814 
 361      CBA72CAE 
 362 017d DE428B95 		.ascii	"\336B\213\225\320\014\3076\177\205v\214\324\316\022"
 362      D00CC736 
 362      7F85768C 
 362      D4CE12
 363 018c 8EA57F0A 		.ascii	"\216\245\177\012\350\302\013\266;h\330\307/\364\371"
 363      E8C20BB6 
 363      3B68D8C7 
 363      2FF4F9
 364 019b E84266CE 		.ascii	"\350Bf\316:s\3576\273X\030\023\031[\262\277a\233\022"
 364      3A73EF36 
 364      BB581813 
 364      195BB2BF 
 364      619B12
 365 01ae B9BFF570 		.ascii	"\271\277\365p\345\227#\327\222{\"(4\243\216\272\305"
 365      E59723D7 
 365      927B2228 
 365      34A38EBA 
 365      C5
 366 01bf 69CFCDBA 		.ascii	"i\317\315\272^\261\344\346\362\245\251\231b!\343z\345"
 366      5EB1E4E6 
 366      F2A5A999 
 366      6221E37A 
 366      E5
 367 01d0 99523E9B 		.ascii	"\231R>\2338\033\253x\305\344pu$V\255\\\215\345&f\013"
 367      381BAB78 
 367      C5E47075 
 367      2456AD5C 
 367      8DE52666 
 368 01e5 792F76ED 		.ascii	"y/v\355\206\233)\225\350\\<\356Vr\005\327\257pS\227"
 368      869B2995 
 368      E85C3CEE 
 368      567205D7 
 368      AF705397 
 369 01f9 2F2587AF 		.ascii	"/%\207\257\214\324j\351\013\347/\246\307\313\371\331"
 369      8CD46AE9 
 369      0BE72FA6 
 369      C7CBF9D9 
 370 0209 89B29B2A 		.ascii	"\211\262\233*g\335P@\200\311\314T\272<}==Q\213gIM\212"
 370      67DD5040 
 370      80C9CC54 
 370      BA3C7D3D 
 370      3D518B67 
 371 0220 1BA97819 		.ascii	"\033\251x\031\257Z\371\007i(\346r"
 371      AF5AF907 
 371      6928E672 
 372              		.text
 373              		.section	.gnu.lto_HAL_RNGEx_RecoverSeedError.part.0.169.ffa5d2687ab95123,"e",%progbits
 374 0000 789C6D51 		.ascii	"x\234mQKhSQ\020\235\363\346%M\212U\021\012.\003R\244"
 374      4B685351 
 374      109DF3E6 
 374      254D8A55 
 374      110A2E03 
ARM GAS  /tmp/ccVESCIt.s 			page 29


 375 0016 42F26243 		.ascii	"B\362bCq%Tp!\242\253\352:\304$\332\320\246\015\311K"
 375      71255470 
 375      21A2ABEA 
 375      3AC424DA 
 375      D0A60DC9 
 376 002b CD467A6B 		.ascii	"\315Fzk\002b\273Hb\343\246\264\001\353\303\317F]\210"
 376      0262BB48 
 376      62E3A6B4 
 376      01EBC3CF 
 376      465D88
 377 003e D67F54EA 		.ascii	"\326\177T\352R\304\225\213\202\0257-\024)E\244\212\277"
 377      52C4958B 
 377      8215372D 
 377      142945A4 
 377      8ABF
 378 0050 B92F89BA 		.ascii	"\271/\211\272\020\336\347\33493s\316\314\3555\210\212"
 378      10DEE7DC 
 378      393373CE 
 378      CCED3588 
 378      8A
 379 0061 4474545E 		.ascii	"DtT^x\011\227}\244\224\032\350\360`\227\3737\214bu\332"
 379      7809977D 
 379      A4941AE8 
 379      F06097FB 
 379      378C6275 
 380 0076 C033AC5F 		.ascii	"\3003\254_\375\320m\226\252\333k\313\365}&\243V\235"
 380      FDD06D96 
 380      AADB6BCB 
 380      F57D26A3 
 380      569D
 381 0088 329A9926 		.ascii	"2\232\231&&\253\235.\002Mx\01461\201\031\236c\3646\224"
 381      26AB9D2E 
 381      024D780C 
 381      36318119 
 381      9E63F436 
 382 009d DA5AAABF 		.ascii	"\332Z\252\277^\353\234\275\321\200\303Du&D\020\026)"
 382      5EEB9CBD 
 382      D180C344 
 382      75264410 
 382      1629
 383 00af D264E56F 		.ascii	"\322d\345o\034n\034wA$\225\227\330\221\210\331B\006"
 383      1C6E1C77 
 383      41249597 
 383      D89188D9 
 383      4206
 384 00c1 0282B8A0 		.ascii	"\002\202\270\240\231\275R\366\346b\361\202\332i:\314"
 384      99BD52F6 
 384      E662F182 
 384      DA693ACC 
 385 00d1 58846E79 		.ascii	"X\204ny\037\270'\205\022 \315W\346T\343\017\213\026"
 385      1FB82785 
 385      1220CD57 
 385      E654E30F 
 385      8B16
 386 00e3 8B07D0BC 		.ascii	"\213\007\320\274\333\336\353:q!\237\323\337\036\251"
 386      DBDEEB3A 
 386      71219FD3 
ARM GAS  /tmp/ccVESCIt.s 			page 30


 386      DF1EA9
 387 00f2 DA787773 		.ascii	"\332xws\272\353\216\362\211\037<\306?N\333\011\225Y"
 387      BAEB8EF2 
 387      891F3CC6 
 387      3F4EDB09 
 387      9559
 388 0104 D5980C50 		.ascii	"\325\230\014P\233o9~\"\302${{\012w\212Gr\324\217\234"
 388      9B6F397E 
 388      22C2247B 
 388      7B0A778A 
 388      4772D48F 
 389 0119 6FBFF528 		.ascii	"o\277\365(\365\375WY\251\345=\335~\000\017a\350<\226"
 389      F5FD5759 
 389      A9E53DDD 
 389      7E000F61 
 389      E83C96
 390 012c 16265199 		.ascii	"\026&Q\231\365\372\224\011\015=M\310Ta\243\015?\341"
 390      F5FA9409 
 390      0D3D4DC8 
 390      5461A30D 
 390      3FE1
 391 013e C5E6E297 		.ascii	"\305\346\342\227Z\217\354\276\265\010\206\366r\015\322"
 391      5A8FECBE 
 391      B50886F6 
 391      720DD2
 392 014d C0B32062 		.ascii	"\300\263 b\015P\370\212R\253\333\034\366\3429\346\365"
 392      0D50F88A 
 392      52ABDB1C 
 392      F6E239E6 
 392      F5
 393 015e 4C3ACF2B 		.ascii	"L:\317+B\033(\255\274\237\331\261\300F\011\206\303\035"
 393      421B28AD 
 393      BC9FD9B1 
 393      C0460986 
 393      C31D
 394 0170 75968B96 		.ascii	"u\226\213\226\"\207}\264\206\322\352\313\217\327w\013"
 394      22877DB4 
 394      86D2EACB 
 394      8FD7770B 
 395 0180 A9D3C5AD 		.ascii	"\251\323\305\255;g\205y\245>u\013-\355\255\037\237="
 395      3B678579 
 395      A53E750B 
 395      2DEDAD1F 
 395      9F3D
 396 0192 FF95EB72 		.ascii	"\377\225\353r\330\217W\"\207\246\234\037\001\267\332"
 396      D88F5722 
 396      87A69C1F 
 396      01B7DA
 397 01a1 6C3BDFC4 		.ascii	"l;\337\304\371\001\321\322v\276\201E\305\3709\377\325"
 397      F901D1D2 
 397      76BE8145 
 397      C5F839FF 
 397      D5
 398 01b2 27736009 		.ascii	"'s`\011b\243\314hf\212#:`\245Gm+n\331\351\214\225He"
 398      62A3CC68 
 398      668A233A 
 398      60A5476D 
ARM GAS  /tmp/ccVESCIt.s 			page 31


 398      2B6ED9E9 
 399 01ca 46C6D2C3 		.ascii	"F\306\322\3031\313\316\216eR\361\360\376`\316NG\372"
 399      31CBCE8E 
 399      6552F1F0 
 399      FE60CE4E 
 399      47FA
 400 01dc F2FDC17C 		.ascii	"\362\375\301|\356T0\221\034\037N\331\301\323g\255X&"
 400      EE543091 
 400      1C1F4ED9 
 400      C1D367AD 
 400      5826
 401 01ee 43074321 		.ascii	"C\007C!+\227\030\266\334\014k\360\304\361H\337\311\376"
 401      2B9718B6 
 401      DC0C6BF0 
 401      C4F148DF 
 401      C9FE
 402 0200 42217AE4 		.ascii	"B!z\344\320\261\350\341lj<\231\265\006\263q\253\325"
 402      D0B1E8E1 
 402      6C6A3C99 
 402      B506B371 
 402      ABD5
 403 0212 4088A1D8 		.ascii	"@\210\241\330H4;z&\232,\204\342d\016\011\364\346\354"
 403      48343B7A 
 403      269A2C84 
 403      E2640E09 
 403      F4E6EC
 404 0225 989DCFFD 		.ascii	"\230\235\317\375\006|\256\323$"
 404      067CAED3 
 404      24
 405              		.text
 406              		.section	.gnu.lto_.symbol_nodes.ffa5d2687ab95123,"e",%progbits
 407 0000 789C7DD0 		.ascii	"x\234}\320=\016\202P\020\004\340\235\267 \320r\001k"
 407      3D0E8250 
 407      1004E09D 
 407      B720D072 
 407      016B
 408 0012 EFE18D3C 		.ascii	"\357\341\215<\300\202R\033\217\240\210\177\205\211\024"
 408      C082521B 
 408      8FA0887F 
 408      858914
 409 0021 166A6767 		.ascii	"\026jgg$&&V\266\306\312\306\302\302\016\037(\211&\302"
 409      24262656 
 409      B6C6CAC6 
 409      C2C20E1F 
 409      288926C2 
 410 0035 54937C9B 		.ascii	"T\223|\233\335d[ \"5\206\320\"\3314\320;\020\011\321"
 410      DD645B20 
 410      223586D0 
 410      22D934D0 
 410      3B1009D1 
 411 0049 2AF07D4F 		.ascii	"*\360}OQfZ'\020x:\306\177\236BT\005\317 \\\301}\210"
 411      51665A27 
 411      10783AC6 
 411      7F9E4254 
 411      05CF205C 
 412 0060 719CCC63 		.ascii	"q\234\314cU\360\332\363Q\340\000b\246:\374\017CH\355"
 412      55F0DAF3 
ARM GAS  /tmp/ccVESCIt.s 			page 32


 412      51E00062 
 412      A63AFC0F 
 412      4348ED
 413 0073 67F1370E 		.ascii	"g\3617\016!V\031\"\202\330\351'\365|\200H\317f\212\021"
 413      21561922 
 413      82D8E927 
 413      F57C8048 
 413      CF668A11 
 414 0087 C4293126 		.ascii	"\304)1&{\267\275]\030\221\253k\376\257\300ev\336w\232"
 414      7BB7BD5D 
 414      1891AB6B 
 414      FEAFC065 
 414      76DE779A 
 415 009b 6CBC7F18 		.ascii	"l\274\177\030\202M$\347\353\203\262ZS\235x\337\005\332"
 415      824D24E7 
 415      EB83B25A 
 415      539D78DF 
 415      05DA
 416 00ad 608B97CF 		.ascii	"`\213\227\317\373\211t\245\027\317)n\024"
 416      FB8974A5 
 416      17CF296E 
 416      14
 417              		.text
 418              		.section	.gnu.lto_.refs.ffa5d2687ab95123,"e",%progbits
 419 0000 789C6364 		.ascii	"x\234cd\000\002\000\000\012\000\002"
 419      00020000 
 419      0A0002
 420              		.text
 421              		.section	.gnu.lto_.decls.ffa5d2687ab95123,"e",%progbits
 422 0000 789CAD56 		.ascii	"x\234\255V{PSW\032?\337\271\201$\227H\250\244\323\216"
 422      7B505357 
 422      1A3FDFB9 
 422      81249748 
 422      A8A4D38E 
 423 0014 6D5DB643 		.ascii	"m]\266CW\246.D\223Q\333\335\355\014\035h\305\2612]\260"
 423      57A62E44 
 423      9351DBDD 
 423      ED0C1D68 
 423      C5B1325D 
 424 0029 DD716767 		.ascii	"\335qgg\030\232\304\232\021\022&\004\327\375g\367\242"
 424      189AC49A 
 424      11122604 
 424      D7FD67F7 
 424      A2
 425 003a 203E5B2A 		.ascii	" >[*\326'*R]\361\215\016*>\320\250U\221Z\353{\355Z\305"
 425      D6272A52 
 425      5DF18D0E 
 425      2A3ED0A8 
 425      55915AEB 
 426 0052 7783E01B 		.ascii	"w\203\340\033+>\200\375\316\2757\367&!\261\235\316\336"
 426      2B3E80FD 
 426      CEBD37F7 
 426      2621B19D 
 426      CEDE
 427 0064 C977EFC9 		.ascii	"\311w\357\3119\277\363\373~\337\343>\376\025O\310E\216"
 427      39BFF3FB 
 427      7EDFE33E 
ARM GAS  /tmp/ccVESCIt.s 			page 33


 427      FE154FC8 
 427      458E
 428 0076 906B68BD 		.ascii	"\220kh\275x\350\011!'\320\330u\027\332n\264\357\320"
 428      78E80921 
 428      27D0D875 
 428      17DA6EB4 
 428      EFD0
 429 0088 EEA26981 		.ascii	"\356\242i\201\220\323x=\313\326q\354#\322\301\243\275"
 429      90D3783D 
 429      CBD671EC 
 429      23D2C1A3 
 429      BD
 430 0099 86FF7F87 		.ascii	"\206\377\177\207\366{\264!h\257\242\275\2016\030\315"
 430      F67BB421 
 430      68AFA2BD 
 430      813618CD 
 431 00a9 8C66451B 		.ascii	"\214fE\033\006\244\317\3616%\304\200\327\001\270\326"
 431      06A4CFF1 
 431      3625C480 
 431      D701B8D6 
 432 00b9 1FAFA630 		.ascii	"\037\257\2460_/\343\365\216\354s8\216_\221\375\3426"
 432      5F2FE3F5 
 432      8EEC7338 
 432      8E5F91FD 
 432      E236
 433 00cb D28ED621 		.ascii	"\322\216\326!\217\231\277\327\"\360\217\306\305~\021"
 433      8F99BFD7 
 433      22F08FC6 
 433      C57E11
 434 00da F8F532FF 		.ascii	"\370\3652\377\2400\037#p\234\034\305\307\033r\214\341"
 434      A0301F23 
 434      709C1CC5 
 434      C71B728C 
 434      E1
 435 00eb C75F7031 		.ascii	"\307_p1.\202\217p\375o\341\370\315(\334\203\345\334"
 435      2E828F70 
 435      FD6FE1F8 
 435      CD28DC83 
 435      E5DC
 436 00fd 851F79FF 		.ascii	"\205\037y\377\007n\263\\\223\360\343\217T\342\214\224"
 436      076EB35C 
 436      93F0E38F 
 436      54E28C94 
 437 010d FB0B44AA 		.ascii	"\373\013D\252{x~\216\021\311G,H\3751\016\355m\034[\320"
 437      7B787E8E 
 437      11C9472C 
 437      48FD310E 
 437      ED6D1C5B 
 438 0122 E265BF7E 		.ascii	"\342e\277~\264\303h\032\234\343\320zq\334\315\264\340"
 438      B4C3681A 
 438      9CE3D07A 
 438      71DCCDB4 
 438      E0
 439 0133 B807AFCF 		.ascii	"\270\007\257\317\320\2160\001\370\277Y\326\211\355\247"
 439      D08E3001 
 439      F8BF59D6 
 439      89EDA7
ARM GAS  /tmp/ccVESCIt.s 			page 34


 440 0142 D4D01A41 		.ascii	"\324\320\032A\353\030\324j\214\240\225\325\361y:\231"
 440      EB18D46A 
 440      8CA095D5 
 440      F1793A99 
 441 0152 3E9D1C4F 		.ascii	">\235\034O\\\230\276`M\301Z\217\310\032\237W\363qQ\352"
 441      5C98BE60 
 441      4DC15A8F 
 441      C81A9F57 
 441      F37151EA 
 442 0166 F23C2D5C 		.ascii	"\362<-\\\230\377\347\325=\237J\367U8\377/\2519\363\023"
 442      98FFE7D5 
 442      3D9F4AF7 
 442      5538FF2F 
 442      A939F313 
 443 017a A879A47B 		.ascii	"\250y\244{n.\007\203\200\335\354FqD8J\314\202x\\\371"
 443      6E2E0783 
 443      80DDEC46 
 443      7144384A 
 443      CC82785C 
 444 018f 0D816DF2 		.ascii	"\015\201m\362\016.\213\001\373\203\006\317&HZ\302\321"
 444      0E2E8B01 
 444      FB8306CF 
 444      26485AC2 
 444      D1
 445 01a0 CE6727B7 		.ascii	"\316g'\267p\274O\020\356\372|ez\002;\001v\000\201F@"
 445      70BC4F10 
 445      EEFA7C65 
 445      7A023B01 
 445      76008146 
 446 01b5 92ED005B 		.ascii	"\222\355\000[\001\032\000a\013w7\267j\014\014&\324\354"
 446      011A0061 
 446      0B7737B7 
 446      6A0C0C26 
 446      D4EC
 447 01c7 D7E09A84 		.ascii	"\327\340\232\204#\260\033\210D\231 \236u\334\237\011"
 447      23B01B88 
 447      4499209E 
 447      75DC9F09 
 448 01d7 C2A7F97E 		.ascii	"\302\247\371~<\256\343/1xTV\356c\302\215#\334\337\244"
 448      3CAEE32F 
 448      31785456 
 448      EE63C28D 
 448      23DCDFA4 
 449 01eb ED265151 		.ascii	"\355&QQ\015py\270\337\320\362\357\231K\371\344\344\344"
 449      0D7079B8 
 449      DFD0F2EF 
 449      994BF9E4 
 449      E4E4
 450 01fd C4E4E4CB 		.ascii	"\304\344\344\313\202\320\265\250\342b\355\233_\226W"
 450      82D0B5A8 
 450      E262ED9B 
 450      5F9657
 451 020c 0895A51C 		.ascii	"\010\225\245\034\370\000\016\000\264\200\"\301\2146"
 451      F8000E00 
 451      B48022C1 
 451      8C36
 452 021a 9420AE7E 		.ascii	"\224 \256~\375\254\012!\241\314\300 {C {\330i'\210\240"
ARM GAS  /tmp/ccVESCIt.s 			page 35


 452      FDAC0A21 
 452      A1CCC020 
 452      7B43207B 
 452      D8692788 
 453 022f 0D2AE850 		.ascii	"\015*\350P\010\250\011D\"LY\231 \3704\004\016\002|\315"
 453      08A80944 
 453      224C5999 
 453      20F83404 
 453      0E027CCD 
 454 0243 E61083A2 		.ascii	"\346\020\203\242\017\003|\003p\024\240\031\340\010\313"
 454      0F037C03 
 454      7014A019 
 454      E008CB
 455 0252 27235BAB 		.ascii	"'#[\253\222\355\357#Jv\270N\305\354\353\253j(\341N\001"
 455      92EDEF23 
 455      4A76B84E 
 455      C5ECEBAB 
 455      6A28E14E 
 456 0267 CBD9E61B 		.ascii	"\313\331\346\033\317\262\022\303\235\303\267\020\315"
 456      CFB212C3 
 456      9DC3B710 
 456      CD
 457 0274 3D6E597A 		.ascii	"=nYz\352\312%\275Z\225c*\365w\254\365[\261\015\332\200"
 457      EACA25BD 
 457      5A95632A 
 457      F577ACF5 
 457      5BB10DDA 
 458 0289 E5F755E8 		.ascii	"\345\367U\350\005\361\302vm\257}z\210\327\341.\377\364"
 458      05F1C276 
 458      6DAF7D7A 
 458      88D7E12E 
 458      FFF4
 459 029b 4B3E7461 		.ascii	"K>ta\205!\270\343\264\350\345\024\300I\340\356\210\270"
 459      8521B8E3 
 459      B4E8E514 
 459      C049E0EE 
 459      88B8
 460 02ad A7556D5B 		.ascii	"\247Um[bt\227Bpp\006B\220e4:\343\271 \334\014\021\267"
 460      62749742 
 460      70700642 
 460      9065343A 
 460      E3B920DC 
 461 02c4 B86DCD72 		.ascii	"\270m\315r}\030\016\276\207\020\344\"J\270e\"\272\343"
 461      7D180EBE 
 461      8710E422 
 461      4AB86522 
 461      BAE3
 462 02d6 60DBD17E 		.ascii	"`\333\321~bkFo\242%\234\246\366|\231?.9\021q]\247\253"
 462      626B466F 
 462      A2259CA6 
 462      F67C993F 
 462      2E391171 
 463 02ed 3AFE598D 		.ascii	":\376Y\215`\003\\\000\370\001\2405\274I\004F&\24670"
 463      60035C00 
 463      F801A035 
 463      BC490446 
 463      26A63730 
ARM GAS  /tmp/ccVESCIt.s 			page 36


 464 0301 DF2ABABE 		.ascii	"\337*\272\276\310\022\312\335\022\335\356\272\372\305"
 464      C812CADD 
 464      12DDEEBA 
 464      FAC5
 465 030f 2C4D6238 		.ascii	",Mb8\022.A\010\266[\304\236/\337\374\031$J\367\231O"
 465      122E4108 
 465      B65BC49E 
 465      2FDFFC19 
 465      244AF799 
 466 0324 BAC7E02A 		.ascii	"\272\307\340*CI\3659[]y\312\030\262\314\352\031\004"
 466      4349F539 
 466      5B5D79CA 
 466      18B2CCEA 
 466      1904
 467 0336 D8555EBE 		.ascii	"\330U^\276\216S\013xM\325{\235\025p\032\207\240\370"
 467      8E530B78 
 467      4DD57B9D 
 467      15701A87 
 467      A0F8
 468 0348 79B7AA16 		.ascii	"y\267\252\026\030\304{!9\031\241\365{\247J\375\2041"
 468      18C47B21 
 468      3919A1F5 
 468      7BA74AFD 
 468      8431
 469 035a DE0068EB 		.ascii	"\336\000h\353\323\300\214n\303\324\271\361\354f\271"
 469      D3C08C6E 
 469      C3D4B9F1 
 469      EC66B9
 470 0369 0E702504 		.ascii	"\016p%\004c\216\322\343mbl~\200[\0007\001\332\001:\000"
 470      638ED2E3 
 470      6D626C7E 
 470      805B0037 
 470      01DA013A 
 471 037e 7E643219 		.ascii	"~d2\031\335\216\253\237\367\253\0278\370/\300\177D:"
 471      DD8EAB9F 
 471      F7AB1738 
 471      F82FC07F 
 471      443A
 472 0390 A9C27203 		.ascii	"\251\302r\003\263&\337u`\232\220Pj\200\263\000'\302"
 472      B326DF75 
 472      609A9050 
 472      6A80B300 
 472      27C2
 473 03a2 115611D1 		.ascii	"\021V\021\3214U\271\015\216\207H\012\334\234(\252~\223"
 473      3455B90D 
 473      8E87480A 
 473      DC9C28AA 
 473      7E93
 474 03b4 0CBA0C70 		.ascii	"\014\272\014p\276\217n\304pU,%\264\266\241n\201\276"
 474      BE8F6EC4 
 474      70552C25 
 474      B4B6A16E 
 474      81BE
 475 03c6 EFCD721B 		.ascii	"\357\315r\033\236\023\007n[s\256N\320\252\351\276\243"
 475      9E13076E 
 475      5B73AE4E 
 475      D0AAE9BE 
ARM GAS  /tmp/ccVESCIt.s 			page 37


 475      A3
 476 03d7 D2DF0D3C 		.ascii	"\322\337\015<\306^\346Vq\204\253G\333\211v\004\355,"
 476      C65EE656 
 476      7184AB47 
 476      DB897604 
 476      ED2C
 477 03e9 1A7E4D71 		.ascii	"\032~Mq78\011\221$>\251\004\312\335fR\372\037;\370\370"
 477      37380991 
 477      243EA904 
 477      CADD6652 
 477      FA1F3BF8 
 478 03fe 0CC74A23 		.ascii	"\014\307J#\026\210ua\347\362\336\217\225.\274\017PJ"
 478      16887561 
 478      E7F2DE8F 
 478      952EBC0F 
 478      504A
 479 0410 1537F794 		.ascii	"\0257\367\224\012\325\337n\024\004\275\010\351\012\201"
 479      0AD5DF6E 
 479      1404BD08 
 479      E90A81
 480 041f 98154497 		.ascii	"\230\025D\227\202\370)\004\261G%\351V \017B MrJ\031"
 480      82F82904 
 480      B14725E9 
 480      56200F42 
 480      204D724A 
 481 0434 6686DA2E 		.ascii	"f\206\332.O\373\212\221\362.\247\361\011\300c6\211 "
 481      4FFB8A91 
 481      F22EA7F1 
 481      09C06336 
 481      8920
 482 0446 4C6237C0 		.ascii	"Lb7\300\024\012=\000e\024\246R|\202\3003\300\270\245"
 482      140A3D00 
 482      6514A652 
 482      7C82C033 
 482      C0B8A5
 483 0459 96A8BFA3 		.ascii	"\226\250\277\243\270~\324G\277\354\371\251\002\351\354"
 483      B87ED447 
 483      BFECF9A9 
 483      02E9EC
 484 0468 AB4E0AE0 		.ascii	"\253N\012\340\261\002y\3307FV\357F\015+\334\303\352"
 484      B10279D8 
 484      374656EF 
 484      460D2BDC 
 484      C3EA
 485 047a 8A6D7162 		.ascii	"\212mqb\275}AB\241\234\376\254T\334|\262\345\304R\235"
 485      BD7D4142 
 485      A19CFEAC 
 485      54DC7CB2 
 485      E5C4529D 
 486 048e 5AF569AA 		.ascii	"Z\365i\252\227\012*\002f\257\331w7&1<\015\277\220\275"
 486      970A2A02 
 486      66AFD977 
 486      3726313C 
 486      0DBF90BD 
 487 04a2 A96EF546 		.ascii	"\251n\365F^e\237\256\262\317\220\330\313V\\\371Z\203"
 487      5E659FAE 
 487      B2CF90D8 
ARM GAS  /tmp/ccVESCIt.s 			page 38


 487      CB565CF9 
 487      5A83
 488 04b4 B733FB2A 		.ascii	"\2673\373*\321\330\001\237v\303\361\304\223\277r\304"
 488      D1D8019F 
 488      76C3F1C4 
 488      93BF72C4 
 489 04c4 245081C6 		.ascii	"$P\201\306\3329\312s<g\347\233a`J'\227\256\243)F^Ww"
 489      DA39CA73 
 489      3C67E79B 
 489      61604A27 
 489      97AEA329 
 490 04dc 0012F818 		.ascii	"\000\022\370\030\035\245~\255\235Oy\002\353iMlR\272"
 490      1DA57EAD 
 490      9D4F7902 
 490      EB694D6C 
 490      52BA
 491 04ee A0B1CF7E 		.ascii	"\240\261\317~\321\257\025he\266\311\232\216g\277\266"
 491      D1AF1568 
 491      65B6C99A 
 491      8E67BFB6 
 492 04fe 19ECB8EB 		.ascii	"\031\354\270\353C\215.\001G~-\337\311\325\314\211\265"
 492      438D2E01 
 492      477E2DDF 
 492      C9D5CC89 
 492      B5
 493 050f 7F4BA70F 		.ascii	"\177K\247\017\302W\005o\267\2300\260t\235n\240q?\267"
 493      C257056F 
 493      B79830B0 
 493      749D6EA0 
 493      713FB7
 494 0522 9F7B1FBF 		.ascii	"\237{\037\277\234t\365\033_\344\375Z#R\244\330\223\022"
 494      9C74F51B 
 494      5FE4FD5A 
 494      2352A4D8 
 494      9312
 495 0534 EC49C666 		.ascii	"\354I\306f\210\261\333yS\012A\021v\213%\235\362\310"
 495      88B1DB79 
 495      530A4111 
 495      768B259D 
 495      F2C8
 496 0546 ACD13583 		.ascii	"\254\3215\203\205\003\203E\270\334\376\022\017\274~"
 496      85038345 
 496      B8DCFE12 
 496      0FBC7E
 497 0555 60520A21 		.ascii	"`R\012!v\362>E^\2567p\200\026}\332\325\277\000)<\265"
 497      76F23E45 
 497      5EAE3770 
 497      80167DDA 
 497      D5BF0029 
 498 056b 506EB45F 		.ascii	"Pn\264_\213_04\211\020A\2433\030@\300\213>o\264\375"
 498      8B5F3034 
 498      891041A3 
 498      331840C0 
 498      8B3E6FB4 
 499 0580 430B4FFC 		.ascii	"C\013O\374Z\212K&\015&\021\324\235|,Q>lX\376\010\260"
 499      5A8A4B26 
 499      0D2611D4 
ARM GAS  /tmp/ccVESCIt.s 			page 39


 499      9D7C2C51 
 499      3E6C58FE 
 500 0596 9F7422EC 		.ascii	"\237t\"\354\017\011\366\"\3163$\346UD\023\022\230U."
 500      0F09F622 
 500      CE3324E6 
 500      55441312 
 500      98552E
 501 05a9 F2580248 		.ascii	"\362X\002H<4\340\000\002N\210\274\032D\256j\220u\004"
 501      3C34E000 
 501      024E88BC 
 501      1A44AE6A 
 501      907504
 502 05bc 78027E82 		.ascii	"x\002~\2024\252Z\261\302\222\023\032\274G\334\027\""
 502      34AA5AB1 
 502      C292131A 
 502      BC47DC17 
 502      22
 503 05cd 5CA5240A 		.ascii	"\\\245$\012-\011\012\\\352\253\206\207{\266\032n`\332"
 503      2D090A5C 
 503      EAAB8687 
 503      7BB61A6E 
 503      60DA
 504 05df 04FFD17B 		.ascii	"\004\377\321{\333c!\2762\235\000\327\256\301\267BL\264"
 504      DB6321BE 
 504      329D00D7 
 504      AEC1B742 
 504      4CB4
 505 05f1 57CF6754 		.ascii	"W\317gTy\263<\351\331\362\216\270\352\013\274y\260\235"
 505      79B33CE9 
 505      D9F28EB8 
 505      EA0BBC79 
 505      B09D
 506 0603 83D6EF37 		.ascii	"\203\326\3577=\314T\273\366s\265k+\245\256\275\266\272"
 506      3DCC54BB 
 506      F673B56B 
 506      2BA5AEBD 
 506      B6BA
 507 0615 B3D9A021 		.ascii	"\263\331\240!\342\004\270\243\370\233\253\362\265n\372"
 507      E204B8A3 
 507      F89BABF2 
 507      B56EFA
 508 0624 A92B36F4 		.ascii	"\251+6\364U\207O\343 \300\301e\017\312\203\356\302*"
 508      55874FE3 
 508      20C0C165 
 508      0FCA83EE 
 508      C22A
 509 0636 D5E33CC9 		.ascii	"\325\343<\311c\363\274)\215\361\242\307y\024\276\240"
 509      63F3BC29 
 509      8DF1A2C7 
 509      7914BEA0 
 510 0646 E2B3968A 		.ascii	"\342\263\226\212\317\332\204\250\237\030\013\251\372"
 510      CFDA84A8 
 510      9F180BA9 
 510      FA
 511 0653 E1B0584C 		.ascii	"\341\260XL\313\341\262u\373\214\341\237\030\213h0\022"
 511      CBE1B275 
 511      FB8CE19F 
ARM GAS  /tmp/ccVESCIt.s 			page 40


 511      188B6830 
 511      12
 512 0664 51F7D65F 		.ascii	"Q\367\326_{\030\377\022J\355\020\004\023,\246\260\200"
 512      7B18FF12 
 512      4AED1004 
 512      132CA6B0 
 512      80
 513 0675 C27C9401 		.ascii	"\302|\224\001K\260v_Jz\252.t\371\270\327\027.\024\032"
 513      4BB0765F 
 513      4A7AAA2E 
 513      74F9B8D7 
 513      172E141A 
 514 0689 1BDB8F0F 		.ascii	"\033\333\217\017\303\007\372\024A(\325 \002\346\310"
 514      C307FA14 
 514      4128D520 
 514      02E6C8
 515 0698 51111C11 		.ascii	"Q\021\034\021\230Ea&%\257W.\024*\253k|T\300\327$bf\313"
 515      98456126 
 515      25AF572E 
 515      142AAB6B 
 515      7C54C0D7 
 516 06b0 18A866E3 		.ascii	"\030\250f\343\000\212\273\031C\270\362XF\177}\353\364"
 516      008ABB19 
 516      43B8F258 
 516      467F7DEB 
 516      F4
 517 06c1 066D68C2 		.ascii	"\006mh\302B+\264~\376\017S\202\022V\243&l\205$\260\256"
 517      422BB47E 
 517      FE0F5382 
 517      1256A326 
 517      6C8524B0 
 518 06d6 71CD3752 		.ascii	"q\3157R\302VH%jyt<)\220\300Z\212\023sz\375;\364\221"
 518      C2564825 
 518      6A79743C 
 518      2990C05A 
 518      8A13737A 
 519 06ee C25C898A 		.ascii	"\302\\\211\212\276\222X\272\327=\336hda\326w\341\007"
 519      BE9258BA 
 519      D73DDE68 
 519      6461D677 
 519      E107
 520 0700 768214E4 		.ascii	"v\202\024\344J\012\313\225 \227G\016\0221\313\002A\256"
 520      4A0ACB95 
 520      2097470E 
 520      1231CB02 
 520      41AE
 521 0712 626325C8 		.ascii	"bc%\310E\261\204\333*\006Y\321S\331\005\001ILbiec\255"
 521      45B184DB 
 521      2A0659D1 
 521      53D90501 
 521      494C6269 
 522 0729 3192A2B5 		.ascii	"1\222\242\265\270}\215\244h\332\271=\255\361\242\242"
 522      B87D8DA4 
 522      68DAB93D 
 522      ADF1A2A2 
 523 0739 F3158AA2 		.ascii	"\363\025\212\242\265\024\352\024Eu\221\025!fu@\321:"
 523      B514EA14 
ARM GAS  /tmp/ccVESCIt.s 			page 41


 523      45759115 
 523      21667540 
 523      D13A
 524 074b 365614B5 		.ascii	"6V\024\265\240\242\016Q\321\375\226){y\221\374\330\214"
 524      A0A20E51 
 524      D1FD9629 
 524      7B7991FC 
 524      D88C
 525 075d 60F28D0A 		.ascii	"`\362\215\012\371\306\250\344\033\002\344\233\330X!"
 525      F9C6A8E4 
 525      1B02E49B 
 525      D85821
 526 076c AFD032E2 		.ascii	"\257\3202\3423s{Z\250\022\031\276\320\002\221mA\244"
 526      33737B5A 
 526      A81219BE 
 526      D002916D 
 526      41A4
 527 077e 5B0C6CD5 		.ascii	"[\014l\325\314\236RL5~\"\234}r\374Q\354\342F\241,\206"
 527      CC9E524C 
 527      357E229C 
 527      7D72FC51 
 527      ECE246A1 
 528 0794 ADC366C5 		.ascii	"\255\303f\305\371f\361\371\304\265\210\224w\016}\337"
 528      F966F1F9 
 528      C4B58894 
 528      770E7DDF 
 529 07a4 1D27E24F 		.ascii	"\035'\342OW\335l\347\253\205\375\224\311hP\320\015T"
 529      57DD6CE7 
 529      AB85FD94 
 529      C96850D0 
 529      0D54
 530 07b6 7E583455 		.ascii	"~X4U\370\366\004}G.Q{e\233\224\323\315-\035\313\015"
 530      F8F6047D 
 530      472E517B 
 530      659B94D3 
 530      CD2D1DCB 
 531 07cb 2A60A50A 		.ascii	"*`\245\012\330"
 531      D8
 532 07d0 2E01BE5A 		.ascii	".\001\276ZpdS\020\303Z\025\320(\001n\367\314\177\020"
 532      70645310 
 532      C35A15D0 
 532      28016EF7 
 532      CC7F10
 533 07e3 04D8A202 		.ascii	"\004\330\242\002v0\025\177JK3\027\333'\232\213\275\205"
 533      7630157F 
 533      4A4B3317 
 533      DB279A8B 
 533      BD85
 534 07f5 568B3977 		.ascii	"V\2139w\354\030\253\345\243a\223'\347e\275\373A^\246"
 534      EC18ABE5 
 534      A3619327 
 534      E765BDFB 
 534      415EA6
 535 0808 C739C9E1 		.ascii	"\3079\311\3411\347zl\322r\011[\230\220_\220\347q}\232"
 535      31E77A6C 
 535      D272095B 
 535      98905F90 
ARM GAS  /tmp/ccVESCIt.s 			page 42


 535      E7717D9A 
 536 081c E7989C66 		.ascii	"\347\230\234f\323\215\314\376()c\350\010\242+q\272\274"
 536      D38DCCFE 
 536      282963E8 
 536      08A22B71 
 536      BABC
 537 082e 564B9E57 		.ascii	"VK\236W\223\235\233\221C3shn\016\315\310\321d\215\315"
 537      939D9B91 
 537      43337368 
 537      6E0ECDC8 
 537      D1648DCD 
 538 0842 C819612E 		.ascii	"\310\031a.ty\3156\263\267\260\310lw\026\025\270\013"
 538      7479CD36 
 538      B3B7B0C8 
 538      6C771615 
 538      B80B
 539 0854 27E69BBD 		.ascii	"'\346\233\275\036w\221\3236dh\252L\234ZR\374I\252\335"
 539      1E7791D3 
 539      366468AA 
 539      4C9C5A52 
 539      FC49AADD 
 540 0868 3169A2D3 		.ascii	"1i\242\323\233:\376\357\346\374\242\"2<DY\306\230\334"
 540      9B3AFEEF 
 540      E6FCA222 
 540      323C4459 
 540      C698DC
 541 087b 51B96644 		.ascii	"Q\271fD8m\016U\246\331\351R\264Y\361\177\332\004\022"
 541      386D0E55 
 541      A6D9E952 
 541      B459F17F 
 541      DA0412
 542 088e 97933D32 		.ascii	"\227\223=2o\354?\212\034\231\216\361\372\367<\036\267"
 542      6FEC3F8A 
 542      1C998EF1 
 542      FAF73C1E 
 542      B7
 543 089f 27C36D77 		.ascii	"'\303mw\304\344z\363\275\016\023\213\212\255\213\377"
 543      C4E47AF3 
 543      BD0E138B 
 543      8AAD8BFF 
 544 08af 6490E603 		.ascii	"d\220\346\003\267m\242\221\255\260A`r\224\313\351M\314"
 544      B76DA291 
 544      ADB04160 
 544      7294CBE9 
 544      4DCC
 545 08c1 28C01991 		.ascii	"(\300\031\221#\323\341u\330\274N\267\353\017?\237\257"
 545      23D3E175 
 545      D8BC4EB7 
 545      EB0F3F9F 
 545      AF
 546 08d2 51AE08F9 		.ascii	"Q\256\010\371BeF\346\231\361\312>t\243\\\305\336|\227"
 546      426546E6 
 546      99F1CA3E 
 546      74A35CC5 
 546      DE7C97
 547 08e5 CD61C8C9 		.ascii	"\315a\310\311w\331\335\205\331%\205\2378</0T\026N\024"
 547      77D9DD85 
ARM GAS  /tmp/ccVESCIt.s 			page 43


 547      D925859F 
 547      383C2F30 
 547      54164E14 
 548 08f9 0404F259 		.ascii	"\004\004\362Y\216\374\002\357\204\261\216b\257\376\335"
 548      8EFC02EF 
 548      84B18E62 
 548      AFFEDD
 549 0908 12AF3BC7 		.ascii	"\022\257;\307Q\354\360\306g;\213\275\031\356\302\242"
 549      51ECF0C6 
 549      673B8BBD 
 549      19EEC2A2 
 550 0918 02A74821 		.ascii	"\002\247H!J\315tNr\332\035\036m\206\3335\336\371\251"
 550      4ACD744E 
 550      72DA1D1E 
 550      6D86DB35 
 550      DEF9A9
 551 092b 55BE5AE4 		.ascii	"U\276Z\344\353\320\270l\267\263\330\221\353.\361\330"
 551      EBD0B86C 
 551      B7B3D891 
 551      EB2EF1D8 
 552 093b 1CEFFCCA 		.ascii	"\034\357\374\3128X\335'\020Q\244\304*\2134\345{\012"
 552      3858DD27 
 552      1051A4C4 
 552      2A8B34E5 
 552      7B0A
 553 094d 27BD955A 		.ascii	"'\275\225Z\230V\230\357t\015\266\027\027\015\036_D\342"
 553      985698EF 
 553      740DB617 
 553      170D1E5F 
 553      44E2
 554 095f 6C6E8FD7 		.ascii	"ln\217\32719\265\320j%\003\344\334\27779/\327\341\225"
 554      3139B5D0 
 554      6A2503E4 
 554      DCBF3739 
 554      2FD7E195 
 555 0973 F6A615E5 		.ascii	"\366\246\025\345{\274iC\022#,\275\300\346X\231J\212"
 555      7BBC6943 
 555      12232CBD 
 555      C0E65899 
 555      4A8A
 556 0985 650FBF40 		.ascii	"e\017\277@q\364N\015v?2\272{e\351\025u\216uE\010\336"
 556      71F44E0D 
 556      763F32BA 
 556      7B65E915 
 556      758E7545 
 557 099b 1469EDB7 		.ascii	"\024i\355\267\352d\216\303\346F5\271\016\207]\354\035"
 557      EA648EC3 
 557      E64635B9 
 557      0E875DEC 
 557      1D
 558 09ac 79DB80E8 		.ascii	"y\333\200\350\2108\266\204\276\307:m\023\207\377\212"
 558      8838B684 
 558      BEC73A6D 
 558      1387FF8A 
 559 09bc C260454C 		.ascii	"\302`EL\254\"\341\274\377\003r\346\274\325"
 559      AC22E1BC 
 559      FF0372E6 
ARM GAS  /tmp/ccVESCIt.s 			page 44


 559      BCD5
 560              		.text
 561              		.section	.gnu.lto_.symtab.ffa5d2687ab95123,"e",%progbits
 562 0000 48414C5F 		.ascii	"HAL_RNGEx_SetConfig\000"
 562      524E4745 
 562      785F5365 
 562      74436F6E 
 562      66696700 
 563 0014 00       		.ascii	"\000"
 564 0015 00       		.ascii	"\000"
 565 0016 00       		.ascii	"\000"
 566 0017 00000000 		.ascii	"\000\000\000\000\000\000\000\000"
 566      00000000 
 567 001f 1C010000 		.ascii	"\034\001\000\000"
 568 0023 48414C5F 		.ascii	"HAL_RNGEx_GetConfig\000"
 568      524E4745 
 568      785F4765 
 568      74436F6E 
 568      66696700 
 569 0037 00       		.ascii	"\000"
 570 0038 00       		.ascii	"\000"
 571 0039 00       		.ascii	"\000"
 572 003a 00000000 		.ascii	"\000\000\000\000\000\000\000\000"
 572      00000000 
 573 0042 25010000 		.ascii	"%\001\000\000"
 574 0046 48414C5F 		.ascii	"HAL_RNGEx_LockConfig\000"
 574      524E4745 
 574      785F4C6F 
 574      636B436F 
 574      6E666967 
 575 005b 00       		.ascii	"\000"
 576 005c 00       		.ascii	"\000"
 577 005d 00       		.ascii	"\000"
 578 005e 00000000 		.ascii	"\000\000\000\000\000\000\000\000"
 578      00000000 
 579 0066 2B010000 		.ascii	"+\001\000\000"
 580 006a 48414C5F 		.ascii	"HAL_RNGEx_RecoverSeedError\000"
 580      524E4745 
 580      785F5265 
 580      636F7665 
 580      72536565 
 581 0085 00       		.ascii	"\000"
 582 0086 00       		.ascii	"\000"
 583 0087 00       		.ascii	"\000"
 584 0088 00000000 		.ascii	"\000\000\000\000\000\000\000\000"
 584      00000000 
 585 0090 2F010000 		.ascii	"/\001\000\000"
 586 0094 48414C5F 		.ascii	"HAL_GetTick\000"
 586      47657454 
 586      69636B00 
 587 00a0 00       		.ascii	"\000"
 588 00a1 02       		.ascii	"\002"
 589 00a2 00       		.ascii	"\000"
 590 00a3 00000000 		.ascii	"\000\000\000\000\000\000\000\000"
 590      00000000 
 591 00ab 33010000 		.ascii	"3\001\000\000"
 592 00af 524E475F 		.ascii	"RNG_RecoverSeedError\000"
ARM GAS  /tmp/ccVESCIt.s 			page 45


 592      5265636F 
 592      76657253 
 592      65656445 
 592      72726F72 
 593 00c4 00       		.ascii	"\000"
 594 00c5 02       		.ascii	"\002"
 595 00c6 00       		.ascii	"\000"
 596 00c7 00000000 		.ascii	"\000\000\000\000\000\000\000\000"
 596      00000000 
 597 00cf 35010000 		.ascii	"5\001\000\000"
 598              		.text
 599              		.section	.gnu.lto_.ext_symtab.ffa5d2687ab95123,"e",%progbits
 600 0000 01       		.ascii	"\001"
 601 0001 01       		.ascii	"\001"
 602 0002 00       		.ascii	"\000"
 603 0003 01       		.ascii	"\001"
 604 0004 00       		.ascii	"\000"
 605 0005 01       		.ascii	"\001"
 606 0006 00       		.ascii	"\000"
 607 0007 01       		.ascii	"\001"
 608 0008 00       		.ascii	"\000"
 609 0009 01       		.ascii	"\001"
 610 000a 00       		.ascii	"\000"
 611 000b 01       		.ascii	"\001"
 612 000c 00       		.ascii	"\000"
 613              		.text
 614              		.section	.gnu.lto_.opts,"e",%progbits
 615 0000 272D666E 		.ascii	"'-fno-openmp' '-fno-openacc' '-fno-pie' '-fcf-prote"
 615      6F2D6F70 
 615      656E6D70 
 615      2720272D 
 615      666E6F2D 
 616 0033 6374696F 		.ascii	"ction=none' '-mcpu=cortex-m33' '-mthumb' '-mfpu=fpv"
 616      6E3D6E6F 
 616      6E652720 
 616      272D6D63 
 616      70753D63 
 617 0066 342D7370 		.ascii	"4-sp-d16' '-mfloat-abi=hard' '-mlibarch=armv8-m.mai"
 617      2D643136 
 617      2720272D 
 617      6D666C6F 
 617      61742D61 
 618 0099 6E2B6473 		.ascii	"n+dsp+fp' '-march=armv8-m.main+dsp+fp' '-Os' '-flto"
 618      702B6670 
 618      2720272D 
 618      6D617263 
 618      683D6172 
 619 00cc 2720272D 		.ascii	"' '-fdata-sections' '-ffunction-sections' '-Xassemb"
 619      66646174 
 619      612D7365 
 619      6374696F 
 619      6E732720 
 620 00ff 6C657227 		.ascii	"ler' '-a' '-Xassembler' '-ad' '-Xassembler' '-alms="
 620      20272D61 
 620      2720272D 
 620      58617373 
 620      656D626C 
ARM GAS  /tmp/ccVESCIt.s 			page 46


 621 0132 6275696C 		.ascii	"build/../sdk/stm32/STM32U5xx_HAL_Driver/Src/stm32u5"
 621      642F2E2E 
 621      2F73646B 
 621      2F73746D 
 621      33322F53 
 622 0165 78785F68 		.ascii	"xx_hal_rng_ex.lst'\000"
 622      616C5F72 
 622      6E675F65 
 622      782E6C73 
 622      742700
 623              		.text
 624              		.comm	__gnu_lto_slim,1,1
 625              		.ident	"GCC: (15:10.3-2021.07-4) 10.3.1 20210621 (release)"
ARM GAS  /tmp/ccVESCIt.s 			page 47


DEFINED SYMBOLS
                            *ABS*:0000000000000000 stm32u5xx_hal_rng_ex.c
                            *COM*:0000000000000001 __gnu_lto_slim

NO UNDEFINED SYMBOLS
