ARM GAS  /tmp/ccoNJpID.s 			page 1


   1              		.cpu cortex-m33
   2              		.eabi_attribute 27, 1
   3              		.eabi_attribute 28, 1
   4              		.eabi_attribute 20, 1
   5              		.eabi_attribute 21, 1
   6              		.eabi_attribute 23, 3
   7              		.eabi_attribute 24, 1
   8              		.eabi_attribute 25, 1
   9              		.eabi_attribute 26, 1
  10              		.eabi_attribute 30, 4
  11              		.eabi_attribute 34, 1
  12              		.eabi_attribute 18, 4
  13              		.file	"stm32u5xx_hal_pcd_ex.c"
  14              		.section	.gnu.lto_.profile.6af017c22aa23f0a,"e",%progbits
  15 0000 789C6362 		.ascii	"x\234cb\000\001\000\000\022\000\003"
  15      00010000 
  15      120003
  16              		.text
  17              		.section	.gnu.lto_.icf.6af017c22aa23f0a,"e",%progbits
  18 0000 789C3362 		.ascii	"x\2343b@\000\016\206\3133\267us2\256\336\265h\037+\323"
  18      40000E86 
  18      CB33B775 
  18      7332AEDE 
  18      B5681F2B 
  19 0015 EAAD374F 		.ascii	"\352\2557Op2\177\332\330\362\224\235\345\322\364\246"
  19      70327FDA 
  19      D8F2949D 
  19      E5D2F4A6 
  20 0025 25BCAC37 		.ascii	"%\274\2547\247/z\312\317\006&\331\027};~\234\223\001"
  20      A72F7ACA 
  20      CF0626D9 
  20      177D3B7E 
  20      9C9301
  21 0038 0059AF17 		.ascii	"\000Y\257\027\313"
  21      CB
  22              		.text
  23              		.section	.gnu.lto_.ipa_sra.6af017c22aa23f0a,"e",%progbits
  24 0000 789C754C 		.ascii	"x\234uL\011\016\000 \010\002\263\343\331}\246\177\226"
  24      090E0020 
  24      0802B3E3 
  24      D97DA67F 
  24      96
  25 0011 D9D6B185 		.ascii	"\331\326\261\205SP\230\015\033\005\212\007\201\234$"
  25      5350980D 
  25      1B058A07 
  25      819C24
  26 0020 4EC1499D 		.ascii	"N\301I\235\242\214\031G\223i\313l\246RX\327\267SZ\300"
  26      A28C1947 
  26      9369CB6C 
  26      A65258D7 
  26      B7535AC0 
  27 0034 968F7D26 		.ascii	"\226\217}&W\335'\240\003^`\004\265"
  27      57DD27A0 
  27      035E6004 
  27      B5
  28              		.text
  29              		.section	.gnu.lto_.inline.6af017c22aa23f0a,"e",%progbits
ARM GAS  /tmp/ccoNJpID.s 			page 2


  30 0000 789C8D92 		.ascii	"x\234\215\222\301M\303@\020E\377\314,\304R\002\204#"
  30      C14DC340 
  30      1045FFCC 
  30      2CC45202 
  30      8423
  31 0012 3757C139 		.ascii	"7W\3019\025\244\2108$\022\247\320\000Z\240\001\213\012"
  31      15A48838 
  31      2412A7D0 
  31      005AA001 
  31      8B0A
  32 0024 38840E80 		.ascii	"8\204\016\2003H\024@\011P\004w\376\354\232`\013\023"
  32      33481440 
  32      09500477 
  32      FEEC9A60 
  32      0B13
  33 0036 B207CFCC 		.ascii	"\262\007\317\314\356\333\377gG~UlV\001\034]\305\370"
  33      EEDBFF67 
  33      477E556C 
  33      56011C5D 
  33      C5F8
  34 0048 A60B29E4 		.ascii	"\246\013)\344bm\270\265\265\211\000R16U\024Y\361H\036"
  34      626DB8B5 
  34      B5890052 
  34      31365514 
  34      59F1481E 
  35 005c A4D99647 		.ascii	"\244\331\226G\321U\003\2030\324\257\312\223\337\023"
  35      D1550383 
  35      30D4AFCA 
  35      93DF13
  36 006b 66BE18DD 		.ascii	"f\276\030\335G\233\332\030-\033\322/^\002\373\014Q\347"
  36      479BDA18 
  36      2D1BD22F 
  36      5E02FB0C 
  36      51E7
  37 007d 0ACDA9CD 		.ascii	"\012\315\251\3151\201\372\241\316\002&\001!\003\210"
  37      3181FAA1 
  37      CE022601 
  37      210388
  38 008c 04AE1DA8 		.ascii	"\004\256\035\250J\224\337D\211\030J\204TTc\214\335\021"
  38      4A94DF44 
  38      89184A84 
  38      5454638C 
  38      DD11
  39 009e C7E9C692 		.ascii	"\307\351\306\222\375\323-\200~\341\204;\265-\200\001"
  39      FDD32D80 
  39      7EE1843B 
  39      B52D8001 
  40 00ae 93E76C27 		.ascii	"\223\347l'\011\233)\302&G\360^Q8dgm\201t\217\275\355"
  40      099B29C2 
  40      2647F05E 
  40      51386467 
  40      6D81748F 
  41 00c4 226018B1 		.ascii	"\"`\030\261x\3470[\002\207Y\023I\234\257\334&\0200L"
  41      78E7305B 
  41      02875913 
  41      499CAFDC 
  41      2610304C 
ARM GAS  /tmp/ccoNJpID.s 			page 3


  42 00d8 2E1D8103 		.ascii	".\035\201\003n\335\271\300\016\035\354\301\362\324\204"
  42      6EDDB9C0 
  42      0E1DECC1 
  42      F2D484
  43 00e7 50CFA459 		.ascii	"P\317\244Y\374K\014\360\202\373\217\317\033=owq\232"
  43      FC4B0CF0 
  43      82FB8FCF 
  43      1B3D6F77 
  43      719A
  44 00f9 5EB6ECB0 		.ascii	"^\266\354\260\177\316a\344\323\254\247?\211\016\375"
  44      7FCE61E4 
  44      D3ACA73F 
  44      890EFD
  45 0108 27485FA9 		.ascii	"'H_\251\247\277\317\273\240\364\207^\010\370\002P\004"
  45      A7BFCFBB 
  45      A0F4875E 
  45      08F80250 
  45      04
  46 0119 8393     		.ascii	"\203\223"
  47              		.text
  48              		.section	.gnu.lto_.jmpfuncs.6af017c22aa23f0a,"e",%progbits
  49 0000 789C9590 		.ascii	"x\234\225\220\333\015\3020\014E\357u\322\302_w\351\200"
  49      DB0DC230 
  49      0C45EF75 
  49      D2C25F77 
  49      E980
  50 0012 B00333F0 		.ascii	"\260\0033\360\331\005\370\202\275\372\010\256m\012H"
  50      D905F882 
  50      BDFA08AE 
  50      6D0A48
  51 0021 2815962C 		.ascii	"(\025\226,\307'\307\261\224;\261\305\021\231\032\335"
  51      C727C7B1 
  51      943BB1C5 
  51      11991ADD 
  52 0031 F99A4413 		.ascii	"\371\232D\023\221i\205+\223\250)j\216\332\350\005\240"
  52      9169852B 
  52      93A8296A 
  52      8EDAE805 
  52      A0
  53 0042 07CDA6FD 		.ascii	"\007\315\246\375h\332\303\313\314'}\237\217Lh\026\215"
  53      68DAC3CB 
  53      CC277D9F 
  53      8F4C6816 
  53      8D
  54 0053 0E72496A 		.ascii	"\016rIj\360\215\201\212Vh\274\330% ?\314\312\364\354"
  54      F08D818A 
  54      5668BCD8 
  54      25203FCC 
  54      CAF4EC
  55 0066 D333F7D6 		.ascii	"\3233\367\326L.N\273\342\350\342\350\242\030M\354\015"
  55      4C2E4EBB 
  55      E2E8E2E8 
  55      A2184DEC 
  55      0D
  56 0077 F6C178E3 		.ascii	"\366\301x\343\037}e\331\342\336\362\275l\020\243\203"
  56      1F7D65D9 
  56      E2DEF2BD 
ARM GAS  /tmp/ccoNJpID.s 			page 4


  56      6C10A383 
  57 0087 F897E009 		.ascii	"\370\227\340\011\2346b\203"
  57      9C366283 
  58              		.text
  59              		.section	.gnu.lto_.pureconst.6af017c22aa23f0a,"e",%progbits
  60 0000 789C05C1 		.ascii	"x\234\005\301\201\021\000\020\020\004\261\303\362Z\320"
  60      81110010 
  60      1004B1C3 
  60      F25AD0
  61 000f F9CF562B 		.ascii	"\371\317V+yInd\310\224%\310nNS\362\001B4\005*"
  61      79496E64 
  61      C89425C8 
  61      6E4E53F2 
  61      01423405 
  62              		.text
  63              		.section	.gnu.lto_.lto.6af017c22aa23f0a,"e",%progbits
  64 0000 09000400 		.ascii	"\011\000\004\000\001\000\000\000"
  64      01000000 
  65              		.text
  66              		.section	.gnu.lto_HAL_PCDEx_PMAConfig.160.6af017c22aa23f0a,"e",%progbits
  67 0000 789C8D53 		.ascii	"x\234\215SMhTW\024\276\337;\367\315\233I2c\2621\340"
  67      4D685457 
  67      14BEDF3B 
  67      F7CD9B49 
  67      3263B231 
  68 0015 CA2E44BA 		.ascii	"\312.D\272H^\232 \256\012\026\272p\321\202`\013\342"
  68      485E9A20 
  68      AE0A16BA 
  68      70D18260 
  68      0BE2
  69 0027 C2619C19 		.ascii	"\302a\234\031q\210\243\217\231Q\263)\276\230\230\300"
  69      7188A38F 
  69      9951B329 
  69      BE9898C0 
  70 0037 841027FD 		.ascii	"\204\020'\375\261\006u\361\030$ \332\205\377\332\326"
  70      B10675F1 
  70      182420DA 
  70      85FFDAD6 
  71 0047 B141D27F 		.ascii	"\261A\322\177TPI\324\322R\324\270\021\311\246\322\206"
  71      545049D4 
  71      D252D4B8 
  71      11C9A6D2 
  71      86
  72 0058 EA39EFBD 		.ascii	"\3529\357\275f&\245j\207\231{\3579\367\373\316\371\356"
  72      6626A56A 
  72      87997BEF 
  72      39F7FBCE 
  72      F9EE
  73 006a 77EF8C6A 		.ascii	"w\357\214j\245\016+\245\016\360\0171\205\361J\331P\256"
  73      A50E2BA5 
  73      0EF00F31 
  73      85F14AD9 
  73      50AE
  74 007c EBAEB30C 		.ascii	"\353\256\263\014c\2402b`\012\034\255\324\203\225\204"
  74      63A03262 
  74      600A1CAD 
  74      D4839584 
ARM GAS  /tmp/ccoNJpID.s 			page 5


  75 008c 3F133EAD 		.ascii	"?\023>\2554\371\373\232W\377`Mc\250\001;\034b#\370|"
  75      34F9FB9A 
  75      57FF604D 
  75      63A8013B 
  75      1C6223F8 
  76 00a1 DC830FB0 		.ascii	"\334\203\017\260d\371F\000\216\242\277R~t\357\214\016"
  76      64F94600 
  76      8EA2BF52 
  76      7E74EF8C 
  76      0E
  77 00b2 F0EB2CA8 		.ascii	"\360\353,\250}\006i3\302;\373\3601\275Ys\335g\327\216"
  77      7D066933 
  77      C23BFBF0 
  77      31BD5973 
  77      DD67D78E 
  78 00c6 95479A27 		.ascii	"\225G\232'&k\250\222R\307H\241\007],Q\035!\214S\225"
  78      266BA892 
  78      52C748A1 
  78      075D2C51 
  78      1D218C53 
  79 00db 001DAE0C 		.ascii	"\000\035\256\014\254\344\025\365\251\325L\273\376\327"
  79      ACE415F5 
  79      A9D54CBB 
  79      FED7
  80 00e9 05D78DA9 		.ascii	"\005\327\215\251*\021\316CX\347\200\263P\222\2503\215"
  80      2A11CE43 
  80      58E780B3 
  80      5092A833 
  80      8D
  81 00fa 4566AB30 		.ascii	"Ef\2530?\012\230\023\277\017\271\255F\2254.\373\314"
  81      3F0A9813 
  81      BF0FB9AD 
  81      4695342E 
  81      FBCC
  82 010c 4BC0459F 		.ascii	"K\300E\237\251\205I\007\340\303\236\216\234\230\215"
  82      A9854907 
  82      E0C39E8E 
  82      9C988D
  83 011b 6F10D457 		.ascii	"o\020\324W\377\205\032\015P\327G\006\206\335V]%\023"
  83      FF851A0D 
  83      50D74706 
  83      86DD565D 
  83      2513
  84 012d 5796CA30 		.ascii	"W\226\3120\203#\320!\310\264J*\216\376PN\034\354\217"
  84      8323D021 
  84      C8B44A2A 
  84      8EFE504E 
  84      1CEC8F
  85 0140 562982AB 		.ascii	"V)\202\253\215`\376D\024\276\201\234^.\207\277\034}"
  85      8D60FE44 
  85      14BE819C 
  85      5E2E87BF 
  85      1C7D
  86 0152 71D3ACB9 		.ascii	"q\323\254\271\013\317\307\\\367\321\246\337&\332\333"
  86      0BCFC75C 
  86      F7D1A6DF 
  86      26DADB
ARM GAS  /tmp/ccoNJpID.s 			page 6


  87 0161 C1452D83 		.ascii	"\301E-\203\207(\361\020\323\022\2322Dxh\262d\025\225"
  87      8728F110 
  87      D3129A32 
  87      447868B2 
  87      641595
  88 0174 2A4DC097 		.ascii	"*M\300\227h\006.\240E\302\270\014\011\340k\264\0015"
  88      68062EA0 
  88      45C2B80C 
  88      09E06BB4 
  88      0135
  89 0186 2C179C52 		.ascii	",\027\234Rc$7\344j\2705\245\016\222\021\004\375\034"
  89      632437E4 
  89      6AB835A5 
  89      0E921104 
  89      FD1C
  90 0198 3CC1C067 		.ascii	"<\301\300g\303\3233\005\217\340Q\223\270g\301\205z\214"
  90      C3D33305 
  90      8FE05193 
  90      B867C185 
  90      7A8C
  91 01aa C1C7532B 		.ascii	"\301\307S+\274\300O+\020\315D\352g\242Q'\032\312\243"
  91      BCC04F2B 
  91      10CD44EA 
  91      67A25127 
  91      1ACAA3
  92 01bd E5214FC3 		.ascii	"\345!O\303\342\344\376\205\341;3\177\313\013\360\310"
  92      E2E4FE85 
  92      E13B337F 
  92      CB0BF0C8 
  93 01cd E04D497D 		.ascii	"\340MI}R\276\306Q<\274\035\362\035:./dnY\225\232=j\306"
  93      52BEC651 
  93      3CBC1DF2 
  93      1D3A2E2F 
  93      646E5995 
  94 01e5 B49FEBE2 		.ascii	"\264\237\353\342\024\333\325\202oq\224\002?\27395\331"
  94      14DBD582 
  94      6F719402 
  94      3FBB3935 
  94      D9
  95 01f6 5EA538BE 		.ascii	"^\2458\276\223\202\234\034\024\342d\\\\\375\036\201"
  95      93829C1C 
  95      14E2645C 
  95      5CFD1E81 
  96 0206 2ADDA88A 		.ascii	"*\335\250\212\005\3741\263\305#bY\365\346-\257k\371"
  96      05FC31B3 
  96      C5236259 
  96      F5E62DAF 
  96      6BF9
  97 0218 23B7C462 		.ascii	"#\267\304b\3139\277\345OL\244\245-\177\016[\232u\007"
  97      CB39BFE5 
  97      4F4CA4A5 
  97      2D7F0E5B 
  97      9A7507
  98 022b D9AAB9A9 		.ascii	"\331\252\271\251\023'#\036%\002\033|\257\376D\224\217"
  98      1327231E 
  98      25021B7C 
  98      AFFE4494 
ARM GAS  /tmp/ccoNJpID.s 			page 7


  98      8F
  99 023c 4CA74EA7 		.ascii	"L\247N\247\270\271~x\032L\212,\3219\377\354\366\003"
  99      B8B97E78 
  99      1A4C8A2C 
  99      D139FFEC 
  99      F603
 100 024e 33F424D2 		.ascii	"3\364$\322\340\011\207q\217\242\270\001\025\252K\340"
 100      E0098771 
 100      8FA2B801 
 100      15AA4BE0 
 101 025e 26ABE3C3 		.ascii	"&\253\343\303\0134\201\360\224\317g7{\244=j\223\360"
 101      0B3481F0 
 101      94CF6737 
 101      7BA43D6A 
 101      93F0
 102 0270 69F9BEF1 		.ascii	"i\371\276\361\212\012\032\267\270\002\237\205\031\276"
 102      8A0A1AB7 
 102      B8029F85 
 102      19BE
 103 027e 7EEB5F52 		.ascii	"~\353_R~\361\245\274\\\300\235F\001\010\005\334\335"
 103      7EF1A5BC 
 103      5CC09D46 
 103      010805DC 
 103      DD
 104 028f E491B928 		.ascii	"\344\221\271(\340\326\253\005\314r\005-\002Ly:\013C"
 104      E0D6AB05 
 104      CC72052D 
 104      024C793A 
 104      0B43
 105 02a1 D3F7E6D9 		.ascii	"\323\367\346\331^v\255M\212\306\320\032\024}\300\217"
 105      5E76AD4D 
 105      8AC6D01A 
 105      147DC08F 
 106 02b1 C6E2FCFF 		.ascii	"\306\342\374\377\252y\237k\232R\323\362\017\025\255"
 106      AA799F6B 
 106      9A52D3F2 
 106      0F15AD
 107 02c0 5FCA3CF6 		.ascii	"_\312<\366\377z\370P\\J\253\340B\306\010\365\277\200"
 107      FF7AF850 
 107      5C4AABE0 
 107      42C608F5 
 107      BF80
 108 02d2 526BEDFC 		.ascii	"Rk\355\374\316\222\235\266Ky\307\316\344\234\035\273"
 108      CE929DB6 
 108      4B79C7CE 
 108      E49C1DBB 
 109 02e2 F2BD29BB 		.ascii	"\362\275)\273T\330\345\344\322]ou\024K\371\236\356\335"
 109      54D8E5E4 
 109      D25D6F75 
 109      144BF99E 
 109      EEDD
 110 02f4 6B3A7617 		.ascii	"k:v\027\267vd\262{zs\245\216m{\355\224\343\250\267;"
 110      B77664B2 
 110      7B7A73A5 
 110      8E6D7BED 
 110      94E3A8B7 
 111 0309 3BED62A6 		.ascii	";\355b\246\327\366\021\366\306\017\336\357\351\376p"
ARM GAS  /tmp/ccoNJpID.s 			page 8


 111      D7F611F6 
 111      C60FDEEF 
 111      E9FE70
 112 0318 4D5F5F72 		.ascii	"M__r\375;\357%\337-\344\366d\013\366\306B\332\016\013"
 112      FD3BEF25 
 112      DF2DE4F6 
 112      640BF6C6 
 112      42DA0E0B 
 113 032c F0C6F6D4 		.ascii	"\360\306\366\324\216\244\223\316$\263}\235i\245\267"
 113      8EA493CE 
 113      24B37D9D 
 113      69A5B7
 114 033b F3D2CA3A 		.ascii	"\363\322\312:\311T&S\220\2717\2673\023s\362\251T\246"
 114      C9542653 
 114      90B937B7 
 114      331373F2 
 114      A954A6
 115 034e 902D168D 		.ascii	"\220-\026\215\254\363\002e\252\247\247"
 115      ACF30265 
 115      AAA7A7
 116              		.text
 117              		.section	.gnu.lto_HAL_PCDEx_ActivateBCD.161.6af017c22aa23f0a,"e",%progbits
 118 0000 789C8D92 		.ascii	"x\234\215\222Mh\023Q\020\307gvv\223M\212\212'\217\352"
 118      4D681351 
 118      10C76776 
 118      76934D8A 
 118      8A278FEA 
 119 0014 41C543F2 		.ascii	"A\305C\362bC\021\004A\305\203\007=\305\036%\304$\322"
 119      62431104 
 119      41C58307 
 119      3DC51E25 
 119      C424D2
 120 0027 90C62E49 		.ascii	"\220\306.IZs\221\276\324\203\220\036\322FT\024\355!"
 120      5A7391BE 
 120      D483901E 
 120      D2465414 
 120      ED21
 121 0039 2CE2CD8B 		.ascii	",\342\315\213\037\215F\014\225\212 b)x\020\304\217\203"
 121      1F8D460C 
 121      958A2062 
 121      297810C4 
 121      8F83
 122 004b 2008A6D4 		.ascii	" \010\246\324\217\026,\304y\273\211\221J\250\313\356"
 122      8F162CC4 
 122      79BB8991 
 122      4AA8CBEE 
 123 005b F0E6EDFF 		.ascii	"\360\346\355\377?\277\231\307;@\000E\000\330\315\037"
 123      3FBF99C7 
 123      3B400045 
 123      00D8CD1F 
 124 006b 126065BA 		.ascii	"\022`e\272\244\201\224\362\220W\303\342t\351\325\373"
 124      A48194F2 
 124      9057C3E2 
 124      74E9D5FB 
 125 007b BB3A3E42 		.ascii	"\273:>Bg\003a\\\303q\274D{\033R\256\316\317\274\375"
 125      6703615C 
 125      C371BC44 
ARM GAS  /tmp/ccoNJpID.s 			page 9


 125      7B1B52AE 
 125      CECFBCFD 
 126 008f E2BF7EBB 		.ascii	"\342\277~\273\2016W\230ag\030C\\\003n\020V\310&D\275"
 126      81365798 
 126      61671843 
 126      5C036E10 
 126      56C82644 
 127 00a4 BDD27007 		.ascii	"\275\322p\007\257\250\000{\330\266\2606+\245\017l\""
 127      AFA8007B 
 127      D8B6B036 
 127      2BA50F6C 
 127      22
 128 00b5 7C80CA75 		.ascii	"|\200\312u\037\361\036\202\332p\275t^\305],]z79\271"
 128      1FF11E82 
 128      DA70BD74 
 128      5EC55D2C 
 128      5D7A3739 
 129 00ca 79AA68DA 		.ascii	"y\252h\332\244c\355o-?\036\300\207\250\250\252k~9\273"
 129      A463ED6F 
 129      2D3F1EC0 
 129      87A8A8AA 
 129      6B7E39BB 
 130 00de B36834E4 		.ascii	"\263h4\344Z\253,e\363\324\307\357\333\266\"\32744\025"
 130      5AAB2C65 
 130      F3D4C7EF 
 130      DBB622D7 
 130      343415
 131 00f1 48055D05 		.ascii	"H\005]\005C\005\217\012^\025L\025\374\210\263\330\347"
 131      43058F0A 
 131      5E154C15 
 131      FC88B3D8 
 131      E7
 132 0102 D48332A9 		.ascii	"\324\2032\251\321\245\216\262\0010E\232\233\0249\371"
 132      D1A58EB2 
 132      0130459A 
 132      9B1439F9 
 133 0112 8A13F55A 		.ascii	"\212\023\365Zs\336\250R_{,B\325\350-u4\237\267\333\344"
 133      73DEA852 
 133      5F7B2C42 
 133      D5E82D75 
 133      349FB7DB 
 134 0127 A9921FEB 		.ascii	"\251\222\037\353\010!\316\271e/>\306\233N{\354\\^m^"
 134      0821CEB9 
 134      652F3EC6 
 134      9B4E7BEC 
 134      5C5E6D5E 
 135 013b F6FD11D3 		.ascii	"\366\375\021\323?b\023\237\260\230\371\252\256\211\310"
 135      3F62139F 
 135      B098F9AA 
 135      AE89C8
 136 014a 9EB97AED 		.ascii	"\236\271z\355\307'\252\022\266iz\227\306\006\037\267"
 136      C727AA12 
 136      B6697A97 
 136      C6061FB7 
 137 015a 8173ECDF 		.ascii	"\201s\354\337is\241\247l\326\034\322\205\312E\254\222"
 137      6973A1A7 
 137      6CD61CD2 
ARM GAS  /tmp/ccoNJpID.s 			page 10


 137      85CA45AC 
 137      92
 138 016b 56753D86 		.ascii	"Vu=\206[i\251\204=\255\317\\+{\034\346\233\237< \365"
 138      5B69A984 
 138      3DADCF5C 
 138      2B7B1CE6 
 138      9B9F3C20 
 139 0180 543FEF82 		.ascii	"T?\357\202\256(\220\316b\027\364\253\325jm\331\010\366"
 139      AE2890CE 
 139      6217F4AB 
 139      D56A6DD9 
 139      08F6
 140 0192 A203D31D 		.ascii	"\242\003\323\035\330\265\025\206\031=\325/\327\301\370"
 140      D8B51586 
 140      193DD52F 
 140      D7C1F8
 141 01a1 CC0C17B6 		.ascii	"\314\014\027\266\362?\260\205\016\314\343N\246`\336"
 141      F23FB085 
 141      0ECCE34E 
 141      A660DE
 142 01b0 9EEAC575 		.ascii	"\236\352\305uGh\262\330\205i\033\201^w@&,\343\304\207"
 142      4768B2D8 
 142      85691B81 
 142      5E774026 
 142      2CE3C487 
 143 01c4 6F573729 		.ascii	"oW7)#\270\367\264L\330\275P\000\373E\346l^\304E>c\211"
 143      23B8F7B4 
 143      4CD8BD50 
 143      00FB45E6 
 143      6C5EC445 
 144 01db 44CA1A1E 		.ascii	"D\312\032\036\311\244c\"\237\035\261R\361\320\276@."
 144      C9A46322 
 144      9F1DB152 
 144      F1D0BE40 
 144      2E
 145 01ec 9F09F78F 		.ascii	"\237\011\367\217\016\004Fs\247\003\211\344X:\225\017"
 145      0E044673 
 145      A70389E4 
 145      583A950F 
 146 01fc 9C392762 		.ascii	"\2349'b\226\005\007\203A\221K\244\205\243\020\221\223"
 146      96050783 
 146      41914BA4 
 146      85A31091 
 146      93
 147 020d 27C2FD83 		.ascii	"'\302\375\203\003\205B\364\330\341\343\321\243\331\324"
 147      038542F4 
 147      D8E1E3D1 
 147      A3D9D4
 148 021c 58322B22 		.ascii	"X2+\"\331\270h\027\340\037C\261\341\250\025OD\223\205"
 148      D9B86817 
 148      E01F43B1 
 148      E1A8154F 
 148      449385
 149 022f 601CF421 		.ascii	"`\034\364!^\352\203\221#\205\337\370%\034\264"
 149      5EEA8391 
 149      2385DFF8 
 149      251CB4
ARM GAS  /tmp/ccoNJpID.s 			page 11


 150              		.text
 151              		.section	.gnu.lto_HAL_PCDEx_DeActivateBCD.162.6af017c22aa23f0a,"e",%progbits
 152 0000 789C7590 		.ascii	"x\234u\2201h\023Q\030\307\277\377}wmRPw\027uPqH^l(N"
 152      31681351 
 152      18C7BFFF 
 152      7D776D52 
 152      50771775 
 153 001b 82150707 		.ascii	"\202\025\007\007\235b\347\020/\221\2044\366H\256\365"
 153      9D62E710 
 153      2F918434 
 153      F648AEF5 
 154 002b 16E94B1D 		.ascii	"\026\351K\035\304\024I[\241C\321\016\341\0207\007\253"
 154      C414495B 
 154      A143D10E 
 154      E1103707 
 154      AB
 155 003c 468D182A 		.ascii	"F\215\030*\215\243\342\342$\350\":(\245\223\005i\372"
 155      8DA3E2E2 
 155      24E8223A 
 155      28A59305 
 155      69FA
 156 004e BD245841 		.ascii	"\275$XAz\334=\276\357\335\377\367\375\377\357}\006Q"
 156      7ADC3DBE 
 156      EFDDFFF7 
 156      FDFFEF7D 
 156      0651
 157 0060 95884EC8 		.ascii	"\225\210N\310\007&,-\326,\322Z\237\033\266P]\254\275"
 157      07262C2D 
 157      D62CD25A 
 157      9F1BB650 
 157      5DACBD
 158 0073 FFB166E3 		.ascii	"\377\261f\343\025z\033\240Y\013\263\270\307\247\332"
 158      157A1BA0 
 158      590BB3B8 
 158      C7A7DA
 159 0082 5AFFDE58 		.ascii	"Z\377\336X\275\363sd\345Q\033!\023\255\012\231DBf\320"
 159      BDF37364 
 159      E5511B21 
 159      13AD0A99 
 159      444266D0 
 160 0096 7DC61287 		.ascii	"}\306\022\207\014\330\203\312\302Q\2518\240\223\202"
 160      0CD883CA 
 160      C251A938 
 160      A09382
 161 00a5 7DD8696A 		.ascii	"}\330ij\035\245\220\031\317a\250g\300S\211 \033}\226"
 161      1DA59019 
 161      CF61A867 
 161      C0538920 
 161      1B7D96
 162 00b8 6F9AF5B8 		.ascii	"o\232\365\270H7\347\357\316\037\\\250FB\266\361\342"
 162      4837E7EF 
 162      CE1F5CA8 
 162      4642B6F1 
 162      E2
 163 00c9 5FAD3C43 		.ascii	"_\255<C\204\2270\256&\265\274\322=\376\350\264\365\237"
 163      849730AE 
 163      26B5BCD2 
ARM GAS  /tmp/ccoNJpID.s 			page 12


 163      3DFEE8B4 
 163      F59F
 164 00db 6E5DEB4F 		.ascii	"n]\353O\371\257k\207#\220\231\216e\026\033h\302\351"
 164      F9AF6B87 
 164      2390998E 
 164      65161B68 
 164      C2E9
 165 00ed 11546773 		.ascii	"\021Tgs8mC\267\211\026\330\3527Ui~a\256\265\275\321"
 165      386D43B7 
 165      8916D8EA 
 165      3755697E 
 165      61AEB5BD 
 166 0102 711AEC0C 		.ascii	"q\032\354\014\2023L\224\207\346\360\337\217\204<\324"
 166      82334C94 
 166      87E6F0DF 
 166      8F843CD4 
 167 0112 90202D50 		.ascii	"\220 -PBz\0115\214\327x\320\013 \344V\263\263\034\375"
 167      427A0935 
 167      8CD778D0 
 167      0B20E456 
 167      B3B31CFD 
 168 0126 2BE6FFC4 		.ascii	"+\346\377\304\021\274\021\261\370\233\271\022M\230\365"
 168      11BC11B1 
 168      F89BB912 
 168      4D98F5
 169 0135 D6F6BB6F 		.ascii	"\326\366\273o\334`\014\334\354=7\001\242\022\003\353"
 169      DC600CDC 
 169      EC3D3701 
 169      A21203EB 
 170 0145 C21F0B79 		.ascii	"\302\037\013y\004o\005\266zN\267\226o\243\301V\243\317"
 170      046F05B6 
 170      7A4EB796 
 170      6FA3C156 
 170      A3CF
 171 0157 38D8E976 		.ascii	"8\330\351v\273\207\314\264\315\032\366\305;}\\8\332"
 171      BB87CCB4 
 171      CD1AF6C5 
 171      3B7D5C38 
 171      DA
 172 0168 C2DC9727 		.ascii	"\302\334\227'+\007\014L\375\253\2543\366n\204\350\214"
 172      2B070C4C 
 172      FDABAC33 
 172      F66E84E8 
 172      8C
 173 0179 2A5DF795 		.ascii	"*]\367\225\253\374\222\247\262\005or\252T\314(\277<"
 173      ABFC92A7 
 173      B2056F72 
 173      AA54CC28 
 173      BF3C
 174 018b E515DCC4 		.ascii	"\345\025\334\304\351X\305/%G\247\307b\323\225\253\261"
 174      E958C52F 
 174      2547A7C7 
 174      62D395AB 
 174      B1
 175 019c 6C6EA658 		.ascii	"ln\246X\360c\327n\250\214\347\321\331x\\U\262E\325S"
 175      F063D76E 
 175      A88CE7D1 
ARM GAS  /tmp/ccoNJpID.s 			page 13


 175      D9785C55 
 175      B245D553 
 176 01b0 A8D495CB 		.ascii	"\250\324\225\313\311\321\211\261 H_\034\277\224\276"
 176      C9D189B1 
 176      20485F1C 
 176      BF94BE
 177 01bf 502ECCE4 		.ascii	"P.\314\344\312*Uv\325`\200\374\310g&\323\236\233M\347"
 177      CA2A5576 
 177      D56080FC 
 177      C86726D3 
 177      9E9B4DE7 
 178 01d3 82B84B76 		.ascii	"\202\270Kv^J{\"u>\330\005\372\251\275\251"
 178      5E4A7B22 
 178      753ED805 
 178      FAA9BDA9 
 179              		.text
 180              		.section	.gnu.lto_HAL_PCDEx_BCD_VBUSDetect.163.6af017c22aa23f0a,"e",%progbits
 181 0000 789C8D54 		.ascii	"x\234\215Tmh[U\030>\3579\367+\037M\243\3221Dl\373C\304"
 181      6D685B55 
 181      183EEF39 
 181      F72B1F4D 
 181      A3D23144 
 182 0018 417BB78E 		.ascii	"A{\267\216\261_\302\024\177\370C\177\325\375\016]ZY"
 182      B15FC214 
 182      7FF8437F 
 182      D5FD0E5D 
 182      5A59
 183 002a ECEA429A 		.ascii	"\354\352B\232\315\374\221\335\256]\013-\243I\035C\333"
 183      CDFC91DD 
 183      AE5D0B2D 
 183      A3491D43 
 183      DB
 184 003b 19310499 		.ascii	"\0311\004\2318\024\004\347\346\252+\352\306`L\266Iq"
 184      381404E7 
 184      E6AA2BEA 
 184      C6604CB6 
 184      4971
 185 004d 5B68ED44 		.ascii	"[h\355D\366\005\233A\354P\367\021\337\367\234\233{\333"
 185      F6059B41 
 185      EC50F711 
 185      DFF79C9B 
 185      7BDB
 186 005f 906C86E4 		.ascii	"\220l\206\344\3159\347>\317\373>\357s\316\271G\015\306"
 186      CD39E73E 
 186      CFFB3EEF 
 186      73CEB947 
 186      0DC6
 187 0071 26186367 		.ascii	"&\030cg\360\007M\014\246r\343\2349\216\263\305\344|"
 187      F0074D0C 
 187      A672E39C 
 187      398EB3C5 
 187      E47C
 188 0083 3837C1E1 		.ascii	"87\301\341[\030\377|\262E\033\311E\356^(\257\323\004"
 188      5B18FF7C 
 188      B2451BC9 
 188      45EE5E28 
 188      AFD304
ARM GAS  /tmp/ccoNJpID.s 			page 14


 189 0096 1CF0101A 		.ascii	"\034\360\020\032\337\247\0208k\323\336\317\376\246\006"
 189      DFA71038 
 189      6BD3DECF 
 189      FEA606
 190 00a5 3A1FCD85 		.ascii	":\037\315\205\344h,\027\221\377\006|0U\000\3111i\330"
 190      E4682C17 
 190      91FF067C 
 190      305500C9 
 190      3169D8
 191 00b8 AEF896BF 		.ascii	"\256\370\226\277\034\340\323\331/\333\253\251f\252\251"
 191      1CE0D3D9 
 191      2FDBABA9 
 191      66AAA9
 192 00c7 8270A88A 		.ascii	"\202p\250\212\010\321\320%\206a(7\036P\350-&\260=\\"
 192      08D1D025 
 192      86612837 
 192      1E50E82D 
 192      26B03D5C 
 193 00db 68BA615A 		.ascii	"h\272aZ\201`(\014{\340=\361\002>\370\373T\376\323s\340"
 193      8160280C 
 193      7BE03DF1 
 193      023EF8FB 
 193      54FED373 
 194 00f0 1C9E83A2 		.ascii	"\034\236\203\242`,\217?\3719$`J\024\005\200\346\216"
 194      602C8F3F 
 194      F9392460 
 194      4A140580 
 194      E68E
 195 0102 38B4E148 		.ascii	"8\264\341Hd\330\363s\216s\376\3261\307\011\260\242\020"
 195      64D8F373 
 195      8E73FED6 
 195      31C709B0 
 195      A210
 196 0114 F0352007 		.ascii	"\3605 \007\216\002|\005\214\026\024W\274K\3619\204\226"
 196      8E027C05 
 196      8C161457 
 196      BC4BF139 
 196      8496
 197 0126 8FEC1F8B 		.ascii	"\217\354\037\213d\207\254\242\320\340\370J\254\013\034"
 197      6487ACA2 
 197      D0E0F84A 
 197      AC0B1C
 198 0135 030FF9D9 		.ascii	"\003\017\371\331\376\011\205\324\341D\015\322`0\013"
 198      FE0985D4 
 198      E1440DD2 
 198      60300B
 199 0144 F00DB802 		.ascii	"\360\015\270\002q\221\253\205/.\352s\316\375\312\244"
 199      7191AB85 
 199      2F2EEA73 
 199      CEFDCAA4 
 200 0154 E3FCF2D6 		.ascii	"\343\374\362\326\325\351\326u\200\032\014NAP\320(\350"
 200      D5E9D675 
 200      801A0C4E 
 200      4150D028 
 200      E8
 201 0165 140C0A26 		.ascii	"\024\014\012&\005\213\002\2117\202\024B\024\302\024"
 201      058B0289 
ARM GAS  /tmp/ccoNJpID.s 			page 15


 201      37821442 
 201      14C214
 202 0174 9A284428 		.ascii	"\232(D(4S\210Rh\0018\006k\250\372ZF\365\331\244 s\035"
 202      34538852 
 202      68013806 
 202      6BA8FA5A 
 202      46F5D9A4 
 203 018b 0D9C39C6 		.ascii	"\015\2349\306\262\202\253\311\020N\356\300\336\331\177"
 203      B282ABC9 
 203      104EEEC0 
 203      DED97F
 204 019a E64FEB05 		.ascii	"\346O\353\005\261\306\365L\310\336>!\377o\264\026\205"
 204      B1C6F54C 
 204      C8DE3E21 
 204      FF6FB416 
 204      85
 205 01ab 59102DF0 		.ascii	"Y\020-\360\035\260\3658\307.-8\011\037\312v\3120\274"
 205      1DB0F538 
 205      C72E2D38 
 205      091FCA76 
 205      CA30BC
 206 01be 7479FA99 		.ascii	"ty\372\231\202X;\002\274(\002y!\275\014\342\203\221"
 206      82583B02 
 206      BC280279 
 206      21BD0CE2 
 206      8391
 207 01d0 A55FAF00 		.ascii	"\245_\257\000\223\313\241\274\340\214Q^\015\216\340"
 207      93CBA1BC 
 207      E08C515E 
 207      0D8EE0
 208 01df 3C8C15BF 		.ascii	"<\214\025\277\237=\276pZ\024\004\270\025u\277\"VhB)"
 208      9F3DBE70 
 208      5A1404B8 
 208      1575BF22 
 208      56684229 
 209 01f3 F02316FC 		.ascii	"\360#\026\374XN#p\012\013\222\241w`\370\340\330\002"
 209      584E2370 
 209      0A0B92A1 
 209      7760F8E0 
 209      D802
 210 0205 2F08FC4A 		.ascii	"/\010\374J\236\001Qv\023Fn\376\3604\256\251\005u\016"
 210      9E015176 
 210      13466EFE 
 210      F034AEA9 
 210      05750E
 211 0218 B2429C2F 		.ascii	"\262B\234/\377{\030d\207e\330\267T\271\302\225\234\346"
 211      FF7B1864 
 211      8765D8B7 
 211      54B9C295 
 211      9CE6
 212 022a 3C6D36B6 		.ascii	"<m6\266D\360(<\304\363\363\204$h+-A\201\327\256\241"
 212      44F0283C 
 212      C4F3F384 
 212      24682B2D 
 212      4181D7AE 
 213 023f 40514F56 		.ascii	"@QOV;i:\273R\023\024\204\206`\245\340A\245Ri\246\034"
 213      3B693ABB 
ARM GAS  /tmp/ccoNJpID.s 			page 16


 213      52131484 
 213      8660A5E0 
 213      41A55269 
 214 0255 E5716848 		.ascii	"\345qhH\377I\321\221'\335\232)\325q\253\3133\353:i\321"
 214      FF49D191 
 214      27DD9A29 
 214      D571ABCB 
 214      33EB3A69 
 215 026a 1B26BBE8 		.ascii	"\033&\273\350k\231\"-\006\202\225\026\355q:\346\253"
 215      6B99222D 
 215      06829516 
 215      ED713AE6 
 215      AB
 216 027b 3A0CA9E3 		.ascii	":\014\251\343\243\325:\340\002x\032n\323\206\231\217"
 216      A3D53AE0 
 216      02781A6E 
 216      D386998F 
 217 028b DAA64BB5 		.ascii	"\332\246K\265\333d!A\351h\363\266\311\2023\340n\221"
 217      DB642141 
 217      E968F3B6 
 217      C98233E0 
 217      6E91
 218 029d 3E8489B8 		.ascii	">\204\211\270\357\370\037\243x\010\003\015\245\226j"
 218      EFF81FA3 
 218      7808030D 
 218      A5966A
 219 02ac 1C0F2258 		.ascii	"\034\017\"Xe\277\367\177\034_\254v\252\316\347\311\022"
 219      65BFF77F 
 219      1C5FAC76 
 219      AACEE7C9 
 219      12
 220 02bd 6FD4E95F 		.ascii	"o\324\351_\244#\3240\321\325\032\267\303\010V:\254\307"
 220      A423D430 
 220      D1D51AB7 
 220      C308563A 
 220      ACC7
 221 02cf 69F8BDAA 		.ascii	"i\370\275\252!,5\374\334X\303]\332\361\246G\271}}\245"
 221      212C35FC 
 221      DC58C35D 
 221      DAF1A647 
 221      B97D7DA5 
 222 02e3 1DB7D1ED 		.ascii	"\035\267\321\355\010\022\224\0164T\332\275\015\027}"
 222      0812940E 
 222      3454DABD 
 222      0D177D
 223 02f2 BB0D3AE0 		.ascii	"\273\015:\340\376\215X.\211\2727\342\236w#\314\325\204"
 223      FE8D582E 
 223      89BA37E2 
 223      9E7723CC 
 223      D584
 224 0304 83CFD6C5 		.ascii	"\203\317\326\305\337\367\360\226\277\237\204?\261X\377"
 224      DFF7F096 
 224      BF9F843F 
 224      B158FF
 225 0313 CA3DF008 		.ascii	"\312=\360\010\001\377\312\221\035\363\213aEx2\217\327"
 225      01FFCA91 
 225      1DF38B61 
ARM GAS  /tmp/ccoNJpID.s 			page 17


 225      4578328F 
 225      D7
 226 0324 820845F1 		.ascii	"\202\010E\361\224|\313\224\362hrs\315[\006\033\317\217"
 226      947CCB94 
 226      F2687273 
 226      CD5B061B 
 226      CF8F
 227 0336 2E63E351 		.ascii	".c\343Q|\206/!\352y\201\216XT]\237\033\246\333xp\265"
 227      7C862F21 
 227      EA79818E 
 227      58545D9F 
 227      1BA6DB78 
 228 034c AEE506BA 		.ascii	"\256\345\006\272*\236\256\320j\302\201\326\272xV\205"
 228      2A9EAED0 
 228      6AC281D6 
 228      BA785685 
 229 035c 87FD36FE 		.ascii	"\207\3756\376\204\275K31YwR\200\377\306el\263=\360v"
 229      84BD4B33 
 229      31597752 
 229      80FFC665 
 229      6CB33DF0 
 230 0371 DA8EDBE9 		.ascii	"\332\216\333\351\201\244\335\233H\356\3309\320\337c"
 230      81A4DD9B 
 230      48EED839 
 230      D0DF63
 231 0380 A7533B93 		.ascii	"\247S;\223\211\370\372\015\035\203\351\201\215]\273"
 231      89F8FA0D 
 231      1D83E981 
 231      8D5DBB
 232 038f 3675EC1A 		.ascii	"6u\354\032\334\326\321\333\267\273?\221\356x\363\035"
 232      DCD6D1DB 
 232      B7BB3F91 
 232      EE78F31D 
 233 039f BB279964 		.ascii	"\273'\231d/vv\332\203\275\375\266D\330\335o\274\276"
 233      2F7676DA 
 233      83BDFDB6 
 233      44D8DD6F 
 233      BCBE
 234 03b1 B16BEBA6 		.ascii	"\261k\353\246L&\366\352K\257\305^I%v\367\245\354\356"
 234      4C26F6EA 
 234      4BAFC55E 
 234      492576F7 
 234      A5ECEE
 235 03c4 54DC7613 		.ascii	"T\334v\023\340\203\355=;b\311xo\254/\323\031g\332v\034"
 235      E083ED3D 
 235      3B62C978 
 235      6FAC2FD3 
 235      1967DA76 
 236 03d9 06D28978 		.ascii	"\006\322\211x\377`\272'\225\326\266v\277\234\371\017"
 236      FF60BA27 
 236      95D6B676 
 236      BF9CF90F 
 237 03e9 92204B58 		.ascii	"\222 KX"
 238              		.text
 239              		.section	.gnu.lto_HAL_PCDEx_ActivateLPM.164.6af017c22aa23f0a,"e",%progbits
 240 0000 789C8591 		.ascii	"x\234\205\221\315k\023Q\024\305\357\231;\371\252\037"
 240      CD6B1351 
ARM GAS  /tmp/ccoNJpID.s 			page 18


 240      14C5EF99 
 240      3BF9AA1F 
 241 0010 FF4275A1 		.ascii	"\377Bu\241\342\"\231\330P\\\011*.\\\350*v\035b\022i"
 241      E22299D8 
 241      505C092A 
 241      2E5CE82A 
 241      761D6212 
 242 0025 48638724 		.ascii	"Hc\207$\255\331\224\276\324E!.\322\306\225\242\025\206"
 242      ADD994BE 
 242      D445212E 
 242      D2C695A2 
 242      1586
 243 0037 41DCB951 		.ascii	"A\334\271Q\0335b\010\324\"\202\210k?w\256L)U[(\325\373"
 243      1B356208 
 243      D4228288 
 243      6B3F77AE 
 243      4C29555B 
 244 004e 66A215A5 		.ascii	"f\242\025\245:\314\\\336\2359\277{\316\233\247\014\242"
 244      3ACC5CDE 
 244      9D39BF7B 
 244      CE9BA70C 
 244      A2
 245 005f 1A111D94 		.ascii	"\032\021\035\224\007Lh\316\327\015RJ\035\017\031\250"
 245      074C68CE 
 245      D70D524A 
 245      1D0F19A8 
 246 006f CDD7BF6D 		.ascii	"\315\327\277m\3353\361\030\336\013\320\264\201i\\\345"
 246      DD33F118 
 246      DE0BD0B4 
 246      81695CE5 
 247 007f C31DA5D6 		.ascii	"\303\035\245\326\227\026\336\364\006\256\337\351\300"
 247      9716DEF4 
 247      06AEDFE9 
 247      C0
 248 008c 65A20521 		.ascii	"e\242\005!\023\210\313\014\272\301h\262\313\200\331"
 248      1388CB0C 
 248      BAC168B2 
 248      CB80D9
 249 009b 5F19D827 		.ascii	"_\031\330'+\256\322!\301^m\266\224\212\220\313\214E"
 249      2BAED221 
 249      C15E6DB6 
 249      948A90CB 
 249      8C45
 250 00ad 68EA0170 		.ascii	"h\352\001p\037\244_\370,O\351z@\244+\357\033W\366\316"
 250      1FA45FF8 
 250      2C4FE97A 
 250      40A42BEF 
 250      1B57F6CE 
 251 00c1 D5C22E9B 		.ascii	"\325\302.\233x\370\273V\256 \341\021\264\253N-\267t"
 251      78F8BB56 
 251      AE20E111 
 251      B4AB4E2D 
 251      B774
 252 00d3 775F073A 		.ascii	"w_\007:j\363{C\251\336\324\307w\203\273!3\003\206.\254"
 252      6AF37B43 
 252      A9DED4C7 
 252      7783BB21 
ARM GAS  /tmp/ccoNJpID.s 			page 19


 252      3303862E 
 253 00e8 8BA94B10 		.ascii	"\213\251K\020h!\344\261\324`\275MeBu\210\346\330\360"
 253      6821E4B1 
 253      D460BD4D 
 253      65427588 
 253      E6D8F0
 254 00fb 9B9A349F 		.ascii	"\233\2324\2371\323\336\350-\007\034\016\365\267\300"
 254      31D3DEE8 
 254      2D071C0E 
 254      F5B7C0
 255 010a D0A16EEB 		.ascii	"\320\241n\353\337\360i\320\345\240\303A\264Aq\351%^"
 255      DFF069D0 
 255      E5A0C341 
 255      B44171E9 
 255      255E
 256 011c 084F70D3 		.ascii	"\010Op\323\213\"\344jkm9\360K\314\177\211\303x*b\361"
 256      8B22E46A 
 256      6B6D39F0 
 256      4BCC7F89 
 256      C3782A62 
 257 0131 D773C380 		.ascii	"\327s\303\200\307\254\257-\376\213\211\240+\214\341"
 257      C7ACAF2D 
 257      FE8B89A0 
 257      2B8CE1
 258 0140 3311689F 		.ascii	"3\021h\237n{\343\313\254$D?\241\271\235P\200\001\211"
 258      6E7BE3CB 
 258      AC24443F 
 258      A1B99D50 
 258      800189
 259 0153 8E25E1F7 		.ascii	"\216%\341\367\273\274\013\317\004f/\335\345\346,\034"
 259      BBBC0BCF 
 259      04662FDD 
 259      E5E62C1C 
 260 0163 361C9F09 		.ascii	"6\034\237\011x\356\335\225:vD\237\373\2500\236\347\265"
 260      78EEDD95 
 260      3A76449F 
 260      FBA8309E 
 260      E7B5
 261 0175 AF218779 		.ascii	"\257!\207yG\365\213?\214L\021\373F\306\377\214^\376"
 261      47F58B3F 
 261      8C4C11FB 
 261      46C6FF8C 
 261      5EFE
 262 0187 34326915 		.ascii	"42i\0253\037\336\336\332\243A\362O\273\301\330>*\242"
 262      331FDEDE 
 262      DAA341F2 
 262      4FBBC1D8 
 262      3E2AA2
 263 019a A356F162 		.ascii	"\243V\361b\305\312X\225\242me\363\366\330x\261\220\266"
 263      C5CA5895 
 263      A26D65F3 
 263      F6D878B1 
 263      90B6
 264 01ac 2AA5713B 		.ascii	"*\245q;\237\211\037\211\226+\305\304\320\304pt\242|"
 264      9F891F89 
 264      962BC5C4 
 264      D0C47074 
ARM GAS  /tmp/ccoNJpID.s 			page 20


 264      A27C
 265 01be 3E9ACD4D 		.ascii	">\232\315M\026\362\225\350\205KV\332\266\351X,f\225"
 265      16F295E8 
 265      854B56DA 
 265      B6E9582C 
 265      6695
 266 01d0 B305CB53 		.ascii	"\263\005\313SX\311sg\023C#\303\325j\352\364\2113\251"
 266      58C97367 
 266      134323C3 
 266      D56AEAF4 
 266      8933A9
 267 01e3 53A5FC64 		.ascii	"S\245\374d\256d%K\031\253?@>\214\246\307Rv&\233\312"
 267      AE64254B 
 267      19AB3F40 
 267      3E8CA6C7 
 267      5276269B 
 268 01f8 55631932 		.ascii	"Uc\0312Gei\216$OV\177\000e\005\350\343"
 268      4765698E 
 268      244F567F 
 268      006505E8 
 268      E3
 269              		.text
 270              		.section	.gnu.lto_HAL_PCDEx_DeActivateLPM.165.6af017c22aa23f0a,"e",%progbits
 271 0000 789C8D91 		.ascii	"x\234\215\221?hSQ\024\306\317\367\316\313\237\326\301"
 271      3F685351 
 271      14C6CFF7 
 271      CECB9FD6 
 271      C1
 272 0011 D54D1D54 		.ascii	"\325M\035T\034\222\027\033\212\223\240\"\342\240 \304"
 272      1C92171B 
 272      8A93A022 
 272      E2A020C4 
 273 0021 62B79026 		.ascii	"b\267\220&\221\20646$i\315\"\271\251\203%Kl\004\011"
 273      91863436 
 273      2469CD22 
 273      B9A98325 
 273      4B6C0409 
 274 0035 A2151E0F 		.ascii	"\242\025\036\017q\263\016j\242\021Ck\203\340R\334\334"
 274      71B30E6A 
 274      A211436B 
 274      83E052DC 
 274      DC
 275 0046 AC939396 		.ascii	"\254\223\223\226N\016\232\347\271/\321\212R\360\361"
 275      4E0E9AE7 
 275      B92FD18A 
 275      52F0F1
 276 0055 DEE19CFB 		.ascii	"\336\341\234\373\276\337\371\316\275\367\262AT%\242"
 276      BEDFF9CE 
 276      BDF7B241 
 276      5425A2
 277 0064 C3F28109 		.ascii	"\303\362\201\011\215\245\232AJ\251\223\001\003\325\245"
 277      8DA59A41 
 277      4AA99301 
 277      03D5A5
 278 0073 9ABBB876 		.ascii	"\232\273\270v\026/\341-\200*\006*\270\315G\273J}[_\356"
 278      162FE12D 
 278      802A062A 
ARM GAS  /tmp/ccoNJpID.s 			page 21


 278      B8CD47BB 
 278      4A7D5B5F 
 279 0088 7F1DBDFB 		.ascii	"\177\035\275\373\250\013\207\211\226\205\214\"\"=\350"
 279      A80B8789 
 279      96858C22 
 279      223DE8
 280 0097 1EA3C10E 		.ascii	"\036\243\301\016\003\34603p@2.\323\021\3016\372-\245"
 280      03E63033 
 280      7040322E 
 280      D311C136 
 280      FA2DA5
 281 00aa 46C861C6 		.ascii	"F\310a\306sh\352\031\360\024\244\027\006,_\327\361\220"
 281      7368EA19 
 281      F014A417 
 281      062C5FD7 
 281      F190
 282 00bc 48B7169F 		.ascii	"H\267\026\237\254lB5\2248\230h\377\251\226\307Ox\001"
 282      AC6C4235 
 282      94389868 
 282      FFA996C7 
 282      4F7801
 283 00cf EDABE796 		.ascii	"\355\253\347\226W\252\307\357}]\365\335\255+\345V6W"
 283      57AAC7EF 
 283      7D5DF5DD 
 283      AD2BE556 
 283      3657
 284 00e1 A6F640BA 		.ascii	"\246\366@\272\372\014\035X\007S\007?\320B\300c\251\316"
 284      FA0C1D58 
 284      0753073F 
 284      D042C063 
 284      A9CE
 285 00f3 7AA3CA84 		.ascii	"z\243\312\204\352\022\335bcPT\245\370\202\205N\373M"
 285      EA12DD62 
 285      635054A5 
 285      F882854E 
 285      FB4D
 286 0105 73D2E6C0 		.ascii	"s\322\346\300p\023\014=\326C}\020\237\367;\354\267\331"
 286      70130C3D 
 286      D6437D10 
 286      9FF73BEC 
 286      B7D9
 287 0117 8F0E2822 		.ascii	"\217\016(\"u\320\341\000^\341\2767\212\220\333\255\365"
 287      75D0E100 
 287      5EE1BE37 
 287      8A90DBAD 
 287      F5
 288 0128 E6E46F31 		.ascii	"\346\344o1\377#\016\342\265\210\305_\367\015B3\253\235"
 288      FF230EE2 
 288      B588C55F 
 288      F70D4233 
 288      AB9D
 289 013a 76AF79D1 		.ascii	"v\257y\321f\014\335\314\0357\001Fd\014\254\012\177\320"
 289      660CDDCC 
 289      1D370146 
 289      640CAC0A 
 289      7FD0
 290 014c E151AC09 		.ascii	"\341Q\254\011lxN7\356\334\204\315\206=`|\350\273\256"
ARM GAS  /tmp/ccoNJpID.s 			page 22


 290      6C784E37 
 290      EEDC84CD 
 290      863D607C 
 290      E8BBAE
 291 015f BB5777DB 		.ascii	"\273Ww\333\252aW\2747\300\205\363|?\364\366\331\314"
 291      AA6157BC 
 291      37C085F3 
 291      7C3FF4F6 
 291      D9CC
 292 0171 BBAADFFE 		.ascii	"\273\252\337\376ef\212x`\366\343\177\314\336\37523i"
 292      65668A78 
 292      60F6E37F 
 292      CCDEFD32 
 292      3369
 293 0183 1B0B1F1F 		.ascii	"\033\013\037\037|\332\360F\245\301\025\326\031;\347"
 293      7CDAF046 
 293      A5C115D6 
 293      193BE7
 294 0192 4F74DCCA 		.ascii	"Ot\334\312]-YI\253\224\313[\251L~f6\227MX\245\302l>"
 294      5D2D5949 
 294      AB94CB5B 
 294      A94C7E66 
 294      36974D58 
 295 01aa 938C1C0B 		.ascii	"\223\214\034\013\025K\271\350\330\334xh\2568\025J\245"
 295      154BB9E8 
 295      D8DC7868 
 295      AE38154A 
 295      A5
 296 01bb E7B39952 		.ascii	"\347\263\231R\350\3125+\221\317\323\211p\330*\246\262"
 296      E8CA352B 
 296      91CFD389 
 296      70D82AA6 
 296      B2
 297 01cc 96A7B062 		.ascii	"\226\247\260b\227.D\307&\306\313\345\370\271S\347\343"
 297      972E44C7 
 297      26C6CBE5 
 297      F8B953E7 
 297      E3
 298 01dd 670A99F9 		.ascii	"g\012\231\371t\301\212\025\222\326\260\201\374\230N"
 298      74C18A15 
 298      92D6B081 
 298      FC984E
 299 01ec CCC4F3C9 		.ascii	"\314\304\363\311T<]\016'\311\234\226\324\234\210\235"
 299      543C5D0E 
 299      27C99C96 
 299      D49C889D 
 300 01fc 2EFF048A 		.ascii	".\377\004\212R\342\266"
 300      52E2B6
 301              		.text
 302              		.section	.gnu.lto_HAL_PCDEx_LPM_Callback.166.6af017c22aa23f0a,"e",%progbits
 303 0000 789C458E 		.ascii	"x\234E\216\275K\303P\024\305\357\315\215J\301\301\321"
 303      BD4BC350 
 303      14C5EFCD 
 303      8D4AC1C1 
 303      D1
 304 0011 B1E0200E 		.ascii	"\261\340 \016\351\253\255\305IPpp\320\251:\207\232T"
 304      E9ABADC5 
ARM GAS  /tmp/ccoNJpID.s 			page 23


 304      49507070 
 304      D0A93A87 
 304      9A54
 305 0023 1BDAD890 		.ascii	"\033\332\330\220\2445\213\364\266\240C\227\332\272J"
 305      A4358BF4 
 305      B6A04397 
 305      DABA4A
 306 0032 A70CBA28 		.ascii	"\247\014\272(\016~\341R\0207Aq\361\317\020\234\034\004"
 306      0E7EE152 
 306      10374171 
 306      F1CF109C 
 306      1C04
 307 0044 7D492B3E 		.ascii	"}I+>8p\316{\277s\337}\001\000\226\232\221B\002\354u"
 307      3870CE7B 
 307      BF73DF7D 
 307      0100969A 
 307      914202EC 
 308 0059 DB0A30F3 		.ascii	"\333\0120\363\362\204\202\315n;\201\017\030'\204\206"
 308      F28482CD 
 308      6E3B810F 
 308      18278486 
 309 0069 820D3CA1 		.ascii	"\202\015<\2419\031\277\236\372\347W\013M>\234\016\011"
 309      3919BF9E 
 309      FAE7570B 
 309      4D3E9C0E 
 309      09
 310 007a A02F159F 		.ascii	"\240/\025\237S\302\036\205\204\250\216\234\202I\351"
 310      53C21E85 
 310      84A88E9C 
 310      8249E9
 311 0089 2880D901 		.ascii	"(\200\331\001\363\353\307\035s\002B\"\274E\331\301\033"
 311      F3EBC71D 
 311      73024222 
 311      BC45D9C1 
 311      1B
 312 009a C46B84E8 		.ascii	"\304k\204\350\"j\322\301\220:{<\342)\014I\305\373\230"
 312      226AD2C1 
 312      903A7B3C 
 312      E2290C49 
 312      C5FB98
 313 00ad CA623A62 		.ascii	"\312b:bT9\177\374\357/\331\202\313\267\261\001\177\377"
 313      54397FFC 
 313      EF2FD982 
 313      CBB7B101 
 313      7FFF
 314 00bf 7498DFDB 		.ascii	"t\230\337\333\330}\276\230T\000:\024\255\316*\362\000"
 314      D87DBE98 
 314      54003A14 
 314      ADCE2AF2 
 314      00
 315 00d0 E0989461 		.ascii	"\340\230\224ah\312\360\211\255d\274c\207\360\037\001"
 315      68CAF089 
 315      AD64BC63 
 315      87F01F01 
 316 00e0 5814F69E 		.ascii	"X\024\366\236/\014\341\333\2160-\247R\265\313\005\341"
 316      2F0CE1DB 
 316      8E302DA7 
ARM GAS  /tmp/ccoNJpID.s 			page 24


 316      52B5CB05 
 316      E1
 317 00f1 BB55C732 		.ascii	"\273U\3072\322\363\232\347\333\331L-\247\325\274m\315"
 317      D2F39AE7 
 317      DBD94C2D 
 317      A7D5BC6D 
 317      CD
 318 0102 2CD6CB96 		.ascii	",\326\313\226\257\355\354\213\202\343\300R*%<\263,b"
 318      AFEDEC8B 
 318      82E3C052 
 318      2A253CB3 
 318      2C62
 319 0114 42E43737 		.ascii	"B\34477\262\231\255\\\020\350k+\353\372\252k\325\213"
 319      B299AD5C 
 319      10E86B2B 
 319      EBFAAA6B 
 319      D58B
 320 0126 AEC8BB86 		.ascii	"\256\310\273\206\030\015\220\017\245BEw\014S/\006)\003"
 320      180D900F 
 320      A5424577 
 320      0C532F06 
 320      2903
 321 0138 D492B464 		.ascii	"\324\222\264d{\273\277\242\237m\372"
 321      7BBBBFA2 
 321      9F6DFA
 322              		.text
 323              		.section	.gnu.lto_HAL_PCDEx_BCD_Callback.167.6af017c22aa23f0a,"e",%progbits
 324 0000 789C458E 		.ascii	"x\234E\2161K\303P\024\205\357\315\215J\301\301\321\261"
 324      314BC350 
 324      1485EFCD 
 324      8D4AC1C1 
 324      D1B1
 325 0012 E0200EE9 		.ascii	"\340 \016\351\253\255\305IPpp\320\251:\207\232T\033"
 325      ABADC549 
 325      507070D0 
 325      A93A879A 
 325      541B
 326 0024 DAD890A4 		.ascii	"\332\330\220\2445\213\364V\320\241\010\265u\225N\031"
 326      358BF456 
 326      D0A108B5 
 326      75954E19 
 327 0034 DCC4C1AA 		.ascii	"\334\304\301\252\270\024\304\305E\361\017\370\007\004"
 327      B814C4C5 
 327      45F10FF8 
 327      0704
 328 0042 C1C941D0 		.ascii	"\301\311A\320\227\264\342\203\003\347\274\367\235\373"
 328      97B4E283 
 328      03E7BCF7 
 328      9DFB
 329 0050 EE3300B0 		.ascii	"\3563\000\260\324\214\024\022`\267\323R\200\231\227"
 329      D48C1412 
 329      60B7D352 
 329      809997
 330 005f 27146C76 		.ascii	"'\024lvZ\011\274\3078!4\024l\340\031\315\311\370\365"
 330      5A09BCC7 
 330      38213414 
 330      6CE019CD 
ARM GAS  /tmp/ccoNJpID.s 			page 25


 330      C9F8F5
 331 0072 D87BBA5A 		.ascii	"\330{\272Zh\362\321tH\000=\251\370\234\023v)$Du\344"
 331      68F2D174 
 331      48003DA9 
 331      F89C1376 
 331      29244475 
 332 0087 144C4A47 		.ascii	"\024LJG\001\314\016\230_>n\231\023\020\022\341\015\312"
 332      01CC0E98 
 332      5F3E6E99 
 332      131012E1 
 332      0DCA
 333 0099 0EF611AF 		.ascii	"\016\366\021\257\021\242\213\250I\007C\352\342\341\230"
 333      11A28BA8 
 333      490743EA 
 333      E2E198
 334 00a8 A7302415 		.ascii	"\2470$\025\357b*\213\351\210Q\345\374\361\277\277d\013"
 334      EF622A8B 
 334      E98851E5 
 334      FCF1BFBF 
 334      640B
 335 00ba 2E5FC706 		.ascii	"._\307\006\374\375\323f~;\301\316{\177R\001hS\264:\253"
 335      FCFDD366 
 335      7E3BC1CE 
 335      7B7F5201 
 335      6853B43A 
 336 00cf C8038053 		.ascii	"\310\003\200SR\206\241)\303'\036&\343\035\333\204\377"
 336      5286A129 
 336      C3271E26 
 336      E31DDB84 
 336      FF
 337 00e0 08C0A2B0 		.ascii	"\010\300\242\260\367|a\010\337v\204i9\225\252].\010"
 337      F77C6108 
 337      DF768469 
 337      3995AA5D 
 337      2E08
 338 00f2 DFAD3A96 		.ascii	"\337\255:\226\221\236\327<\337\316fj9\255\346mkf\261"
 338      919ED73C 
 338      DFCE666A 
 338      39ADE66D 
 338      6B66B1
 339 0105 5EB67C6D 		.ascii	"^\266|mg_\024\034\007\226R)\341\231e\021\023\"\277\271"
 339      675F141C 
 339      07965229 
 339      E1996511 
 339      1322BFB9 
 340 0119 91CD6CE5 		.ascii	"\221\315l\345\202@_[Y\327W]\253^tE\3365\304h\200|(\025"
 340      82405F5B 
 340      59D7575D 
 340      AB5E7445 
 340      DE35C468 
 341 0131 2ABA6398 		.ascii	"*\272c\230z1H\031\240\226\244%\333\333\375\005\360\201"
 341      7A314819 
 341      A096A425 
 341      DBDBFD05 
 341      F081
 342 0143 6E4D     		.ascii	"nM"
 343              		.text
ARM GAS  /tmp/ccoNJpID.s 			page 26


 344              		.section	.gnu.lto_.symbol_nodes.6af017c22aa23f0a,"e",%progbits
 345 0000 789C7590 		.ascii	"x\234u\220\315\015\3020\014F\3755%i\205\004R:\000\313"
 345      CD0DC230 
 345      0C46FD35 
 345      25698504 
 345      523A00CB 
 346 0014 300A7BB8 		.ascii	"0\012{\270e\002F\200\360\327\256\320c\3253b\206\212"
 346      65024680 
 346      F0D7AED0 
 346      63D53362 
 346      868A
 347 0026 01387381 		.ascii	"\0018s\201\204V\351\311>=\345}\216e\267 \242\344\010"
 347      8456E9C9 
 347      3E3DE57D 
 347      8E65B720 
 347      A2E408
 348 0039 A6D2578A 		.ascii	"\246\322W\212\303\203\210\211\332\262\002\005\345\345"
 348      C3838889 
 348      DAB20205 
 348      E5E5
 349 0047 090C513A 		.ascii	"\011\014Q:p\"\312\013X\211\362\012NEy\003/Dy\007kQ\236"
 349      7022CA0B 
 349      5889F20A 
 349      4E457903 
 349      2F447907 
 350 005e C14692A8 		.ascii	"\301F\222\250\301\331w\252\315?@a\357`\321\200s\301"
 350      C1D977AA 
 350      CD3F4061 
 350      EF60D180 
 350      73C1
 351 0070 29938D5F 		.ascii	")\223\215_n\225\311G\332)\243\237\357O\015\014\210\217"
 351      6E95C947 
 351      DA29A39F 
 351      EF4F0D0C 
 351      888F
 352 0082 2F3DA3F1 		.ascii	"/=\243\361XyL\320/g\\\371\266\020\000\272u\304!\340"
 352      58794CD0 
 352      2F675CF9 
 352      B61000BA 
 352      75C421E0 
 353 0096 18D85B65 		.ascii	"\030\330[e\246{:\033\307\3666\006\\\021\261+\350\007"
 353      A67B3A1B 
 353      C7F63606 
 353      5C11B12B 
 353      E807
 354 00a8 11FE7842 		.ascii	"\021\376xB"
 355              		.text
 356              		.section	.gnu.lto_.refs.6af017c22aa23f0a,"e",%progbits
 357 0000 789C6364 		.ascii	"x\234cd\000\002\000\000\012\000\002"
 357      00020000 
 357      0A0002
 358              		.text
 359              		.section	.gnu.lto_.decls.6af017c22aa23f0a,"e",%progbits
 360 0000 789CAD58 		.ascii	"x\234\255XyPTW\272\277\3379\275\321 0\201<\375c*\217"
 360      79505457 
 360      BABFDF39 
 360      BDD12030 
ARM GAS  /tmp/ccoNJpID.s 			page 27


 360      813CFD63 
 361 0016 4AA52654 		.ascii	"J\245&Te\024\2057&o\336L=\015\230\321It\030\320\251"
 361      65148537 
 361      266FDE4C 
 361      3D0D98D1 
 361      497418D0 
 362 002b 9AF9A7AB 		.ascii	"\232\371\247\253\241\033\355\022\232~Mc\314\037\257"
 362      A11BED12 
 362      9A7E4D63 
 362      CC1FAF
 363 003a EA2A086E 		.ascii	"\352*\010n \232h\0207\300\270 .\270\006T\264\203\033"
 363      209A6810 
 363      37C0B820 
 363      2EB80654 
 363      B4831B
 364 004d EE2B068D 		.ascii	"\356+\006\215\032\\\203q#\006#Q\204\367\235so\337s\273"
 364      1A5C8371 
 364      23062351 
 364      84F79D73 
 364      6FDF73BB 
 365 0061 69F3DE24 		.ascii	"i\363\336$\257\213\257\317\366;\277o9\347;\3474\217"
 365      AF8BAFCF 
 365      F63BBF6F 
 365      39E73BE7 
 365      348F
 366 0073 8748D266 		.ascii	"\207H\322f\243$M\244\222\324\217\237\010I\222\316\242"
 366      A3244DA4 
 366      92D48F9F 
 366      084992CE 
 366      A2
 367 0084 9851F6A0 		.ascii	"\230Q\366\240\374\006e\"H\322A,e,\213PJP\330\307\212"
 367      FC066522 
 367      48D2412C 
 367      652C8B50 
 367      4A50D8C7 
 368 0099 B218EB4B 		.ascii	"\262\030\353KQ\226\241\254@Y\205\262\026e#J\003\312"
 368      5196A1AC 
 368      405985B2 
 368      1665234A 
 368      03CA
 369 00ab 7694CF55 		.ascii	"v\224\317U\274\376\363\026\352\213\301\362c\034{\005"
 369      BCFEF316 
 369      EA8BC1F2 
 369      631C7B05 
 370 00bb CB78550F 		.ascii	"\313xU\017\323\311t5\202\242\373\357(\377@y\023%\023"
 370      D3C97435 
 370      82A2FBEF 
 370      28FF4079 
 370      132513
 371 00ce FB5E4589 		.ascii	"\373^E\211G\371\016\333&\2244\254\377\225q\240XP\314"
 371      47F90EDB 
 371      269434AC 
 371      FF9571A0 
 371      5850CC
 372 00e1 289128A0 		.ascii	"(\221(\240\332\026\372IA\275\221\341\364\202\320!\253"
 372      DA16FA49 
 372      41BD91E1 
ARM GAS  /tmp/ccoNJpID.s 			page 28


 372      F482D021 
 372      AB
 373 00f2 FEEEC6B2 		.ascii	"\376\356\306\262\035K\234\"\215\303\372\373(\036\225"
 373      1D4B9C22 
 373      8DC3FAFB 
 373      281E95
 374 0101 7B6918EE 		.ascii	"{i\030\356\267\377\237\270\227\205\341\266S\205o\212"
 374      B7FF9FB8 
 374      9785E1B6 
 374      53856F8A 
 375 0111 14CCCDB8 		.ascii	"\024\314\315\270B\371\367\242lCiF\331\005B\327>u\355"
 375      42F9F7A2 
 375      6C436946 
 375      D90542D7 
 375      3E75ED
 376 0124 EA51F6A3 		.ascii	"\352Q\366\243T\242\020U?\323\215\333 h\3156Bx[\376\003"
 376      54A21055 
 376      3FD38DDB 
 376      2068CD36 
 376      42785BFE 
 377 0139 6D89FA3F 		.ascii	"m\211\372?\372yZ\347\253A\325\225\216\362g\024\267\352"
 377      FA795AE7 
 377      AB41D595 
 377      8EF26714 
 377      B7EA
 378 014b EF8A303A 		.ascii	"\357\2120:\376\363\027\3042]\307\275*\014\367x\252\370"
 378      FEF317C4 
 378      325DC7BD 
 378      2A0CF778 
 378      AAF8
 379 015d 1A1ACB22 		.ascii	"\032\032\313\"\025\313\212\265a\346\375\375%\363Jt\363"
 379      15CB8AB5 
 379      61E6FDFD 
 379      25F34A74 
 379      F3
 380 016e 368699B7 		.ascii	"6\206\231\267\210\302o\240\277\237\362R\242DJ\222\371"
 380      88C26FA0 
 380      BF9FF252 
 380      A2444A92 
 380      F9
 381 017f E7C6BF4A 		.ascii	"\347\306\277J\260K\305\323\261\014\366\012\020\374\216"
 381      B04BC5D3 
 381      B10CF60A 
 381      10FC8E
 382 018e 87D86594 		.ascii	"\207\330e\224<-Y\2772\322\352\227\345\373\262\177\246"
 382      3C2D59BF 
 382      32D2EA97 
 382      E5FBB27F 
 382      A6
 383 019f 5182DD00 		.ascii	"Q\202\335\000M A# \311\347\000;\001v\000\237b\340S\022"
 383      4D204123 
 383      20C9E700 
 383      3B017600 
 383      9F62E053 
 384 01b4 78BDC3C8 		.ascii	"x\275\303\310\213v#\375+\343{\023XN\307\360\232D]\022"
 384      8B7623FD 
 384      2BE37B13 
ARM GAS  /tmp/ccoNJpID.s 			page 29


 384      584EC7F0 
 384      9A445D12 
 385 01c8 D2DE3F74 		.ascii	"\322\336?t\367\304 F\333%\373\213#$h\006\300\375\002"
 385      F7C42046 
 385      DB25FB8B 
 385      23246806 
 385      C0FD02
 386 01db 07002148 		.ascii	"\007\000!H\333\002\360\005P\257b\314\031#\375o\211\316"
 386      DB02F005 
 386      50AF62CC 
 386      1923FD6F 
 386      89CE
 387 01ed 01A5D56A 		.ascii	"\001\245\325j\244\345\274\372k\350\007^0\276\317k\237"
 387      A4E5BCFA 
 387      6BE8075E 
 387      30BECF6B 
 387      9F
 388 01fe 1FB65A90 		.ascii	"\037\266Z\220\257sv\207\037\211R`8F\342$0\262\023\000"
 388      AF737687 
 388      1F895260 
 388      3846E224 
 388      30B21300 
 389 0212 C7815672 		.ascii	"\307\201Vr\\\315\342\252\036\010\301\301)\320#\271\226"
 389      5CCDE2AA 
 389      1E08C1C1 
 389      29D023B9 
 389      96
 390 0223 4AC583E1 		.ascii	"J\305\203\341\334)\231\322M\252\366H\344\270\320v\376"
 390      DC2999D2 
 390      4DAAF648 
 390      E4B8D076 
 390      FE
 391 0234 96D12AAB 		.ascii	"\226\321*\253\266c\247b\274\004mH\230\004\027\0001\247"
 391      B663A762 
 391      BC046D48 
 391      98041700 
 391      31A7
 392 0246 3E6E7B4E 		.ascii	">n{N^AL\261,W\0238\010p\016\340,\003]\004\016\224\350"
 392      5E414CB1 
 392      2C571338 
 392      08700EE0 
 392      2C035D04 
 393 025d 766E5089 		.ascii	"vnP\211\377\2333\026k\307O\006\202\033\221\310\365W"
 393      FF9B3316 
 393      6BC74F06 
 393      821B91C8 
 393      F557
 394 026f 1869F34F 		.ascii	"\030i\363O8|E\347\360\001\216[\\u\361l\264\245#\330"
 394      387C45E7 
 394      F0018E5B 
 394      5C75F16C 
 394      B4A523D8 
 395 0283 E1AB1084 		.ascii	"\341\253\020\204\274\360\023\214\035:\334%\216\253\272"
 395      BCF0138C 
 395      1D3ADC25 
 395      8EABBA
 396 0292 5BB72A22 		.ascii	"[\267*\"4\204\327A\217T\226\215\360\302\257\354%9\236"
ARM GAS  /tmp/ccoNJpID.s 			page 30


 396      3484D741 
 396      8F54968D 
 396      F0C2AFEC 
 396      25399E
 397 02a5 DE556368 		.ascii	"\336UchF\222\246\213e\315\221\341b\330\311c\370\215"
 397      4692A68B 
 397      65CD91E1 
 397      62D8C963 
 397      F88D
 398 02b7 429140BB 		.ascii	"B\221@\273\3249Ch/n\235R\242\264bi\005\221h\025a\346"
 398      D4394368 
 398      2F6E9D52 
 398      A2B46269 
 398      05916815 
 399 02cd 9C385CD6 		.ascii	"\2348\\\326\012l'u\312-3\250jN\027\340\276\010X\203"
 399      0A6C2775 
 399      CA2D33A8 
 399      6A4E17E0 
 399      BE085883 
 400 02e1 A0EE839F 		.ascii	"\240\356\203\237}\026\031\305\267[u\213\001\276\003"
 400      7D1619C5 
 400      B75B758B 
 400      01BE03
 401 02f0 4DDF63B6 		.ascii	"M\337c\266\024\265*\257\205nD\336&\224\026\336\023\017"
 401      14B52AAF 
 401      856E44DE 
 401      269416DE 
 401      130F
 402 0302 C3E9716C 		.ascii	"\303\351ql\265\251\255!\364\026\266\356\242<F\351Qg"
 402      B5A9AD21 
 402      F416B6EE 
 402      A23C46E9 
 402      5167
 403 0314 25F2313F 		.ascii	"%\3621?\241\275\314\240\204\207O\277\234\366\306\033"
 403      A1BDCCA0 
 403      84874FBF 
 403      9CF6C61B 
 404 0324 6FC4BDA1 		.ascii	"o\304\275\241\373\240\346\236\355\227\017\226\376\376"
 404      FBA0E69E 
 404      ED970F96 
 404      FEFE
 405 0332 4651A95C 		.ascii	"FQ\251\\1\203\242Zx\004PB4;\036\262/\\Zfc\335\232\322"
 405      3183A25A 
 405      78045042 
 405      343B1EB2 
 405      2F5C5A66 
 406 034a 410D3265 		.ascii	"A\0152ef\276\340 e)\222$\226~\014\321\320t\250D\216"
 406      66BEE020 
 406      65299224 
 406      967E0CD1 
 406      D074A844 
 407 035f 9D11C510 		.ascii	"\235\021\305\020\275!\210\347 )\333\316o\220`\006\001"
 407      BD2188E7 
 407      2029DBCE 
 407      6F906006 
 407      01
 408 0370 19CF5686 		.ascii	"\031\317V\206\300h,$0\237@1\201Y\004\346\020\230M\240"
ARM GAS  /tmp/ccoNJpID.s 			page 31


 408      C0682C24 
 408      309F4031 
 408      815904E6 
 408      10984DA0 
 409 0384 94C03C02 		.ascii	"\224\300<\002\213\010\224\021(\"\260\200\300\\\002\025"
 409      8B089411 
 409      2822B080 
 409      C05C0215 
 410 0394 04CAD981 		.ascii	"\004\312\331\201\314\024\035\277\215\212fF\301\036\200"
 410      CC141DBF 
 410      8D8A6646 
 410      C11E80
 411 03a3 A75C9192 		.ascii	"\247\\\221\222\377\022t\263\257\021\034\323*0?\006a"
 411      FF1274B3 
 411      AF111CD3 
 411      2A303F06 
 411      61
 412 03b4 98393D8A 		.ascii	"\2309=\212\301{\205\301\317B\014V\234n\270?\253T\216"
 412      C17B85C1 
 412      CF420C56 
 412      9C6EB83F 
 412      AB548E
 413 03c7 2D8E62A9 		.ascii	"-\216b\251r?(2\367Dd\032N\011U?\0144G\015\316J\241\253"
 413      723F2832 
 413      F744641A 
 413      4E09553F 
 413      0C34470D 
 414 03df 2F44570A 		.ascii	"/DW\012\007\\\025\252\276\037\270\010\212SeG4\222\231"
 414      075C15AA 
 414      BE1FB808 
 414      8A536547 
 414      349299
 415 03f2 4490DCD5 		.ascii	"D\220\334\325\031\363\255\240y0\320b\205f^\251\206\371"
 415      19F3ADA0 
 415      7930D062 
 415      85665EA9 
 415      86F9
 416 0404 36087357 		.ascii	"6\010sW`\226\011{\373C\354U\000\227\004\340\211\016"
 416      6096097B 
 416      FB43EC55 
 416      009704E0 
 416      890E
 417 0416 D0ADDA42 		.ascii	"\320\255\332B\237S\226\010\375\213\026\326\232\342B"
 417      9F539608 
 417      FD8B16D6 
 417      9AE242
 418 0425 D71E3E26 		.ascii	"\327\036>&?o\365\221\361\331S\377\312\030q\210}B\340"
 418      3F6FF591 
 418      F1D953FF 
 418      CA187188 
 418      7D42E0
 419 0438 36C02DA6 		.ascii	"6\300-\246u1\341\231\212\247\262A\242\013\014\014<\377"
 419      7531E199 
 419      8AA7B241 
 419      A20B0C0C 
 419      3CFF
 420 044a DAF56731 		.ascii	"\332\365g1\354 {i\036\362d\031\304\223\245S\242\313"
ARM GAS  /tmp/ccoNJpID.s 			page 32


 420      EC207B69 
 420      1EF26419 
 420      C493A553 
 420      A2CB
 421 045c 7066354A 		.ascii	"pf5J\023\312I\224\333\006%\307\336\241]\330\232a\224"
 421      13CA4994 
 421      DB0625C7 
 421      DEA15DD8 
 421      9A6194
 422 046f E87C944F 		.ascii	"\350|\224OQV\241\254Ai@\331\207r\302\210\372~\335{d"
 422      5156A1AC 
 422      416940D9 
 422      8772C288 
 422      FA7EDD7B 
 423 0484 FFAD0891 		.ascii	"\377\255\010\221aqJ\226u\225\335.\011\344N\035\201\035"
 423      61714A96 
 423      7595DD2E 
 423      09E44E1D 
 423      811D
 424 0496 A1B162E1 		.ascii	"\241\261b\341|~@\013\347\212P\210\272\205.\013\310\032"
 424      7C7E400B 
 424      E78A5088 
 424      BA852E0B 
 424      C81A
 425 04a8 1D44CD2F 		.ascii	"\035D\315/\206x$\020\253BI\224U;-\020kC8T-\363\304\272"
 425      86782410 
 425      AB424994 
 425      553B2D10 
 425      6B433854 
 426 04c0 2E0FE550 		.ascii	".\017\345P\325\354\027$\353CH\024-\307\005`]\010@\331"
 426      D5EC1724 
 426      EB434814 
 426      2DC70560 
 426      5D0840D9 
 427 04d4 ECF704A0 		.ascii	"\354\367\004\2406\004\240\346\3465\201\370,\004\321"
 427      3604A0E6 
 427      E63581F8 
 427      2C04D1
 428 04e3 AC1D2678 		.ascii	"\254\035&x,W\021X\312\016\223\035|;5\020\330J`3\201"
 428      2C571158 
 428      CA0E931D 
 428      7C3B3510 
 428      D84A6033 
 429 04f8 8D04B613 		.ascii	"\215\004\266\023\330E`\033\201\235\0046\341(\201z\002"
 429      D845601B 
 429      819D0436 
 429      E128817A 
 429      02
 430 0509 5B086C08 		.ascii	"[\010l\010\034#\017\204\212\232\020\025\325\204#:\005"
 430      1C230F84 
 430      8A9A1015 
 430      D584233A 
 430      05
 431 051a 627508E2 		.ascii	"bu\010\342\222b\346\217\002\26124Z)\022\275\305v\005"
 431      9262E68F 
 431      02B13234 
 431      5A2912BD 
ARM GAS  /tmp/ccoNJpID.s 			page 33


 431      C57605
 432 052d 7971BCB9 		.ascii	"yq\274\271)*.\324fh$\377\254\325\264\233\363}5kk9\304"
 432      292A2ED4 
 432      666824FF 
 432      ACD5B49B 
 432      F37D356B 
 433 0544 290F25BF 		.ascii	")\017%\277\362H\202=\214\211A^p\310\225'\035\3051A\020"
 433      F248823D 
 433      8C89415E 
 433      70C89527 
 433      1DC53141 
 434 0559 D84B3410 		.ascii	"\330K4\020\002j7\327m6\210\313\247Y\034\002\373\210"
 434      026A37D7 
 434      6D3688CB 
 434      A7591C02 
 434      FB88
 435 056b A45C21B7 		.ascii	"\244\\!\267\214|\357W\017\243sL\354\0169\263\263l\215"
 435      8C7CEF57 
 435      0FA3734C 
 435      EC0E39B3 
 435      B36C8D
 436 057e 35E806C1 		.ascii	"5\350\006\301\217Hm?\201\375l%Z\270OG\011\234&p\004"
 436      8F486D3F 
 436      81FD6C25 
 436      5AB84F47 
 436      099C2670 
 437 0593 5F1904CE 		.ascii	"_\031\004\316\0228L\340$\201\003\004N\0218F\340\020"
 437      12384CE0 
 437      24810304 
 437      4E113846 
 437      E010
 438 05a5 8113042F 		.ascii	"\201\023\004/c8N\240\225yv\035\357\242}\217\375\315"
 438      63384EA0 
 438      9579761D 
 438      EFA27D8F 
 438      FDCD
 439 05b7 BF3D5024 		.ascii	"\277=P$\267\372\001\332\001\276\004F\025\260\352\214"
 439      B7FA01DA 
 439      01BE0446 
 439      15B0EA8C 
 440 05c7 B287515D 		.ascii	"\262\207Q]\303\327\253e~|-&\260\2040L\340\000\320]W"
 440      C3D7AB65 
 440      7E7C2D26 
 440      B084304C 
 440      E000D05D 
 441 05dc 0D8F8AB4 		.ascii	"\015\217\212\2643\2565\210\350\260H\206o\325\305\273"
 441      33AE3588 
 441      E8B04886 
 441      6FD5C5BB 
 442 05ec 01F035C7 		.ascii	"\001\3605\307(\213wY\245\271\316N9\025RI\340S\" \017"
 442      288B7759 
 442      A5B9CE4E 
 442      39155249 
 442      E0532220 
 443 0601 21B095BB 		.ascii	"!\260\225\273f\317Z\020\315.\317\311\360\005\321\353"
 443      66CF5A10 
 443      CD2ECFC9 
ARM GAS  /tmp/ccoNJpID.s 			page 34


 443      F005D1EB 
 444 0611 D9A74B3A 		.ascii	"\331\247K:\325\226}x5\004a\264\214\351zx\263\234\237"
 444      D5967D78 
 444      350461B4 
 444      8CE97A78 
 444      B39C9F
 445 0624 10A7018E 		.ascii	"\020\247\001\216\351L9\252\273\200\373\212J\271\"\364"
 445      E94C39AA 
 445      BB80FB8A 
 445      4AB922F4 
 446 0634 C81FE4D1 		.ascii	"\310\037\344\321~\035\250\347fy\000td\240\333\252S\201"
 446      7E1DA8E7 
 446      66790074 
 446      64A0DBAA 
 446      5381
 447 0646 ECBB06F0 		.ascii	"\354\273\006\360U\250\337\227xr5<Pc|\021\340<\207\004"
 447      55A8DF97 
 447      7872353C 
 447      50637C11 
 447      E03C8704 
 448 065a 5E8A6740 		.ascii	"^\212g@\313\300\206v\006B\236&\002\313\270_\201d\024"
 448      CBC08676 
 448      06429E26 
 448      02CBB85F 
 448      816414
 449 066d 3768D773 		.ascii	"7h\327sa\365\241\201V\363\005\355\352\2749\201Ap=\357"
 449      61F5A181 
 449      56F305ED 
 449      EABC3981 
 449      41703DEF 
 450 0681 807E3D6F 		.ascii	"\200~=o\006\356\222cl\377\221\255\375\353O\321\270\320"
 450      06EE9263 
 450      6CFF91AD 
 450      FDEB4FD1 
 450      B8D0
 451 0693 0D07E7C8 		.ascii	"\015\007\347\310\317\333r\310X\376\240\263F\367\002"
 451      CFDB72C8 
 451      58FEA0B3 
 451      46F702
 452 06a2 3B2FACBB 		.ascii	";/\254\273\020H\202v\365\271/\321+&\211\3364\251\357"
 452      10488276 
 452      F5B92FD1 
 452      2B2689DE 
 452      34A9EF
 453 06b5 7D893EC0 		.ascii	"}\211>\300\346\367j\323/\321\247\330\3545)\267\205L"
 453      E6F76AD3 
 453      2FD1A7D8 
 453      EC3529B7 
 453      854C
 454 06c7 E80C33E3 		.ascii	"\350\0143\343_\324wx^T\320\203\373k\242\\\262\327\325"
 454      5FD47778 
 454      5E54D083 
 454      FB6BA25C 
 454      B2D7D5
 455 06da BB0A41E7 		.ascii	"\273\012A\3477\177r\036\004\250} \210\3163Kt\021\312"
 455      377F721E 
 455      04A87D20 
ARM GAS  /tmp/ccoNJpID.s 			page 35


 455      88CE334B 
 455      7411CA
 456 06ed 52946A94 		.ascii	"R\224j\224u(\233Qv\242\3545+6\\Qtw\030\351\001\246\373"
 456      75289B51 
 456      76A2EC35 
 456      2B365C51 
 456      747718E9 
 457 0704 F59AAAFA 		.ascii	"\365\232\252\372\346(}\246\362\314ey\326\320\347o\263"
 457      E6287DA6 
 457      F2CC6579 
 457      D6D0E76F 
 457      B3
 458 0715 D635CAF2 		.ascii	"\3265\312\362\234!<\317\010<\023\216_$J\314k\330\233"
 458      9C213CCF 
 458      083C138E 
 458      5F244ACC 
 458      6BD89B
 459 0728 A5CDC072 		.ascii	"\245\315\300r\361\006\201\016\216\011\330\245>\023\330"
 459      F106810E 
 459      8E09D8A5 
 459      3E13D8
 460 0737 56DAD4E6 		.ascii	"V\332\324\346Q\323\365A\020M\033\321 \365\032\244}\240"
 460      51D3F541 
 460      104D1BD1 
 460      20F51AA4 
 460      7DA0
 461 0749 2605B24A 		.ascii	"&\005\262J\203\\\013\202\\\021\220*\015r'\010\362P\330"
 461      835C0B82 
 461      5C11902A 
 461      0D722708 
 461      F250D8
 462 075c B24C83DC 		.ascii	"\262L\203\334\036\010Q\267\376z\015su\240&\025\263\\"
 462      1E0851B7 
 462      FE7A0D73 
 462      75A02615 
 462      B35C
 463 076e C3DC0AC2 		.ascii	"\303\334\012\302\334\023\252\3524\310WA\220K\302\340"
 463      DC13AAEA 
 463      34C85741 
 463      904BC2E0 
 464 077e 151AE4E6 		.ascii	"\025\032\344\346@\026U\323\006\015sy M\263\376\315|"
 464      401655D3 
 464      060D7379 
 464      204DB3FE 
 464      CD7C
 465 0790 9FC03DD6 		.ascii	"\237\300=\326\371\214\357\364\347\004^\020\350%\320"
 465      F98CEFF4 
 465      E7045E10 
 465      E825D0
 466 079f 47E07B02 		.ascii	"G\340{\002\335\004~ \320C\340\021\201\307\004\236\020"
 466      DD047E20 
 466      D043E011 
 466      81C7049E 
 466      10
 467 07b0 784AE047 		.ascii	"xJ\340G\002\337\021xH\240K=_\033\3125m\337\006iK\322"
 467      02DF1178 
 467      48A04B3D 
ARM GAS  /tmp/ccoNJpID.s 			page 36


 467      5F1BCA35 
 467      6DDF0669 
 468 07c6 6CAED410 		.ascii	"l\256\324\020\235A\210n\341\371"
 468      9D41886E 
 468      E1F9
 469 07d0 020D7277 		.ascii	"\002\015rw\000\211\352\325R\015\362\315@\026\345\207"
 469      0089EAD5 
 469      520DF2CD 
 469      4016E587 
 470 07e0 E217DB4B 		.ascii	"\342\027\333K\017F\304\205\272\307\256\250\237\353 "
 470      0F46C485 
 470      BAC7AEA8 
 470      9FEB20
 471 07ef 9256FAD7 		.ascii	"\222V\372\327\266\033E6\367\013\3152\225^\376c\022O"
 471      B61B4536 
 471      F70BCD32 
 471      955EFE63 
 471      124F
 472 0801 1EEDC764 		.ascii	"\036\355\307d?O\333\037\276[\335c\010\37519\223\352"
 472      3F4FDB1F 
 472      BE5BDD63 
 472      08FD3139 
 472      93EA
 473 0813 912F652B 		.ascii	"\221/e+\326\261-\2620\266\303'\237\234\213\016e\233"
 473      D6B12DB2 
 473      30B6C327 
 473      9F9C8B0E 
 473      659B
 474 0825 45F54844 		.ascii	"E\365HD\025\327\3348h\270\015\022A{\015\016\300\360"
 474      15D7DC38 
 474      68B80D12 
 474      417B0D0E 
 474      C0F0
 475 0837 8DC42FAB 		.ascii	"\215\304/\253\364\017*\305\313D&&\007%Vj\245\016k+\274"
 475      F40F2AC5 
 475      CB442626 
 475      0725566A 
 475      A50E6B2B 
 476 084c 96D84D47 		.ascii	"\226\330MGYHb\214\325\262\376\000\304Z\215\026B:\315"
 476      5948628C 
 476      D5B2FE00 
 476      C45A8D16 
 476      423ACD
 477 085f 0E6BE233 		.ascii	"\016k\3423|AT\233\022F\311\006\307\374W;\3152\251\230"
 477      7C41549B 
 477      1246C906 
 477      C7FC573B 
 477      CD32A998 
 478 0873 109F320A 		.ascii	"\020\2372\012\277;\315\255\340\300Y\351\006K,\326:\315"
 478      BF3BCDAD 
 478      E0C059E9 
 478      064B2CD6 
 478      3ACD
 479 0885 D66E5A5D 		.ascii	"\326nZ]fr\234$\263\337\304\373\321\352H\216\307\305"
 479      66729C24 
 479      B3DFC4FB 
 479      D1EA488E 
ARM GAS  /tmp/ccoNJpID.s 			page 37


 479      C7C5
 480 0897 1865B1BC 		.ascii	"\030e\261\274\026\323B[\350{\222d\2614l~\325\332i\216"
 480      16D3425B 
 480      E87B9264 
 480      B1346C7E 
 480      D5DA698E 
 481 08ab 418A4447 		.ascii	"A\212DGB\254#!\246\025\214\016\2075>QB#\034\311\311"
 481      42AC2321 
 481      A6158C0E 
 481      87353E51 
 481      42231CC9 
 482 08c0 A3881599 		.ascii	"\243\210\025\231\015\226VH\246\020\225,_\2777\330\012"
 482      0D965648 
 482      A610952C 
 482      5FBF37D8 
 482      0A
 483 08d1 D688D712 		.ascii	"\326\210\327\022\022%\311!\275\207\247,\3063\360\001"
 483      1225C921 
 483      BD87A72C 
 483      C633F001 
 484 08e1 33EA7488 		.ascii	"3\352t\210&@\242\225$\023\372~\247Y\222\010I\220$\331"
 484      2640A295 
 484      2413FA7E 
 484      A7599208 
 484      499024D9 
 485 08f5 60898A02 		.ascii	"`\211\212\002\031\213\010\333\373\216\364d\253\324i"
 485      198B08DB 
 485      FB8EF464 
 485      ABD469
 486 0904 2638146F 		.ascii	"&8\024o\300\363\024\304L\253I\322\376\217\304\377\221"
 486      C0F314C4 
 486      4CAB49D2 
 486      FE8FC4FF 
 486      91
 487 0915 05EC4FF9 		.ascii	"\005\354O\371\222XC\322k\341\375\014\211qU\377\355\025"
 487      925843D2 
 487      6BE1FD0C 
 487      897155FF 
 487      ED15
 488 0927 E8D50AB5 		.ascii	"\350\325\012\265\256\000\024\036\022P\000\001%\222:"
 488      AE00141E 
 488      12500001 
 488      25923A
 489 0936 AA231736 		.ascii	"\252#\0276\250v\004x\002zt6\012[q\205\025%D?\207\317"
 489      A8760478 
 489      027A7436 
 489      0A5B7185 
 489      1525443F 
 490 094c 0B325C50 		.ascii	"\0132\\PJ\032\255\244s\\\331\363;\236\354\333\031u\007"
 490      4A1AADA4 
 490      735CD9F3 
 490      3B9EECDB 
 490      197507
 491 095f C326EF38 		.ascii	"\303&\3578\\\273\312\012\321\025\243$\240\207\371\306"
 491      5CBBCA0A 
 491      D115A324 
 491      A087F9C6 
ARM GAS  /tmp/ccoNJpID.s 			page 38


 492 096f AB987D61 		.ascii	"\253\230}a$\373\277\"\273w\362\261}\347vUo\004\357\300"
 492      24FBBF22 
 492      BB77F2B1 
 492      7DE77655 
 492      6F04EFC0 
 493 0983 5FAA7329 		.ascii	"_\252s)\366\234<\360\342+\010\364\314\243/yZ\226Q\355"
 493      F69C3CF0 
 493      E22B08F4 
 493      CCA32F79 
 493      5A9651ED 
 494 0997 D578744B 		.ascii	"\325xtKuKT\360\263\022\257_\035`\366\211/7\020\221\203"
 494      754B54F0 
 494      B312AF5F 
 494      1D60F689 
 494      2F371091 
 495 09ac E554CBC1 		.ascii	"\345T\313\301\005J\016\316]v\364f$W\271\200\302|\372"
 495      054A0ECE 
 495      5D76F466 
 495      2457B980 
 495      C27CFA
 496 09bf D23C5AA8 		.ascii	"\322<Z\250\313\243\313\334\235#\305\365_\304\204\346"
 496      CBA3CBDC 
 496      9D23C5F5 
 496      5FC484E6 
 497 09cf 11DE790B 		.ascii	"\021\336y\013\203\362h\343\355\346\"\353`\231\375kP"
 497      83F268E3 
 497      EDE622EB 
 497      6099FD6B 
 497      50
 498 09e0 8E878FA9 		.ascii	"\216\207\217\251\366c\374\023\374\371W\241\330p\271"
 498      F663FC13 
 498      FCF957A1 
 498      D870B9
 499 09ef 637FD1A0 		.ascii	"c\177\321\240\327++\345\236\306u5[G\264\024\311\353"
 499      D72B2BE5 
 499      9EC67535 
 499      5B47B414 
 499      C9EB
 500 0a01 D9EE4708 		.ascii	"\331\356G\010\314Q]\221\260&\301l\012\245T\242\033\""
 500      CC515D91 
 500      B026C16C 
 500      0AA554A2 
 500      1B22
 501 0a13 D8AC3D8F 		.ascii	"\330\254=\217*\242\003\206\263p\256\234\365bMt8M\225"
 501      2AA20386 
 501      B370AE9C 
 501      F5624D74 
 501      384D95
 502 0a26 38F35345 		.ascii	"8\363SES\363\332\323G\"\230\246\256+\367\346F\237aa"
 502      53F3DAD3 
 502      472298A6 
 502      AE2BF7E6 
 502      469F6161 
 503 0a3a 031C8725 		.ascii	"\003\034\207%\232\232%B\215\237\253i\337\322\326\303"
 503      9A9A2542 
 503      8D9FAB69 
 503      DFD2D6C3 
ARM GAS  /tmp/ccoNJpID.s 			page 39


 504 0a4a A734CC29 		.ascii	"\2474\314)\303g\343L\234b`S\252\264)UbJ;\237r\365\307"
 504      C367E34C 
 504      9C626053 
 504      AAB42955 
 504      624A3B9F 
 505 0a61 4D8F8C7C 		.ascii	"M\217\214|\312\225\005\372)\313\265)\313\305\224\207"
 505      CA9505FA 
 505      29CBB529 
 505      CBC59487 
 506 0a71 7CCABADD 		.ascii	"|\312\272\335\207\216[\371\224\276\240)+\265)+\305\224"
 506      878E5BF9 
 506      94BEA029 
 506      2BB5292B 
 506      C594
 507 0a83 12AB4457 		.ascii	"\022\253DWX\331\264\206\345\275g-\030\004\250Q\374\223"
 507      58D9B486 
 507      E5BD672D 
 507      1804A851 
 507      FC93
 508 0a95 1FD7EE34 		.ascii	"\037\327\3564\363\240\024)A\371a\346\336\2131\201(\255"
 508      F3A01429 
 508      41F961E6 
 508      DE8B3181 
 508      28AD
 509 0aa7 66CBBBFC 		.ascii	"f\313\273\374\301\211GD\013\323\024-Jk\220\3773\205"
 509      C1894744 
 509      0BD3142D 
 509      4A6B90FF 
 509      3385
 510 0ab9 E55C59C5 		.ascii	"\345\\Y\305Q\323\353\225\025rW\335\326\356\016\220\347"
 510      51D3EB95 
 510      157257DD 
 510      D6EE0E90 
 510      E7
 511 0aca E2AD108B 		.ascii	"\342\255\020\213\000\250V\254\201Z\304V\013{j\303\332"
 511      00A856AC 
 511      815AC456 
 511      0B7B6AC3 
 511      DA
 512 0adb D2D3B97F 		.ascii	"\322\323\271\177\266\211\253.Ql9\273zK\235fK\035\263"
 512      B689AB2E 
 512      516C39BB 
 512      7A4B9D66 
 512      4B1DB3
 513 0aee E5F892FE 		.ascii	"\345\370\222\376\265\020\306\226z\344\336\240\260,\354"
 513      B510C696 
 513      7AE4DEA0 
 513      B02CEC
 514 0afd D9B6CBCA 		.ascii	"\331\266\313\312li8\266\325\263\276\202m\213z\012\353"
 514      6C6938B6 
 514      D5B3BE82 
 514      6D8B7A0A 
 514      EB
 515 0b0e 5443D623 		.ascii	"TC\326#p\2350\244\311\032nc<\275\366\365AS\030-[p\342"
 515      709D30A4 
 515      C91A6E63 
 515      3CBDF6F5 
ARM GAS  /tmp/ccoNJpID.s 			page 40


 515      4153182D 
 516 0b25 6645CBB6 		.ascii	"fE\313\266\335\017\026\003\337\027u'\377K\331|[(l\322"
 516      DD0F1603 
 516      DF177527 
 516      FF4BD97C 
 516      5B286CD2 
 517 0b39 82BF49E8 		.ascii	"\202\277I\3508\307u\264-\352;&\242\210\011\035 \335"
 517      38C775B4 
 517      2DEA3B26 
 517      A288091D 
 517      20DD
 518 0b4b 86C87CCE 		.ascii	"\206\310|\316\271fn\337\214\230\327+\361\201\327\273"
 518      B9666EDF 
 518      8C98D72B 
 518      F181D7BB 
 519 0b5b EBEC5353 		.ascii	"\353\354SSU\243\\ld\343\260U\243\335J\371\377\323\027"
 519      55A35C6C 
 519      64E3B055 
 519      A3DD4AF9 
 519      FFD317
 520 0b6e 47863B1E 		.ascii	"G\206;\036.\227-\235c\016c\366.\324\260SM\234\336\222"
 520      2E972D9D 
 520      630E63F6 
 520      2ED4B053 
 520      4D9CDE92 
 521 0b82 E268A6A2 		.ascii	"\342h\246\242k\357\347\225\3452\244\343 \354\320\350"
 521      6BEFE795 
 521      E532A4E3 
 521      20ECD0E8 
 522 0b92 7750F554 		.ascii	"wP\365T\252\272\267\362\034\025\247\300'\342&nD\010"
 522      AABAB7F2 
 522      1C15A7C0 
 522      27E2266E 
 522      4408
 523 0ba4 5DC5F5DF 		.ascii	"]\305\365\337\251+\277g\030\370\006h\242\277\344\015"
 523      A92BBF67 
 523      18F80668 
 523      A2BFE40D 
 524 0bb4 B0A17861 		.ascii	"\260\241xa\253N\363nq\376\354Q\\x\330\267\344{\035`"
 524      AB4EF36E 
 524      71FEEC51 
 524      5C78D8B7 
 524      E47B1D60 
 525 0bc8 9B00EC55 		.ascii	"\233\000\354U\0005\327\312\353\007\011\300.\001hV\000"
 525      0035D7CA 
 525      EB0709C0 
 525      2E016856 
 525      00
 526 0bd9 571B37AC 		.ascii	"W\0337\254\326\375h\250\027\200}\012\340`c\321\023\263"
 526      D6FD68A8 
 526      17807D0A 
 526      E06063D1 
 526      13B3
 527 0beb 00540AC0 		.ascii	"\000T\012\300~\026\240?\014\033\226T\340\230\232T\340"
 527      7E16A03F 
 527      0C1B9654 
 527      E0989A54 
ARM GAS  /tmp/ccoNJpID.s 			page 41


 527      E0
 528 0bfc CB4B494E 		.ascii	"\313KIN\312\2348>%y\322\357\246O\267\215\035\375\201"
 528      CA9C383E 
 528      2579D2EF 
 528      A64FB78D 
 528      1DFD81
 529 0c0f 2DCDEB9A 		.ascii	"-\315\353\232\346\364&ez\263\225\341B60\305\236k\363"
 529      E6F42665 
 529      7AB395E1 
 529      423630C5 
 529      9E6BF3
 530 0c22 643B6CCE 		.ascii	"d;l\316\351\303\262-\177\2320)!u\304\333\222\245\320"
 530      E9C3B22D 
 530      7F9A3029 
 530      2175C4DB 
 530      92A5D0
 531 0c35 E5F68D18 		.ascii	"\345\366\215\030i\363\015\316\262\373|N\357G\266\354"
 531      69F30DCE 
 531      B2FB7C4E 
 531      EF47B6EC 
 532 0c45 2976EF64 		.ascii	")v\357d\227{\262\315\236\355C\026\016HI\266\371\254"
 532      977BB2CD 
 532      9EED4316 
 532      0E4849B6 
 532      F9AC
 533 0c57 B99E3CB5 		.ascii	"\271\236<\265/\362=\257=\3179\2410/\313\3515\274;&\363"
 533      2FF23DAF 
 533      3DCF39A1 
 533      302FCBE9 
 533      35BC3B26 
 534 0c6c 83880FD2 		.ascii	"\203\210\017\322\307\3332}v\2373>=5\315\246\265&~\344"
 534      C7DB327D 
 534      769F333E 
 534      3D35CDA6 
 534      B5267EE4 
 535 0c80 71A63973 		.ascii	"q\2469s\214\231N_\241'b\214\327\233\357M\315w8\215|"
 535      8C994E5F 
 535      A127628C 
 535      D79BEF4D 
 535      CD77388D 
 536 0c95 309641F5 		.ascii	"0\226A\3650\303\007\371\331Sc\230\375\254\242v\232\376"
 536      30C307F9 
 536      D9536398 
 536      FDACA276 
 536      9AFE
 537 0ca7 3269A2CD 		.ascii	"2i\242\315\351\211\234\236\343\364\332r\235n\233#\313"
 537      E9899C9E 
 537      E3F4DA72 
 537      9D6E9B23 
 537      CB
 538 0cb8 CAEBD9F9 		.ascii	"\312\353\331\371\205n\237%\320\035\301+Y\20599ff\360"
 538      856E9F25 
 538      D01DC12B 
 538      59853939 
 538      6666F0
 539 0ccb 3B365F44 		.ascii	";6_D\236}\272\307\236=\325\351\213r\344\027f\345:\331"
 539      9E7DBAC7 
ARM GAS  /tmp/ccoNJpID.s 			page 42


 539      9E3DD5E9 
 539      8B72E417 
 539      66E53AD9 
 540 0cdf A0D36BF1 		.ascii	"\240\323k\361\344\331\355\016\207wD\2402<\202W\274\316"
 540      E4D9ED0E 
 540      877744A0 
 540      323C8257 
 540      BCCE
 541 0cf1 82826887 		.ascii	"\202\202h\207\335g\267y\\\016[\201\317\356\365\031|"
 541      DD67B779 
 541      5C0E5B81 
 541      CFEEF519 
 541      7C
 542 0d02 6882C555 		.ascii	"h\202\305U\300Z\271\271F\254\270\334\324]\230\027\305"
 542      C05AB9B9 
 542      46ACB8DC 
 542      D45D9817 
 542      C5
 543 0d13 75E5B872 		.ascii	"u\345\270rs\321\230\267\223\362\334\276\244\354$_\236"
 543      73D198B7 
 543      93F2DCBE 
 543      A4EC245F 
 543      9E
 544 0d24 27C9E1F2 		.ascii	"'\311\341\362\344\346\347M\265'\371\274\371\036W\366"
 544      E4E6E74D 
 544      B527F9BC 
 544      F91E57F6 
 545 0d34 F01143D5 		.ascii	"\360\021C\325\350\017-,\310\032\352pN\233\352\362\015"
 545      E80F2D2C 
 545      C81AEA70 
 545      4E9BEAF2 
 545      0D
 546 0d45 CDF930C9 		.ascii	"\315\3710\311\356\361H\377\376\277/\3378\267~\371P\033"
 546      EEF148FF 
 546      FEBF2FDF 
 546      38B77EF9 
 546      501B
 547 0d57 B20C9B22 		.ascii	"\262\014\233\"\015bq\033\223\036\210\355\270\011,<\223"
 547      0D62711B 
 547      931E88ED 
 547      B8092C3C 
 547      93
 548 0d68 32DFB58D 		.ascii	"2\337\265\215vp/\014\343\334.\337\220\254\302\334\251"
 548      76702F0C 
 548      E3DC2EDF 
 548      90ACC2DC 
 548      A9
 549 0d79 36BDE336 		.ascii	"6\275\3436\247\333\216\215\270iY\205\350\221\323]\300"
 549      A7DB8E8D 
 549      B8695985 
 549      E891D35D 
 549      C0
 550 0d8a D658E91B 		.ascii	"\326X\351\033\270\366J?_r\245\032\233\233\377\241\315"
 550      B8F64A3F 
 550      5F72A51A 
 550      9B9BFFA1 
 550      CD
ARM GAS  /tmp/ccoNJpID.s 			page 43


 551 0d9b 93FFA1C6 		.ascii	"\223\377\241\306c\315\314\317\011T=S>\262\271|9\366"
 551      63CDCCCF 
 551      09543D53 
 551      3EB2B97C 
 551      39F6
 552 0dad 6CA7D9E9 		.ascii	"l\247\331\351\031n\313\363\024\030\013<N'>\357\362\354"
 552      196ECBF3 
 552      14180B3C 
 552      4E273EEF 
 552      F2EC
 553 0dbf 2A66D0D8 		.ascii	"*f\320\330\374\002\037\343w\273\235\271\005\2030\026"
 553      FC021FE3 
 553      77BB9DB9 
 553      05833016 
 554 0dcf 38E0F0E4 		.ascii	"8\340\360\344\343Z\025\014v\025\344\333\2309!\246\306"
 554      E35A150C 
 554      7615E4DB 
 554      983921A6 
 554      C6
 555 0de0 30479933 		.ascii	"0G\2313\252\253\226qn\\\011w\2663\222\015\004\374\367"
 555      AAAB9671 
 555      6E5C0977 
 555      B633920D 
 555      04FCF7
 556 0df3 A4E1A2FD 		.ascii	"\244\341\242\375\376\237\215\246\232\014\030\316_1\262"
 556      FE9F8DA6 
 556      9A0C18CE 
 556      5F31B2
 557 0e02 B176B723 		.ascii	"\261v\267#7\260\017M\270\177S33\"2\306d\216\311\370"
 557      37B00F4D 
 557      B87F5333 
 557      332232C6 
 557      648EC9F8 
 558 0e16 DB98B411 		.ascii	"\333\230\264\021\306\264\321ii\031\364\275\011\031\206"
 558      C6B4D169 
 558      6919F4BD 
 558      091986
 559 0e25 71991333 		.ascii	"q\231\0233\014\251\023&\212\321\341\246\324\261c\322"
 559      0CA91326 
 559      8AD1E1A6 
 559      D4B163D2 
 560 0e35 DFCEE0C5 		.ascii	"\337\316\340\305H\245\370\235R\374\233R\244(E\262R\214"
 560      48A5F89D 
 560      52FC9B52 
 560      A42845B2 
 560      528C
 561 0e47 508AE119 		.ascii	"P\212\341\031\206wS\3232F\006\031\236:>s\\f\022\006"
 561      867753D3 
 561      32460619 
 561      9E3A3E73 
 561      5C661206 
 562 0e5b C795ED14 		.ascii	"\307\225\355\024^$\271\204\351)\330F\243_\011\244\331"
 562      5E24B984 
 562      E929D846 
 562      A35F09A4 
 562      D9
 563 0e6c F882C9AA 		.ascii	"\370\202\311\252\325\274\013)u]\361vo\336\264w\206\346"
ARM GAS  /tmp/ccoNJpID.s 			page 44


 563      D5BC0B29 
 563      755DF176 
 563      6FDEB477 
 563      86E6
 564 0e7e 0DCBB3BB 		.ascii	"\015\313\263\273\334o9\012<o\345x\244\310\354|\257\317"
 564      DC6F390A 
 564      3C6FE578 
 564      A4C8EC7C 
 564      AFCF
 565 0e90 397D685E 		.ascii	"9}h^J\212\024\307\342\203\363\306L\267\245\217\037\235"
 565      4A8A14C7 
 565      E283F3C6 
 565      4CB7A58F 
 565      1F9D
 566 0ea2 9AEFCE71 		.ascii	"\232\357\316qM\376\025\353ciYX\240\322\374\361\227\234"
 566      4DFE15EB 
 566      63695958 
 566      A0D2FCF1 
 566      979C
 567 0eb4 34D2AB42 		.ascii	"4\322\253B\307hvz`\276\243\225\203Eo\232S\327\037\006"
 567      C768767A 
 567      60BEA395 
 567      83456F9A 
 567      53D71F06 
 568 0ec8 8D6E8645 		.ascii	"\215n\206Ec\377\277\210~\026\214TL\323,Ly\303\207N\373"
 568      63FFBF88 
 568      7E168C54 
 568      4CD32C4C 
 568      79C3874E 
 569 0edd 54DD188B 		.ascii	"T\335\030\213J`lHp\367\337\336\235\224\231\346\3649"
 569      4A606C48 
 569      70F7DFDE 
 569      9D9499E6 
 569      F439
 570 0eef B37D916C 		.ascii	"\263}\221l\340ON\337DW\366\324\221?c;\341\252D\360q"
 570      E04F4EDF 
 570      4457F6D4 
 570      913F633B 
 570      E1AA44F0 
 571 0f04 67AEFDA3 		.ascii	"g\256\375\243\030\226\217i\031\332.\375\037\254UB\016"
 571      18968F69 
 571      19DA2EFD 
 571      1FAC5542 
 571      0E
 572              		.text
 573              		.section	.gnu.lto_.symtab.6af017c22aa23f0a,"e",%progbits
 574 0000 48414C5F 		.ascii	"HAL_PCDEx_PMAConfig\000"
 574      50434445 
 574      785F504D 
 574      41436F6E 
 574      66696700 
 575 0014 00       		.ascii	"\000"
 576 0015 00       		.ascii	"\000"
 577 0016 00       		.ascii	"\000"
 578 0017 00000000 		.ascii	"\000\000\000\000\000\000\000\000"
 578      00000000 
 579 001f 95010000 		.ascii	"\225\001\000\000"
ARM GAS  /tmp/ccoNJpID.s 			page 45


 580 0023 48414C5F 		.ascii	"HAL_PCDEx_ActivateBCD\000"
 580      50434445 
 580      785F4163 
 580      74697661 
 580      74654243 
 581 0039 00       		.ascii	"\000"
 582 003a 00       		.ascii	"\000"
 583 003b 00       		.ascii	"\000"
 584 003c 00000000 		.ascii	"\000\000\000\000\000\000\000\000"
 584      00000000 
 585 0044 99010000 		.ascii	"\231\001\000\000"
 586 0048 48414C5F 		.ascii	"HAL_PCDEx_DeActivateBCD\000"
 586      50434445 
 586      785F4465 
 586      41637469 
 586      76617465 
 587 0060 00       		.ascii	"\000"
 588 0061 00       		.ascii	"\000"
 589 0062 00       		.ascii	"\000"
 590 0063 00000000 		.ascii	"\000\000\000\000\000\000\000\000"
 590      00000000 
 591 006b 9B010000 		.ascii	"\233\001\000\000"
 592 006f 48414C5F 		.ascii	"HAL_PCDEx_ActivateLPM\000"
 592      50434445 
 592      785F4163 
 592      74697661 
 592      74654C50 
 593 0085 00       		.ascii	"\000"
 594 0086 00       		.ascii	"\000"
 595 0087 00       		.ascii	"\000"
 596 0088 00000000 		.ascii	"\000\000\000\000\000\000\000\000"
 596      00000000 
 597 0090 9D010000 		.ascii	"\235\001\000\000"
 598 0094 48414C5F 		.ascii	"HAL_PCDEx_DeActivateLPM\000"
 598      50434445 
 598      785F4465 
 598      41637469 
 598      76617465 
 599 00ac 00       		.ascii	"\000"
 600 00ad 00       		.ascii	"\000"
 601 00ae 00       		.ascii	"\000"
 602 00af 00000000 		.ascii	"\000\000\000\000\000\000\000\000"
 602      00000000 
 603 00b7 9F010000 		.ascii	"\237\001\000\000"
 604 00bb 48414C5F 		.ascii	"HAL_PCDEx_LPM_Callback\000"
 604      50434445 
 604      785F4C50 
 604      4D5F4361 
 604      6C6C6261 
 605 00d2 00       		.ascii	"\000"
 606 00d3 01       		.ascii	"\001"
 607 00d4 00       		.ascii	"\000"
 608 00d5 00000000 		.ascii	"\000\000\000\000\000\000\000\000"
 608      00000000 
 609 00dd A6010000 		.ascii	"\246\001\000\000"
 610 00e1 48414C5F 		.ascii	"HAL_PCDEx_BCD_Callback\000"
 610      50434445 
ARM GAS  /tmp/ccoNJpID.s 			page 46


 610      785F4243 
 610      445F4361 
 610      6C6C6261 
 611 00f8 00       		.ascii	"\000"
 612 00f9 01       		.ascii	"\001"
 613 00fa 00       		.ascii	"\000"
 614 00fb 00000000 		.ascii	"\000\000\000\000\000\000\000\000"
 614      00000000 
 615 0103 AC010000 		.ascii	"\254\001\000\000"
 616 0107 48414C5F 		.ascii	"HAL_PCDEx_BCD_VBUSDetect\000"
 616      50434445 
 616      785F4243 
 616      445F5642 
 616      55534465 
 617 0120 00       		.ascii	"\000"
 618 0121 00       		.ascii	"\000"
 619 0122 00       		.ascii	"\000"
 620 0123 00000000 		.ascii	"\000\000\000\000\000\000\000\000"
 620      00000000 
 621 012b B0010000 		.ascii	"\260\001\000\000"
 622 012f 48414C5F 		.ascii	"HAL_GetTick\000"
 622      47657454 
 622      69636B00 
 623 013b 00       		.ascii	"\000"
 624 013c 02       		.ascii	"\002"
 625 013d 00       		.ascii	"\000"
 626 013e 00000000 		.ascii	"\000\000\000\000\000\000\000\000"
 626      00000000 
 627 0146 B3010000 		.ascii	"\263\001\000\000"
 628 014a 48414C5F 		.ascii	"HAL_Delay\000"
 628      44656C61 
 628      7900
 629 0154 00       		.ascii	"\000"
 630 0155 02       		.ascii	"\002"
 631 0156 00       		.ascii	"\000"
 632 0157 00000000 		.ascii	"\000\000\000\000\000\000\000\000"
 632      00000000 
 633 015f B7010000 		.ascii	"\267\001\000\000"
 634              		.text
 635              		.section	.gnu.lto_.ext_symtab.6af017c22aa23f0a,"e",%progbits
 636 0000 01       		.ascii	"\001"
 637 0001 01       		.ascii	"\001"
 638 0002 00       		.ascii	"\000"
 639 0003 01       		.ascii	"\001"
 640 0004 00       		.ascii	"\000"
 641 0005 01       		.ascii	"\001"
 642 0006 00       		.ascii	"\000"
 643 0007 01       		.ascii	"\001"
 644 0008 00       		.ascii	"\000"
 645 0009 01       		.ascii	"\001"
 646 000a 00       		.ascii	"\000"
 647 000b 01       		.ascii	"\001"
 648 000c 00       		.ascii	"\000"
 649 000d 01       		.ascii	"\001"
 650 000e 00       		.ascii	"\000"
 651 000f 01       		.ascii	"\001"
 652 0010 00       		.ascii	"\000"
ARM GAS  /tmp/ccoNJpID.s 			page 47


 653 0011 01       		.ascii	"\001"
 654 0012 00       		.ascii	"\000"
 655 0013 01       		.ascii	"\001"
 656 0014 00       		.ascii	"\000"
 657              		.text
 658              		.section	.gnu.lto_.opts,"e",%progbits
 659 0000 272D666E 		.ascii	"'-fno-openmp' '-fno-openacc' '-fno-pie' '-fcf-prote"
 659      6F2D6F70 
 659      656E6D70 
 659      2720272D 
 659      666E6F2D 
 660 0033 6374696F 		.ascii	"ction=none' '-mcpu=cortex-m33' '-mthumb' '-mfpu=fpv"
 660      6E3D6E6F 
 660      6E652720 
 660      272D6D63 
 660      70753D63 
 661 0066 342D7370 		.ascii	"4-sp-d16' '-mfloat-abi=hard' '-mlibarch=armv8-m.mai"
 661      2D643136 
 661      2720272D 
 661      6D666C6F 
 661      61742D61 
 662 0099 6E2B6473 		.ascii	"n+dsp+fp' '-march=armv8-m.main+dsp+fp' '-Os' '-flto"
 662      702B6670 
 662      2720272D 
 662      6D617263 
 662      683D6172 
 663 00cc 2720272D 		.ascii	"' '-fdata-sections' '-ffunction-sections' '-Xassemb"
 663      66646174 
 663      612D7365 
 663      6374696F 
 663      6E732720 
 664 00ff 6C657227 		.ascii	"ler' '-a' '-Xassembler' '-ad' '-Xassembler' '-alms="
 664      20272D61 
 664      2720272D 
 664      58617373 
 664      656D626C 
 665 0132 6275696C 		.ascii	"build/../sdk/stm32/STM32U5xx_HAL_Driver/Src/stm32u5"
 665      642F2E2E 
 665      2F73646B 
 665      2F73746D 
 665      33322F53 
 666 0165 78785F68 		.ascii	"xx_hal_pcd_ex.lst'\000"
 666      616C5F70 
 666      63645F65 
 666      782E6C73 
 666      742700
 667              		.text
 668              		.comm	__gnu_lto_slim,1,1
 669              		.ident	"GCC: (15:10.3-2021.07-4) 10.3.1 20210621 (release)"
ARM GAS  /tmp/ccoNJpID.s 			page 48


DEFINED SYMBOLS
                            *ABS*:0000000000000000 stm32u5xx_hal_pcd_ex.c
                            *COM*:0000000000000001 __gnu_lto_slim

NO UNDEFINED SYMBOLS
