ARM GAS  /tmp/ccCOGBqe.s 			page 1


   1              		.cpu cortex-m33
   2              		.eabi_attribute 27, 1
   3              		.eabi_attribute 28, 1
   4              		.eabi_attribute 20, 1
   5              		.eabi_attribute 21, 1
   6              		.eabi_attribute 23, 3
   7              		.eabi_attribute 24, 1
   8              		.eabi_attribute 25, 1
   9              		.eabi_attribute 26, 1
  10              		.eabi_attribute 30, 4
  11              		.eabi_attribute 34, 1
  12              		.eabi_attribute 18, 4
  13              		.file	"stm32u5xx_ll_spi.c"
  14              		.text
  15              		.section	.text.LL_SPI_DeInit,"ax",%progbits
  16              		.align	1
  17              		.global	LL_SPI_DeInit
  18              		.arch armv8-m.main
  19              		.arch_extension dsp
  20              		.syntax unified
  21              		.thumb
  22              		.thumb_func
  23              		.fpu fpv4-sp-d16
  25              	LL_SPI_DeInit:
  26              		@ args = 0, pretend = 0, frame = 0
  27              		@ frame_needed = 0, uses_anonymous_args = 0
  28              		@ link register save eliminated.
  29 0000 164B     		ldr	r3, .L7
  30 0002 9842     		cmp	r0, r3
  31 0004 0AD1     		bne	.L2
  32 0006 164B     		ldr	r3, .L7+4
  33 0008 DA6F     		ldr	r2, [r3, #124]
  34 000a 42F48052 		orr	r2, r2, #4096
  35 000e DA67     		str	r2, [r3, #124]
  36 0010 DA6F     		ldr	r2, [r3, #124]
  37 0012 22F48052 		bic	r2, r2, #4096
  38 0016 DA67     		str	r2, [r3, #124]
  39              	.L6:
  40 0018 0020     		movs	r0, #0
  41 001a 7047     		bx	lr
  42              	.L2:
  43 001c 114B     		ldr	r3, .L7+8
  44 001e 9842     		cmp	r0, r3
  45 0020 04D0     		beq	.L4
  46 0022 114B     		ldr	r3, .L7+12
  47 0024 9842     		cmp	r0, r3
  48 0026 0BD0     		beq	.L5
  49 0028 0120     		movs	r0, #1
  50 002a 7047     		bx	lr
  51              	.L4:
  52 002c 0C4B     		ldr	r3, .L7+4
  53 002e 5A6F     		ldr	r2, [r3, #116]
  54 0030 42F48042 		orr	r2, r2, #16384
  55 0034 5A67     		str	r2, [r3, #116]
  56 0036 5A6F     		ldr	r2, [r3, #116]
  57 0038 22F48042 		bic	r2, r2, #16384
  58 003c 5A67     		str	r2, [r3, #116]
ARM GAS  /tmp/ccCOGBqe.s 			page 2


  59 003e EBE7     		b	.L6
  60              	.L5:
  61 0040 074B     		ldr	r3, .L7+4
  62 0042 D3F88020 		ldr	r2, [r3, #128]
  63 0046 42F02002 		orr	r2, r2, #32
  64 004a C3F88020 		str	r2, [r3, #128]
  65 004e D3F88020 		ldr	r2, [r3, #128]
  66 0052 22F02002 		bic	r2, r2, #32
  67 0056 C3F88020 		str	r2, [r3, #128]
  68 005a DDE7     		b	.L6
  69              	.L8:
  70              		.align	2
  71              	.L7:
  72 005c 00300140 		.word	1073819648
  73 0060 000C0246 		.word	1174539264
  74 0064 00380040 		.word	1073756160
  75 0068 00200046 		.word	1174413312
  77              		.section	.text.LL_SPI_Init,"ax",%progbits
  78              		.align	1
  79              		.global	LL_SPI_Init
  80              		.syntax unified
  81              		.thumb
  82              		.thumb_func
  83              		.fpu fpv4-sp-d16
  85              	LL_SPI_Init:
  86              		@ args = 0, pretend = 0, frame = 0
  87              		@ frame_needed = 0, uses_anonymous_args = 0
  88 0000 0368     		ldr	r3, [r0]
  89 0002 70B5     		push	{r4, r5, r6, lr}
  90 0004 DD07     		lsls	r5, r3, #31
  91 0006 3BD4     		bmi	.L14
  92 0008 0A6A     		ldr	r2, [r1, #32]
  93 000a 8B69     		ldr	r3, [r1, #24]
  94 000c 8C68     		ldr	r4, [r1, #8]
  95 000e 1343     		orrs	r3, r3, r2
  96 0010 8568     		ldr	r5, [r0, #8]
  97 0012 2343     		orrs	r3, r3, r4
  98 0014 1B4C     		ldr	r4, .L19
  99 0016 4E68     		ldr	r6, [r1, #4]
 100 0018 2C40     		ands	r4, r4, r5
 101 001a 2343     		orrs	r3, r3, r4
 102 001c 8360     		str	r3, [r0, #8]
 103 001e 4B69     		ldr	r3, [r1, #20]
 104 0020 C468     		ldr	r4, [r0, #12]
 105 0022 B3F1806F 		cmp	r3, #67108864
 106 0026 0BD1     		bne	.L11
 107 0028 E400     		lsls	r4, r4, #3
 108 002a 07D4     		bmi	.L12
 109 002c B6F5800F 		cmp	r6, #4194304
 110 0030 06D1     		bne	.L11
 111              	.L13:
 112 0032 0468     		ldr	r4, [r0]
 113 0034 44F48054 		orr	r4, r4, #4096
 114 0038 0460     		str	r4, [r0]
 115 003a 01E0     		b	.L11
 116              	.L12:
 117 003c 002E     		cmp	r6, #0
ARM GAS  /tmp/ccCOGBqe.s 			page 3


 118 003e F8D0     		beq	.L13
 119              	.L11:
 120 0040 3343     		orrs	r3, r3, r6
 121 0042 CE68     		ldr	r6, [r1, #12]
 122 0044 C468     		ldr	r4, [r0, #12]
 123 0046 3343     		orrs	r3, r3, r6
 124 0048 0E69     		ldr	r6, [r1, #16]
 125 004a 0D68     		ldr	r5, [r1]
 126 004c 3343     		orrs	r3, r3, r6
 127 004e CE69     		ldr	r6, [r1, #28]
 128 0050 24F01F54 		bic	r4, r4, #666894336
 129 0054 3343     		orrs	r3, r3, r6
 130 0056 05F4C026 		and	r6, r5, #393216
 131 005a 3343     		orrs	r3, r3, r6
 132 005c 24F4C024 		bic	r4, r4, #393216
 133 0060 2343     		orrs	r3, r3, r4
 134 0062 C360     		str	r3, [r0, #12]
 135 0064 0368     		ldr	r3, [r0]
 136 0066 05F40065 		and	r5, r5, #2048
 137 006a 23F40063 		bic	r3, r3, #2048
 138 006e 2B43     		orrs	r3, r3, r5
 139 0070 B2F5800F 		cmp	r2, #4194304
 140 0074 0360     		str	r3, [r0]
 141 0076 01D1     		bne	.L15
 142 0078 4B6A     		ldr	r3, [r1, #36]
 143 007a 0364     		str	r3, [r0, #64]
 144              	.L15:
 145 007c 0020     		movs	r0, #0
 146 007e 00E0     		b	.L10
 147              	.L14:
 148 0080 0120     		movs	r0, #1
 149              	.L10:
 150 0082 70BD     		pop	{r4, r5, r6, pc}
 151              	.L20:
 152              		.align	2
 153              	.L19:
 154 0084 E0FFBF0F 		.word	264241120
 156              		.section	.text.LL_SPI_StructInit,"ax",%progbits
 157              		.align	1
 158              		.global	LL_SPI_StructInit
 159              		.syntax unified
 160              		.thumb
 161              		.thumb_func
 162              		.fpu fpv4-sp-d16
 164              	LL_SPI_StructInit:
 165              		@ args = 0, pretend = 0, frame = 0
 166              		@ frame_needed = 0, uses_anonymous_args = 0
 167              		@ link register save eliminated.
 168 0000 0023     		movs	r3, #0
 169 0002 0722     		movs	r2, #7
 170 0004 C0E90033 		strd	r3, r3, [r0]
 171 0008 C0E90223 		strd	r2, r3, [r0, #8]
 172 000c C0E90433 		strd	r3, r3, [r0, #16]
 173 0010 C0E90633 		strd	r3, r3, [r0, #24]
 174 0014 C0E90832 		strd	r3, r2, [r0, #32]
 175 0018 7047     		bx	lr
 177              		.ident	"GCC: (15:10.3-2021.07-4) 10.3.1 20210621 (release)"
ARM GAS  /tmp/ccCOGBqe.s 			page 4


ARM GAS  /tmp/ccCOGBqe.s 			page 5


DEFINED SYMBOLS
                            *ABS*:0000000000000000 stm32u5xx_ll_spi.c
     /tmp/ccCOGBqe.s:16     .text.LL_SPI_DeInit:0000000000000000 $t
     /tmp/ccCOGBqe.s:25     .text.LL_SPI_DeInit:0000000000000000 LL_SPI_DeInit
     /tmp/ccCOGBqe.s:72     .text.LL_SPI_DeInit:000000000000005c $d
     /tmp/ccCOGBqe.s:78     .text.LL_SPI_Init:0000000000000000 $t
     /tmp/ccCOGBqe.s:85     .text.LL_SPI_Init:0000000000000000 LL_SPI_Init
     /tmp/ccCOGBqe.s:154    .text.LL_SPI_Init:0000000000000084 $d
     /tmp/ccCOGBqe.s:157    .text.LL_SPI_StructInit:0000000000000000 $t
     /tmp/ccCOGBqe.s:164    .text.LL_SPI_StructInit:0000000000000000 LL_SPI_StructInit

NO UNDEFINED SYMBOLS
