ARM GAS  /tmp/ccfVJpzd.s 			page 1


   1              		.cpu cortex-m33
   2              		.eabi_attribute 27, 1
   3              		.eabi_attribute 28, 1
   4              		.eabi_attribute 20, 1
   5              		.eabi_attribute 21, 1
   6              		.eabi_attribute 23, 3
   7              		.eabi_attribute 24, 1
   8              		.eabi_attribute 25, 1
   9              		.eabi_attribute 26, 1
  10              		.eabi_attribute 30, 4
  11              		.eabi_attribute 34, 1
  12              		.eabi_attribute 18, 4
  13              		.file	"ux_dcd_stm32_callback.c"
  14              		.text
  15              		.section	.text._ux_dcd_stm32_setup_isr_pending,"ax",%progbits
  16              		.align	1
  17              		.global	_ux_dcd_stm32_setup_isr_pending
  18              		.arch armv8-m.main
  19              		.arch_extension dsp
  20              		.syntax unified
  21              		.thumb
  22              		.thumb_func
  23              		.fpu fpv4-sp-d16
  25              	_ux_dcd_stm32_setup_isr_pending:
  26              		@ args = 0, pretend = 0, frame = 0
  27              		@ frame_needed = 0, uses_anonymous_args = 0
  28 0000 2DE9F041 		push	{r4, r5, r6, r7, r8, lr}
  29 0004 0446     		mov	r4, r0
  30 0006 4768     		ldr	r7, [r0, #4]
  31 0008 FFF7FEFF 		bl	_ux_utility_interrupt_disable
  32 000c A368     		ldr	r3, [r4, #8]
  33 000e 13F48068 		ands	r8, r3, #1024
  34 0012 03D0     		beq	.L2
  35              	.L12:
  36 0014 BDE8F041 		pop	{r4, r5, r6, r7, r8, lr}
  37 0018 FFF7FEBF 		b	_ux_utility_interrupt_restore
  38              	.L2:
  39 001c 13F44076 		ands	r6, r3, #768
  40 0020 F8D0     		beq	.L12
  41 0022 23F44073 		bic	r3, r3, #768
  42 0026 43F48063 		orr	r3, r3, #1024
  43 002a A360     		str	r3, [r4, #8]
  44 002c FFF7FEFF 		bl	_ux_utility_interrupt_restore
  45 0030 B6F5807F 		cmp	r6, #256
  46 0034 4FF08003 		mov	r3, #128
  47 0038 07F12005 		add	r5, r7, #32
  48 003c 0BD0     		beq	.L4
  49 003e B6F5407F 		cmp	r6, #768
  50 0042 D4F8C460 		ldr	r6, [r4, #196]
  51 0046 12D0     		beq	.L5
  52 0048 2846     		mov	r0, r5
  53 004a A373     		strb	r3, [r4, #14]
  54 004c FFF7FEFF 		bl	_ux_device_stack_control_request_process
  55 0050 38B9     		cbnz	r0, .L7
  56 0052 0423     		movs	r3, #4
  57 0054 14E0     		b	.L11
  58              	.L4:
ARM GAS  /tmp/ccfVJpzd.s 			page 2


  59 0056 A373     		strb	r3, [r4, #14]
  60 0058 0123     		movs	r3, #1
  61 005a 2846     		mov	r0, r5
  62 005c 2373     		strb	r3, [r4, #12]
  63 005e FFF7FEFF 		bl	_ux_device_stack_control_request_process
  64              	.L7:
  65 0062 A368     		ldr	r3, [r4, #8]
  66 0064 23F48063 		bic	r3, r3, #1024
  67 0068 A360     		str	r3, [r4, #8]
  68 006a BDE8F081 		pop	{r4, r5, r6, r7, r8, pc}
  69              	.L5:
  70 006e C7F84480 		str	r8, [r7, #68]
  71 0072 2846     		mov	r0, r5
  72 0074 A373     		strb	r3, [r4, #14]
  73 0076 FFF7FEFF 		bl	_ux_device_stack_control_request_process
  74 007a 0028     		cmp	r0, #0
  75 007c F1D1     		bne	.L7
  76 007e 0323     		movs	r3, #3
  77              	.L11:
  78 0080 0246     		mov	r2, r0
  79 0082 0146     		mov	r1, r0
  80 0084 2373     		strb	r3, [r4, #12]
  81 0086 0346     		mov	r3, r0
  82 0088 3046     		mov	r0, r6
  83 008a FFF7FEFF 		bl	HAL_PCD_EP_Transmit
  84 008e E8E7     		b	.L7
  86              		.section	.text.HAL_PCD_SetupStageCallback,"ax",%progbits
  87              		.align	1
  88              		.global	HAL_PCD_SetupStageCallback
  89              		.syntax unified
  90              		.thumb
  91              		.thumb_func
  92              		.fpu fpv4-sp-d16
  94              	HAL_PCD_SetupStageCallback:
  95              		@ args = 0, pretend = 0, frame = 0
  96              		@ frame_needed = 0, uses_anonymous_args = 0
  97 0000 244B     		ldr	r3, .L20
  98 0002 2DE9F041 		push	{r4, r5, r6, r7, r8, lr}
  99 0006 1B68     		ldr	r3, [r3]
 100 0008 00F52771 		add	r1, r0, #668
 101 000c DD69     		ldr	r5, [r3, #28]
 102 000e 0822     		movs	r2, #8
 103 0010 6C68     		ldr	r4, [r5, #4]
 104 0012 0646     		mov	r6, r0
 105 0014 04F15C00 		add	r0, r4, #92
 106 0018 FFF7FEFF 		bl	_ux_utility_memory_copy
 107 001c 0123     		movs	r3, #1
 108 001e 0022     		movs	r2, #0
 109 0020 6362     		str	r3, [r4, #36]
 110 0022 AB68     		ldr	r3, [r5, #8]
 111 0024 A263     		str	r2, [r4, #56]
 112 0026 23F00E03 		bic	r3, r3, #14
 113 002a 6264     		str	r2, [r4, #68]
 114 002c AB60     		str	r3, [r5, #8]
 115 002e 94F95C10 		ldrsb	r1, [r4, #92]
 116 0032 9142     		cmp	r1, r2
 117 0034 04DA     		bge	.L14
ARM GAS  /tmp/ccfVJpzd.s 			page 3


 118 0036 43F48073 		orr	r3, r3, #256
 119              	.L19:
 120 003a AB60     		str	r3, [r5, #8]
 121              	.L13:
 122 003c BDE8F081 		pop	{r4, r5, r6, r7, r8, pc}
 123              	.L14:
 124 0040 AA73     		strb	r2, [r5, #14]
 125 0042 94F86220 		ldrb	r2, [r4, #98]	@ zero_extendqisi2
 126 0046 2AB9     		cbnz	r2, .L16
 127 0048 94F86320 		ldrb	r2, [r4, #99]	@ zero_extendqisi2
 128 004c 12B9     		cbnz	r2, .L16
 129              	.L18:
 130 004e 43F40073 		orr	r3, r3, #512
 131 0052 F2E7     		b	.L19
 132              	.L16:
 133 0054 04F16200 		add	r0, r4, #98
 134 0058 A76A     		ldr	r7, [r4, #40]
 135 005a FFF7FEFF 		bl	_ux_utility_short_get
 136 005e B0F5807F 		cmp	r0, #256
 137 0062 0346     		mov	r3, r0
 138 0064 4FF00008 		mov	r8, #0
 139 0068 6063     		str	r0, [r4, #52]
 140 006a 07D9     		bls	.L17
 141 006c 3946     		mov	r1, r7
 142 006e 2846     		mov	r0, r5
 143 0070 FFF7FEFF 		bl	_ux_dcd_stm32_endpoint_stall
 144 0074 AB68     		ldr	r3, [r5, #8]
 145 0076 85F80C80 		strb	r8, [r5, #12]
 146 007a E8E7     		b	.L18
 147              	.L17:
 148 007c E26A     		ldr	r2, [r4, #44]
 149 007e C4F83880 		str	r8, [r4, #56]
 150 0082 2263     		str	r2, [r4, #48]
 151 0084 3046     		mov	r0, r6
 152 0086 B97B     		ldrb	r1, [r7, #14]	@ zero_extendqisi2
 153 0088 FFF7FEFF 		bl	HAL_PCD_EP_Receive
 154 008c 0223     		movs	r3, #2
 155 008e 2B73     		strb	r3, [r5, #12]
 156 0090 D4E7     		b	.L13
 157              	.L21:
 158 0092 00BF     		.align	2
 159              	.L20:
 160 0094 00000000 		.word	_ux_system_slave
 162              		.section	.text.HAL_PCD_DataInStageCallback,"ax",%progbits
 163              		.align	1
 164              		.global	HAL_PCD_DataInStageCallback
 165              		.syntax unified
 166              		.thumb
 167              		.thumb_func
 168              		.fpu fpv4-sp-d16
 170              	HAL_PCD_DataInStageCallback:
 171              		@ args = 0, pretend = 0, frame = 0
 172              		@ frame_needed = 0, uses_anonymous_args = 0
 173 0000 304B     		ldr	r3, .L41
 174 0002 2DE9F041 		push	{r4, r5, r6, r7, r8, lr}
 175 0006 1B68     		ldr	r3, [r3]
 176 0008 0746     		mov	r7, r0
ARM GAS  /tmp/ccfVJpzd.s 			page 4


 177 000a DD69     		ldr	r5, [r3, #28]
 178 000c 11F00F03 		ands	r3, r1, #15
 179 0010 1BBF     		ittet	ne
 180 0012 0C22     		movne	r2, #12
 181 0014 02FB0355 		mlane	r5, r2, r3, r5
 182 0018 0435     		addeq	r5, r5, #4
 183 001a 6435     		addne	r5, r5, #100
 184 001c 0E46     		mov	r6, r1
 185 001e 2C68     		ldr	r4, [r5]
 186 0020 0029     		cmp	r1, #0
 187 0022 3BD1     		bne	.L25
 188 0024 2B7A     		ldrb	r3, [r5, #8]	@ zero_extendqisi2
 189 0026 012B     		cmp	r3, #1
 190 0028 15D1     		bne	.L22
 191 002a D4F82880 		ldr	r8, [r4, #40]
 192 002e 0B46     		mov	r3, r1
 193 0030 0A46     		mov	r2, r1
 194 0032 FFF7FEFF 		bl	HAL_PCD_EP_Receive
 195 0036 E16B     		ldr	r1, [r4, #60]
 196 0038 B8F81000 		ldrh	r0, [r8, #16]
 197 003c 8142     		cmp	r1, r0
 198 003e 1DD8     		bhi	.L27
 199 0040 A36D     		ldr	r3, [r4, #88]
 200 0042 012B     		cmp	r3, #1
 201 0044 09D1     		bne	.L28
 202 0046 3346     		mov	r3, r6
 203 0048 3246     		mov	r2, r6
 204 004a 3846     		mov	r0, r7
 205 004c 98F80E10 		ldrb	r1, [r8, #14]	@ zero_extendqisi2
 206 0050 FFF7FEFF 		bl	HAL_PCD_EP_Transmit
 207 0054 A665     		str	r6, [r4, #88]
 208              	.L22:
 209 0056 BDE8F081 		pop	{r4, r5, r6, r7, r8, pc}
 210              	.L28:
 211 005a 0223     		movs	r3, #2
 212 005c 2362     		str	r3, [r4, #32]
 213 005e 636B     		ldr	r3, [r4, #52]
 214 0060 6664     		str	r6, [r4, #68]
 215 0062 A363     		str	r3, [r4, #56]
 216 0064 6B68     		ldr	r3, [r5, #4]
 217 0066 43F00803 		orr	r3, r3, #8
 218 006a 6B60     		str	r3, [r5, #4]
 219 006c E36C     		ldr	r3, [r4, #76]
 220 006e 13B1     		cbz	r3, .L29
 221 0070 04F12000 		add	r0, r4, #32
 222 0074 9847     		blx	r3
 223              	.L29:
 224 0076 0423     		movs	r3, #4
 225 0078 2B72     		strb	r3, [r5, #8]
 226 007a ECE7     		b	.L22
 227              	.L27:
 228 007c 0B1A     		subs	r3, r1, r0
 229 007e 8342     		cmp	r3, r0
 230 0080 28BF     		it	cs
 231 0082 0346     		movcs	r3, r0
 232 0084 226B     		ldr	r2, [r4, #48]
 233 0086 C91A     		subs	r1, r1, r3
ARM GAS  /tmp/ccfVJpzd.s 			page 5


 234 0088 0244     		add	r2, r2, r0
 235 008a 2263     		str	r2, [r4, #48]
 236 008c E163     		str	r1, [r4, #60]
 237 008e 98F80E10 		ldrb	r1, [r8, #14]	@ zero_extendqisi2
 238              	.L40:
 239 0092 3846     		mov	r0, r7
 240 0094 BDE8F041 		pop	{r4, r5, r6, r7, r8, lr}
 241 0098 FFF7FEBF 		b	HAL_PCD_EP_Transmit
 242              	.L25:
 243 009c A16D     		ldr	r1, [r4, #88]
 244 009e 0023     		movs	r3, #0
 245 00a0 626B     		ldr	r2, [r4, #52]
 246 00a2 29B1     		cbz	r1, .L30
 247 00a4 22B1     		cbz	r2, .L30
 248 00a6 1A46     		mov	r2, r3
 249 00a8 3146     		mov	r1, r6
 250 00aa A365     		str	r3, [r4, #88]
 251 00ac E363     		str	r3, [r4, #60]
 252 00ae F0E7     		b	.L40
 253              	.L30:
 254 00b0 6364     		str	r3, [r4, #68]
 255 00b2 0223     		movs	r3, #2
 256 00b4 2362     		str	r3, [r4, #32]
 257 00b6 6B68     		ldr	r3, [r5, #4]
 258 00b8 A263     		str	r2, [r4, #56]
 259 00ba 43F00803 		orr	r3, r3, #8
 260 00be 6B60     		str	r3, [r5, #4]
 261 00c0 C9E7     		b	.L22
 262              	.L42:
 263 00c2 00BF     		.align	2
 264              	.L41:
 265 00c4 00000000 		.word	_ux_system_slave
 267              		.section	.text.HAL_PCD_DataOutStageCallback,"ax",%progbits
 268              		.align	1
 269              		.global	HAL_PCD_DataOutStageCallback
 270              		.syntax unified
 271              		.thumb
 272              		.thumb_func
 273              		.fpu fpv4-sp-d16
 275              	HAL_PCD_DataOutStageCallback:
 276              		@ args = 0, pretend = 0, frame = 0
 277              		@ frame_needed = 0, uses_anonymous_args = 0
 278 0000 244A     		ldr	r2, .L55
 279 0002 2DE9F041 		push	{r4, r5, r6, r7, r8, lr}
 280 0006 1268     		ldr	r2, [r2]
 281 0008 01F00F07 		and	r7, r1, #15
 282 000c D269     		ldr	r2, [r2, #28]
 283 000e 07EB4704 		add	r4, r7, r7, lsl #1
 284 0012 02EB8404 		add	r4, r2, r4, lsl #2
 285 0016 0646     		mov	r6, r0
 286 0018 6568     		ldr	r5, [r4, #4]
 287 001a 0029     		cmp	r1, #0
 288 001c 2FD1     		bne	.L44
 289 001e 0C23     		movs	r3, #12
 290 0020 03FB0722 		mla	r2, r3, r7, r2
 291 0024 137B     		ldrb	r3, [r2, #12]	@ zero_extendqisi2
 292 0026 022B     		cmp	r3, #2
ARM GAS  /tmp/ccfVJpzd.s 			page 6


 293 0028 10D1     		bne	.L43
 294 002a AF6A     		ldr	r7, [r5, #40]
 295 002c FFF7FEFF 		bl	HAL_PCD_EP_GetRxCount
 296 0030 AB6B     		ldr	r3, [r5, #56]
 297 0032 6A6B     		ldr	r2, [r5, #52]
 298 0034 0344     		add	r3, r3, r0
 299 0036 9342     		cmp	r3, r2
 300 0038 AB63     		str	r3, [r5, #56]
 301 003a 12D8     		bhi	.L47
 302 003c 02D0     		beq	.L48
 303 003e 3B8A     		ldrh	r3, [r7, #16]
 304 0040 8342     		cmp	r3, r0
 305 0042 05D0     		beq	.L49
 306              	.L48:
 307 0044 A368     		ldr	r3, [r4, #8]
 308 0046 43F44073 		orr	r3, r3, #768
 309              	.L54:
 310 004a A360     		str	r3, [r4, #8]
 311              	.L43:
 312 004c BDE8F081 		pop	{r4, r5, r6, r7, r8, pc}
 313              	.L49:
 314 0050 2A6B     		ldr	r2, [r5, #48]
 315 0052 3046     		mov	r0, r6
 316 0054 1A44     		add	r2, r2, r3
 317 0056 2A63     		str	r2, [r5, #48]
 318 0058 B97B     		ldrb	r1, [r7, #14]	@ zero_extendqisi2
 319 005a BDE8F041 		pop	{r4, r5, r6, r7, r8, lr}
 320 005e FFF7FEBF 		b	HAL_PCD_EP_Receive
 321              	.L47:
 322 0062 2723     		movs	r3, #39
 323 0064 6B64     		str	r3, [r5, #68]
 324 0066 A368     		ldr	r3, [r4, #8]
 325 0068 43F00803 		orr	r3, r3, #8
 326 006c A360     		str	r3, [r4, #8]
 327 006e EB6C     		ldr	r3, [r5, #76]
 328 0070 002B     		cmp	r3, #0
 329 0072 EBD0     		beq	.L43
 330 0074 05F12000 		add	r0, r5, #32
 331 0078 BDE8F041 		pop	{r4, r5, r6, r7, r8, lr}
 332 007c 1847     		bx	r3	@ indirect register sibling call
 333              	.L44:
 334 007e FFF7FEFF 		bl	HAL_PCD_EP_GetRxCount
 335 0082 0023     		movs	r3, #0
 336 0084 6B64     		str	r3, [r5, #68]
 337 0086 0223     		movs	r3, #2
 338 0088 2B62     		str	r3, [r5, #32]
 339 008a A368     		ldr	r3, [r4, #8]
 340 008c A863     		str	r0, [r5, #56]
 341 008e 43F00803 		orr	r3, r3, #8
 342 0092 DAE7     		b	.L54
 343              	.L56:
 344              		.align	2
 345              	.L55:
 346 0094 00000000 		.word	_ux_system_slave
 348              		.section	.text.HAL_PCD_ResetCallback,"ax",%progbits
 349              		.align	1
 350              		.global	HAL_PCD_ResetCallback
ARM GAS  /tmp/ccfVJpzd.s 			page 7


 351              		.syntax unified
 352              		.thumb
 353              		.thumb_func
 354              		.fpu fpv4-sp-d16
 356              	HAL_PCD_ResetCallback:
 357              		@ args = 0, pretend = 0, frame = 0
 358              		@ frame_needed = 0, uses_anonymous_args = 0
 359 0000 38B5     		push	{r3, r4, r5, lr}
 360 0002 0A4C     		ldr	r4, .L65
 361 0004 0546     		mov	r5, r0
 362 0006 2368     		ldr	r3, [r4]
 363 0008 5B6A     		ldr	r3, [r3, #36]
 364 000a 0BB1     		cbz	r3, .L58
 365 000c FFF7FEFF 		bl	_ux_device_stack_disconnect
 366              	.L58:
 367 0010 EA79     		ldrb	r2, [r5, #7]	@ zero_extendqisi2
 368 0012 2368     		ldr	r3, [r4]
 369 0014 42B9     		cbnz	r2, .L59
 370 0016 0222     		movs	r2, #2
 371              	.L64:
 372 0018 C3F84021 		str	r2, [r3, #320]
 373 001c FFF7FEFF 		bl	_ux_dcd_stm32_initialize_complete
 374 0020 0122     		movs	r2, #1
 375 0022 2368     		ldr	r3, [r4]
 376 0024 5A62     		str	r2, [r3, #36]
 377 0026 38BD     		pop	{r3, r4, r5, pc}
 378              	.L59:
 379 0028 0122     		movs	r2, #1
 380 002a F5E7     		b	.L64
 381              	.L66:
 382              		.align	2
 383              	.L65:
 384 002c 00000000 		.word	_ux_system_slave
 386              		.section	.text.HAL_PCD_ConnectCallback,"ax",%progbits
 387              		.align	1
 388              		.global	HAL_PCD_ConnectCallback
 389              		.syntax unified
 390              		.thumb
 391              		.thumb_func
 392              		.fpu fpv4-sp-d16
 394              	HAL_PCD_ConnectCallback:
 395              		@ args = 0, pretend = 0, frame = 0
 396              		@ frame_needed = 0, uses_anonymous_args = 0
 397              		@ link register save eliminated.
 398 0000 034B     		ldr	r3, .L69
 399 0002 1B68     		ldr	r3, [r3]
 400 0004 D3F86431 		ldr	r3, [r3, #356]
 401 0008 0BB1     		cbz	r3, .L67
 402 000a F120     		movs	r0, #241
 403 000c 1847     		bx	r3
 404              	.L67:
 405 000e 7047     		bx	lr
 406              	.L70:
 407              		.align	2
 408              	.L69:
 409 0010 00000000 		.word	_ux_system_slave
 411              		.section	.text.HAL_PCD_DisconnectCallback,"ax",%progbits
ARM GAS  /tmp/ccfVJpzd.s 			page 8


 412              		.align	1
 413              		.global	HAL_PCD_DisconnectCallback
 414              		.syntax unified
 415              		.thumb
 416              		.thumb_func
 417              		.fpu fpv4-sp-d16
 419              	HAL_PCD_DisconnectCallback:
 420              		@ args = 0, pretend = 0, frame = 0
 421              		@ frame_needed = 0, uses_anonymous_args = 0
 422 0000 10B5     		push	{r4, lr}
 423 0002 074C     		ldr	r4, .L77
 424 0004 2368     		ldr	r3, [r4]
 425 0006 D3F86431 		ldr	r3, [r3, #356]
 426 000a 0BB1     		cbz	r3, .L72
 427 000c F220     		movs	r0, #242
 428 000e 9847     		blx	r3
 429              	.L72:
 430 0010 2368     		ldr	r3, [r4]
 431 0012 5B6A     		ldr	r3, [r3, #36]
 432 0014 1BB1     		cbz	r3, .L71
 433 0016 BDE81040 		pop	{r4, lr}
 434 001a FFF7FEBF 		b	_ux_device_stack_disconnect
 435              	.L71:
 436 001e 10BD     		pop	{r4, pc}
 437              	.L78:
 438              		.align	2
 439              	.L77:
 440 0020 00000000 		.word	_ux_system_slave
 442              		.section	.text.HAL_PCD_SuspendCallback,"ax",%progbits
 443              		.align	1
 444              		.global	HAL_PCD_SuspendCallback
 445              		.syntax unified
 446              		.thumb
 447              		.thumb_func
 448              		.fpu fpv4-sp-d16
 450              	HAL_PCD_SuspendCallback:
 451              		@ args = 0, pretend = 0, frame = 0
 452              		@ frame_needed = 0, uses_anonymous_args = 0
 453              		@ link register save eliminated.
 454 0000 034B     		ldr	r3, .L81
 455 0002 1B68     		ldr	r3, [r3]
 456 0004 D3F86431 		ldr	r3, [r3, #356]
 457 0008 0BB1     		cbz	r3, .L79
 458 000a F420     		movs	r0, #244
 459 000c 1847     		bx	r3
 460              	.L79:
 461 000e 7047     		bx	lr
 462              	.L82:
 463              		.align	2
 464              	.L81:
 465 0010 00000000 		.word	_ux_system_slave
 467              		.section	.text.HAL_PCD_ResumeCallback,"ax",%progbits
 468              		.align	1
 469              		.global	HAL_PCD_ResumeCallback
 470              		.syntax unified
 471              		.thumb
 472              		.thumb_func
ARM GAS  /tmp/ccfVJpzd.s 			page 9


 473              		.fpu fpv4-sp-d16
 475              	HAL_PCD_ResumeCallback:
 476              		@ args = 0, pretend = 0, frame = 0
 477              		@ frame_needed = 0, uses_anonymous_args = 0
 478              		@ link register save eliminated.
 479 0000 034B     		ldr	r3, .L85
 480 0002 1B68     		ldr	r3, [r3]
 481 0004 D3F86431 		ldr	r3, [r3, #356]
 482 0008 0BB1     		cbz	r3, .L83
 483 000a F320     		movs	r0, #243
 484 000c 1847     		bx	r3
 485              	.L83:
 486 000e 7047     		bx	lr
 487              	.L86:
 488              		.align	2
 489              	.L85:
 490 0010 00000000 		.word	_ux_system_slave
 492              		.section	.text.HAL_PCD_SOFCallback,"ax",%progbits
 493              		.align	1
 494              		.global	HAL_PCD_SOFCallback
 495              		.syntax unified
 496              		.thumb
 497              		.thumb_func
 498              		.fpu fpv4-sp-d16
 500              	HAL_PCD_SOFCallback:
 501              		@ args = 0, pretend = 0, frame = 0
 502              		@ frame_needed = 0, uses_anonymous_args = 0
 503              		@ link register save eliminated.
 504 0000 034B     		ldr	r3, .L89
 505 0002 1B68     		ldr	r3, [r3]
 506 0004 D3F86431 		ldr	r3, [r3, #356]
 507 0008 0BB1     		cbz	r3, .L87
 508 000a F020     		movs	r0, #240
 509 000c 1847     		bx	r3
 510              	.L87:
 511 000e 7047     		bx	lr
 512              	.L90:
 513              		.align	2
 514              	.L89:
 515 0010 00000000 		.word	_ux_system_slave
 517              		.ident	"GCC: (15:10.3-2021.07-4) 10.3.1 20210621 (release)"
ARM GAS  /tmp/ccfVJpzd.s 			page 10


DEFINED SYMBOLS
                            *ABS*:0000000000000000 ux_dcd_stm32_callback.c
     /tmp/ccfVJpzd.s:16     .text._ux_dcd_stm32_setup_isr_pending:0000000000000000 $t
     /tmp/ccfVJpzd.s:25     .text._ux_dcd_stm32_setup_isr_pending:0000000000000000 _ux_dcd_stm32_setup_isr_pending
     /tmp/ccfVJpzd.s:87     .text.HAL_PCD_SetupStageCallback:0000000000000000 $t
     /tmp/ccfVJpzd.s:94     .text.HAL_PCD_SetupStageCallback:0000000000000000 HAL_PCD_SetupStageCallback
     /tmp/ccfVJpzd.s:160    .text.HAL_PCD_SetupStageCallback:0000000000000094 $d
     /tmp/ccfVJpzd.s:163    .text.HAL_PCD_DataInStageCallback:0000000000000000 $t
     /tmp/ccfVJpzd.s:170    .text.HAL_PCD_DataInStageCallback:0000000000000000 HAL_PCD_DataInStageCallback
     /tmp/ccfVJpzd.s:265    .text.HAL_PCD_DataInStageCallback:00000000000000c4 $d
     /tmp/ccfVJpzd.s:268    .text.HAL_PCD_DataOutStageCallback:0000000000000000 $t
     /tmp/ccfVJpzd.s:275    .text.HAL_PCD_DataOutStageCallback:0000000000000000 HAL_PCD_DataOutStageCallback
     /tmp/ccfVJpzd.s:346    .text.HAL_PCD_DataOutStageCallback:0000000000000094 $d
     /tmp/ccfVJpzd.s:349    .text.HAL_PCD_ResetCallback:0000000000000000 $t
     /tmp/ccfVJpzd.s:356    .text.HAL_PCD_ResetCallback:0000000000000000 HAL_PCD_ResetCallback
     /tmp/ccfVJpzd.s:384    .text.HAL_PCD_ResetCallback:000000000000002c $d
     /tmp/ccfVJpzd.s:387    .text.HAL_PCD_ConnectCallback:0000000000000000 $t
     /tmp/ccfVJpzd.s:394    .text.HAL_PCD_ConnectCallback:0000000000000000 HAL_PCD_ConnectCallback
     /tmp/ccfVJpzd.s:409    .text.HAL_PCD_ConnectCallback:0000000000000010 $d
     /tmp/ccfVJpzd.s:412    .text.HAL_PCD_DisconnectCallback:0000000000000000 $t
     /tmp/ccfVJpzd.s:419    .text.HAL_PCD_DisconnectCallback:0000000000000000 HAL_PCD_DisconnectCallback
     /tmp/ccfVJpzd.s:440    .text.HAL_PCD_DisconnectCallback:0000000000000020 $d
     /tmp/ccfVJpzd.s:443    .text.HAL_PCD_SuspendCallback:0000000000000000 $t
     /tmp/ccfVJpzd.s:450    .text.HAL_PCD_SuspendCallback:0000000000000000 HAL_PCD_SuspendCallback
     /tmp/ccfVJpzd.s:465    .text.HAL_PCD_SuspendCallback:0000000000000010 $d
     /tmp/ccfVJpzd.s:468    .text.HAL_PCD_ResumeCallback:0000000000000000 $t
     /tmp/ccfVJpzd.s:475    .text.HAL_PCD_ResumeCallback:0000000000000000 HAL_PCD_ResumeCallback
     /tmp/ccfVJpzd.s:490    .text.HAL_PCD_ResumeCallback:0000000000000010 $d
     /tmp/ccfVJpzd.s:493    .text.HAL_PCD_SOFCallback:0000000000000000 $t
     /tmp/ccfVJpzd.s:500    .text.HAL_PCD_SOFCallback:0000000000000000 HAL_PCD_SOFCallback
     /tmp/ccfVJpzd.s:515    .text.HAL_PCD_SOFCallback:0000000000000010 $d

UNDEFINED SYMBOLS
_ux_utility_interrupt_disable
_ux_utility_interrupt_restore
_ux_device_stack_control_request_process
HAL_PCD_EP_Transmit
_ux_utility_memory_copy
_ux_utility_short_get
_ux_dcd_stm32_endpoint_stall
HAL_PCD_EP_Receive
_ux_system_slave
HAL_PCD_EP_GetRxCount
_ux_device_stack_disconnect
_ux_dcd_stm32_initialize_complete
