ARM GAS  /tmp/cci0oAja.s 			page 1


   1              		.cpu cortex-m33
   2              		.eabi_attribute 27, 1
   3              		.eabi_attribute 28, 1
   4              		.eabi_attribute 20, 1
   5              		.eabi_attribute 21, 1
   6              		.eabi_attribute 23, 3
   7              		.eabi_attribute 24, 1
   8              		.eabi_attribute 25, 1
   9              		.eabi_attribute 26, 1
  10              		.eabi_attribute 30, 4
  11              		.eabi_attribute 34, 1
  12              		.eabi_attribute 18, 4
  13              		.file	"ux_dcd_stm32_endpoint_destroy.c"
  14              		.section	.gnu.lto_.profile.1e3fa3aac4cf646e,"e",%progbits
  15 0000 789C6362 		.ascii	"x\234cb\000\001\000\000\022\000\003"
  15      00010000 
  15      120003
  16              		.text
  17              		.section	.gnu.lto_.icf.1e3fa3aac4cf646e,"e",%progbits
  18 0000 789CE360 		.ascii	"x\234\343`@\000F\206\276\367O\037\3601\000\000\017\013"
  18      40004686 
  18      BEF74F1F 
  18      F0310000 
  18      0F0B
  19 0012 035A     		.ascii	"\003Z"
  20              		.text
  21              		.section	.gnu.lto_.ipa_sra.1e3fa3aac4cf646e,"e",%progbits
  22 0000 789C458B 		.ascii	"x\234E\213\301\015\300 \020\303\342K*x\261LW\276Q:X"
  22      C10DC020 
  22      10C3E24B 
  22      2A78B14C 
  22      57BE513A 
  23 0015 E145E497 		.ascii	"\341E\344\227\345\274\272CE[m>B2\252\275\361\314\326"
  23      E5BCBA43 
  23      455B6D3E 
  23      4232AABD 
  23      F1CCD6
  24 0028 693F0BA4 		.ascii	"i?\013\244\27081\347\360\003\266i\0056"
  24      B83831E7 
  24      F003B669 
  24      0536
  25              		.text
  26              		.section	.gnu.lto_.inline.1e3fa3aac4cf646e,"e",%progbits
  27 0000 789C45CE 		.ascii	"x\234E\316\261\015\2000\014D\321\3639B\021J\221\221"
  27      B10D8030 
  27      0C44D1F3 
  27      3942114A 
  27      9191
  28 0012 98204300 		.ascii	"\230 C\000\022-#d\000\212\214\220\"\203bR`\027\326\327"
  28      122D2364 
  28      008A8C90 
  28      22836252 
  28      6017D6D7 
  29 0026 930B3FF0 		.ascii	"\223\013?\360\021`\255\265v^\242\"C\011\335L\207\002"
  29      1160ADB5 
  29      765EA222 
  29      4309DD4C 
ARM GAS  /tmp/cci0oAja.s 			page 2


  29      8702
  30 0038 DA133E0A 		.ascii	"\332\023>\012\320\033\221vUy\000\313\214\223 d\346N"
  30      D01B9176 
  30      557900CB 
  30      8C932064 
  30      E64E
  31 004a 84BF115C 		.ascii	"\204\277\021\\\243kt\315\256\331\036\320d\213\255\264"
  31      A36B74CD 
  31      AED91ED0 
  31      648BADB4 
  32 005a 8217B14E 		.ascii	"\202\027\261N\033\330"
  32      1BD8
  33              		.text
  34              		.section	.gnu.lto_.jmpfuncs.1e3fa3aac4cf646e,"e",%progbits
  35 0000 789CD365 		.ascii	"x\234\323e@\000F\006&FF\346\372%\314l@\314\316\002\024"
  35      40004606 
  35      264646E6 
  35      FA25CC6C 
  35      40CCCE02 
  36 0015 38C0C2C8 		.ascii	"8\300\302\310\000\304\377\201\200\237\001\211\317\310"
  36      00C4FF81 
  36      809F0189 
  36      CFC8
  37 0023 C00000E4 		.ascii	"\300\000\000\344q\012\264"
  37      710AB4
  38              		.text
  39              		.section	.gnu.lto_.pureconst.1e3fa3aac4cf646e,"e",%progbits
  40 0000 789C6361 		.ascii	"x\234ca```d\230\305\002\000\001d\000\244"
  40      60606064 
  40      98C50200 
  40      016400A4 
  41              		.text
  42              		.section	.gnu.lto_.lto.1e3fa3aac4cf646e,"e",%progbits
  43 0000 09000400 		.ascii	"\011\000\004\000\001\000\000\000"
  43      01000000 
  44              		.text
  45              		.section	.gnu.lto__ux_dcd_stm32_endpoint_destroy.164.1e3fa3aac4cf646e,"e",%progbits
  46 0000 789C5590 		.ascii	"x\234U\220;l\323P\024\206\357\177\257\3630}\320\225"
  46      3B6CD350 
  46      1486EF7F 
  46      AFF3307D 
  46      D095
  47 0012 AD030F21 		.ascii	"\255\003\017!\221\270\264\240\256\210\031\006T\220\330"
  47      91B8B4A0 
  47      AE881906 
  47      5490D8
  48 0021 ACD43652 		.ascii	"\254\3246R\2248\266\022\007\332\2517\005\204T\206\264"
  48      9438B612 
  48      07DAA937 
  48      05845486 
  48      B4
  49 0032 65240488 		.ascii	"e$\004\210,Tua\200B\200\000\001\324\0126\204\204X\030"
  49      2C547561 
  49      80428000 
  49      01D40A36 
  49      84845818 
  50 0046 400C7440 		.ascii	"@\014t@Pu\242\010\011\216\035\247M%\277\316\271\337"
ARM GAS  /tmp/cci0oAja.s 			page 3


  50      5075A208 
  50      098E1DA7 
  50      4D25BFCE 
  50      B9DF
  51 0058 FF9FDFE7 		.ascii	"\377\237\337\347\030gl\2051v\220n\010\206\305\2059\316"
  51      18676C85 
  51      3176906E 
  51      0886C585 
  51      39CE
  52 006a A4942712 		.ascii	"\244\224'\022\034\225\205\271\3577\037)x\216\260\001"
  52      1C9585B9 
  52      EF371F29 
  52      788EB001 
  53 007a 36C33183 		.ascii	"6\3031\203\033\242&\260(|\202\225\350\013\030>\334\226"
  53      1BA226B0 
  53      287C8295 
  53      E80B183E 
  53      DC96
  54 008c F2F76ABD 		.ascii	"\362\367j\275\366\015\265\245\266\342\013\316\352\004"
  54      F60DB5A5 
  54      B6E20BCE 
  54      EA04
  55 009a AC000F41 		.ascii	"\254\000\017A\316\214@q\007\354\020Q\357\1774\245T\231"
  55      CE8C4071 
  55      07EC1051 
  55      EF7F34A5 
  55      5499
  56 00ac 2F041EA3 		.ascii	"/\004\036\243\007\242F\210-G\330\362\345kr\210\234\024"
  56      07A24688 
  56      2D47D8F2 
  56      E56B7288 
  56      9C14
  57 00be 3CD98D29 		.ascii	"<\331\215)\221\337\003\004\257\003\304n\334~s}p\276"
  57      91DF0304 
  57      AF03C46E 
  57      DC7E737D 
  57      70BE
  58 00d0 92F4450C 		.ascii	"\222\364E\014\317\260k0\2133\264\020\204\011~\220.\252"
  58      CFB06B30 
  58      8B33B410 
  58      84097E90 
  58      2EAA
  59 00e2 EE7F88B5 		.ascii	"\356\177\210\265\345\337\177U)\177\355\373\372'\256"
  59      E5DF7F55 
  59      297FEDFB 
  59      FA27AE
  60 00f1 824CE39C 		.ascii	"\202L\343\234\036\011\005x\212X\240H\000M\302\253\""
  60      1E090578 
  60      8A58A048 
  60      004DC2AB 
  60      22
  61 0102 58865420 		.ascii	"X\206T \333\214\315\013\336)*T\374\304lk\353cE4D,\332"
  61      DB8CCD0B 
  61      DE292A54 
  61      FCC46C6B 
  61      EB634534 
  62 0119 8212E6B9 		.ascii	"\202\022\346\271\027,k\351\210/\222\015\352\274\000"
ARM GAS  /tmp/cci0oAja.s 			page 4


  62      172C6BE9 
  62      882F920D 
  62      EABC00
  63 0128 1BA19A92 		.ascii	"\033\241\232\222\251x\211[a\012Rn6?\335U#Y\254G\326"
  63      A978895B 
  63      610A526E 
  63      363FDD55 
  63      2359AC47 
  64 013d EF8B3D64 		.ascii	"\357\213=d\210W\333\262>\274&\031%\011\320>Ds?\237i"
  64      8857DBB2 
  64      3EBC2619 
  64      2509D03E 
  64      44733F9F 
  65 0152 08447AD1 		.ascii	"\010Dz\321\243\337\357\213\376\206H`\265\243_\347\364"
  65      A3DFEF8B 
  65      FE864860 
  65      B5A35FE7 
  65      F4
  66 0163 63582303 		.ascii	"cX#\003\336\231\333R\033\202w\351\365\361\235\220\324"
  66      DE99DB52 
  66      1B8277E9 
  66      F5F19D90 
  66      D4
  67 0174 8B060EE0 		.ascii	"\213\006\016\340-\361\024\264k0\210w\324\010\226\276"
  67      2DF114B4 
  67      6B308877 
  67      D40896BE 
  68 0184 81ABC3EC 		.ascii	"\201\253\303\354\012\250\267\267\036D\242\014d\347\213"
  68      0AA8B7B7 
  68      1E44A20C 
  68      64E78B
  69 0193 21B689D9 		.ascii	"!\266\211\331/[k\003A\034\336Y{U`gq\214\215kv\301\323"
  69      2F5B6B03 
  69      411CDE59 
  69      7B556067 
  69      718C8D6B 
  70 01aa 0CCDB35D 		.ascii	"\014\315\263]\315\314\272y\307\316e4\257\350\270Yc\344"
  70      CDCCBA79 
  70      C7CE6534 
  70      AFE8B859 
  70      63E4
  71 01bc 68AAE4D9 		.ascii	"h\252\344\331c\243\345\343\251ri2eZ\027sY/u\341\222"
  71      63A3E5E3 
  71      A9726932 
  71      655A1773 
  71      592F75E1 
  72 01d1 96715D66 		.ascii	"\226q]f\245\323Z\311\314i!\241M\234==6\252\237\2338"
  72      A5D35AC9 
  72      CC6921A1 
  72      4D9C3D3D 
  72      36AA9F9B 
  73 01e6 795E3F95 		.ascii	"y^?\225\235,f\212\323\232\341\330\266S\320H9\245\207"
  73      9D2C668A 
  73      D39AE1D8 
  73      B653D048 
  73      39A587
  74 01f9 904E0659 		.ascii	"\220N\006Y\303\322\015\247@\376\371\274U,i\345)\335"
ARM GAS  /tmp/cci0oAja.s 			page 5


  74      C3D20DA7 
  74      40FEF9BC 
  74      552C69E5 
  74      29DD
  75 020b 34CCE8DC 		.ascii	"4\314\350\334*\230\256\223-x\004\226\210\230N\033L\335"
  75      2A98AE93 
  75      2D780496 
  75      88984E1B 
  75      4CDD
  76 021d 3E4D764F 		.ascii	">MvO\271e\376\007\265f\346\230"
  76      B965FE07 
  76      B566E698 
  77              		.text
  78              		.section	.gnu.lto_.symbol_nodes.1e3fa3aac4cf646e,"e",%progbits
  79 0000 789C2D8B 		.ascii	"x\234-\213A\001\2000\020\200@\355a\033k\335\326\300"
  79      41018030 
  79      108040ED 
  79      611B6BDD 
  79      D6C0
  80 0012 10B38421 		.ascii	"\020\263\204!\2544w:\276\300\301`i\006e\260y>\020p\227"
  80      AC34773A 
  80      BEC0C160 
  80      690665B0 
  80      793E1070 
  81 0027 2AA6C3CB 		.ascii	"*\246\303\313\260O\366/ \343\264+\376[\223\027\030U"
  81      B04FF62F 
  81      20E3B42B 
  81      FE5B9317 
  81      1855
  82 0039 15D8     		.ascii	"\025\330"
  83              		.text
  84              		.section	.gnu.lto_.refs.1e3fa3aac4cf646e,"e",%progbits
  85 0000 789C6364 		.ascii	"x\234cd\000\002\000\000\012\000\002"
  85      00020000 
  85      0A0002
  86              		.text
  87              		.section	.gnu.lto_.decls.1e3fa3aac4cf646e,"e",%progbits
  88 0000 789CBD59 		.ascii	"x\234\275YyTSY\232\177\337\275\011\204\200\200B\225"
  88      79545359 
  88      9A7FDFBD 
  88      09848080 
  88      4295
  89 0012 F68C6333 		.ascii	"\366\214c3\216\247\313\236.\305\345t\267\323\177i+\325"
  89      8EA7CB9E 
  89      2EC5E574 
  89      B7D37F69 
  89      2BD5
  90 0024 7ADA528F 		.ascii	"z\332R\217@\235\2529}N&\220\207\346\030\222t\022\324"
  90      409DAA39 
  90      7D4E2690 
  90      87E61892 
  90      7412D4
  91 0037 EA7F260A 		.ascii	"\352\177&\012*U\210[\225-\210\013\356h\225\212\273X"
  91      2A55885B 
  91      952D880B 
  91      EE68958A 
  91      BB58
ARM GAS  /tmp/cci0oAja.s 			page 6


  92 0049 A2881B6E 		.ascii	"\242\210\033n\270\343\276\240\226FE\245\\qe\276{\337"
  92      B8E3BEA0 
  92      964645A5 
  92      5C7165BE 
  92      7BDF
  93 005b CBDB22F4 		.ascii	"\313\333\"\364t\2379\223\303\315{\357\276\337\375\366"
  93      749F3993 
  93      C3CD7BEF 
  93      BEDFFDF6 
  94 006b EFBBDF25 		.ascii	"\357\273\337%\037w\023\204qVA8*\010B+~\010^O\342\260"
  94      1F771384 
  94      71564138 
  94      2A08422B 
  94      7E085E4F 
  95 0081 E0C80041 		.ascii	"\340\310\000A\310\3041\006\357?\303\353\3478\276\300"
  95      C8C43106 
  95      EF3FC3EB 
  95      E738BEC0 
  96 0091 310DC71D 		.ascii	"1\015\307\035\034\354\303\360/\360\276U~\326~\036QA"
  96      1CECC3F0 
  96      2FF0BE55 
  96      7ED67E1E 
  96      5141
  97 00a3 E888D74E 		.ascii	"\350\210\327N8\222q<\323\254%D\242\337\025\347o\313"
  97      3892713C 
  97      D3AC2544 
  97      A2DF15E7 
  97      6FCB
  98 00b5 3C00E71C 		.ascii	"<\000\347\034x?\025\307R\231\037\305\271wx5\343\373"
  98      783F15C7 
  98      52991FC5 
  98      B9777835 
  98      E3FB
  99 00c7 6B78F5E0 		.ascii	"kx\365\340(\300q\023\307Jh\237\377\034\012\235\300\204"
  99      28C07113 
  99      C74A689F 
  99      FF1C0A9D 
  99      C084
 100 00d9 DFC990C2 		.ascii	"\337\311\220\302\357\257\233\371\345\274\031\251\342"
 100      EFAF9BF9 
 100      E5BC19A9 
 100      E2
 101 00e6 DD47C034 		.ascii	"\335G\3004N\340w\002\375'!5\310?7\376[\200\037dr\264"
 101      4EE07702 
 101      FD272135 
 101      C83F37FE 
 101      5B801F64 
 102 00fc 1084324A 		.ascii	"\020\2042J\232\366\337=\332\301Z\023\0146\007k\012b"
 102      9AF6DF3D 
 102      DAC15A13 
 102      0C36076B 
 102      0A62
 103 010e 04D802B0 		.ascii	"\004\330\002\260\031\004\250\006\\\271\023`\007@\025"
 103      1904A806 
 103      5CB91360 
 103      074015
 104 011d D0D92071 		.ascii	"\320\331 q<a\246\013\220^\205\374Xg\246k\371mWh\005"
ARM GAS  /tmp/cci0oAja.s 			page 7


 104      3C61A60B 
 104      905E85FC 
 104      5867A66B 
 104      F96D5768 
 105 0132 7E6114B7 		.ascii	"~a\024\267-}}\300jA\212\241\302\3535H\252?\364A\003"
 105      2D7D7DC0 
 105      6A418AA1 
 105      C2EB3548 
 105      AA3FF441 
 106 0147 1C0446EE 		.ascii	"\034\004F\356\000\300~\240\3338n\311\334\371-`\300A"
 106      00C07EA0 
 106      DB386EC9 
 106      DCF92D60 
 106      C041
 107 0159 1D68919C 		.ascii	"\035h\221\234K\211\244Z\037\256m\220\322\2432\367X\244"
 107      4B89A45A 
 107      1FAE6D90 
 107      D2A332F7 
 107      58A4
 108 016b 71E6ECE9 		.ascii	"q\346\354\351[fkP\226\036'%\361\0058\216\004S\241\036"
 108      5B666B50 
 108      961E2725 
 108      F105388E 
 108      0453A11E 
 109 017f 1053FFCD 		.ascii	"\020S\377\315\331\327\244\023b\012\202\301r\002\273"
 109      D9D7A413 
 109      620A82C1 
 109      7202BB
 110 018e 008E021C 		.ascii	"\000\216\002\034a\240\023\300\201\002=\305\005\232Z"
 110      61A013C0 
 110      81023DC5 
 110      059A5A
 111 019d 73E784C5 		.ascii	"s\347\204\305z\275]Sp!zr\376\263\314\364r;\0127h\024"
 111      7ABD5D53 
 111      70217A72 
 111      FEB3CCF4 
 111      723B0A37 
 112 01b3 BEC17173 		.ascii	"\276\301qs\3477\234\214\267\\\327+|\016t\310'\355P\274"
 112      E7379C8C 
 112      B75CD72B 
 112      7C0E74C8 
 112      27ED50BC 
 113 01c7 A8C1B570 		.ascii	"\250\301\265p\334\374\273\253\027\307\030Mx\011\264"
 113      DCFCBBAB 
 113      17C7184D 
 113      7809B4
 114 01d6 48C96F84 		.ascii	"H\311o\204_j\210d\303dZH$\033F#\221\252\206\342\352"
 114      5F6A8864 
 114      C3645A48 
 114      241B4623 
 114      91AA86E2 
 115 01eb D8F7D9F0 		.ascii	"\330\367\331\360\006\267a\243D\"\205\316\224\327t\241"
 115      06B761A3 
 115      442285CE 
 115      94D774A1 
 116 01fb 6544A02B 		.ascii	"eD\240+\345\247D\272\036\237\252\010\023\347\350\201"
 116      E5A744BA 
ARM GAS  /tmp/cci0oAja.s 			page 8


 116      1E9FAA08 
 116      13E7E881 
 117 020b E23A60B1 		.ascii	"\342:`\261\024\012\326N\242\2628\367\000\343\",\015"
 117      140AD64E 
 117      A2B238F7 
 117      00E3222C 
 117      0D
 118 021c 829EEE5B 		.ascii	"\202\236\356[\276<6\216\007\\y\255\011\356\203\302\257"
 118      BE3C368E 
 118      075C79AD 
 118      09EE83C2 
 118      AF
 119 022d 89B9628F 		.ascii	"\211\271b\217L\327B\217\360\273dH\344\317\204\236\347"
 119      4CD7428F 
 119      F0BB6448 
 119      E4CF849E 
 119      E7
 120 023e CFBFC0C8 		.ascii	"\317\277\300\310\246\374*\320F\316\365\305\324\212E"
 120      A6FC2AD0 
 120      46CEF5C5 
 120      D48A45
 121 024d B18C6B53 		.ascii	"\261\214kS\260f\262Y\200f\200\237P\362g\200\030\344"
 121      B066B259 
 121      8066809F 
 121      50F26780 
 121      18E4
 122 025f FB14E009 		.ascii	"\373\024\340\011\320{2\261>\364\011\212\373V~\352B\247"
 122      D07B32B1 
 122      3EF4098A 
 122      FB567EEA 
 122      42A7
 123 0271 5381CEC6 		.ascii	"S\201\316\3061\037G9\225X\367\344\357j\010]N\221~\312"
 123      311F4739 
 123      9558F7E4 
 123      EF6A085D 
 123      4E917ECA 
 124 0285 C317E7C6 		.ascii	"\303\027\347\306\367\350\321#\251\207\346\203\334ZN"
 124      F7E8D123 
 124      A987E683 
 124      DC5A4E
 125 0294 5F6A9AF6 		.ascii	"_j\232\366\273\033\371\323\202\263&Q\224\035\356\002"
 125      BB1BF9D3 
 125      82B32651 
 125      941DEE02 
 126 02a4 4C258A32 		.ascii	"L%\2122!\366\265\005\004\246\350\352\025\323:T\006)"
 126      21F6B505 
 126      04A6E8EA 
 126      15D33A54 
 126      0629
 127 02b6 D3F52D07 		.ascii	"\323\365-\007I\376L\025\230\260\014QY\265\177j0qR\034"
 127      49FE4C15 
 127      98B00C51 
 127      59B57F6A 
 127      3071521C 
 128 02ca 43BC3120 		.ascii	"C\2741 ^\203 \305n\215I\200I\004\202X\027\030\002U\233"
 128      5E8320C5 
 128      6E8D4980 
ARM GAS  /tmp/cci0oAja.s 			page 9


 128      49048258 
 128      17180255 
 129 02df 4D603A81 		.ascii	"M`:\201\002\002S\010|E\240\220\3004\002E\004\346\020"
 129      02025308 
 129      7C45A090 
 129      C0340245 
 129      04E610
 130 02f2 2826904F 		.ascii	"(&\220O`&\201\257\011\314\"0\203\025\023\306\350\310"
 130      602681AF 
 130      09CC2230 
 130      831513C6 
 130      E8C8
 131 0304 8FC86872 		.ascii	"\217\310hr\034<\007x\301\031I\326\022\340!\373\352\313"
 131      1C3C0778 
 131      C11949D6 
 131      12E021FB 
 131      EACB
 132 0316 31752AE6 		.ascii	"1u*\346\245\016\303\304i\221\004\336\251\012\374\312"
 132      A50EC3C4 
 132      699104DE 
 132      A90AFCCA 
 133 0326 20B0A474 		.ascii	" \260\244te\323\224i\301\304\2028\226o\267u\226\371"
 133      65D39469 
 133      C1C48238 
 133      966FB775 
 133      96F9
 134 0338 51B54C65 		.ascii	"Q\265Le\275\312\352q\2448\262q\026\251\274\336\031x"
 134      BDCAEA71 
 134      A438B271 
 134      16A9BCDE 
 134      1978
 135 034a F5E7802B 		.ascii	"\365\347\200+*\253\007\221N\220\224*>\250\020\231LT"
 135      2AAB0791 
 135      4E90942A 
 135      3EA81099 
 135      4C54
 136 035c 223735C2 		.ascii	"\"75\302\334S\311\334\211\224X\"S4M\301\334\322an\252"
 136      DC53C9DC 
 136      89945822 
 136      53344DC1 
 136      DCD2616E 
 137 0371 983255DE 		.ascii	"\2302U\336V\203\274\022\340\202\012x\244\001<\224e\241"
 137      5683BC12 
 137      E0820A78 
 137      A4013C94 
 137      65A1
 138 0383 CB4C2CAE 		.ascii	"\313L,\256[\347\314^\032\225d\364=|C\3761\357#\305W"
 138      5BE7CC5E 
 138      1A9564F4 
 138      3D7C43FE 
 138      31EF23C5 
 139 0398 2F6A1625 		.ascii	"/j\026%\250\225\360[\002\327\000\2562\256s\011Ow\201"
 139      A895F05B 
 139      02D700AE 
 139      32AE7309 
 139      4F7781
 140 03ab 6E300974 		.ascii	"n0\011t\033g?\375j\343\253\004V\015\333Lf\236,\035x"
ARM GAS  /tmp/cci0oAja.s 			page 10


 140      1B673FFD 
 140      6AE3AB04 
 140      560DDB4C 
 140      669E2C1D 
 141 03c0 B28404BA 		.ascii	"\262\204\004\272\027W\326\341h\304\361\014G\261Y\312"
 141      1757D6E1 
 141      68C4F10C 
 141      47B159CA 
 142 03d0 B101B4C4 		.ascii	"\261\001\264\304,\320\32586\343\330\215\343 \216c8\316"
 142      2CD0D538 
 142      36E3D88D 
 142      E3208E63 
 142      38CE
 143 03e2 E3B88DE3 		.ascii	"\343\270\215\343\251\031\371u}sp\367\255\0305\303\222"
 143      A919F975 
 143      7D7370F7 
 143      AD1835C3 
 143      92
 144 03f3 A42C6B2E 		.ascii	"\244,k.\376qj8wV\023\330l\264\0253\347\353\275\2129"
 144      FE716A38 
 144      775613D8 
 144      6CB41533 
 144      E7EBBD8A 
 145 0408 171A2172 		.ascii	"\027\032!r\010]T!+4\0209\277\030\342\221\212Xl$\"y\355"
 145      085D5421 
 145      2B341039 
 145      BF18E291 
 145      8A586C24 
 146 041f B88A5869 		.ascii	"\270\212Xi\240!s)R\375\272\300HCf\263[%Ra \"q9\242\002"
 146      A0217329 
 146      52FDBAC0 
 146      484366B3 
 146      5B255261 
 147 0439 56190052 		.ascii	"V\031\000R\260\337W\001K\015\00097\257\252\210\345\006"
 147      B0DF5701 
 147      4B0D0039 
 147      37AFAA88 
 147      E506
 148 044b C416A598 		.ascii	"\304\026\245\230`\205\234O\240\224\025\223\315<\234"
 148      60859C4F 
 148      A0941593 
 148      CD3C9C
 149 045a 2A096C20 		.ascii	"*\011l \260\216\300\367\0046\021\330J`#F7\201\265\004"
 149      B08EC0F7 
 149      043611D8 
 149      4A602346 
 149      3781B504 
 150 046e B611F88E 		.ascii	"\266\021\370\216\300z\002k\302e\344\201\312b\211\201"
 150      C07A026B 
 150      C265E481 
 150      CA628981 
 151 047e 4539E188 		.ascii	"E9\341\210\220\212Xf@\234\226\304|\251\"\026\031\255"
 151      908A5866 
 151      409C96C4 
 151      7CA92216 
 151      19AD
 152 0490 D55FA0D3 		.ascii	"\325_\240\323\243X\024\276=R]\025\227d\224\031\266\223"
ARM GAS  /tmp/cci0oAja.s 			page 11


 152      A35814BE 
 152      3D525D15 
 152      97649419 
 152      B693
 153 04a2 BF576ABA 		.ascii	"\277Wj\272\200\323\2734e\303\014H\222\272\241\032\251"
 153      80D3BB34 
 153      65C30C48 
 153      92BAA11A 
 153      A9
 154 04b3 13821F18 		.ascii	"\023\202\037\030%\006Y\301!\227\237]/H\320A`'Q@\010"
 154      250659C1 
 154      21979F5D 
 154      2F48D041 
 154      60275140 
 155 04c8 58BA6EF5 		.ascii	"X\272n\365:\223\272\203U\253E`\027\221[\263[f\036\373"
 155      3A93BA83 
 155      55AB4560 
 155      17915BB3 
 155      5B661EFB 
 156 04dc E5BDE906 		.ascii	"\345\275\351\006F3\345\304\226\342\025V\335\016\202"
 156      4633E5C4 
 156      96E21556 
 156      DD0E82
 157 04eb 1F35B56B 		.ascii	"\0375\265k\010\354f\236\250\345:\035\"p\234\300A\002"
 157      08EC669E 
 157      A8E53A1D 
 157      22709CC0 
 157      4102
 158 04fd FB089C24 		.ascii	"\373\010\234$p\200\3001\002{\011\324\0238L`?\201\243"
 158      7080C031 
 158      027B09D4 
 158      13384C60 
 158      3F81A3
 159 0510 04777438 		.ascii	"\004wt8B\240\216i\326\210{\321\325'5\325\037\357\315"
 159      42A08E69 
 159      D6887BD1 
 159      D52735D5 
 159      1FEFCD
 160 0523 0FD6D500 		.ascii	"\017\326\325\000\234\0028\011\214TX\252\303R\014#\273"
 160      9C023809 
 160      8C5458AA 
 160      C3520C23 
 160      BB
 161 0534 CA6BCB82 		.ascii	"\312k\313\202\274|\315%\360W\3020\341\002\240\331\256"
 161      BC7CCD25 
 161      F057C230 
 161      E102A0D9 
 161      AE
 162 0545 2A1FE52B 		.ascii	"*\037\345+5\256VG\250FM\206{\262\363.\003\\\340\030"
 162      35AE5647 
 162      A8464D86 
 162      7BB2F32E 
 162      035CE018 
 163 0559 C9796764 		.ascii	"\311ygd2\215\254\312\311\220\022\002\363\210\012\011"
 163      328DACCA 
 163      C9901202 
 163      F3880A09 
ARM GAS  /tmp/cci0oAja.s 			page 12


 164 0569 4138949B 		.ascii	"A8\224\233\013\247\314\214g\233\347\030\330C\264|\266"
 164      0BA7CC8C 
 164      679BE718 
 164      D843B47C 
 164      B6
 165 057a 6A922E2C 		.ascii	"j\222.,\013\201\035:\214\2221\315\017o\316\340\025\342"
 165      0B811D3A 
 165      8C9231CD 
 165      0F6FCEE0 
 165      15E2
 166 058c 10C03E8D 		.ascii	"\020\300>\215({5\033\360\273\374i\234\021j\264]\247"
 166      287B351B 
 166      F0BBFC69 
 166      9C116AB4 
 166      5DA7
 167 059e D1360DA8 		.ascii	"\3216\015\250\345\346\2140hO\244\332\262R\341\354;\017"
 167      E5E68C30 
 167      684FA4DA 
 167      B252E1EC 
 167      3B0F
 168 05b0 70D6A8F7 		.ascii	"p\326\250\367i\236\\\225\017d\033\237\0008\306!\341"
 168      699E5C95 
 168      0F641B9F 
 168      0038C621 
 168      E1
 169 05c1 76F33028 		.ascii	"v\3630(\031Xy\236\201\220N\025\2012\256W8\031\325\035"
 169      1958799E 
 169      81904E15 
 169      8132AE57 
 169      3819D51D 
 170 05d5 B4F9B52A 		.ascii	"\264\371\265*\365\356H\251\271C\233C7G0\010\372\363"
 170      F5EE48A9 
 170      B9439B43 
 170      37473008 
 170      FAF3
 171 05e7 3A68FD79 		.ascii	":h\375y%\274\227<\3461\275\241\265\242\236&\031\003"
 171      25BC973C 
 171      E631BDA1 
 171      B5A29E26 
 171      1903
 172 05f9 0E4E917F 		.ascii	"\016N\221\177,\344\220\342\214\007\241%\2326\356\264"
 172      2CE490E2 
 172      8C07A125 
 172      9A36EEB4 
 173 0609 2ADD1922 		.ascii	"*\335\031\"\001\356\235\233\022\257\002\316\250\200"
 173      01EE9D9B 
 173      12AF02CE 
 173      A880
 174 0617 B312E07A 		.ascii	"\263\022\340z\303\256?\251\357\307(\257\033\3605-\210"
 174      C3AE3FA9 
 174      EFC728AF 
 174      1BF0352D 
 174      88
 175 0628 6690D3B7 		.ascii	"f\220\323\2676lH06\224\347\210\276\241<\375]\303MM:"
 175      366C4830 
 175      3694E788 
 175      BEA13CFD 
ARM GAS  /tmp/cci0oAja.s 			page 13


 175      5DC34D4D 
 176 063d 7655085D 		.ascii	"vU\010]\010gc\215\264U]\2276\244`\024\375:Z\240\013"
 176      0867638D 
 176      B4555D97 
 176      36A46014 
 176      FD3A5AA0 
 177 0652 71ACC451 		.ascii	"q\254\304Q\203\243\001G\023\216|\013\343Z\274#\377l"
 177      83A30147 
 177      138E7C0B 
 177      E35ABC23 
 177      FF6C
 178 0664 6CE491E8 		.ascii	"l\344\221\350&\321\036\211\276\262\010t)\207\237\256"
 178      26D11E89 
 178      BEB20874 
 178      29879FAE 
 179 0674 5DB6CBAC 		.ascii	"]\266\313\254\257\027\267\011\334Q\353\305\272\013'"
 179      AF17B709 
 179      DC51EBC5 
 179      BA0B27
 180 0683 8B635401 		.ascii	"\213cT\001\357h\372\023\246\352\017\026I\3128.\335u"
 180      EF68FA13 
 180      A6EA0F16 
 180      49CA382E 
 180      DD75
 181 0695 5C117FEB 		.ascii	"\\\021\177\353\335\242\227T\336\006Y\253yf\345\236\352"
 181      DDA29754 
 181      DE0659AB 
 181      7966E59E 
 181      EA
 182 06a6 01B5527A 		.ascii	"\001\265Rz\207\010\374H\340\247\367e\302\243eE<\023"
 182      8708FC48 
 182      E0A7F765 
 182      C2A36545 
 182      3C13
 183 06b8 CE633470 		.ascii	"\316c4p\210\256\242\262tz\030\016_\002\215F\204\224"
 183      88AEA2B2 
 183      747A180E 
 183      5F028D46 
 183      8494
 184 06ca 700FE484 		.ascii	"p\017\344\204\273E\340F\004\233-\372\312\215T\256\032"
 184      BB45E046 
 184      049B2DFA 
 184      CA8D54AE 
 184      1A
 185 06db A9E8DAD5 		.ascii	"\251\350\332\325\373\004\260\361\206\273\034\204\246"
 185      FB04B0F1 
 185      86BB1C84 
 185      A6
 186 06e8 6B22F088 		.ascii	"k\"\360\210\300C\002\017\010<\306f/\274\235\264\250"
 186      C043020F 
 186      083CC666 
 186      2FBC9DB4 
 186      A8
 187 06f9 04AF1909 		.ascii	"\004\257\031\0116\363\223\316\232\357/\336\215Q[\027"
 187      36F393CE 
 187      9AEF2FDE 
 187      8D515B17 
ARM GAS  /tmp/cci0oAja.s 			page 14


 188 0709 845C2670 		.ascii	"\204\\&p\211%\314\223p\353\262*\006[\027\034\3651lA"
 188      8925CC93 
 188      70EBB22A 
 188      065B171C 
 188      F5316C41 
 189 071d FDC5EA95 		.ascii	"\375\305\352\225qz\257<'\360B\365Jy\305\322\325D\365"
 189      717AAF3C 
 189      27F042F5 
 189      4A79C5D2 
 189      D544F5
 190 0730 CA0B55D3 		.ascii	"\312\013U\323\026\346\225\0331\362\031W:\362\325\304"
 190      16E6951B 
 190      31F21957 
 190      3AF2D5C4 
 191 0740 D1E7316D 		.ascii	"\321\3471mm oU\252\207\326\227\327\032\330b\222i\000"
 191      6D206F55 
 191      AA87D697 
 191      D71AD862 
 191      926900
 192 0753 8547CFAD 		.ascii	"\205G\317\255\321\260}\247\262m\345iam\232\263uy\014"
 192      D1B07DA7 
 192      B26DE569 
 192      616D9AB3 
 192      75790C
 193 0766 6F7F587E 		.ascii	"o\177X~\027\257\340\371\375\204\300S\002x\023\326Z\277"
 193      17AFE0F9 
 193      FD84C053 
 193      027813D6 
 193      5ABF
 194 0778 99A3A95F 		.ascii	"\231\243\251_\023x\205\226x\311Qh\352\311\024\317\312"
 194      13788596 
 194      78C95168 
 194      EAC914CF 
 194      CA
 195 0789 904FA180 		.ascii	"\220O\241\200JFn.\332/\325\267\026\002\3178J\037@\214"
 195      4A466E2E 
 195      DA2FD5B7 
 195      1602CF38 
 195      4A1F408C 
 196 079d 5B89C2ED 		.ascii	"[\211\302\355\212\216\033\377\222\253\322|\231L+\201"
 196      8A8E1BFF 
 196      92ABD27C 
 196      994C2B81 
 197 07ad 373A3217 		.ascii	"7:2\027e\020\235de\212\356\336\264\354\2129)B\300)\364"
 197      65109D64 
 197      658AEEDE 
 197      B4EC8A39 
 197      2942C029 
 198 07c2 BD02E282 		.ascii	"\275\002\342\202-\223/\226i,3U\245<"
 198      2D932F96 
 198      692C3355 
 198      A53C
 199 07d0 8DCA895C 		.ascii	"\215\312\211\\'ep\215\211\316\260\242\3039\237\222\225"
 199      2765708D 
 199      89CEB0A2 
 199      C3399F92 
 199      95
ARM GAS  /tmp/cci0oAja.s 			page 15


 200 07e1 F7D745E9 		.ascii	"\367\327E\351-^Da:U,^\260\355\222]%;]%[\214d\351.$t"
 200      2D5E4461 
 200      3A552C5E 
 200      B0ED925D 
 200      253B5D25 
 201 07fc 9113BA37 		.ascii	"\221\023\2727\273\2428VOh&\205Y*\241%-\2337YUJ\263T"
 201      BBA23856 
 201      4F682685 
 201      592AA125 
 201      2D9B3759 
 202 0814 4AB319A5 		.ascii	"J\263\031\245\247VY:\201~\033\213\235t,\267B\303\363"
 202      A756593A 
 202      817E1B8B 
 202      9D742CB7 
 202      42C3F3
 203 0827 7D51EF3B 		.ascii	"}Q\357;\\\377\225\262\303u*B\366\236?\2641\236\205v"
 203      5CFF95B2 
 203      C3752A42 
 203      F69E3FB4 
 203      319E8576 
 204 083b 2818FC2F 		.ascii	"(\030\374/\226\002R\360\317\243\034$\320j$v\020G\003"
 204      960252F0 
 204      CFA31C24 
 204      D06A2476 
 204      104703
 205 084e 27F86CFE 		.ascii	"'\370l\376\203\356\221\207\335\371T{\330\275\202\350"
 205      83EE9187 
 205      DDF9547B 
 205      D8BD82E8 
 206 085e 7B385EE3 		.ascii	"{8^\343(\212\023\3507q\2702\361\355\252\242\003\020"
 206      288A13E8 
 206      3771B832 
 206      F1EDAAA2 
 206      0310
 207 0870 3EC6B2AA 		.ascii	">\306\262\252r\352\346\222\262\204\265\233\203\301\374"
 207      72EAE692 
 207      B284B59B 
 207      83C1FC
 208 087f 2E8CED22 		.ascii	".\214\355\"\012K\251\256\335\224\235\307\016\035\224"
 208      0A4BA9AE 
 208      DD949DC7 
 208      0E1D94
 209 088e 25239473 		.ascii	"%#\224s\010\362\251\240\260\204\302J\012\313)\254\240"
 209      08F2A9A0 
 209      B084C24A 
 209      0ACB29AC 
 209      A0
 210 089f B08AC232 		.ascii	"\260\212\3022\346E\336b\274\034[\202ej\036nJ\006\202"
 210      E645DE62 
 210      BC1C5B82 
 210      656A1E6E 
 210      4A0682
 211 08b2 72677859 		.ascii	"rgxY\002 \307\005\006\200\334#_y\351\252@@\031\205R"
 211      0220C705 
 211      0680DC23 
 211      5F79E9AA 
 211      40401985 
ARM GAS  /tmp/cci0oAja.s 			page 16


 212 08c7 0ED01E3F 		.ascii	"\016\320\036?\345\012tI\241\261\320@Cn\305\257*\200"
 212      E50A7449 
 212      A1B1D040 
 212      436EC5AF 
 212      2A80
 213 08d9 1203406E 		.ascii	"\022\003@n\222/(\200\305\006@_\201\336G\243\005;\010"
 213      922F2880 
 213      C506405F 
 213      81DE47A3 
 213      053B08
 214 08ec B4A48314 		.ascii	"\264\244\203\024w!\331\263Qt\203<\203N>#\337\016\240"
 214      7721D9B3 
 214      5174833C 
 214      834E3E23 
 214      DF0EA0
 215 08ff 93E39967 		.ascii	"\223\343\231g6\205f\237\245r\211\342~\224\214&\300&"
 215      3685669F 
 215      A57289E2 
 215      7E948C26 
 215      C026
 216 0911 2A57A8A5 		.ascii	"*W\250\245\361\002=\200#\204\2430A\240[\023\370F\371"
 216      F1023D80 
 216      2384A330 
 216      41A05B13 
 216      F846F9
 217 0924 F0CA457D 		.ascii	"\360\312E}E\201\355\024\252\324\270k\230\277}\023U\343"
 217      4581ED14 
 217      AAD4B86B 
 217      98BF7D13 
 217      55E3
 218 0936 AE4A8DBB 		.ascii	"\256J\215\273\035\224\003n\324\225-\2143\011|\002<8"
 218      1D94036E 
 218      D4952D8C 
 218      33097C02 
 218      3C38
 219 0948 D1B27DEF 		.ascii	"\321\262}\357Z\3229\310\242$\230\014c\025\013\356DI"
 219      5AD239C8 
 219      A224980C 
 219      63150BEE 
 219      4449
 220 095a 7E90D69C 		.ascii	"~\220\326\234_5\327\251\322\334\251\322\254f1w\034\245"
 220      5F35D7A9 
 220      D2DCA9D2 
 220      AC663177 
 220      1CA5
 221 096c 7B84A334 		.ascii	"{\204\2434\021\017v8\232q\224t\304\373\216l\355\201"
 221      110F7638 
 221      9A719474 
 221      C4FB8E6C 
 221      ED81
 222 097e FB33376A 		.ascii	"\37337j\266\366\363j\015\333\317\026?F`i'\201\356\304"
 222      B6F6F36A 
 222      0DDBCF16 
 222      3F466069 
 222      2781EEC4 
 223 0992 71A9132E 		.ascii	"q\251\023.\350\261\270qyE\264\341_(R\020V~]\372g\266"
 223      E8B1B871 
ARM GAS  /tmp/cci0oAja.s 			page 17


 223      7945B4E1 
 223      5F285210 
 223      567E5DFA 
 224 09a8 ABE17653 		.ascii	"\253\341vSK\341\250*\206\346\314\375z^\030rH\007Q\352"
 224      4BE1A82A 
 224      86E6CCFD 
 224      7A5E1872 
 224      480751EA 
 225 09bc 965C61BE 		.ascii	"\226\\a\276\242PH\271\361\216\362 =B\341$\205\263\024"
 225      A25048B9 
 225      F18EF220 
 225      3D42E124 
 225      85B314
 226 09cf 2E51384E 		.ascii	".Q8N\341\024\205\303\024\316Q\270H\241\201\302\005\012"
 226      E11485C3 
 226      14CE51B8 
 226      48A181C2 
 226      050A
 227 09e1 F5B85552 		.ascii	"\365\270UR8C\341\004\205\323\024\216\311\225\262\262"
 227      3843E104 
 227      85D3148E 
 227      C995B2B2 
 228 09f1 4291A952 		.ascii	"B\221\251R\307p=U\313\340\314\322\352F\010\316\351\203"
 228      C7703D55 
 228      CBE0CCD2 
 228      EA4608CE 
 228      E983
 229 0a03 F6826D3A 		.ascii	"\366\202m:TPS,\013K\253$\324~\012\373t(\365_\023\315"
 229      5450532C 
 229      0B4BAB24 
 229      D47E0AFB 
 229      7428F55F 
 230 0a19 8B4AB748 		.ascii	"\213J\267H d\270Y\007\332@\025#\274Q\214P\027a\0049"
 230      2064B859 
 230      07DA4015 
 230      23BC518C 
 230      50176104 
 231 0a2e 29BE52C4 		.ascii	")\276R\304\336\033\311J\356;\027\227\232Y\330o\242\260"
 231      DE1BC94A 
 231      EE3B1797 
 231      9A59D86F 
 231      A2B0
 232 0a40 9163C231 		.ascii	"\221c\3021\272AU\255r\241Bg\213\216\316\021mG=OV\014"
 232      BA4155AD 
 232      72A14267 
 232      8B8ECE11 
 232      6D473D4F 
 233 0a56 DB91833A 		.ascii	"\333\221\203:\224\332K4\027k\024\333\255\003i\377\355"
 233      94DA4B34 
 233      176B14DB 
 233      AD0369FF 
 233      ED
 234 0a67 52A4B0DB 		.ascii	"R\244\260\333\023\031\0012\246T\301l\215\024I2\320\014"
 234      13190132 
 234      A654C16C 
 234      8D144932 
 234      D00C
ARM GAS  /tmp/cci0oAja.s 			page 18


 235 0a79 05B22BD2 		.ascii	"\005\262+\322\035\022d\272\002\251\211\224F\022\271"
 235      1D1264BA 
 235      02A98994 
 235      4612B9
 236 0a88 759EEAB0 		.ascii	"u\236\352\260\003\221zma\315H\247G'\236]\210U\376Q\301"
 236      03917A6D 
 236      61CD48A7 
 236      47279E5D 
 236      8855FE51 
 237 0a9d 8F2912E5 		.ascii	"\217)\022\345b\012_S\270\365^\035\232\2535\326\370N"
 237      620A5F53 
 237      B8F55E1D 
 237      9AAB35D6 
 237      F84E
 238 0aaf 87523BB8 		.ascii	"\207R;\270#\245\252Y\347\3500\332\003\332n\211\333\030"
 238      23A5AA59 
 238      E7E830DA 
 238      03DA6E89 
 238      DB18
 239 0ac1 58AD8368 		.ascii	"X\255\203h\272\270c\022b6\205\031\221\362H\254vi\304"
 239      BAB86312 
 239      62368519 
 239      91F248AC 
 239      7669C4
 240 0ad4 5913218E 		.ascii	"Y\023!\216\034.\027J\315\214\016\232a\035\207H)\246"
 240      1C2E174A 
 240      CD8C0E9A 
 240      611D8748 
 240      29A6
 241 0ae6 588C410E 		.ascii	"X\214A\016\225\232Y\265\306\022\372-\207\204#\352\241"
 241      959A59B5 
 241      C612FA2D 
 241      878423EA 
 241      A1
 242 0af7 1A75727E 		.ascii	"\032ur~\256\245\360=\345\315\361-\236\237W(4R\270F\341"
 242      AEA5F03D 
 242      E5CDF12D 
 242      9E9F5728 
 242      3452B846 
 243 0b0c 2685AB14 		.ascii	"&\205\253\024\256c\277A\341\006KB\372\246\023o\234\327"
 243      AE63BF41 
 243      E1064B42 
 243      FAA6136F 
 243      9CD7
 244 0b1e 1C7D0049 		.ascii	"\034}\000I\021\004~\244\177\223\000..Z8\265P\323N\334"
 244      11047EA4 
 244      7F93002E 
 244      2E5A38B5 
 244      50D34EDC 
 245 0b32 56F5BB23 		.ascii	"V\365\273#U\300\202%7\366\231\320 \004\347L\016\300"
 245      55C08225 
 245      37F699D0 
 245      2004E74C 
 245      0EC0
 246 0b44 BDE037F8 		.ascii	"\275\3407\370e\025\376\223\012\311A\022$Q\016J\254\324"
 246      6515FE93 
 246      0AC94112 
ARM GAS  /tmp/cci0oAja.s 			page 19


 246      24510E4A 
 246      ACD4
 247 0b56 4A1DD63A 		.ascii	"J\035\326:\350\326\363)\035h!=\023\254\226\212\275\220"
 247      E8D6F329 
 247      1D68213D 
 247      13AC968A 
 247      BD90
 248 0b68 68355B08 		.ascii	"h5[\010\011E;\254=_\301\367\244<*e`\320\344\230\376"
 248      09453BAC 
 248      3D5FC1F7 
 248      A43C2A65 
 248      60D0E498 
 249 0b7d 41283A48 		.ascii	"A(:Hf\215H\356?\020\277C\321u\340\300U\243L\226D\274"
 249      668D48EE 
 249      3F10BF43 
 249      D175E0C0 
 249      55A34C96 
 250 0b93 0B455B9F 		.ascii	"\013E[\237\322\362\342(\3071R\370\0216\225VG\277dTl"
 250      D2F2E228 
 250      C73152F8 
 250      11369556 
 250      47BF6454 
 251 0ba8 A0C5D22D 		.ascii	"\240\305\322-\241\226\326\322O\004\301b\251\\\367\201"
 251      A196D6D2 
 251      4F04C162 
 251      A95CF781 
 252 0bb8 35149D80 		.ascii	"5\024\235\200$z:R\022\035)\011u`v8\254\311=\005\024"
 252      247A3A52 
 252      121D2909 
 252      75607638 
 252      ACC93D05 
 253 0bcd C2D1AFDF 		.ascii	"\302\321\257\337@bE\312&K\035\364\243\020\327/\330x"
 253      406245CA 
 253      264B1DF4 
 253      A310D72F 
 253      D878
 254 0bdf BFB315AC 		.ascii	"\277\263\025\2541\335Rz\012\202C\370\004K\003\320\326"
 254      31DD527A 
 254      0A8243F8 
 254      044B03D0 
 254      D6
 255 0bf0 F007A291 		.ascii	"\360\007\242\221\247C}\004\350i%\375\010\375c(\232\375"
 255      A7437D04 
 255      E86925FD 
 255      08FD6328 
 255      9AFD
 256 0c02 469582BB 		.ascii	"F\225\202\273\265\311\022\027\007A\274\304\330\376\350"
 256      B5C91217 
 256      0741BCC4 
 256      D8FEE8
 257 0c11 18D5CF2A 		.ascii	"\030\325\317*\204\242\011\276J6a\322\200\272\322\032"
 257      84A209BE 
 257      4A3661D2 
 257      80BAD21A 
 258 0c21 2540F887 		.ascii	"%@\370\207'f?\001\330\237\364%\260\007A\313\205\317"
 258      27663F01 
 258      D89FF425 
ARM GAS  /tmp/cci0oAja.s 			page 20


 258      B00741CB 
 258      85CF
 259 0c33 F39FBC40 		.ascii	"\363\237\274@B\013BxV\271\310\367\022@\242C\302\014"
 259      420B4278 
 259      56B9C8F7 
 259      1240A243 
 259      C20C
 260 0c45 20CC4490 		.ascii	" \314D\220\337j\210\2532\310r\204\351\204\371hdTeE\017"
 260      DF6A88AB 
 260      32C87284 
 260      E984F968 
 260      64546545 
 261 0c5a 4B4C8876 		.ascii	"KL\210v\015_\247\023\\%)(d\005\215\342R\\m~\266kK\334"
 261      0D5FA713 
 261      5C252928 
 261      64058DE2 
 261      525C6D7E 
 262 0c72 6D345BB0 		.ascii	"m4[\260\345\351\346\013I\020?k\240\000t}\022{\267\343"
 262      E5E9E60B 
 262      49103F6B 
 262      A000747D 
 262      127BB7E3 
 263 0c86 72C932AB 		.ascii	"r\3112\253~+\307`\325\034\005O\237Xz[\323B\336W\203"
 263      7E2BC760 
 263      D51C054F 
 263      9F587A5B 
 263      D342DE57 
 264 0c9b B2490ACA 		.ascii	"\262I\012\312\235kg,4\363\255\274I\332\312_\024\256"
 264      9D6B672C 
 264      34F3ADBC 
 264      49DACA5F 
 264      14AE
 265 0cad 39D6414F 		.ascii	"9\326AO\022{\374\207jw\260\351`\331L\252\007`\217\255"
 265      127BFC87 
 265      6A77B0E9 
 265      60D94CAA 
 265      07608FAD 
 266 0cc1 0114ED99 		.ascii	"\001\024\355\231^\2409\037?Ry6\313\355\303\216\332\237"
 266      5EA0391F 
 266      3F527936 
 266      CBEDC38E 
 266      DA9F
 267 0cd3 1238CF66 		.ascii	"\0228\317f\012\017\330\217+_(?\037~\201\375|=\327m\336"
 267      0A0FD88F 
 267      2B5F283F 
 267      1F7E81FD 
 267      7C3DD76D 
 268 0ce8 8E39A7A2 		.ascii	"\2169\247\242#O\305O\031\006s\361\011\205\307\224\375"
 268      234FC54F 
 268      190673F1 
 268      0985C794 
 268      FD
 269 0cf9 9ED8B4B9 		.ascii	"\236\330\264\271,^i=\236\251\335\333s\314\334\237$\206"
 269      2C5E693D 
 269      9EA9DDDB 
 269      73CCDC9F 
 269      2486
ARM GAS  /tmp/cci0oAja.s 			page 21


 270 0d0b 15ADC159 		.ascii	"\025\255\301Y\346\356%%\301\226\206]\265\233\272.\300"
 270      E6EE2525 
 270      C196865D 
 270      B59BBA2E 
 270      C0
 271 0d1c 56161798 		.ascii	"V\026\027\230\020\002\367d\271\005\274\303\203#\205"
 271      1002F764 
 271      B905BCC3 
 271      832385
 272 0d2b 10156855 		.ascii	"\020\025hU2[U\366xq\245\324\345\334\007n\232\372%\325"
 272      325B55F6 
 272      7871A5D4 
 272      E5DC076E 
 272      9AFA25D5 
 273 0d3f 8D92ADF0 		.ascii	"\215\222\255\360,\362\222\266\371\273\331k\252\376n"
 273      2CF292B6 
 273      F9BBD96B 
 273      AAFE6E
 274 0d4e 7698933A 		.ascii	"v\230\223:X\360\335\236\004\343\357fo\250\026\311\376"
 274      58F0DD9E 
 274      04E3EF66 
 274      6FA816C9 
 274      FE
 275 0d5f CFB7F1E5 		.ascii	"\317\267\361\345\004E\223\267\252&\357P\262W\222&G\356"
 275      044593B7 
 275      AA26EF50 
 275      B2579226 
 275      47EE
 276 0d71 EEACE9D0 		.ascii	"\356\254\351\320\275\204\377\007\256\262\252Wm~yO|\015"
 276      BD84FF07 
 276      AEB2AA57 
 276      6D7E794F 
 276      7C0D
 277 0d83 2D8A162D 		.ascii	"-\212\026-\224\377\326z\231\263m\332\323T\237\240\251"
 277      94FFD67A 
 277      99B36DDA 
 277      D3549FA0 
 277      A9
 278 0d94 67F2F118 		.ascii	"g\362\361\0305o\373x\214\313\362\267?=\245\371W\313"
 278      356FFB78 
 278      8CCBF2B7 
 278      3F3DA5F9 
 278      57CB
 279 0da6 2493E2C0 		.ascii	"$\223\342\300\311&\016\230\373\355\254ZMT\275S=\234"
 279      C9260E98 
 279      FBEDAC5A 
 279      4D54BD53 
 279      3D9C
 280 0db8 CFCCD339 		.ascii	"\317\314\3239\313\036\010\210\276/m\331c\355\2761N\367"
 280      CB1E0888 
 280      BE2F6DD9 
 280      63EDBE31 
 280      4EF7
 281 0dca 189B3D3B 		.ascii	"\030\233=;\340\034/:z\367N\365;\306\245\372\003\271"
 281      E01C2F3A 
 281      7AF74EF5 
 281      3BC6A5FA 
ARM GAS  /tmp/cci0oAja.s 			page 22


 281      03B9
 282 0ddc FDFBA5A6 		.ascii	"\375\373\245\246g|\332\277\237-3\375\367\237\333\206"
 282      677CDABF 
 282      9F2D33FD 
 282      F79FDB86 
 283 0dec 3BB37C76 		.ascii	";\263|v\337\227\251\331\236\334\\\217;5\317\2375\321"
 283      DF97A9D9 
 283      9EDC5C8F 
 283      3B35CF9F 
 283      35D1
 284 0dfe C6413687 		.ascii	"\306A6\2078\336\231-\332\262=\356\200\317\343r\211>"
 284      38DE992D 
 284      DAB23DEE 
 284      80CFE372 
 284      893E
 285 0e10 7F6ADE44 		.ascii	"\177j\336D\233#\333!\277\027\335\016\257\307\351\016"
 285      9B23DB21 
 285      BF17DD0E 
 285      AFC7E90E 
 286 0e20 20D08F88 		.ascii	" \320\217\210/{g[\3760\"3ep\337\337\012\226<\234GH\300"
 286      2F7B675B 
 286      FE302233 
 286      6570DFDF 
 286      0A963C9C 
 287 0e37 EAF2E6CA 		.ascii	"\352\362\346\312\022\304~\342\263\347\212#\362r\263"
 287      12C47EE2 
 287      B3E78A23 
 287      F272B3
 288 0e46 449FE9F7 		.ascii	"D\237\351\367i\351\303c\206\217\372\324\226\036\260"
 288      69E9C363 
 288      868FFAD4 
 288      961EB0
 289 0e55 07C4E451 		.ascii	"\007\304\344Q\203\207\330\224\247\214/\275\342\0201"
 289      8387D894 
 289      A78C2FBD 
 289      E21031
 290 0e64 C79C2E06 		.ascii	"\307\234.\006\362\2741i>\237\3077\330\343\020\315\374"
 290      F2BC3169 
 290      3E9FC737 
 290      D8E310CD 
 290      FC
 291 0e75 6522836A 		.ascii	"e\"\203ja\246\341\236\354q\011C\007\015\267\261\033"
 291      61A6E19E 
 291      EC710943 
 291      070DB7B1 
 291      1B
 292 0e86 79326A64 		.ascii	"y2jdf\206M\364\306N\314\021}6\227\350\2669\262\254\374"
 292      66864DF4 
 292      C64ECC11 
 292      7D3697E8 
 292      B639B2AC 
 293 0e9b 3EDB93E7 		.ascii	">\333\223\347\016X\302\3231\374&+/''\232\011<\300\026"
 293      0E58C2D3 
 293      31FC262B 
 293      2F27279A 
 293      093CC016 
 294 0eaf 88C9B54F 		.ascii	"\210\311\265O\364\332\263\307\211\2018\207'/\313%\262"
ARM GAS  /tmp/cci0oAja.s 			page 23


 294      F4DAB3C7 
 294      89813887 
 294      272FCB25 
 294      B2
 295 0ec0 97A2CFE2 		.ascii	"\227\242\317\342\315\265\333\035\016__\256X\337\337"
 295      CDB5DB1D 
 295      0E5F5FAE 
 295      58DFDF
 296 0ecf D802E199 		.ascii	"\330\002\341\231>1\374\306'\372\375\361\016{\300n\363"
 296      3E31FCC6 
 296      27FAFDF1 
 296      0E7BC06E 
 296      F3
 297 0ee0 3A997DEC 		.ascii	":\231}\354\276\200)\200\262X\234~\366\344r\231\361\306"
 297      BE802980 
 297      B2589C7E 
 297      F6E47299 
 297      F1C6
 298 0ef2 E9A6EEBC 		.ascii	"\351\246\356\274\3348\3164\307\351r\241T\277M\315u\007"
 298      DC38CE34 
 298      C7E972A1 
 298      54BF4DCD 
 298      7507
 299 0f04 52B35303 		.ascii	"R\263S\003\271\336T\207\323\353\362\344\216\263\247"
 299      B9DE5487 
 299      D3EBF2E4 
 299      8EB3A7
 300 0f13 A231BDCE 		.ascii	"\2421\275\316\354>}{q;\347\375\272\027:\245\027zc\234"
 300      EC3E7D7B 
 300      713BE7FD 
 300      BA173AA5 
 300      177A639C 
 301 0f27 33D02B67 		.ascii	"3\320+gB\252\335\353\025\376#\322\235\231\277\2368\321"
 301      42AADDEB 
 301      15FE23D2 
 301      9D99BF9E 
 301      38D1
 302 0f39 C6EC30C4 		.ascii	"\306\3540\304\207\326\366\245\016sg\247\312\004\360"
 302      87D6F6A5 
 302      0E7367A7 
 302      CA04F0
 303 0f48 0572432A 		.ascii	"\005rC*\275\307\012\035\230\001\323F\205\215<l\004\263"
 303      BDC70A1D 
 303      9801D346 
 303      858D3C6C 
 303      04B3
 304 0f5a 1346826D 		.ascii	"\023F\202m\220\203ka\032\346v\006\272d\345\271\306\331"
 304      90836B61 
 304      1AE67606 
 304      BA64E5B9 
 304      C6D9
 305 0f6c B416406F 		.ascii	"\264\026@o\333\361!i|V\036j$\272\375,\264\244\271\310"
 305      DBF12169 
 305      7C561E6A 
 305      24BAFD2C 
 305      B4A4B9C8 
 306 0f80 9093E6B9 		.ascii	"\220\223\346\271\357\245\333D\227g\202\315\353\231\240"
ARM GAS  /tmp/cci0oAja.s 			page 24


 306      EFA5DB44 
 306      976782CD 
 306      EB99A0
 307 0f8f D0B1A67B 		.ascii	"\320\261\246{r\302\267\336\261_\332\234\201\034{\266"
 307      72C2B7DE 
 307      B15FDA9C 
 307      811C7BB6 
 308 0f9f 18       		.ascii	"\030"
 309 0fa0 2D7AFBD8 		.ascii	"-z\373\330r\275~\263\337+\212\270\013\346\332eL\207"
 309      72BD7EB3 
 309      DF2B8AB8 
 309      0BE6DA65 
 309      4C87
 310 0fb2 A11E7F80 		.ascii	"\241\036\177\200\321w\273E\227\277\003\332B\211>\177"
 310      D177BB45 
 310      97BF03DA 
 310      42893E7F 
 311 0fc2 67A7DF63 		.ascii	"g\247\337cc\342\030DM`\2122edU-\303\334\350\011w\266"
 311      63E21844 
 311      4D608A32 
 311      6564552D 
 311      C3DCE809 
 312 0fd8 18CB5E84 		.ascii	"\030\313^\204\365\367\016A\247\375\356\357\265\346X"
 312      F5F70E41 
 312      A7FDEEEF 
 312      B5E658
 313 0fe7 BBCBE6CD 		.ascii	"\273\313\346\315v\2409;2bC\355n\207K\211\333\314\301"
 313      76A0393B 
 313      326243ED 
 313      6E874B89 
 313      DBCCC1
 314 0ffa 43078DEE 		.ascii	"C\007\215\356\244O"
 314      A44F
 315 1000 15073ADF 		.ascii	"\025\007:\337\202\346\025}\230\212?3\276s8}\"\346\210"
 315      82E6157D 
 315      988A3F33 
 315      BE73387D 
 315      22E688
 316 1013 C7FD41E4 		.ascii	"\307\375A\344*\20781b\326\317\342\377\303\367\315\346"
 316      2A873831 
 316      62D6CFE2 
 316      FFC3F7CD 
 316      E6
 317 1024 F9CD99C3 		.ascii	"\371\315\231\303G\216\370C\027\343\313\260\271\272d"
 317      478EF843 
 317      17E3CBB0 
 317      B9BA64
 318 1033 7E6E4B1F 		.ascii	"~nK\037>\350\2634[\332\210!\243F\016\033\221aK\317\030"
 318      3EE8B334 
 318      5BDA8821 
 318      A3460E1B 
 318      91614BCF 
 319 1048 9D3938E3 		.ascii	"\23598\343C|1\204\345\026/\015iC\344\351\214\377\363"
 319      437C3184 
 319      E5162F0D 
 319      6943E4E9 
 319      8CFFF3
ARM GAS  /tmp/cci0oAja.s 			page 25


 320 105b BA81464B 		.ascii	"\272\201FK0H\247W\205\335y&\270E_\222\"\253$\030\223"
 320      3048A757 
 320      85DD7926 
 320      B8455F92 
 320      22AB2418 
 321 1070 274927A6 		.ascii	"'I'\2464gEW\240K\230\017\342\264\257\231\021\374.\373"
 321      34674557 
 321      A04B980F 
 321      E2B4AF99 
 321      11FC2EFB 
 322 1084 78515BAA 		.ascii	"xQ[\252\230l\037\252\204\323>\03368M\246\363\317\221"
 322      986C1FAA 
 322      84D33E1B 
 322      36384DA6 
 322      F3CF91
 323 1097 781CA28F 		.ascii	"x\034\242\217\205\346\317\224%h\262\264\321\237\014"
 323      85E6CF94 
 323      2568B2B4 
 323      D19F0C
 324 10a6 5256FD3C 		.ascii	"RV\375<r\225[\234\030P\236\272\276O\012\177\266\317"
 324      72955B9C 
 324      18509EBA 
 324      BE4F0A7F 
 324      B6CF
 325 10b8 E90D787C 		.ascii	"\351\015x|\2616\273\3139\306\215\361\373\0271&k\030"
 325      B136BBCB 
 325      39C68DF1 
 325      FB173126 
 325      6B18
 326 10ca E336DEEE 		.ascii	"\3436\336\356\212\237\360\251}\342(^\206\322\361ETf"
 326      8A9FF0A9 
 326      7DE2285E 
 326      86D2F145 
 326      5466
 327 10dc FAD091A3 		.ascii	"\372\320\221\2433\342\262r\007\005\002>gV^@\364'f\245"
 327      33E2B272 
 327      0705023E 
 327      67565E40 
 327      F42766A5 
 328 10f0 C9D4E4BC 		.ascii	"\311\324\344\274M\310\032\242Pe\221\030\2355\\t\217"
 328      4DC81AA2 
 328      50659118 
 328      9D355C74 
 328      8F
 329 1101 098CFD17 		.ascii	"\011\214\375\027\024\\q\365\220\264\364\301\243\207"
 329      145C71F5 
 329      90B4F4C1 
 329      A387
 330 110f 8DCA1839 		.ascii	"\215\312\0309Z\026\376=u\344\275\356\315\366\370\304"
 330      5A16FE3D 
 330      75E4BDEE 
 330      CDF6F8C4 
 331 111f 5427E600 		.ascii	"T'\346\000*c\367:\321\207\311\221j\211\216\316\221\223"
 331      2A63F73A 
 331      D187C991 
 331      6A898ECE 
 331      9193
ARM GAS  /tmp/cci0oAja.s 			page 26


 332 1131 3C56DFE3 		.ascii	"<V\337\343\011)Z\273G\276\010\370\354n?Kc\237\370\347"
 332      09295ABB 
 332      47BE08F8 
 332      EC6E3F4B 
 332      639FF8E7 
 333 1145 3CDC597A 		.ascii	"<\334Yz)\020\343\033\231\206\315;\326\356\027mhF\024"
 333      2910E31B 
 333      9986CD3B 
 333      D6EE176D 
 333      684614
 334 1158 F2E7EDA0 		.ascii	"\362\347\355\240\331~\362om\277\317\361\3700l\377\342"
 334      D97EF26F 
 334      6DBFCFF1 
 334      F8306CFF 
 334      E2
 335 1169 F2FE6BDB 		.ascii	"\362\376k\333\230\2003W\364\344\005\332\343\302\364"
 335      98803357 
 335      F4E405DA 
 335      E3C2F4
 336 1178 6D476634 		.ascii	"mGf4\250\327%\262d\267\345\344\271y\326\2539\2311z\320"
 336      A8D725B2 
 336      64B7E5E4 
 336      B979D6AB 
 336      3999317A 
 337 118d 88F44FD2 		.ascii	"\210\364O\322FG\204V\004\031\256\363/\377Wl\262q\363"
 337      46478456 
 337      0419AEF3 
 337      2FFF576C 
 337      B271F3
 338 11a0 6C07A94C 		.ascii	"l\007\251L\270x\274|\3346\322\3516\202?j\033\214\233"
 338      B878BC7C 
 338      DC36D2E9 
 338      36823F6A 
 338      1B8C9B
 339 11b3 7E1E5649 		.ascii	"~\036VI\011\367\357m\343\344+\226(\011\332\273\035\235"
 339      09F7EF6D 
 339      E3E42B96 
 339      2809DABB 
 339      1D9D
 340 11c5 F27C3E91 		.ascii	"\362|>\221\245\017\337g=<7\177\3216\\\013\353\3366,"
 340      A50FDF67 
 340      3D3C377F 
 340      D1365C0B 
 340      EBDE362C 
 341 11d9 1C78DDDA 		.ascii	"\034x\335\3321\021\346S\312\337\012\303\216\021\225"
 341      3111E653 
 341      CADF0AC3 
 341      8E1195
 342 11e8 35D9EECB 		.ascii	"5\331\356\313\035?\240Wn\357\\\273\323\375+\207\337"
 342      1D3FA057 
 342      6EEF5CBB 
 342      D3FD2B87 
 342      DF
 343 11f9 FBAB1CAF 		.ascii	"\373\253\034\257\020\213\251\024\020'\366\312\355\337"
 343      108BA914 
 343      1027F6CA 
 343      EDDF
ARM GAS  /tmp/cci0oAja.s 			page 27


 344 1207 5FE8666B 		.ascii	"_\350fk\267\2412e\"\021\361\377\243q\023\022\331V'u"
 344      B7A13265 
 344      2211F1FF 
 344      A3711312 
 344      D9562775 
 345 121b 06B6C12E 		.ascii	"\006\266\301.\217_\354\310&\322\271b\362\276\226`\330"
 345      8F5FECC8 
 345      26D2B962 
 345      F2BE9660 
 345      D8
 346 122c 20FE0766 		.ascii	" \376\007f\330\205\365"
 346      D885F5
 347              		.text
 348              		.section	.gnu.lto_.symtab.1e3fa3aac4cf646e,"e",%progbits
 349 0000 5F75785F 		.ascii	"_ux_dcd_stm32_endpoint_destroy\000"
 349      6463645F 
 349      73746D33 
 349      325F656E 
 349      64706F69 
 350 001f 00       		.ascii	"\000"
 351 0020 00       		.ascii	"\000"
 352 0021 00       		.ascii	"\000"
 353 0022 00000000 		.ascii	"\000\000\000\000\000\000\000\000"
 353      00000000 
 354 002a F7010000 		.ascii	"\367\001\000\000"
 355 002e 48414C5F 		.ascii	"HAL_PCD_EP_Close\000"
 355      5043445F 
 355      45505F43 
 355      6C6F7365 
 355      00
 356 003f 00       		.ascii	"\000"
 357 0040 02       		.ascii	"\002"
 358 0041 00       		.ascii	"\000"
 359 0042 00000000 		.ascii	"\000\000\000\000\000\000\000\000"
 359      00000000 
 360 004a FF010000 		.ascii	"\377\001\000\000"
 361              		.text
 362              		.section	.gnu.lto_.ext_symtab.1e3fa3aac4cf646e,"e",%progbits
 363 0000 01       		.ascii	"\001"
 364 0001 01       		.ascii	"\001"
 365 0002 00       		.ascii	"\000"
 366 0003 01       		.ascii	"\001"
 367 0004 00       		.ascii	"\000"
 368              		.text
 369              		.section	.gnu.lto_.opts,"e",%progbits
 370 0000 272D666E 		.ascii	"'-fno-openmp' '-fno-openacc' '-fno-pie' '-fcf-prote"
 370      6F2D6F70 
 370      656E6D70 
 370      2720272D 
 370      666E6F2D 
 371 0033 6374696F 		.ascii	"ction=none' '-mcpu=cortex-m33' '-mthumb' '-mfpu=fpv"
 371      6E3D6E6F 
 371      6E652720 
 371      272D6D63 
 371      70753D63 
 372 0066 342D7370 		.ascii	"4-sp-d16' '-mfloat-abi=hard' '-mlibarch=armv8-m.mai"
 372      2D643136 
ARM GAS  /tmp/cci0oAja.s 			page 28


 372      2720272D 
 372      6D666C6F 
 372      61742D61 
 373 0099 6E2B6473 		.ascii	"n+dsp+fp' '-march=armv8-m.main+dsp+fp' '-Os' '-flto"
 373      702B6670 
 373      2720272D 
 373      6D617263 
 373      683D6172 
 374 00cc 2720272D 		.ascii	"' '-fdata-sections' '-ffunction-sections' '-Xassemb"
 374      66646174 
 374      612D7365 
 374      6374696F 
 374      6E732720 
 375 00ff 6C657227 		.ascii	"ler' '-a' '-Xassembler' '-ad' '-Xassembler' '-alms="
 375      20272D61 
 375      2720272D 
 375      58617373 
 375      656D626C 
 376 0132 6275696C 		.ascii	"build/../sdk/stm32/STM32_USBX_Library/common/usbx_s"
 376      642F2E2E 
 376      2F73646B 
 376      2F73746D 
 376      33322F53 
 377 0165 746D3332 		.ascii	"tm32_device_controllers/ux_dcd_stm32_endpoint_destr"
 377      5F646576 
 377      6963655F 
 377      636F6E74 
 377      726F6C6C 
 378 0198 6F792E6C 		.ascii	"oy.lst'\000"
 378      73742700 
 379              		.text
 380              		.comm	__gnu_lto_slim,1,1
 381              		.ident	"GCC: (15:10.3-2021.07-4) 10.3.1 20210621 (release)"
ARM GAS  /tmp/cci0oAja.s 			page 29


DEFINED SYMBOLS
                            *ABS*:0000000000000000 ux_dcd_stm32_endpoint_destroy.c
                            *COM*:0000000000000001 __gnu_lto_slim

NO UNDEFINED SYMBOLS
