ARM GAS  /tmp/ccC7MNO7.s 			page 1


   1              		.cpu cortex-m33
   2              		.eabi_attribute 27, 1
   3              		.eabi_attribute 28, 1
   4              		.eabi_attribute 20, 1
   5              		.eabi_attribute 21, 1
   6              		.eabi_attribute 23, 3
   7              		.eabi_attribute 24, 1
   8              		.eabi_attribute 25, 1
   9              		.eabi_attribute 26, 1
  10              		.eabi_attribute 30, 4
  11              		.eabi_attribute 34, 1
  12              		.eabi_attribute 18, 4
  13              		.file	"ux_dcd_stm32_endpoint_stall.c"
  14              		.text
  15              		.section	.text._ux_dcd_stm32_endpoint_stall,"ax",%progbits
  16              		.align	1
  17              		.global	_ux_dcd_stm32_endpoint_stall
  18              		.arch armv8-m.main
  19              		.arch_extension dsp
  20              		.syntax unified
  21              		.thumb
  22              		.thumb_func
  23              		.fpu fpv4-sp-d16
  25              	_ux_dcd_stm32_endpoint_stall:
  26              		@ args = 0, pretend = 0, frame = 0
  27              		@ frame_needed = 0, uses_anonymous_args = 0
  28 0000 08B5     		push	{r3, lr}
  29 0002 8B68     		ldr	r3, [r1, #8]
  30 0004 D0F8C400 		ldr	r0, [r0, #196]
  31 0008 5A68     		ldr	r2, [r3, #4]
  32 000a 42F00402 		orr	r2, r2, #4
  33 000e 5A60     		str	r2, [r3, #4]
  34 0010 897B     		ldrb	r1, [r1, #14]	@ zero_extendqisi2
  35 0012 9B7A     		ldrb	r3, [r3, #10]	@ zero_extendqisi2
  36 0014 1943     		orrs	r1, r1, r3
  37 0016 FFF7FEFF 		bl	HAL_PCD_EP_SetStall
  38 001a 0020     		movs	r0, #0
  39 001c 08BD     		pop	{r3, pc}
  41              		.ident	"GCC: (15:10.3-2021.07-4) 10.3.1 20210621 (release)"
ARM GAS  /tmp/ccC7MNO7.s 			page 2


DEFINED SYMBOLS
                            *ABS*:0000000000000000 ux_dcd_stm32_endpoint_stall.c
     /tmp/ccC7MNO7.s:16     .text._ux_dcd_stm32_endpoint_stall:0000000000000000 $t
     /tmp/ccC7MNO7.s:25     .text._ux_dcd_stm32_endpoint_stall:0000000000000000 _ux_dcd_stm32_endpoint_stall

UNDEFINED SYMBOLS
HAL_PCD_EP_SetStall
