ARM GAS  /tmp/ccbH3oxl.s 			page 1


   1              		.cpu cortex-m33
   2              		.eabi_attribute 27, 1
   3              		.eabi_attribute 28, 1
   4              		.eabi_attribute 20, 1
   5              		.eabi_attribute 21, 1
   6              		.eabi_attribute 23, 3
   7              		.eabi_attribute 24, 1
   8              		.eabi_attribute 25, 1
   9              		.eabi_attribute 26, 1
  10              		.eabi_attribute 30, 4
  11              		.eabi_attribute 34, 1
  12              		.eabi_attribute 18, 4
  13              		.file	"ux_dcd_stm32_frame_number_get.c"
  14              		.section	.gnu.lto_.profile.fe7593902642106f,"e",%progbits
  15 0000 789C6362 		.ascii	"x\234cb\000\001\000\000\022\000\003"
  15      00010000 
  15      120003
  16              		.text
  17              		.section	.gnu.lto_.icf.fe7593902642106f,"e",%progbits
  18 0000 789CE360 		.ascii	"x\234\343`@\000F\206\236\235\215\217y\030\000\014f\002"
  18      40004686 
  18      9E9D8D8F 
  18      7918000C 
  18      6602
  19 0012 BF       		.ascii	"\277"
  20              		.text
  21              		.section	.gnu.lto_.ipa_sra.fe7593902642106f,"e",%progbits
  22 0000 789CE365 		.ascii	"x\234\343e@\000F\006&\006\026\006v\020ff\000\000\002"
  22      40004606 
  22      26061606 
  22      76106666 
  22      000002
  23 0013 05002A   		.ascii	"\005\000*"
  24              		.text
  25              		.section	.gnu.lto_.inline.fe7593902642106f,"e",%progbits
  26 0000 789C5361 		.ascii	"x\234Sa@\000F\006\006\346\006 `Jad`b`h\0042\353\030"
  26      40004606 
  26      06E60620 
  26      604A6164 
  26      60626068 
  27 0018 18D82042 		.ascii	"\030\330 BL !\006\006\000\231\226\007\201"
  27      4C202106 
  27      06009996 
  27      0781
  28              		.text
  29              		.section	.gnu.lto_.jmpfuncs.fe7593902642106f,"e",%progbits
  30 0000 789CE367 		.ascii	"x\234\343g@\000F\006&FF\006\206%\314 \314\310\000\000"
  30      40004606 
  30      26464606 
  30      8625CC20 
  30      CCC80000 
  31 0014 09C00164 		.ascii	"\011\300\001d"
  32              		.text
  33              		.section	.gnu.lto_.pureconst.fe7593902642106f,"e",%progbits
  34 0000 789C6361 		.ascii	"x\234ca```dh`\001\000\0010\000\212"
  34      60606064 
  34      68600100 
ARM GAS  /tmp/ccbH3oxl.s 			page 2


  34      0130008A 
  35              		.text
  36              		.section	.gnu.lto_.lto.fe7593902642106f,"e",%progbits
  37 0000 09000400 		.ascii	"\011\000\004\000\001\000\000\000"
  37      01000000 
  38              		.text
  39              		.section	.gnu.lto__ux_dcd_stm32_frame_number_get.164.fe7593902642106f,"e",%progbits
  40 0000 789C558F 		.ascii	"x\234U\217=H\303P\024\205\357\315\213\225\202\203\253"
  40      3D48C350 
  40      1485EFCD 
  40      8B958283 
  40      AB
  41 0011 5B27C521 		.ascii	"['\305!}\332\"\256\342\254S\025\334\036i\222Jh\363C"
  41      7DDA22AE 
  41      E2AC5315 
  41      DC1E6992 
  41      4A68F343 
  42 0025 7EB44E7D 		.ascii	"~\264N}\325A\350`m\335\244\026\207\016\342\342\242U"
  42      D541E860 
  42      6DDDA416 
  42      870EE2E2 
  42      A255
  43 0037 71C9E2AC 		.ascii	"q\311\342\254\210\233\223\270:\271\350 \350K,Z\207\003"
  43      889B93B8 
  43      3AB9E820 
  43      E84B2C5A 
  43      8703
  44 0049 EFDEF3BD 		.ascii	"\357\336\363\275\303\271O\000\320\027\232\024B\002\330"
  44      C3B94F00 
  44      D0179A14 
  44      4202D8
  45 0058 6E3524E0 		.ascii	"n5$\340\234/\214JXo5\356\016\3732\336`\262@\250IX\303"
  45      9C2F8C4A 
  45      586F35EE 
  45      0EFB32DE 
  45      60B240A8 
  46 006f 03D221D8 		.ascii	"\003\322!\330&=\001\313\203\027bf:\342\374\343\266{"
  46      263D01CB 
  46      83176266 
  46      3AE2FCE3 
  46      B67B
  47 0081 F4829D93 		.ascii	"\364\202\235\223H\356\021\011\272\002\270@<G\221\014"
  47      48EE1109 
  47      BA02B840 
  47      3C47910C 
  48 0091 0224C708 		.ascii	"\002$\307\010S\202\272\177\275\342<\015=B\360\022\207"
  48      5382BA7F 
  48      BDE23C0D 
  48      3D42F012 
  48      87
  49 00a2 20B148B0 		.ascii	" \261H\260\323\001\266\267\263\313\307E\222\214\327"
  49      D301B6B7 
  49      B3CBC745 
  49      928CD7
  50 00b1 FF3159E4 		.ascii	"\3771Y\344\245 \316\217;\013\235=\214D\374\363\253\311"
  50      A520CE8F 
  50      3B0B9D3D 
ARM GAS  /tmp/ccbH3oxl.s 			page 3


  50      8C44FCF3 
  50      ABC9
  51 00c3 F9FBC4F3 		.ascii	"\371\373\304\363cJ\002h\222\370\006.#\217\000\366\211"
  51      634A0268 
  51      92F8062E 
  51      238F00F6 
  51      89
  52 00d4 F433D4C5 		.ascii	"\3643\324\305\360\206\333\231\270\262\224\324\022 \376"
  52      F086DB99 
  52      B8B294D4 
  52      1220FE
  53 00e3 8100F3D4 		.ascii	"\201\000\363\324\262\003\252\321\300r\251n\272\025\307"
  53      B203AAD1 
  53      C072A96E 
  53      BA15C7
  54 00f2 2AAB34F0 		.ascii	"*\2534\360\034\327\324ff\025?\260\362\271pN\011\375"
  54      1CD7D466 
  54      66153FB0 
  54      F2B9704E 
  54      09FD
  55 0104 A2A21B1B 		.ascii	"\242\242\033\033e3PJ\233Tu]0\262Y\352\353e\232\020\264"
  55      6533504A 
  55      9B54755D 
  55      30B259EA 
  55      EB659A10 
  56 0119 B0B29CCF 		.ascii	"\260\262\234\317\261\325\302\342\032[2\213\236\352m"
  56      B1D5C2E2 
  56      1A5B328B 
  56      9EEA6D
  57 0128 51CDB12C 		.ascii	"Q\315\261,\307\246\342g\225%\020\023\001\246f0\315\261"
  57      C7A6E267 
  57      95251013 
  57      01A66630 
  57      CDB1
  58 013a 457EA562 		.ascii	"E~\245bx>\015\253L\327\364\201_\362T\313`vh\025\015"
  58      783E0DAB 
  58      4CD7F481 
  58      5FF254CB 
  58      60766815 
  59 014f 8FAD1B41 		.ascii	"\217\255\033AV\203\364\257;6\354~\003\262\265\211\360"
  59      5683F4AF 
  59      3B36EC7E 
  59      03B2B589 
  59      F0
  60              		.text
  61              		.section	.gnu.lto_.symbol_nodes.fe7593902642106f,"e",%progbits
  62 0000 789C9367 		.ascii	"x\234\223g\000\002\246%\214\365\014\015@\300\3028\341"
  62      0002A625 
  62      8CF50C0D 
  62      40C0C238 
  62      E1
  63 0011 1C03433D 		.ascii	"\034\003C=\003\303\256\206FF\006F\0060\000\000\210\010"
  63      03C3AE86 
  63      46460646 
  63      06300000 
  63      8808
  64 0023 06E5     		.ascii	"\006\345"
ARM GAS  /tmp/ccbH3oxl.s 			page 4


  65              		.text
  66              		.section	.gnu.lto_.refs.fe7593902642106f,"e",%progbits
  67 0000 789C6364 		.ascii	"x\234cd\000\002\000\000\012\000\002"
  67      00020000 
  67      0A0002
  68              		.text
  69              		.section	.gnu.lto_.decls.fe7593902642106f,"e",%progbits
  70 0000 789CBD55 		.ascii	"x\234\275UkLTG\024\236sg\227\275\\W\241\260\250M\014"
  70      6B4C5447 
  70      149E7367 
  70      97BD5C57 
  70      A1B0A84D 
  71 0015 210D8924 		.ascii	"!\015\211$\006V\227\2646\351\037,\370h\264H\0124\332"
  71      065697B4 
  71      36E91F2C 
  71      F868B448 
  71      0A34DA
  72 0028 3F9B75EF 		.ascii	"?\233u\357\245nd\037\331]\024\377]\025\037\251b)\375"
  72      A56E641F 
  72      D95D14FF 
  72      5D151FA9 
  72      6229FD
  73 003b 51A3D650 		.ascii	"Q\243\326P\255\2555D\261\212\017Z\025W\255X\305g}\241"
  73      ADAD3544 
  73      B18A0F5A 
  73      1557AD58 
  73      C5677DA1 
  74 004f B660D5AE 		.ascii	"\266`\325\256\212\202V\013\330\252=3\367\302\335\005"
  74      8A82560B 
  74      D8AA3D33 
  74      F7C2DD05 
  75 005f D3F447D3 		.ascii	"\323\364G\323I\346qg\276\363\2353\337\234\271#\210\204"
  75      49E67167 
  75      BEF39D33 
  75      DF9CB923 
  75      8884
  76 0071 3C100899 		.ascii	"<\020\010\231K\010y\201\005\207\344,V\326?\304\372\210"
  76      4B087981 
  76      0587E42C 
  76      56D63FC4 
  76      FA88
  77 0083 68055805 		.ascii	"h\005X\0052\244P\004\232\261O\301jc\034\377\322\256"
  77      32A45004 
  77      9AB14FC1 
  77      6A631CFF 
  77      D2AE
  78 0095 96420A98 		.ascii	"\226B\012\230\260\265A\006\0377\003\357\332\011\237"
  78      B0B54106 
  78      1F3703EF 
  78      DA099F
  79 00a4 53139098 		.ascii	"S\023\220\230OX\326Qa\337\305\352\375\303$UU\273\325"
  79      4F58D651 
  79      61DFC5EA 
  79      FDC32455 
  79      55BBD5
  80 00b7 E6AA449C 		.ascii	"\346\252D\234l\004\330\205\244\360\035\020\260C\023"
  80      6C04D885 
ARM GAS  /tmp/ccbH3oxl.s 			page 5


  80      A4F01D10 
  80      B04313
  81 00c6 709BD11C 		.ascii	"p\233\321\034/\3224f8\006^\000\357\010M'v\225\227\033"
  81      2FD23466 
  81      38065E00 
  81      EF084D27 
  81      7695971B 
  82 00da 1B117E48 		.ascii	"\033\021~H\017\206\256\002\202\324\347o\356\330\221"
  82      0F86AE02 
  82      82D4E76F 
  82      EED891
  83 00e9 2435AB6A 		.ascii	"$5\253jT\215,\242\004ra<\201\303\200\206\021\300\230"
  83      548D2CA2 
  83      0472613C 
  83      81C38086 
  83      11C098
  84 00fc E0A0C69D 		.ascii	"\340\240\306\235Lk\221\251\036k\004\353e`.\306\002\023"
  84      4C6B91A9 
  84      1E6B04EB 
  84      65602EC6 
  84      0213
  85 010e 2C898F08 		.ascii	",\211\217\010\355\342t\325MK.\014ct<R\242\007\012'\001"
  85      EDE274D5 
  85      4D4B2E0C 
  85      63743C52 
  85      A2070A27 
  86 0123 31487802 		.ascii	"1Hx\002\340G\240O\020\276Z\340\336#\233\016\230S\265"
  86      E047A04F 
  86      10BE5AE0 
  86      DE239B0E 
  86      9853B5
  87 0136 E89A7960 		.ascii	"\350\232y`p\032\340\014 \026\307\010\330v\345lu\242"
  87      701AE00C 
  87      2016C708 
  87      D876E56C 
  87      75A2
  88 0148 95F3D545 		.ascii	"\225\363\325ELl\245\177\353g\261\241_\353\"Yy\220\355"
  88      4C6CA57F 
  88      EB67B1A1 
  88      5FEB2259 
  88      7990ED
  89 015b 6831E2E6 		.ascii	"h1\342\346\363\015}4\223\225\324L\264\353}\366i\317"
  89      F30D7D34 
  89      9395D44C 
  89      B4EB7DF6 
  89      69CF
  90 016d D2B73A96 		.ascii	"\322\267:\226.Wk\026Q4\202S\000m\006\213\035\353\004"
  90      2E576B16 
  90      51348253 
  90      006D068B 
  90      1DEB04
  91 0180 C2F8BB36 		.ascii	"\302\370\2736\255\034\336\240R8\002p\214C\230\022\004"
  91      AD1CDEA0 
  91      52380270 
  91      8C439812 
  91      04
  92 0191 F633542E 		.ascii	"\3663T.C4<8\274LM^de\210\226\301\010\316\321p\177\311"
ARM GAS  /tmp/ccbH3oxl.s 			page 6


  92      43343C38 
  92      BC4C4D5E 
  92      64658896 
  92      C108CED1 
  93 01a8 7235B9CA 		.ascii	"r5\271\312\012\255\000\307\207\270i\004\216\3513X\016"
  93      0AAD00C7 
  93      87B86904 
  93      8EE93358 
  93      0E
  94 01b9 0C66F91E 		.ascii	"\014f\371\036\010\012Q\205Z\230\010\374\004p\036\245"
  94      080A5185 
  94      5A9808FC 
  94      04701EA5 
  95 01c9 3BC741A8 		.ascii	";\307A\250\335\005\200\313\000\227\000.\002\\\005\270"
  95      DD0580CB 
  95      0097002E 
  95      025C05B8 
  96 01d9 C2146284 		.ascii	"\302\024b\204\275\006\341\017\203\011\217\362C\331Z"
  96      BD06E10F 
  96      83098FF2 
  96      43D95A
  97 01e8 DF762731 		.ascii	"\337v'1Ec\256\023\030d/\300\036\266~\015x\016\021z\202"
  97      4563AE13 
  97      18642FC0 
  97      1EB67E0D 
  97      780E117A 
  98 01fd 127A15EB 		.ascii	"\022z\025\353#\312\014N\265\355\377\312\032\177,\277"
  98      23CA0C4E 
  98      B5EDFFCA 
  98      1A7F2CBF 
  99 020d 00B41BC7 		.ascii	"\000\264\033\307R\267e\3437\202q,\355\306N;\030\333"
  99      52B765E3 
  99      3782712C 
  99      EDC64E3B 
  99      18DB
 100 021f 3293762C 		.ascii	"2\223v,-Z\3624[\351Z\0233\273\272t\307j\210\343%p[g"
 100      2D5AF234 
 100      5BE95A13 
 100      33BBBA74 
 100      C76A88E3 
 101 0237 A59B39E4 		.ascii	"\245\2339\344\370\366\272\310 \327\277\301\000\010\001"
 101      F8F6BAC8 
 101      20D7BFC1 
 101      000801
 102 0246 2B4E5EDA 		.ascii	"+N^\332\032\343:j\270\276\003\014 u\326\356\3762\021"
 102      1AE33A6A 
 102      B8BE030C 
 102      2075D6EE 
 102      FE3211
 103 0259 0F3F3393 		.ascii	"\017?3\223]\230\352\315\205\354\340\257\001\\\007\270"
 103      5D98EACD 
 103      85ECE0AF 
 103      015C07B8 
 104 0269 67EC5C3F 		.ascii	"g\354\\?\021C\356\233\000\277\242\03278\012\345\356"
 104      1143EE9B 
 104      00BFA21A 
 104      37380AE5 
ARM GAS  /tmp/ccbH3oxl.s 			page 7


 104      EE
 105 027a 04B80B70 		.ascii	"\004\270\013p\037\340\201.t\367\312\243\253G0\256\016"
 105      1FE0812E 
 105      74F7CAA3 
 105      AB4730AE 
 105      0E
 106 028b 809F392A 		.ascii	"\200\2379*>\211\230\2675\003\336\366\305y\343\215\226"
 106      3E8998B7 
 106      3503DEF6 
 106      C579E38D 
 106      96
 107 029c 00DD6B75 		.ascii	"\000\335ku\232;\000\267\342hv\353 \272\207+qp\347\246"
 107      9A3B00B7 
 107      E26876EB 
 107      20BA872B 
 107      7170E7A6 
 108 02b0 EBFC6EC4 		.ascii	"\353\374n\304\007\330\365\362\000\321\240qq\333\272"
 108      07D8F5F2 
 108      00D1A071 
 108      71DBBA
 109 02bf 1865BA0D 		.ascii	"\030e\272\015\346\207\\\031aC\375\351\372\230\313\324"
 109      E6875C19 
 109      6143FDE9 
 109      FA98CBD4 
 110 02cf 6A001E69 		.ascii	"j\000\036i\200\252/n\0341\335\002\"\340\247I\006L\270"
 110      80AA2F6E 
 110      1C31DD02 
 110      22E0A749 
 110      064CB8
 111 02e2 37B091C8 		.ascii	"7\260\221\310\007\224\330TA\025\022d*HT\242\262\324"
 111      0794D854 
 111      41151264 
 111      2A4854A2 
 111      B2D4
 112 02f4 02E9598F 		.ascii	"\002\351Y\217i\236(d%I\342\226\303\220,\231EA\210Zd"
 112      699E2864 
 112      2549E296 
 112      C3902C99 
 112      4541885A 
 113 0309 29EB29D4 		.ascii	")\353)\324\013u\011\031y\252I^\225\026\265\250BM\241"
 113      0B750919 
 113      79AA495E 
 113      9516B5A8 
 113      424DA1
 114 031c 2D370FDB 		.ascii	"-7\017\333\250\245\005d\264*2\211\3118\212Z\244\307"
 114      A8A50564 
 114      B42A3289 
 114      C9388A5A 
 114      A4C7
 115 032e B4AE3A41 		.ascii	"\264\256:An\025V\214\305T\221d\207\015w\233'\212\351"
 115      6E15568C 
 115      C5549164 
 115      870D779B 
 115      278AE9
 116 0341 49111AA1 		.ascii	"I\021\032\241S\010\021\305\206miR\324\222\204\024Yr"
 116      530811C5 
 116      866D6952 
ARM GAS  /tmp/ccbH3oxl.s 			page 8


 116      D4928414 
 116      5972
 117 0353 46B29C91 		.ascii	"F\262\234\221\324\002fY\226lY\004\203\220\035\216<A"
 117      D4026659 
 117      966C5904 
 117      83901D8E 
 117      3C41
 118 0365 426693D8 		.ascii	"Bf\223\330\002\016\012V\207\332qo\224\004RbzF\026!2"
 118      020E0A56 
 118      87DA716F 
 118      94045262 
 118      7A461621 
 119 037a 9922202F 		.ascii	"\231\" /}\321_\300\202>e\343\023 K\022\034\002\235\036"
 119      7DD15FC0 
 119      823E65E3 
 119      13204B12 
 119      1C029D1E 
 120 038e B5E00F5F 		.ascii	"\265\340\017_\310 D5\211V+\250\330%:\247\313E\016\211"
 120      C8204435 
 120      89562BA8 
 120      D8253AA7 
 120      CB450E89 
 121 03a2 442D022E 		.ascii	"D-\002.\331L\240\012`XJ\011d\340\237\316\364c\277x\244"
 121      D94CA00A 
 121      60584A09 
 121      64E09FCE 
 121      F463BF78 
 122 03b7 E38DF6BF 		.ascii	"\343\215\366\277\217\365\302\347\031\022u\205\376'A"
 122      8FF5C2E7 
 122      19127585 
 122      FE2741
 123 03c6 47438CA5 		.ascii	"GC\214\245\326\023\235\214?AD\177>4'D_\215!7b\320\343"
 123      D6139D8C 
 123      3F41447F 
 123      3E342744 
 123      5F8D2137 
 124 03dd E8E7897B 		.ascii	"\350\347\211{zb\315\371\234\240\273\024bm\270]\\\340"
 124      7A62CDF9 
 124      9CA0BB14 
 124      626DB85D 
 124      5CE0
 125 03ef 062519A0 		.ascii	"\006%\031\240%1\033\327\022o\327\223\003\215\326\333"
 125      25311BD7 
 125      126FD793 
 125      038DD6DB 
 126 03ff 289BDA70 		.ascii	"(\233\332p\362\223=\0110\242&\217\000\275\305\263\370"
 126      F2933D09 
 126      30A2268F 
 126      00BDC5B3 
 126      F8
 127 0410 A39A8775 		.ascii	"\243\232\207u`\"<\307\300\217\023=+\266\266\016\217"
 127      60223CC7 
 127      C08F133D 
 127      2BB6B60E 
 127      8F
 128 0421 BFE078E7 		.ascii	"\277\340x\347z\214\013\276\363\330\272\217i<\240+\016"
 128      7A8C0BBE 
ARM GAS  /tmp/ccbH3oxl.s 			page 9


 128      F3D8BA8F 
 128      693CA02B 
 128      0E
 129 0432 B0F2D0AA 		.ascii	"\260\362\320\252*\223\221\306\275F\032\367ii\274\375"
 129      2A9391C6 
 129      BD461AF7 
 129      6969BCFD 
 130 0442 42E3E716 		.ascii	"B\343\347\026\356\263\017\340\017\355]\025\260\235="
 130      EEB30FE0 
 130      0FED5D15 
 130      B09D3D
 131 0451 F060CDC6 		.ascii	"\360`\315\306[Vef\330\317\232j\317Y\206>X\317\0011x"
 131      5B566566 
 131      D8CF9A6A 
 131      CF59863E 
 131      58CF0131 
 132 0466 C99E01FC 		.ascii	"\311\236\001\374\005\010\353\334\320\264\327<\012#\352"
 132      0508EBDC 
 132      D0B4D73C 
 132      0A23EA
 133 0475 54551B3E 		.ascii	"TU\033>\255\370g\205?\231K\025\025|\252\271]\177\346"
 133      ADF86785 
 133      3F994B15 
 133      157CAAB9 
 133      5D7FE6
 134 0488 748FF8DA 		.ascii	"t\217\370\332\3725j\357\267w\317\354\034\263^m^\214"
 134      FA356AEF 
 134      B777CFEC 
 134      1CB35E6D 
 134      5E8C
 135 049a 063C739E 		.ascii	"\006<s\236\350\321\023\034\021x\014\360;~\245TT:e\267"
 135      E8D1131C 
 135      11780CF0 
 135      3B7EA554 
 135      543A65B7 
 136 04ae EC0C85BD 		.ascii	"\354\014\205\275\271\016\247\";=>1\250\204\224\340|"
 136      B90EA722 
 136      3B3D3E31 
 136      A88494E0 
 136      7C
 137 04bf 45967372 		.ascii	"E\226sr\354!y\236\235\257\331\213K\336EDi\361\333\263"
 137      EC21799E 
 137      9DAFD98B 
 137      4BDE4544 
 137      69F1DBB3 
 138 04d3 9C333C73 		.ascii	"\2343<s\202\256\340B\273\333\357\365\372}\366\212\320"
 138      82AEE042 
 138      BBDBEFF5 
 138      FA7DF68A 
 138      D0
 139 04e4 9C4A9D40 		.ascii	"\234J\235@V\346{\334\212\323\355\367\205\203\376\362"
 139      56E67BDC 
 139      8AD3EDF7 
 139      8583FEF2 
 140 04f4 722518B2 		.ascii	"r%\030\262\3079(\013\272\274\212\323W\341\235\243\004"
 140      C739280B 
 140      BABC8AD3 
ARM GAS  /tmp/ccbH3oxl.s 			page 10


 140      57E19DA3 
 140      04
 141 0505 9D1F2AE1 		.ascii	"\235\037*\341\034\2678\265\2604#\177\302Db.\315\237"
 141      1CB738B5 
 141      B034237F 
 141      C244622E 
 141      CD9F
 142 0517 36E9BD57 		.ascii	"6\351\275W\007\307#{\202\212;\354\361\373\322\206F*"
 142      07C7237B 
 142      828A3BEC 
 142      F1FBD286 
 142      462A
 143 0529 2B954366 		.ascii	"+\225CfCaWX\031\371\262\331\212\220\271t\306\314\302"
 143      43615758 
 143      19F9B2D9 
 143      8A90B974 
 143      C6CCC2
 144 053c A9A3072F 		.ascii	"\251\243\007/*>9\340\367\370\302\243Kg9\213gLz\177\262"
 144      2A3E39E0 
 144      F7F8C2A3 
 144      4B67398B 
 144      674C7A7F 
 145 0551 73726141 		.ascii	"sraA\321\314w\012K\234\305%\357\225\346\227\214\304"
 145      D1CC770A 
 145      4B9CC525 
 145      EF95E697 
 145      8CC4
 146 0563 8582FC02 		.ascii	"\205\202\374\002\247&\301\344\002}z\242\335\353\013"
 146      A726C1E4 
 146      027D7AA2 
 146      DDEB0B
 147 0572 DBDDF6B0 		.ascii	"\333\335\366\2607`\227=\201r\277w\236\313\216\373\016"
 147      3760973D 
 147      8172BF77 
 147      9ECB8EFB 
 147      0E
 148 0583 78DCE327 		.ascii	"x\334\343'ds\372\212\327\263Q\235l\224e\236'\234]\266"
 148      6473FA8A 
 148      D7B3519D 
 148      6C94659E 
 148      279C5DB6 
 149 0597 C0EE0A04 		.ascii	"\300\356\012\004H\311\177\256k\316\\\2224hW\361\022"
 149      48C97FAE 
 149      6BCE5C92 
 149      346857F1 
 149      12
 150 05a8 B0917F81 		.ascii	"\260\221\177\201O\011\246\016\354Q\333\020\333Gj\334"
 150      4F09A60E 
 150      EC51DB10 
 150      DB476ADC 
 151 05b8 F6B43929 		.ascii	"\366\2649)\200\026s]>\271\\y\245\010\327\246\361a\311"
 151      8016735D 
 151      3EB95C79 
 151      A508D7A6 
 151      F161C9
 152 05cb C28052A0 		.ascii	"\302\200R\240\224Yc\015l\256\240w\376\233\331\336\034"
 152      9459630D 
ARM GAS  /tmp/ccbH3oxl.s 			page 11


 152      6CAEA077 
 152      FE9BD9DE 
 152      1C
 153 05dc AFCBE31B 		.ascii	"\257\313\343\033'\207\002\343\312\002d\230\333\037\014"
 153      278702E3 
 153      CA026498 
 153      DB1F0C
 154 05eb 2B95D9DE 		.ascii	"+\225\331\336\334\\\222\356\374\307\0240\225\242\320"
 154      DC5C92EE 
 154      FCC71430 
 154      95A2D0
 155 05fa CAFF916A 		.ascii	"\312\377\221j\344o*^;\257"
 155      E46F2A5E 
 155      3BAF
 156              		.text
 157              		.section	.gnu.lto_.symtab.fe7593902642106f,"e",%progbits
 158 0000 5F75785F 		.ascii	"_ux_dcd_stm32_frame_number_get\000"
 158      6463645F 
 158      73746D33 
 158      325F6672 
 158      616D655F 
 159 001f 00       		.ascii	"\000"
 160 0020 00       		.ascii	"\000"
 161 0021 00       		.ascii	"\000"
 162 0022 00000000 		.ascii	"\000\000\000\000\000\000\000\000"
 162      00000000 
 163 002a 01010000 		.ascii	"\001\001\000\000"
 164              		.text
 165              		.section	.gnu.lto_.ext_symtab.fe7593902642106f,"e",%progbits
 166 0000 01       		.ascii	"\001"
 167 0001 01       		.ascii	"\001"
 168 0002 00       		.ascii	"\000"
 169              		.text
 170              		.section	.gnu.lto_.opts,"e",%progbits
 171 0000 272D666E 		.ascii	"'-fno-openmp' '-fno-openacc' '-fno-pie' '-fcf-prote"
 171      6F2D6F70 
 171      656E6D70 
 171      2720272D 
 171      666E6F2D 
 172 0033 6374696F 		.ascii	"ction=none' '-mcpu=cortex-m33' '-mthumb' '-mfpu=fpv"
 172      6E3D6E6F 
 172      6E652720 
 172      272D6D63 
 172      70753D63 
 173 0066 342D7370 		.ascii	"4-sp-d16' '-mfloat-abi=hard' '-mlibarch=armv8-m.mai"
 173      2D643136 
 173      2720272D 
 173      6D666C6F 
 173      61742D61 
 174 0099 6E2B6473 		.ascii	"n+dsp+fp' '-march=armv8-m.main+dsp+fp' '-Os' '-flto"
 174      702B6670 
 174      2720272D 
 174      6D617263 
 174      683D6172 
 175 00cc 2720272D 		.ascii	"' '-fdata-sections' '-ffunction-sections' '-Xassemb"
 175      66646174 
 175      612D7365 
ARM GAS  /tmp/ccbH3oxl.s 			page 12


 175      6374696F 
 175      6E732720 
 176 00ff 6C657227 		.ascii	"ler' '-a' '-Xassembler' '-ad' '-Xassembler' '-alms="
 176      20272D61 
 176      2720272D 
 176      58617373 
 176      656D626C 
 177 0132 6275696C 		.ascii	"build/../sdk/stm32/STM32_USBX_Library/common/usbx_s"
 177      642F2E2E 
 177      2F73646B 
 177      2F73746D 
 177      33322F53 
 178 0165 746D3332 		.ascii	"tm32_device_controllers/ux_dcd_stm32_frame_number_g"
 178      5F646576 
 178      6963655F 
 178      636F6E74 
 178      726F6C6C 
 179 0198 65742E6C 		.ascii	"et.lst'\000"
 179      73742700 
 180              		.text
 181              		.comm	__gnu_lto_slim,1,1
 182              		.ident	"GCC: (15:10.3-2021.07-4) 10.3.1 20210621 (release)"
ARM GAS  /tmp/ccbH3oxl.s 			page 13


DEFINED SYMBOLS
                            *ABS*:0000000000000000 ux_dcd_stm32_frame_number_get.c
                            *COM*:0000000000000001 __gnu_lto_slim

NO UNDEFINED SYMBOLS
