ARM GAS  /tmp/ccmIgRdu.s 			page 1


   1              		.cpu cortex-m33
   2              		.eabi_attribute 27, 1
   3              		.eabi_attribute 28, 1
   4              		.eabi_attribute 20, 1
   5              		.eabi_attribute 21, 1
   6              		.eabi_attribute 23, 3
   7              		.eabi_attribute 24, 1
   8              		.eabi_attribute 25, 1
   9              		.eabi_attribute 26, 1
  10              		.eabi_attribute 30, 4
  11              		.eabi_attribute 34, 1
  12              		.eabi_attribute 18, 4
  13              		.file	"ux_dcd_stm32_uninitialize.c"
  14              		.section	.gnu.lto_.profile.5b92bd82ec5c1a2d,"e",%progbits
  15 0000 789C6362 		.ascii	"x\234cb\000\001\000\000\022\000\003"
  15      00010000 
  15      120003
  16              		.text
  17              		.section	.gnu.lto_.icf.5b92bd82ec5c1a2d,"e",%progbits
  18 0000 789CE360 		.ascii	"x\234\343`@\000F\206\227\307\232\332y\030\000\015\305"
  18      40004686 
  18      97C79ADA 
  18      7918000D 
  18      C5
  19 0011 02CE     		.ascii	"\002\316"
  20              		.text
  21              		.section	.gnu.lto_.ipa_sra.5b92bd82ec5c1a2d,"e",%progbits
  22 0000 789CE367 		.ascii	"x\234\343g@\000F\006&0\011\004\314@\012\000\001\360"
  22      40004606 
  22      26300904 
  22      CC400A00 
  22      01F0
  23 0012 0018     		.ascii	"\000\030"
  24              		.text
  25              		.section	.gnu.lto_.inline.5b92bd82ec5c1a2d,"e",%progbits
  26 0000 789CD361 		.ascii	"x\234\323a@\000F\006\006\376E\337\336|dJcd`\022\231"
  26      40004606 
  26      06FE45DF 
  26      DE7C644A 
  26      63646012 
  27 0015 7CAEEB33 		.ascii	"|\256\3533s*\003\003[\003\0200\245010\001\2250q\203"
  27      732A0303 
  27      5B031030 
  27      A5303130 
  27      01953071 
  28 002a D44DF063 		.ascii	"\324M\360c\000\000.u\012\323"
  28      00002E75 
  28      0AD3
  29              		.text
  30              		.section	.gnu.lto_.jmpfuncs.5b92bd82ec5c1a2d,"e",%progbits
  31 0000 789C5360 		.ascii	"x\234S`@\000F\006&FF&\206%\314\014\365@\314\004\024"
  31      40004606 
  31      26464626 
  31      8625CC0C 
  31      F540CC04 
  32 0015 38C0C2C8 		.ascii	"8\300\302\310\000\304\377\201\200\237\201\001\000X\023"
  32      00C4FF81 
ARM GAS  /tmp/ccmIgRdu.s 			page 2


  32      809F8101 
  32      005813
  33 0024 078D     		.ascii	"\007\215"
  34              		.text
  35              		.section	.gnu.lto_.pureconst.5b92bd82ec5c1a2d,"e",%progbits
  36 0000 789C6361 		.ascii	"x\234ca```d\230\305\002\000\001d\000\244"
  36      60606064 
  36      98C50200 
  36      016400A4 
  37              		.text
  38              		.section	.gnu.lto_.lto.5b92bd82ec5c1a2d,"e",%progbits
  39 0000 09000400 		.ascii	"\011\000\004\000\001\000\000\000"
  39      01000000 
  40              		.text
  41              		.section	.gnu.lto__ux_dcd_stm32_uninitialize.164.5b92bd82ec5c1a2d,"e",%progbits
  42 0000 789C6D92 		.ascii	"x\234m\222KL\023A\030\307\347\233\231n[\3738\353\315"
  42      4B4C1341 
  42      18C7E79B 
  42      996E5BFB 
  42      38EBCD
  43 0013 8B120FED 		.ascii	"\213\022\017\355\"hL<\030\342YOh\342\255Y\266\325l\350"
  43      22684C3C 
  43      18E2594F 
  43      68E2AD59 
  43      B6D56CE8 
  44 0027 2B7D281A 		.ascii	"+}(\032\023\266X\037\301\360XL\210\207B\"4\004\017\276"
  44      13B6581F 
  44      C1F0584C 
  44      88874222 
  44      34040FBE 
  45 003b A2225884 		.ascii	"\242\"X\204*\020\324\204\370\270\340A\215D\023 1\004"
  45      2A10D484 
  45      F8B8E041 
  45      8D441320 
  45      3104
  46 004d EA01304D 		.ascii	"\352\0010M\360\333\335\262\210\222\354N\347\333\371"
  46      F0DBDDB2 
  46      8892EC4E 
  46      E7DBF9
  47 005c FDFFF39F 		.ascii	"\375\377\363\237oZ\246\204\014\021B\316\341\013v\002"
  47      6F5AA684 
  47      0C1142CE 
  47      E10B7602 
  48 006c 5D5A2B25 		.ascii	"]Z+%\252\252\326\331)\275\242\335\244\360\002\036\257"
  48      AAAAD6D9 
  48      29BDA2DD 
  48      A4F0021E 
  48      AF
  49 007d BE71F1AC 		.ascii	"\276q\361\254\346\235\2711t\2103\350\326ZgsG\015\204"
  49      E69DB931 
  49      748833E8 
  49      D65A6773 
  49      470D84
  50 0090 D3AB9AAB 		.ascii	"\323\253\232\253T\032w\363k\232\267\275\255X\313m\306"
  50      541A77F3 
  50      6B9AB7BD 
  50      AD58CB6D 
ARM GAS  /tmp/ccmIgRdu.s 			page 3


  50      C6
  51 00a1 72CF3163 		.ascii	"r\3171cY\200\214\345\006\244\2312n\023\240\031n\261"
  51      59808CE5 
  51      06A49932 
  51      6E13A019 
  51      6EB1
  52 00b3 1C832E96 		.ascii	"\034\203.\226g\004xe\006\260\367@QU\327\246z{\276Cn"
  52      67047865 
  52      06B0F740 
  52      5155D7A6 
  52      7A7BBE43 
  53 00c8 B0C8F38C 		.ascii	"\260\310\363\214\222^\004\236\002<\001\214F\020d9 U"
  53      925E049E 
  53      023C018C 
  53      46106439 
  53      2055
  54 00da 48BDFF34 		.ascii	"H\275\3774\254\252N\222g\014\236\301_\020~0\260\376"
  54      ACAA4E92 
  54      670C9EC1 
  54      5F107E30 
  54      B0FE
  55 00ec 0AB66461 		.ascii	"\012\266da#\377b\246\337=\320\177\366!\273|w\242\335"
  55      23FF62A6 
  55      DF3DD07F 
  55      F621BB7C 
  55      77A2DD
  56 00ff DB9971E4 		.ascii	"\333\231q\344\031\207\002l\333\230\010\004FA\017\243"
  56      1987026C 
  56      DB980804 
  56      46410FA3 
  57 010f 77081FAC 		.ascii	"w\010\037\254\036|\264\025\325\362F\207\252\256\356"
  57      1E7CB415 
  57      D5F24687 
  57      AAAEEE
  58 011e 991BB37B 		.ascii	"\231\033\263{\000Mm\024\007\201\341`\3478P\207.s\002"
  58      004D6D14 
  58      0781E160 
  58      E7385087 
  58      2E7302
  59 0131 3C474D07 		.ascii	"<GM\007\323\233\240rP\213\204t2j\026\031,\226\240\245"
  59      D39BA072 
  59      508B8474 
  59      326A1619 
  59      2C96A0A5 
  60 0145 7B7D76AE 		.ascii	"{}v\256\012\333\334\307\240\322\015\207\221+\013\024"
  60      0ADBDCC7 
  60      A0D20D87 
  60      912B0B14 
  61 0155 A783B8EF 		.ascii	"\247\203\270\357\200\341\017\343\000c`HJ\303_2\316\012"
  61      80E10FE3 
  61      00636048 
  61      4AC35F32 
  61      CE0A
  62 0167 EC34E001 		.ascii	"\3544\340\001@\313\005w\236\355B\033x\011\244\032k<"
  62      40CB0577 
  62      9EED421B 
  62      7809A41A 
ARM GAS  /tmp/ccmIgRdu.s 			page 4


  62      6B3C
  63 0179 0E8557D0 		.ascii	"\016\205W\320\243G\327Qj\252G\327\277\256\260>\346\260"
  63      A347D751 
  63      6AAA47D7 
  63      BFAEB03E 
  63      E6B0
  64 018b 64FBFF93 		.ascii	"d\373\377\223\271`\012e\372\371\027!\2730\261\321\266"
  64      B9600A65 
  64      FAF91721 
  64      BB30B1D1 
  64      B6
  65 019c 1B79DD82 		.ascii	"\033y\335\202\233=\301C\260\333\205w\237\311\346!Jk"
  65      9B3DC143 
  65      B0DB8577 
  65      9FC9E621 
  65      4A6B
  66 01ae 3F565C96 		.ascii	"?V\\\226\241g\007\303\327\246!\370\0155_\234|\330\317"
  66      A16707C3 
  66      D7A621F8 
  66      0D355F9C 
  66      7CD8CF
  67 01c1 36D5A323 		.ascii	"6\325\243#\363w\354}\214n\032\240\300\215\033\302\264"
  67      F377EC7D 
  67      8C6E1AA0 
  67      C08D1BC2 
  67      B4
  68 01d2 A517E02D 		.ascii	"\245\027\340-\352\361\277\252\343\345\3533\330-<\002"
  68      EAF1BFAA 
  68      E3E5EB33 
  68      D82D3C02 
  69 01e2 35E33518 		.ascii	"5\3435\030\205\263\022\31465\377\353\203\031l\031\262"
  69      85B312CC 
  69      3635FFEB 
  69      83196C19 
  69      B2
  70 01f3 DF1E4DBB 		.ascii	"\337\036M\273\211\321JO\257\276?\332\346\231\327\214"
  70      89D14A4F 
  70      AFBE3FDA 
  70      E699D78C 
  71 0203 FC53F358 		.ascii	"\374S\363X\221\275;D\236\331\026Y\330\272\265\022\264"
  71      91BD3B44 
  71      9ED91659 
  71      D8BAB512 
  71      B4
  72 0214 D4A113C7 		.ascii	"\324\241\023\307\357\277\201\303$\260\201\021\216W\210"
  72      EFBF81C3 
  72      24B08111 
  72      8E5788
  73 0223 33DBFDC2 		.ascii	"3\333\375\302e\263\327\033\300\227\012a\274{\330\272"
  73      65B3D71B 
  73      C0970A61 
  73      BC7BD8BA 
  74 0233 7B428E88 		.ascii	"{B\216\210\221hJ\224\305T$.\006\225x8\026i\224\304T"
  74      91684A94 
  74      C554242E 
  74      06957838 
  74      166994C4 
ARM GAS  /tmp/ccmIgRdu.s 			page 5


  75 0248 221657E4 		.ascii	"\"\026W\344\352\203\276d*R[\223>\354K'\033|\301\320"
  75      EA83BE64 
  75      2A525B93 
  75      3EEC4B27 
  75      1B7CC1D0 
  76 025c F94625E5 		.ascii	"\371F%\345;{A\224\342q\"\371\375b2\330(\032\204X\177"
  76      3B7B4194 
  76      E27122F9 
  76      FD6232D8 
  76      281A8458 
  77 0271 EA646D4D 		.ascii	"\352dmM\340t\375\3613\201\023JCBJ\\\024\345X$\022\213"
  77      E074FDF1 
  77      3381134A 
  77      43424A5C 
  77      14E55824 
  78 0287 8AA86C0A 		.ascii	"\212\250l\012\030P\000\015\0249\024\220cQ\364\017\207"
  78      1850000D 
  78      14391490 
  78      6351F40F 
  78      87
  79 0298 4389A498 		.ascii	"C\211\244\230n\012\004\345`e=\035U\242JJ\221\302\312"
  79      6E0A04E5 
  79      60653D1D 
  79      55A24A4A 
  79      91C2CA
  80 02ab A5905F26 		.ascii	"\245\220_&\202\276\242\304\234q)!EB\251P\302i\241\177"
  80      82BEA2C4 
  80      9C712921 
  80      4542A950 
  80      C269A17F 
  81 02bf 00391541 		.ascii	"\0009\025Aa"
  81      61
  82              		.text
  83              		.section	.gnu.lto_.symbol_nodes.5b92bd82ec5c1a2d,"e",%progbits
  84 0000 789CF363 		.ascii	"x\234\363c\000\002\246%\214\365\014\015@\300\3028\341"
  84      0002A625 
  84      8CF50C0D 
  84      40C0C238 
  84      E1
  85 0011 1C03433D 		.ascii	"\034\003C=\003\303\256\206FF\006F\220\034\003\353RF"
  85      03C3AE86 
  85      46460646 
  85      901C03EB 
  85      5246
  86 0023 060520CD 		.ascii	"\006\005 \315\270\214\261\236\361?\024\310\203\0252"
  86      B88CB19E 
  86      F13F14C8 
  86      831532
  87 0032 80348154 		.ascii	"\2004\201T130\035}\376\371\"\003\343\0226\006\000\203"
  87      3133301D 
  87      7DFEF922 
  87      03E31236 
  87      060083
  88 0045 05181E   		.ascii	"\005\030\036"
  89              		.text
  90              		.section	.gnu.lto_.refs.5b92bd82ec5c1a2d,"e",%progbits
  91 0000 789C6367 		.ascii	"x\234cg```\004\" \006\000\000f\000\013"
ARM GAS  /tmp/ccmIgRdu.s 			page 6


  91      60606004 
  91      22200600 
  91      0066000B 
  92              		.text
  93              		.section	.gnu.lto_.decls.5b92bd82ec5c1a2d,"e",%progbits
  94 0000 789CB55A 		.ascii	"x\234\265Zwp\024W\232\357\257_\267\302(a\013\014^'\226"
  94      77701457 
  94      9AEFAF5F 
  94      B7C22861 
  94      0B0C5E27 
  95 0015 C5367BBB 		.ascii	"\3056{\273\2660\256\273\333\273\272\2533\013xM\035\306"
  95      B630AEBB 
  95      DBBBBAAB 
  95      330B784D 
  95      1DC6
  96 0027 9401D7ED 		.ascii	"\224\001\327\355U]\315\2164#\230BigF\006\356\2571\311"
  96      555DCD8E 
  96      34239842 
  96      69674606 
  96      EEAF31C9 
  97 003b D820924D 		.ascii	"\330 \222M\020B\"c\201A\010\0046Q\310\002\2040\"g\221"
  97      10422263 
  97      81410804 
  97      3651C802 
  97      84302267 
  98 0050 A325A2B0 		.ascii	"\243%\242\260\011\002a\270\357\205\356\327A\302^\327"
  98      090261B8 
  98      EF85EED7 
  98      41C25ED7 
  99 0060 ED94DE4C 		.ascii	"\355\224\336L\367\353_\177\351}\351uk\341\033\212\262"
  99      F7EB5F7F 
  99      E97DE975 
  99      6BE11B8A 
  99      B2
 100 0071 2755514A 		.ascii	"'UQJ\025Ey\214\037\025\177\367\343\000\034\033\025\376"
 100      1545798C 
 100      1F157FF7 
 100      E3001C1B 
 100      15FE
 101 0083 A173B538 		.ascii	"\241s\2658\352\304\374\277\253\212\3553\025'S\360\367"
 101      EAC4FCBF 
 101      AB8AED33 
 101      152753F0 
 101      F7
 102 0094 691CED71 		.ascii	"i\034\355q\324\210{\377\202\270\177\303q\031\307\253"
 102      D4887BFF 
 102      82B87FC3 
 102      7119C7AB 
 103 00a4 78FE1DFE 		.ascii	"x\376\035\3766\340H\3011\004\317\275\370\333\210c\027"
 103      36E048C1 
 103      3104CFBD 
 103      F8DB8863 
 103      17
 104 00b5 1E131CF1 		.ascii	"\036\023\034\361x\254\343\370\037\365\247yN#\360*P\201"
 104      78ACE3F8 
 104      1FF5A779 
 104      4E23F02A 
ARM GAS  /tmp/ccmIgRdu.s 			page 7


 104      5081
 105 00c7 53D89142 		.ascii	"S\330\221BT%-\312>\347C\012|\005\034E\262(\360i\320"
 105      54252DCA 
 105      3EE7430A 
 105      7C051C45 
 105      B228F069 
 106 00dc F0BB3D74 		.ascii	"\360\273=t.\"j\301\206\321\207\023<U\321hS\264jL\274"
 106      2E226AC1 
 106      86D18713 
 106      3C55D168 
 106      53B46A4C 
 107 00f1 021B00D6 		.ascii	"\002\033\000\326\203\002\353\000\211|\015\260\026`\015"
 107      8302EB00 
 107      897C0DB0 
 107      16600D
 108 0100 206CCCFC 		.ascii	" l\314\374\363\333\264K\240\250HH\363\003\300\261\177"
 108      F3DBB44B 
 108      A0A84848 
 108      F303C0B1 
 108      7F
 109 0111 C22F8FF2 		.ascii	"\302/\217\362\337Di\037U\243j\214\237\250\036\342!~"
 109      DF44691F 
 109      55A36A8C 
 109      9FA81EE2 
 109      217E
 110 0123 4F2DBCD8 		.ascii	"O-\274\330\3556y+N\355\226\342\211+\335\012\355<z\234"
 110      ED36792B 
 110      4EED96E2 
 110      892BDD0A 
 110      ED3C7A9C 
 111 0137 AA36C4FA 		.ascii	"\2526\304\372=\335\036\300ru^L\347\267\242\232\177b"
 111      3DDD1EC0 
 111      72755E4C 
 111      E7B7A29A 
 111      7F62
 112 0149 8786D8A8 		.ascii	"\207\206\330\250:\245\177\3737\337\302\357\206\330Z"
 112      3AA57FFB 
 112      37DFC2EF 
 112      86D85A
 113 0158 F0E35D03 		.ascii	"\360\343]\003\264\270vx\324\020\353\271M\346\025\304"
 113      B4B87678 
 113      D410EBB9 
 113      4DE615C4 
 114 0168 F877ABE3 		.ascii	"\370w\253\343_\205Z\360\370{\264GE\336\212\213{1\245"
 114      5F855AF0 
 114      F87BB447 
 114      45DE8A8B 
 114      7B31A5
 115 017b 9A5493B7 		.ascii	"\232T\223\267\025%.\256\274\254\203\247!6\005It\363"
 115      15252EAE 
 115      BCAC83A7 
 115      21360549 
 115      74F3
 116 018d 776EE7EF 		.ascii	"wn\347\357\234R\013\272\337\357i\337MA!\374=z\274\245"
 116      9C520BBA 
 116      DFEF69DF 
 116      4D4121FC 
ARM GAS  /tmp/ccmIgRdu.s 			page 8


 116      3D7ABCA5 
 117 01a1 7A90B216 		.ascii	"z\220\262\026W\013=\010$\366\210\236\273\332\321\003"
 117      570B3D08 
 117      24F6889E 
 117      BBDAD103 
 118 01b1 9EF8173B 		.ascii	"\236\370\027;wS\024\277\362\266\212t\311c\343\003\261"
 118      775314BF 
 118      F2B68A74 
 118      C963E303 
 118      B1
 119 01c2 C8D32F4F 		.ascii	"\310\323/O\001\272y\324\036*\371\317\206X4\275\332Y"
 119      01BA79D4 
 119      1E2AF9CF 
 119      865834BD 
 119      DA59
 120 01d4 51A25A5C 		.ascii	"Q\242Z\\b\"D\361'\336\373\237\376\001=<JC\254\212\227"
 120      622244F1 
 120      27DEFB9F 
 120      FE013D3C 
 120      4A43AC8A 
 121 01e9 DA6B1055 		.ascii	"\332k\020UA\336\351\211Q\300X\023\240\177@\377\370\227"
 121      41DEE989 
 121      51C05813 
 121      A07F40FF 
 121      F897
 122 01fb 424F142B 		.ascii	"BO\024+\0276O\221hW\340\013k\314\232?\342\230\0038\035"
 122      17364F91 
 122      6857E00B 
 122      6BCC9A3F 
 122      E2980338 
 123 0210 63ED010C 		.ascii	"c\355\001\014&\212\270j!.e\020r\030t\014>\026\031\245"
 123      268AB86A 
 123      212E6510 
 123      7218740C 
 123      3E1619A5 
 124 0224 ACB8C29C 		.ascii	"\254\270\302\234\211j\275\207\335g\023\\\222TL\262\212"
 124      896ABD87 
 124      DD67135C 
 124      92544CB2 
 124      8A
 125 0235 4571FCA0 		.ascii	"Eq\374\240\333\254\271S\2716\3612\232-Z:y\262\016\311"
 125      DBACB953 
 125      B936F132 
 125      9A2D5A3A 
 125      79B20EC9 
 126 0249 53DE5280 		.ascii	"S\336R\200|\006\364\322\243I\343\033\3425\012\336\010"
 126      7C06F4D2 
 126      A349E31B 
 126      E2350ADE 
 126      08
 127 025a 908B13B3 		.ascii	"\220\213\023\263~<x6\321\230\330\002\314OU\346\247\355"
 127      7E3C7836 
 127      D198D802 
 127      CC4F55E6 
 127      A7ED
 128 026c F0FBCFA6 		.ascii	"\360\373\317\246s\377\031\235\273\214\221\230\271a\332"
 128      73FF199D 
ARM GAS  /tmp/ccmIgRdu.s 			page 9


 128      BB8C9198 
 128      B961DA
 129 027b 8158B7EF 		.ascii	"\201X\267\357n\007\304\240\357n\003\330J}\367\354\211"
 129      6E07C4A0 
 129      EF6E03D8 
 129      4A7DF7EC 
 129      89
 130 028c 4D13923B 		.ascii	"M\023\222;\242\014\327\242\321\366P\003P\015\360\015"
 130      A20CD7A2 
 130      D1F65003 
 130      500DF00D 
 131 029c 55600782 		.ascii	"U`\007\202\253\200\011\272\376\207\272\3711]f\315\212"
 131      AB8009BA 
 131      FE87BAF9 
 131      315D66CD 
 131      8A
 132 02ad 361FDD75 		.ascii	"6\037\335u}\341\253\267\326E\243c\361\2168\012\202J"
 132      7DE1ABB7 
 132      D645A363 
 132      F18E380A 
 132      824A
 133 02bf 40724CAF 		.ascii	"@rL\257J\274c3\300&\024a\267J\357kl\036s5\205\011=\204"
 133      4ABC6333 
 133      C0261461 
 133      B74AEF6B 
 133      6C1E7335 
 134 02d7 29D17271 		.ascii	")\321rq\315h\325\3445\324d\265\013o\374\226\263\372"
 134      CD68D5E4 
 134      35D464B5 
 134      0B6FFC96 
 134      B3FA
 135 02e9 FAE4D8B9 		.ascii	"\372\344\330\271I]fE\243\315\263g\256\334\352\231\023"
 135      495D6645 
 135      A3CDB367 
 135      AEDCEA99 
 135      13
 136 02fa AD56F132 		.ascii	"\255V\3612\3544\231\354d?d!\341\261\332\240\2225\342"
 136      EC3499EC 
 136      643F6421 
 136      E1B1DAA0 
 136      9235E2
 137 030d F0AC4AEA 		.ascii	"\360\254J\352I\253\306;\265\363\300\246Vu<\210\214\017"
 137      49ABC63B 
 137      B5F3C0A6 
 137      56753C88 
 137      8C0F
 138 031f 70C633CF 		.ascii	"p\3063\317\177\271!>\221\231k^\265\206W\204\301\024"
 138      7FB9213E 
 138      91996B5E 
 138      B5865784 
 138      C114
 139 0331 38845FE4 		.ascii	"8\204_\344\201`rL%\2635\205l\325\370\351>\225\\\303"
 139      8160724C 
 139      25B33585 
 139      6CD5F8E9 
 139      3E955CC3 
 140 0345 D3193A3F 		.ascii	"\323\031:?\255UI\245\256\220\213\342\264J%\0051\012"
ARM GAS  /tmp/ccmIgRdu.s 			page 10


 140      AD5549A5 
 140      AE908BE2 
 140      B44A2505 
 140      310A
 141 0357 591AC34F 		.ascii	"Y\032\303O\243*\237U\330\272E5\262E\\H\241\353\360\345"
 141      A32A9F55 
 141      D8BA4535 
 141      B2455C48 
 141      A1EBF0E5 
 142 036b EA7BE089 		.ascii	"\352{\340\211\212\345\302I\203\375w(c\032\\\346K~VH"
 142      8AE5C249 
 142      83FD7728 
 142      631A5CE6 
 142      4B7E5648 
 143 037f A1904B48 		.ascii	"\241\220KH\370\223X!\005\362\210UH]lkF\337=~\337!\275"
 143      F8935821 
 143      05F28855 
 143      485D6C6B 
 143      46DF3D7E 
 144 0396 35E59B90 		.ascii	"5\345\233\220\360M\256\374\266h\343.U*\337$\225\277"
 144      F04DAEFC 
 144      B668E32E 
 144      552ADF24 
 144      95BF
 145 03a8 058A504D 		.ascii	"\005\212PM!\215\310\3431\216\231q\012Y\033\307\356\273"
 145      218DC8E3 
 145      318E9971 
 145      0A591BC7 
 145      EEBB
 146 03ba 3B7B3F49 		.ascii	";{?I\345\231\264\212\257\317]\200{b\261\020p\265\360"
 146      E599B48A 
 146      AFCF5D80 
 146      7B62B110 
 146      70B5F0
 147 03cd CAE7B192 		.ascii	"\312\347\261\222\360=I\270\231s>\264\372\333g\230\260"
 147      F03D49B8 
 147      99733EB4 
 147      FADB6798 
 147      B0
 148 03de CD7CA9E6 		.ascii	"\315|\251\346\036\231\276/\2615i\037\240\264\367\371"
 148      1E99BE2F 
 148      B135691F 
 148      A0B4F7F9 
 149 03ee 3D33763F 		.ascii	"=3v?\\J$\321\007\222h\013]\252\203(^c\034\227\372?\020"
 149      5C4A24D1 
 149      0792680B 
 149      5DAA8328 
 149      5E631C97 
 150 0405 BEA56EEB 		.ascii	"\276\245n\353\251\270\326,\373\230Y\366\021\265\354"
 150      A9B8D62C 
 150      FB9859F6 
 150      11B5EC
 151 0414 F378C27E 		.ascii	"\363x\302~\024\362#\323\354\340\305U\253Rh\3644D\253"
 151      14F223D3 
 151      ECE0C555 
 151      AB5268F4 
 151      3444AB
ARM GAS  /tmp/ccmIgRdu.s 			page 11


 152 0427 3F220ABC 		.ascii	"?\"\012\274\011\335\025\030\245\"\002c\347#\025\327"
 152      09DD1518 
 152      A5220263 
 152      E72315D7 
 153 0437 1241D3A7 		.ascii	"\022A\323\247V,O|\032)\217\211F\377\002\243U\270\010"
 153      562C4F7C 
 153      1A298F89 
 153      46FF02A3 
 153      55B808
 154 044a 7081521E 		.ascii	"p\201R\036\2432\352\012\031\035\317\345\270\310\327"
 154      A332EA0A 
 154      191DCFE5 
 154      B8C8D7
 155 0459 7C5E0C29 		.ascii	"|^\014)\214W\310\352x\312\342\312\324\322\202\004\273"
 155      8C57C8EA 
 155      78CAE2CA 
 155      D4D28204 
 155      BB
 156 046a F13E51E1 		.ascii	"\361>Q\341S\3254\336\374\3465\025\036\251'^1$\237\240"
 156      53D534DE 
 156      FCE63515 
 156      1EA9275E 
 156      31249FA0 
 157 047e 52C0334B 		.ascii	"R\3003K\037\324\315I\350\312>\251\364\013\0115\257+"
 157      1FD4CD49 
 157      E8CA3EA9 
 157      F40B0935 
 157      AF2B
 158 0490 9B7F3075 		.ascii	"\233\1770u\305\250htt'\024\003~\004\230&\345J\303\361"
 158      C5A86874 
 158      74271403 
 158      7E049826 
 158      E54AC3F1 
 159 04a4 86422996 		.ascii	"\206B)\226\024o>\007\321i\335\321dp\207a\014\332\014"
 159      146F3E07 
 159      D169DDD1 
 159      64708761 
 159      0CDA0C
 160 04b7 B801186A 		.ascii	"\270\001\030jn\361z\216\032\002\267m\240\357\301\244"
 160      6EF17A8E 
 160      1A02B76D 
 160      A0EFC1A4 
 161 04c7 B4AE782D 		.ascii	"\264\256x-\307`\260]\265\201\032MPyq\361_k\253\200\256"
 161      C760B05D 
 161      B5811A4D 
 161      507971F1 
 161      5F6BAB80 
 162 04dc E7433733 		.ascii	"\347C73N\247T\362\372\301\315\013\005\342v\256\322\024"
 162      4EA754F2 
 162      FAC1CD0B 
 162      05E276AE 
 162      D214
 163 04ee F8588571 		.ascii	"\370X\205qh\341\261*\205\341zLTa\212\012\005*LRa\252"
 163      68E1B12A 
 163      85E17A4C 
 163      54618A0A 
 163      052A4C52 
ARM GAS  /tmp/ccmIgRdu.s 			page 12


 164 0504 0A9FAB30 		.ascii	"\012\237\2530C\205\311*LW\3413Z\015\250\004\033\271"
 164      4385C92A 
 164      4C57E133 
 164      5A0DA804 
 164      1BB9
 165 0516 04135418 		.ascii	"\004\023T\030\257Z\2517H\011V\0306\271\005p\303&\302"
 165      AF5AA937 
 165      48095618 
 165      36B90570 
 165      C326C2
 166 0529 35095A6F 		.ascii	"5\011ZoQ\367\212[]a\270\225R\231\353nJ\010\"\343<t\211"
 166      51F78A5B 
 166      5D61B895 
 166      5299EB6E 
 166      4A0822E3 
 167 0540 2FCEDAB0 		.ascii	"/\316\332\26031\325\245\331\314\237\253\031\222Xq{\335"
 167      3331D5A5 
 167      D9CC9FAB 
 167      19925871 
 167      7BDD
 168 0552 8114E925 		.ascii	"\201\024\351%\263$\257B\346%\352\321\253\205\333\015"
 168      B324AF42 
 168      E625EAD1 
 168      AB85DB0D 
 169 0562 2F9DA7E2 		.ascii	"/\235\247\342\254\351\016\263U\226^\270\2136\003\231"
 169      ACE90EB3 
 169      55965EB8 
 169      8B360399 
 170 0572 CE64DAFA 		.ascii	"\316d\332\372\375\356\011\036\273_\242\245\213\245_"
 170      FDEE091E 
 170      BB5FA2A5 
 170      8BA55F
 171 0581 EE2F29D9 		.ascii	"\356/)\331\234d\007\314\264\001\276\270\271x\002H\221"
 171      9C6407CC 
 171      B401BEB8 
 171      B9780248 
 171      91
 172 0592 4AA44873 		.ascii	"J\244HsQ$\262\312\30396\0019\3028\326\\\235\274:Y\342"
 172      5124B2CA 
 172      C3393601 
 172      39C238D6 
 172      5C9DBC3A 
 173 05a8 474BFC42 		.ascii	"GK\374B\212\277-\360\015@\346'(dG\202\310\367@n\342"
 173      8ABF2DF0 
 173      0D40E627 
 173      28644782 
 173      C8F7406E 
 174 05bd E9944491 		.ascii	"\351\224D\221\023\201lMT\310Mq\272\017\310\202$\205"
 174      13816C4D 
 174      54C84D71 
 174      BA0FC882 
 174      2485
 175 05cf EC4912E9 		.ascii	"\354I\022\351\013\310]q\330\231}\227\002\213\310*\017"
 175      0BC85D71 
 175      D8997D97 
 175      028BC82A 
 175      0F
ARM GAS  /tmp/ccmIgRdu.s 			page 13


 176 05e0 9999CCE7 		.ascii	"\231\231\314\347\347\001)\023\207\263\200\034JV\310"
 176      E7012913 
 176      87B3801C 
 176      4A56C8
 177 05ef 0FC92C15 		.ascii	"\017\311,\025T/\254\324\355\352nTa\223T\267\354\370"
 177      542FACD4 
 177      EDEA6E54 
 177      619354B7 
 177      ECF8
 178 0601 FE024BE9 		.ascii	"\376\002K\351\330$\305\337L\305\237\230\302\211N\001"
 178      D824C5DF 
 178      4CC59F98 
 178      C2894E01 
 179 0611 529182E9 		.ascii	"R\221\202\351I\234FyFOdb\234Efb>\216\314i\307\263\305"
 179      499C4679 
 179      464F6462 
 179      9C456662 
 179      3E8ECC69 
 180 0628 1FC86271 		.ascii	"\037\310bq\324\235\254\026G\335\3107\355\024r\030\307"
 180      D49DAC16 
 180      47DDC837 
 180      ED147218 
 180      C7
 181 0639 4536F30A 		.ascii	"E6\363\012V~\302~\025r\253\035\225\346\316\354\353]"
 181      567EC27E 
 181      1572AB1D 
 181      95E6CEEC 
 181      EB5D
 182 064b 68E2BA16 		.ascii	"h\342\272\026\255\032\245+\"\177\302\001\025!\350P\373"
 182      AD1AA52B 
 182      227FC201 
 182      1521E850 
 182      FB
 183 065c 555AB39A 		.ascii	"UZ\263\232\361\376\361O\241\355\236\302;\236\3365\353"
 183      F1FEF14F 
 183      A1ED9EC2 
 183      3B9EDE35 
 183      EB
 184 066d FBC9C95D 		.ascii	"\373\311\311]\215<B\365\330;u\355~\210\216\353N\227"
 184      8D3C42F5 
 184      D83B75ED 
 184      7E888EEB 
 184      4E97
 185 067f E2900AA7 		.ascii	"\342\220\012\247U\226\377x\376x\223\205\323\261\251"
 185      5596FF78 
 185      FE789385 
 185      D3B1A9
 186 068e D9A5184E 		.ascii	"\331\245\030N\007U\330\313\256\033i\232\"\252Y\014\224"
 186      0755D8CB 
 186      AE1B699A 
 186      22AA590C 
 186      94
 187 069f 9F981A9C 		.ascii	"\237\230\032\234\205\020$\261\313A\342[\225\001N\232"
 187      851024B1 
 187      CB41E25B 
 187      95014E9A 
 188 06af 809D0E40 		.ascii	"\200\235\016@-\007\0347\001{\034\000\036f\345\365&`"
ARM GAS  /tmp/ccmIgRdu.s 			page 14


 188      2D071C37 
 188      017B1C00 
 188      1E66E5F5 
 188      2660
 189 06c1 B70350C7 		.ascii	"\267\003P\307)\234\232\312\242\036cu\007\003\030\013"
 189      299C9ACA 
 189      A21E6375 
 189      0703180B 
 190 06d1 53A3B280 		.ascii	"S\243\262\200\226\201\267M\205\255\030\015G\030\012"
 190      9681B74D 
 190      85AD180D 
 190      47180A
 191 06e0 ED744685 		.ascii	"\355tF\205\243*V{8\241\302I\025\216\253P\257\302)#\231"
 191      A32A567B 
 191      38A1C249 
 191      158EAB50 
 191      AFC22923 
 192 06f5 EC31F91E 		.ascii	"\3541\371\036v\360}C!\025O\361\205\354\304\235\226\257"
 192      76F07D43 
 192      21154FF1 
 192      85ECC49D 
 192      96AF
 193 0707 5B550CA9 		.ascii	"[U\014\251\177J\034j\244\005m_\3624\207\375\201Ob\371"
 193      7F4A1C6A 
 193      A4056D5F 
 193      F23487FD 
 193      814F62F9 
 194 071b 1613B1B4 		.ascii	"\026\023\261\264\343:R\2609\241\265\232uM\2455\353*"
 194      E33A52B0 
 194      39A1B59A 
 194      754DA535 
 194      EB2A
 195 072d AD3E150D 		.ascii	"\255>\025\015S\017\023k\365iT\271^\327U\206S\3105A\261"
 195      530F136B 
 195      F56954B9 
 195      5ED75586 
 195      53C83541 
 196 0742 3B99928A 		.ascii	";\231\222\212U'\225\237u#\007\360,\332\236:\313\244"
 196      5527959F 
 196      752307F0 
 196      2CDA9E3A 
 196      CBA4
 197 0754 1BA7EAC1 		.ascii	"\033\247\352\301\356\333\267U\270#}\373\310\354u\025"
 197      EEDBB755 
 197      B8237DFB 
 197      C8EC7515 
 198 0764 965A7B47 		.ascii	"\226Z{G\232\360.\317.\347k\213\212yczWe\025\274y\335"
 198      9AF02ECF 
 198      2EE76B8B 
 198      8A79637A 
 198      576515BC 
 199 077a D615AD35 		.ascii	"\326\025\2555y\315(\325=~\317\261/\246\007%\315fI\363"
 199      79CD28D5 
 199      3D7ECFB1 
 199      2FA60725 
 199      CD6649F3 
 200 078e 3E95BAB0 		.ascii	">\225\272\260\275B\326\343\270\200\243\240\203B6t\340"
ARM GAS  /tmp/ccmIgRdu.s 			page 15


 200      BD42D6E3 
 200      B880A3A0 
 200      83423674 
 200      E0
 201 079f 72B723E7 		.ascii	"r\267#\347\361\254\340\031\205l\302q\001\307\270\216"
 201      F1ACE019 
 201      856CC271 
 201      01C7B88E 
 202 07af 0A59DC11 		.ascii	"\012Y\334\021)v\235{nQi\254\250\202\226\017]\253O\013"
 202      29769D7B 
 202      6E5169AC 
 202      A882960F 
 202      5DAB4F0B 
 203 07c3 0D177884 		.ascii	"\015\027x\204\271\237\230\274\316\251fuj"
 203      B99F98BC 
 203      CEA96675 
 203      6A
 204 07d0 996940C6 		.ascii	"\231i@\306\022+$\315\341$\227TZ\214\250\205\020\204"
 204      122B24CD 
 204      E1249754 
 204      5A8CA885 
 204      1084
 205 07e2 4EF23181 		.ascii	"N\3621\201\002\002S\011\314$0\201\300$\002\343\010|"
 205      02025309 
 205      CC243081 
 205      C02402E3 
 205      087C
 206 07f4 466006A1 		.ascii	"F`\006\241\261=\235\300\247\004>'0\205\300D\002\223"
 206      B13D9DC0 
 206      A7043E27 
 206      3085C044 
 206      0293
 207 0806 097C4284 		.ascii	"\011|B\204\377\224\2322}g\223\311Z{'\027\212jt_\205"
 207      FF949A32 
 207      7D6793C9 
 207      5A7B2717 
 207      8A6A745F 
 208 081b 1F6CA8EF 		.ascii	"\037l\250\357U\211\032_(\012\315B\025>\262\011\377\330"
 208      55891A5F 
 208      280ACD42 
 208      153EB209 
 208      FFD8
 209 082d D4AFA9A4 		.ascii	"\324\257\251\244P\326\254\0336R\015\322\010\017M#\214"
 209      50D6AC1B 
 209      36520DD2 
 209      080F4D23 
 209      8C
 210 083e 71194184 		.ascii	"q\031A\204\333'\246\330Q7+^\241\313\347\026\35244\256"
 210      DB27A6D8 
 210      51372B5E 
 210      A1CBE716 
 210      EA3434AE 
 211 0852 AB708571 		.ascii	"\253p\205q2\234\262A\012]^l\322i\262Is\323\242\330\243"
 211      329CB241 
 211      0A5D5E6C 
 211      D269B249 
 211      73D3A2D8 
ARM GAS  /tmp/ccmIgRdu.s 			page 16


 212 0867 9942B1CD 		.ascii	"\231B\261\315*\214\266q\253\221\212\025X\024k\261\221"
 212      2A8CB671 
 212      AB918A15 
 212      58146BB1 
 212      91
 213 0878 AAB0B09B 		.ascii	"\252\260\260\233`\262\373\321\355\001\002Shbn\271E\342"
 213      60B2FBD1 
 213      ED010253 
 213      68626EB9 
 213      45E2
 214 088a 069A6442 		.ascii	"\006\232dB\036\270\227\203C&\232\220\207ni\270\310\217"
 214      1EB89783 
 214      43269A90 
 214      876E69B8 
 214      C88F
 215 089c 67CA051B 		.ascii	"g\312\005\033\345\326\213\266\0065\350\326g\250[\253"
 215      E5D68BB6 
 215      0635E8D6 
 215      67A85BAB 
 216 08ac B3965C2D 		.ascii	"\263\226\\-\213\261\207g!\201\331\304\014\3171_\237"
 216      8BB18767 
 216      2181D9C4 
 216      0CCF315F 
 216      9F
 217 08bd F0C9489A 		.ascii	"\360\311H\232-\211\025\241\253\221\273HhZ'\214|\034"
 217      2D8915A1 
 217      AB91BB48 
 217      685A278C 
 217      7C1C
 218 08cf 7B3B51FC 		.ascii	"{;Q\374\226#w\267\305\264\226W\346\021\232W\322h\371"
 218      962377B7 
 218      C5B49657 
 218      E6119A57 
 218      D268F9
 219 08e2 3FB67375 		.ascii	"?\266su2M+\015\"\255\360\3446\2370\220BN \261K\235x"
 219      324D2B0D 
 219      22ADF0E4 
 219      369F3090 
 219      424E20B1 
 220 08f9 2AEB446E 		.ascii	"*\353Dn\343\331\330g\221t\273\037\277\230P\003F\004"
 220      E3D9D867 
 220      9174BB1F 
 220      BF985003 
 220      4604
 221 090b 5291EAEF 		.ascii	"R\221\352\357\257\261\026\221Rb+\"\"\2520)p\017\201"
 221      AFB11691 
 221      52622B22 
 221      22AA3029 
 221      700F81
 222 091e 25844230 		.ascii	"%\204B0\252\312\010|A`9\201e\004\276$\260\202\300R\032"
 222      AACA087C 
 222      41603981 
 222      6504BE24 
 222      B082C052 
 223 0933 37D4B9CE 		.ascii	"7\324\271\316\334\037J\235k>\201\271\304NPT\214\223"
 223      DC1F4A9D 
 223      6B3E81B9 
ARM GAS  /tmp/ccmIgRdu.s 			page 17


 223      C44E5054 
 223      8C93
 224 0945 1CC04B8A 		.ascii	"\034\300K\212\015\260\210\360\202p?K\324\255\205\214"
 224      0DB088F0 
 224      82703F4B 
 224      D4AD858C 
 225 0955 82B56E09 		.ascii	"\202\265n\011W8a\322X\354`\"\012\333i\023\260\300\001"
 225      573861D2 
 225      58EC6022 
 225      0ADB6913 
 225      B0C001
 226 0968 1085EDB8 		.ascii	"\020\205\355\270\0118\354\220\002\313\303\302g\025\262"
 226      0938EC90 
 226      02CBC3C2 
 226      6715B2
 227 0977 0EC73E6A 		.ascii	"\016\307>j\265\247o\356\273s<\301HW\251\254\366\032"
 227      B5A76FEE 
 227      BB733CC1 
 227      4857A9AC 
 227      F61A
 228 0989 115D4460 		.ascii	"\021]D`\026.h\253\376\332\264\331\342\371\253l(\331"
 228      162E68AB 
 228      FEDAB4D9 
 228      E2F9AB6C 
 228      28D9
 229 099b E3EF2A94 		.ascii	"\343\357*\224!Tl\303<\266x\376\026\356\263C`\245\015"
 229      21546CC3 
 229      3CB678FE 
 229      16EEB343 
 229      60A50D
 230 09ae 22A3AC7C 		.ascii	"\"\243\254|w\241\321:\317q\313\303YUZ\304)w\211#R\303"
 230      77A1D13A 
 230      CF71CBC3 
 230      59555AC4 
 230      29778923 
 231 09c4 F1429DD2 		.ascii	"\361B\235\322A\227\277\254R\010O\247ftP\310\316B\235"
 231      4197BFAC 
 231      52084FA7 
 231      667450C8 
 231      CE429D
 232 09d7 2E0FDAAC 		.ascii	".\017\332\254\204Q1\262G\215\3140\"\027_P\341\274\312"
 232      845131B2 
 232      478DCC30 
 232      22175F50 
 232      E1BCCA
 233 09ea 3AB10DCC 		.ascii	":\261\015\314k*\360\233\300Z\002\353\011\254!\360\025"
 233      6B2AF09B 
 233      C05A02EB 
 233      09AC21F0 
 233      15
 234 09fb 81D504D6 		.ascii	"\201\325\004\326\021Et\267\355\371\376\013H#5\273\272"
 234      114574B7 
 234      EDF9FE0B 
 234      482335BB 
 234      BA
 235 0a0c F6C6C372 		.ascii	"\366\306\303r\275\2658\250dq\320\035!\267&=\032\027"
 235      BDB538A8 
ARM GAS  /tmp/ccmIgRdu.s 			page 18


 235      6471D01D 
 235      21B7263D 
 235      1A17
 236 0a1e 6B2DAF86 		.ascii	"k-\257\206\253l!\014\246\2201\277\302\2750\216\3058"
 236      AB6C210C 
 236      A69031BF 
 236      C2BD308E 
 236      C538
 237 0a30 CA706CC2 		.ascii	"\312pl\302Q\203c\037\216\3438\032q\334\307\361\311s"
 237      5183631F 
 237      8EE3381A 
 237      71DCC7F1 
 237      C973
 238 0a42 0A9981A3 		.ascii	"\012\231\201\243\3709d\335\371J\371\346!\316:%\203a"
 238      F83964DD 
 238      F94AF9E6 
 238      21CE3A25 
 238      8361
 239 0a54 13818D48 		.ascii	"\023\201\215H\277\216\300n\246\326I\002{\011\324\023"
 239      BF8EC06E 
 239      A6D64902 
 239      7B09D413 
 240 0a64 3846603F 		.ascii	"8F`?\201\243\004\016\023\330G\340\004\201C\004\016\022"
 240      81A3040E 
 240      13D847E0 
 240      04814304 
 240      0E12
 241 0a76 3840600F 		.ascii	"8@`\017\201\343\004\216\030\305eS\213\341}\3370*\334"
 241      81E3048E 
 241      18C56553 
 241      8BE17DDF 
 241      302ADC
 242 0a89 FB643928 		.ascii	"\373d9(_j\0020,w\023Wo\267\262\305\210\221\032F\300"
 242      5F6A0230 
 242      2C771357 
 242      6FB7B2C5 
 242      88911A46 
 243 0a9e 50DCE212 		.ascii	"P\334\342\022\313M\022;\211\235\204h\2746\232\200j\013"
 243      CB4D123B 
 243      899D8468 
 243      BC369A80 
 243      6A0B
 244 0ab0 805110A1 		.ascii	"\200Q\020\241\272\301Dlu\"D\030\2557\345\330\346\226"
 244      BAC1446C 
 244      75224418 
 244      AD37E5D8 
 244      E696
 245 0ac2 43786F99 		.ascii	"Cxo\231Ie\207C\020dC=\252\262E\243\200-,eX\2100{\210"
 245      49658743 
 245      1064433D 
 245      AAB245A3 
 245      802D2C65 
 246 0adb 805E6112 		.ascii	"\200^a\022\251u\020\021\222|i\002\276u\000\204\030\233"
 246      A9751011 
 246      927C6902 
 246      BE750084 
 246      189B
ARM GAS  /tmp/ccmIgRdu.s 			page 19


 247 0aed 4D4095D3 		.ascii	"M@\225\323\346\334\246\313L]v\331\304\260\244\225u&"
 247      E6DCA6CB 
 247      4C5D76D9 
 247      C4B0A495 
 247      7526
 248 0aff 64BB5B5D 		.ascii	"d\273[]\201)m\261d\226\335\216\314\262\036}l/\365\261"
 248      81296DB1 
 248      6496DD8E 
 248      CCB21E7D 
 248      6C2FF5B1 
 249 0b13 4EC587D6 		.ascii	"N\305\207\326\235Q-\017\006X#4\261\310(N\2470\366ZI"
 249      9D512D0F 
 249      06582334 
 249      B1C8284E 
 249      A730F65A 
 250 0b28 18E58526 		.ascii	"\030\345\205&\342\254jET\313\000-*b1\214=\357v\006\341"
 250      E2AC6A45 
 250      54CB002D 
 250      2A62318C 
 250      3DEF7606 
 251 0b3d 7DB38008 		.ascii	"}\263\200\010c\224\232d*md\326\313|\261\254H\246\246"
 251      63949A64 
 251      2A6D64D6 
 251      CB7CB1AC 
 251      48A6A6
 252 0b50 0D6E108F 		.ascii	"\015n\020\217\364\246IEk\343\243\237v\247\212nf\"\363"
 252      F4A64945 
 252      6BE3A39F 
 252      76A78A6E 
 252      6622F3
 253 0b63 E8B02615 		.ascii	"\350\260&\025\221\015\326\252\260Fe\305\361\022\013"
 253      910DD6AA 
 253      B04665C5 
 253      F1120B
 254 0b72 9B33042E 		.ascii	"\2333\004.b\232!p\226\3009\002W\0104\0208O\340\002\201"
 254      629A2170 
 254      96C03902 
 254      57083410 
 254      384FE002 
 255 0b87 EF30AB18 		.ascii	"\3570\253\030\365d\026\327\0063\310E&\004O*\266\336"
 255      F56416D7 
 255      0633C845 
 255      26044F2A 
 255      B6DE
 256 0b99 F04B5399 		.ascii	"\360KS\231u69\277\226\312\3145\224\301\014Ye\003m\261"
 256      753639BF 
 256      96CACC35 
 256      94C10C59 
 256      65036DB1 
 257 0bad 64ECE545 		.ascii	"d\354\345E2E\236&.R\002Ul\241\365\215\233\026\256\362"
 257      32459E26 
 257      2E520255 
 257      6CA1F58D 
 257      9B16AEF2 
 258 0bc1 55BAC2EA 		.ascii	"U\272\302\352\354\222\375\307\023R]\006\270\3727\030"
 258      EC92FDC7 
 258      13525D06 
ARM GAS  /tmp/ccmIgRdu.s 			page 20


 258      B8FA3718 
 259 0bd1 80E5C5AE 		.ascii	"\200\345\305\256</\252\244\005\235g\362\363\012)\177"
 259      3C2FAAA4 
 259      059D67F2 
 259      F30A297F 
 260 0be1 BEB58788 		.ascii	"\276\265\207\210G\357\336\036\317\317k\000\276'\244"
 260      47EFDE1E 
 260      CFCF6B00 
 260      BE27A4
 261 0bf0 86A1F6D4 		.ascii	"\206\241\366\324o^\222\350\330=\020\270#\333\223y\245"
 261      6F5E92E8 
 261      D83D10B8 
 261      23DB9379 
 261      A5
 262 0c01 0B965A9E 		.ascii	"\013\226Z\236+\336\221\332\334%|\353<\355\354\204X\276"
 262      2BDE91DA 
 262      DC257CEB 
 262      3CEDEC84 
 262      58BE
 263 0c13 7B20F003 		.ascii	"{ \360\003\301\231\312\255\223\227&\265\366\000\260"
 263      C199CAAD 
 263      939726B5 
 263      F600B0
 264 0c22 19D3E23D 		.ascii	"\031\323\342=~\327\2421\227\312,\233\222fI\366>\315"
 264      7ED7A231 
 264      97CA2C9B 
 264      926649F6 
 264      3ECD
 265 0c34 CBF5A8C6 		.ascii	"\313\365\250\306]\034\343^\300\374\214c-\216\0038.\277"
 265      5D1CE35E 
 265      C0FC8C63 
 265      2D8E0338 
 265      2EBF
 266 0c46 406FAE5E 		.ascii	"@o\256^\277\363\024\030,\251n\267>\332T\257\265\306"
 266      BFF31418 
 266      2CA96EB7 
 266      3EDA54AF 
 266      B5C6
 267 0c58 7114DAF5 		.ascii	"q\024\332\365#\215?\307\334T]\032'9\216\322L\216\243"
 267      238D3FC7 
 267      DC545D1A 
 267      27398ED2 
 267      4C8EA3
 268 0c6b 19A0FDA8 		.ascii	"\031\240\375\250\3035W\023\314pc\375\317\267\226\005"
 268      C3355713 
 268      CC7063FD 
 268      CFB79605 
 269 0c7b 6F21F0B1 		.ascii	"o!\360\261\006\255\264\346\273\213\314\007EM6\214\265"
 269      06ADB4E6 
 269      BB8BCC07 
 269      454D368C 
 269      B5
 270 0c8c D8EFB250 		.ascii	"\330\357\262Pz\340\246d\213\204\033\004\256\023\266"
 270      7AE0A664 
 270      8B841B04 
 270      AE13B6
 271 0c9b 0E084347 		.ascii	"\016\010CG\370D\203O5(\320`\202\006c4\030\247\301D\015"
ARM GAS  /tmp/ccmIgRdu.s 			page 21


 271      F844834F 
 271      3528D060 
 271      82066334 
 271      18A7C144 
 272 0cb0 C66A305E 		.ascii	"\306j0^\343\345\242\351X\221\330g\214\326 \252Y\211"
 272      E3E5A2E9 
 272      5891D867 
 272      8CD620AA 
 272      5989
 273 0cc2 5BBAD64A 		.ascii	"[\272\326JC\0024\317c\233\0042{l)2\236\361=r!Df\330"
 273      430234CF 
 273      639B0432 
 273      7B6C2932 
 273      9EF13D72 
 274 0cda 69421EDA 		.ascii	"iB\036\332 \226\214\336Tg\310s\237\300-\267I\270<\265"
 274      20968CDE 
 274      5467C873 
 274      9FC02DB7 
 274      49B83CB5 
 275 0cee 16797E74 		.ascii	"\026y~t\223\3020\031\365\"]\267\257Z6\024%\247\272\254"
 275      93C23019 
 275      F5225DB7 
 275      AF5A3614 
 275      25A7BAAC 
 276 0d02 3349FB39 		.ascii	"3I\3739\326!\223_\024\017\252\370\233\226hG\262\204"
 276      D621935F 
 276      140FAAF8 
 276      9B966847 
 276      B284
 277 0d14 512D59BE 		.ascii	"Q-Y\276w\271\345\201\317F\371\000\372s\356.\237N\271"
 277      77B9E581 
 277      CF46F900 
 277      FA73EE2E 
 277      9F4EB9
 278 0d27 358FFBD8 		.ascii	"5\217\373\330\347\032\177\010\277\257\344j2\233\300"
 278      E71A7F08 
 278      BFAFE46A 
 278      329BC0
 279 0d36 B67FBA86 		.ascii	"\266\177\272\2063\273\246\217+K2^R\314\2403\321\357"
 279      33BBA68F 
 279      2B4B325E 
 279      52CCA033 
 279      D1EF
 280 0d48 F77DAB19 		.ascii	"\367}\253\03133\351\314\341k'\032<\306\314,:s\365\361"
 280      3333E9CC 
 280      E16B271A 
 280      3CC6CC2C 
 280      3A73F5F1 
 281 0d5c 8CBD09C6 		.ascii	"\214\275\011\306L!\235\271;m\346\275V\037\230\027\241"
 281      4C219DB9 
 281      3B6DE6BD 
 281      561F9817 
 281      A1
 282 0d6d BAB3B938 		.ascii	"\272\263\2718\217\017O}\250Ky\213\244\265\3460\300\277"
 282      8F0F4F7D 
 282      A84B798B 
 282      A4B5E630 
ARM GAS  /tmp/ccmIgRdu.s 			page 22


 282      C0BF
 283 0d7f 56D7CF5F 		.ascii	"V\327\317_\242vu},m\012\253\307\025F*\\\241\302JI\344"
 283      A276757D 
 283      2C6D0AAB 
 283      C715462A 
 283      5CA1C24A 
 284 0d95 4B992DCF 		.ascii	"K\231-\317\230\220\303`\205\354\223\217\202w\232\220"
 284      9890C360 
 284      85EC938F 
 284      82779A90 
 285 0da5 79362A45 		.ascii	"y6*E\222J\275\0119e\243rRn\217\313W\232\230r\033\231"
 285      924ABD09 
 285      3965A372 
 285      526E8FCB 
 285      579A9872 
 286 0dbb 3249E6B4 		.ascii	"2I\346\264\0119j#s\304B\346\204\2119a\303\034\227\002"
 286      09396A23 
 286      73C442E6 
 286      84893961 
 286      C31C9702 
 287 0dcf 9F3421F5 		.ascii	"\2374!\365n\210p\332\206\012\341\264\207\000\366\273"
 287      6E8870DA 
 287      860AE1B4 
 287      8700F6BB 
 288 0ddf 3517A8B2 		.ascii	"5\027\250\262\012\271\367[m\223z\225%\0006V\310h_fC"
 288      0AB9F75B 
 288      6D937A95 
 288      25003656 
 288      C8685F66 
 289 0df4 954ADDF6 		.ascii	"\225J\335\366\232B\235\263\261;#\237TWZ\270-\261\321"
 289      9A429DB3 
 289      B13B239F 
 289      54575AB8 
 289      2DB1D1
 290 0e07 596C29D6 		.ascii	"Yl)\326\3538!\304\254t\333Q\324\341\025\025X\207\221"
 290      EB3821C4 
 290      AC74DB51 
 290      D4E11515 
 290      588791
 291 0e1a D035ECAB 		.ascii	"\3205\354\253\031\210W\033\333.\273i\267\301n.\356\023"
 291      1988571B 
 291      DB2EBB69 
 291      B7C16E2E 
 291      EE13
 292 0e2c DC2B2BD8 		.ascii	"\334++\330\325\232\354\026\3300\363-\224\032-\006\330"
 292      D59AEC16 
 292      D830F32D 
 292      941A2D06 
 292      D8
 293 0e3d 6BD36E0F 		.ascii	"k\323n\017\030\215\210\210\347i\032L\305\237)\032Ea"
 293      188D8888 
 293      E7691A4C 
 293      C59F291A 
 293      4561
 294 0e4f 3C7FA5C1 		.ascii	"<\177\245\301\227\032,\321`\276\006\3134(\326`\275\006"
 294      971A2CD1 
 294      60BE06CB 
ARM GAS  /tmp/ccmIgRdu.s 			page 23


 294      3428D660 
 294      BD06
 295 0e61 5F6850AE 		.ascii	"_hP\256\301:\015\226jP\241\301\012\015\346j\260\\\203"
 295      C13A0D96 
 295      6A50A1C1 
 295      0A0DE66A 
 295      B05C83
 296 0e74 351A94A2 		.ascii	"5\032\224\242.\032\254\322`\236\006\0135X\244\301j\015"
 296      2E1AACD2 
 296      609E060B 
 296      3558A4C1 
 296      6A0D
 297 0e86 166850A2 		.ascii	"\026hP\242\301b\015\312\220\246\221&7Y\254\271\324\275"
 297      C1620DCA 
 297      90A69126 
 297      3759ACB9 
 297      D4BD
 298 0e98 2A42F4E3 		.ascii	"*B\364\343\026\321O\273}\227\257\335)s\355\216\271\375"
 298      16D14FBB 
 298      7D97AFDD 
 298      2973ED8E 
 298      B9FD
 299 0eaa 52E45213 		.ascii	"R\344R\023\262\310m&f\200\246=\025\353\331\242\314\306"
 299      B2C86D26 
 299      6680A63D 
 299      15EBD9A2 
 299      CCC6
 300 0ebc 2E819131 		.ascii	".\201\2211\236\352\237\227.p\314\"\316Y\267\237\210"
 300      9EEA9F97 
 300      2E70CC22 
 300      CE59B79F 
 300      88
 301 0ecd 7DD9F20A 		.ascii	"}\331\362\012\326\005M\326\340&\241\030\236$\255;\311"
 301      D6054DD6 
 301      E026A118 
 301      9E24AD3B 
 301      C9
 302 0ede 2B867BCF 		.ascii	"+\206{\317\321\3403\315\265\"\306\236\324\302\355\013"
 302      D1E033CD 
 302      B522C69E 
 302      D4C2ED0B 
 303 0eee B7C37152 		.ascii	"\267\303qR\033,v\\\356N#\364\371\307a\226d\227\3265"
 303      1B2C765C 
 303      EE4E23F4 
 303      F9C76196 
 303      6497D635 
 304 0f02 EE4D4A75 		.ascii	"\356MJu-\365\206\277\357R\323\344]\\cy\237\262Q\012"
 304      2DF586BF 
 304      EF52D3E4 
 304      5D5C6379 
 304      9FB2510A 
 305 0f16 B88967D3 		.ascii	"\270\211g\323\013\323\226W&\275|\214\276\242\276wpm"
 305      0BD39657 
 305      26BD7C8C 
 305      BEA2BE77 
 305      706D
 306 0f28 D7ADA3E7 		.ascii	"\327\255\243\347\275\203\227`7}\353ibw\033\257U\252"
ARM GAS  /tmp/ccmIgRdu.s 			page 24


 306      BD839760 
 306      377DEB69 
 306      62771BAF 
 306      55AA
 307 0f3a F87B8668 		.ascii	"\370{\206h\014Y\360\022\266\"8*q\034\303q\003\307\230"
 307      0C59F012 
 307      B622382A 
 307      711CC371 
 307      03C798
 308 0f4d CE0A29C2 		.ascii	"\316\012)\302\261\2463RN\276\370\250\344>\221\217\341"
 308      B1A63352 
 308      4EBEF8A8 
 308      E43E918F 
 308      E1
 309 0f5e 9BBF5A32 		.ascii	"\233\277Z2\361Xl\331\272h\364\223N\264Q\256A&\255\024"
 309      F1586CD9 
 309      BA68F493 
 309      4EB451AE 
 309      4126AD14 
 310 0f72 DEA69B0B 		.ascii	"\336\246\233\013'$\225G\011\333J1\210e+\305w\0377\266"
 310      27249547 
 310      09DB4A31 
 310      88652BC5 
 310      771F37B6 
 311 0f86 8E8BB6FB 		.ascii	"\216\213\266\373(\221\"\2669\021\334\341\256\217\376"
 311      289122B6 
 311      3911DCE1 
 311      AE8FFE
 312 0f95 38DA6E4C 		.ascii	"8\332nL\"]\272\355.6\""
 312      225DBAED 
 312      2E3622
 313 0fa0 76EF4B2A 		.ascii	"v\357K*\3378\251,\"\226\250\024\017\323w0\020\032\245"
 313      DF38A92C 
 313      2296A814 
 313      0FD37730 
 313      101AA5
 314 0fb3 56835D1A 		.ascii	"V\203]\032|\253\301N\015\366hP'b\252\274Y\022\254v\022"
 314      7CABC14E 
 314      0DF66850 
 314      2762AABC 
 314      5912AC76 
 315 0fc8 AC66FFC4 		.ascii	"\254f\377\304\260ly}c\274|w\205\220-\032\177e\267W\023"
 315      B06C797D 
 315      63BC7C77 
 315      85902D1A 
 315      7F65B757 
 316 0fdd 0FB9E7FD 		.ascii	"\017\271\347\375\032\233V\034;~-\036\257'\222\023\277"
 316      1A9B561C 
 316      3B7E2D1E 
 316      AF279213 
 316      BF
 317 0fee A6F79E18 		.ascii	"\246\367\236\030\273j\222\375\331\266\002\2075\336\233"
 317      BB6A92FD 
 317      D9B60287 
 317      35DE9B
 318 0ffd 92CB0C   		.ascii	"\222\313\014"
 319 1000 B273E5BC 		.ascii	"\262s\345\274jG\003{D3A\010\030_wt\231\245\201=*\355"
ARM GAS  /tmp/ccmIgRdu.s 			page 25


 319      6A47037B 
 319      44334108 
 319      185F7774 
 319      99A5813D 
 320 1016 728C3983 		.ascii	"r\2149\203\347\332\264\257\026\305\263BIc\262`q\377"
 320      E7DAB4AF 
 320      16C5B342 
 320      4963B260 
 320      71FF
 321 1028 291FE18E 		.ascii	")\037\341\216]\203}\032\324Ka]\373\225\203\032M\371"
 321      5D837D1A 
 321      D44B615D 
 321      FB95831A 
 321      4DF9
 322 103a 7080A1D0 		.ascii	"p\200\241\320B'48\256\301I\015N\031\371f\302\366I\311"
 322      42273438 
 322      AEC1490D 
 322      4E19F966 
 322      C2F649C9 
 323 104e 941636A9 		.ascii	"\224\0266\251\373\031\312\365P\272i\226\311\255\312"
 323      FB19CAF5 
 323      50BA6996 
 323      C9ADCA
 324 105d C6ADC112 		.ascii	"\306\255\301\022\223\263\005\231c\032\034\262\221\251"
 324      93B30599 
 324      631A1CB2 
 324      91A9
 325 106b D444B435 		.ascii	"\324D\26453Kl\251XxJOu\011x\272u\001\351\023\224Q\365"
 325      334B6CA9 
 325      58784A4F 
 325      750978BA 
 325      7501E913 
 326 1082 4516CB9C 		.ascii	"E\026\313\234\221\224\317j\302\365\317\352\374\305\234"
 326      9194CF6A 
 326      C2F5CFEA 
 326      FCC59C
 327 1091 4EC67651 		.ascii	"N\306vQHq\027z\333\265\355\215uI\356\377J\271\250Y\376"
 327      4871177A 
 327      DBB5ED8D 
 327      7549EEFF 
 327      4AB9A859 
 328 10a6 A38A2CE9 		.ascii	"\243\212,\351\"\336\341\351d\025\336\271Y\234\326\352"
 328      22DEE1E9 
 328      6415DEB9 
 328      599CD6EA 
 329 10b6 A49A11F9 		.ascii	"\244\232\021\371zAK\215'\016\2114\214?\213\313&\334"
 329      7A414B8D 
 329      270E8934 
 329      8C3F8BCB 
 329      26DC
 330 10c8 E69A66BE 		.ascii	"\346\232f\276\233'u\0147\177\372\354fp\340\340\272f"
 330      9B27750C 
 330      377FFAEC 
 330      6670E0E0 
 330      BA66
 331 10da 45F2D77D 		.ascii	"E\362\327}:\217QB\316\011V\011\364_\023\016\037\274"
 331      3A8F5142 
ARM GAS  /tmp/ccmIgRdu.s 			page 26


 331      CE095609 
 331      F45F130E 
 331      1FBC
 332 10ec D8EA33A2 		.ascii	"\330\3523\242\0374\372\214\350{\332}\355\371\354p\213"
 332      1F34FA8C 
 332      E87BDA7D 
 332      EDF9EC70 
 332      8B
 333 10fd 2AFDF392 		.ascii	"*\375\363\222\006M\032\177f|[c@\205|\307D\031W\365\335"
 333      064D1A7F 
 333      667C5B63 
 333      40857CC7 
 333      441957F5 
 334 1112 BE38CFD9 		.ascii	"\2768\317\331'\352\315\337\022\352\344\326\023\224\274"
 334      27EACDDF 
 334      12EAE4D6 
 334      1394BC
 335 1121 6F51F21E 		.ascii	"oQ\362\036\303M\237}d\177r\334Y\273\222\0174\033r\374"
 335      C34D9F7D 
 335      647F72DC 
 335      59BB920F 
 335      341B72FC 
 336 1135 6FDAA6F8 		.ascii	"o\332\246\370\243\005W\300p\263\033\227\316\215w\232"
 336      A30557C0 
 336      70B31B97 
 336      CE8D779A 
 337 1145 ED916645 		.ascii	"\355\221fEr{\265'\305\277Q\310\"\034\34586\342\330\206"
 337      727BB527 
 337      C5BF51C8 
 337      221CE538 
 337      36E2D886 
 338 1159 630F2352 		.ascii	"c\017#RWSP\013\316\177\240\030\247\333\377\201\342\366"
 338      5753500B 
 338      CE7FA018 
 338      A7DBFF81 
 338      E2F6
 339 116b B6458B12 		.ascii	"\266E\213\022\244\023}\254\2336\036\257\243\351\216"
 339      A4137DAC 
 339      9B361EAF 
 339      A3E98E
 340 117a 20B5B338 		.ascii	" \265\2638\256\343\270\313\250\336\033WZ\222\340~\273"
 340      AEE3B8CB 
 340      A8DE1B57 
 340      5A92E07E 
 340      BB
 341 118b 3951B7BE 		.ascii	"9Q\267\276\335|\214\360\361]\0252\015\307|\034Kp\254"
 341      DD7C8CF0 
 341      F15D1532 
 341      0DC77C1C 
 341      4B70AC
 342 119e C4B1B6AB 		.ascii	"\304\261\266\253\310\020*Y\337\225>\212\273q\357\350"
 342      C8102A59 
 342      DF953E8A 
 342      BB71EFE8 
 343 11ae 875D1D6F 		.ascii	"\207]\035o\215h\336\235sy\342\276\204\022\236w\307\353"
 343      8D68DE9D 
 343      7379E2BE 
ARM GAS  /tmp/ccmIgRdu.s 			page 27


 343      84129E77 
 343      C7EB
 344 11c0 305687D9 		.ascii	"0V\207\331R2\313\263\323\246\245\213?f\231\027\005\237"
 344      5232CBB3 
 344      D3A6A58B 
 344      3F669917 
 344      059F
 345 11d2 C640AE67 		.ascii	"\306@\256g\305\353\267\363\024\207\210\251\016\204-"
 345      C5EBB7F3 
 345      148788A9 
 345      0E842D
 346 11e1 654ED7F9 		.ascii	"eN\327\371{\004D\240\036\213u\230\247\243[B\241\016"
 346      7B0444A0 
 346      1E8B7598 
 346      A7A35B42 
 346      A10E
 347 11f3 C53ACCD1 		.ascii	"\305:\314\321\241H\207\271:,\321a\276\0163uX\250C\211"
 347      A14887B9 
 347      3A2CD161 
 347      BE0E3375 
 347      58A84389 
 348 1207 0E8B7458 		.ascii	"\016\213tX\240\213\\\272\353\0222\032\225\010\005:L"
 348      A08B5CBA 
 348      EB12321A 
 348      9508053A 
 348      4C
 349 1218 628C5A79 		.ascii	"b\214ZyjW+1\223m\030\313\243\256MR\340)\016\201E\031"
 349      6A572B31 
 349      936D18CB 
 349      A3AE4D52 
 349      E0290E81 
 350 122e B8369697 		.ascii	"\2706\226\227\012t\366\3216\313X\337\247\354\221\254"
 350      0A74F6D1 
 350      36CB58DF 
 350      A7EC91AC 
 351 123e 26B8C511 		.ascii	"&\270\305\021\306)\221\274>s\360\342u\353\224d\365\211"
 351      C62991BC 
 351      3E73F0E2 
 351      75EB9464 
 351      F589
 352 1250 7B11B852 		.ascii	"{\021\270R\005;L\"3,D\254/\200\256H2c\334\022s2\023"
 352      053B4C22 
 352      332C44AC 
 352      2F80AE48 
 352      3263DC12 
 353 1267 3E3631A3 		.ascii	">61\243l\030\271\013./\222\362~\356\220\227\003\216"
 353      6C18B90B 
 353      2E2F92F2 
 353      7EEE9097 
 353      038E
 354 1279 4BC0A716 		.ascii	"K\300\247\026\200\371f'\3722\333\216M\233\272 &\325"
 354      80F96627 
 354      FA32DB8E 
 354      4D9BBA20 
 354      26D5
 355 128b B9F6F085 		.ascii	"\271\366\360\205\376\313V\037)>\270WU\222\"\323P\251"
 355      FECB561F 
ARM GAS  /tmp/ccmIgRdu.s 			page 28


 355      293EB857 
 355      559222D3 
 355      50A9
 356 129d 0E519DB7 		.ascii	"\016Q\235\267xKuQ&'\275\254\220\317\031\373\211\247"
 356      784B7551 
 356      2627BDAC 
 356      90CF19FB 
 356      89A7
 357 12af CF3D48A1 		.ascii	"\317=H\241\251\250\315\310d\211(\211\305J\003\026X\274"
 357      A9A8CDC8 
 357      64892889 
 357      C54A0316 
 357      58BC
 358 12c1 73318E4A 		.ascii	"s1\216J\034\007p\\\301q\007\307\270W\0242\025\307\034"
 358      1C07705C 
 358      C17107C7 
 358      B8571432 
 358      15C71C
 359 12d4 1C8B702C 		.ascii	"\034\213p,\303\261\026\307V\034\373_AN\317?\334\261"
 359      C3B116C7 
 359      561CFB5F 
 359      414ECF3F 
 359      DCB1
 360 12e6 E562BC7D 		.ascii	"\345b\274};I\243\246\340\3228#j6\351\260\303i%j\310"
 360      3B49A3A6 
 360      E0D23823 
 360      6A36E9B0 
 360      C369256A 
 361 12fb 96ADA621 		.ascii	"\226\255\246!W9!\302y\352%d\235\005by\327sS\"*\234D"
 361      573921C2 
 361      79EA2564 
 361      9D056279 
 361      D7735322 
 362 1312 C42E4A22 		.ascii	"\304.J\"\326;h\010.\023\344\212\226;i\0106[$\221\215"
 362      D63B6808 
 362      2E13E48A 
 362      963B6908 
 362      365B2491 
 363 1327 0E229CCB 		.ascii	"\016\"\234\313.\011\330\340\000p7\277*\001k\035\000"
 363      2E09D8E0 
 363      007037BF 
 363      2A016B1D 
 363      00
 364 1338 1195A725 		.ascii	"\021\225\247%\342k\007B\366\025\230\010\313tX\201>A"
 364      E26B0742 
 364      F6159808 
 364      CB745881 
 364      3E41
 365 134a 11B8985B 		.ascii	"\021\270\230[u\330\246\3037:l\321\241F\207\235:l\327"
 365      75D8A6C3 
 365      373A6CD1 
 365      A146879D 
 365      3A6CD7
 366 135d B18A4295 		.ascii	"\261\212B\225\016\337\352P\211A\251\303f#\201\\\227"
 366      0EDFEA50 
 366      8941A9C3 
 366      6623815C 
ARM GAS  /tmp/ccmIgRdu.s 			page 29


 366      97
 367 136e 2CD63858 		.ascii	",\3268X\210'\366\015\022\361\225\003!\236\372\337\227"
 367      8827F60D 
 367      12F19503 
 367      219EFADF 
 367      97
 368 137f 88D54E6B 		.ascii	"\210\325Nk\275\251\220F\352\025\352\217\2736\2577\377"
 368      BDA99046 
 368      EA15EA8F 
 368      BB36AF37 
 368      FF
 369 1390 E7C99419 		.ascii	"\347\311\224\031v\351\177\253\324\344\376+m\365y{t\321"
 369      76E97FAB 
 369      D4E4FE2B 
 369      6DF5797B 
 369      74D1
 370 13a2 E78D7A95 		.ascii	"\347\215z\225BN\3369;&\305\336\347\355\325M\020\002"
 370      424EDE39 
 370      3B26C5DE 
 370      E7EDD54D 
 370      1002
 371 13b4 16942D2D 		.ascii	"\026\224--\323d!\332'\303\177\277.\272\231\213\274I"
 371      D36421DA 
 371      27C37FBF 
 371      2EBA998B 
 371      BC49
 372 13c6 98F73A99 		.ascii	"\230\367:\231Div\336\267\266`\261\247\215\0279\264\201"
 372      446976DE 
 372      B7B660B1 
 372      A78D1739 
 372      B481
 373 13d8 D2E1005D 		.ascii	"\322\341\000]\211\303L\247\223:\234\327\241^\207\243"
 373      89C34CA7 
 373      933A9CD7 
 373      A15E87A3 
 374 13e8 3A1282E3 		.ascii	":\022\202\343:6GpD\207s:\234\322\261C\2023:\\\320\341"
 374      3A364770 
 374      4487733A 
 374      9CD2B143 
 374      82333A5C 
 375 13fe B40E27A8 		.ascii	"\264\016'\250f\347\260\010\035{\200\315\377F^\204\356"
 375      66E7B008 
 375      1D7B80CD 
 375      FF465E84 
 375      EE
 376 140f 6A7047A3 		.ascii	"jpG\243\244\314\327\322\232\321\005\226\237Y\030e\211"
 376      A4CCD7D2 
 376      9AD10596 
 376      9F591865 
 376      89
 377 1420 6BA90ECB 		.ascii	"k\251\016\313t\2121B\337\372\222\357\346h3\2735\332"
 377      748A3142 
 377      DFFA92EF 
 377      E66833BB 
 377      35DA
 378 1432 087DA799 		.ascii	"\010}\247\231nzE,\336c\015\0362\014_\274{\242Q<G\363"
 378      6E7A452C 
ARM GAS  /tmp/ccmIgRdu.s 			page 30


 378      DE630D1E 
 378      320C5FBC 
 378      7BA2513C 
 379 1448 9B802CD7 		.ascii	"\233\200,\327\341K]B\344{\216\246\361c'\263~s\010\034"
 379      E14B5D42 
 379      E47B8EA6 
 379      F16327B3 
 379      7E73081C 
 380 145c D2AD7CCE 		.ascii	"\322\255|\316I>{\205,\373u\330m\303\310\035\315\215"
 380      493E7B85 
 380      2CFB75D8 
 380      6DC3C81D 
 380      CD8D
 381 146e 0B935886 		.ascii	"\013\223X\206\270\241\301U\213(W4Yz\037\215\376\230"
 381      B8A1C155 
 381      8B285734 
 381      597A1F8D 
 381      FE98
 382 1480 31428D2E 		.ascii	"1B\215.\3304:o\0015_\230d\200\032\334j\013\245\214\350"
 382      D8343A6F 
 382      01355F98 
 382      64801ADC 
 382      6A0BA58C 
 383 1495 6BD1A0D9 		.ascii	"k\321\240\331\251w\035\177\211t]\330\370\266\006\267"
 383      A9771D7F 
 383      89745DD8 
 383      F8B606B7 
 384 14a5 18C4E8F2 		.ascii	"\030\304\350\362njr\033}\214\202\220N\235\016+\231^"
 384      6E6A721B 
 384      7D8C8290 
 384      4E9D0E2B 
 384      995E
 385 14b7 4630CADA 		.ascii	"F0\312\332\331\324\"\245\276\354\226\232\267\365\015"
 385      D9D422A5 
 385      BEEC969A 
 385      B7F50D
 386 14c6 17585B8F 		.ascii	"\027X[\217\353\371\221m=\215\347M\350\256\253\036\227"
 386      EBF9916D 
 386      3D8DE74D 
 386      E8AEAB1E 
 386      97
 387 14d7 EE21A94E 		.ascii	"\356!\251Ngc{\227_\342n\364\037\201\2567\314\267tb\227"
 387      67637B97 
 387      5FE26EF4 
 387      1F81AE37 
 387      CCB77462 
 388 14ec A4649775 		.ascii	"\244d\227u\006\330[7\353B\222\345\237\334d\277\377\035"
 388      06D85B37 
 388      EB4292E5 
 388      9FDC64BF 
 388      FF1D
 389 14fe 07CCF8A1 		.ascii	"\007\314\370\241\266\301\362Pt\262\0044p\300\230IcO"
 389      B6C1F250 
 389      74B20434 
 389      70C09849 
 389      634F
 390 1510 C748C02E 		.ascii	"\307H\300.\271Yn\244B\374\345\365\327\323\302\376ai"
ARM GAS  /tmp/ccmIgRdu.s 			page 31


 390      B9596EA4 
 390      42FCE5F5 
 390      D7D3C2FE 
 390      6169
 391 1522 E148F69B 		.ascii	"\341H\366\233=\322\006\016z\367\315\036\336\301\003"
 391      3DD2060E 
 391      7AF7CD1E 
 391      DEC103
 392 1531 FFF85FDE 		.ascii	"\377\370_\336~\301\364\220/42-#7;;7'-?\234>\302\313"
 392      7EC1F490 
 392      2F34322D 
 392      23373B3B 
 392      37272D3F 
 393 1549 405E7FE0 		.ascii	"@^\177\340\303`F\300\233\221\233\023\011\345fe\005B"
 393      C36046C0 
 393      9B919B13 
 393      09E56665 
 393      0542
 394 155b E1B4FC11 		.ascii	"\341\264\374\021^\177\206_\\\317\317\011\346\004#A_"
 394      5E7F865F 
 394      5CCFCF09 
 394      E6042341 
 394      5F
 395 156c 56F07F03 		.ascii	"V\360\177\003\257g\304\375\251\377\340\316\275\336\370"
 395      AF67C4FD 
 395      A9FFE0CE 
 395      BDDEF8
 396 157b 67451FDC 		.ascii	"gE\037\334\357\275\376\177j\357\013e\177\370\207\327"
 396      EFBDFE7F 
 396      6AEF0B65 
 396      7FF887D7 
 397 158b B25FCFF6 		.ascii	"\262_\317\366\005s~\347\017\347\375.3OI\310\310\015"
 397      05737EE7 
 397      0FE7FD2E 
 397      334F49C8 
 397      C80D
 398 159d 4502235E 		.ascii	"E\002#^\313~\363M\345W\3366\211i\203\373\366\037\364"
 398      CB7EF34D 
 398      E557DE36 
 398      896983FB 
 398      F61FF4
 399 15b0 CF69D939 		.ascii	"\317i\3319\221\264\214\264Hv^\232?\230\227\225\233="
 399      91B48CB4 
 399      48765E9A 
 399      3F989795 
 399      9B3D
 400 15c2 CC978682 		.ascii	"\314\227\206\202\344\0053\272\277\361\032\273)\377\037"
 400      E40533BA 
 400      BFF11ABB 
 400      29FF1F
 401 15d1 5F43715F 		.ascii	"_Cq_C9\207\005#\257e\016O\363\345\345)\276\277\267\242"
 401      43398705 
 401      23AF650E 
 401      4FF3E5E5 
 401      29BEBFB7 
 402 15e6 4A472A79 		.ascii	"JG*y~$\230\025\214\214\364f\007\262sC#\275\231\241@"
 402      7E249815 
ARM GAS  /tmp/ccmIgRdu.s 			page 32


 402      8C8CF466 
 402      07B27343 
 402      23BD99A1 
 403 15fb E0DF7F26 		.ascii	"\340\337\177&g4B -\230\223\221&\311\274>TiG\251\206"
 403      67344220 
 403      2D989391 
 403      26C9BC3E 
 403      546947A9 
 404 1610 47862381 		.ascii	"G\206#\201lo8\313\367a\340e\307\271!\346\207\201\034"
 404      6C6F38CB 
 404      F761E065 
 404      C7B921E6 
 404      87811C
 405 1623 7F6EC81B 		.ascii	"\177n\310\033\012\3745?\020\216\274\344De\014\365\345"
 405      0AFC353F 
 405      108EBCE4 
 405      44650CF5 
 405      E5
 406 1634 0C097833 		.ascii	"\014\011x3\363s2\"\301\334\034\327uA\305\237\231\357"
 406      F3733222 
 406      C1DC1CD7 
 406      7541C59F 
 406      99EF
 407 1646 CDCEF507 		.ascii	"\315\316\365\007\272=\341z8\342\213\004\274\331\276"
 407      BA3DE17A 
 407      38E28B04 
 407      BCD9BE
 408 1655 8CA1C19C 		.ascii	"\214\241\301\234'\002#!_N83\020\362\206\321B\277}\002"
 408      27022321 
 408      5F4E3833 
 408      10F286D1 
 408      42BF7D02 
 409 1669 D01F8820 		.ascii	"\320\037\210 5o$\230\035\310\315\217\274\372\004d\206"
 409      356F2498 
 409      1DC8CD8F 
 409      BCFA0464 
 409      86
 410 167a 2FCF974E 		.ascii	"/\317\227Nm\023\014\204]\226\010\241\321Q\262\341\276"
 410      6D130C84 
 410      5D9608A1 
 410      D151B2E1 
 410      BE
 411 168b 6181FC3C 		.ascii	"a\201\374<o \307\227\236\025\360\273\004\264\243L\202"
 411      6F20C797 
 411      9E15F0BB 
 411      04B4A34C 
 411      82
 412 169c 239F7302 		.ascii	"#\237s\002\363r\207S\331\251\266\035\234\327\302y\201"
 412      F3728753 
 412      D9A9B61D 
 412      9CD7C279 
 412      81
 413 16ad 80DF2540 		.ascii	"\200\337%@0'\022\010e\372\250\323d\371\302a\257/\024"
 413      30271208 
 413      65FAA8D3 
 413      64F9C261 
 413      AF2F14
ARM GAS  /tmp/ccmIgRdu.s 			page 33


 414 16c0 F28DFC0D 		.ascii	"\362\215\374\015E\3615`\223\350O\231\301!\371!\037]"
 414      45F13560 
 414      93E84F99 
 414      C121F921 
 414      1F5D
 415 16d2 076F4E7E 		.ascii	"\007oN~vz \364\222\003#\011\361\353]\332\274\236\347"
 415      767A20F4 
 415      92032309 
 415      F1EB5DDA 
 415      BC9EE7
 416 16e5 0BF9B203 		.ascii	"\013\371\262\003x\366\274\003\022\361\205\207\231\313"
 416      78F6BC03 
 416      12F18587 
 416      99CB
 417 16f3 DDC12943 		.ascii	"\335\301)CV0\220\023\351\350\242\212\312\346d\004^p"
 417      56309013 
 417      E9E8A28A 
 417      CAE66404 
 417      5E70
 418 1705 CC2394FA 		.ascii	"\314#\224\372\262\240\365\302\340\377\362\016\354\327"
 418      B2A0F5C2 
 418      E0FFF20E 
 418      ECD7
 419 1713 F3833EDE 		.ascii	"\363\203>\336^\375z\016\034\350\355\365\336\273\357"
 419      5EFD7A0E 
 419      1CE8EDF5 
 419      DEBBEF
 420 1722 F6ECDFDB 		.ascii	"\366\354\337\333;p\320\373\203{\015rr\242\346\313\017"
 420      3B70D0FB 
 420      837B0D72 
 420      72A2E6CB 
 420      0F
 421 1733 A73A6673 		.ascii	"\247:fsPf}p\257wz\276\337\301A\215S\351\324\226\276"
 421      50667D70 
 421      AF777ABE 
 421      DFC1418D 
 421      53E9D496 
 422 1748 CF9A70CC 		.ascii	"\317\232p\314\005}\336\177\273g\257>\342\226\177\371"
 422      057DDE7F 
 422      BB67AF3E 
 422      E2967FF9 
 423 1758 0561E6CB 		.ascii	"\005a\346\313\013b\210%\333Ep\371\201e-\273\272\\\023"
 423      0B628825 
 423      DB4570F9 
 423      81652DBB 
 423      BA5C13
 424 176b 7D3293AE 		.ascii	"}2\223\256\300\360\334\3200oV gHd\350\013O\004\375\336"
 424      C0F0DCD0 
 424      306F5620 
 424      674864E8 
 424      0B4F04FD 
 425 1780 79350B03 		.ascii	"y5\013\0033\337\207\261\031\364\273H\271<\254U\260+"
 425      33DF87B1 
 425      19F4BB48 
 425      B93CAC55 
 425      B02B
 426 1792 60C29150 		.ascii	"`\302\221P0g\210\213Z\347\237\302\365h#\362\234\204"
ARM GAS  /tmp/ccmIgRdu.s 			page 34


 426      3067888B 
 426      5AE79FC2 
 426      F56823F2 
 426      9C84
 427 17a4 BC438343 		.ascii	"\274C\203C\206\362\030\370\335O\336\"\261?\233|f~V\326"
 427      86F218F8 
 427      DD4FDE22 
 427      B13F9B7C 
 427      667E56D6 
 428 17b8 CF252FB1 		.ascii	"\317%/\261m\345\215\2374\203\023\367L\353\200\227M\247"
 428      6DE58D9F 
 428      348313F7 
 428      4CEB8097 
 428      4DA7
 429 17ca 143760C6 		.ascii	"\0247`\306\315\313"
 429      CDCB
 430 17d0 45D70C63 		.ascii	"E\327\014c\252\310\315\022\241\372\342\223Q\235Lg\353"
 430      AAC8CD12 
 430      A1FAE293 
 430      519D4C67 
 430      EB
 431 17e1 D3BFF780 		.ascii	"\323\277\367\200\367\320\213\205\377\276\342\274\317"
 431      F7D08B85 
 431      FFBEE2BC 
 431      CF
 432 17ee F4791BF9 		.ascii	"\364y\033\371\227~\002\346\272\236\031\014\205#\022"
 432      977E02E6 
 432      BA9E190C 
 432      852312
 433 17fd D5CD79DD 		.ascii	"\325\315y\335\236\216\374\201pF(\230\027\311\015\305"
 433      9E8EFC81 
 433      70462898 
 433      17C90DC5 
 434 180d BDEB1B31 		.ascii	"\275\353\0331\200f\300\304\364\354\236\021t\224\364"
 434      8066C0C4 
 434      F4EC9E11 
 434      7494F4
 435 181c FC48209C 		.ascii	"\374H \234\034\354e\305\247\246\333N?\360e\345\007\222"
 435      1CEC65C5 
 435      A7A6DB4E 
 435      3FF065E5 
 435      0792
 436 182e D3FBE767 		.ascii	"\323\373\347g\3675\245J\034>(7\342\313\352\307L\037"
 436      F735A54A 
 436      1C3E2837 
 436      E2CBEAC7 
 436      4C1F
 437 1840 3378E03B 		.ascii	"3x\340;\357\275?(%\275\267\311g\320\310\274@l:\277\334"
 437      EFBD3F28 
 437      25BDB7C9 
 437      67D0C8BC 
 437      406C3ABF 
 438 1855 058DD3EB 		.ascii	"\005\215\323\353\275\376o\367\375\323\340\367{\016\352"
 438      BDFE6FF7 
 438      FDD3E0F7 
 438      7B0EEA
 439 1864 FB5E7F6F 		.ascii	"\373^\177o\357>\003{\275\337w\300\240\367\336o\313L"
ARM GAS  /tmp/ccmIgRdu.s 			page 35


 439      EF3E037B 
 439      BDDF77C0 
 439      A0F7DE6F 
 439      CB4C
 440 1876 76F9C381 		.ascii	"v\371\303\201\254@F$\340\357\334\012\214Vqs5dF5fd\271"
 440      AC404624 
 440      E0EFDC0A 
 440      8C567173 
 440      35644635 
 441 188d 1235F435 		.ascii	"\0225\3645\023\342\274\"\262\2327o\250/\214+0$\007s"
 441      13E2BC22 
 441      B29A376F 
 441      A82F8C2B 
 441      30240773 
 442 18a1 CA4B4F40 		.ascii	"\312KO@\007\"\371y\277i\373zfn\010%\374\337\254\274"
 442      0722F979 
 442      BF69FB7A 
 442      666E0825 
 442      FCDFACBC 
 443 18b5 5FB78D11 		.ascii	"_\267\215\021\265\361I\\h\241z\202\314\230\377\362\262"
 443      B5F1495C 
 443      68A17A82 
 443      CC98FFF2 
 443      B2
 444 18c6 02CC4A46 		.ascii	"\002\314JF*\227\3168\350\375\236\375\007\276\335\307"
 444      2A97CE38 
 444      E8FD9EFD 
 444      07BEDDC7 
 445 18d6 B0F213D8 		.ascii	"\260\362\023\3300\235\177\373\263\330d`#\361\004\244"
 445      309D7FFB 
 445      B3D86460 
 445      23F104A4 
 446 18e6 39C1C3F2 		.ascii	"9\301\303\362\367m#\2039N\360\253m\203}\031\221|_\226"
 446      F76D2383 
 446      394EF0AB 
 446      6D837D19 
 446      917C5F96 
 447 18fa C0FD43DB 		.ascii	"\300\375C\3338\361\033\360\013\350\353O\320)?\024\302"
 447      38F11BF0 
 447      0BE8EB4F 
 447      D0293F14 
 447      C2
 448 190b 22E8F5FB 		.ascii	"\"\350\365\373\">/s\226@\350\225\266\341VX\227\266a"
 448      223E2F73 
 448      9640E895 
 448      B6E15658 
 448      97B661
 449 191e 86E3BDF8 		.ascii	"\206\343\275\370\004\023apt\376)7\354\344ve\356\364"
 449      04136170 
 449      74FE2937 
 449      ECE47665 
 449      EEF4
 450 1930 CF98CBDB 		.ascii	"\317\230\313\333\273\317\007}\315J\371\234\033o\246"
 450      BBCF077D 
 450      CD4AF99C 
 450      1B6FA6
 451 193f 8797DCD7 		.ascii	"\207\227\334\327r\002#\244\254\317\267\306\313\010\345"
ARM GAS  /tmp/ccmIgRdu.s 			page 36


 451      720223A4 
 451      ACCFB7C6 
 451      CB08E5
 452 194e 042FF6C2 		.ascii	"\004/\366\302CrX\273\027\237\316R\300\207\276\254\344"
 452      437258BB 
 452      179FCE52 
 452      C087BEAC 
 452      E4
 453 195f E13493F8 		.ascii	"\3414\223\3702\206\005\"\003\361B\273\364>\342\316\236"
 453      32860522 
 453      03F142BB 
 453      F43EE2CE 
 453      9E
 454 1970 7E7F2810 		.ascii	"~\177(\020\016\323~\302\314\205\256xo\357f\030\360w"
 454      0ED37EC2 
 454      CC85AE78 
 454      6FEF6618 
 454      F077
 455 1982 744F32EF 		.ascii	"tO2\357o\305\022\334D\277r\246\003)\364\3234]\331\262"
 455      6FC512DC 
 455      44BF72A6 
 455      0329F4D3 
 455      345DD9B2 
 456 1996 58382938 		.ascii	"X8)80\020\302\276\276?\313\270q\301\001\241\\\177~F"
 456      3010C2BE 
 456      BE3FCBB8 
 456      71C101A1 
 456      5C7F7E46 
 457 19aa 2429F8AE 		.ascii	"$)\370\256/'?\223\372W(\020\212O\317\360\367f\304\342"
 457      2F273F93 
 457      FA572810 
 457      8A4FCFF0 
 457      F766C4E2 
 458 19be 837E8188 		.ascii	"\203~\201\210\013\372?`mxJ\272M\347\3564\341Q(\342\""
 458      0BFA3F60 
 458      6D784ABA 
 458      4DE7EE34 
 458      E15128E2 
 459 19d3 B919B959 		.ascii	"\271\031\271Y\306\371\300\374\364^\264\273H\024\347"
 459      C6F9C0FC 
 459      F45EB4BB 
 459      4814E7
 460 19e2 EC240629 		.ascii	"\354$\006)c\347\362\034\332E\254\233\313*\035\234\372"
 460      63E7F21C 
 460      DA45AC9B 
 460      CB2A1D9C 
 460      FA
 461 19f3 30F59F73 		.ascii	"0\365\237s\316Z:\330\024\207/\244\272j\\\2065i\342&"
 461      CE5A3AD8 
 461      14872FA4 
 461      BA6A5C86 
 461      3569E226 
 462 1a07 47EE7BBC 		.ascii	"G\356{\274C}!\377p_(\320\301\0060\262H\252$\335\253"
 462      437D21FF 
 462      705F28D0 
 462      C10630B2 
 462      48AA24DD 
ARM GAS  /tmp/ccmIgRdu.s 			page 37


 463 1a1c B7CBC728 		.ascii	"\267\313\307(R\210\343\343\013\236b\273\026\314mg?\017"
 463      5288E3E3 
 463      0B9E62BB 
 463      16CC6D67 
 463      3F0F
 464 1a2e FDF505DB 		.ascii	"\375\365\005\333Dnd\210\255\355\177\276-)i\260\244\332"
 464      446E6488 
 464      ADED7FBE 
 464      2D2969B0 
 464      A4DA
 465 1a40 2EF2C5A7 		.ascii	".\362\305\247\262\030\313\216\223\266\3068\321*;\213"
 465      B218CB8E 
 465      93B6C638 
 465      D12A3B8B 
 466 1a50 973F0F1C 		.ascii	"\227?\017\034\324\347]1\307uy\375g\355\270L\222)\016"
 466      D4E75D31 
 466      C77579FD 
 466      67EDB84C 
 466      92290E
 467 1a63 2AFFF60B 		.ascii	"*\377\366\013\032S\316\016{\323\247m;N\314U\301\234"
 467      1A53CE0E 
 467      7BD3A76D 
 467      3B4ECC55 
 467      C19C
 468 1a75 38B42106 		.ascii	"8\264!\006V\300\377\254\363\232?\030\012\230\355\276"
 468      56C0FFAC 
 468      F39A3F18 
 468      0A98EDBE 
 469 1a85 E32E7F60 		.ascii	"\343.\177`\204k\2269\3063\255\315\362\244b\2336\"\212"
 469      846B9639 
 469      C633ADCD 
 469      F2A4629B 
 469      36228A
 470 1a98 1A89AF33 		.ascii	"\032\211\2573U\244\217\261\340\203\376\337\367\327\250"
 470      55A48FB1 
 470      E083FEDF 
 470      F7D7A8
 471 1aa7 7D8A4308 		.ascii	"}\212C\010\273\254\3149\206\347\004B\2516\221\270<\236"
 471      BBACCC39 
 471      86E70442 
 471      A93691B8 
 471      3C9E
 472 1ab9 3CBC8A7B 		.ascii	"<\274\212{^\177V\340\251\001x\355\035vH\233\215\336"
 472      5E7F56E0 
 472      A90178ED 
 472      1D76489B 
 472      8DDE
 473 1acb 81CC44EB 		.ascii	"\201\314D\353\015\035\323}\021\314T#\351\02694\204\366"
 473      0D1DD37D 
 473      11CC5423 
 473      E9163934 
 473      84F6
 474 1add C318E1C1 		.ascii	"\303\030\341\301\017\003q\371\250-\322\213x\262\362"
 474      0F0371F9 
 474      A82DD28B 
 474      78B2F2
 475 1aec B2C55CC2 		.ascii	"\262\305\\\302\333\264G\344yA\373c\237\201\375\342\373"
ARM GAS  /tmp/ccmIgRdu.s 			page 38


 475      DBB447E4 
 475      7941FB63 
 475      9F81FDE2 
 475      FB
 476 1afd 0DC065A6 		.ascii	"\015\300e\246vlO\271\230g\202\221>\220\226\376\370>"
 476      766C4FB9 
 476      98678291 
 476      3E9096FE 
 476      F83E
 477 1b0f A1506EA8 		.ascii	"\241Pn\250\027VC\235]lG\241V\230\326/7cX\312;=\373y"
 477      1756439D 
 477      5D6C47A1 
 477      5698D62F 
 477      376358CA 
 478 1b27 E981988C 		.ascii	"\351\201\230\214yo\360 o /a\204\250z^\177\272\207\035"
 478      796FF020 
 478      6F202F61 
 478      84A87A5E 
 478      7FBA871D 
 479 1b3b 67E4E6E7 		.ascii	"g\344\346\347D\342\214\351xv\220\236\237\231\031K\005"
 479      44E28CE9 
 479      7876909E 
 479      9F99194B 
 479      05
 480 1b4c FE833712 		.ascii	"\376\2037\022\237\355\033\221\307rO\242?7\037\367\300"
 480      9FED1B91 
 480      C7724FA2 
 480      3F371FF7 
 480      C0
 481 1b5d F422E6B1 		.ascii	"\364\"\346\261\274l\037\215\3007\230bo\374\2237b\314"
 481      BC6C1F8D 
 481      C0379862 
 481      6FFC9337 
 481      62CC
 482 1b6f 748F6707 		.ascii	"t\217g\00746\223y\355\01227\010E4\032SqA\266\215\313"
 482      34369379 
 482      ED0A3237 
 482      0845341A 
 482      537141B6 
 483 1b85 CAD28374 		.ascii	"\312\322\203t'F\260\021MdL3\203\330z\373\323[\331y\015"
 483      2746B011 
 483      4D644C33 
 483      83D87AFB 
 483      D35BD979 
 484 1b9a FEC71123 		.ascii	"\376\307\021#\274T\237\336!\264Z(\255/\272\265x6\203"
 484      BC549FDE 
 484      21B45A28 
 484      AD2FBAB5 
 484      783683
 485 1bad 17F02E74 		.ascii	"\027\360.t\003\\\337$j\210>\003\014c\365\355O\365E\257"
 485      035CDF24 
 485      6A883E03 
 485      0C63F5ED 
 485      4FF545AF 
 486 1bc1 F18AD2A0 		.ascii	"\361\212\322\240\365\315\011F:\245\347g\015\363Z5\021"
 486      F5CD0946 
 486      3AA5E767 
ARM GAS  /tmp/ccmIgRdu.s 			page 39


 486      0DF35A35 
 486      11
 487 1bd2 5BFBD40F 		.ascii	"[\373\324\017\323\261\007\013\007r\302t\321\370\234"
 487      D3B1070B 
 487      0772C274 
 487      D1F89C
 488 1be1 7B31F93C 		.ascii	"{1\371<[C~\330.+w\270\310\214\342\332\300\334L\3430"
 488      5B437ED8 
 488      2E2B77B8 
 488      C88CE2DA 
 488      C0DC4CE3 
 489 1bf6 6FE8486F 		.ascii	"o\350Ho0B+al \257\2737;/\254\263\275\205\307\237\355"
 489      30422B61 
 489      6C20AFBB 
 489      373B2FAC 
 489      B3BD85C7 
 490 1c0c 1398A477 		.ascii	"\023\230\244wriK\200\276\225\023\310\012'\241\027\313"
 490      72694B80 
 490      BE9513C8 
 490      0A27A117 
 490      CB
 491 1c1d 16BF6330 		.ascii	"\026\277c0\234\353\245\3428DM\241\212Re\204\252q}\305"
 491      9CEBA5E2 
 491      38444DA1 
 491      8A526584 
 491      AA717DC5 
 492 1c31 563B815E 		.ascii	"V;\201^0\364\317\353\215\306\377\327\277\325\232C\261"
 492      30F4CFEB 
 492      8DC6FFD7 
 492      BFD59A43 
 492      B1
 493 1c42 D9416747 		.ascii	"\331AgGs\376\037\347L\274%"
 493      73FE1FE7 
 493      4CBC25
 494              		.text
 495              		.section	.gnu.lto_.symtab.5b92bd82ec5c1a2d,"e",%progbits
 496 0000 5F75785F 		.ascii	"_ux_dcd_stm32_uninitialize\000"
 496      6463645F 
 496      73746D33 
 496      325F756E 
 496      696E6974 
 497 001b 00       		.ascii	"\000"
 498 001c 00       		.ascii	"\000"
 499 001d 00       		.ascii	"\000"
 500 001e 00000000 		.ascii	"\000\000\000\000\000\000\000\000"
 500      00000000 
 501 0026 C8000000 		.ascii	"\310\000\000\000"
 502 002a 5F75785F 		.ascii	"_ux_system_slave\000"
 502      73797374 
 502      656D5F73 
 502      6C617665 
 502      00
 503 003b 00       		.ascii	"\000"
 504 003c 02       		.ascii	"\002"
 505 003d 00       		.ascii	"\000"
 506 003e 00000000 		.ascii	"\000\000\000\000\000\000\000\000"
 506      00000000 
ARM GAS  /tmp/ccmIgRdu.s 			page 40


 507 0046 3D020000 		.ascii	"=\002\000\000"
 508 004a 5F75785F 		.ascii	"_ux_utility_memory_free\000"
 508      7574696C 
 508      6974795F 
 508      6D656D6F 
 508      72795F66 
 509 0062 00       		.ascii	"\000"
 510 0063 02       		.ascii	"\002"
 511 0064 00       		.ascii	"\000"
 512 0065 00000000 		.ascii	"\000\000\000\000\000\000\000\000"
 512      00000000 
 513 006d CC000000 		.ascii	"\314\000\000\000"
 514              		.text
 515              		.section	.gnu.lto_.ext_symtab.5b92bd82ec5c1a2d,"e",%progbits
 516 0000 01       		.ascii	"\001"
 517 0001 01       		.ascii	"\001"
 518 0002 00       		.ascii	"\000"
 519 0003 02       		.ascii	"\002"
 520 0004 01       		.ascii	"\001"
 521 0005 01       		.ascii	"\001"
 522 0006 00       		.ascii	"\000"
 523              		.text
 524              		.section	.gnu.lto_.opts,"e",%progbits
 525 0000 272D666E 		.ascii	"'-fno-openmp' '-fno-openacc' '-fno-pie' '-fcf-prote"
 525      6F2D6F70 
 525      656E6D70 
 525      2720272D 
 525      666E6F2D 
 526 0033 6374696F 		.ascii	"ction=none' '-mcpu=cortex-m33' '-mthumb' '-mfpu=fpv"
 526      6E3D6E6F 
 526      6E652720 
 526      272D6D63 
 526      70753D63 
 527 0066 342D7370 		.ascii	"4-sp-d16' '-mfloat-abi=hard' '-mlibarch=armv8-m.mai"
 527      2D643136 
 527      2720272D 
 527      6D666C6F 
 527      61742D61 
 528 0099 6E2B6473 		.ascii	"n+dsp+fp' '-march=armv8-m.main+dsp+fp' '-Os' '-flto"
 528      702B6670 
 528      2720272D 
 528      6D617263 
 528      683D6172 
 529 00cc 2720272D 		.ascii	"' '-fdata-sections' '-ffunction-sections' '-Xassemb"
 529      66646174 
 529      612D7365 
 529      6374696F 
 529      6E732720 
 530 00ff 6C657227 		.ascii	"ler' '-a' '-Xassembler' '-ad' '-Xassembler' '-alms="
 530      20272D61 
 530      2720272D 
 530      58617373 
 530      656D626C 
 531 0132 6275696C 		.ascii	"build/../sdk/stm32/STM32_USBX_Library/common/usbx_s"
 531      642F2E2E 
 531      2F73646B 
 531      2F73746D 
ARM GAS  /tmp/ccmIgRdu.s 			page 41


 531      33322F53 
 532 0165 746D3332 		.ascii	"tm32_device_controllers/ux_dcd_stm32_uninitialize.l"
 532      5F646576 
 532      6963655F 
 532      636F6E74 
 532      726F6C6C 
 533 0198 73742700 		.ascii	"st'\000"
 534              		.text
 535              		.comm	__gnu_lto_slim,1,1
 536              		.ident	"GCC: (15:10.3-2021.07-4) 10.3.1 20210621 (release)"
ARM GAS  /tmp/ccmIgRdu.s 			page 42


DEFINED SYMBOLS
                            *ABS*:0000000000000000 ux_dcd_stm32_uninitialize.c
                            *COM*:0000000000000001 __gnu_lto_slim

NO UNDEFINED SYMBOLS
