ARM GAS  /tmp/ccYR8o98.s 			page 1


   1              		.cpu cortex-m33
   2              		.eabi_attribute 27, 1
   3              		.eabi_attribute 28, 1
   4              		.eabi_attribute 20, 1
   5              		.eabi_attribute 21, 1
   6              		.eabi_attribute 23, 3
   7              		.eabi_attribute 24, 1
   8              		.eabi_attribute 25, 1
   9              		.eabi_attribute 26, 1
  10              		.eabi_attribute 30, 4
  11              		.eabi_attribute 34, 1
  12              		.eabi_attribute 18, 4
  13              		.file	"ux_dcd_stm32_interrupt_handler.c"
  14              		.section	.gnu.lto_.profile.8eafc9d9d7884fc7,"e",%progbits
  15 0000 789C6362 		.ascii	"x\234cb\000\001\000\000\022\000\003"
  15      00010000 
  15      120003
  16              		.text
  17              		.section	.gnu.lto_.icf.8eafc9d9d7884fc7,"e",%progbits
  18 0000 789CE360 		.ascii	"x\234\343`@\000F\206\373\217\237Lfd\000\000\017\260"
  18      40004686 
  18      FB8F9F4C 
  18      66640000 
  18      0FB0
  19 0012 0344     		.ascii	"\003D"
  20              		.text
  21              		.section	.gnu.lto_.ipa_sra.8eafc9d9d7884fc7,"e",%progbits
  22 0000 789C6367 		.ascii	"x\234cg@\000F\020bd\000\000\000\245\000\013"
  22      40004610 
  22      62640000 
  22      00A5000B 
  23              		.text
  24              		.section	.gnu.lto_.inline.8eafc9d9d7884fc7,"e",%progbits
  25 0000 789CD361 		.ascii	"x\234\323a@\000F\006\006\216\006 `Jgd`b\003\261\230"
  25      40004606 
  25      068E0620 
  25      604A6764 
  25      606203B1 
  26 0015 531818C0 		.ascii	"S\030\030\300\014\246\024&\006&\240\022&n\220\272\011"
  26      0CA61426 
  26      0626A012 
  26      266E90BA 
  26      09
  27 0026 7E0C00DB 		.ascii	"~\014\000\333\257\010k"
  27      AF086B
  28              		.text
  29              		.section	.gnu.lto_.jmpfuncs.8eafc9d9d7884fc7,"e",%progbits
  30 0000 789C1363 		.ascii	"x\234\023c@\000F f\002R\007X\030\031\200\370?\020\360"
  30      40004620 
  30      66025207 
  30      58181980 
  30      F83F10F0 
  31 0014 33300000 		.ascii	"30\000\000+\332\005\260"
  31      2BDA05B0 
  32              		.text
  33              		.section	.gnu.lto_.pureconst.8eafc9d9d7884fc7,"e",%progbits
  34 0000 789C6361 		.ascii	"x\234ca```d\230\311\002\000\001b\000\243"
ARM GAS  /tmp/ccYR8o98.s 			page 2


  34      60606064 
  34      98C90200 
  34      016200A3 
  35              		.text
  36              		.section	.gnu.lto_.lto.8eafc9d9d7884fc7,"e",%progbits
  37 0000 09000400 		.ascii	"\011\000\004\000\001\000\000\000"
  37      01000000 
  38              		.text
  39              		.section	.gnu.lto__ux_dcd_stm32_interrupt_handler.164.8eafc9d9d7884fc7,"e",%progbits
  40 0000 789C4D50 		.ascii	"x\234MP=k\024Q\024\275g\356~dU\354\355\002\022\304b"
  40      3D6B1451 
  40      14BD67EE 
  40      7E6455EC 
  40      ED0212C4 
  41 0015 F7C504B1 		.ascii	"\367\305\004\261\025\213TZH\024\354\206\315\314\006"
  41      158B545A 
  41      4814EC86 
  41      CDCC06
  42 0024 87DD991D 		.ascii	"\207\335\231\035fg5V\3736\244J\341&\021\254t\301e\010"
  42      66673556 
  42      FB36A44A 
  42      E12611AC 
  42      74C16508 
  43 0038 8B16567E 		.ascii	"\213\026V~\304/F\304?`c\245\030l\254$Z\031\020\327;"
  43      C42F46C4 
  43      3F6063A5 
  43      186CAC24 
  43      5A1910D7 
  44 004d 2FE3C783 		.ascii	"/\343\307\203\367\270\347\335s\316=\357\365@t\237\210"
  44      F7B8E7DD 
  44      73CE3DEF 
  44      F540749F 
  44      88
  45 005e 8ECB0613 		.ascii	"\216\313\006\023\2666\327-\322Z\237-[\350o\256W\260"
  45      B636D72D 
  45      D25A9F2D 
  45      5BE86FAE 
  45      57B0
  46 0070 0383403D 		.ascii	"\003\203@=\013=\334\342\223\002\177\274\035\016?C\217"
  46      0B3DDCE2 
  46      93027FBC 
  46      1D0E3F43 
  46      8F
  47 0081 53244C34 		.ascii	"S$L4\224\235\257;\214-N\030(\344\225\205i\251\370\036"
  47      949DAF3B 
  47      8C2D4E18 
  47      28E49585 
  47      69A9F81E 
  48 0095 B2D64CAA 		.ascii	"\262\326L\252\365\336\20377\217n\364\247\022f<\201H"
  48      F5DE8337 
  48      378F6EF4 
  48      A712663C 
  48      8148
  49 00a7 F1187804 		.ascii	"\361\030x\004\243.\021\236\"\267\223\033\010z\370\256"
  49      A32E119E 
  49      22B7931B 
  49      087AF8AE 
ARM GAS  /tmp/ccYR8o98.s 			page 3


  50 00b7 98EA9F93 		.ascii	"\230\352\237\223\201\326\223c\273\277J%P\302\005K\216"
  50      81D69363 
  50      BBBF4A25 
  50      50C2054B 
  50      8E
  51 00c8 62C19069 		.ascii	"b\301\220i\300YZ]\200N\2116\330:\000}\001_\261z{\377"
  51      C0595A5D 
  51      804E8936 
  51      D83A007D 
  51      015FB17A 
  52 00de FD6E79C4 		.ascii	"\375ny\304\310\303\224L\2125XR\216e\312\266q\303s\340"
  52      C8C3944C 
  52      8A355852 
  52      8E65CAB6 
  52      71C373E0 
  53 00f2 190CFFC5 		.ascii	"\031\014\377\305\316\207o<\342?\341\313\206\277\235"
  53      CE876F3C 
  53      E23FE1CB 
  53      86BF9D
  54 0101 7DC0F844 		.ascii	"}\300\370D\302S\342\204\227\240Y\301\222\277\202W\270"
  54      C253E284 
  54      97A059C1 
  54      92BF8257 
  54      B8
  55 0112 6BB266CA 		.ascii	"k\262f\312\375\217\027Gl\345B\376O8\223\360!\261Dz "
  55      FD8F1747 
  55      6CE542FE 
  55      4F3893F0 
  55      21B1447A 
  56 0127 FC22C38B 		.ascii	"\374\"\303\213x-\312\354\315{X\233&\023\350\3600\273"
  56      782DCAEC 
  56      CD7B589B 
  56      2613E8F0 
  56      30BB
  57 0139 108B848F 		.ascii	"\020\213\204\217\320w\254~\232,\230?\0310\376\275\217"
  57      D077AC7E 
  57      9A2C983F 
  57      1930FEBD 
  57      8F
  58 014a E88CF283 		.ascii	"\350\214\362\203X9*\366C\345za\253\3557\353*\216\332"
  58      58392AF6 
  58      43E57A61 
  58      ABED37EB 
  58      2A8EDA
  59 015d A1E7CC9E 		.ascii	"\241\347\314\236\252vb\177~\256{\272\332\355,U\335\306"
  59      AA76627F 
  59      7EAE7BBA 
  59      DAED2C55 
  59      DDC6
  60 016f B5A61757 		.ascii	"\265\246\027W\227\257\253z\030\322r\255\246:nS\031\206"
  60      97AFAB7A 
  60      18D272AD 
  60      A63A6E53 
  60      1986
  61 0181 5ABC7461 		.ascii	"Z\274ta~\316\276\274x\356\212}\336[\212\352\321\015"
  61      7ECEBEBC 
  61      78EE8A7D 
ARM GAS  /tmp/ccYR8o98.s 			page 4


  61      DE5B8AEA 
  61      D10D
  62 0193 E5B47DBF 		.ascii	"\345\264}\277\035(Q\256\330\206d\213\201\3474l\247\035"
  62      1D2851AE 
  62      D886648B 
  62      81E7346C 
  62      A71D
  63 01a5 887FABD5 		.ascii	"\210\177\253\325\210:\252\273b\273\216\233\367\275 "
  63      883AAABB 
  63      62BB8E9B 
  63      F7BD20
  64 01b4 6E445137 		.ascii	"nDQ7\214\355\253\365\300\225~\315\241\312\337\366o\201"
  64      8CEDABF5 
  64      C0957ECD 
  64      A1CADFF6 
  64      6F81
  65 01c6 38AF47   		.ascii	"8\257G"
  66              		.text
  67              		.section	.gnu.lto_.symbol_nodes.8eafc9d9d7884fc7,"e",%progbits
  68 0000 789CF363 		.ascii	"x\234\363c\000\002\246%\214\365\014\015@\300\3028\341"
  68      0002A625 
  68      8CF50C0D 
  68      40C0C238 
  68      E1
  69 0011 1C03433D 		.ascii	"\034\003C=\003\303\256\206FF\006F\220\034\003\353RF"
  69      03C3AE86 
  69      46460646 
  69      901C03EB 
  69      5246
  70 0023 060520CD 		.ascii	"\006\005 \315\270\214\261\236\361?\024\310\203\0252"
  70      B88CB19E 
  70      F13F14C8 
  70      831532
  71 0032 80348154 		.ascii	"\2004\201T130A\264\26702\000\000w\377\026\215"
  71      31333041 
  71      B4B73032 
  71      000077FF 
  71      168D
  72              		.text
  73              		.section	.gnu.lto_.refs.8eafc9d9d7884fc7,"e",%progbits
  74 0000 789C6367 		.ascii	"x\234cg```\004\" \006\000\000f\000\013"
  74      60606004 
  74      22200600 
  74      0066000B 
  75              		.text
  76              		.section	.gnu.lto_.decls.8eafc9d9d7884fc7,"e",%progbits
  77 0000 789CBD5A 		.ascii	"x\234\275ZyTTW\232\177\337\273\357\011\024\233\021\215"
  77      79545457 
  77      9A7FDFBB 
  77      EF09149B 
  77      118D
  78 0012 A6B31963 		.ascii	"\246\263\031c\022{\272\023\2149\275L\23793\261\325t"
  78      127BBA13 
  78      8C39BD4C 
  78      9F3933B1 
  78      D574
  79 0024 3C6D8C23 		.ascii	"<m\214#\232\323=sfj\012\252\320:\002EW\025Q\373\314"
ARM GAS  /tmp/ccYR8o98.s 			page 5


  79      9AD33D73 
  79      666A0AAA 
  79      D03A0245 
  79      571551FB 
  80 0039 1F15F7A8 		.ascii	"\037\025\367\250\250\230\250 \342\276\200+\212\373\202"
  80      A898A820 
  80      E2BE802B 
  80      8AFB82
  81 0048 06371477 		.ascii	"\0067\024wEq\327\250\011\356h\\P\\\346\273\313\333\201"
  81      4571D7A8 
  81      09EE685C 
  81      505CE6BB 
  81      CBDB81
  82 005b A4FBCC4C 		.ascii	"\244\373\314L\035.\365\336}\277\373m\367[\356\275\257"
  82      1D2EF5DE 
  82      7DBFFB6D 
  82      F75BEEBD 
  82      AF
  83 006c FEFB7D49 		.ascii	"\376\373}I\232\236$I\371\222$=\307\217\214\337\207%"
  83      9A9E2449 
  83      F992243D 
  83      C78F8CDF 
  83      8725
  84 007e E343EF37 		.ascii	"\343C\3577c\333\205\015\260\375\213,Y>C\2613\036\277"
  84      63DB850D 
  84      B0FD8B2C 
  84      593E43B1 
  84      331EBF
  85 0091 07626B85 		.ascii	"\007bk\205\2555\266\377D\314?c\273\214\355\012\266\357"
  85      AD35B6FF 
  85      44CC3F63 
  85      BB8CED0A 
  85      B6EF
  86 00a3 B0BD806D 		.ascii	"\260\275\200m\000>\373\017\374\376\036\333NA;\012\377"
  86      003EFB0F 
  86      FCFE1EDB 
  86      4E413B0A 
  86      FF
  87 00b4 FDBBFCE3 		.ascii	"\375\273\374\343|\012\211<b\316\267;\224+ \311\370\\"
  87      7C0A893C 
  87      62CEB73B 
  87      942B20C9 
  87      F85C
  88 00c6 F10240CD 		.ascii	"\361\002@\315\257\361\237K\3727\"\265\216\310\021\271"
  88      AFF19F4B 
  88      FA3722B5 
  88      8EC811B9 
  89 00d6 8597C82E 		.ascii	"\205\227\310.\342\"^W%\274\326\351\036\3710Z\356\224"
  89      E2225E57 
  89      25BCD6E9 
  89      1EF9305A 
  89      EE94
  90 00e8 E88A2EDE 		.ascii	"\350\212.\336\016-]j\264,\327Fy]\235\036\303Ryv\213"
  90      0E2D5D6A 
  90      B42CD746 
  90      795D9D1E 
  90      C3527976 
ARM GAS  /tmp/ccYR8o98.s 			page 6


  91 00fd F61F4614 		.ascii	"\366\037F\024\357\3706\265Q\021yR\357\326\037|\210\377"
  91      EFF836B5 
  91      51117952 
  91      EFD61F7C 
  91      88FF
  92 010f 6BA32AC1 		.ascii	"k\243*\301\213\243\372(\321-\361\2526\312u\217\314\316"
  92      8BA3FA28 
  92      D12DF1AA 
  92      36CA758F 
  92      CCCE
  93 0121 6DE1DD2F 		.ascii	"m\341\335/\217y\007*\301\345\355\322:\022\211|\030\035"
  93      8F79072A 
  93      C1E5EDD2 
  93      3A12897C 
  93      181D
  94 0133 FD5A6205 		.ascii	"\375Zb\005\251 \037IRtt\351\3626\256\332\250D$\321\311"
  94      A9201F49 
  94      527474E9 
  94      F236AEDA 
  94      A84424D1 
  95 0148 DBBEA5B7 		.ascii	"\333\276\245\267}b%\250^\257\253u'\011\205\360v\351"
  95      7D6225A8 
  95      5EAFAB75 
  95      270985F0 
  95      76E9
  96 015a F2A1EC42 		.ascii	"\362\241\354B\312Jt%t!\020\327%r\361z[\027\270b^k\337"
  96      CA4A7425 
  96      742110D7 
  96      2572F17A 
  96      5B17B862 
  97 0171 4992BCD2 		.ascii	"I\222\274\322G2\322%\317\265\017D!O\257q\013\320\311"
  97      4732D225 
  97      CFB50F44 
  97      214FAF71 
  97      0BD0C9
  98 0184 257791C9 		.ascii	"%w\221\311\037k\243\320<r{I\212(\321qq\020\301\257\030"
  98      1F6BA3D0 
  98      3C727B49 
  98      8A28D171 
  98      7110C1AF 
  99 0199 F71FBD7D 		.ascii	"\367\037\275}\272\270\244Z4\237,\267V \"\2031\322\325"
  99      BAB8A45A 
  99      349F2CB7 
  99      56202283 
  99      31D2D5
 100 01ac 8299907D 		.ascii	"\202\231\220}\200\376\001\375\343\377$z#\231\271\260"
 100      80FE01FD 
 100      E3FF247A 
 100      2399B9B0 
 101 01bc 7E8A44BB 		.ascii	"~\212D\273\0027\276\326\253\177\211k\016\340t\264\371"
 101      0237BED6 
 101      AB7F896B 
 101      0EE074B4 
 101      F9
 102 01cd 01D09848 		.ascii	"\001\320\230H\342\251\211\270!\203\220C\243\243\361"
 102      E2A989B8 
 102      21839043 
ARM GAS  /tmp/ccYR8o98.s 			page 7


 102      A3A3F1
 103 01dc 31C968C8 		.ascii	"1\311h\310\2123\314\231\310\3461l\234Ep\203\244\244"
 103      8A33CC99 
 103      C8E6316C 
 103      9C457083 
 103      A4A4
 104 01ee 93954C8A 		.ascii	"\223\225L\212s\267Y}\277|M\334wh\266He[H\230\364\241"
 104      73B7597D 
 104      BF7C4DDC 
 104      7768B648 
 104      655B4898 
 105 0204 04E44D89 		.ascii	"\004\344M\211t\223\222#\3543w-\216^'\206N&\320\012d"
 105      74939223 
 105      EC33772D 
 105      8E5E2786 
 105      4E26D00A 
 106 0219 FCDF1A5A 		.ascii	"\374\337\032Z\342\320\321\233&T\271\332\"\350F$\322"
 106      E2D0D19B 
 106      2654B9DA 
 106      22E84624 
 106      D2
 107 022a 1A06C246 		.ascii	"\032\006\302F\200\015\224\353&\034\022`\304\247.\277"
 107      800D94EB 
 107      261C1260 
 107      C4A72EBF 
 108 023a 3E2CB643 		.ascii	">,\266C~~\244\276z\334\315\355\357\334Y\037\211\214"
 108      7E7EA4BE 
 108      7ADCCDED 
 108      EFDC591F 
 108      898C
 109 024c 447C34C5 		.ascii	"D|4\305\300Z\200\365\2140P\036k\000V\203D\016\313\234"
 109      C05A80F5 
 109      8C30501E 
 109      6B005683 
 109      440ECB9C 
 110 0260 8BC2B8B4 		.ascii	"\213\302\270\264G\032\247G\256\234\000I\\\232m\302\""
 110      471AA747 
 110      AE9C0049 
 110      5C9A6DC2 
 110      22
 111 0271 DBC45082 		.ascii	"\333\304P\2021\204\220=+fW\304Y \360\015\350 \004\214"
 111      3184903D 
 111      2B6657C4 
 111      5920F00D 
 111      E820048C 
 112 0285 D97762B1 		.ascii	"\331wb\261\034\267-\022\251\213\314\256P\240\002`+@"
 112      1CB72D12 
 112      A98BCCAE 
 112      50A00260 
 112      2B40
 113 0297 3995753B 		.ascii	"9\225u;0\300\246\333\223\022\024\211\335C\000\357\037"
 113      30C0A6DB 
 113      93121489 
 113      DD4300EF 
 113      1F
 114 02a8 9E3BBFA3 		.ascii	"\236;\277\243E#\252\355DIw\360!\307kJ\307\223\016\371"
 114      4523AAED 
ARM GAS  /tmp/ccYR8o98.s 			page 8


 114      444977F0 
 114      21C76B4A 
 114      C7930EF9 
 115 02bc 9148FD99 		.ascii	"\221H\375\231i\005U0#R!\343c\330\242k\265\205}\221\225"
 115      69055530 
 115      235221E3 
 115      63D8A26B 
 115      B5857D91 
 116 02d1 846B542B 		.ascii	"\204kT+c\\\320\313w\230/&\262+\211\324\022J,w\343\360"
 116      635CD0CB 
 116      77982F26 
 116      B22B89D4 
 116      124A2C77 
 117 02e7 EA581713 		.ascii	"\352X\027\023p\333\210\030I\210\007\373\0001\353\001"
 117      70DB8818 
 117      498807FB 
 117      0031EB01 
 118 02f7 AA00F602 		.ascii	"\252\000\366\002\243rA&\267\330\210g\023\306\324\306"
 118      A3724126 
 118      B7D88867 
 118      13C6D4C6 
 119 0307 3091F7A3 		.ascii	"0\221\367\243\310\370\354\317:\331?#\331\011\012\005"
 119      C8F8ECCF 
 119      3AD93F23 
 119      D9090A05 
 120 0317 4DDB38F9 		.ascii	"M\3338\371H\224\223\354Q@\014\222=\002p\030\020vv\317"
 120      489493EC 
 120      51400C92 
 120      3D027018 
 120      107676CF 
 121 032b 91CD09BA 		.ascii	"\221\315\011\272\266\307@W\267\032\301\207\270\272\323"
 121      B6C74057 
 121      B71AC187 
 121      B8BAD3
 122 033a BE5DB231 		.ascii	"\276]\2621\3060a\265a\302\343\370\217|\245p-kdR\246"
 122      C63061B5 
 122      61C2E3F8 
 122      8F7CA570 
 122      2D6B6452 
 123 034f 48E48CB8 		.ascii	"H\344\214\270=$\223\221\252DV\250\374\266R&'\360\366"
 123      3D249391 
 123      AA4456A8 
 123      FCB65226 
 123      27F0F6
 124 0362 A9B8DD26 		.ascii	"\251\270\335&\223\205-$R\321\202\337Fd\336+\261\271"
 124      93852D24 
 124      52D182DF 
 124      4664DE2B 
 124      B1B9
 125 0374 8F28A446 		.ascii	"\217(\244F<HD\376\027\226\254z\010\256\210P\005;5\366"
 125      3C4844FE 
 125      1796AC7A 
 125      08AE8850 
 125      053B35F6 
 126 0388 5751C664 		.ascii	"WQ\306d\250\025\346\021RH\344\031\022\236\033%\244@"
 126      A815E611 
 126      5248E419 
ARM GAS  /tmp/ccYR8o98.s 			page 9


 126      129E1B25 
 126      A440
 127 039a 1E5112B9 		.ascii	"\036Q\022\271\022E\025\271Z?\342z\"3\334\0006\325\373"
 127      124515B9 
 127      5A3FE27A 
 127      2233DC00 
 127      36D5FB
 128 03ad C71C3AA6 		.ascii	"\307\034:\2466\246\374]$|\207+\277#r\265\312\344?w\015"
 128      36A6FC5D 
 128      247C872B 
 128      BF2372B5 
 128      CAE43F77 
 129 03c2 E57F0011 		.ascii	"\345\177\000\021\026\225\022\031\026-\221|l\245\330"
 129      16951219 
 129      162D917C 
 129      6CA5D8
 130 03d1 0E44B371 		.ascii	"\016D\263q\017\246\037&V\307\254\007xd8\346\365\202"
 130      0FA61F26 
 130      56C7AC07 
 130      786438E6 
 130      F582
 131 03e3 6B5F4719 		.ascii	"k_G\031\204\037\031\204\037s\316\307V\355}\221\011\373"
 131      841F1984 
 131      1F73CEC7 
 131      56ED7D91 
 131      09FB
 132 03f5 983BE6AC 		.ascii	"\230;\346\254\343S\016\3055&\355\023\224\266\201\217"
 132      E3530EC5 
 132      3526ED13 
 132      94B6818F 
 133 0405 99BAFF49 		.ascii	"\231\272\377I\0111\210>1\210>\245Su\003\305\033\026"
 133      0931883E 
 133      31883EA5 
 133      537503C5 
 133      1B16
 134 0417 C3A5FE17 		.ascii	"\303\245\376\027\204o\335\267\375ltc\226\375B\246\226"
 134      846FDDB7 
 134      FD6C7463 
 134      96FD42A6 
 134      96
 135 0428 65B3F20A 		.ascii	"e\263\362\012<\007\366%\221\2511\224\307\321\313+W&"
 135      3C07F625 
 135      91A93194 
 135      C7D1CB2B 
 135      5726
 136 043a 52CFAA8D 		.ascii	"R\317\252\215T|A$\370\000:K0BF\004\372\325p\031\206"
 136      547C4124 
 136      F8003A4B 
 136      30424604 
 136      FAD57019 
 137 044f C9089A92 		.ascii	"\311\010\232\222W\2664\256\025R\036\021\211\374\027"
 137      57B634AE 
 137      15521E11 
 137      89FC17
 138 045e 8C94E13B 		.ascii	"\214\224\341;\200+\224\362(\231Q\227\310\014!\307e>"
 138      802B94F2 
 138      28995197 
ARM GAS  /tmp/ccYR8o98.s 			page 10


 138      C80C21C7 
 138      653E
 139 0470 E7B35B90 		.ascii	"\347\263[\220U1\022\251b,\256\345\025\347\306Z\2157"
 139      553112A9 
 139      622CAEE5 
 139      15E7C65A 
 139      8D37
 140 0482 4E86F1B2 		.ascii	"N\206\361\262n\2749\365\253\313\\\206\236\370D\223<"
 140      6EBC39F5 
 140      ABCB5C86 
 140      9EF84493 
 140      3C
 141 0493 57A68017 		.ascii	"W\246\200\027K\036\357\233\021\333\221}\222\350?$T?"
 141      4B1EEF9B 
 141      11DB917D 
 141      92E83F24 
 141      543F
 142 04a5 7DC59CA3 		.ascii	"}\305\234\243I\313\206E\"\303\333\241\030\250\026|m"
 142      49CB8645 
 142      22C3DBA1 
 142      18A8167C 
 142      6D
 143 04b6 C8958CED 		.ascii	"\310\225\214\355}\211R\234Y\264\345\"D&wF\223\301C\206"
 143      7D89529C 
 143      59B4E522 
 143      44267746 
 143      93C14386 
 144 04ca D16833E0 		.ascii	"\321h3\340V`\250YE\0338j\000<\260\200\356\201Ni}\321"
 144      5660A859 
 144      451B386A 
 144      003CB080 
 144      EE814E69 
 145 04e0 1A8EC138 		.ascii	"\032\216\3018\275i\001]\327A\245EE\177\251\304|\205"
 145      BD69015D 
 145      D741A545 
 145      457FA9C4 
 145      7C85
 146 04f2 F3F9CCC9 		.ascii	"\363\371\314\311\214\323)6x\335w\362B\201\270\235\267"
 146      8CD32936 
 146      78DD77F2 
 146      4281B89D 
 146      B7
 147 0503 29127C29 		.ascii	")\022|)\303\030\264\360h\231\302p>&\3100Y\206\2112L"
 147      C318B4F0 
 147      6899C270 
 147      3E26C830 
 147      59868932 
 148 0518 92E12B19 		.ascii	"\222\341+\031\246\312\220/C\236\014\323d\230B\013\025"
 148      A6CA902F 
 148      439E0CD3 
 148      6498420B 
 148      15
 149 0529 95601397 		.ascii	"\225`\023\227 W\206\261\262\231\3725C\202e\232M~\000"
 149      205786B1 
 149      B299FA35 
 149      4382659A 
 149      4D7E00
ARM GAS  /tmp/ccYR8o98.s 			page 11


 150 053c A8B38870 		.ascii	"\250\263\210p\313\000m0\251{\303\251\2560\334\012C\231"
 150      CB006D30 
 150      A97BC3A9 
 150      AE30DC0A 
 150      4399
 151 054e DB4E4A08 		.ascii	"\333NJ\010\"\263\\t\212/\347o\334\3032\273U\263\202"
 151      22B35C74 
 151      8A2FE76F 
 151      DCC332BB 
 151      55B382
 152 0561 9FAA1992 		.ascii	"\237\252\031\222Xvo\375\221D\303K\246\033\274\012\231"
 152      58766FFD 
 152      9144C34B 
 152      A61BBC0A 
 152      99
 153 0572 97C827AE 		.ascii	"\227\310'\256\027\354\324\274t\266\214\275\272;\314"
 153      17ECD4BC 
 153      74B68CBD 
 153      BA3BCC
 154 0581 90597AE1 		.ascii	"\220Yz\341.Z\017d9\223i\373\335\375\343\\V\277DK\317"
 154      2E5A0F64 
 154      399369FB 
 154      DDFDE35C 
 154      56BF444B 
 155 0596 32FCF2F0 		.ascii	"2\374\362\360\314\231[\342\255\200\002\013`\321\355"
 155      CC995BE2 
 155      AD80020B 
 155      60D1ED
 156 05a5 05E3C010 		.ascii	"\005\343\300\020i\266!\322\034\032\024{]\234c\035\220"
 156      69B621D2 
 156      1C1A147B 
 156      5D9C631D 
 156      90
 157 05b6 DB8CE3AE 		.ascii	"\333\214\343\256\353\023W%\030\370\221\006~\001\305"
 157      EB135725 
 157      18F89106 
 157      7E01C5
 158 05c5 E7C68A0A 		.ascii	"\347\306\212\012\003dc\254D.\210\333\013@\306\304I\244"
 158      036463AC 
 158      442E88DB 
 158      0B40C6C4 
 158      49A4
 159 05d7 244EE444 		.ascii	"$N\344D g\360vL\274\310\211@6\305K\344{q\213K\255\211"
 159      2067F076 
 159      4CBCC889 
 159      4036C54B 
 159      E47B718B 
 160 05ee 09FCB23D 		.ascii	"\011\374\262=\373_\014,\"\267\271H\251\350\237\015d"
 160      FB5F0C2C 
 160      22B7B948 
 160      A9E89F0D 
 160      64
 161 05ff B7B8CC07 		.ascii	"\267\270\314\007r3A\"\343\023Y*\250\230W\256Z\325\335"
 161      72334122 
 161      E313592A 
 161      A89857AE 
 161      5AD5DD
ARM GAS  /tmp/ccYR8o98.s 			page 12


 162 0612 2243B9A1 		.ascii	"\"C\271\241\356\362\223\207sM\245\243\334\020\177+\025"
 162      EEF29387 
 162      734DA5A3 
 162      DC107F2B 
 162      15
 163 0623 7F412227 		.ascii	"\177A\"':\011\310\276DLO\3426\3023z\034\023\343\002"
 163      3A09C8BE 
 163      444C4FE2 
 163      36C2337A 
 163      1C13E302 
 164 0637 326BC9FB 		.ascii	"2k\311\373\243\311\232\226<[\374\226\224\213\253\316"
 164      A3C99A96 
 164      3C5BFC96 
 164      948BABCE 
 165 0647 A44A5C75 		.ascii	"\244J\\u\"\247ZJ\344\026\266\247\254\347m\254\212\204"
 165      22A75A4A 
 165      E416B6A7 
 165      ACE76DAC 
 165      8A84
 166 0659 7D4B64EC 		.ascii	"}Kd\354\013T\232\373\323ov\240\211\353Fd\3330U\022\371"
 166      0B549AFB 
 166      D36F76A0 
 166      89EB4664 
 166      DB305512 
 167 066e 138EC908 		.ascii	"\023\216\311\010A\207:*\303\021\231\344\275 \2219\330"
 167      41873A2A 
 167      C31199E4 
 167      BD209139 
 167      D8
 168 067f 4AE88856 		.ascii	"J\350\210VU\371w'&t\324\362\010\325\343`\336\232\303"
 168      55F97727 
 168      2674D4F2 
 168      08D5E360 
 168      DE9AC3
 169 0692 1019D599 		.ascii	"\020\031\325\231N\305q\031\2132\313\177<\177|\300\302"
 169      4EC57119 
 169      8B32CB7F 
 169      3C7F7CC0 
 169      C2
 170 06a3 A9262FB3 		.ascii	"\251&/\263\030\303\251Z\206\303\354\271\226\246)b#\213"
 170      18C3A95A 
 170      86C3ECB9 
 170      96A62962 
 170      238B
 171 06b5 81D2D379 		.ascii	"\201\322\323y\376|\204 \211\3756\022\373d\0068\243\003"
 171      FE7C8420 
 171      89FD3612 
 171      FB640638 
 171      A303
 172 06c7 AA6C80BD 		.ascii	"\252l\200\275\034pR\007\034\262\001x\230\225\236\322"
 172      1C705207 
 172      1CB20178 
 172      98959ED2 
 173 06d7 01076D80 		.ascii	"\001\007m\200\003\234\302\331<\026\365\030\253{\030"
 173      039CC2D9 
 173      3C16F518 
 173      AB7B18
ARM GAS  /tmp/ccYR8o98.s 			page 13


 174 06e6 409B984A 		.ascii	"@\233\230J\231\005\264\021x\273pq\203\321P\303Ph\247"
 174      9905B411 
 174      78BB7071 
 174      83D150C3 
 174      5068A7
 175 06f9 8B329C94 		.ascii	"\2132\234\224\341\224\014ge8'\303i\031\316\310p^K&\007"
 175      E1940C67 
 175      653827C3 
 175      6919CEC8 
 175      705E4B26 
 176 070e 74BE276C 		.ascii	"t\276'l|\337\227\310\276\027\370D\266\343N\313\347m"
 176      7CDF97C8 
 176      BE17F844 
 176      B6E34ECB 
 176      E76D
 177 0720 5B0BF2C3 		.ascii	"[\013\362\303\013\342R!_\267\222\310\272V\034\366[\336"
 177      0BE25221 
 177      5FB792C8 
 177      BA561CF6 
 177      5BDE
 178 0732 89E55B74 		.ascii	"\211\345[tD\341$n8\236\273%\266\261\232u\213\325\254"
 178      44E1246E 
 178      389EBB25 
 178      B6B19A75 
 178      8BD5AC
 179 0745 9BB4FA94 		.ascii	"\233\264\372\224\325\346U\023s\365\271.s\275n\313\014"
 179      D5E65513 
 179      73F5B92E 
 179      73BD6ECB 
 179      0C
 180 0756 27919149 		.ascii	"'\221\221I\234bgR\222\204UG\334u\"\327\361\256\2405"
 180      9C626752 
 180      92845547 
 180      DC7522D7 
 180      F1AEA035 
 181 076a 759609B7 		.ascii	"u\226\011\267\316\236\262.>\341\201\014\017\015\337"
 181      CE9EB22E 
 181      3EE1810C 
 181      0F0DDF
 182 0779 3E3E7D7D 		.ascii	">>}}\231\251\326>4LX\317\263\313\267\225\205Eq\254\202"
 182      99A9D63E 
 182      344C58CF 
 182      B3CBB795 
 182      854571AC 
 183 078e D7CBAC82 		.ascii	"\327\313\254\202\327\257\337\276Lndi\371\030\245z\304"
 183      D7AFDFBE 
 183      4C6E6469 
 183      F918A57A 
 183      C4
 184 079f C7D42C9A 		.ascii	"\307\324,\232\3427h>6h6P\251W\265\226\310\021lO\260"
 184      E237683E 
 184      36683650 
 184      A957B596 
 184      C8116C4F 
 185 07b4 2D6C2391 		.ascii	"-l#\221\243m\270\334-I\003\336-|Q\"\325\330\236`\233"
 185      A36DB8DC 
 185      2D4903DE 
ARM GAS  /tmp/ccYR8o98.s 			page 14


 185      2D7C5122 
 185      D5D89E60 
 186 07c9 D55622E5 		.ascii	"\325V\"\345m\221b"
 186      6D9162
 187 07d0 C75917E7 		.ascii	"\307Y\027\347\027G\211*h\372\320\271\032[\240\271@\204"
 187      1747892A 
 187      68FAD0B9 
 187      1A5BA0B9 
 187      4084
 188 07e2 C058A2F3 		.ascii	"\300X\242\363\272$\353\325\251a\232\006\031m\201$\333"
 188      BA24EBD5 
 188      A9619A06 
 188      196D8124 
 188      DB
 189 07f3 9CE47B99 		.ascii	"\234\344{\231\026#j!\004\241\223|I`\"\201\257\010\024"
 189      16236A21 
 189      04A1937C 
 189      49602281 
 189      AF0814
 190 0806 10C82530 		.ascii	"\020\310%0\211\300\030\002S\010\344\023\370\232\300"
 190      89C01802 
 190      5308E413 
 190      F89AC0
 191 0815 3402E309 		.ascii	"4\002\343\011L%4\316'\020\310#0\216\010\377)\326e\272"
 191      4C2534CE 
 191      2710C823 
 191      308E08FF 
 191      29D665BA 
 192 0829 2A9B199A 		.ascii	"*\233\031\232k\357\304\002Q\215\032d\270oA\335\223\015"
 192      6BEFC402 
 192      518D1A64 
 192      B86F41DD 
 192      930D
 193 083b D4980251 		.ascii	"\324\230\002Qh\026\3100\334\"<\256Z\364b_`\324\254:"
 193      6816C830 
 193      DC223CAE 
 193      5AF4625F 
 193      60D4AC3A 
 194 084f 0BA96B86 		.ascii	"\013\251k\206\021\236\350F\030\3450\202\010\267/u\261"
 194      119EE846 
 194      18E53082 
 194      08B72F75 
 194      B1
 195 0860 873959F1 		.ascii	"\2079Y\361\012]:\253@\245\241q[\206\033\214\223\346"
 195      0A5D3AAB 
 195      40A5A171 
 195      5B861B8C 
 195      93E6
 196 0872 94D70CA1 		.ascii	"\224\327\014\241K\213t:w-\322\3341)\366l\232Pl\253\014"
 196      4B8B743A 
 196      772DD2DC 
 196      3129F66C 
 196      9A506CAB 
 197 0887 232DDC2A 		.ascii	"#-\334*u\231\353rM\212=\265\220Zcb7Ng\367\\vx\200\300"
 197      7599EB72 
 197      4D8A3DB5 
 197      905A6362 
ARM GAS  /tmp/ccYR8o98.s 			page 15


 197      374E67F7 
 198 08a0 14E8981F 		.ascii	"\024\350\230\037\234\"q\003M\320!O\234\323\301!\343"
 198      9C227103 
 198      4DD0214F 
 198      9CD3C121 
 198      E3
 199 08b1 75C833A7 		.ascii	"u\3103\2474\\\344\347\323\214\011\033\341\324\213.\015"
 199      345CE4E7 
 199      D38C091B 
 199      E1D48B2E 
 199      0D
 200 08c2 CEA35BD7 		.ascii	"\316\243[\327S\267\226\363\027^_\336\302\032\236\205"
 200      53B796F3 
 200      175E5FDE 
 200      C21A9E85 
 201 08d2 0466103D 		.ascii	"\004f\020=<G\254;\3551\"i\206A\254\010\247\204Ll'\221"
 201      3C47AC3B 
 201      ED312269 
 201      8641AC08 
 201      A7844C6C 
 202 08e8 25D8AAB0 		.ascii	"%\330\252\260\325\266\243\370\255\307\037\354h\321X"
 202      D5B6A3F8 
 202      ADC71FEC 
 202      68D158
 203 08f7 5E994B68 		.ascii	"^\231Kh^I\246\345\277f\317\252\004\232VjEZ\341\311m"
 203      5E49A6E5 
 203      BF66CFAA 
 203      049A566A 
 203      455AE1C9 
 204 090c 1E612089 		.ascii	"\036a \211\334Cb\317\332\361T\326\216\344\276$\221\231"
 204      DC4362CF 
 204      DAF154D6 
 204      8EE4BE24 
 204      9199
 205 091e 2F21E996 		.ascii	"/!\351\226O\027\215\333\005Z\004R\221N=Zm.\"\213\211"
 205      4F178DDB 
 205      055A0452 
 205      914E3D5A 
 205      6D2E228B 
 206 0933 A58888A8 		.ascii	"\245\210\210\250\302\244\300=\004\212\011\205`T\225"
 206      C2A4C03D 
 206      048A0985 
 206      605495
 207 0942 122821B0 		.ascii	"\022(!\260\234\300R\002\313\010\254 \260\204\306\015"
 207      9CC05202 
 207      CB08AC20 
 207      B084C60D 
 208 0952 75AEF38F 		.ascii	"u\256\363\217\006R\347\232G`\016\261\022\024\025\343"
 208      0652E79A 
 208      47600EB1 
 208      121415E3 
 209 0962 0C07F092 		.ascii	"\014\007\360\222b\001,$\274 <\312\020uk\001\243`\256"
 209      62012C24 
 209      BC203CCA 
 209      10756B01 
 209      A360AE
 210 0975 5BC2154E 		.ascii	"[\302\025N\3534\026\331\230\210\302vN\007\314\267\001"
ARM GAS  /tmp/ccYR8o98.s 			page 16


 210      EB3416D9 
 210      9888C276 
 210      4E07CCB7 
 210      01
 211 0986 44613BA9 		.ascii	"Da;\251\003N\330\244\300\362\260\031-v\030\333Uj\265"
 211      034ED8A4 
 211      C0F2B019 
 211      2D7618DB 
 211      556AB5
 212 0999 56B70FDD 		.ascii	"V\267\017\335?\031\253\245\253$V{\265\210.\"0\235\300"
 212      3F19ABA5 
 212      AB24567B 
 212      B5882E22 
 212      309DC0
 213 09ac E646FDB5 		.ascii	"\346F\375\265n\213\311\363\313,(c\215_U`\204\320,\013"
 213      6E8BC9F3 
 213      CB2C2863 
 213      8D5F5560 
 213      84D02C0B 
 214 09c0 460B582A 		.ascii	"F\013X*\354V\356\263\003`\245\005bDY\351\376\002m\351"
 214      EC56EEB3 
 214      0360A505 
 214      624459E9 
 214      FE026DE9 
 215 09d4 3CD3290F 		.ascii	"<\323)\017gUn\022g\225C\034\221\032N\026\250\224\016"
 215      67556E12 
 215      6795431C 
 215      911A4E16 
 215      A8940E
 216 09e7 BA7CAD4C 		.ascii	"\272|\255L!<\235\352\321A!{\012T:=h\263\331\214\212"
 216      213C9DEA 
 216      D141217B 
 216      0A543A3D 
 216      68B3D98C 
 217 09fc 963DB4D8 		.ascii	"\226=\264\3300r\361\025\031.\313l%\266\231y\315\032"
 217      3072F115 
 217      192ECB6C 
 217      25B69979 
 217      CD1A
 218 0a0e 021B08AC 		.ascii	"\002\033\010\254#\260\211\300Z\354!\260\032g\227h\247"
 218      23B089C0 
 218      5AEC21B0 
 218      1A679768 
 218      A7
 219 0a1f 3AADF9FE 		.ascii	":\255\371\376\013\310\260\237\3218Xs\353I\251\332X\034"
 219      0BC8B09F 
 219      D1385873 
 219      EB49A9DA 
 219      581C
 220 0a31 6C6371D0 		.ascii	"lcq\320\031!w&<\033\025e.\257\232\253|C\030L\"E?\303"
 220      19217726 
 220      3C1B1565 
 220      2EAF9AAB 
 220      7C43184C 
 221 0a49 BD30B672 		.ascii	"\2750\266rl\273\261Uc;\217\355*\266\273\330\206\275"
 221      6CBBB155 
 221      633B8FED 
ARM GAS  /tmp/ccYR8o98.s 			page 17


 221      2AB6BBD8 
 221      86BD
 222 0a5b 2C91C9D8 		.ascii	",\221\311\330\346b[\201m\355\313\310\272\375\265\322"
 222      E6625B81 
 222      6DEDCBC8 
 222      BAFDB5D2 
 223 0a6b 2D03EC75 		.ascii	"-\003\354u\312\010\206r\002[\220\376\001\002\007\231"
 223      CA088672 
 223      025B90FE 
 223      01020799 
 224 0a7b 5AE7081C 		.ascii	"Z\347\010\034&p\206\300)\002G\011\234$p\202\300\021"
 224      267086C0 
 224      29024709 
 224      9C247082 
 224      C011
 225 0a8d 0267091C 		.ascii	"\002g\011\034'PM\340\030\201C\004N\023\250\321\212\313"
 225      27504DE0 
 225      18814304 
 225      4E13A8D1 
 225      8ACB
 226 0a9f E606CDFB 		.ascii	"\346\006\315\373\2663*\334\373\214rPZ\242\0030,\017"
 226      B6332ADC 
 226      FB8C7250 
 226      5AA20330 
 226      2C0F
 227 0ab1 12C7DA6E 		.ascii	"\022\307\332nE\203\026#\225\214\200\246\270\311%\226"
 227      45831623 
 227      958C80A6 
 227      B8C92596 
 228 0ac1 EA24AA88 		.ascii	"\352$\252\210\225\204Xxm\322\001;L\000FA\204\352F\035"
 228      95845878 
 228      6DD2013B 
 228      4C004641 
 228      84EA461D 
 229 0ad5 B1D38E10 		.ascii	"\261\323\216\020a\264A\227c\227S\016\341\275\313u*{"
 229      61B44197 
 229      6397530E 
 229      E1BDCB75 
 229      2A7B
 230 0ae7 6C82201B 		.ascii	"l\202 \033\352Q\345\015\012\005|\303R\206\211\010\263"
 230      EA51E50D 
 230      0A057CC3 
 230      52868908 
 230      B3
 231 0af8 8708E865 		.ascii	"\207\010\350e:\221\2756\"B\222%:`\237\015 \304\330\242"
 231      3A91BD36 
 231      22429225 
 231      3A609F0D 
 231      20C4D8A2 
 232 0b0c 032AEC36 		.ascii	"\003*\3546\3476]\254\353\262\337\"\206)\255\254\327"
 232      E7365DAC 
 232      EBB2DF22 
 232      8629ADAC 
 232      D7
 233 0b1d 21BB9DEA 		.ascii	"!\273\235\352\012Lq\203)\263\034\264e\226#\350c\265"
 233      0A4C7183 
 233      29B31CB4 
ARM GAS  /tmp/ccYR8o98.s 			page 18


 233      659623E8 
 233      63B5
 234 0b2f D4C7DA15 		.ascii	"\324\307\332\025\035[\177^6\035\014\260\205\320\370"
 234      1D5B7F5E 
 234      361D0CB0 
 234      85D0F8
 235 0b3e 42AD389D 		.ascii	"B\2558\235\307\330k$a\224\026\350\210oe3b\207\021\240"
 235      C7D86B24 
 235      619416E8 
 235      886F6533 
 235      628711A0 
 236 0b52 85852C86 		.ascii	"\205\205,\206q\315\273\233A\370\272Y@\2041\212u2\333"
 236      71CDBB9B 
 236      41F8BA59 
 236      4084318A 
 236      7532DB
 237 0b65 2C643619 		.ascii	",d6\031\371bq\241\221\2326;A<\322\353&\024\256\211\211"
 237      F96271A1 
 237      919A363B 
 237      413CD2EB 
 237      2614AE89 
 238 0b7a 8CED4C15 		.ascii	"\214\355L\025\335\312D\346\321aN*\"\033\254\223a\255"
 238      DDCA44E6 
 238      D1614E2A 
 238      221BAC93 
 238      61AD
 239 0b8c CC8AE3F7 		.ascii	"\314\212\343\367,l.\022\370\016\323\014\201o\011\\\""
 239      2C6C2E12 
 239      F80ED30C 
 239      816F095C 
 239      22
 240 0b9d 7083C035 		.ascii	"p\203\3005\002\227\011\\!p\025\263\212VO\362\2716\230"
 240      0297095C 
 240      217015B3 
 240      8A564FF2 
 240      B93698
 241 0bb0 41BE6342 		.ascii	"A\276cB\360\244bY\033.\321\225\331h\221s\203\241\314"
 241      F0A46259 
 241      1B2ED195 
 241      D9689173 
 241      83A1CC
 242 0bc3 2C4D19CC 		.ascii	",M\031\314\220\025\026\3207\246\214\275\264\320H\221"
 242      901516D0 
 242      37A68CBD 
 242      B4D04891 
 243 0bd3 17888394 		.ascii	"\027\210\203\224@\025\231hmw\322\302Y\036\361\012M`"
 243      40159968 
 243      6D77D2C2 
 243      591EF10A 
 243      4D60
 244 0be5 D3671E3E 		.ascii	"\323g\036>\031\233\3440\300\315\277\301\000,/v\344y"
 244      199BE430 
 244      C0CDBFC1 
 244      002C2F76 
 244      E479
 245 0bf7 51265FBF 		.ascii	"Q&_\277\"\221bl{^i\354\020\361\304\203{c\370\3751\200"
 245      2291626C 
ARM GAS  /tmp/ccYR8o98.s 			page 19


 245      7B5E69EC 
 245      10F1C483 
 245      7B63F8FD 
 246 0c0d 7B849C67 		.ascii	"{\204\234g\250\003\247\266,\264\235K? \360\320X\236"
 246      A803A7B6 
 246      2CB49D4B 
 246      3F20F0D0 
 246      589E
 247 0c1f CC2E9E5B 		.ascii	"\314.\236[b:W|hhSO\370\326y\362\205qQ|\367@\340>\301"
 247      623A577C 
 247      6868534F 
 247      F8D679F2 
 247      8571517C 
 248 0c38 9EF2ED13 		.ascii	"\236\362\355\023K\342\033;\000|\214i\361\021\0375\177"
 248      4BE21B3B 
 248      007C8C69 
 248      F1111F35 
 248      7F
 249 0c49 C495E5A6 		.ascii	"\304\225\345\246M\311c\203l\003\315\313?\240\032\023"
 249      4DC96383 
 249      6C03CDCB 
 249      3FA01A13 
 250 0c59 5FC5ED01 		.ascii	"_\305\355\001\266Rl\007\260]\307\366\374U:\270b\303"
 250      B6526C07 
 250      B05DC7F6 
 250      FC553AB8 
 250      62C3
 251 0c6b 9EB3A0B1 		.ascii	"\236\263\240\261\244\272\335\371b\363)\2451\216#\320"
 251      A4BADDF9 
 251      62F329A5 
 251      318E23D0 
 252 0c7b AEC3157E 		.ascii	"\256\303\025~\216\271\271\2428\332\3408B\3219\216d\200"
 252      8EB9B9A2 
 252      38DAE038 
 252      42D1398E 
 252      6480
 253 0c8d D6C3AA77 		.ascii	"\326\303\252w]\217\325\303\215\255\177\366\232&\374"
 253      5D8FD5C3 
 253      8DAD7FF6 
 253      9A26FC
 254 0c9c 29812F15 		.ascii	")\201/\025hdi\276\277P?(\272k\301\230\213}\225\211\322"
 254      686469BE 
 254      BF503F28 
 254      BA6BC198 
 254      8B7D9589 
 255 0cb1 1327254B 		.ascii	"\023'%K$\324\021\270M\330< \014\035a\234\002\343\025"
 255      24D411B8 
 255      4DD83C20 
 255      0C1D619C 
 255      02E315
 256 0cc4 98A840AE 		.ascii	"\230\250@\256\002\243\024\030\243\300\004\005F+0V\341"
 256      02A31418 
 256      A3C00405 
 256      462B3056 
 256      E1
 257 0cd5 E5A2AEA6 		.ascii	"\345\242\256\246P\3543F*0L1\0237\255Z\3135\011\320<"
 257      50EC3346 
ARM GAS  /tmp/ccYR8o98.s 			page 20


 257      2A304C31 
 257      1337AD5A 
 257      CB3509D0 
 258 0cea 5F584046 		.ascii	"_X@F\366\330Z\250\235\361E\034\010\221\031\366\350\220"
 258      F6D85AA8 
 258      9DF1451C 
 258      089119F6 
 258      E890
 259 0cfc 6716354C 		.ascii	"g\0265L\031\275n\237&O\003\201\037\234&\341\362T\232"
 259      19BD6E9F 
 259      264F0381 
 259      1F9C26E1 
 259      F2549A
 260 0d0f E479EE24 		.ascii	"\344y\356$\205aR\370\032\235\267\265\015\033\013\023"
 260      856152F8 
 260      1A9DB7B5 
 260      0D1B0B13 
 261 0d1f 921CD699 		.ascii	"\222\034\326\231\244\374\024\353\220\342\327\304A\025"
 261      A4FC14EB 
 261      90E2D7C4 
 261      4115
 262 0d2d 7F271469 		.ascii	"\177'\024iK\2662\2523\227\036\\j:\360\331o\034@O\345"
 262      4BB632AA 
 262      33971E5C 
 262      6A3AF0D9 
 262      6F1C404F 
 263 0d42 EE3276D2 		.ascii	"\3562v\322\235\331\334\307\246*\374\020\376\320\314"
 263      9DD9DCC7 
 263      A62AFC10 
 263      FED0CC
 264 0d51 EBFC050C 		.ascii	"\353\374\005\014.\373\247)\330S5e\324\362x\355\375F"
 264      2EFBA729 
 264      D8533565 
 264      D4F278ED 
 264      FD46
 265 0d63 3EED89DC 		.ascii	">\355\211\334=\264W\321z\012hO\365\215\323\265.\255"
 265      3DB457D1 
 265      7A0A684F 
 265      F58DD3B5 
 265      2EAD
 266 0d75 673AEDB9 		.ascii	"g:\355\271\376|\352\301X\255\247\220\366<\230<\355a"
 266      FE7CEAC1 
 266      58ADA790 
 266      F63C983C 
 266      ED61
 267 0d87 A307E645 		.ascii	"\243\007\346E\250\356\014.\316\363\352\274'\252!o\221"
 267      A8EE0C2E 
 267      CEF3EABC 
 267      27AA216F 
 267      91
 268 0d98 61AD990C 		.ascii	"a\255\231\014\360\273\212Ss\026\312\035\035\037\323"
 268      F0BB8A53 
 268      7316CA1D 
 268      1D1FD3
 269 0da7 3285D5E3 		.ascii	"2\205\325\3432-\025\256\220a\245Ad\231\221-\317\353"
 269      322D15AE 
 269      9061A541 
ARM GAS  /tmp/ccYR8o98.s 			page 21


 269      6499912D 
 269      CFEB
 270 0db9 90136086 		.ascii	"\220\023`\206\0340\216\202\367\350\220\271\026*E\006"
 270      1C308E82 
 270      F7E890B9 
 270      162A4506 
 271 0dc9 95533AE4 		.ascii	"\225S:\344\274\205\3129c{\\\272B\307\254\262\220)5\310"
 271      BC85CA39 
 271      637B5CBA 
 271      42C7ACB2 
 271      902935C8 
 272 0ddd 9CD32127 		.ascii	"\234\323!'-djLdN\353\230\263\026\314iC\3403:\344\214"
 272      2D646A4C 
 272      644EEB98 
 272      B316CC69 
 272      43E0333A 
 273 0df3 13229CB6 		.ascii	"\023\"\234\266\266L8\355q\200\203N\315\005jy\231\261"
 273      B64C38ED 
 273      7180834E 
 273      CD056A79 
 273      99B1
 274 0e05 F75B6D91 		.ascii	"\367[m\221\272\314\024\000\233\312\214h_jA-6t;\250\013"
 274      BACC1400 
 274      9BCA8C68 
 274      5F6A412D 
 274      36743BA8 
 275 0e1a 75C9C2EE 		.ascii	"u\311\302\356\242qR]n\342Vl\241\263\310T\254\327sB\210"
 275      A271525D 
 275      6EE2566C 
 275      A1B3C854 
 275      ACD77342 
 276 0e2f 59E9B4A3 		.ascii	"Y\351\264\243\250\303\313\312\260\016#\241[\230\331"
 276      A8C3CBCA 
 276      B00E23A1 
 276      5B98D9
 277 0e3e 1988571B 		.ascii	"\031\210W\033\313.\273n\277\306n\016\356\023\2343+\330"
 277      CB2EBB6E 
 277      BFC66E0E 
 277      EE139C33 
 277      2BD8
 278 0e50 55EAECE6 		.ascii	"U\352\354\346[0\363L\224\256\232\014\260\307\242]%h"
 278      5B30F34C 
 278      94AE9A0C 
 278      B0C7A25D 
 278      2568
 279 0e62 0B1111CF 		.ascii	"\013\021\021\317_+\360\025~MV(\012\343y\275\002\313"
 279      5F2BF015 
 279      7E4D5628 
 279      0AE379BD 
 279      02CB
 280 0e74 14285660 		.ascii	"\024(V`\236\002K\025\230\245\300&\005J\024X\245\300"
 280      9E024B15 
 280      98A5C026 
 280      054A1458 
 280      A5C0
 281 0e86 46059628 		.ascii	"F\005\226(\260F\201\025\012\314Q`\271\002k\025X\214"
 281      B0468115 
ARM GAS  /tmp/ccYR8o98.s 			page 22


 281      0ACC5160 
 281      B9026B15 
 281      588C
 282 0e98 BA2850A6 		.ascii	"\272(P\246\300\\\005\026(\260P\201\325\012\314W`\266"
 282      C05C0516 
 282      28B05081 
 282      D50ACC57 
 282      60B6
 283 0eaa 028B1428 		.ascii	"\002\213\024(U`\203\226&7\233\254\271\3049+B\364\223"
 283      55608396 
 283      26379BAC 
 283      B9C4392B 
 283      42F493
 284 0ebd 26D12F38 		.ascii	"&\321/8}\227\317\335Y}\356N9\375R\344R\035\262\320i"
 284      7D97CFDD 
 284      597DEE4E 
 284      39FD52E4 
 284      521DB2D0 
 285 0ed2 266680BA 		.ascii	"&f\200\272\003e\033\330\244\314\300U\002#\243\235\352"
 285      03651BD8 
 285      A4CCC055 
 285      0223A39D 
 285      EA
 286 0ee3 5F365CA0 		.ascii	"_6\\\240\306$\316\267N?\021\373\262\245el\025\224\247"
 286      C624CEB7 
 286      4E3F11FB 
 286      B2A5656C 
 286      1594A7
 287 0ef6 C01D4231 		.ascii	"\300\035B1<I\232w\222\3274\367\236\251\300\024\3051"
 287      3C499A77 
 287      92D734F7 
 287      9EA9C014 
 287      C531
 288 0f08 23DA9ED4 		.ascii	"#\332\236\324\304\255\304\351p\234\324F\223\035\227"
 288      C4ADC4E9 
 288      709CD446 
 288      931D97
 289 0f17 3BD3083D 		.ascii	";\323\010=\377\270\305\222l\311\276\253\007\343\223"
 289      FFB8C592 
 289      6CC9BEAB 
 289      07E393
 290 0f26 1C53BDF9 		.ascii	"\034S\275\371\377v\252i\362.\332ez\237\262\305\020\260"
 290      FF76AA69 
 290      F22EDA65 
 290      7A9FB2C5 
 290      10B0
 291 0f38 9C67D34B 		.ascii	"\234g\323K\223\227\226\307\277U\023\211\324?yxtM\307"
 291      939796C7 
 291      BF551389 
 291      D43F7978 
 291      744DC7
 292 0f4b EDC3677F 		.ascii	"\355\303g\177\214\217`7}\353\251cwk\257U\266\361\367"
 292      8C8F6037 
 292      7DEBA963 
 292      776BAF55 
 292      B6F1F7
 293 0f5e 0C911664 		.ascii	"\014\221\026d\323\353\270\024\301v\002\333\035l\243"
ARM GAS  /tmp/ccYR8o98.s 			page 23


 293      D3EBB814 
 293      C17602DB 
 293      1D6CA3
 294 0f6d DBE31612 		.ascii	"\333\343\026\022\333jl\373\333#\345\204\313\317f>\""
 294      DB6A6CFB 
 294      DB23E584 
 294      CBCF663E 
 294      22
 295 0f7e C6317C7D 		.ascii	"\3061|}\376\242\3615Q\313\327G\"_\266\243\013\345J\005"
 295      FEA2F135 
 295      51CBD747 
 295      225FB6A3 
 295      0BE54A05 
 296 0f92 0E365278 		.ascii	"\0166Rx\353n\317\033\027_\032!l+"
 296      EB6ECF1B 
 296      175F1A21 
 296      6C2B
 297 0fa0 C520A6AD 		.ascii	"\305 \246\255\024\337}\334\332>*\322\362\2138\212\330"
 297      14DF7DDC 
 297      DA3E2AD2 
 297      F28B388A 
 297      D8
 298 0fb1 65477087 		.ascii	"eGp\207\2739|t\244\345\2108:u\273\035lD\354>2\250l\267"
 298      BB397C74 
 298      A4E58838 
 298      3A75BB1D 
 298      6C44EC3E 
 299 0fc9 5359484C 		.ascii	"SYHLQ)\016\323\3670\020\032e/\326H\005\366)P\245\300"
 299      51290ED3 
 299      F730101A 
 299      652FD648 
 299      05F62950 
 300 0fdf 21050E88 		.ascii	"!\005\016\210\230*\2557\010\356\260\023\304\015\017"
 300      982AAD37 
 300      08EEB013 
 300      C40D0F
 301 0fee DA7AF1D2 		.ascii	"\332z\361\322SWc\214wW\010\371F\341\257\354\016+"
 301      5357638C 
 301      775708F9 
 301      46E1AFEC 
 301      0E2B
 302 1000 E2907BC3 		.ascii	"\342\220{\303\033\270h\305v\341\015q\274\036G\356\275"
 302      1BB868C5 
 302      76E10D71 
 302      BC1E47EE 
 302      BD
 303 1011 81635D37 		.ascii	"\201c]7&\257\235\037\303j\030\015\227\334\005\275'}"
 303      26AF9D1F 
 303      C36A180D 
 303      97DC05BD 
 303      277D
 304 1023 819B6905 		.ascii	"\201\233i\005\216(Pc\320ql%\252\025\232\215\341\030"
 304      8E285063 
 304      D0716C25 
 304      AA159A8D 
 304      E118
 305 1035 43A1F027 		.ascii	"C\241\360'\0258\241\300)\005Nk\251`\334\316\011\011"
ARM GAS  /tmp/ccYR8o98.s 			page 24


 305      1538A1C0 
 305      29054E6B 
 305      A960DCCE 
 305      0909
 306 1047 9416AE1F 		.ascii	"\224\026\256\037\2172\224\343\274\270._\347Va\341v\315"
 306      8F3294E3 
 306      BCB82E5F 
 306      E75661E1 
 306      76CD
 307 1059 142ED305 		.ascii	"\024.\323\005\231\355\000\307-dP\012\036\010\317\337"
 307      99ED00C7 
 307      2D64500A 
 307      1E08CFDF 
 308 1069 60677665 		.ascii	"`gve\363\316\252I\016\001\3174. =\334\030v\252\320\264"
 308      F3CEAA49 
 308      0E01CF34 
 308      2E203DDC 
 308      1876AAD0 
 309 107e EA3E6B4A 		.ascii	"\352>kJB\212\360\312\013*\177g\246\222\361\035$2\277"
 309      428AF0CA 
 309      0B2A7F67 
 309      A692F11D 
 309      2432BF
 310 1091 031D7663 		.ascii	"\003\035vc\347\325}\361\316\037S|\253\230~\243A\226"
 310      E7D57DF1 
 310      CE1F537C 
 310      AB987EA3 
 310      4196
 311 10a3 7510AFD7 		.ascii	"u\020\257\327T\262\036G\356\020\267\225*\331\303\210"
 311      54B21E47 
 311      EE10B795 
 311      2AD9C388 
 312 10b3 AC9BDBB0 		.ascii	"\254\233\333\260\313\025\215Dj\307\\\300-\201\230\321"
 312      CB158D44 
 312      6AC75CC0 
 312      2D8198D1 
 313 10c3 6B8AFEDA 		.ascii	"k\212\376\332\234\034e\2709S\246\327\203\015\007\327"
 313      9C1C65B8 
 313      3953A6D7 
 313      830D07D7 
 314 10d3 153392BF 		.ascii	"\0253\222\277\211Sy\370\020R+X\305\322_\015T\037\275"
 314      895379F8 
 314      10522B58 
 314      C5D25F0D 
 314      541FBD
 315 10e6 DCE8F1CD 		.ascii	"\334\350\361\315\035\205\036\337\324\321\205\321\201"
 315      1D851EDF 
 315      D4D185D1 
 315      81
 316 10f3 AFAA1B64 		.ascii	"\257\252\033d\303u.)pK\341\307\271w\025\006\304D\303"
 316      C3752E29 
 316      704BE1C7 
 316      B9771506 
 316      C444C3
 317 1106 4419B5ED 		.ascii	"D\031\265\355\373C\321\256\013\315\352\315_\340\251"
 317      FB43D1AE 
 317      0BCDEACD 
ARM GAS  /tmp/ccYR8o98.s 			page 25


 317      5FE0A9
 318 1115 A4BE1925 		.ascii	"\244\276\031%\037\232\224|\306pS\246\037?\234\020}\301"
 318      1F9A947C 
 318      C67053A6 
 318      1F3F9C10 
 318      7DC1
 319 1127 AA64BD62 		.ascii	"\252d\275bAN|\263i\212\015&\334\327\0147\375j\311\254"
 319      414E7CB3 
 319      698A0D26 
 319      DCD70C37 
 319      FD6AC9AC 
 320 113b 18BBD99E 		.ascii	"\030\273\331\236(f$\267Wk2\377M\211,\301\266\016[\005"
 320      286624B7 
 320      576B32FF 
 320      4D892CC1 
 320      B60E5B05 
 321 114f B62A6CD5 		.ascii	"\266*l\325\214\310\276]\271\225\340\370m\203j\375m\303"
 321      8CC8BE5D 
 321      B995E0F8 
 321      6D836AFD 
 321      6DC3
 322 1161 BD1DF3E7 		.ascii	"\275\035\363\347\307\232\336\311\252\272\215G\251h\272"
 322      C79ADEC9 
 322      AABA8D47 
 322      A968BA
 323 1170 B348ED7B 		.ascii	"\263H\355{l\367\260=eT\037\216*\236\031\353|\3618V5"
 323      6CF7B03D 
 323      65541F8E 
 323      2A9E19EB 
 323      7CF13856 
 324 1185 BF781CD5 		.ascii	"\277x\034\325\021\267f\330\012\260\025c[\206m-\266\315"
 324      11B766D8 
 324      0AB01563 
 324      5B866D2D 
 324      B6CD
 325 1197 1D45F0CA 		.ascii	"\035E\360\312d[GzJv\353\341\211\317;\332^\350\320\224"
 325      645B477A 
 325      4A76EBE1 
 325      89CF3BDA 
 325      5EE8D094 
 326 11ab B8F1BBF1 		.ascii	"\270\361\273\361\207bg\362\2248J\205\341*zHc\307\232"
 326      876267F2 
 326      94384A85 
 326      E12A7A48 
 326      63C79A
 327 11be 75250B46 		.ascii	"u%\013F\363\244\250\342\274Q\220\343\030w\303N\221}"
 327      F3A4A8E2 
 327      BC5190E3 
 327      1877C34E 
 327      917D
 328 11d0 54986843 		.ascii	"T\230hCX\262\331W*?\342G\004\3521O\205\231*LUa\232\012"
 328      58B2D957 
 328      2A3FE247 
 328      04EA314F 
 328      85992A4C 
 329 11e8 852A4C57 		.ascii	"\205*LW\241@\205\"\025\346\2530K\205)*\314Qa\206\012"
 329      A1408522 
ARM GAS  /tmp/ccYR8o98.s 			page 26


 329      15E6AB30 
 329      4B85292A 
 329      CC516186 
 330 11fd 735598AD 		.ascii	"sU\230\255\2124Wu\005\031\015\213\203q*\214g\214\032"
 330      8A345775 
 330      05190D8B 
 330      83712A8C 
 330      678C1A
 331 1210 3950AB34 		.ascii	"9P\25340\271\026\214\351\024j\263!\360\004\233\300\""
 331      30B9168C 
 331      E9146AB3 
 331      21F0049B 
 331      C022
 332 1222 43DF18C9 		.ascii	"C\337\030\311\2638:\373\027\026\313\230_u\0340X}\351"
 332      B3383AFB 
 332      1716CB98 
 332      5F751C30 
 332      587DE9
 333 1235 14471867 		.ascii	"\024G\030g\246\301+\317\306\213\227\224\263\006\253"
 333      A6C12BCF 
 333      C68B9794 
 333      B306AB
 334 1244 D1CE49E0 		.ascii	"\321\316I\340J\345\356\326\211|m\"b~7s\315 3\314)1'"
 334      4AE5EED6 
 334      897C6D22 
 334      627E3773 
 334      CD2033CC 
 335 125b 336EB48E 		.ascii	"3n\264\216\211X0\306\006\265\264\320\220w\262M^\016"
 335      895830C6 
 335      06B5B4D0 
 335      9077B24D 
 335      5E0E
 336 126d 386900C6 		.ascii	"8i\000\306\230\000\372K\227\321o\261\235\322\344\274"
 336      9800FA4B 
 336      97D16FB1 
 336      9DD2E4BC 
 337 127d B92D92EC 		.ascii	"\271-\222\354s\017\013\324\277o\366\221\342\343\207"
 337      730F0BD4 
 337      BF6FF691 
 337      E2E387
 338 128c DB66261A 		.ascii	"\333f&\032ih\241\012\317\024\276\372Z\244\212\0126\345"
 338      6968A10A 
 338      CF14BEFA 
 338      5AA48A0A 
 338      36E5
 339 129e 2DDCAE32 		.ascii	"-\334\2562\366\343\317]|\234HSQ\223\221\311\022Q<\213"
 339      F6E3CF5D 
 339      7C9C4853 
 339      519391C9 
 339      12513C8B 
 340 12b2 955A892C 		.ascii	"\225Z\211,\302\221K\261\355\304v\022\333\035lO\260\345"
 340      C2914BB1 
 340      EDC47612 
 340      DB1D6C4F 
 340      B0E5
 341 12c4 BE2D917C 		.ascii	"\276-\221|l\363\260-\301\266\022\333fl{\261\325\274"
 341      6CF3B02D 
ARM GAS  /tmp/ccYR8o98.s 			page 27


 341      C1B612DB 
 341      666C7BB1 
 341      D5BC
 342 12d6 8D9C5E79 		.ascii	"\215\234^y\262{\353\345\030\353N\217FM\356\225QZ\324"
 342      B27BEBE5 
 342      18EB4E8F 
 342      464DEE95 
 342      515AD4
 343 12e9 6C5461A7 		.ascii	"lTa\247\335J\324\220\015\333uC\256\260C\204\363\234"
 343      DD4AD490 
 343      0DDB7543 
 343      AEB04384 
 343      F39C
 344 12fb 32206B4D 		.ascii	"2 kM\020\323k\230\333\006b\245\235\210\330\340\030\210"
 344      10D36B98 
 344      DB0662A5 
 344      9D88D8E0 
 344      1888
 345 130d 75361A82 		.ascii	"u6\032\202\3138cF\227\333i\0106[\015\"\033lD8\227*\003"
 345      CB386346 
 345      97DB6908 
 345      365B0D22 
 345      1B6C4438 
 346 1324 B0DE06E0 		.ascii	"\260\336\006\340n~\335\000\224\331\000\"*\317\031\210"
 346      6E7EDD00 
 346      94D90022 
 346      2ACF1988 
 347 1334 353684B1 		.ascii	"56\204\261\256\300D\270T\205%\350\023\024\201\223\371"
 347      AEC044B8 
 347      548525E8 
 347      13148193 
 347      F9
 348 1345 8D0A15E8 		.ascii	"\215\012\025\350\310*lQa\207\012\273U\330\256\302.\025"
 348      C82A6C51 
 348      61870ABB 
 348      55D8AEC2 
 348      2E15
 349 1357 CA55ACA5 		.ascii	"\312U\254\245\260Y\205m*l\322\022\310M\203\305*\033"
 349      B059856D 
 349      2A6CD212 
 349      C84D83C5 
 349      2A1B
 350 1369 0B71985E 		.ascii	"\013q\230^k V\333\020\342@\376\221\201(\265[\353\003"
 350      6B2056DB 
 350      10E240FE 
 350      918128B5 
 350      5BEB03
 351 137c 89D451AF 		.ascii	"\211\324Q\257\220\237Vm\331\240\377\034I\227\031\366"
 351      909F566D 
 351      D9A0FF1C 
 351      499719F6 
 352 138c A87FABD4 		.ascii	"\250\177\253\324$\362\216\324\304o[\367\251\342\267"
 352      24F28ED4 
 352      C46F5BF7 
 352      A9E2B7
 353 139b AD5F32C8 		.ascii	"\255_2\310\231\373\027F$Z\317\020\367\253:\010\001s"
 353      99FB1746 
ARM GAS  /tmp/ccYR8o98.s 			page 28


 353      245ACF10 
 353      F7AB3A08 
 353      0173
 354 13ad 97972C57 		.ascii	"\227\227,W\214Bt\300\010\377\203\252X\315\\\346\213"
 354      8C4274C0 
 354      08FF83AA 
 354      58CD5CE6 
 354      8B
 355 13be 84D9EF91 		.ascii	"\204\331\357\221)\224f\373Ckr\027\270\232x\307\202A"
 355      299466FB 
 355      436B7217 
 355      B89A78C7 
 355      8241
 356 13d0 7D58C5E5 		.ascii	"}X\305\345\013\216?\312t:\245\342j\010WBP\255\302\267"
 356      0B8E3FCA 
 356      743AA5E2 
 356      6A085742 
 356      50ADC2B7 
 357 13e4 2A9C50E1 		.ascii	"*\234P\341\234\012\307T8\257\302i\025\216\253pV\205"
 357      9C0AC754 
 357      38AFC269 
 357      158EAB70 
 357      5685
 358 13f6 8B2A9C51 		.ascii	"\213*\234Q\341$\325\354\"\373A\354\215K\0113p\265\020"
 358      E124D5EC 
 358      22FB41EC 
 358      8D4B0933 
 358      70B510
 359 1409 07F714F8 		.ascii	"\007\367\024\370A\241\2244\241n*\332\"\260\364\374\274"
 359      41A19434 
 359      A16E2ADA 
 359      22B0F4FC 
 359      BC
 360 141a 08CB5B8B 		.ascii	"\010\313[\213T(V)F\213|\363\353\267\333\303\365\344"
 360      54285629 
 360      468B7CF3 
 360      EBB7DBC3 
 360      F5E4
 361 142c F6BD85D0 		.ascii	"\366\275\205\320\025E\367\322kb\356\236*\360\230a\370"
 361      1545F7D2 
 361      6B62EE9E 
 361      2AF09861 
 361      F8
 362 143d DCDD17EB 		.ascii	"\334\335\027\353\304\2134\275\011\310b\025JT\003b\274"
 362      C48B34BD 
 362      09C86215 
 362      4A540362 
 362      BC
 363 144e 81A81B33 		.ascii	"\201\250\0333r\"[n\016\200#\252\231\317y\203\317A!\313"
 363      72225B6E 
 363      0E8023AA 
 363      99CF7983 
 363      CF4121CB 
 364 1462 4115AA2C 		.ascii	"A\025\252,\030c\257q\353\322\004\226 n(p\325$J\255b"
 364      1863AF71 
 364      EBD20496 
 364      206E2870 
ARM GAS  /tmp/ccYR8o98.s 			page 29


 364      D5244AAD 
 365 1477 54DE67C3 		.ascii	"T\336g\303G3F\250\321E\213F\027L\240\372K\0234\320w"
 365      473346A8 
 365      D1458B46 
 365      174CA0FA 
 365      4B1334D0 
 366 148c 4EB58552 		.ascii	"N\265\205RZ\360=R\340\201]\357\003\374\365\316Ma\343"
 366      5AF03D52 
 366      E0815DEF 
 366      03FCF5CE 
 366      4D61E3
 367 149f BB0ADC66 		.ascii	"\273\012\334f\020m\221wS16\2705\024\204t\366\252\260"
 367      106D9177 
 367      533136B8 
 367      35148474 
 367      F6AAB0
 368 14b2 8CE9A5C5 		.ascii	"\214\351\245\305\242Q:\353\032\014\251/;\245\346\253"
 368      A2513AEB 
 368      1A0CA92F 
 368      3BA5E6AB 
 369 14c2 FADA4B6C 		.ascii	"\372\332KlU\217\363\371\\1\317\247v\022\204\336\272"
 369      558FF3F9 
 369      5C31CFA7 
 369      761284DE 
 369      BA
 370 14d3 F279F101 		.ascii	"\362y\361\001\222d\3675\372s\355\277\313\333\350Otn"
 370      9264F735 
 370      FA73EDBF 
 370      CBDBE84F 
 370      746E
 371 14e5 D6CE312D 		.ascii	"\326\3161-\304.\031\222]V\031\340\340\276\374K\361\246"
 371      C42E1992 
 371      5D5619E0 
 371      E0BEFC4B 
 371      F1A6
 372 14f7 9F9F19CB 		.ascii	"\237\237\031\313\375+\0340\365\207\312Z\323qe\236\001"
 372      FD2B1C30 
 372      F587CA5A 
 372      D371659E 
 372      01
 373 1508 F88E0336 		.ascii	"\370\216\0036\346\255|n\3320\3544\266\261\337S!Z{\202"
 373      E6AD7C6E 
 373      DA30EC34 
 373      B6B1DF53 
 373      215A7B82 
 374 151c 999FFFF6 		.ascii	"\231\237\377\366\335\314\3672=\376\254_xC\331\277H\317"
 374      DDCCF732 
 374      3DFEAC5F 
 374      7843D9BF 
 374      48CF
 375 152e 9662D302 		.ascii	"\226b\323\002\301\260o\310\273\231\037| \275\356\316"
 375      C1B06FC8 
 375      BB991F7C 
 375      20BDEECE 
 376 153e 19E2F6A6 		.ascii	"\031\342\366\246y\335\241p\346\007]\334\376\254\260"
 376      79DDA170 
 376      E6075DDC 
ARM GAS  /tmp/ccYR8o98.s 			page 30


 376      FEACB0
 377 154d 2F18CCC9 		.ascii	"/\030\314\311\016\273\007z\262\274\031\276\240\357\275"
 377      0EBB077A 
 377      B2BC19BE 
 377      A0EFBD
 378 155c F79243DE 		.ascii	"\367\222C\336A\311\354qrJ\277O\020\324?\345\367\177"
 378      41C9EC71 
 378      724ABF4F 
 378      10D43FE5 
 378      F77F
 379 156e 72F7F2A7 		.ascii	"r\367\362\247\006=\301\241\311i\201\314\314@VrN(u\210"
 379      063DC1A1 
 379      C96981CC 
 379      CC405672 
 379      4E287588 
 380 1582 A0E1F57D 		.ascii	"\240\341\365}\356O\363\271\323\002Y\341` \003i\204\222"
 380      EE4FF3B9 
 380      D30259E1 
 380      60200369 
 380      8492
 381 1594 9BE7F15E 		.ascii	"\233\347\361^Z\364\037z\367o\337\355\375\337H\277I\316"
 381      5AF41F7A 
 381      F76FDFED 
 381      FDDF48BF 
 381      49CE
 382 15a6 CC0A27A7 		.ascii	"\314\012'\247%\2073\263\223\275\376\354\214@\346 O2"
 382      258733B3 
 382      93BDFEEC 
 382      8C40E620 
 382      4F32
 383 15b8 92C9F6A7 		.ascii	"\222\311\366\247u~\377]6>\347W\357\"\263w\221\313 \177"
 383      757EFF5D 
 383      363EE757 
 383      EF22B377 
 383      91CB207F 
 384 15cc F8DDF4C1 		.ascii	"\370\335\364\301\311\236\354l)\375\377EL\251\325\307"
 384      C99EEC6C 
 384      29FDFF45 
 384      4CA9D5C7 
 385 15dc 5D7BB9FB 		.ascii	"]{\271\373t\353\356\356\331\367_?\346\275/\320[~\335"
 385      74EBEEEE 
 385      D9F75F3F 
 385      E6BD2FD0 
 385      5B7EDD
 386 15ef 6F68B6AF 		.ascii	"oh\266\257\273/\375wNY\372\377j\310\0207\035\333=\350"
 386      BB2FFD77 
 386      4E59FAFF 
 386      6AC81037 
 386      1DDB3DE8 
 387 1603 FFDC174C 		.ascii	"\377\334\027L\356\231\225\226,\224\301\007\003=\031"
 387      EE999596 
 387      2C94C107 
 387      033D19
 388 1612 EEEC34EF 		.ascii	"\356\3544\357{\003\245\226t6BCCa_\246;\224\341\371\334"
 388      7B03A596 
 388      74364243 
 388      43615FA6 
ARM GAS  /tmp/ccYR8o98.s 			page 31


 388      3B94E1F9 
 389 1627 F796ED5E 		.ascii	"\367\226\355^\223\372s_\2267\020t\007}\177\311\361\205"
 389      93FA735F 
 389      96371074 
 389      077D7FC9 
 389      F185
 390 1639 C26AFF5E 		.ascii	"\302j\377^\237\366\376\303\353vl\032\012>\300\347N\317"
 390      9FF6FEC3 
 390      EB766C1A 
 390      0A3EC0E7 
 390      4ECF
 391 164b C94A0BFB 		.ascii	"\311J\013\373\003YJ\377\236\275\3739@\202\2407=\307"
 391      03594AFF 
 391      9EBDFB39 
 391      4082A037 
 391      3DC7
 392 165d 9D19F0FA 		.ascii	"\235\031\360\372:5\363<\024\366\204}\356LO\332@\177"
 392      3A35F33C 
 392      14F6847D 
 392      EE4C4FDA 
 392      407F
 393 166f 56B3C070 		.ascii	"V\263\300p\320\223\025J\367\005\335!\377_}?o\006\350"
 393      D093154A 
 393      F705DD21 
 393      FF5F7D3F 
 393      6F06E8
 394 1682 F585919A 		.ascii	"\365\205\221\232;\354\317\364\005r\302\3574\203L\363"
 394      3BECCFF4 
 394      0572C2EF 
 394      34834CF3 
 395 1692 647B52FD 		.ascii	"d{R\375\031\376\260\337\027r\030%\350\313\014\240d\203"
 395      19FEB0DF 
 395      17721825 
 395      E8CB0CA0 
 395      6483
 396 16a4 3D837C39 		.ascii	"=\203|9\331n_\226'5\303\347u\010hE\351\004\207\276l"
 396      D96E5F96 
 396      2735C3E7 
 396      75086845 
 396      E90487BE 
 397 16b9 07660706 		.ascii	"\007f\007\006S\331\251\266m\354\317B\331>\237\327!\000"
 397      53D9A9B6 
 397      6DECCF42 
 397      D93E9FD7 
 397      2100
 398 16cb F395740F 		.ascii	"\363\225t\017u\247\014O(\344\366\004\203\236\241oR\024"
 398      75A70C4F 
 398      28E4F604 
 398      839EA16F 
 398      5214
 399 16dd 9F08D689 		.ascii	"\237\010\326\211\236\226\356\037\220\023\364\320\311"
 399      9E96EE1F 
 399      9013F4D0 
 399      C9
 400 16ea 7067E564 		.ascii	"pg\345d\246\372\202\257\3330\006!\376\274C\223\317\263"
 400      A6FA82AF 
 400      DB300621 
ARM GAS  /tmp/ccYR8o98.s 			page 32


 400      FEBC4393 
 400      CFB3
 401 16fc 3D414FA6 		.ascii	"=AO\246\017\357^\261A\302\236\320 }\316\333\330e\310"
 401      0FEF5EB1 
 401      41C29ED0 
 401      207DCEDB 
 401      D865C8
 402 170f F0FBB2C2 		.ascii	"\360\373\262\302m\035TQ\331\2544\337\253\266~\204\006"
 402      6D1D5451 
 402      D9AC34DF 
 402      ABB67E84 
 402      06
 403 1720 87EAB45E 		.ascii	"\207\352\264^\355\377'wJ\257\256\237\365pw\353\3255"
 403      EDFF2777 
 403      4AAFAE9F 
 403      F57077EB 
 403      D535
 404 1732 25C5DDED 		.ascii	"%\305\335\355\323O>\351\332\273\273;\245_\337\376\335"
 404      D34F3EE9 
 404      DABBBB3B 
 404      A55FDFFE 
 404      DD
 405 1743 FAD93951 		.ascii	"\372\3319Q\363\345\204\222l\275Y(\263\332\277\333\307"
 405      F3E58492 
 405      6CBD5928 
 405      B3DABFDB 
 405      C7
 406 1754 5DFBB6B1 		.ascii	"]\373\266\261Q\343T\3325\245\357K:\034\235\270G\337"
 406      51E354DA 
 406      35A5EF4B 
 406      3A1C9DB8 
 406      47DF
 407 1766 8FBA76EB 		.ascii	"\217\272v\353!\206\374\343O\014}Lz\276d?\006\036\262"
 407      2186FCE3 
 407      4F0C7D4C 
 407      7ABE643F 
 407      061EB2
 408 1779 F064FB31 		.ascii	"\360d\3731\332\022\254\"8\374\3004\227\035\035\256\211"
 408      DA12AC22 
 408      38FCC034 
 408      971D1DAE 
 408      89
 409 178a 3E994E67 		.ascii	">\231Ng`p 8\310\235\341\313\032\020\036\370j\263\240"
 409      60702038 
 409      C89DE1CB 
 409      1A101EF8 
 409      6AB3A0
 410 179d 5FDA9F66 		.ascii	"_\332\237f`t\346x0@\375^\007)\207\2075\012v\004L(\034"
 410      6074E678 
 410      3040FD5E 
 410      07298787 
 410      350A7604 
 411 17b4 F4670D70 		.ascii	"\364g\015pPk\377c\270.MD\236\235\220{\240\177\300@\036"
 411      506BFF63 
 411      B82E4D44 
 411      9E9D907B 
 411      A07FC040 
ARM GAS  /tmp/ccYR8o98.s 			page 33


 412 17c9 03BFF8D1 		.ascii	"\003\277\370\321!\006\366"
 412      2106F6
 413 17d0 27934FCF 		.ascii	"'\223O\317\311\310\370\251\344\015lSy\343G\315`\307"
 413      C9C8F8A9 
 413      E40D6C53 
 413      79E347CD 
 413      60C7
 414 17e2 BDD838E0 		.ascii	"\275\3308\340-\335)\305\000L\276\331\001t\315\020\246"
 414      2DDD29C5 
 414      004CBED9 
 414      0174CD10 
 414      A6
 415 17f3 8A408608 		.ascii	"\212@\206\010\325\327\232G\265\323\235\255G\357\356"
 415      D5D79A47 
 415      B5D39DAD 
 415      47EFEE
 416 1802 7D3E452F 		.ascii	"}>E/\026\376\373\266}\234\356\363\026\362\257\377\010"
 416      16FEFBB6 
 416      7D9CEEF3 
 416      16F2AFFF 
 416      08
 417 1813 CCF13CDD 		.ascii	"\314\361<\335\037\014\205\015T'\373sk:\362\372BiA\177"
 417      1F0C850D 
 417      5427FB73 
 417      6B3AF2FA 
 417      4269417F 
 418 1827 7638108C 		.ascii	"v8\020\214\376\3043\244\017\315\200q\251\231]\303\350"
 418      FEC433A4 
 418      0FCD8071 
 418      A9995DC3 
 418      E8
 419 1838 28A93961 		.ascii	"(\2519a_(\301\337\315\214OJ\265\334~\346\311\310\361"
 419      5F28C1DF 
 419      CD8C4F4A 
 419      B5DC7EE6 
 419      C9C8F1
 420 184b 25A4F6CE 		.ascii	"%\244\366\316\311\354\251K\0257\270_ \354\311\350\305"
 420      C9ECA94B 
 420      1537B85F 
 420      20ECC9E8 
 420      C5
 421 185c 4CDFA27F 		.ascii	"L\337\242\177\312\307\237\366\355\227\230\332]\347C"
 421      CAC79FF6 
 421      ED9798DA 
 421      5DE743
 422 186b AB65542A 		.ascii	"\253eT*\177\334\001\215\323\355\323\336\037\365\374"
 422      7FDC018D 
 422      D3EDD3DE 
 422      1FF5FC
 423 187a 43FFBE5D 		.ascii	"C\377\276]\373\365\374\264\267\273{\217\224n}{\366\351"
 423      FBF5FCB4 
 423      B7BB7B8F 
 423      946E7D7B 
 423      F6E9
 424 188c F769DFA6 		.ascii	"\367i\337\246\314d\225?\344\313\360\245\205}\336\366"
 424      CC64953F 
 424      E4CBF0A5 
ARM GAS  /tmp/ccYR8o98.s 			page 34


 424      857DDEF6 
 425 189c 8DC0687D 		.ascii	"\215\300h}\327g\303\310\250Z\217Q\256D9}W\207\330\237"
 425      D767C3C8 
 425      A85A8F51 
 425      AE44397D 
 425      5787D89F 
 426 18b0 88ACE6CE 		.ascii	"\210\254\346\316\036\350\011\341\014\014\310\302\234"
 426      1EE809E1 
 426      0C0CC8C2 
 426      9C
 427 18bd F27A3368 		.ascii	"\362z3h_8'\373\315\246\237\247\007\202(\341_3\262\337"
 427      5F3827FB 
 427      CDA69FA7 
 427      078228E1 
 427      5F33B2DF 
 428 18d1 681A236A 		.ascii	"h\032#jcs\\h\241jFf\314\177\331\031>f%-\225\033\316"
 428      63735C68 
 428      A16A4666 
 428      CC7FD919 
 428      3E66252D 
 429 18e8 D8AF6FD7 		.ascii	"\330\257o\327\336)\037\365\320\254\334\014\033\246\363"
 429      DE291FF5 
 429      D0ACDC0C 
 429      1BA6F3
 430 18f7 CF7F129B 		.ascii	"\317\177\022\2334\\H4\203\324;xX\376\262i\244?\313\016"
 430      345C4834 
 430      83D43B78 
 430      58FEB269 
 430      A43FCB0E 
 431 190b 7EA769B0 		.ascii	"~\247i\260'-\234\203+)\216\373\207\246q\342\333\347"
 431      272D9C83 
 431      2B298EFB 
 431      87A671E2 
 431      DBE7
 432 191d 15D0F79A 		.ascii	"\025\320\367\232\321)'\030\304\"\350\366z\302\0367s"
 432      D1292718 
 432      C422E8F6 
 432      7AC21E37 
 432      73
 433 192e 165FF0ED 		.ascii	"\026_\360\355\246\341fX\207\246a\232\343\275\326\214"
 433      A6E16658 
 433      87A6619A 
 433      E3BDD68C 
 434 193e 893038DA 		.ascii	"\21108\332\377\230\033\266s\2722w\372\027\365\351\355"
 434      FF981BB6 
 434      73BA3277 
 434      FA17F5E9 
 434      ED
 435 194f DEE3B39E 		.ascii	"\336\343\263\236z\245|\331\211\327\323\303\353\316g"
 435      7AA57CD9 
 435      89D7D3C3 
 435      EBCE67
 436 195e 59BE2186 		.ascii	"Y\276!\206\254\2574\306K\013\345X\267'\003\203\201-"
 436      ACAF34C6 
 436      4B0BE558 
 436      B7270383 
 436      812D
ARM GAS  /tmp/ccYR8o98.s 			page 35


 437 1970 F7625259 		.ascii	"\367bRY\012\370\334\223\2210\230f\022O\332 _8\005\037"
 437      0AF8DC93 
 437      91309866 
 437      124FDA20 
 437      5F38051F 
 438 1984 B44CED21 		.ascii	"\264L\355!Fv\365z\203\276P\210\256'\364\\\350\210\367"
 438      4676F57A 
 438      83BE5088 
 438      AE27F45C 
 438      E888F7
 439 1997 D64E863E 		.ascii	"\326N\206>o[g'\363\376F,\301M\3643{:0\204nE\323\225"
 439      6F5B6727 
 439      F3FE462C 
 439      C14DF433 
 439      7B3A3084 
 440 19af 258B85E2 		.ascii	"%\213\205\342\375)\276\240\337\223\321\233e\334h\177"
 440      FD29BEA0 
 440      DF93D19B 
 440      65DC687F 
 441 19bf 9F60C09B 		.ascii	"\237`\300\233\223\026\216\367\177\342\311\312I\247\376"
 441      93168EF7 
 441      7FE2C9CA 
 441      49A7FE
 442 19ce 15F40563 		.ascii	"\025\364\005cR\323\274\335\031\261\030\277W \242\375"
 442      52D3BCDD 
 442      19B118BF 
 442      5720A2FD 
 443 19de DECFD88A 		.ascii	"\336\317\330\212<1\325\242sg\232\360(\024q\341@Z C\273"
 443      3C31D5A2 
 443      73679AF0 
 443      281471E1 
 443      405A2043 
 444 19f3 4FC949ED 		.ascii	"O\311I\355FW\027q\342\236\335\264@\312\270ry\031\355"
 444      46571771 
 444      E29EDDB4 
 444      40CAB872 
 444      7919ED
 445 1a06 22E6CD61 		.ascii	"\"\346\315a\2256v}\230\372/\333{M+\330D\233/$9j\\\232"
 445      9536767D 
 445      98FA2FDB 
 445      7B4D2BD8 
 445      449B2F24 
 446 1a1e 3969E2F6 		.ascii	"9i\342\366\307\330\021\341\316$\350\035\354\011\372"
 446      C7D811E1 
 446      CE24E81D 
 446      EC09FA
 447 1a2d DA58005A 		.ascii	"\332X\000Z\026I2Hw\353\356\3601\212\024\342x\370\204"
 447      16493248 
 447      77EBEEF0 
 447      318A14E2 
 447      78F884
 448 1a40 275A9EF9 		.ascii	"'Z\236\371\003-\255\367\301\277\274j\351\010\204\007"
 448      032DADF7 
 448      C1BFBC6A 
 448      E9088407 
 449 1a50 5896FDAF 		.ascii	"X\226\375\2574%%\015\226$\313C>\371T\026m\332\261\323"
 449      3425250D 
ARM GAS  /tmp/ccYR8o98.s 			page 36


 449      9624CB43 
 449      3EF95416 
 449      6DDAB1D3 
 450 1a64 B2308E33 		.ascii	"\2620\2163\313\316\342\345\317)\375z|\"\372\270.\357"
 450      CBCEE2E5 
 450      CF29FD7A 
 450      7C22FAB8 
 450      2EEF
 451 1a76 FDA4CD97 		.ascii	"\375\244\315\227N2\321F\345\237\376\216\205)g\207k\323"
 451      4E32D146 
 451      E59FFE8E 
 451      85296787 
 451      6BD3
 452 1a88 5696BD28 		.ascii	"V\226\275(\346*\177V4\332\020\003\313\347}\311\376\314"
 452      E62A7F56 
 452      34DA1003 
 452      CBE77DC9 
 452      FECC
 453 1a9a EB0FFAF4 		.ascii	"\353\017\372\364\345\276m\224\3277\304\321\313\034\343"
 453      E5BE6D94 
 453      D737C4D1 
 453      CB1CE3
 454 1aa9 C5C67A79 		.ascii	"\305\306zyR\261tk\021E\215\304\347\231*\322C\233\360"
 454      52B1746B 
 454      11458DC4 
 454      E7992AD2 
 454      439BF0
 455 1abc 7EFFEB3B 		.ascii	"~\377\353;o\324>\321&\204UV\346\034\203\263|\301$\213"
 455      6FD43ED1 
 455      26845556 
 455      E61C83B3 
 455      7CC1248B 
 456 1ad0 485C1E17 		.ascii	"H\\\036\027\356\244\305\216=\316\374\270m\252'\214y"
 456      EEA4C58E 
 456      3DCEFCB8 
 456      6DAA278C 
 456      79
 457 1ae1 6928DD15 		.ascii	"i(\335\025\007\007\320\325/\3063n\306\243sP7\034\035"
 457      0707D0D5 
 457      2FC6336E 
 457      C6A37350 
 457      371C1D
 458 1af4 76656467 		.ascii	"vedg\212\276\330\217\350\212\220g\001\345\367=Rz\305"
 458      8ABED88F 
 458      E88A9067 
 458      01E5F73D 
 458      527AC5
 459 1b07 F4EA8393 		.ascii	"\364\352\203\223J\255\326\232n\367\365;\261\343WSh\241"
 459      4AADD69A 
 459      6EF7F53B 
 459      B1E35753 
 459      68A1
 460 1b19 8FE9110C 		.ascii	"\217\351\021\014\006\202\335\260\366\251\354aK\0125"
 460      0682DDB0 
 460      F6A9EC61 
 460      4B0A35
 461 1b28 C3945E81 		.ascii	"\303\224^\201\264A\211\364\030\200^\210\316\026\237"
ARM GAS  /tmp/ccYR8o98.s 			page 37


 461      B44189F4 
 461      18805E88 
 461      CE169F
 462 1b37 F6EFE7F6 		.ascii	"\366\357\347\366e\307\016\0215\316\355Mu\261\353\264"
 462      65C70E11 
 462      35CEED4D 
 462      75B1EBB4 
 463 1b47 404E5638 		.ascii	"@NV8Z\353\216a\027\2519\351\351QT\340\337\272\3031\231"
 463      5AEB8E61 
 463      17A939E9 
 463      E95154E0 
 463      DFBAC331 
 464 1b5c 9E21D92C 		.ascii	"\236!\331,\323\304y\0039\270\343\245\0171kegzh\274\275"
 464      D3C47903 
 464      39B8E3A5 
 464      0F316B65 
 464      677A68BC 
 465 1b71 CF147BFF 		.ascii	"\317\024{\377\327\356\260\326\3239\206]\320HL\340\225"
 465      D7EEB0D6 
 465      D339865D 
 465      D0484CE0 
 465      95
 466 1b82 CACF263D 		.ascii	"\312\317&=\030Vh\004E\373\331\246-#C\365\323}\027\301"
 466      18566804 
 466      45FBD9A6 
 466      2D2343F5 
 466      D37D17C1 
 467 1b96 65671C63 		.ascii	"eg\034c\232\356\307\205\2667\265\221}V\363\307\0328"
 467      9AEEC785 
 467      B637B591 
 467      7D56F3C7 
 467      1A38
 468 1ba8 0A271D67 		.ascii	"\012'\035g3\236\032\242G\037\315X={S}\321G\334\242\020"
 468      339E1AA2 
 468      471FCD58 
 468      3D7B537D 
 468      D147DCA2 
 469 1bbd 283DB3FC 		.ascii	"(=\263\374\341v\2519\031\203\334fM\304F>\351\363T\\"
 469      E176A939 
 469      1983DC66 
 469      4DC4463E 
 469      E9F3545C 
 470 1bd1 71857C59 		.ascii	"q\205|Y!:i\274\3179\231\274\237\315!\277l\231\021\030"
 470      213A69BC 
 470      CF3999BC 
 470      9FCD21BF 
 470      6C991118 
 471 1be5 2CF2A078 		.ascii	",\362\240x\226\022H\327.\263\007\016u\373\303\264\356"
 471      961248D7 
 471      2EB3070E 
 471      75FBC3B4 
 471      EE
 472 1bf6 45F9B23B 		.ascii	"E\371\262;\2733\263C*\333I\270\274\231\036\201\211\377"
 472      BB33B343 
 472      2ADB49B8 
 472      BC991E81 
 472      89FF
ARM GAS  /tmp/ccYR8o98.s 			page 38


 473 1c08 38401700 		.ascii	"8@\027\000\350IY\276\214P<\372\254\261\240o\353\017"
 473      E84959BE 
 473      8C503CFA 
 473      ACB1A06F 
 473      EB0F
 474 1c1a 05DC541C 		.ascii	"\005\334T\034\233\250\211\354h\010\225\021\252F\367"
 474      9BA889EC 
 474      68089511 
 474      AA46F7
 475 1c29 141BEB58 		.ascii	"\024\033\353X\372@\323?\273;\032\377\177\000>\361\240"
 475      FA40D33F 
 475      BB3B1AFF 
 475      7F003EF1 
 475      A0
 476 1c3a EA       		.ascii	"\352"
 477              		.text
 478              		.section	.gnu.lto_.symtab.8eafc9d9d7884fc7,"e",%progbits
 479 0000 5F75785F 		.ascii	"_ux_dcd_stm32_interrupt_handler\000"
 479      6463645F 
 479      73746D33 
 479      325F696E 
 479      74657272 
 480 0020 00       		.ascii	"\000"
 481 0021 00       		.ascii	"\000"
 482 0022 00       		.ascii	"\000"
 483 0023 00000000 		.ascii	"\000\000\000\000\000\000\000\000"
 483      00000000 
 484 002b BC000000 		.ascii	"\274\000\000\000"
 485 002f 5F75785F 		.ascii	"_ux_system_slave\000"
 485      73797374 
 485      656D5F73 
 485      6C617665 
 485      00
 486 0040 00       		.ascii	"\000"
 487 0041 02       		.ascii	"\002"
 488 0042 00       		.ascii	"\000"
 489 0043 00000000 		.ascii	"\000\000\000\000\000\000\000\000"
 489      00000000 
 490 004b 3F020000 		.ascii	"?\002\000\000"
 491 004f 48414C5F 		.ascii	"HAL_PCD_IRQHandler\000"
 491      5043445F 
 491      49525148 
 491      616E646C 
 491      657200
 492 0062 00       		.ascii	"\000"
 493 0063 02       		.ascii	"\002"
 494 0064 00       		.ascii	"\000"
 495 0065 00000000 		.ascii	"\000\000\000\000\000\000\000\000"
 495      00000000 
 496 006d C6000000 		.ascii	"\306\000\000\000"
 497              		.text
 498              		.section	.gnu.lto_.ext_symtab.8eafc9d9d7884fc7,"e",%progbits
 499 0000 01       		.ascii	"\001"
 500 0001 01       		.ascii	"\001"
 501 0002 00       		.ascii	"\000"
 502 0003 02       		.ascii	"\002"
 503 0004 01       		.ascii	"\001"
ARM GAS  /tmp/ccYR8o98.s 			page 39


 504 0005 01       		.ascii	"\001"
 505 0006 00       		.ascii	"\000"
 506              		.text
 507              		.section	.gnu.lto_.opts,"e",%progbits
 508 0000 272D666E 		.ascii	"'-fno-openmp' '-fno-openacc' '-fno-pie' '-fcf-prote"
 508      6F2D6F70 
 508      656E6D70 
 508      2720272D 
 508      666E6F2D 
 509 0033 6374696F 		.ascii	"ction=none' '-mcpu=cortex-m33' '-mthumb' '-mfpu=fpv"
 509      6E3D6E6F 
 509      6E652720 
 509      272D6D63 
 509      70753D63 
 510 0066 342D7370 		.ascii	"4-sp-d16' '-mfloat-abi=hard' '-mlibarch=armv8-m.mai"
 510      2D643136 
 510      2720272D 
 510      6D666C6F 
 510      61742D61 
 511 0099 6E2B6473 		.ascii	"n+dsp+fp' '-march=armv8-m.main+dsp+fp' '-Os' '-flto"
 511      702B6670 
 511      2720272D 
 511      6D617263 
 511      683D6172 
 512 00cc 2720272D 		.ascii	"' '-fdata-sections' '-ffunction-sections' '-Xassemb"
 512      66646174 
 512      612D7365 
 512      6374696F 
 512      6E732720 
 513 00ff 6C657227 		.ascii	"ler' '-a' '-Xassembler' '-ad' '-Xassembler' '-alms="
 513      20272D61 
 513      2720272D 
 513      58617373 
 513      656D626C 
 514 0132 6275696C 		.ascii	"build/../sdk/stm32/STM32_USBX_Library/common/usbx_s"
 514      642F2E2E 
 514      2F73646B 
 514      2F73746D 
 514      33322F53 
 515 0165 746D3332 		.ascii	"tm32_device_controllers/ux_dcd_stm32_interrupt_hand"
 515      5F646576 
 515      6963655F 
 515      636F6E74 
 515      726F6C6C 
 516 0198 6C65722E 		.ascii	"ler.lst'\000"
 516      6C737427 
 516      00
 517              		.text
 518              		.comm	__gnu_lto_slim,1,1
 519              		.ident	"GCC: (15:10.3-2021.07-4) 10.3.1 20210621 (release)"
ARM GAS  /tmp/ccYR8o98.s 			page 40


DEFINED SYMBOLS
                            *ABS*:0000000000000000 ux_dcd_stm32_interrupt_handler.c
                            *COM*:0000000000000001 __gnu_lto_slim

NO UNDEFINED SYMBOLS
