ARM GAS  /tmp/ccbMTbkK.s 			page 1


   1              		.cpu cortex-m33
   2              		.eabi_attribute 27, 1
   3              		.eabi_attribute 28, 1
   4              		.eabi_attribute 20, 1
   5              		.eabi_attribute 21, 1
   6              		.eabi_attribute 23, 3
   7              		.eabi_attribute 24, 1
   8              		.eabi_attribute 25, 1
   9              		.eabi_attribute 26, 1
  10              		.eabi_attribute 30, 4
  11              		.eabi_attribute 34, 1
  12              		.eabi_attribute 18, 4
  13              		.file	"ux_dcd_stm32_endpoint_create.c"
  14              		.section	.gnu.lto_.profile.1aa7369d3eb0150a,"e",%progbits
  15 0000 789C6362 		.ascii	"x\234cb\000\001\000\000\022\000\003"
  15      00010000 
  15      120003
  16              		.text
  17              		.section	.gnu.lto_.icf.1aa7369d3eb0150a,"e",%progbits
  18 0000 789CE363 		.ascii	"x\234\343c@\000&\206\273\027/\26511n>rt\016\027\003"
  18      40002686 
  18      BB172FB5 
  18      31316E3E 
  18      72740E17 
  19 0015 002EFC05 		.ascii	"\000.\374\005\374"
  19      FC
  20              		.text
  21              		.section	.gnu.lto_.ipa_sra.1aa7369d3eb0150a,"e",%progbits
  22 0000 789CB367 		.ascii	"x\234\263g@\000& \204\002fF&\306%\314\014K\230\031\217"
  22      40002620 
  22      84026646 
  22      26C625CC 
  22      0C4B9819 
  23 0015 30B23032 		.ascii	"0\262020\260\202\005A,0`d\204b&\306\006\026\230\036"
  23      30B08205 
  23      412C3060 
  23      64846226 
  23      C6061698 
  24 002a 007A4802 		.ascii	"\000zH\002\375"
  24      FD
  25              		.text
  26              		.section	.gnu.lto_.inline.1aa7369d3eb0150a,"e",%progbits
  27 0000 789C4D91 		.ascii	"x\234M\221\275N\303P\014\205\217\355$-\025\0246\326"
  27      BD4EC350 
  27      0C858FED 
  27      242D1514 
  27      36D6
  28 0012 F0263C01 		.ascii	"\360&<\001\257\300OSX\323\215\251\272\035\221\030\020"
  28      AFC04F53 
  28      58D38DA9 
  28      BA1D9118 
  28      10
  29 0023 2B4B2BB5 		.ascii	"+K+\265\252\304\002\003B\025\010\301\336\251;\231\030"
  29      AAC40203 
  29      421508C1 
  29      DEA93B99 
  29      18
ARM GAS  /tmp/ccbMTbkK.s 			page 2


  30 0034 90CAC084 		.ascii	"\220\312\300\204\024\201\232`'\245\344Z7\3669Nr?\353"
  30      14819A60 
  30      27A5E45A 
  30      37F6394E 
  30      723FEB
  31 0047 0E08ABC5 		.ascii	"\016\010\253\305@3\271\231|\3611\005\024\017\205/E\037"
  31      4033B999 
  31      7CF13105 
  31      140F852F 
  31      451F
  32 0059 FA02B586 		.ascii	"\372\002\265\206\"(U\012\352X\276\243\302\346\302\026"
  32      2228550A 
  32      EA58BEA3 
  32      C2E6C216 
  33 0069 72547CF1 		.ascii	"rT|\361o\323=\021Y\241K3 \375\365\242\362\324\250\001"
  33      6FD33D11 
  33      59A14B33 
  33      20FDF5A2 
  33      F2D4A801 
  34 007d 3DE75C17 		.ascii	"=\347\\\027\010,s\304zxC\253\027n#\004\245\037\275\261"
  34      082C73C4 
  34      7A7843AB 
  34      176E2304 
  34      A51FBDB1 
  35 0091 1C7A8C5D 		.ascii	"\034z\214]\335\177J\005\202\357\333\301\023G\0364>G"
  35      DD7F4A05 
  35      82EFDBC1 
  35      13471E34 
  35      3E47
  36 00a3 CF09B73C 		.ascii	"\317\011\267<\204\366G\302\316c6\233\311\011\371\306"
  36      84F647C2 
  36      CE63369B 
  36      C909F9C6 
  37 00b3 E72B88C4 		.ascii	"\347+\210\304\334U\264\025$S\236\345\371\246Q\005\220"
  37      DC55B415 
  37      24539EE5 
  37      F9A65105 
  37      90
  38 00c4 B8826556 		.ascii	"\270\202eV\015\342\010\313\346)\032\333\363\263i&me"
  38      0DE208CB 
  38      E6291ADB 
  38      F3B36926 
  38      6D65
  39 00d6 ED5FFF5C 		.ascii	"\355_\377\\\225\204\344\014\366\210Qg\254M\026o\357"
  39      9584E40C 
  39      F6885167 
  39      AC4D166F 
  39      EF
  40 00e7 1CA10E4A 		.ascii	"\034\241\016J^Gc\336W\322-\243]*\025\225NX\355\204\325"
  40      5E4763DE 
  40      57D22DA3 
  40      5D2A1595 
  40      4E58ED84 
  41 00fc 8E4D28E7 		.ascii	"\216M(\347\323\364A\016\212\011\001\277\011\033\357"
  41      D3F4410E 
  41      8A0901BF 
  41      091BEF
ARM GAS  /tmp/ccbMTbkK.s 			page 3


  42 010b 62AF0C6F 		.ascii	"b\257\014o\303\256\306*\374\002\211`fK"
  42      C3AEC62A 
  42      FC028960 
  42      664B
  43              		.text
  44              		.section	.gnu.lto_.jmpfuncs.1aa7369d3eb0150a,"e",%progbits
  45 0000 789C7D8C 		.ascii	"x\234}\214\273\015\2000\020C\375\271\"Tl\014; F\310"
  45      BB0D8030 
  45      1043FDB9 
  45      22546C0C 
  45      3B2046C8 
  46 0014 206C961C 		.ascii	" l\226\034J\301UXz\262\236d\371\306\027A\244\317\356"
  46      4AC15558 
  46      7AB29E64 
  46      F9C61741 
  46      A4CFEE
  47 0027 48C422AD 		.ascii	"H\304\"\255\001|\202HFfGqV\031.f\352r\367F\254r\304"
  47      017C8248 
  47      46664771 
  47      56192E66 
  47      EA72F746 
  48 003e 01FE3CAD 		.ascii	"\001\376<\255\275\326^\357\365\004\2418!N"
  48      BDD65EEF 
  48      F504A138 
  48      214E
  49              		.text
  50              		.section	.gnu.lto_.pureconst.1aa7369d3eb0150a,"e",%progbits
  51 0000 789C6367 		.ascii	"x\234cg```bhea\234\305\002\000\004J\0012"
  51      60606062 
  51      6865619C 
  51      C5020004 
  51      4A0132
  52              		.text
  53              		.section	.gnu.lto_.lto.1aa7369d3eb0150a,"e",%progbits
  54 0000 09000400 		.ascii	"\011\000\004\000\001\000\000\000"
  54      01000000 
  55              		.text
  56              		.section	.gnu.lto__stm32_ed_get.163.1aa7369d3eb0150a,"e",%progbits
  57 0000 789C6D53 		.ascii	"x\234mS[HTQ\024=\373\234{\347\316K\351\243\260\237\300"
  57      5B485451 
  57      143DFB9C 
  57      7BE7CE4B 
  57      E9A3B09F 
  58 0015 9F1025E7 		.ascii	"\237\020%\347\226\026\365)}\027\005\032\3647\350\214"
  58      9616F529 
  58      7D17051A 
  58      F437E88C 
  59 0025 D1A0F368 		.ascii	"\321\240\363h\036e\021x}5\240\037\323\230\366B\305\246"
  59      1E651178 
  59      7D35A01F 
  59      D398F642 
  59      C5A6
  60 0037 B126050B 		.ascii	"\261&\005\013*zhi\231hTd\211\371c\201A\017+&\351#-\006"
  60      2A7A6869 
  60      99685464 
  60      89F96381 
  60      410F2B26 
ARM GAS  /tmp/ccbMTbkK.s 			page 4


  61 004f 6C9F732F 		.ascii	"l\237s/cF\003s\316\354u\326^k\237\275\317\3642B\006"
  61      63460373 
  61      CEEC75D6 
  61      5E6B9FBD 
  61      CFF43242 
  62 0064 092127F0 		.ascii	"\011!'\360\013f\002\355\361VJ4M+S(\215\306\333(\214"
  62      0B6602ED 
  62      F1564A34 
  62      4D2B5328 
  62      8DC6DB28 
  63 0079 C0A3F731 		.ascii	"\300\243\3671\233\324\024\317\035\351^\334.1Dm\002i"
  63      9BD414CF 
  63      1DE95EDC 
  63      2E31446D 
  63      0269
  64 008b 361089B6 		.ascii	"6\020\211\266\304m\337.\317o\220N\305s;\346z\212$\031"
  64      C46DDF2E 
  64      CF6F904E 
  64      C5733BE6 
  64      7A8A2419 
  65 009f CEC55B67 		.ascii	"\316\305[g\007\366\013\031\023\017\276\017\354\022\201"
  65      07F60B19 
  65      130FBE0F 
  65      EC1281
  66 00ae 020D597D 		.ascii	"\002\015Y} \365\224I\262I\201z8\303\272\030\264\263"
  66      20F59449 
  66      B249817A 
  66      38C3BA18 
  66      B4B3
  67 00c0 24232019 		.ascii	"$# \031\277\000\362\013G5my\274\247{<\257+5*%\031%="
  67      BF00F20B 
  67      47356D79 
  67      BCA77B3C 
  67      AF2B352A 
  68 00d8 48B80D70 		.ascii	"H\270\015p\013\260Z\202D\026\003R\200\254\251\213MQ"
  68      0BB05A82 
  68      44160352 
  68      80ACA98B 
  68      4D51
  69 00ea 6D1D5218 		.ascii	"m\035R\030\334\201\277H\010\010\332\005\2036d\320$\270"
  69      DC81BF48 
  69      0808DA05 
  69      833664D0 
  69      24B8
  70 00fc B7962619 		.ascii	"\267\226&\031z\227\200o\233\221\273\330\377\341\310"
  70      7A97806F 
  70      9B91BBD8 
  70      FFE1C8
  71 010b A426B843 		.ascii	"\244&\270C\260\306W\020SY\342\215T\013\2126\347s\346"
  71      B0C65710 
  71      5359E28D 
  71      540B8A36 
  71      E773E6
  72 011e 837F9826 		.ascii	"\203\177\230&\002\017\001\206\201\027\316\033L\010\325"
  72      020F0186 
  72      8117CE1B 
  72      4C08D5
ARM GAS  /tmp/ccbMTbkK.s 			page 5


  73 012d 81EBAFE5 		.ascii	"\201\353\257\345Q-\263\022\323\264\245\302\371\2145"
  73      512DB312 
  73      D3B4A5C2 
  73      F98C35
  74 013c 07B00699 		.ascii	"\007\260\006\231\342bb\270(\022.T\006\270\017BA!\230"
  74      E26262B8 
  74      28122E54 
  74      06B80F42 
  74      412198
  75 014f 6201B80B 		.ascii	"b\001\270\013V~`\343\213\235\363\010\2111\262\202\037"
  75      567E60E3 
  75      8B9DF308 
  75      8931B282 
  75      1F
  76 0160 06DA2821 		.ascii	"\006\332(!\247\031\325\203\006\014\322\320t6:\321\357"
  76      A719D583 
  76      060CD2D0 
  76      74363AD1 
  76      EF
  77 0171 C0092698 		.ascii	"\300\011&\230)\301d\336U\0054\320O\246\213\022L\311"
  77      29C164DE 
  77      550534D0 
  77      4FA68B12 
  77      4CC9
  78 0183 A22B069F 		.ascii	"\242+\006\237\222\004\263\033\250\004\313\204,@\363"
  78      9204B31B 
  78      A804CB84 
  78      2C40F3
  79 0192 C2D8CDCE 		.ascii	"\302\330\315\316\363T\310\330u\\\334\015\335\330\322"
  79      F354C8D8 
  79      755CDC0D 
  79      DDD8D2
  80 01a1 D786ABC2 		.ascii	"\327\206\253\302\015\322\3208\374\353\315cT\004c\200"
  80      0DD2D038 
  80      FCEBCD63 
  80      54046380 
  81 01b1 4C74E80A 		.ascii	"Lt\350\012\340\260\315IfN0\013<\001\262U\017e\030\207"
  81      E0B0CD49 
  81      664E300B 
  81      3C01B255 
  81      0F651887 
  82 01c5 6ED1139E 		.ascii	"n\321\023\236xMM0j\244\311\253i\251-IfAA\230\020\230"
  82      784D4D30 
  82      6AA4C9AB 
  82      69A92D49 
  82      66414198 
  83 01db 916A8549 		.ascii	"\221j\205IL\305\032x\234R\223\314\006O\021\240\272V"
  83      4CC51A78 
  83      9C5293CC 
  83      064F11A0 
  83      BA56
  84 01ed 268A6532 		.ascii	"&\212e2\224\343\225\317a\345\373D\250\030\025K\351\276"
  84      94E395CF 
  84      61E5FB44 
  84      A818154B 
  84      E9BE
  85 01ff 91B754F4 		.ascii	"\221\267T\364G\334\354S\347Fl\016\214\201q.\267i_~\022"
ARM GAS  /tmp/ccbMTbkK.s 			page 6


  85      47DCEC53 
  85      E7466C0E 
  85      8C81712E 
  85      B7695F7E 
  86 0214 A37F8D1D 		.ascii	"\243\177\215\035\374\025'\230-[\320\246\325\213\254"
  86      FC152798 
  86      2D5BD0A6 
  86      D58BAC
  87 0223 16648767 		.ascii	"\026d\207g\350\317\304\273(1j\312\201\347\240\2736\213"
  87      E8CFC4BB 
  87      28316ACA 
  87      81E7A0BB 
  87      368B
  88 0235 C4F53831 		.ascii	"\304\36581x\001\272\211i\276o\346#\254\232\340\277#"
  88      7801BA89 
  88      69BE6FE6 
  88      23AC9AE0 
  88      BF23
  89 0247 C1AC5993 		.ascii	"\301\254Y\223\274\377\233\274D\023)k\362\271\200\233"
  89      BCFF9BBC 
  89      4413296B 
  89      F2B9809B 
  90 0257 4CAD31C9 		.ascii	"L\2551\311\345&\257\014\023\005\021M\022&?\240\261\014"
  90      E526AF0C 
  90      1305114D 
  90      12263FA0 
  90      B10C
  91 0269 E7CADFF8 		.ascii	"\347\312\337\370o\220x\223)\020\226\236\311\230\305"
  91      6F907893 
  91      2910969E 
  91      C998C5
  92 0278 506DF2E0 		.ascii	"Pm\362\340l/\356V\323\273\331\000L\003M\317\234\304"
  92      6C2FEE56 
  92      D3BBD900 
  92      4C034DCF 
  92      9CC4
  93 028a 7705BA00 		.ascii	"w\005\272\000\177W\204\354T\275\276\260\352R\303\336"
  93      7F5784EC 
  93      54BDBEB0 
  93      EA52C3DE 
  94 029a 80EAF604 		.ascii	"\200\352\366\004j\375\336\232J5\034\364\007<\256\255"
  94      6AFDDE9A 
  94      4A351CF4 
  94      073CAEAD 
  95 02aa DB8A4361 		.ascii	"\333\212CaoiIdGq$TU\354\256>Z\343\011\027\037:\246V"
  95      6F694964 
  95      47712454 
  95      55ECAE3E 
  95      5AE30917 
  96 02c2 0602A4C2 		.ascii	"\006\002\244\302\341PC\356\032U0\324\362\212\275\245"
  96      E15043EE 
  96      1A5530D4 
  96      F28ABDA5 
  97 02d2 25CE03E5 		.ascii	"%\316\003\345\273\017:\367x\252\202\225\301\343\252"
  97      BB0F3AF7 
  97      78AA8295 
  97      C1E3AA
ARM GAS  /tmp/ccbMTbkK.s 			page 7


  98 02e1 CBEFF5FA 		.ascii	"\313\357\365\372}*f\3269\005\311\211\002\036W\265\323"
  98      7D2A66D6 
  98      3905C989 
  98      021E57B5 
  98      D3
  99 02f2 E5F7A17E 		.ascii	"\345\367\241~mmu0\244F\352\234n\227[?w\034&\226l\240"
  99      6D6D7530 
  99      A446EA9C 
  99      6E975B3F 
  99      771C2696 
 100 0308 54079C95 		.ascii	"T\007\234\225nw\320\204\273/\342\345\233\333\023\374"
 100      6E77D084 
 100      BB2FE2E5 
 100      9BDB13FC 
 101 0318 03F90672 		.ascii	"\003\371\006r\300"
 101      C0
 102              		.text
 103              		.section	.gnu.lto__ux_dcd_stm32_endpoint_create.164.1aa7369d3eb0150a,"e",%progbits
 104 0000 789C8553 		.ascii	"x\234\205S[l\033U\020\275\263s\367\3418q\234\027\217"
 104      5B6C1B55 
 104      10BDB373 
 104      F7E13871 
 104      9C178F
 105 0013 FE901F54 		.ascii	"\376\220\037T\201H\266\017!\004?T|\303WA\342\317J\274"
 105      8148B60F 
 105      21043F54 
 105      7CC35741 
 105      E2CF4ABC 
 106 0027 46B2123F 		.ascii	"F\262\022?\34484\375@\335<Z\243T(u\220RZ9\216\272,U"
 106      E43834FD 
 106      40DD3C5A 
 106      A3542875 
 106      90525A39 
 107 003f FA531E02 		.ascii	"\372S\036\002%\201\320\272\215he\241\2525\002\202\202"
 107      2581D0BA 
 107      8D6865A1 
 107      AA350282 
 107      82
 108 0050 FA02A94E 		.ascii	"\372\002\251N\204\324F\010\245-Jk\346\356\256c\232F"
 108      84D44608 
 108      A52D4A6B 
 108      E6EEAE63 
 108      9A46
 109 0062 60ADC79E 		.ascii	"`\255\307\236\271g\316\234\231;\373\202\314X\2211\366"
 109      B967CE9C 
 109      993BFB82 
 109      CC589131 
 109      F6
 110 0073 1E7D4163 		.ascii	"\036}Ac0\236\035\225\230i\232{TI\312d\017Kp\026\256"
 110      309E1D95 
 110      98699A7B 
 110      5449CA64 
 110      0F4B7016 
 111 0088 946F297C 		.ascii	"\224o)|8\033\370\354\243c/s\224F\262\376\362\373\237"
 111      381BF8EC 
 111      A3632F73 
 111      9446B2FE 
ARM GAS  /tmp/ccbMTbkK.s 			page 8


 111      F2FB9F
 112 009b 3CC333D9 		.ascii	"<\3033\331\300\261\273K\355\234K\007\263\376\321\323"
 112      C0B1BB4B 
 112      ED9C4B07 
 112      B3FED1D3 
 113 00ab 636DFC50 		.ascii	"cm\374P6\260VZ}\236\3130\261\301\242\300\321\354\350"
 113      36B0565A 
 113      7D9ECB30 
 113      B1C1A2C0 
 113      D1ECE8
 114 00be E2D4194E 		.ascii	"\342\324\031NDN@\205\301\215C`\007$\344\262\242\302"
 114      444E4085 
 114      C18D4360 
 114      0724E4B2 
 114      A2C2
 115 00d0 01F81073 		.ascii	"\001\370\020s\010\343h#\003\356\375\003h\177\256`\232"
 115      08E36823 
 115      03EEFD03 
 115      687FAE60 
 115      9A
 116 00e1 F7BECBE7 		.ascii	"\367\276\313\347~\207\334t\201\333(\261<\001\276\002"
 116      7E87DC74 
 116      81DB28B1 
 116      3C01BE02 
 117 00f1 F8124830 		.ascii	"\370\022H0# N\001\333N\250+\177\314\232\246\217\331"
 117      23204E01 
 117      DB4EA82B 
 117      7FCC9AA6 
 117      8FD9
 118 0103 883003FF 		.ascii	"\2100\003\377\002Q\300\201\235\362`\247\2063f\220\230"
 118      0251C081 
 118      9DF260A7 
 118      86336690 
 118      98
 119 0114 38CC3D0A 		.ascii	"8\314=\012\343\036\337\027 ~\236%\354\352\364\307\207"
 119      E31EDF17 
 119      207E9E25 
 119      ECEAF4C7 
 119      87
 120 0125 03470635 		.ascii	"\003G\0065\033e\370\006\036)\354 /\326\220S\013\036"
 120      1B65F806 
 120      1E29EC20 
 120      2FD69053 
 120      0B1E
 121 0137 52816F37 		.ascii	"R\201o7!\025\006g\000\346A(\027CfLr\003\237\376 \027"
 121      21150667 
 121      00E64128 
 121      1743664C 
 121      72039FFE 
 122 014d CCF5CA98 		.ascii	"\314\365\312\230i\336y\372\346Cu\033\220\010U\"\243"
 122      69DE79FA 
 122      E643751B 
 122      90085522 
 122      A3
 123 015e A1305C18 		.ascii	"\2410\\\030Y\030E\034\250\302hd|\242\311\272:\341\372"
 123      5918451C 
 123      A8C26864 
ARM GAS  /tmp/ccbMTbkK.s 			page 9


 123      7CA2C9BA 
 123      3AE1FA
 124 0171 85A92723 		.ascii	"\205\251'#\005\001\276\206&F\254\315\000\263\320\"j"
 124      0501BE86 
 124      2646ACCD 
 124      00B3D022 
 124      6A
 125 0182 323686AC 		.ascii	"26\206\254B\037\004\263\300\330\021\224\\g\220\234\333"
 125      421F04B3 
 125      C0D81194 
 125      5C67909C 
 125      DB
 126 0193 30343FF7 		.ascii	"04?\367s\351sq-\026\2027p\3564tR\\\324\364v\033\375"
 126      73E97371 
 126      2D168237 
 126      70EE3474 
 126      525CD4F4 
 127 01aa 1606A1E0 		.ascii	"\026\006\241\340\304vP\210\272\253\207s0)\332\020\376"
 127      C4765088 
 127      BAAB8773 
 127      3029DA10 
 127      FE
 128 01bb F205B0B1 		.ascii	"\362\005\260\261\001\316SDtJ\224\353\231\007\333,\224"
 128      01CE5344 
 128      744A94EB 
 128      9907DB2C 
 128      94
 129 01cc 8890BCE1 		.ascii	"\210\220\274\341\211\314Oha\023\005\004\267\014\225"
 129      89CC4F68 
 129      61130504 
 129      B70C95
 130 01db 87954A23 		.ascii	"\207\225J#[\205\2037\256\037j\260\260e\004$\033\003"
 130      5B858337 
 130      AE1F6AB0 
 130      B0650424 
 130      1B03
 131 01ed 79916C61 		.ascii	"y\221la3\301lld+0\262\274P\376\340):\027Y\212;C\022"
 131      33C16C6C 
 131      642B30B2 
 131      BC50FEE0 
 131      293A1759 
 132 0205 8F95F3C5 		.ascii	"\217\225\363\305bM\374\375k%\"\307\252\\\322\026\244"
 132      624DFCFD 
 132      6B2522C7 
 132      AA5CD216 
 132      A4
 133 0216 14B800CC 		.ascii	"\024\270\000\314\223*\303E\022&9\302H\312\003n!=(H5"
 133      932AC345 
 133      122639C2 
 133      48CA036E 
 133      213D2848 
 134 022b 00B74E37 		.ascii	"\000\267N7\305\334@\265\012\377\253\264t\035\274*\303"
 134      C5DC40B5 
 134      0AFFABB4 
 134      741DBC2A 
 134      C3
 135 023c E399CBB9 		.ascii	"\343\231\313\271\034\315G\246D(\212\246\206VGa\253\232"
ARM GAS  /tmp/ccbMTbkK.s 			page 10


 135      1CCD47A6 
 135      44288AA6 
 135      86564761 
 135      AB9A
 136 024e 4C14FCDE 		.ascii	"L\024\374\336-Hx\201\234\230\273u\302\2771\316\266\332"
 136      2D487881 
 136      9C98BB75 
 136      C2BF31CE 
 136      B6DA
 137 0260 383D814D 		.ascii	"8=\201Mp\211\360(\360-\002\177\374~y\260\206\017<\326"
 137      7089F028 
 137      F02D027F 
 137      FC7E79B0 
 137      860F3CD6 
 138 0274 50335C26 		.ascii	"P3\\&<\027\370\240;\354\305\311\343$N\241\031oR\266"
 138      3C17F8A0 
 138      3BECC5C9 
 138      E3244EA1 
 138      196F52B6 
 139 0288 45760394 		.ascii	"Ev\003\224([\026\331\212;\221;\2239\325Bz\234\253o\000"
 139      285B16D9 
 139      8A3B913B 
 139      9339D542 
 139      7A9CAB6F 
 140 029d D3EBEF92 		.ascii	"\323\353\357\222\374\2374?\022\215\"hT1\303\225\205"
 140      FC9F343F 
 140      128D2268 
 140      5431C395 
 140      85
 141 02ae 138D54DF 		.ascii	"\023\215T\337\275\340\352\020\345\2433+EV\333\2635q"
 141      BDE0EA10 
 141      E5A3332B 
 141      4556DBB3 
 141      3571
 142 02c0 559AB763 		.ascii	"U\232\267cX\333\261e\332\261\026\272zXt\371\227\251"
 142      58DBB165 
 142      DAB116BA 
 142      7A5874F9 
 142      97A9
 143 02d2 9E0F7EA1 		.ascii	"\236\017~\241\002\252\273O\363>\013}U\364\275\265\233"
 143      02AABB4F 
 143      F33E0B7D 
 143      55F4BDB5 
 143      9B
 144 02e3 BEAD7772 		.ascii	"\276\255wr\251\266\223\263T\313\306V\370\225B\232G2"
 144      A9B693B3 
 144      54CBC656 
 144      F895429A 
 144      4732
 145 02f5 77B7B4D3 		.ascii	"w\267\264\323\302\272\377\333\354\253\217m\3665\212"
 145      C2BAFFDB 
 145      ECAB8F6D 
 145      F6358A
 146 0304 F8AA0B54 		.ascii	"\370\252\013T\316\277b\211\274:\321D\033 -r\246\235"
 146      CEBF6289 
 146      BC3AD144 
 146      1B202D72 
ARM GAS  /tmp/ccbMTbkK.s 			page 11


 146      A69D
 147 0316 393BFC44 		.ascii	"9;\374D\336\275v\215fI\202\011f\343\223\316$\224\332"
 147      DEBD768D 
 147      66498209 
 147      66E393CE 
 147      2494DA
 148 0329 3A095725 		.ascii	":\011W%n\223;\356\2370\264\207R\352)\3767\324\013N\011"
 148      6E933BEE 
 148      9F30B487 
 148      52EA29FE 
 148      37D40B4E 
 149 033e 5AA5D333 		.ascii	"Z\245\3233\353\032\275\221\256\313\224\223\257\302o"
 149      EB1ABD91 
 149      AECB9493 
 149      AFC26F
 150 034d 80B7CFF6 		.ascii	"\200\267\317\366\322\233\014n\256\351P\275\244\307\342"
 150      D29B0C6E 
 150      AEE950BD 
 150      A4C7E2
 151 035c 693DACA7 		.ascii	"i=\254\247cI\335\210&{\023\261\236.=\235J$\243\341\035"
 151      6349DD88 
 151      267B13B1 
 151      9E2E3D9D 
 151      4A24A3E1 
 152 0371 3B3BFAD2 		.ascii	";;\372\322\261\335\273\372_\354\350\357\353\3560\"\357"
 152      B1DDBBFA 
 152      5FECE8EF 
 152      EBEE3022 
 152      EF
 153 0382 F644D31D 		.ascii	"\366D\323\035\357\354\323\273\222Iftv\352}F\217\356"
 153      EFECD3BB 
 153      92496674 
 153      76EA7D46 
 153      8FEE
 154 0394 20F4BD6F 		.ascii	" \364\275o\276\261{W\350\255\275\257\275\035z=\332\235"
 154      BEB17B57 
 154      E8ADBDAF 
 154      BD1D7A3D 
 154      DA9D
 155 03a6 EA4AEDD7 		.ascii	"\352J\355\327\303\211X,\021\327)s \344\200BD\020\015"
 155      C389582C 
 155      11D72973 
 155      20E48042 
 155      44100D
 156 03b9 4742E144 		.ascii	"GB\341D\234\370{{#\251>\275\177 d\204\015\357<\0227"
 156      9CF87B7B 
 156      23A93EBD 
 156      7F206484 
 156      0DEF3C12 
 157 03ce 9289683C 		.ascii	"\222\211h<\035\012\247\"]\351Hg\230\3716\016\265\352"
 157      1D0AA722 
 157      5DE94867 
 157      98F9360E 
 157      B5EA
 158 03e0 61EB266C 		.ascii	"a\353&l4nD\006\244\210\361\017\012{\364\303"
 158      346E4406 
 158      A488F10F 
ARM GAS  /tmp/ccbMTbkK.s 			page 12


 158      0A7BF4C3 
 159              		.text
 160              		.section	.gnu.lto_.symbol_nodes.1aa7369d3eb0150a,"e",%progbits
 161 0000 789CCB67 		.ascii	"x\234\313g\000\002\246\305\214\365\014\377\201\200\231"
 161      0002A6C5 
 161      8CF50CFF 
 161      818099
 162 000f 71C23906 		.ascii	"q\3029\006\206z\006\206\235\015\215\215\006\014\214"
 162      867A0686 
 162      9D0D8D8D 
 162      060C8C
 163 001e 0C60D925 		.ascii	"\014`\331%\214\365\214(\262\273\032\032\031\241\222"
 163      8CF58C28 
 163      B2BB1A1A 
 163      19A192
 164 002d 8C4B19EB 		.ascii	"\214K\031\353\231\376C\201<X\001\003CCC\003H\226\231"
 164      99FE4381 
 164      3C580103 
 164      43434303 
 164      489699
 165 0040 116A6813 		.ascii	"\021jh\023#3#\323\364\355/O20\036\341f\000\000\233\256"
 165      233323D3 
 165      F4ED2F4F 
 165      32301EE1 
 165      6600009B 
 166 0055 271B     		.ascii	"'\033"
 167              		.text
 168              		.section	.gnu.lto_.refs.1aa7369d3eb0150a,"e",%progbits
 169 0000 789C6364 		.ascii	"x\234cd\000\002\000\000\012\000\002"
 169      00020000 
 169      0A0002
 170              		.text
 171              		.section	.gnu.lto_.decls.1aa7369d3eb0150a,"e",%progbits
 172 0000 789CBD59 		.ascii	"x\234\275YyTTW\232\177\337\275UP\024k\204$\366L:a\234"
 172      79545457 
 172      9A7FDFBD 
 172      5550146B 
 172      8424F64C 
 173 0017 9CC4996E 		.ascii	"\234\304\231n\305\345t\267\335\177i+\351x\332\250G\240"
 173      C5E574B7 
 173      DD7F692B 
 173      E978DAA8 
 173      47A0
 174 0029 A77BFE98 		.ascii	"\247{\376\230\232\202zh\215EUuUaL\23793\245\240\240"
 174      9A827A68 
 174      8D455575 
 174      55614C9F 
 174      3933A5A0 
 175 003e 88A29D04 		.ascii	"\210\242\235\004\020\027\304%h\242\301(nqA\334p\215"
 175      1017C425 
 175      68A2C128 
 175      6E7141DC 
 175      708D
 176 0050 FBAE01B7 		.ascii	"\373\256\001\267\240\"\242\342\276\315w\357{\365\356"
 176      A022A2E2 
 176      BECD77EF 
 176      7BF5EE
ARM GAS  /tmp/ccbMTbkK.s 			page 13


 177 005f 7B55424F 		.ascii	"{UBO\367\2313u\370\352\275w\337\357~\373\367\335{\213"
 177      F7993375 
 177      F8EABD77 
 177      DFEF7EFB 
 177      F7DD7B8B 
 178 0073 3EEF4852 		.ascii	">\357HR\276U\222\376\023$\351%~\250$IG\220pH\312\304"
 178      BE5592FE 
 178      1324E925 
 178      7EA82449 
 178      47907048 
 179 0089 B12CA47F 		.ascii	"\261,\244\177Az\037\237\247\340\365-\274\376\033^\213"
 179      417A1F9F 
 179      A7E0F52D 
 179      BCFE1B5E 
 179      8B
 180 009a 90AE22DD 		.ascii	"\220\256\"\335\224\224\017\233w\007\237\237!E\021)\342"
 180      94940F9B 
 180      77079F9F 
 180      21451129 
 180      E2
 181 00ab 73190109 		.ascii	"s\031\001\011x\355\201\224\202\024M\024~\214w\246\312"
 181      78ED8194 
 181      82144D14 
 181      7E8C77A6 
 181      CA
 182 00bc 97C928C4 		.ascii	"\227\311(\304\373\014\244_\252\274\377\210W\017\222"
 182      FB0CA45F 
 182      AABCFF88 
 182      570F92
 183 00cb 19EF27E3 		.ascii	"\031\357'\343u\024R?\244IH\377\205\004\252\334\360\317"
 183      7514523F 
 183      A44948FF 
 183      8504AADC 
 183      F0CF
 184 00dd 6394D753 		.ascii	"c\224\327S'\357\011(\362\256\2522\255D\310d\362\337"
 184      27EF0928 
 184      F2AEAA32 
 184      AD44C864 
 184      F2DF
 185 00ef C3EB15BC 		.ascii	"\303\353\025\274V\203b_,\276\357\300k\014^\307\342\273"
 185      5683625F 
 185      2CBEEFC0 
 185      6B0C5EC7 
 185      E2BB
 186 0101 38A2E856 		.ascii	"8\242\350V\244\352\025\217\317f\242\370\251\005\307"
 186      A4EA158F 
 186      CF66A2F8 
 186      A905C7
 187 0110 9620E521 		.ascii	"\226 \345!]@\372\017\244\361H^Pt^\214T\003\212\217\230"
 187      5D40FA0F 
 187      A4F1485E 
 187      50745E8C 
 187      54038A8F 
 188 0125 7FEE74E1 		.ascii	"\177\356t\341\2439\024z\200\011\277S \225\3377\233\371"
 188      A339147A 
 188      8009BF53 
 188      2095DF37 
ARM GAS  /tmp/ccbMTbkK.s 			page 14


 188      9BF9
 189 0137 E5B49912 		.ascii	"\345\264\231\022\366\362}`\021J\344w\022\375;)-\310"
 189      F6F27D60 
 189      114AE477 
 189      12FD3B29 
 189      2DC8
 190 0149 3F8DFF2D 		.ascii	"?\215\377-\301\267\252\013(\352WEI\333\256\353\007\342"
 190      C1B7AA0B 
 190      28EA5745 
 190      49DBAEEB 
 190      07E2
 191 015b AD0DC160 		.ascii	"\255\015\301`G\260\2410F\202z\200\265 \301\026\300\231"
 191      47B0A130 
 191      46827A80 
 191      B520C116 
 191      C099
 192 016d 9B013601 		.ascii	"\233\0016\001l\004Z\006\212\304\303fZ\205\374\276P\037"
 192      6C045A06 
 192      8AC4C366 
 192      5A85FCBE 
 192      501F
 193 017f 9BCCF42B 		.ascii	"\233\314\364+~\373\026\274\004~a\034\327\327<\335m\265"
 193      7EFB16BC 
 193      047E611C 
 193      D7D73CDD 
 193      6DB5
 194 0191 20C7D6E2 		.ascii	" \307\326\342\346\006d5\020\372\241\363\367\000c\267"
 194      E6066435 
 194      10FAA1F3 
 194      F70063B7 
 195 01a1 1B6017D0 		.ascii	"\033`\027\320u\034\267\350\263\271\217 \014\007M\240"
 195      751CB7E8 
 195      B3B98F20 
 195      0C074DA0 
 196 01b1 47722915 		.ascii	"Gr)\025\212i\375\270\265AJ\367\253\322c\221\307\361"
 196      8A69FDB8 
 196      B5414AF7 
 196      ABD26391 
 196      C7F1
 197 01c3 13C7AE98 		.ascii	"\023\307\256\230\255AU{\034T\324\227\340;d\230\006\207"
 197      AD41557B 
 197      1C54D497 
 197      E03B6498 
 197      0687
 198 01d5 003187FE 		.ascii	"\0001\207\376|\342)\351\201\230\302`\260\232\300V\200"
 198      7CE229E9 
 198      8198C260 
 198      B09AC056 
 198      80
 199 01e6 0300FB19 		.ascii	"\003\000\373\031\3500p\240D\217p\205\2466\374p\330b"
 199      E83070A0 
 199      448F7085 
 199      A636FC70 
 199      D862
 200 01f8 6DEED615 		.ascii	"m\356\326\025\\\211\336\\~\231\231\236\353\306\340\223"
 200      5C89DE5C 
 200      7E99999E 
ARM GAS  /tmp/ccbMTbkK.s 			page 15


 200      EBC6E093 
 201 0208 3A835B38 		.ascii	":\203[8\356\263\271'\217$X\232\215\006\237\002\003\362"
 201      EEB3B927 
 201      8F24589A 
 201      8D069F02 
 201      03F2
 202 021a 6E371CCF 		.ascii	"n7\034\317\352p\0179n\356\365\345\013c\302]x\016\364"
 202      EA700F39 
 202      6EEEF5E5 
 202      0B63C25D 
 202      780EF4
 203 022d 48256E84 		.ascii	"H%n\204_\032\210\342\303\024ZD\024\037F#\223\215'K\267"
 203      5F1A88E2 
 203      C3145A44 
 203      141F4623 
 203      938D274B 
 204 0242 C4BECA87 		.ascii	"\304\276\312\207\227\270\017[\024\026\251t\246:\247"
 204      97B80F5B 
 204      1416A974 
 204      A63AA7
 205 0251 279D4B24 		.ascii	"'\235K$\272T}J\242\253\360i\003a\352\034\330]\332\004"
 205      BA547D4A 
 205      A2ABF069 
 205      0361EA1C 
 205      D85DDA04 
 206 0265 2C975A83 		.ascii	",\227Z\203\215\223\250\252\316\015\300\274\010i\203"
 206      8D93A8AA 
 206      CE0DC0BC 
 206      086983
 207 0274 A0CE9D4B 		.ascii	"\240\316\235K\226\304\306\361\204\253n4\301M\320\344"
 207      96C4C6F1 
 207      84AB6E34 
 207      C14DD0E4 
 208 0284 B5B15034 		.ascii	"\265\261P4\250|-t\037\277K\201$\376L\350)\376\374\036"
 208      A87C2D74 
 208      1FBF4B81 
 208      24FE4CE8 
 208      29FEFC1E 
 209 0298 6636E557 		.ascii	"f6\345W\2116s\251\017\247\326.\210eR\333\202\015\223"
 209      893673A9 
 209      0FA7D62E 
 209      886552DB 
 209      820D93
 210 02ab CD127400 		.ascii	"\315\022t\000`\331\300}@\014\312\355\004\270\007\364"
 210      60D9C07D 
 210      400CCAED 
 210      04B807F4 
 211 02bb BACAAC1F 		.ascii	"\272\312\254\037\275\213\352>S\237z\322\022*\3212\244"
 211      BD8BEA3E 
 211      539F7AD2 
 211      122AD132 
 211      A4
 212 02cc 4AA48554 		.ascii	"J\244\205T\021\335\233\277k t1E\376\251\355\017OMx\367"
 212      11DD9BBF 
 212      6B207431 
 212      45FEA9ED 
 212      0F4F4D78 
ARM GAS  /tmp/ccbMTbkK.s 			page 16


 213 02e1 DD7793DF 		.ascii	"\335w\223\337\325}P\332\243#UmE\277\272TP\024,\233D"
 213      D57D50DA 
 213      A323556D 
 213      45BFBA54 
 213      50142C9B 
 214 02f6 5177B80E 		.ascii	"Qw\270\0160\225h\306\264\262\257z\220\230\241\313\227"
 214      309568C6 
 214      B4B2AF7A 
 214      9098A1CB 
 214      97
 215 0307 16C5D705 		.ascii	"\026\305\327\005)\263\3659\007)\361L\223\230\262\014"
 215      29B3F539 
 215      0729F14C 
 215      9398B20C 
 216 0317 51B771D7 		.ascii	"Q\267q\327\324`\322\2448\206x\026\206x\012\222\222\273"
 216      D460D2A4 
 216      38867816 
 216      86780A92 
 216      92BB
 217 0329 0D260926 		.ascii	"\015&\011&\021\010b;`\0104m6\201\031\004\012\011L!0"
 217      1108623B 
 217      6008346D 
 217      36811904 
 217      0A094C21 
 218 033e 8D403181 		.ascii	"\215@1\201\"\002%\004\346\020(%P@`\026\201\351\004\312"
 218      22022504 
 218      E6102825 
 218      50406016 
 218      81E904CA 
 219 0352 08CC643D 		.ascii	"\010\314d=\204\011\332\177\025\005M\216\203\007\000"
 219      8409DA7F 
 219      15054D8E 
 219      830700
 220 0361 0FB920C5 		.ascii	"\017\271 \305[\022\264\263\257\376\034\323$0\217\015"
 220      5B12B4B3 
 220      AFFE1CD3 
 220      24308F0D 
 221 0371 18A6CE23 		.ascii	"\030\246\316#E\341\315B\341'a\012+F\327\265M)\012&\025"
 221      45E1CD42 
 221      E127610A 
 221      2B46D7B5 
 221      4D290A26 
 222 0386 C6B17ABB 		.ascii	"\306\261z\273f\360\314U\341\231\272CB\324\335HuT\347"
 222      66F0CC55 
 222      E199BA43 
 222      42D4DD48 
 222      7554E7
 223 0399 2C10B25E 		.ascii	",\020\262^\204\311\032\310\001\027\204\250[\221AP\214"
 223      84C91AC8 
 223      011784A8 
 223      5B914150 
 223      8C
 224 03aa 2ADDA331 		.ascii	"*\335\2431\231L\004\223\313:en\0106?Dj\254\260))\322"
 224      994C0493 
 224      CB3A656E 
 224      08363F44 
 224      6AACB029 
ARM GAS  /tmp/ccbMTbkK.s 			page 17


 225 03c0 30570C98 		.ascii	"0W\014\230\313\002S%\364}\031\246\257\0028#\000\267"
 225      CB025325 
 225      F47D19A6 
 225      AF023823 
 225      00B7
 226 03d2 75807655 		.ascii	"u\200vU\027Zcby\375r\316\354\232\250\344\360\330\303"
 226      175A6362 
 226      79FD72CE 
 226      EC9AA8E4 
 226      F0D8C3
 227 03e5 9FC9DF16 		.ascii	"\237\311\337\026}\344\370\344a\303\202D\321\011?%\360"
 227      7DE4F8E4 
 227      61C38244 
 227      D1093F25 
 227      F0
 228 03f6 3DC04526 		.ascii	"=\300E&\3653\302\313]\242u&\211\256\343\342g\\ly\222"
 228      F533C2CB 
 228      5DA27526 
 228      89AEE3E2 
 228      675C6C79 
 229 040b C8BA6197 		.ascii	"\310\272a\227\305\314\213%\236\027K\253D\033q\346\036"
 229      C5CC8B25 
 229      9E174BAB 
 229      441B71E6 
 229      1E
 230 041c A466A44E 		.ascii	"\244f\244N\244\031f\245\306\006\321r\263Dk\221\326 "
 230      A41966A5 
 230      C606D172 
 230      B3446B91 
 230      D620
 231 042e 6D45DA8D 		.ascii	"mE\332\215t\000\351\024\322U\244{f\224\367\326\263="
 231      7400E914 
 231      D255A47B 
 231      6694F7D6 
 231      B33D
 232 0440 DBAEC488 		.ascii	"\333\256\304\210\012KV\252\254\243\364\352\324P\355"
 232      0A4B56AA 
 232      ACA3F4EA 
 232      D450ED
 233 044f 2C27B036 		.ascii	",'\2606\334W\314\235Owh\356\234\037\016QS\350\254\200"
 233      DC57CC9D 
 233      4F7768EE 
 233      9C1F0E51 
 233      53E8AC80 
 234 0463 2CD541D4 		.ascii	",\325A\324\372b\210\333\002\2610\234\211\022\265\357"
 234      FA6288DB 
 234      02B1309C 
 234      8912B5EF 
 235 0473 04625918 		.ascii	"\004bY\030\017UJ\211\210\353\274p\036\252\230m\202I"
 235      0F554A89 
 235      88EBBC70 
 235      1EAA986D 
 235      8249
 236 0485 6D181345 		.ascii	"m\030\023E\312~\001\370\"\014\240$\373M\001\250\011"
 236      CA7E01F8 
 236      220CA024 
 236      FB4D01A8 
ARM GAS  /tmp/ccbMTbkK.s 			page 18


 236      09
 237 0496 03A8B579 		.ascii	"\003\250\265yQ \226\204!\352\265f\202\035r.\201J\326"
 237      51209684 
 237      21EAB566 
 237      821D722E 
 237      814AD6
 238 04a9 4CD6F274 		.ascii	"L\326\362t\252#\260\232\300*\002_\021XC`\035\201o0\273"
 238      AA23B09A 
 238      C02A025F 
 238      11584360 
 238      1D816F30 
 239 04be 09AC24B0 		.ascii	"\011\254$\260\236\300\227\004\276&\260\"\324Fn\011\021"
 239      9EC09704 
 239      BE26B022 
 239      D4466E09 
 239      11
 240 04cf 8BC24454 		.ascii	"\213\302DT\023\216h\025\210\305a\210c\212\232\217\005"
 240      138E6815 
 240      88C56188 
 240      638A9A8F 
 240      05
 241 04e0 6241B8B7 		.ascii	"bA\270\267\006J\264$\212e\341\363\375[6\306%\207\353"
 241      064AB424 
 241      8A65E1F3 
 241      FD5B36C6 
 241      2587EB
 242 04f3 0C1BC85F 		.ascii	"\014\033\310_\2535\255\342\374\316MY=\023\222\225\335"
 242      AB35ADE2 
 242      FCCE4D59 
 242      3D139295 
 242      DD
 243 0504 5083B213 		.ascii	"P\203\262\023\202o\031'\006Y\302!\347\3577\027&\032"
 243      826F1927 
 243      0659C221 
 243      E7EF3717 
 243      261A
 244 0516 20B09968 		.ascii	" \260\231h \004\324\254Z\276\312$V\260-\242\011l%\352"
 244      2004D4AC 
 244      5ABECA24 
 244      56B02DA2 
 244      096C25EA 
 245 052a D6EC8A99 		.ascii	"\326\354\212\231\347~u_Z\307x\246\036\256/]j5\254 \370"
 245      E77E755F 
 245      5AC778A6 
 245      1EAE2F5D 
 245      6A35AC20 
 246 053f 11A5DD40 		.ascii	"\021\245\335@`\033\213D#\267i/\201\357\010\354!\260"
 246      601B8B44 
 246      23B7692F 
 246      81EF08EC 
 246      21B0
 247 0551 93C01102 		.ascii	"\223\300\021\002\273\011\034$\260\203\300!\002\373\010"
 247      BB091C24 
 247      B083C021 
 247      02FB08
 248 0560 EC227080 		.ascii	"\354\"p\200\340\212\016\373\01141\313Zp-:\177\257a\313"
 248      E08A0EFB 
ARM GAS  /tmp/ccbMTbkK.s 			page 19


 248      093431CB 
 248      5A702D3A 
 248      7FAF61CB 
 249 0574 4F771404 		.ascii	"Ow\024\004\233\032\000\216\002\034\001\306*\244\325"
 249      9B1A008E 
 249      021C01C6 
 249      2AA4D5
 250 0583 3E258751 		.ascii	">%\207Q\\\335\367\213\203\274}}F\340s\3020\241\006\240"
 250      5CDDF78B 
 250      83BC7D7D 
 250      46E073C2 
 250      30A106A0 
 251 0597 5BAEEA6E 		.ascii	"[\256\352n\027h=\256\321\300\250A\024\303\0155x\347"
 251      17683DAE 
 251      D1C0A841 
 251      14C30D35 
 251      78E7
 252 05a9 01CE708C 		.ascii	"\001\316p\214\022\274\343*\233\026\326\345TH\005\201"
 252      12BCE32A 
 252      9B16D6E5 
 252      54480581 
 253 05b9 722220AD 		.ascii	"r\" \255\020J\345\216\342)\263\022\330\3429\026\266"
 253      104AE58E 
 253      E229B312 
 253      D8E23916 
 253      B6
 254 05ca 13BD9C75 		.ascii	"\023\275\234u\272\242\013\351B`\223\001\243ULG\373\345"
 254      BAA20BE9 
 254      42609301 
 254      A3554C47 
 254      FBE5
 255 05dc 99BC43EC 		.ascii	"\231\274C\354\005\330\251Se\207n\001~QP\304\005\241"
 255      05D8A953 
 255      65876E01 
 255      7E5150C4 
 255      05A1
 256 05ee 451B0C16 		.ascii	"E\033\014\026\255\327\201\036]\236\031\002m\2174[5*"
 256      ADD7811E 
 256      5D9E1902 
 256      6D8F345B 
 256      352A
 257 0600 547DA701 		.ascii	"T}\247\001N\204\333}\214\027W\335-\325\307\207\001\016"
 257      4E84DB7D 
 257      8C1757DD 
 257      2DD5C787 
 257      010E
 258 0612 724868BB 		.ascii	"rHh\273\271\017\264\012\254;\315@\310g#\201*nW\250\030"
 258      B90FB40A 
 258      AC3BCD40 
 258      C8672381 
 258      2A6E57A8 
 259 0627 C50ADAF1 		.ascii	"\305\012\332\361Th\275-Rk\036\320\216\326\313#\031\004"
 259      5468BD2D 
 259      526B1ED0 
 259      8ED6CB23 
 259      1904
 260 0639 E3D90CFA 		.ascii	"\343\331\014\372x^\010\255%wxN\257~Y{\210&\207'\034"
ARM GAS  /tmp/ccbMTbkK.s 			page 20


 260      785E08AD 
 260      2577784E 
 260      AF7E597B 
 260      88268727 
 261 064e 1C257F5B 		.ascii	"\034%\177[\312!\307\231\267Z\027\351\266q\307\204v\307"
 261      CA21C799 
 261      B75A17E9 
 261      B671C784 
 261      76C7
 262 0660 8902B871 		.ascii	"\211\002\270qjJ\202\000\034\027\200\023\010\240\005"
 262      6A4A8200 
 262      1C178013 
 262      08A005
 263 066f D10C54BA 		.ascii	"\321\014T\272\251\340Dl\344\351\343$1n\271q\353\252"
 263      A9E0446C 
 263      E4E9E324 
 263      316EB971 
 263      EBAA
 264 0681 5C9A9535 		.ascii	"\\\232\2255%\030E\247EKt\036\322R\316\347\330\225\325"
 264      251845A7 
 264      454B741E 
 264      D252CEE7 
 264      D895D5
 265 0694 AB13C377 		.ascii	"\253\023\303w\236\027\210n\261\242_\"x\027\3229\244"
 265      9E17886E 
 265      B1A25F22 
 265      7817D239 
 265      A4
 266 06a5 3B48C516 		.ascii	";H\305\026\211.\262\360\311\215\213\267\232\215\005"
 266      892EB2F0 
 266      C98D8BB7 
 266      9A8D05
 267 06b4 7F85C055 		.ascii	"\177\205\300UQ\360\253\316\034)\215\021\246\\\025\246"
 267      51F0ABCE 
 267      1C298D11 
 267      A65C15A6 
 268 06c4 5C63A66C 		.ascii	"\\c\246l\262(E\037\307uk\306\031\011W^,xL\325u\214\355"
 268      B228451F 
 268      C7756BC6 
 268      1909575E 
 268      2C784CD5 
 269 06db 158F2EDB 		.ascii	"\025\217.\333\276eP\243R\237\327\010\\&p\373U\251|{"
 269      BE6550A3 
 269      529FD708 
 269      5C2670FB 
 269      55A97C7B 
 270 06ef 71094FE5 		.ascii	"q\011O\345\213\030N\0161\264DV\017\355j\376!\242%\034"
 270      8B184E0E 
 270      31B44456 
 270      0FED6AFE 
 270      21A2251C 
 271 0703 A154CC2D 		.ascii	"\241T\314-\265bN\021\270\024!\246\336\330z\221\313\371"
 271      B5624E11 
 271      B81421A6 
 271      DED87A91 
 271      CBF9
 272 0715 702E86FD 		.ascii	"p.\206\375\346u\002\255\230'?p\020\272\362\006\201["
ARM GAS  /tmp/ccbMTbkK.s 			page 21


 272      E67502AD 
 272      98273F70 
 272      10BAF206 
 272      815B
 273 0727 04DA08DC 		.ascii	"\004\332\010\334\304\255\032\201\366\320z\360H0\374"
 273      C4AD1A81 
 273      F6D07AF0 
 273      4830FC
 274 0736 3E9C6107 		.ascii	">\234a\007?\252\254\370\352\354\365\030\261\367@\310"
 274      3FAAACF8 
 274      EAECF518 
 274      B1F740C8 
 275 0746 59026758 		.ascii	"Y\002gX\306\337\011\355=\226\305\340\336\003\351`\014"
 275      C6DF09ED 
 275      3D96C5E0 
 275      DE03E960 
 275      0C
 276 0757 9B70E8EC 		.ascii	"\233p\350\354\226eq\306\250t\022\270/\242R][\263\234"
 276      966571C6 
 276      A87412B8 
 276      2FA2525D 
 276      5BB39C
 277 076a 88A8DC17 		.ascii	"\210\250\334\027\226>`Qi\211Q\017\251\312\231\255!\216"
 277      963E6051 
 277      6989510F 
 277      A9CA99AD 
 277      218E
 278 077c DE8FE96A 		.ascii	"\336\217\351j\005x*\270\356\375\272\2721L,V\211\016"
 278      05782AB8 
 278      EEFDBABA 
 278      314C2C56 
 278      890E
 279 078e 507CE0D4 		.ascii	"P|\340\324\012\235\330gB\354s\236\370\326\2669\353\226"
 279      0A9DD867 
 279      42EC739E 
 279      F8D6B639 
 279      EB96
 280 07a0 C4F0FD0B 		.ascii	"\304\360\375\013+\320\322\245\274@\357\020\270K\340"
 280      2BD0D2A5 
 280      BC40EF10 
 280      B84BE0
 281 07af A5B0DAB8 		.ascii	"\245\260\332\270\032\243\253\037\023x\204\236x\310Q"
 281      1AA3AB1F 
 281      1378849E 
 281      78C851
 282 07be E86A4C83 		.ascii	"\350jL\203\027\004p\352d\2528\271\243d\227\322\240\036"
 282      170470EA 
 282      64AA38B9 
 282      A36497D2 
 282      A01E
 283 07d0 10B8C751 		.ascii	"\020\270\307Q\306\004b\322*4i\347\014\322\370\227\332"
 283      C60462D2 
 283      2A3469E7 
 283      0CD2F897 
 283      DA
 284 07e1 56E6AA6C 		.ascii	"V\346\252l\236\023xb`sZ\005\321\240\225\031\272m\315"
 284      9E137862 
ARM GAS  /tmp/ccbMTbkK.s 			page 22


 284      60735A05 
 284      D1A09519 
 284      BA6DCD
 285 07f4 E20BE6E4 		.ascii	"\342\013\346\344\010\005\013\350+\025\304\011\365\223"
 285      08050BE8 
 285      2B15C409 
 285      F593
 286 0802 CF56E93C 		.ascii	"\317V\351<SH5\316S\020AK9\327\373so\365\212<\254M\245"
 286      534835CE 
 286      5310414B 
 286      39D7FB73 
 286      6FF58A3C 
 287 0819 BAC39A12 		.ascii	"\272\303\232\0226\245\322\033L\364S\253DW\362\271\025"
 287      36A5D21B 
 287      4CF453AB 
 287      4457F2B9 
 287      15
 288 082a CB6EAE8A 		.ascii	"\313n\256\2122\306\246\204\302\014\252\305\246p\375"
 288      32C6A684 
 288      C20CAAC5 
 288      A670FD
 289 0839 39BB5060 		.ascii	"9\273P`\206P\240\224)\260\023\0315sF7f\327\226\306\032"
 289      8650A094 
 289      29B01319 
 289      35734637 
 289      66D796C6 
 290 084e 19CDA250 		.ascii	"\031\315\242P&\030-z\264v\215Up*\023\234f3NO\254\252"
 290      26182D7A 
 290      B4768D55 
 290      702A139C 
 290      66334E4F 
 291 0864 76129D1B 		.ascii	"v\022\235\033+\321\365\261\334_'\037\354\214z\3259\372"
 291      2BD1F5B1 
 291      DC5F271F 
 291      EC8C7AD5 
 291      39FA
 292 0876 73CACED1 		.ascii	"s\312\316\321i\010\331qz\3577\011\254\010Z\203\301\177"
 292      6908D971 
 292      7AEF3709 
 292      AC085A83 
 292      C17F
 293 0888 67C5A294 		.ascii	"g\305\242\224I9\345 \211\356@f\007\221\316#]Gz\2024"
 293      4939E520 
 293      89EE4066 
 293      0791CE23 
 293      5D477A82 
 294 089d 3D4EA273 		.ascii	"=N\242s\342P@\322\363/JvC\350\034\312\272\312\341\313"
 294      E25040D2 
 294      F32F4A76 
 294      43E81CCA 
 294      BACAE1CB 
 295 08b1 8BAA1257 		.ascii	"\213\252\022W\256\015\006\013z2f\363(TS\303~Q\015\036"
 295      AE0D060B 
 295      7A3266F3 
 295      285453C3 
 295      7E510D1E 
 296 08c5 3B355056 		.ascii	";5PV\214\260\200C\320\321\313(,\244\260\204B\015\205"
ARM GAS  /tmp/ccbMTbkK.s 			page 23


 296      8CB08043 
 296      D0D1CB28 
 296      2CA4B084 
 296      420D85
 297 08d8 C5149652 		.ascii	"\305\024\226RX\304\242\310\367\010\217\307U`\233*\307"
 297      58C4A2C8 
 297      F7088FC7 
 297      55609B2A 
 297      C7
 298 08e9 55258CA1 		.ascii	"U%\214\241\272\265;\257\000P\342\3340\200\272\311\275"
 298      BAB53BAF 
 298      0050E2DC 
 298      3080BAC9 
 298      BD
 299 08fa F0D8558B 		.ascii	"\360\330U\213\200\"\012\225\034\240??\252\035\350\234"
 299      80220A95 
 299      1CA03F3F 
 299      AA1DE89C 
 300 090a C6A32A8C 		.ascii	"\306\243*\214\207\272\227\276\250\001*\302\000\352."
 300      87BA97BE 
 300      A8012AC2 
 300      00EA2E
 301 0919 F78C0698 		.ascii	"\367\214\006\230\037\006\350/\321\033\350\264\227H\345"
 301      1F06E82F 
 301      D11BE8B4 
 301      9748E5
 302 0928 F14A1368 		.ascii	"\361J\023hU\343\025E\353\324\021\014\3351\365v\020\235"
 302      55E31545 
 302      EBD4110C 
 302      DD31F576 
 302      109D
 303 093a 94C002B8 		.ascii	"\224\300\002\270\246u\366\011\252\266(\036\035\305i"
 303      A675F609 
 303      AAB6281E 
 303      1DC569
 304 0949 12ACA66A 		.ascii	"\022\254\246j\207Z\224\200k\010\322\017HE\211\022\255"
 304      875A9480 
 304      6B08D20F 
 304      48458912 
 304      AD
 305 095a 4FE42B5D 		.ascii	"O\344+]\373\205\263\306\216\002\353(\254\027\331tr\356"
 305      FB85B3C6 
 305      8E02EB28 
 305      AC17D974 
 305      72EE
 306 096c 86355464 		.ascii	"\2065Td\323z\221M\033(\007\\j\252\232\037g\222\370\000"
 306      D37A914D 
 306      1B28075C 
 306      6AAA9A1F 
 306      6792F800 
 307 0980 7870E0D1 		.ascii	"xp\340\321\206\035+\311\233AV&\301\024\030\247yp\023"
 307      861D2BC9 
 307      9B415626 
 307      C11418A7 
 307      797013
 308 0993 6AB25199 		.ascii	"j\262Q\231s\372\213\317\234\202\347&\301\363[\226I\207"
 308      73FA8BCF 
ARM GAS  /tmp/ccbMTbkK.s 			page 24


 308      9C82E726 
 308      C1F35B96 
 308      4987
 309 09a5 50BB76A4 		.ascii	"P\273v\244\212$<\231!\335F*\177\015\357_csw\337\234"
 309      8A243C99 
 309      21DD462A 
 309      7F0DEF5F 
 309      637377DF 
 310 09ba F58D6E6D 		.ascii	"\365\215nm\276(z\300\0166\371\016\002+zH\364[\244\263"
 310      BE287AC0 
 310      0E36F90E 
 310      022B7A48 
 310      F45BA4B3 
 311 09ce 3D70C2BB 		.ascii	"=p\302\273\013[\226\324F\207\375\006\242$a\335\364\312"
 311      0B5B96D4 
 311      4687FD06 
 311      A22461DD 
 311      F4CA
 312 09e0 3FB2550D 		.ascii	"?\262U\015\227\233\006\012\373\204\032\272C\363\323"
 312      979B060A 
 312      FB841ABA 
 312      43F3D3
 313 09ef F210648F 		.ascii	"\362\020d\217\001\242\365-\265\303L\243PL\271\363\366"
 313      01A2F52D 
 313      B5C34CA3 
 313      504CB9F3 
 313      F6
 314 0a00 F124DD4B 		.ascii	"\361$\335K\341;\012\307(\234\241p\220\302a\012M\024"
 314      E13B0AC7 
 314      289CA170 
 314      90C2610A 
 314      4D14
 315 0a12 4E50384D 		.ascii	"NP8M\3418\205S\024\016P8I\341(\205C\024\216P\330\257"
 315      E1388553 
 315      140E5038 
 315      49E12885 
 315      43148E50 
 316 0a28 76CABA5A 		.ascii	"v\312\272ZM\247U\006\201+\251h\203\263*\267\264@pN?"
 316      4DA75506 
 316      812BA968 
 316      83B32AB7 
 316      B440704E 
 317 0a3d F417D41B 		.ascii	"\364\027\324\033PA]\263,\256\334\250\240vPh4\240\304"
 317      50415DB3 
 317      2CAEDCA8 
 317      A0765068 
 317      34A0C4
 318 0a50 6F0B1D0B 		.ascii	"o\013\035\013*\353\025\020\012\374\306\000\372\232j"
 318      2AEB1510 
 318      0AFCC600 
 318      FA9A6A
 319 0a5f 4E78A639 		.ascii	"Nx\2469aw\204\023\324\242\230\246\251\275=R\224\272"
 319      61778413 
 319      D4A298A6 
 319      A9BD3D52 
 319      94BA
 320 0a71 715C5869 		.ascii	"q\\Xifi\277\232B\035\307\204r\364kaZ\335|\215\317\032"
ARM GAS  /tmp/ccbMTbkK.s 			page 25


 320      6669BF9A 
 320      421DC784 
 320      72F46B61 
 320      5ADD7C8D 
 321 0a87 039FFDFA 		.ascii	"\003\237\375\372-q\271j\030nGv\031Pb/\321Q\2523l\213"
 321      2D71B96A 
 321      186E4776 
 321      1950622F 
 321      D151AA33 
 322 0a9d 01A4FFDD 		.ascii	"\001\244\377\335\244D\023\267-2\003TL\245\206Y\033\251"
 322      A44413B7 
 322      2D320354 
 322      4CA58659 
 322      1BA9
 323 0aaf 92E2A099 		.ascii	"\222\342\240\231\032dsd8\024\310\014\015\2625R\033E"
 323      1A647364 
 323      3814C80C 
 323      0DB23552 
 323      1B45
 324 0ac1 E597E522 		.ascii	"\345\227\345\"`;#\355\252g\233\221\036\267\017\337?"
 324      603B23ED 
 324      AA679B91 
 324      1EB70FDF 
 324      3F
 325 0ad2 13ABFDD2 		.ascii	"\023\253\375\322\300\317\031\012\347R\012\323)\\z\245"
 325      C0CF190A 
 325      E7520AD3 
 325      295C7AA5 
 326 0ae2 0D1D5B74 		.ascii	"\015\035[t\336Xn@\211\035\334\376J\341\3269\006\214"
 326      DE586E40 
 326      891DDCFE 
 326      4AE1D639 
 326      068C
 327 0af4 FE84B54D 		.ascii	"\376\204\265M\2216\026\2760@t\273\270\203\012b6\205"
 327      913616BE 
 327      304074BB 
 327      B8830A62 
 327      3685
 328 0b06 9991FA28 		.ascii	"\231\221\372(\242\266\352\324\251\215PGM\2273\225f\306"
 328      A2B6EAD4 
 328      A98D5047 
 328      4D973395 
 328      66C6
 329 0b18 07DDF015 		.ascii	"\007\335\360\025\207(%\246y\214A\366V\232Y\267\306\026"
 329      872825A6 
 329      798C41F6 
 329      569A59B7 
 329      C616
 330 0b2a FA298784 		.ascii	"\372)\207\2042\252]d\235Z\237_RXA\371\346\370\022\257"
 330      32AA5D64 
 330      9D5A9F5F 
 330      525841F9 
 330      E6F812AF 
 331 0b3e CF7314BE 		.ascii	"\317s\024\276\247p\201B\013\205\363\270k\245p\226B3"
 331      A7708142 
 331      0B85F3B8 
 331      6BA57096 
ARM GAS  /tmp/ccbMTbkK.s 			page 26


 331      4233
 332 0b50 2B42FAB4 		.ascii	"+B\372\264\007\3378\2578p\013\222#\030\\\246\177\221"
 332      07DF38AF 
 332      38700B92 
 332      23185CA6 
 332      7F91
 333 0b62 014E2E99 		.ascii	"\001N.\231?\265X\267\235\270\242s\202\322\001\013\027"
 333      3FB558B7 
 333      9DB8A273 
 333      82D2010B 
 333      17
 334 0b73 5DDA6942 		.ascii	"]\332iB\207\020\03439\000\340\364\317\361\313*\375+"
 334      87101C33 
 334      3900E0F4 
 334      CFF1CB2A 
 334      FD2B
 335 0b85 95528224 		.ascii	"\225R\202$H\242\034\224X\251\225:\254M\360v\357N:\330"
 335      48A21C94 
 335      58A9953A 
 335      AC4DF076 
 335      EF4E3AD8 
 336 0b99 427A275A 		.ascii	"Bz'Z-\265; \311j\266\020\322\032\355\260\366~\002_\221"
 336      2DB53B20 
 336      C96AB610 
 336      D21AEDB0 
 336      F67E025F 
 337 0bae EAA8D4C1 		.ascii	"\352\250\324\301A\223c\306\353\255\321AR62e\340`\374"
 337      419363C6 
 337      EBADD141 
 337      52363265 
 337      E060FC
 338 0bc1 6E8D6E02 		.ascii	"n\215n\002\007\316\032m\262$\341]k\264\265\223V\227"
 338      07CE1A6D 
 338      B224E15D 
 338      6BB4B593 
 338      5697
 339 0bd3 46390E92 		.ascii	"F9\016\222\342\367qSiu\014HA\303\006[,o'6\322F\372\201"
 339      E2F77153 
 339      69750C48 
 339      41C3065B 
 339      2C6F2736 
 340 0beb 24592C75 		.ascii	"$Y,u\253^\267\266F'\"\213\336\216\324$Gjb\023\230\035"
 340      AB5EB7B6 
 340      4627228B 
 340      DE8ED424 
 340      476A6213 
 341 0c01 0E6B4A6F 		.ascii	"\016kJo\011\225p\014\0300\230X\221\263\311\322\004\003"
 341      0995700C 
 341      18309858 
 341      91B3C9D2 
 341      0403
 342 0c13 28C40D08 		.ascii	"(\304\015\010\266\334|\323\012\326\230\267S{K\222C\372"
 342      B6DC7CD3 
 342      0AD698B7 
 342      537B4B92 
 342      43FA
 343 0c25 004F5740 		.ascii	"\000OW@_\206>\020\2152\035\342\021\240\267\225\014 "
ARM GAS  /tmp/ccbMTbkK.s 			page 27


 343      5F863E10 
 343      8D321DE2 
 343      11A0B795 
 343      0C20
 344 0c37 F4B7ADD1 		.ascii	"\364\267\255\321\222DH*\256\326&K\\\034\004\361\022"
 344      9244482A 
 344      AED6264B 
 344      5C1C04F1 
 344      12
 345 0c48 63FBAD63 		.ascii	"c\373\255c\364\000\253\324\032M\360U\212\011\213\006"
 345      F400ABD4 
 345      1A4DF055 
 345      8A098B06 
 346 0c58 C44C6B94 		.ascii	"\304Lk\224\004\241\377\0341\377I\300\376\224/\211=H"
 346      04A1FF1C 
 346      31FF49C0 
 346      FE942F89 
 346      3D48
 347 0c6a 7A297C9C 		.ascii	"z)|\234!\321\257\034-I\241Q\355\242\336+\000\205O\350"
 347      21D1AF1C 
 347      2D49A151 
 347      EDA2DE2B 
 347      00854FE8 
 348 0c7e BF540021 		.ascii	"\277T\000!!\222\372V\307\\\350\240\352\021\342\023\222"
 348      2192FA56 
 348      C75CE8A0 
 348      EA11E213 
 348      92
 349 0c8f A3D351E8 		.ascii	"\243\323Q\350\212\021V\204\020\375\034>\317\240\270"
 349      8A115684 
 349      10FD1C3E 
 349      CFA0B8
 350 0c9e 6029696C 		.ascii	"`)il%\235\341J^\255\275\277\265>\356\032\272-\330\331"
 350      259DE14A 
 350      5EADBDBF 
 350      B53EEE1A 
 350      BA2DD8D9 
 351 0cb2 B9E44C32 		.ascii	"\271\344L2$\224\015\226\200\256Jf\357^\314,n\215\341"
 351      24940D96 
 351      80AE4A66 
 351      EF5ECC2C 
 351      6E8DE1
 352 0cc5 0B311615 		.ascii	"\0131\026\025[\210\037\026\2578\030o\\\333q\207~C\254"
 352      5B881F16 
 352      AF38186F 
 352      5CDB7187 
 352      7E43AC
 353 0cd8 ED6BF654 		.ascii	"\355k\366T\315\242F\000\356\220u\200\222\3553\012u\277"
 353      CDA24600 
 353      EE907580 
 353      92ED330A 
 353      75BF
 354 0cea 16DD1469 		.ascii	"\026\335\024i\334\246\244\361\275\233\363\236Es\231"
 354      DCA6A4F1 
 354      BD9BF39E 
 354      457399
 355 0cf9 6D14AE53 		.ascii	"m\024\256S\034\231\266kIa\202\221'\236\300\332\005\317"
ARM GAS  /tmp/ccbMTbkK.s 			page 28


 355      1C99B66B 
 355      49618291 
 355      279EC0DA 
 355      05CF
 356 0d0b 7587CAEA 		.ascii	"u\207\312\352u\353w\273\340y[\341\331t\351B\011h\373"
 356      75EB77BB 
 356      E0795BE1 
 356      D974E942 
 356      0968FB
 357 0d1e 87DB620B 		.ascii	"\207\333b\013\326\201\345w\0131\275\312*\330\251\364"
 357      D681E577 
 357      0B31BDCA 
 357      2AD8A9F4 
 358 0d2e C8B141BB 		.ascii	"\310\261A\273\012\202\265\010l2\341;hUe`\273B\340\017"
 358      0A82B508 
 358      6C32E13B 
 358      68556560 
 358      BB42E00F 
 359 0d42 14AE5189 		.ascii	"\024\256Q\211n\346\256\331t\276b\261\325\250\024\326"
 359      6EE6AED9 
 359      74BE62B1 
 359      D5A814D6 
 360 0d52 B1EE947C 		.ascii	"\261\356\224|\354p\3155\335\236\371\236P\252SQj\363"
 360      EC70CD35 
 360      DD9EF99E 
 360      50AA5351 
 360      6AF3
 361 0d64 CA99F3CD 		.ascii	"\312\231\363\315\334\320Ne\227siS\343\235\304\220\345"
 361      DCD04E65 
 361      97736953 
 361      E39DC490 
 361      E5
 362 0d75 F7D97F75 		.ascii	"\367\331\177u\376\240\375\337\362\017x\0169\313\005"
 362      FEA0FDDF 
 362      F20F780E 
 362      39CB05
 363 0d84 976F9A73 		.ascii	"\227o\232s4:\3627\202\307\014\203=\344\021\205\207\314"
 363      343AF237 
 363      82C70C83 
 363      3DE41185 
 363      87CC
 364 0d96 696D6D6B 		.ascii	"immk\253\0224\223\237\010\223\237\242%\017\024\015\246"
 364      AB123493 
 364      9F08939F 
 364      A2250F14 
 364      0DA6
 365 0da8 4FA9F93A 		.ascii	"O\251\371:\252W\005\232\376bk\343\232\267\346\341\031"
 365      AA57059A 
 365      FE626BE3 
 365      9AB7E6E1 
 365      19
 366 0db9 04279810 		.ascii	"\004'\230\020\002w5\313\357\012\313w\246\260YUw\027"
 366      027735CB 
 366      EF0ACB77 
 366      A6B05955 
 366      7717
 367 0dcb D629BBB3 		.ascii	"\326)\273\263\233\300\365~\262tY\215\225\017<\000x\301"
ARM GAS  /tmp/ccbMTbkK.s 			page 29


 367      9BC0F57E 
 367      B274598D 
 367      950F3C00 
 367      78C1
 368 0ddd 84CF38B8 		.ascii	"\204\3178\270kZ|\010\362\222\215Tm\355\230m\342#x\316"
 368      6B5A7C08 
 368      F2928D54 
 368      6DED986D 
 368      E22378CE 
 369 0df1 0A9ABAFC 		.ascii	"\012\232\272\374\247\336d\223\370\211\3428\027\267\247"
 369      A7DE6493 
 369      F889E238 
 369      17B7A7
 370 0e00 F0CBED89 		.ascii	"\360\313\355\211\341\377\324+0\351\221\210:1\247\352"
 370      E1FFD42B 
 370      30E99188 
 370      3A31A7EA 
 371 0e10 649C666E 		.ascii	"d\234fn\241I3w\012\373W\201\211\233\373y\305\343i\261"
 371      A1493377 
 371      0AFB5781 
 371      899BFB79 
 371      C5E369B1 
 372 0e24 BD2AF8EF 		.ascii	"\275*\370\357\203\325\033\3734\026T\367\306\327\360"
 372      83D51BFB 
 372      341654F7 
 372      C6D7F0
 373 0e33 5C33F539 		.ascii	"\\3\3659Ukb\361\364\362J\263\210\235\356W\203\"dE\257"
 373      556B62F1 
 373      F4F24AB3 
 373      889DEE57 
 373      83226445 
 374 0e48 71C5DAB6 		.ascii	"q\305\332\266\267\035J\324us\365\307\201bS7?\016\340"
 374      B71D4AD4 
 374      7573F5C7 
 374      81625337 
 374      3F0EE0
 375 0e5b B4820D9D 		.ascii	"\264\202\015\235Gu\277\024M3i\274\247+j\356<Y4\325\""
 375      4775BF14 
 375      4D3369BC 
 375      A72B6AEE 
 375      3C5934D5 
 376 0e70 001D2271 		.ascii	"\000\035\"qJ\024@\363\362y\267\243\004@\267\322\315"
 376      4A1440F3 
 376      F279B7A3 
 376      0440B7D2 
 376      CD
 377 0e81 5000DB57 		.ascii	"P\000\333W\3348\256\0231E\210(e!x3\333\036\010\310\276"
 377      DC38AE13 
 377      31458828 
 377      65217833 
 377      DB1E08C8 
 378 0e96 4F6C39E3 		.ascii	"Ol9\343\354\276\261N\367X\233='\340\234 \347\364\355"
 378      ECBEB14E 
 378      F7589B3D 
 378      27E09C20 
 378      E7F4ED
 379 0ea9 9BE6778C 		.ascii	"\233\346w\214O\363\007\362\006\016H\313\310\374h\340"
ARM GAS  /tmp/ccbMTbkK.s 			page 30


 379      4FF307F2 
 379      060E48CB 
 379      C8FC68E0 
 380 0eb9 005B56C6 		.ascii	"\000[V\306\257\177o\033\341\314\366\331}\237\244\345"
 380      AF7F6F1B 
 380      E1CCF6D9 
 380      7D9FA4E5 
 381 0ec9 78F2F23C 		.ascii	"x\362\362<\356\264|\177\366D\033\007\331\034\362\004"
 381      EEB47C7F 
 381      F6441B07 
 381      D91CF204 
 382 0ed9 678E6CCB 		.ascii	"g\216l\313\361\270\003>\217\313%\373\374i\371\023m\216"
 382      F1B8033E 
 382      8FCB25FB 
 382      FC69F913 
 382      6D8E
 383 0eeb 1C87FA5E 		.ascii	"\034\207\372^v;\274\036\247;`\313\361\311\366\200\334"
 383      763BBC1E 
 383      A73B60CB 
 383      F1C9F680 
 383      DC
 384 0efc 37C7F29B 		.ascii	"7\307\362\233\221Y\251C\373\377B\262\344\3430\"\002"
 384      9159A943 
 384      FBFF42B2 
 384      E4E33022 
 384      02
 385 0f0d 5697374F 		.ascii	"V\2277OU \366\003\237=O\036\231\237\227-\373L\277N\317"
 385      5520F603 
 385      9F3D4F1E 
 385      999F972D 
 385      FB4CBF4E 
 386 0f22 18113362 		.ascii	"\030\0213b\364G\266\214\000\316L\031=t\230M{\312\374"
 386      F447B68C 
 386      00CE4C19 
 386      3D74984D 
 386      7BCAFC
 387 0f35 C42B0F93 		.ascii	"\304+\017\223s\315\031r \337\033\223\356\363y|C=\016"
 387      73CD1972 
 387      20DF1B93 
 387      EEF3797C 
 387      433D0E
 388 0f48 D9CC5F26 		.ascii	"\331\314_&1\250\036f\032\341\311\031\237\370\341\220"
 388      31A81E66 
 388      1AE1C919 
 388      9FF8E190 
 389 0f58 113676A3 		.ascii	"\0216v\243\016F\215\312\312\264\311\336\330\211\271"
 389      0E468DCA 
 389      CAB4C9DE 
 389      D889B9
 390 0f67 B2CFE692 		.ascii	"\262\317\346\222\3356G\266\225\337\347x\362\335\001"
 390      DD3647B6 
 390      95DFE778 
 390      F2DD01
 391 0f76 4B683886 		.ascii	"Kh8\206\337d\347\347\346F3\205\007\331\0021y\366\211"
 391      DF64E7E7 
 391      E6463385 
 391      07D90231 
ARM GAS  /tmp/ccbMTbkK.s 			page 31


 391      79F689
 392 0f89 5E7BCE78 		.ascii	"^{\316x9\020\347\360\344g\273d\366R\366Y\274yv\273\303"
 392      3910E7F0 
 392      E467BB64 
 392      F652F659 
 392      BC7976BB 
 393 0f9e E1EB     		.ascii	"\341\353"
 394 0fa0 CF0DEBFF 		.ascii	"\317\015\353\377s[ 4\322/\206\337\370d\277?\301a\017"
 394      735B2034 
 394      D22F86DF 
 394      F864BF3F 
 394      C1610F
 395 0fb3 D86D5E27 		.ascii	"\330m^'s\217\335\0270\005P\027\213\323\317\236\\.3\336"
 395      738FDD17 
 395      30055017 
 395      8BD3CF9E 
 395      5C2E33DE 
 396 0fc7 38DDD49D 		.ascii	"8\335\324\235\237\027\307\205\346:].\324\352\027iy\356"
 396      9F17C785 
 396      E63A5D2E 
 396      D4EA1769 
 396      79EE
 397 0fd9 405A4E5A 		.ascii	"@ZNZ \317\233\346pz]\236\274\361\3664\364\266\327\231"
 397      20CF9BE6 
 397      707A5D9E 
 397      BCF1F634 
 397      F4B6D799 
 398 0fed D3AF7F1F 		.ascii	"\323\257\177\037\356\346\374\237\365\301\230\364\301"
 398      EEE6FC9F 
 398      F5C198F4 
 398      C1
 399 0ffa 608C7706 		.ascii	"`\214w\006\372\344"
 399      FAE4
 400 1000 7E9C66F7 		.ascii	"~\234f\367z\245_FF3\353g\023'\332\230\037\206\371\320"
 400      7AA55F46 
 400      4633EB67 
 400      1327DA98 
 400      1F86F9D0 
 401 1014 DBBEB4E1 		.ascii	"\333\276\264\341\356\2344\225\001\276@i\310\245\357"
 401      EE9C3495 
 401      01BE4069 
 401      C8A5EF
 402 1023 38299E39 		.ascii	"8)\23690}t\310\311\303G2?a\"\330\2068\270\025\246\341"
 402      307D74C8 
 402      C9C34732 
 402      3F6122D8 
 402      8638B815 
 403 1039 6E67A067 		.ascii	"ng\240gv\276k\274M\357\001\014\266\035\037\222'd\347"
 403      76BE6BBC 
 403      4DEF010C 
 403      B61D1F92 
 403      2764E7
 404 104c A345B2DB 		.ascii	"\243E\262\333\3172K\031\213\3148e\234\307^\271Mry>\266"
 404      CF324B19 
 404      8BCC3865 
 404      9CC75EB9 
 404      4D72793E 
ARM GAS  /tmp/ccbMTbkK.s 			page 32


 405 1061 793D1F6B 		.ascii	"y=\037k|\254\031\236\334\320\255w\334'6g \327\236#G"
 405      7CAC199E 
 405      DCD0AD77 
 405      DC273667 
 405      20D79E23 
 406 1076 CBDE7EB6 		.ascii	"\313\336~\266<\257\337\354\367\3122n\"\362\354*&\376"
 406      3CAFDFEC 
 406      F7CA326E 
 406      22F2EC2A 
 406      26FE
 407 1088 438F3FC0 		.ascii	"C\217?\300\370\273\335\262\313\037\217\276\320\222\317"
 407      F8BBDDB2 
 407      CB1F8FBE 
 407      D092CF
 408 1097 FFA6D3EF 		.ascii	"\377\246\323\357\2611u\302TMd\2062cTS-\303\335\030\011"
 408      B13175C2 
 408      544D6486 
 408      32635453 
 408      2DC3DD18 
 409 10ac 778E1CCB 		.ascii	"w\216\034\313^\204\354\367\016\303\240\375\352\257\365"
 409      5E84ECF7 
 409      0EC3A0FD 
 409      EAAFF5
 410 10bb E638BBCB 		.ascii	"\3468\273\313\346\315q\240;_c\314>\264\273\035.-o\263"
 410      E6CD71A0 
 410      3B5F63CC 
 410      3EB4BB1D 
 410      2E2D6FB3 
 411 10cf 468C1AF9 		.ascii	"F\214\032\371\233\036\306Jq`\360-\350^\3317Av\230\263"
 411      9B1EC64A 
 411      7160F02D 
 411      E85ED937 
 411      417698B3 
 412 10e3 867E3864 		.ascii	"\206~8d\314\217\302\021\016\247O\306J\361\270_\217\234"
 412      CC8FC211 
 412      0EA74FC6 
 412      4AF1B85F 
 412      8F9C
 413 10f5 EB902746 		.ascii	"\353\220'F\214\372Y\025\274\361\252\321|\177\317\360"
 413      8CFA5915 
 413      BCF1AAD1 
 413      7C7FCFF0 
 414 1105 E190BB7A 		.ascii	"\341\220\273zf\375\336\2261b\310\357\322m\351#\207\215"
 414      66FDDE96 
 414      3162C8EF 
 414      D26DE923 
 414      878D
 415 1117 1E357C64 		.ascii	"\0365|d\246-#sL\326\320\3147\360\3050V[\2743\244\017"
 415      A62D2373 
 415      4CD6D0CC 
 415      37F0C530 
 415      565BBC33 
 416 112d 538733FF 		.ascii	"S\2073\377\317\333\006:-1L;\243\021\354\316\363\261"
 416      CFDB063A 
 416      2D314C3B 
 416      A311ECCE 
 416      F3B1
ARM GAS  /tmp/ccbMTbkK.s 			page 33


 417 113f 5BF6256B 		.ascii	"[\366%k\272*\2121}\222\015j*cV\014\005\206\204\305 "
 417      BA2A8A31 
 417      7D920D6A 
 417      2A63560C 
 417      058684C5 
 418 1154 4EFF3A2A 		.ascii	"N\377:*+\343\303Qc2\231/\374.\373\004Y4,E\3057\004\377"
 418      2BE3C351 
 418      6332992F 
 418      FC2EFB04 
 418      59342C45 
 419 116c F4DF0D1F 		.ascii	"\364\337\015\037\232\256\262\373\373H<\222\354c\031"
 419      9AAEB2FB 
 419      FB483C92 
 419      EC6319
 420 117b FA236D0A 		.ascii	"\372#m\012z.}\314\007C\264Y\357D\316r\313\023\003\332"
 420      7A2E7DCC 
 420      0743B459 
 420      EF44CE72 
 420      CB1303DA 
 421 118f D35BAFD2 		.ascii	"\323[\257\322\302\237\343sz\003\036_\254\315\356r\216"
 421      C29FE373 
 421      7A031E5F 
 421      ACCDEE72 
 421      8E
 422 11a0 75631AFF 		.ascii	"uc\032\377I\216\311\036\316\244M\260\273\022>\376\310"
 422      498EC91E 
 422      CEA44DB0 
 422      BB123EFE 
 422      C8
 423 11b1 3E7134EF 		.ascii	">q4\357F\031\370\".;oH \340sf\347\007d\177Rv\272\312"
 423      4619F822 
 423      2E3B6F48 
 423      20E07366 
 423      E707647F 
 424 11c9 46ADDBC4 		.ascii	"F\255\333\304\354a\032;\226\211\321\331#d\367\330\300"
 424      EC611A3B 
 424      9689D1D9 
 424      2364F7D8 
 424      C0
 425 11da B81FA3C6 		.ascii	"\270\037\243\306Z\250\207\245g\014\0353|t\346\2501\252"
 425      5AA887A5 
 425      670C1D33 
 425      7C74E6A8 
 425      31AA
 426 11ec D6AFE823 		.ascii	"\326\257\350#\257\014o\216\307'\2479\261\006\320\012"
 426      AF0C6F8E 
 426      C727A739 
 426      B106D00A 
 427 11fc BBD78931 		.ascii	"\273\327\2111L\211\264Gv\274\0319\310\263\364\025!P"
 427      4C89B447 
 427      76BC1939 
 427      C8B3F415 
 427      2150
 428 120e F2B457E4 		.ascii	"\362\264W\344\213\200\317\356\366\2632\366\311\177\314"
 428      8B80CFEE 
 428      F6B332F6 
 428      C97FCC
ARM GAS  /tmp/ccbMTbkK.s 			page 34


 429 121d 97FD813E 		.ascii	"\227\375\201>\032$\374\215\312\303\346\035g\367\313"
 429      1A24FC8D 
 429      CAC3E61D 
 429      67F7CB
 430 122c 36F41F2A 		.ascii	"6\364\037*\371N7h\266\236\374c\327\357s=>L\333?\271"
 430      F94E3768 
 430      B69EFC63 
 430      D7EF733D 
 430      3E4CDB3F 
 431 1241 BCFFD035 		.ascii	"\274\377\3205&\340\314\223=\371\201\356\2440{\273\321"
 431      26E0CC93 
 431      3DF981EE 
 431      A4307BBB 
 431      D1
 432 1252 191DEA75 		.ascii	"\031\035\352u\311\254\314m\271\371n^\357\242&3\307\014"
 432      C9ACCC6D 
 432      B9F96E5E 
 432      EFA22633 
 432      C70C
 433 1264 1999F141 		.ascii	"\031\231\361A\372\230\210\234\212`\303m\376\247\377"
 433      FA98889C 
 433      8A60C36D 
 433      FEA7FF
 434 1273 95981C5C 		.ascii	"\225\230\034\\<\273Aj\003.\236/?\355\032\351t\207\203"
 434      3CBB416A 
 434      032E9E2F 
 434      3FED1AE9 
 434      748783
 435 1286 DFEF1A8C 		.ascii	"\337\357\032\214\213~>vI\005\367\317]\343\324+\266("
 435      8B7E3E76 
 435      4905F7CF 
 435      5DE3D42B 
 435      B628
 436 1298 05DAB71B 		.ascii	"\005\332\267\033\233\362}>\231\325\015_g=\274(\337\353"
 436      9BF27D3E 
 436      99D50D5F 
 436      673DBC28 
 436      DFEB
 437 12aa 1AAE87F5 		.ascii	"\032\256\207\365\352\032\026J\274\267\273q\021\326S"
 437      EA1A164A 
 437      BCB7BB71 
 437      11D653
 438 12b9 EA5F4AC3 		.ascii	"\352_J\303\327\":k\212\335\2277aP\237\274\276yv\247"
 438      D7223A6B 
 438      8ADD9737 
 438      61509FBC 
 438      BE7976A7 
 439 12cd FB270EBF 		.ascii	"\373'\016\277\367'\271^)\026K) O\354\2237p\240\024/"
 439      F727B95E 
 439      29164B29 
 439      204FEC93 
 439      3770A014 
 440 12e2 FAF35839 		.ascii	"\372\363X9\360c[w\273+S\026rt\374?l\342$\276\231Rv\011"
 440      F0635B77 
 440      BB2B5316 
 440      7274FC3F 
 440      6CE224BE 
ARM GAS  /tmp/ccbMTbkK.s 			page 35


 441 12fa B6515ED9 		.ascii	"\266Q^\331\375\032{\316\3406\252K\\b\330Z\361?\252D"
 441      FD1A7BCE 
 441      E036AA4B 
 441      5C62D85A 
 441      F13FAA44 
 442 130e E6D3     		.ascii	"\346\323"
 443              		.text
 444              		.section	.gnu.lto_.symtab.1aa7369d3eb0150a,"e",%progbits
 445 0000 5F75785F 		.ascii	"_ux_dcd_stm32_endpoint_create\000"
 445      6463645F 
 445      73746D33 
 445      325F656E 
 445      64706F69 
 446 001e 00       		.ascii	"\000"
 447 001f 00       		.ascii	"\000"
 448 0020 00       		.ascii	"\000"
 449 0021 00000000 		.ascii	"\000\000\000\000\000\000\000\000"
 449      00000000 
 450 0029 FC010000 		.ascii	"\374\001\000\000"
 451 002d 48414C5F 		.ascii	"HAL_PCD_EP_Open\000"
 451      5043445F 
 451      45505F4F 
 451      70656E00 
 452 003d 00       		.ascii	"\000"
 453 003e 02       		.ascii	"\002"
 454 003f 00       		.ascii	"\000"
 455 0040 00000000 		.ascii	"\000\000\000\000\000\000\000\000"
 455      00000000 
 456 0048 06020000 		.ascii	"\006\002\000\000"
 457              		.text
 458              		.section	.gnu.lto_.ext_symtab.1aa7369d3eb0150a,"e",%progbits
 459 0000 01       		.ascii	"\001"
 460 0001 01       		.ascii	"\001"
 461 0002 00       		.ascii	"\000"
 462 0003 01       		.ascii	"\001"
 463 0004 00       		.ascii	"\000"
 464              		.text
 465              		.section	.gnu.lto_.opts,"e",%progbits
 466 0000 272D666E 		.ascii	"'-fno-openmp' '-fno-openacc' '-fno-pie' '-fcf-prote"
 466      6F2D6F70 
 466      656E6D70 
 466      2720272D 
 466      666E6F2D 
 467 0033 6374696F 		.ascii	"ction=none' '-mcpu=cortex-m33' '-mthumb' '-mfpu=fpv"
 467      6E3D6E6F 
 467      6E652720 
 467      272D6D63 
 467      70753D63 
 468 0066 342D7370 		.ascii	"4-sp-d16' '-mfloat-abi=hard' '-mlibarch=armv8-m.mai"
 468      2D643136 
 468      2720272D 
 468      6D666C6F 
 468      61742D61 
 469 0099 6E2B6473 		.ascii	"n+dsp+fp' '-march=armv8-m.main+dsp+fp' '-Os' '-flto"
 469      702B6670 
 469      2720272D 
 469      6D617263 
ARM GAS  /tmp/ccbMTbkK.s 			page 36


 469      683D6172 
 470 00cc 2720272D 		.ascii	"' '-fdata-sections' '-ffunction-sections' '-Xassemb"
 470      66646174 
 470      612D7365 
 470      6374696F 
 470      6E732720 
 471 00ff 6C657227 		.ascii	"ler' '-a' '-Xassembler' '-ad' '-Xassembler' '-alms="
 471      20272D61 
 471      2720272D 
 471      58617373 
 471      656D626C 
 472 0132 6275696C 		.ascii	"build/../sdk/stm32/STM32_USBX_Library/common/usbx_s"
 472      642F2E2E 
 472      2F73646B 
 472      2F73746D 
 472      33322F53 
 473 0165 746D3332 		.ascii	"tm32_device_controllers/ux_dcd_stm32_endpoint_creat"
 473      5F646576 
 473      6963655F 
 473      636F6E74 
 473      726F6C6C 
 474 0198 652E6C73 		.ascii	"e.lst'\000"
 474      742700
 475              		.text
 476              		.comm	__gnu_lto_slim,1,1
 477              		.ident	"GCC: (15:10.3-2021.07-4) 10.3.1 20210621 (release)"
ARM GAS  /tmp/ccbMTbkK.s 			page 37


DEFINED SYMBOLS
                            *ABS*:0000000000000000 ux_dcd_stm32_endpoint_create.c
                            *COM*:0000000000000001 __gnu_lto_slim

NO UNDEFINED SYMBOLS
