ARM GAS  /tmp/ccfzTRVd.s 			page 1


   1              		.cpu cortex-m33
   2              		.eabi_attribute 27, 1
   3              		.eabi_attribute 28, 1
   4              		.eabi_attribute 20, 1
   5              		.eabi_attribute 21, 1
   6              		.eabi_attribute 23, 3
   7              		.eabi_attribute 24, 1
   8              		.eabi_attribute 25, 1
   9              		.eabi_attribute 26, 1
  10              		.eabi_attribute 30, 4
  11              		.eabi_attribute 34, 1
  12              		.eabi_attribute 18, 4
  13              		.file	"ux_dcd_stm32_endpoint_reset.c"
  14              		.text
  15              		.section	.text._ux_dcd_stm32_endpoint_reset,"ax",%progbits
  16              		.align	1
  17              		.global	_ux_dcd_stm32_endpoint_reset
  18              		.arch armv8-m.main
  19              		.arch_extension dsp
  20              		.syntax unified
  21              		.thumb
  22              		.thumb_func
  23              		.fpu fpv4-sp-d16
  25              	_ux_dcd_stm32_endpoint_reset:
  26              		@ args = 0, pretend = 0, frame = 0
  27              		@ frame_needed = 0, uses_anonymous_args = 0
  28 0000 2DE9F041 		push	{r4, r5, r6, r7, r8, lr}
  29 0004 8F68     		ldr	r7, [r1, #8]
  30 0006 0546     		mov	r5, r0
  31 0008 0C46     		mov	r4, r1
  32 000a FFF7FEFF 		bl	_ux_utility_interrupt_disable
  33 000e 4FF00008 		mov	r8, #0
  34 0012 0646     		mov	r6, r0
  35 0014 7B68     		ldr	r3, [r7, #4]
  36 0016 87F80880 		strb	r8, [r7, #8]
  37 001a 23F44373 		bic	r3, r3, #780
  38 001e 7B60     		str	r3, [r7, #4]
  39 0020 A17B     		ldrb	r1, [r4, #14]	@ zero_extendqisi2
  40 0022 D5F8C400 		ldr	r0, [r5, #196]
  41 0026 FFF7FEFF 		bl	HAL_PCD_EP_ClrStall
  42 002a A17B     		ldrb	r1, [r4, #14]	@ zero_extendqisi2
  43 002c D5F8C400 		ldr	r0, [r5, #196]
  44 0030 FFF7FEFF 		bl	HAL_PCD_EP_Flush
  45 0034 3046     		mov	r0, r6
  46 0036 FFF7FEFF 		bl	_ux_utility_interrupt_restore
  47 003a 4046     		mov	r0, r8
  48 003c BDE8F081 		pop	{r4, r5, r6, r7, r8, pc}
  50              		.ident	"GCC: (15:10.3-2021.07-4) 10.3.1 20210621 (release)"
ARM GAS  /tmp/ccfzTRVd.s 			page 2


DEFINED SYMBOLS
                            *ABS*:0000000000000000 ux_dcd_stm32_endpoint_reset.c
     /tmp/ccfzTRVd.s:16     .text._ux_dcd_stm32_endpoint_reset:0000000000000000 $t
     /tmp/ccfzTRVd.s:25     .text._ux_dcd_stm32_endpoint_reset:0000000000000000 _ux_dcd_stm32_endpoint_reset

UNDEFINED SYMBOLS
_ux_utility_interrupt_disable
HAL_PCD_EP_ClrStall
HAL_PCD_EP_Flush
_ux_utility_interrupt_restore
