ARM GAS  /tmp/ccsmALuX.s 			page 1


   1              		.cpu cortex-m33
   2              		.eabi_attribute 27, 1
   3              		.eabi_attribute 28, 1
   4              		.eabi_attribute 20, 1
   5              		.eabi_attribute 21, 1
   6              		.eabi_attribute 23, 3
   7              		.eabi_attribute 24, 1
   8              		.eabi_attribute 25, 1
   9              		.eabi_attribute 26, 1
  10              		.eabi_attribute 30, 4
  11              		.eabi_attribute 34, 1
  12              		.eabi_attribute 18, 4
  13              		.file	"ux_dcd_stm32_initialize_complete.c"
  14              		.section	.gnu.lto_.profile.9f812abb5584b760,"e",%progbits
  15 0000 789C6365 		.ascii	"x\234ce\000\002F \006\000\000:\000\007"
  15      00024620 
  15      0600003A 
  15      0007
  16              		.text
  17              		.section	.gnu.lto_.icf.9f812abb5584b760,"e",%progbits
  18 0000 789CE360 		.ascii	"x\234\343`@\000F\206\325\3177\237dd\000\000\016j\003"
  18      40004686 
  18      D5CF379F 
  18      64640000 
  18      0E6A03
  19 0013 19       		.ascii	"\031"
  20              		.text
  21              		.section	.gnu.lto_.ipa_sra.9f812abb5584b760,"e",%progbits
  22 0000 789C1366 		.ascii	"x\234\023f@\000F\006\006f \201\014\001\002\347\000\037"
  22      40004606 
  22      06662081 
  22      0C0102E7 
  22      001F
  23              		.text
  24              		.section	.gnu.lto_.inline.9f812abb5584b760,"e",%progbits
  25 0000 789CCB65 		.ascii	"x\234\313e@\000F\006\206\013\014\023[\257w3e120\305"
  25      40004606 
  25      860B0C13 
  25      5BAF7733 
  25      65313230 
  26 0015 74ADEB5F 		.ascii	"t\255\353_\312\224\301\300\300\326\330\320\320\300\224"
  26      CA94C1C0 
  26      C0D6D8D0 
  26      D0C094
  27 0024 C2C4C004 		.ascii	"\302\304\300\004T\303\312\007$X\372\375\030\200\210"
  27      54C3CA07 
  27      2458FAFD 
  27      188088
  28 0033 9907C866 		.ascii	"\231\007\310f\0022\360\013\002EY\004\300\306\263\011"
  28      0232F00B 
  28      02455904 
  28      C0C6B309 
  29 0043 01296688 		.ascii	"\001)f\210:\000\361\357\023\002"
  29      3A00F1EF 
  29      1302
  30              		.text
  31              		.section	.gnu.lto_.jmpfuncs.9f812abb5584b760,"e",%progbits
ARM GAS  /tmp/ccsmALuX.s 			page 2


  32 0000 789C858F 		.ascii	"x\234\205\217\321\015\3020\014D\375\342\010\361\325"
  32      D10DC230 
  32      0C44FDE2 
  32      08F1D5
  33 000f AED04DDB 		.ascii	"\256\320M\333\015\220\230\201\017\006\200R\370\352f"
  33      0D909881 
  33      0F068052 
  33      F8EA66
  34 001e 6DB0116D 		.ascii	"m\260\021m\022$,Eg\235\317w\316\011\371\326\273=&\230"
  34      12242C45 
  34      679DCF77 
  34      CE09F9D6 
  34      BB3D2698 
  35 0032 2392DE92 		.ascii	"#\222\336\222\252\225p\326\213\012\003\306\0176\224"
  35      AA9570D6 
  35      8B0A03C6 
  35      0F3694
  36 0041 9D084C01 		.ascii	"\235\010L\001\342\260\360\331\3304\"\261r\345\226\031"
  36      E2B0F0D9 
  36      D83422B1 
  36      72E59619 
  37 0051 D6B13CD8 		.ascii	"\326\261<\330\031\344\201\334a\244\220\374\310\310\346"
  37      19E481DC 
  37      61A490FC 
  37      C8C8E6
  38 0060 55845EB5 		.ascii	"U\204^\265\240\374\364\000\016\306\031\2454\246l\312"
  38      A0FCF400 
  38      0EC619A5 
  38      34A66CCA 
  39 0070 637C8B09 		.ascii	"c|\213\011\236\004\223F<\324\377\325w\207\372\254\027"
  39      9E049346 
  39      3CD4FFD5 
  39      7787FAAC 
  39      17
  40 0081 FFCDFA4E 		.ascii	"\377\315\372NV\2721`\254"
  40      56BA3160 
  40      AC
  41              		.text
  42              		.section	.gnu.lto_.pureconst.9f812abb5584b760,"e",%progbits
  43 0000 789C6361 		.ascii	"x\234ca```d\230\305\002\000\001d\000\244"
  43      60606064 
  43      98C50200 
  43      016400A4 
  44              		.text
  45              		.section	.gnu.lto_.lto.9f812abb5584b760,"e",%progbits
  46 0000 09000400 		.ascii	"\011\000\004\000\001\000\000\000"
  46      01000000 
  47              		.text
  48              		.section	.gnu.lto__ux_dcd_stm32_initialize_complete.164.9f812abb5584b760,"e",%progbits
  49 0000 789C8D56 		.ascii	"x\234\215VkLTG\024\236s\347\356\213]v\027\226\307\202"
  49      6B4C5447 
  49      149E73E7 
  49      EE8B5D76 
  49      1796C782 
  50 0014 0AD86A69 		.ascii	"\012\330ji\033qEcL\372\243m\372\273\375e\233\370\217"
  50      1B714563 
  50      4CFAA36D 
ARM GAS  /tmp/ccsmALuX.s 			page 3


  50      FABBFD65 
  50      9BF88F
  51 0027 E082E906 		.ascii	"\340\202\351\006\026\010`\265\375\343\002\2536\364\001"
  51      160860B5 
  51      FDE302AB 
  51      36F401
  52 0036 0B46C5EA 		.ascii	"\013F\305\352F\257\033\203\257\372\254\212\305\026\213"
  52      46AF1B83 
  52      AFFAAC8A 
  52      C5168B
  53 0045 62634503 		.ascii	"bcE\003\215\245\017*\017[\202\255\026\244\242\330\240"
  53      8DA50F2A 
  53      0F5B82AD 
  53      16A4A2D8 
  53      A0
  54 0056 F4CC9D7B 		.ascii	"\364\314\235{\357\256t\275\225d\207\2713\337\371\316"
  54      EFAE74BD 
  54      956487B9 
  54      33DFF9CE 
  55 0066 F9CE9997 		.ascii	"\371\316\231\227\327F\310yB\310v\374A\002\201\246P\275"
  55      D746C879 
  55      42C876FC 
  55      410281A6 
  55      50BD
  56 0078 400281C0 		.ascii	"@\002\201\300\353&A\250\013}$\3009\270\275w(U\014\206"
  56      EB2641A8 
  56      0B7D24C0 
  56      39B8BD77 
  56      28550C86 
  57 008c EC5BFAC3 		.ascii	"\354[\372\303/\213\024\266\205\022\344yQ\330\030\262"
  57      2F8B14B6 
  57      8512E479 
  57      51D818B2 
  58 009c CA739B94 		.ascii	"\312s\233\2249\2036g\304\236\312c\022\2667\036\237\217"
  58      39833667 
  58      C49ECA63 
  58      12B6371E 
  58      9F8F
  59 00ae 3C3B4E8C 		.ascii	"<;N\214,\022[\032\207a\344J\213K4CK\2234\237C,P\023"
  59      2C125B1A 
  59      8761E44A 
  59      8B4B3443 
  59      4B93349F 
  60 00c6 AA1F3B7B 		.ascii	"\252\037;{JD\224<\000d\203@E\203\321d\266\300\006h\246"
  60      4A44943C 
  60      00648340 
  60      4583D164 
  60      B6C00668 
  61 00db 3B2934D1 		.ascii	";)4\321\010% *=\200\234\227:\002\201\251\213\341\375"
  61      0825202A 
  61      3D809C97 
  61      3A0281A9 
  61      8BE1FD
  62 00ee 3761676B 		.ascii	"7agk\207\030\241\002\011#\340\013\200\223@\344?\204"
  62      8718A102 
  62      0923E00B 
  62      809340E4 
ARM GAS  /tmp/ccsmALuX.s 			page 4


  62      3F84
  63 0100 D2BDC0FE 		.ascii	"\322\275\300\376-D\350\370\221\272\006{c\2159B)\234"
  63      2D44E8F8 
  63      91BA067B 
  63      638D3942 
  63      299C
  64 0112 8627A10C 		.ascii	"\206'\241\014y2\212<\334\371)G\212\320\026\007\371\225"
  64      79328A3C 
  64      DCF92947 
  64      8AD01607 
  64      F995
  65 0124 863C7AA8 		.ascii	"\206<z\250ns\300\031\314\211P\003|9\013i$\320\016p\026"
  65      6E73C019 
  65      CC895003 
  65      7C390B69 
  65      24D00E70 
  66 0139 E00CB0C0 		.ascii	"\340\014\260\300Xz\011\241\332\330\221^CG`z\246!\020"
  66      587A09A1 
  66      DAD8915E 
  66      4347607A 
  66      A62110
  67 014c E8CB1CEA 		.ascii	"\350\313\034\352\267\277\002$B\215\0026&\212\015\025"
  67      B7BF0224 
  67      428D0236 
  67      268A0D15 
  68 015c 59CFC01A 		.ascii	"Y\317\300\032#\3734\261\236\231\365,\254\227\200\215"
  68      23FB34B1 
  68      9E99F52C 
  68      AC97808D 
  69 016c D9CA3E6D 		.ascii	"\331\312>m\330X\022\261I\260ccu\260Y'6\266$l\022\223"
  69      D85812B1 
  69      49B06363 
  69      75B05927 
  69      36B6246C 
  70 0182 59E362B3 		.ascii	"Y\343b\263)l6\225}\246\261&\235\215\271\331X\006\363"
  70      296C3695 
  70      7DA6B126 
  70      9D8DB9D9 
  70      5806F3
  71 0195 9B898D3D 		.ascii	"\233\211\215=\213\005\234M0\274\\\302\202&\015\224\314"
  71      8B059C4D 
  71      30BC5CC2 
  71      82260D94 
  71      CC
  72 01a6 E01F8540 		.ascii	"\340\037\205@\007!\215T\340\0375\370\361\027\324nm\273"
  72      07218D54 
  72      E01F35F8 
  72      F117D46E 
  72      6DBB
  73 01b8 31649228 		.ascii	"1d\222((\365p\3109\011\202\200\335VT\273O\326\003_\003"
  73      28F570C8 
  73      39098280 
  73      DD5654BB 
  73      4FD6035F 
  74 01cd 60B6187E 		.ascii	"`\266\030~K}7H4K\201\033e\370>V\354\326\354\010u\"\021"
  74      4B7D3748 
  74      344B811B 
ARM GAS  /tmp/ccsmALuX.s 			page 5


  74      65F83E56 
  74      ECD6EC08 
  75 01e4 9C97C796 		.ascii	"\234\227\307\226\340\020f>\011\276\201],kA\031cg\031"
  75      E010663E 
  75      09BE815D 
  75      2C6B4119 
  75      636719
  76 01f7 EEE44CED 		.ascii	"\356\344L\355\017\007\356R\211f+T\206\030\252\\4dT\027"
  76      0F07EE52 
  76      89662B54 
  76      8618AA5C 
  76      34645417 
  77 020b 81283CC9 		.ascii	"\201(<\311\320\205<\254\"\262\345\310\036\214YP\361"
  77      D0853CAC 
  77      22B2E5C8 
  77      1E8C5950 
  77      F1
  78 021c E6A86705 		.ascii	"\346\250g\005\356\202o\021. \374\026\004G;W#\230\371"
  78      EE826F11 
  78      2E20FC16 
  78      04473B57 
  78      2398F9
  79 022f 7001AF69 		.ascii	"p\001\257i#\245\203\341\372\317AMB\373\303\333{\226"
  79      23A583E1 
  79      FACF414D 
  79      42FBC3DB 
  79      7B96
  80 0241 4B943E9D 		.ascii	"K\224>\235\220\302wHH\271\377\361\372I\223\026\353\274"
  80      90C27748 
  80      48B9FFF1 
  80      FA499316 
  80      EBBC
  81 0253 38D86EC4 		.ascii	"8\330n\304\212\204 \243\314\336v'\264B\242\242^\270"
  81      8A8420A3 
  81      CCDE7627 
  81      B442A2A2 
  81      5EB8
  82 0265 D7D0C2A0 		.ascii	"\327\320\302\240\262\337q\353\260\273\240\007\261F\306"
  82      B2DF71EB 
  82      B0BBA007 
  82      B146C6
  83 0274 2ECA52C4 		.ascii	".\312R\304\335C\223=\202*eb\352\336P\276\256\371\367"
  83      DD43933D 
  83      822A6562 
  83      EADE50BE 
  83      AEF9F7
  84 0287 3C333C1F 		.ascii	"<3<\037\\~\333}\266\006\014z\001\376\200V&5\237\225"
  84      5C7EDB7D 
  84      B6060C7A 
  84      01FE8056 
  84      26359F95 
  85 029b 0886CB6A 		.ascii	"\010\206\313j.\015\275{'&\210\226\313\266\351!\314\245"
  85      2E0DBD7B 
  85      27268896 
  85      CBB6E921 
  85      CCA5
  86 02ad 512F973F 		.ascii	"Q/\227?\"\231YU{\335\035o\011i\330\237\325\\\032y\245"
ARM GAS  /tmp/ccsmALuX.s 			page 6


  86      22995955 
  86      7BDD1D6F 
  86      0969D89F 
  86      D55C1A79 
  87 02c2 A67B3097 		.ascii	"\246{0\227&\275P\373\321\302\242\262wg\350\260\273\340"
  87      26BD50FB 
  87      D1C2A2B2 
  87      7767E8B0 
  87      BBE0
  88 02d4 869A4B93 		.ascii	"\206\232K\223,\305\330}\256n fY\3140)f=)\203H\220\360"
  88      2CC5D87D 
  88      AE6E2066 
  88      59CC3029 
  88      663D2983 
  89 02eb 8C528655 		.ascii	"\214R\206U)f\236\250\013\275(\305\242'\3457\264\260"
  89      29669EA8 
  89      0BBD28C5 
  89      A227E537 
  89      B4B0
  90 02fd 3EA39411 		.ascii	">\243\224\021U\212E\226b\302\361\200\030\225\3225l\220"
  90      558A4596 
  90      62C2F180 
  90      1895D235 
  90      6C90
  91 030f 68AEC690 		.ascii	"h\256\306\220\027'\276Q\036\037\337\346\003\373O\341"
  91      1727BE51 
  91      1E1FDFE6 
  91      03FB4FE1 
  92 031f 464F5076 		.ascii	"FOPvg\012,PMG\227Gh*3\375#v\243\247\301\237hmS6\372"
  92      670A2C50 
  92      4D479747 
  92      682A33FD 
  92      2376A3A7 
  93 033a 28D29BE1 		.ascii	"(\322\233\3416\256\220q\330<x\354\262@\344#%=\314\266"
  93      36AE9071 
  93      D83C78EC 
  93      B240E423 
  93      253DCCB6 
  94 034e 300F83B1 		.ascii	"0\017\203\261\272\243\247\215\273\225*\007\000\0368"
  94      BAA3A78D 
  94      BB952A07 
  94      001E38
  95 035d 19300E30 		.ascii	"\0310\0160\006hT\213w\303\225&\013\203\336\005\274U"
  95      0668548B 
  95      77C39526 
  95      0B83DE05 
  95      BC55
  96 036f 98950076 		.ascii	"\230\225\000v\014,B3\371z\277~\334\241\320\315\201\376"
  96      0C2C4233 
  96      F97ABF7E 
  96      DCA1D0CD 
  96      81FE
  97 0381 E819921E 		.ascii	"\350\031\222\036\241sY\224\367bR4\211!&\252K\177\324"
  97      A1735994 
  97      F7625234 
  97      892126AA 
  97      4B7FD4
ARM GAS  /tmp/ccsmALuX.s 			page 7


  98 0394 C413D337 		.ascii	"\304\023\3237l\225\2505\246\012\263\314(L\241\231]\255"
  98      6C95A835 
  98      A60AB3CC 
  98      284CA199 
  98      5DAD
  99 03a6 C2830347 		.ascii	"\302\203\003G\215:N(\374\203h\007Si\345\211\354;\370"
  99      8D3A4E28 
  99      FC836807 
  99      5369E589 
  99      EC3BF8
 100 03b9 181369D3 		.ascii	"\030\023i\323\322w\011\342\345o\036L\243\235S\315\337"
 100      D27709E2 
 100      E56F1E4C 
 100      A39D53CD 
 100      DF
 101 03ca 6B781DC0 		.ascii	"kx\035\300#P|\376n\322\361h\201\031\264Lb\036m|]\015"
 101      23507CFE 
 101      6ED2F168 
 101      8119B44C 
 101      621E6D7C 
 102 03e0 F4E64B34 		.ascii	"\364\346K4Q3Y\024\277^5\202\\/\366=\332\2051eA-\216"
 102      51335914 
 102      BF5E3582 
 102      5C2FF63D 
 102      DA853165 
 103 03f7 24739DD3 		.ascii	"$s\235\323\2331fLs\"\017`\354\340)\223\222dK\3149\375"
 103      9B31664C 
 103      73220F60 
 103      ECE02993 
 103      92644BCC 
 104 040d 2AC68D5E 		.ascii	"*\306\215^!(\3040g\303F\344q)\314\277\"s\016l\302\221"
 104      2128C430 
 104      67C346E4 
 104      7129CCBF 
 104      22730E6C 
 105 0423 1416A19D 		.ascii	"\024\026\241\235\223\367\035\332a\224\250C\343\277v"
 105      93F71DDA 
 105      6194A843 
 105      E3BF76
 106 0432 68BB5E52 		.ascii	"h\273^R]\360!\022\2442\002\007/\332\235&\274:\2341E"
 106      5DF02112 
 106      A4320207 
 106      2FDA9D26 
 106      BC3A9C31 
 107 0447 9B755FD8 		.ascii	"\233u_\330\240\036-\322\010[\200\233v[\321\320\211\277"
 107      A01E2DD2 
 107      085B809B 
 107      765BD1D0 
 107      89BF
 108 0459 2CF89B95 		.ascii	",\370\233\225\"B\347\313,?\215\011\022MRt\2111\272\026"
 108      2242E7CB 
 108      2C3F8D09 
 108      124D5274 
 108      8931BA16 
 109 046d 44E87378 		.ascii	"D\350sx3\301\307\002\027\201\3533\021>A\302t\231pc\016"
 109      33C1C702 
 109      1781EB33 
ARM GAS  /tmp/ccsmALuX.s 			page 8


 109      113E41C2 
 109      74997063 
 110 0482 5FCECF87 		.ascii	"_\316\317\207\331A\212\024\314~\001[\270\013e\336\226"
 110      D9418A14 
 110      CC7E015B 
 110      B80B65DE 
 110      96
 111 0493 7BC89BAC 		.ascii	"{\310\233\254\025<;\036[Hac\370[\375\030\225+6\253\361"
 111      153C3B1E 
 111      5B486163 
 111      F85BFD18 
 111      952B36AB 
 112 04a8 EAD51C53 		.ascii	"\352\325\034S\257~\271^[b\353\225'\321\024da\033N\011"
 112      AF7EB95E 
 112      5B62EB95 
 112      27D11464 
 112      611B4E09 
 113 04bc EF8530BB 		.ascii	"\357\2050\273\2600\022h\304xR\260\215\320\\.|\022\007"
 113      B0301268 
 113      C47852B0 
 113      8DD05C2E 
 113      7C1207
 114 04cf 52F5E56E 		.ascii	"R\365\345n{\252\334T.7\000\232\336\373H\227\246\257"
 114      7BAADC54 
 114      2E37009A 
 114      DEFB4897 
 114      A6AF
 115 04e1 F7B3D97A 		.ascii	"\367\263\331z\323\377O\357\256\377\350\015\317\322\353"
 115      D3FF4FEF 
 115      AEFFE80D 
 115      CFD2EB
 116 04f0 4696387A 		.ascii	"F\2268z\323`\007\306\343\216\352\235\230zP\273Lsg\217"
 116      D36007C6 
 116      E38EEA9D 
 116      987A50BB 
 116      4C73678F 
 117 0504 BFFDF608 		.ascii	"\277\375\366\010\362\366\223\335y\330\222\223p\300\215"
 117      F2F693DD 
 117      79D89293 
 117      70C08D
 118 0513 AFBDEB20 		.ascii	"\257\275\353 s\234yT\353\320]\242\021\304g \3762\307"
 118      739C7954 
 118      EBD05DA2 
 118      11C46720 
 118      FE32C7
 119 0526 4F3D96F4 		.ascii	"O=\226\364\361\373\020\237\031\305\237\271\320\231\257"
 119      F1FB109F 
 119      19C59FB9 
 119      D099AF
 120 0535 8B6FE55B 		.ascii	"\213o\345[\200\037^f\356\343\302M}\233\203h3\007}\034"
 120      801F5E66 
 120      EEE3C24D 
 120      7D9B8368 
 120      33077D1C 
 121 0549 10B88FAE 		.ascii	"\020\270\217\256f}\374a\304\317\3254o}x\251\031\337"
 121      667DFC61 
 121      C4CFD534 
ARM GAS  /tmp/ccsmALuX.s 			page 9


 121      6F7D78A9 
 121      19DF
 122 055b 0519F15E 		.ascii	"\005\031\361^\204G\004\365E\330n\221h\346\223\227XF"
 122      844704F5 
 122      45D86E91 
 122      68E69397 
 122      5846
 123 056d CCB56287 		.ascii	"\314\265b\207cH:\217?\035nuf!\230I\260+\217\373Fj\356"
 123      63483A8F 
 123      3F1D6E75 
 123      66219849 
 123      B02B8FFB 
 124 0584 693931C2 		.ascii	"i91\302\337/\343\020\034<}\325\2065\314dy\211\320\027"
 124      DF2FE310 
 124      1C3C7DD5 
 124      8635CC64 
 124      7989D017 
 125 0598 6584257A 		.ascii	"e\204%z\225M@\355\340/W\023\3715 \0234P\340\323\354"
 125      954D40ED 
 125      E02F5713 
 125      F9352013 
 125      3450E0D3 
 126 05ad 754BC80A 		.ascii	"uK\310\012\217\277\254\332\343\365T\373+<E\276\212\322"
 126      8FBFACDA 
 126      E3F554FB 
 126      2B3C45BE 
 126      8AD2
 127 05bf 727F49A1 		.ascii	"r\177I\241\247\272\262\274\302\347]\222\237WU\355_\266"
 127      A7BAB2BC 
 127      C2E75D92 
 127      9F5755ED 
 127      5FB6
 128 05d1 74EDF2BC 		.ascii	"t\355\362\274\265U\253\363\212\212\337+\361U\347\255"
 128      B555ABF3 
 128      8A8ADF2B 
 128      F155E7AD 
 129 05e1 59E729AC 		.ascii	"Y\347)\254\250 \357.^\354\251**\361\310\010\317\312"
 129      A820EF2E 
 129      5EECA92A 
 129      2AF1C808 
 129      CFCA
 130 05f3 B7DF5AB6 		.ascii	"\267\337Z\266\264\340\235\225o\254*x\323\267\272\262"
 130      B4E09D95 
 130      6FAC2A78 
 130      D3B7BAB2 
 131 0603 B0F27D8F 		.ascii	"\260\362}\217\267\334\357//\363\240\345\372\002\031"
 131      B7DCEF2F 
 131      2FF3A0E5 
 131      FA0219
 132 0612 5480043E 		.ascii	"T\200\004>oq\201\267\274\014\371KK\213+\253<k\327\027"
 132      6F7181B7 
 132      BC0CF94B 
 132      4B8B2BAB 
 132      3C6BD717 
 133 0626 14798B94 		.ascii	"\024y\213\224y_\231\257\332WX\352\373\200a\374\025\245"
 133      795F99AF 
 133      DA5758EA 
ARM GAS  /tmp/ccsmALuX.s 			page 10


 133      FB8061FC 
 133      15A5
 134 0638 C5D5C58B 		.ascii	"\305\325\305\213\275\304\251\230\255\251,\364\027\257"
 134      BDC4A998 
 134      ADA92CF4 
 134      17AF
 135 0646 2BAF2CB1 		.ascii	"+\257,\261h\026\024{\377\002\022(\027\342"
 135      6816147B 
 135      FF021228 
 135      17E2
 136              		.text
 137              		.section	.gnu.lto_.symbol_nodes.9f812abb5584b760,"e",%progbits
 138 0000 789C758B 		.ascii	"x\234u\2131\016\203@\014\004w\317G\225.\221H\007\371"
 138      310E8340 
 138      0C0477CF 
 138      47952E91 
 138      4807F9
 139 0013 A9CD0FD2 		.ascii	"\251\315\017\322\322\223\004jD\223G \345\017'~@M\356"
 139      D293046A 
 139      44934720 
 139      E50F277E 
 139      404DEE
 140 0026 00D1B1CD 		.ascii	"\000\321\261\315\216v\354\0211\256\241b\211\021>G@\201"
 140      8E76EC11 
 140      31AEA162 
 140      89113E47 
 140      4081
 141 0038 AF550493 		.ascii	"\257U\004\223C\366\"\037\251?DjvT.{\312\365\0010\263"
 141      43F6221F 
 141      A93F446A 
 141      76542E7B 
 141      CAF50130 
 142 004d 74CD96EA 		.ascii	"t\315\226\352\316\334\233*'N\220E2\317p\021\370\015"
 142      CEDC9B2A 
 142      274E9045 
 142      32CF7011 
 142      F80D
 143 005f 9B9B4076 		.ascii	"\233\233@v\314\2175\344\307\032\356\036\033\315W\217"
 143      CC8F35E4 
 143      C71AEE1E 
 143      1BCD578F 
 144 006f 5FDD4F8E 		.ascii	"_\335O\216C\201?\267\002E\012"
 144      43813FB7 
 144      02450A
 145              		.text
 146              		.section	.gnu.lto_.refs.9f812abb5584b760,"e",%progbits
 147 0000 789CE367 		.ascii	"x\234\343g```f``dd`b\022\007\322f\014\014\000\002\335"
 147      60606066 
 147      60606464 
 147      60621207 
 147      D2660C0C 
 148 0017 0067     		.ascii	"\000g"
 149              		.text
 150              		.section	.gnu.lto_.decls.9f812abb5584b760,"e",%progbits
 151 0000 789CBD7B 		.ascii	"x\234\275{yXTW\266\357Yg\237\303P\"\030\301hw\2141\306"
 151      79585457 
 151      B6EF5967 
ARM GAS  /tmp/ccsmALuX.s 			page 11


 151      9FC35022 
 151      18C16877 
 152 0017 24F6ED4E 		.ascii	"$\366\355N0\372\272;w|\261\325t\274\327\250\237Cn\367"
 152      30FABA3B 
 152      777CB1D5 
 152      74BCD7A8 
 152      9F436EF7 
 153 002b FBA7BAA0 		.ascii	"\373\247\272\240\012\255O\246.\012\207\276\377\224\263"
 153      0AAD4FA6 
 153      2E0A87BE 
 153      FF94B3
 154 003a C611E300 		.ascii	"\306\021\343\000\022\021g\234QDE\005\0118`\000g\024"
 154      1211679C 
 154      51444505 
 154      09386000 
 154      6714
 155 004c 071C3161 		.ascii	"\007\0341ap\300\031\305\341\256\275\367\231\017\222"
 155      70C019C5 
 155      E1AEBDF7 
 155      990F92
 156 005b BC7E835F 		.ascii	"\274~\203_\026Ug\237\337Y\323^k\355\265w\235d\375\017"
 156      1655679F 
 156      DF59D35E 
 156      6BEDB577 
 156      9D64FD0F 
 157 006f 41181925 		.ascii	"A\030\031%\010k@\020^\341?Q\020\204\223H2R\001\322\001"
 157      086B4010 
 157      5EE13F51 
 157      10849348 
 157      325201D2 
 158 0084 A4BE78EF 		.ascii	"\244\276x\357\367H\345\002\377'!\375\013^\377;\322P"
 158      F748E502 
 158      FF2721FD 
 158      0B5EFF3B 
 158      D250
 159 0096 A4AF90E8 		.ascii	"\244\257\220\350s\177\306\317?\213\202\351\337D\274"
 159      737FC6CF 
 159      3F8B82E9 
 159      DF44BC
 160 00a5 FE157E76 		.ascii	"\376\025~vDB1\214O\003~N\020\371\275?!}\210\327\177"
 160      4442318C 
 160      4F037E4E 
 160      10F9BD3F 
 160      217D88D7 
 161 00ba 13B99CAE 		.ascii	"\023\271\234\256\370\375\003\244Nx\375\034\311\205c"
 161      F8FD03A4 
 161      4E78FD1C 
 161      C98563
 162 00c9 2FF0F33F 		.ascii	"/\360\363?\221~\2154Z\340z\274\304\357!H\365To*\223"
 162      917E8D34 
 162      5AE07ABC 
 162      C4EF2148 
 162      F5546F2A 
 163 00de 202FFC3E 		.ascii	" /\374>\012\211\340w\021\251\017~?\215\267\272\341\347"
 163      0A89E077 
 163      11A90F7E 
 163      3F8DB7BA 
ARM GAS  /tmp/ccsmALuX.s 			page 12


 163      E1E7
 164 00f0 9B485188 		.ascii	"\233HQ\210\033\217$\021n\333\020\034\223\361\373 \374"
 164      1B8F2411 
 164      6EDB101C 
 164      93F1FB20 
 164      FC
 165 0101 FC0B5237 		.ascii	"\374\013R7\034\033\216\367\337E\3727\244AH\177@\372"
 165      1C1B8EF7 
 165      DF45FA37 
 165      A441487F 
 165      40FA
 166 0113 67A47F45 		.ascii	"g\244\177E\032\200\3649\322?\"\215B\352O\345R=\251x"
 166      1A80F439 
 166      D23F228D 
 166      42EA4FE5 
 166      523DA978 
 167 0127 7CFE09BD 		.ascii	"|\376\011\275\304\353\027\370y\017\257?Az\027\351\031"
 167      C4EB17F8 
 167      790FAF3F 
 167      417A17E9 
 167      19
 168 0138 5EF7C2F1 		.ascii	"^\367\302\361T\244h\274~\212\327\017\220^!\335G\352"
 168      54A468BC 
 168      7E8AD70F 
 168      905E21DD 
 168      47EA
 169 014a 27EA3EFD 		.ascii	"'\352>\375J\361\351\277\253>\025\271_\215\377\026\022"
 169      4AF1E9BF 
 169      AB3E15B9 
 169      5F8DFF16 
 169      12
 170 015b E80AAF80 		.ascii	"\350\012\257\200}\010D\024\242\003\354_\3118\001v)P"
 170      7D084414 
 170      A203EC5F 
 170      C9380176 
 170      2950
 171 016d 92226412 		.ascii	"\222\"d\022\261\342\360\3342p\024\007\002u\201\222I"
 171      B1E2F0DC 
 171      32701407 
 171      02758192 
 171      49
 172 017e 4480BED0 		.ascii	"D\200\276\320[\200=\200\217\355\006\310\007\330Iy|\000"
 172      5B803D80 
 172      8FED06C8 
 172      07D84979 
 172      7C00
 173 0190 AF5E11F6 		.ascii	"\257^\021\366)\220\377\242\274;\202\210\177\243\240"
 173      2990FFA2 
 173      BC3B8288 
 173      7FA3A0
 174 019f 03727832 		.ascii	"\003rx2='\253\035\345p+P<Y\026\240\010\240\020\004\330"
 174      3D27AB1D 
 174      E5702B50 
 174      3C5916A0 
 174      08A01004 
 175 01b4 0F08471E 		.ascii	"\017\010G\036\373\000\366\002{Db\217tg\337\371\3372"
 175      FB00F602 
ARM GAS  /tmp/ccsmALuX.s 			page 13


 175      7B44628F 
 175      7467DFF9 
 175      DF32
 176 01c6 810D154B 		.ascii	"\201\015\025Kd*p\266\305\002Y\317\276~\0104\324\"\330"
 176      642A70B6 
 176      C50259CF 
 176      BE7E0834 
 176      D422D8
 177 01d9 37815401 		.ascii	"7\201T\001\325u\356\336)ULRS\240xj\250\000\337\001\024"
 177      D575EEDE 
 177      29554C52 
 177      53A0786A 
 177      A800DF01 
 178 01ee A3A4EF01 		.ascii	"\243\244\357\0011(\351(@\031\227\364)\373\033\302\231"
 178      3128E928 
 178      401997F4 
 178      29FB1BC2 
 178      99
 179 01ff 0BE4A2C2 		.ascii	"\013\344\242\302<\030y\024\234\235[\330\316\021Px\340"
 179      3C187914 
 179      9C9D5BD8 
 179      CE115078 
 179      E0
 180 0210 206722C0 		.ascii	" g\"\300I\344\024\015'\200\2640Y\247k\267o\217\260\372"
 180      49E4140D 
 180      2780B430 
 180      59A76BB7 
 180      6F8FB0FA 
 181 0224 E594D12F 		.ascii	"\345\224\321/\010\312\253K\253\"\035\221\331\324@\340"
 181      08CAAB4B 
 181      AB221D91 
 181      D9D440E0 
 182 0234 2F701AE0 		.ascii	"/p\032\340\030@%ev\006\030C\201L\022\271\350\336d\255"
 182      18402565 
 182      76061843 
 182      814C12B9 
 182      E8DE64AD 
 183 0248 289023CA 		.ascii	"(\220#\312U/\362#^-&T\320\274;5\027 \222OO1\233\032"
 183      552FF223 
 183      5E2D2654 
 183      D0BC3B35 
 183      1720924F 
 184 0260 B8087009 		.ascii	"\270\010p\011P\016~G\300\331e{\362H\030\263:\273D\242"
 184      500E7E47 
 184      C0D9657B 
 184      F24818B3 
 184      3ABB44A2 
 185 0274 7754956B 		.ascii	"wT\225k\200\001\256\227e.\017\243\301\201\003\220\204"
 185      8001AE97 
 185      652E0FA3 
 185      C1810390 
 185      84
 186 0285 03CD7B4A 		.ascii	"\003\315{J\267\210\235\003tF\002Q0F\231\021\001\256"
 186      B7889D03 
 186      74460251 
 186      30469911 
 186      01AE
ARM GAS  /tmp/ccsmALuX.s 			page 14


 187 0297 A05697F9 		.ascii	"\240V\227\3713\325\353\027{u\236Wt\236W\251\326[\211"
 187      33D5EB17 
 187      7B759E57 
 187      749E57A9 
 187      D65B89
 188 02aa 408E2135 		.ascii	"@\216!5\023\256o\027\262J\022\310q\211_u O\360j\225"
 188      13AE6F17 
 188      B24A12C8 
 188      71895F75 
 188      204FF06A 
 189 02bf 4CF91C6E 		.ascii	"L\371\034n\234\277#\\gtZg\324@\031\235\224\221\011R"
 189      9CBF235C 
 189      67745A67 
 189      D440199D 
 189      94910952 
 190 02d3 6610F369 		.ascii	"f\020\363i\311\352\"\331l\352m\200;\272\251[\317\237"
 190      C9EA22D9 
 190      6CEA6D80 
 190      3BBAA95B 
 190      CF9F
 191 02e5 9C1BAA73 		.ascii	"\234\033\252s\273\243s\273K\271\355\014\022\310i\312"
 191      BBA373BB 
 191      4BB9ED0C 
 191      12C869CA 
 192 02f5 A9E78A6B 		.ascii	"\251\347\212kkr\202{\366\214\354i\376\207O6\237\177"
 192      6B72827B 
 192      F68CEC69 
 192      FE874F36 
 192      9F7F
 193 0307 72F536F9 		.ascii	"r\3656\371:#\377\332\244\300\232\277@9\300\017\000\017"
 193      3A23FFDA 
 193      A4C09ABF 
 193      4039C00F 
 193      000F
 194 0319 7546B5F4 		.ascii	"uF\265\364\317'\002\"s[\226\376\265\254\030(\344\236"
 194      CF270222 
 194      735B96FE 
 194      B5AC1828 
 194      E49E
 195 032b 0912CD10 		.ascii	"\011\022\315\020|V\213%\001\016\002\224\002\233\225"
 195      7C568B25 
 195      010E0294 
 195      029B95
 196 033a 87545578 		.ascii	"\207TUx\000\360\024\340\005\300\024\021\236\000<\003"
 196      00F014E0 
 196      05C01411 
 196      9E003C03 
 197 034a B80F986B 		.ascii	"\270\017\230k0Y\204\227\000\223Dx\014\020\020\3419@"
 197      30598497 
 197      00934478 
 197      0C1010E1 
 197      3940
 198 035c 33400BC0 		.ascii	"3@\013\300#j\035\025\230\223\241\012<b\022x\230\376"
 198      236A1D15 
 198      9893A10A 
 198      3C621278 
 198      98FE
ARM GAS  /tmp/ccsmALuX.s 			page 15


 199 036e F90E28A6 		.ascii	"\371\016(\246i~F\3415\010,\354\215\023\001\027L\250"
 199      697E46E1 
 199      35082CEC 
 199      8D130117 
 199      4CA8
 200 0380 F306D4CC 		.ascii	"\363\006\324\314\214\002\216j\000\2507\241~\324\354"
 200      8C028E6A 
 200      00A837A1 
 200      7ED4EC
 201 038f 6BCA4227 		.ascii	"k\312B'0\020\012\2542\201*t'<\327\234\320ds\002\027"
 201      30100AAC 
 201      32812A74 
 201      273CD79C 
 201      D0647302 
 202 03a4 963B4B53 		.ascii	"\226;KS\273\316.\0121\350\251\334\025\031r:b\316\000"
 202      BBCE2E0A 
 202      31E8A9DC 
 202      1519723A 
 202      62CE00
 203 03b7 1C671835 		.ascii	"\034g\0305\021*t\245s\227k|\316\231\370\2345\030\366"
 203      112A74A5 
 203      73976B7C 
 203      CE99F89C 
 203      3518F6
 204 03ca 72A962D8 		.ascii	"r\251b\330]\200[&T\245n\330\\\203a\327M\240\022\203"
 204      5D805B26 
 204      54A56ED8 
 204      5C8361D7 
 204      4DA01283 
 205 03de B8D99AB8 		.ascii	"\270\331\232\270\233\366\010P0\031\032\246\332\256\022"
 205      9BF60850 
 205      30191AA6 
 205      DAAE12
 206 03ed 77D03C0D 		.ascii	"w\320<\015r\315>\035\0342G\203\334\260k\303U~\265T\237"
 206      72CD3E1D 
 206      1C324783 
 206      DCB06BC3 
 206      557EB554 
 207 0402 B046BB5D 		.ascii	"\260F\273]\250\016\371!X \257\202i\032\244\257k\334"
 207      A80EF921 
 207      5820AF82 
 207      691AA4AF 
 207      6BDC
 208 0414 1A64CE93 		.ascii	"\032d\316\223i\"L\027\265<\231\272\373\242KO\023\274"
 208      69224C17 
 208      B53C99BA 
 208      FBA24B4F 
 208      13BC
 209 0426 A1329B81 		.ascii	"\2412\233\201K\001Y\022\"\220\035!\024\327\220\2263"
 209      4B015912 
 209      22901D21 
 209      14D79096 
 209      33
 210 0437 B79D99D1 		.ascii	"\267\235\231\321,\021\276\326\031\255l\336\231\347\320"
 210      2C11BED6 
 210      19AD6CDE 
 210      99E7D0
ARM GAS  /tmp/ccsmALuX.s 			page 16


 211 0446 397DAD73 		.ascii	"9}\255s\232M9U \247[!\274H\177Jf\205\322G\016\234}|"
 211      9A4D3955 
 211      20A75B21 
 211      BC487F4A 
 211      6685D247 
 212 045e 30A8B502 		.ascii	"0\250\265\002\272@\244\0054\032!\245\325Gw\204\323\262"
 212      BA40A405 
 212      341A21A5 
 212      D5477784 
 212      D3B2
 213 0470 58A79445 		.ascii	"X\247\224EZ<\005H\023\031\210\263\353M\026\207\012d"
 213      5A3C0548 
 213      131988B3 
 213      EB4D1687 
 213      0A64
 214 0482 05D256C6 		.ascii	"\005\322V\306\366\321\262\333=\354\213\310b\321\274"
 214      F6D1B2DB 
 214      3DEC8BC8 
 214      62D1BC
 215 0491 88446129 		.ascii	"\210Da)\312\307gJ\220N#\335@j\244\317wx\261~\366aP\013"
 215      CAC7674A 
 215      904E23DD 
 215      406AA4CF 
 215      7778B17E 
 216 04a9 0235E8C2 		.ascii	"\0025\350\302\323\235'!0\2757\225\277L\204,Q\321\202"
 216      D39D2721 
 216      30BD3795 
 216      BF4C842C 
 216      51D182
 217 04bc 06765F35 		.ascii	"\006v_5\273Q#\036\251\360-\203\240\2505\",\027a\225"
 217      BB51231E 
 217      A9F02D83 
 217      A0A83522 
 217      2C176195 
 218 04d0 08D922AC 		.ascii	"\010\331\"\254\024a\265\010+\350\"K\203\374\312\323"
 218      1461B508 
 218      2BE8224B 
 218      83FCCAD3 
 219 04e0 3134C8D3 		.ascii	"14\310\323D\230oa8Od\201p\211\003Pb\272\005\260\224"
 219      44986F61 
 219      384F6481 
 219      70890350 
 219      62BA05B0 
 220 04f5 036A9EC6 		.ascii	"\003j\236\306\347 `\211\010\213\030@\255\314\206l\273"
 220      E7206089 
 220      088B1840 
 220      ADCC866C 
 220      BB
 221 0506 A8F1C8B0 		.ascii	"\250\361\310\260\360(\342\200\313\032\340\033\013`!"
 221      F028E280 
 221      CB1AE01B 
 221      0B6021
 222 0515 17725E03 		.ascii	"\027r^\003dZ\000\237\010d\226C YH\273\034\274\230\327"
 222      645A009F 
 222      08649643 
 222      205948BB 
 222      1CBC98D7 
ARM GAS  /tmp/ccsmALuX.s 			page 17


 223 0529 294B7050 		.ascii	")KpP&\351x\367\304\243\363\355\324Z\032I\235x\\\255"
 223      26E978F7 
 223      C4A3F3ED 
 223      D45A1A49 
 223      9D785CAD 
 224 053d 33334498 		.ascii	"33D\230*\302\016\261\265,j*4\344\343z\023*ZK\200\362"
 224      2AC20EB1 
 224      B52C6A2A 
 224      34E4E37A 
 224      132A5A4B 
 225 0553 0C3DB1E7 		.ascii	"\014=\261\347\2300?\032\362\361\000\317\244\321\260"
 225      98303F1A 
 225      F2F100CF 
 225      A4D1B0
 226 0562 D604D173 		.ascii	"\326\004\321s?\267\222#f\2130\323\256\017\027UdPg\235"
 226      3FB79223 
 226      668B30D3 
 226      AE0F1755 
 226      6450679D 
 227 0576 4D1DA560 		.ascii	"M\035\245`\235\317\220)\037L\304C@!\274\310k9K!G3d:"
 227      9DCF9029 
 227      1F4CC443 
 227      4021BCC8 
 227      6B394B21 
 228 058e 59E8C1B9 		.ascii	"Y\350\301\271\214\213Z\323\324\214\325W\210\015\"\344"
 228      8C8B5AD3 
 228      D48CD557 
 228      880D22E4 
 229 059e 886C31DB 		.ascii	"\210l1\333\301bh\223\010\333D\330\"\302v\0216\213\260"
 229      C1626893 
 229      08DB44D8 
 229      22C27611 
 229      368BB0
 230 05b1 55848D22 		.ascii	"U\204\215\"\344\212<\347\256n\370\366n\220\236s\006"
 230      E48A3CE7 
 230      AE6EF8F6 
 230      6E909E73 
 230      06
 231 05c2 F5F27872 		.ascii	"\365\362xr\374Yk}\260\253#\307\035\364\241\245{\027"
 231      FC596B7D 
 231      B0AB23C7 
 231      1DF4A1A5 
 231      7B17
 232 05d4 9E0AB6B7 		.ascii	"\236\012\266\267>\273D\304\320\206D\204\235\"-\014+"
 232      3EBB44C4 
 232      D0864484 
 232      9D222D0C 
 232      2B
 233 05e5 AF1F946E 		.ascii	"\257\037\224n\202 \";\311\015X\326~\207\177\034\302"
 233      8220223B 
 233      C90D58D6 
 233      7E877F1C 
 233      C2
 234 05f6 FF224254 		.ascii	"\377\"BT@\014\210An\":\210\203\270\035e\320\255\327"
 234      400C8841 
 234      6E223A88 
 234      83B81D65 
ARM GAS  /tmp/ccsmALuX.s 			page 18


 234      D0ADD7
 235 0609 43F25988 		.ascii	"C\362Y\210\330+\302\021\222S\012\035\034r\210(\326\005"
 235      D82BC211 
 235      92530A1D 
 235      1C728828 
 235      D605
 236 061b BB1DBD9E 		.ascii	"\273\035\275\236\241\316\331A\335?\013H\3569\235\352"
 236      A1CED941 
 236      DD3F0B48 
 236      EE399DEA 
 237 062b 8203E282 		.ascii	"\202\003\342\202!Q}?\303\277u\301e\340\306\247\206I"
 237      21517D3F 
 237      C3BF75C1 
 237      65E0C6A7 
 237      8649
 238 063d 211DF05B 		.ascii	"!\035\360[]\260\343!\311\236\033\344\256\024g~\210\255"
 238      5DB0E321 
 238      C99E1BE4 
 238      AE14677E 
 238      88AD
 239 064f 97C3DD27 		.ascii	"\227\303\335'\012}\362YHH\267\210\022RB>\307\366;$w"
 239      0A7DF259 
 239      4848B788 
 239      1252423E 
 239      C7F63B24 
 240 0664 6B27475D 		.ascii	"k'G]p\004\262\350\345\356\336\301\335=\242\014d\267"
 240      7004B2E8 
 240      E5EEDEC1 
 240      DD3DA20C 
 240      64B7
 241 0676 DB11D54B 		.ascii	"\333\021\325K@%\334}\372|&:\220\263\024R\006}\010\204"
 241      4025DC7D 
 241      FA7C263A 
 241      90B31452 
 241      067D0884 
 242 068a F5095C6B 		.ascii	"\365\011\\k\354\354\000Gh\267\356\275\004\301\215\255"
 242      ECEC0047 
 242      68B7EEBD 
 242      04C18DAD 
 243 069a 34F225AF 		.ascii	"4\362%\257\324\177\020\2142\335\372%@/\207\330G$\377"
 243      D47F108C 
 243      32DDFA25 
 243      402F87D8 
 243      4724FF
 244 06ad 51174CDB 		.ascii	"Q\027L\333\352\356\230\246RHX\030\004\360#\324\371\037"
 244      EAEE98A6 
 244      52485818 
 244      04F023D4 
 244      F91F
 245 06bf EE617D1C 		.ascii	"\356a}\034B]\260\210\267\242$\272$\353O:\202\004\255"
 245      425DB088 
 245      B7A224BA 
 245      24EB4F3A 
 245      8204AD
 246 06d2 63A6AE17 		.ascii	"c\246\256\027\200\376\307\377\010\364B0Ja\343\024\211"
 246      80FEC7FF 
 246      08F44230 
ARM GAS  /tmp/ccsmALuX.s 			page 19


 246      4A61E314 
 246      89
 247 06e3 7E656841 		.ascii	"~ehAPG\265\017\345;\007p>\352>\007@\025\"(w\015\314"
 247      5047B50F 
 247      E53B0770 
 247      3EEA3E07 
 247      40152228 
 248 06fa 751D143D 		.ascii	"u\035\024=T>\252\034\203\216\272\2568\303\\\210h|\206"
 248      543EAA1C 
 248      838EBAAE 
 248      38C35C88 
 248      687C86
 249 070d 3D67525C 		.ascii	"=gR\\g)hl\005\203\341<$w>*\312\017\373\001h\320\337"
 249      6729686C 
 249      0583E13C 
 249      24773E2A 
 249      CA0FFB01 
 250 0724 5EB8AF1D 		.ascii	"^\270\257\035\204/\370L\000\362\210E\336\303\312K\213"
 250      842FF84C 
 250      00F28845 
 250      DEC3CA4B 
 250      8B
 251 0735 C3B46672 		.ascii	"\303\264fr\267^\263\366\241\350$\366\370\221\0075]z"
 251      B75EB3F6 
 251      A1E824F6 
 251      F8910735 
 251      5D7A
 252 0747 A4A7079A 		.ascii	"\244\247\007\232/\357M\313\357\372-Vp\204K\010\200\275"
 252      2FEF4DCB 
 252      EFFA2D56 
 252      70844B08 
 252      80BD
 253 0759 CA5223E0 		.ascii	"\312R#\3407\001\012D\330\203}o \214>\224y\177E.\357"
 253      37010A44 
 253      D8837D6F 
 253      208C3E94 
 253      797F452E 
 254 076e 5A0B78D7 		.ascii	"Z\013x\327\372l\355\272U\0166p\000\240\210F\363\234"
 254      FA6CEDBA 
 254      550E3670 
 254      00A08846 
 254      F39C
 255 0780 CA43B3DA 		.ascii	"\312C\263\332\253\220\003t\344\342\264\355\363\314\315"
 255      AB900374 
 255      E4E2B4ED 
 255      F3CCCD
 256 078f 32A68222 		.ascii	"2\246\202\"\203,`|\217n\313.\0113\257y%\242\006B\300"
 256      832C607C 
 256      8F6ECB2E 
 256      0933AF79 
 256      25A20642 
 257 07a4 CC8A731B 		.ascii	"\314\212s\033E=\377J\365\374;(2@fQS\232\304\304\036"
 257      453DFF4A 
 257      F5FC3B28 
 257      32406651 
 257      539AC4C4 
 258 07b9 14A1988A 		.ascii	"\024\241\230\212\335\275\252\345\260#\204n\006f^\245"
ARM GAS  /tmp/ccsmALuX.s 			page 20


 258      DDBDAAE5 
 258      B023846E 
 258      06665EA5 
 259 07c9 69C72BEA 		.ascii	"i\307+\352aQ\333"
 259      6151DB
 260 07d0 0B90554C 		.ascii	"\013\220UL\366\221\251\233\276\213\260\340\340\210h"
 260      F691A99B 
 260      BE8BB0E0 
 260      E08868
 261 07df 4422AA6A 		.ascii	"D\"\252ja\346Y\335\243e\272G\217\242\217\016q\035\226"
 261      61E659DD 
 261      A365BA47 
 261      8FA28F0E 
 261      711D96
 262 07f2 A43F9DD5 		.ascii	"\244?\235\325\256G:\366\263\3257V\026|T2%\273\027\336"
 262      AE473AF6 
 262      B3D53756 
 262      167C5432 
 262      25BB17DE 
 263 0806 8642CD9F 		.ascii	"\206B\315\237\205,\270\310\335\326}yle\3415Y5\241\202"
 263      852CB8C8 
 263      DDD67D79 
 263      6C65E135 
 263      5935A182 
 264 081a 9AB06AC7 		.ascii	"\232\260j\307\323\361\255\311<\2062+\271\314\254G\025"
 264      D3F1ADC9 
 264      3C86322B 
 264      B9CCAC47 
 264      15
 265 082b 6F5391B9 		.ascii	"oS\221\271\325\263g\024w\300z'B\271&\257\234\313\013"
 265      D5B36714 
 265      77C07A27 
 265      42B926AF 
 265      9CCB0B
 266 083e B4A7C84B 		.ascii	"\264\247\310KS\356\034\340\023\323\300\345\345T\354"
 266      53EE1CE0 
 266      13D3C0E5 
 266      E554EC
 267 084d 3C1CC206 		.ascii	"<\034\302\0060@NRy\263j\347=\011W!\247\350\310\355\323"
 267      30404E52 
 267      79B36AE7 
 267      3D095721 
 267      A7E8C8ED 
 268 0862 93BED746 		.ascii	"\223\276\327FN\323\221\274\353\265WI+\373\224*\324\351"
 268      4ED391BC 
 268      EBB55749 
 268      2BFB942A 
 268      D4E9
 269 0874 0CD769CE 		.ascii	"\014\327i\316\331\234g\300\374\360\254ae^/\346\207*"
 269      D99C67C0 
 269      FCF0AC61 
 269      655E2FE6 
 269      872A
 270 0886 114E687A 		.ascii	"\021Nhz\235\340z]dz\235,\275\273\017\014\3731\206\250"
 270      9DE07A5D 
 270      647A9D2C 
 270      BDBB0F0C 
ARM GAS  /tmp/ccsmALuX.s 			page 21


 270      FB3186A8 
 271 089a 1695283F 		.ascii	"\026\225(?~\271\356~\350\373\224\327\242\373\223v\177"
 271      7EB9EE7E 
 271      E8FB94D7 
 271      A2FB9376 
 271      7F
 272 08ab 9A16C8EE 		.ascii	"\232\026\310\356\2027\341\234\306\353\034\355y\016\204"
 272      8237E19C 
 272      C6EB1CED 
 272      790E84
 273 08ba 2B0BA348 		.ascii	"+\013\243HN(_\257\212\344q8\345\360r\336\314\272PfB"
 273      4E285FAF 
 273      8AE47138 
 273      E5F072DE 
 273      CCBA5066 
 274 08cf 39B7BBE6 		.ascii	"9\267\273\346\350\251\375\341\255%\307U4\341\0127a\351"
 274      E8A9FDE1 
 274      AD25C755 
 274      34E10A37 
 274      61E9
 275 08e1 F54D7B0D 		.ascii	"\365M{\015\233\232\253z\274]c\335Z\004\027R-\222]\021"
 275      9B9AAB7A 
 275      BC5D63DD 
 275      5A041752 
 275      2D925D11 
 276 08f5 02B9A25C 		.ascii	"\002\271\242\\\236\020\311\314\016\330\307u\340\227"
 276      9E10C9CC 
 276      0ED8C775 
 276      E097
 277 0903 6522B980 		.ascii	"e\"\271\200\227\2017\224m\262H6\274!\220C\312e\200\357"
 277      97813794 
 277      6DB24836 
 277      BC219043 
 277      CA6580EF 
 278 0917 C60312B9 		.ascii	"\306\003\022\271\250\214D\320\205f\323\216'\320Z\247"
 278      A88C44D0 
 278      8566D38E 
 278      27D05AA7 
 279 0927 F680756A 		.ascii	"\366\200uj\367En\234\"\036\367\252\035\005\262\266\243"
 279      F7456E9C 
 279      221EF7AA 
 279      1D05B2B6 
 279      A3
 280 0938 221E99E3 		.ascii	"\"\036\231\343e]GjA}\363\324\306\010f\366hfu\345\314"
 280      655D476A 
 280      417DF3D4 
 280      C60866F6 
 280      686675E5 
 281 094d 1367E4D6 		.ascii	"\023g\344\326\254~\216\214[\270\325\007\003\365\345"
 281      AC7E8E8C 
 281      5BB8D507 
 281      03F5E5
 282 095c 862C7BAE 		.ascii	"\206,{\256[M\217j\310\264H\334\024\"\345!\235\214d\017"
 282      5B4D8F6A 
 282      C8B448DC 
 282      1422E521 
 282      9D8C640F 
ARM GAS  /tmp/ccsmALuX.s 			page 22


 283 0970 3C5E7692 		.ascii	"<^v\222\230\363v\022\201\311D\313\333\306\214\206E\301"
 283      98F37612 
 283      81C944CB 
 283      DBC68C86 
 283      45C1
 284 0982 3A47BCA3 		.ascii	":G\274\243r\234B\030\340\314\216\357\337dZN!L\315\025"
 284      729C4218 
 284      E0CC8EEF 
 284      DF645A4E 
 284      214CCD15 
 285 0996 67179F68 		.ascii	"g\027\237h\265rM\303\375\374T\376\314\222\312\347\033"
 285      B5724DC3 
 285      FDFC54FE 
 285      CC92CAE7 
 285      1B
 286 09a7 0C9BEB69 		.ascii	"\014\233\353i:\323\351\204\246\027\2527-\212\273\344"
 286      3AD3E984 
 286      A617AA37 
 286      2D8ABBE4 
 287 09b7 7FD2E6B7 		.ascii	"\177\322\346\267\242\264&\2445\227~M\250Kg\021\304,"
 287      A2B426A4 
 287      35977E4D 
 287      A84B6711 
 287      C42C
 288 09c9 4ECBDB1C 		.ascii	"N\313\333\034f<\024h\022\371\016o6a8\201d(\034ky\357"
 288      663C1468 
 288      12F90E6F 
 288      36613881 
 288      64281C6B 
 289 09df 951D44B6 		.ascii	"\225\035D\266E\2412onxV\361\255\322\177\261F\026y4\357"
 289      45A1326F 
 289      6E7856F1 
 289      ADD27FB1 
 289      46167934 
 290 09f4 69C93E1D 		.ascii	"i\311>\035\271\005\013\352\224.\310\000f\022XB4\216"
 290      B9050BEA 
 290      942EC800 
 290      66125842 
 290      348E
 291 0a06 7A7B95B5 		.ascii	"z{\225\265\\\3316N'\020`\230\3266\227+\226+M\330hx%"
 291      5CD9364E 
 291      27106098 
 291      D636972B 
 291      962B4DD8 
 292 0a1d 1A41A57A 		.ascii	"\032A\245z\367\264g\271\336==1\201\036\211Z\027\266"
 292      F7B467B9 
 292      DE3D3D31 
 292      811E895A 
 292      17B6
 293 0a2f 7C39EBC2 		.ascii	"|9\353\302\320\2473\354\3028\237\034]\326K\273,S\373"
 293      D0A733EC 
 293      C2389F1C 
 293      5DD64BBB 
 293      2C53FB
 294 0a42 348FC05C 		.ascii	"4\217\300\\\364\315\034\306\012\013\345\002\002\213"
 294      F4CD1CC6 
 294      0A0BE502 
ARM GAS  /tmp/ccsmALuX.s 			page 23


 294      028B
 295 0a50 08A411DA 		.ascii	"\010\244\021\332\361/&\220N`\031\201o\010d\020XJ\224"
 295      F12F2690 
 295      4E601981 
 295      6F086410 
 295      584A94
 296 0a63 BDF4BEE5 		.ascii	"\275\364\276\345j\0378\337\244\301CM\311\246-\252O^"
 296      6A1F38DF 
 296      A4C1434D 
 296      C9A62DAA 
 296      4F5E
 297 0a75 88F0CCA4 		.ascii	"\210\360\314\244B\263\016*0\230\373\330n\256\342\270"
 297      42B30E2A 
 297      3098FBD8 
 297      6EAEE2B8 
 298 0a85 6DBA314F 		.ascii	"m\2721O\355\234\350\356\255\214\316\240X\233\276\367"
 298      ED9CE8EE 
 298      AD8CCEA0 
 298      589BBEF7 
 299 0a95 285B7CCC 		.ascii	"([|\314\226e\376\\\313\220\305\226\207{NE\350\021\371"
 299      9665FE5C 
 299      CB90C596 
 299      877B4E45 
 299      E811F9
 300 0aa8 AD2E6B39 		.ascii	"\255.k9\017\331s\215\031\207\324\370\302=\312r=\034"
 300      0FD9738D 
 300      1987D4F8 
 300      C23DCA72 
 300      3D1C
 301 0aba B208CB6D 		.ascii	"\262\010\313m\036\\\315@\3161\235J\357W\316v\230\023"
 301      1E5CCD40 
 301      CE319D4A 
 301      EF57CE76 
 301      9813
 302 0acc 0B3DBD52 		.ascii	"\013=\275RO\254\223YY\205\355\315\200L\023`\375\335"
 302      4FAC9359 
 302      5985EDCD 
 302      804C1360 
 302      FDDD
 303 0ade B5B34157 		.ascii	"\265\263AWi\225\256\322j\032\316\017\224pn\002\222\336"
 303      6995AED2 
 303      6A1ACE0F 
 303      94706E02 
 303      92DE
 304 0af0 0977169D 		.ascii	"\011w\026\235\224\002\012\344\006^\316zS)\242@\266\277"
 304      94020AE4 
 304      065ECE7A 
 304      5329A240 
 304      B6BF
 305 0b02 299053CA 		.ascii	")\220S\312e5\220i\235\005\262\275\263Ro\200\324\342"
 305      65359069 
 305      9D05B2BD 
 305      B3526F80 
 305      D4E2
 306 0b14 E5822E4A 		.ascii	"\345\202.J\271\003\262G\371\232\303\367}\305\016r^\031"
 306      B903B247 
 306      F99AC3F7 
ARM GAS  /tmp/ccsmALuX.s 			page 24


 306      7DC50E72 
 306      5E19
 307 0b26 C906D2A4 		.ascii	"\311\006\322\244|M\007\262\344\027\002\311\377\005\277"
 307      7C4D07B2 
 307      E41702C9 
 307      FF05BF
 308 0b35 5C00E412 		.ascii	"\\\000\344\022^>W.\003\37440\2141\270*\220o\177\211"
 308      5E3E572E 
 308      03FC3430 
 308      8C31B82A 
 308      906F7F89 
 309 0b49 550DE9D8 		.ascii	"U\015\351\330/y\342\365\"5xu\017)\360\226@\346\276\205"
 309      2F79E2F5 
 309      22357875 
 309      0F29F096 
 309      40E6BE85 
 310 0b5d B6762C4F 		.ascii	"\266v,O\277??\\\335\002\261\215\344\361\264|\343F\362"
 310      BF3F3F5C 
 310      DD02B18D 
 310      E4F1B47C 
 310      E346F2
 311 0b70 34316D24 		.ascii	"41m$i,V\247%(\273\272\357\011\275o\334\325)\233\266"
 311      692C56A7 
 311      2528BBBA 
 311      EF09BD6F 
 311      DCD5299B 
 312 0b85 8B695E65 		.ascii	"\213i^eOv\230\230Y(\233\266K\032 \335\"C\331[\236\327"
 312      4F769898 
 312      59289BB6 
 312      4B1A20DD 
 312      2243D95B 
 313 0b9b 00472D1C 		.ascii	"\000G-\034\224\275\323\005\015Pf\001\034!|\363\231\246"
 313      94BDD305 
 313      0D506601 
 313      1C217CF3 
 313      99A6
 314 0bad 1E531C62 		.ascii	"\036S\034b\000\313\356J\217\332R\002%\030J\345\014\205"
 314      00CBEE4A 
 314      8FDA5202 
 314      25184AE5 
 314      0C85
 315 0bbf 517B8640 		.ascii	"Q{\206@\005\201J\002'\010\234$p\214\300q\002\247\324"
 315      05814A02 
 315      27089C24 
 315      708CC071 
 315      02A7D4
 316 0bd2 4C3CA6C9 		.ascii	"L<\246\311\315\264h\216\333\315\\t\354\271\267\370t"
 316      CDB4688E 
 316      DBCD5C74 
 316      ECB9B7F8 
 316      74
 317 0be3 44F16A07 		.ascii	"D\361j\007\244\231zZ\314\277\363<Wn\255\226^`\265\264"
 317      A4997A5A 
 317      CCBFF33C 
 317      576EAD96 
 317      5E60B5B4 
 318 0bf7 3742EECD 		.ascii	"7B\356\315{9=\330XJU\317^$\014&\220o\272\012d\035\322"
ARM GAS  /tmp/ccsmALuX.s 			page 25


 318      7B393DD8 
 318      584A55CF 
 318      5E240C26 
 318      906FBA0A 
 319 0c0e 4EA442A4 		.ascii	"N\244B\244r\244*\244+HuH\315H3\337\026H:\322Z\244\315"
 319      72A42AA4 
 319      2B487548 
 319      CD4833DF 
 319      16483AD2 
 320 0c25 6FA3E8EE 		.ascii	"o\243\350\356\015\271\205\243\255g\207\372\211@5\201"
 320      0DB985A3 
 320      AD6787FA 
 320      89403581 
 321 0c35 73C8BF8E 		.ascii	"s\310\277\216@=3\277\231@#\201\307\004\036\022\270M"
 321      403D33BF 
 321      99402381 
 321      C7041E12 
 321      B84D
 322 0c47 E001817B 		.ascii	"\340\001\201{\004n\021x\202\231G\340.\201;\004\032\010"
 322      046E1178 
 322      829947E0 
 322      2E813B04 
 322      1A08
 323 0c59 3C22705F 		.ascii	"<\"p_\365\311\376\026u\013^\303\270p\237\350gs\271\033"
 323      F5C9FE16 
 323      750B5EC3 
 323      B8709FE8 
 323      6773B91B 
 324 0c6d 34008654 		.ascii	"4\000\206T\275=\244\266\265\250\007\005\327\031\003"
 324      BD3DA4B6 
 324      B5A80705 
 324      D71903
 325 0c7c D570C34E 		.ascii	"\325p\303Nx\263\306\342&1\263P\346{\237\006\270l\000"
 325      78B3C6E2 
 325      2631B350 
 325      E67B9F06 
 325      B86C00
 326 0c8f 300E4A4C 		.ascii	"0\016JL\355\325\020W\254\010%,\0134=\256\332\365P\002"
 326      EDD51057 
 326      AC08252C 
 326      0B343DAE 
 326      DAF55002 
 327 0ca3 6FABC6E5 		.ascii	"o\253\306\345\206E\021\024C\367\024E-\022\005\\$\364"
 327      86451114 
 327      43F71445 
 327      2D12055C 
 327      24F4
 328 0cb5 DCC4C084 		.ascii	"\334\304\300\204\371CI\220-\032\223Z\013\023E\223M\032"
 328      F9434990 
 328      2D1A935A 
 328      0B134593 
 328      4D1A
 329 0cc7 E0070B40 		.ascii	"\340\007\013@Q\243P\003\\\262\372\234\373t\243f\313"
 329      51A35003 
 329      5CB2FA9C 
 329      FB74A366 
 329      CB
ARM GAS  /tmp/ccsmALuX.s 			page 26


 330 0cd8 8F265B0C 		.ascii	"\217&[\014i\272G\203\\\263\233\253`rZ\014\307+\365\226"
 330      69BA4783 
 330      5CB39BAB 
 330      60725A0C 
 330      C72BF596 
 331 0cec 782FC318 		.ascii	"x/\303\030\273Lc\254\313\3623{\256\210\206\305\274'"
 331      BB4C63AC 
 331      CBF2337B 
 331      AE8886C5 
 331      BC27
 332 0cfe 3B29CC54 		.ascii	";)\314TS\360)\201I\222\375\234$7CCT\231\020\337\021"
 332      53F02981 
 332      4992FD9C 
 332      24374343 
 332      549910DF 
 333 0d13 35497333 		.ascii	"5Is33\331\321\005\246\332A\006\341\351\252@\024g\344"
 333      33D9D105 
 333      A6DA4106 
 333      E1E9AA40 
 333      1467E4
 334 0d26 686C0A4D 		.ascii	"hl\012Ml\366\021m\345\333\230\251\237\310\354\267\203"
 334      6CF6116D 
 334      E5DB98A9 
 334      9FC8ECB7 
 334      83
 335 0d37 F80ADD34 		.ascii	"\370\012\3354/3?4\360uoj\350y\006\342\331a<KQ\252\306"
 335      2F333F34 
 335      F0756F6A 
 335      E87906E2 
 335      D9613C4B 
 336 0d4e 6E02BB08 		.ascii	"n\002\273\010;\251D\024\246M\013v\"\330\246a\357G\340"
 336      3BA94414 
 336      A64D0B76 
 336      22D8A661 
 336      EF47E0
 337 0d61 0581E912 		.ascii	"\005\201\351\022L\225\340%\201W\004\246`\247%)\207j"
 337      4C95E025 
 337      815704A6 
 337      60A72529 
 337      876A
 338 0d73 E9DC9A1D 		.ascii	"\351\334\232\035\"\234e\374\371Y\212\351\240~\223f\314"
 338      229C65FC 
 338      F9598AE9 
 338      A07E9366 
 338      CC
 339 0d84 5E939E05 		.ascii	"^\223\236\005\2721+Tc\260!8`\002\025\351^i\332\234\251"
 339      BA312B54 
 339      63B02138 
 339      600215E9 
 339      5E69DA9C 
 340 0d99 2FF6CFEC 		.ascii	"/\366\317\354\254\024\324r\003\257b;/\234\345gt\206"
 340      AC14D472 
 340      03AF623B 
 340      2F9CE567 
 340      7486
 341 0dab C5655927 		.ascii	"\305eY'\317\267\213\2649`\206\364\363\035\300\352bO"
 341      CFB78BB4 
ARM GAS  /tmp/ccsmALuX.s 			page 27


 341      396086F4 
 341      F31DC0EA 
 341      624F
 342 0dbd 5E1745F2 		.ascii	"^\027E\362u7\201d!\035\350\326Z\327}\356\361\303\231"
 342      75378164 
 342      211DE8D6 
 342      5AD77DEE 
 342      F1C399
 343 0dd0 11EA1E6B 		.ascii	"\021\352\036k\236D\252\030\352\330\205\302u\226\355"
 343      9E44AA18 
 343      EAD885C2 
 343      7596ED
 344 0ddf EE0209D2 		.ascii	"\356\002\011\322$m\361\316\316Y\265\301\320\210\247"
 344      246DF1CE 
 344      CE59B5C1 
 344      D088A7
 345 0dee E9D62C94 		.ascii	"\351\326,\224\370\217.\013\257\316\016f|\027J0_\302"
 345      F88F2E0B 
 345      AFCE0E66 
 345      7C174A30 
 345      5FC2
 346 0e00 91A2D2F9 		.ascii	"\221\242\322\371\033\332\267\3268/B+\277\341O\255\231"
 346      1BDAB7D6 
 346      382F422B 
 346      BFE14FAD 
 346      99
 347 0e11 7A73ABA1 		.ascii	"zs\253\241q^\244\263]\214\000R\217fL{G \213\221\326"
 347      715EA4B3 
 347      5D8C0052 
 347      8F664C7B 
 347      47208B91 
 348 0e26 211D44BA 		.ascii	"!\035D\272\206\364\350\035\372pI\301\321\032PER\333"
 348      86F4E81D 
 348      FA7049C1 
 348      D11A5045 
 348      52DB
 349 0e38 EE4DDA7F 		.ascii	"\356M\332\177AjMb\026J\\\316%6\356/\311\011\321%f\351"
 349      416A4D62 
 349      164A5CCE 
 349      2536EE2F 
 349      C909D125 
 350 0e4e 12573040 		.ascii	"\022W0@\324\344\252\303\215\355\264tck\367\367\206\011"
 350      D4E4AAC3 
 350      8DEDB474 
 350      636BF7F7 
 350      8609
 351 0e60 5F2AC16A 		.ascii	"_*\301j\375\031\303\357$\225\231Zs7\307\2041\236q\226"
 351      FD19C3EF 
 351      2495995A 
 351      7337C784 
 351      319E7196 
 352 0e74 1B382DB1 		.ascii	"\0338-\261s2e\302\327\022\314\222\330<\254f\201\260"
 352      733265C2 
 352      D712CC92 
 352      D83CAC66 
 352      81B0
 353 0e86 56827518 		.ascii	"V\202u\030\330\022\254\227 \033\373'\011r$X)\301\032"
ARM GAS  /tmp/ccsmALuX.s 			page 28


 353      D812AC97 
 353      201BFB27 
 353      09722458 
 353      29C11A
 354 0e99 892F174D 		.ascii	"\211/\027M\325\231J\247\272\002\033>\023s\303O\010E"
 354      D5994AA7 
 354      BA021B3E 
 354      1373C34F 
 354      0845
 355 0eab AA06E89E 		.ascii	"\252\006\350\236L\023H\257\036\0072\325\276|\231\015"
 355      4C1348AF 
 355      1E0732D5 
 355      BE7C990D 
 356 0ebb A15486A3 		.ascii	"\241T\206\243\032$\335\0041T\364\246\012U\237\305\022"
 356      1A24DD04 
 356      3154F4A6 
 356      0A559FC5 
 356      12
 357 0ecc CCB5BB84 		.ascii	"\314\265\273\204\353Sf\320'\303\316\012\323$\255;\235"
 357      EB5366D0 
 357      27C3CE0A 
 357      D324AD3B 
 357      9D
 358 0edd B75D2D7B 		.ascii	"\267]-{3\303#m\336\331\370\263\274C\262\272+\315\245"
 358      33C3236D 
 358      DED9F8B3 
 358      BC43B2BA 
 358      2BCDA5
 359 0ef0 B2C5ED4C 		.ascii	"\262\305\355L\362\031\327\254\315\3077\033v\325\345"
 359      F219D7AC 
 359      CDC7371B 
 359      76D5E5
 360 0eff FA0F2AB9 		.ascii	"\372\017*\271<\\\276^p/\233\307X.\217\261\312\023Y\215"
 360      3C5CBE5E 
 360      702F9BC7 
 360      582E8FB1 
 360      CA13598D 
 361 0f13 DAF9C376 		.ascii	"\332\371\303v\032\347\345\213\247om\257n\347w\320\221"
 361      1AE7E58B 
 361      A76F6DAF 
 361      6EE777D0 
 361      91
 362 0f24 C0FD13DF 		.ascii	"\300\375\023\337K\352H\036\035\251\272u\261\316\241"
 362      4BEA481E 
 362      1DA9BA75 
 362      B1CEA1
 363 0f33 8EECA423 		.ascii	"\216\354\244#\215\257\226\034o\247\216\344\323\221\307"
 363      8DAF961C 
 363      6FA78EE4 
 363      D391C7
 364 0f42 0B973E69 		.ascii	"\013\227>iu\243\271\033\355\334\305\325yU\225\366\\"
 364      75A3B91B 
 364      EDDCC5D5 
 364      795595F6 
 364      5C
 365 0f53 D6F5DDAD 		.ascii	"\326\365\335\255{k\017\003\374S\311\205\225\353\304"
 365      7B6B0F03 
ARM GAS  /tmp/ccsmALuX.s 			page 29


 365      FC53C985 
 365      95EBC4
 366 0f62 9EB67F86 		.ascii	"\236\266\177\2066\205\255\307yj)\314%P\2563\331\252"
 366      3685ADC7 
 366      796A29CC 
 366      2550AE33 
 366      D9AA
 367 0f74 95C2DC2B 		.ascii	"\225\302\334+\032\344\272h\204\324\350\333\267\243\032"
 367      1AE4BA68 
 367      84D4E8DB 
 367      B7A31A
 368 0f83 648D89CB 		.ascii	"d\215\211\313\012\235\313\005\015\322`\342R\257\357"
 368      0A9DCB05 
 368      0DD260E2 
 368      52AFEF
 369 0f92 8A72B769 		.ascii	"\212r\267i\230<\023\233\355:\233\313\032\244"
 369      983C139B 
 369      ED3A9BCB 
 369      1AA4
 370 0fa0 D6C4E686 		.ascii	"\326\304\346\206\201\315E\015Sg\302\374\240+|I\203\374"
 370      81CD450D 
 370      5367C2FC 
 370      A02B7C49 
 370      83FC
 371 0fb2 68872841 		.ascii	"h\207(A[\227\247\004\3555\021.\333-WP[\363\364\037\342"
 371      5B97A704 
 371      ED35112E 
 371      DB2D5750 
 371      5BF3F41F 
 372 0fc7 F24D5AEF 		.ascii	"\362MZ\3574,\001\373\362\364l\337bBm\322m;\256)u\307"
 372      342C01FB 
 372      F2F46CDF 
 372      62426DD2 
 372      6D3BAE29 
 373 0fdd 24EE96BE 		.ascii	"$\356\226\276\273,2H\333`\342\223cX\254\367pF\210\331"
 373      BB2C3248 
 373      DB60E293 
 373      6358ACF7 
 373      704688D9 
 374 0ff1 61F7A3B2 		.ascii	"a\367\243\262\016o\311\303u\030\031\315\224`\017"
 374      0E6FC9C3 
 374      751819CD 
 374      94600F
 375 1000 03F1D5C6 		.ascii	"\003\361\325\306\364\223gS\245*n5\201l\373\314*\342"
 375      F4936753 
 375      A52A6E35 
 375      816CFBCC 
 375      2AE2
 376 1012 CA3471EB 		.ascii	"\3124q\353L\230\265\006\007\324\033\034p\311d\335EQ"
 376      4C98B506 
 376      07D41B1C 
 376      70C964DD 
 376      4551
 377 1024 30EF16B6 		.ascii	"0\357\026\266J\260\005?6KL+\200S\022\034\221\000c\274"
 377      4AB0053F 
 377      364B4C2B 
 377      8053121C 
ARM GAS  /tmp/ccsmALuX.s 			page 30


 377      910063BC 
 378 1038 5082C312 		.ascii	"P\202\303\022\024HP\205=\212\004\025\022\234\221\340"
 378      14485085 
 378      3D8A0415 
 378      129C91E0 
 379 1048 9004C725 		.ascii	"\220\004\307%8*\301>\011\312$8!\301A\011NJP)\301~\011"
 379      382AC13E 
 379      09CA2438 
 379      21C14109 
 379      4E4A5029 
 380 105f 0E48502C 		.ascii	"\016HP,\3011\011\212$\330\2132%\370^\202\323j\231\334"
 380      C131098A 
 380      24D88B32 
 380      25F85E82 
 380      D36A99DC 
 381 1073 6FF0E666 		.ascii	"o\360\346f\373\254(\252\2377\250\336h\217]>w5\332\334"
 381      FBAC28AA 
 381      9F37A8DE 
 381      688F5D3E 
 381      7735DADC 
 382 1087 DDB4C7A5 		.ascii	"\335\264\307\245RK5\310z\273\233\230\003\232\216\345"
 382      524B35C8 
 382      7ABB9B98 
 382      039A8EE5 
 383 1097 15B049C9 		.ascii	"\025\260I\311\302-\001c\243\356\304\357\352!PmP\347"
 383      C22D0163 
 383      A3EEC4EF 
 383      EA21506D 
 383      50E7
 384 10a9 B63D4E94 		.ascii	"\266=N\224\237\2436\347\261.h\223\004\263\231\037y\221"
 384      9FA336E7 
 384      B12E6893 
 384      04B3991F 
 384      7991
 385 10bb 349EF034 		.ascii	"4\236\3604\250\341\275G\202m\222mF\324\237\342\014\322"
 385      A8E1BD47 
 385      826D926D 
 385      46D49FE2 
 385      0CD2
 386 10cd 36DA038E 		.ascii	"6\332\003\216\263\332k\360\3436{\031\241\307\031\265"
 386      B3DA6BF0 
 386      E3367B19 
 386      A1C719B5 
 387 10dd ACC86EA8 		.ascii	"\254\310n\250\250?\336>\3226\325g\377\337N5-\336\313"
 387      A83FDE3E 
 387      D236D567 
 387      FFDF4E35 
 387      2DDECB
 388 10f0 0F1BCE40 		.ascii	"\017\033\316@\316\351\012V\363jzc\341\346\242\366\357"
 388      CEE90A56 
 388      F36A7A63 
 388      E1E6A2F6 
 388      EF
 389 1101 57B3A3DC 		.ascii	"W\263\243\334\223\371=K\247d\177\201\267\340\002;g\327"
 389      93F93D4B 
 389      A7647F81 
 389      B7E0023B 
ARM GAS  /tmp/ccsmALuX.s 			page 31


 389      67D7
 390 1113 F691EA51 		.ascii	"\366\221\352QH1?B\010\004\221\207\335\0052\343]\201"
 390      48313F42 
 390      08049187 
 390      DD0532E3 
 390      5D81
 391 1125 2C40DA88 		.ascii	",@\332\210T\214t\026\3516\322\364\036\3109\274\366e"
 391      548C7416 
 391      E936D2F4 
 391      1EC839BC 
 391      F665
 392 1137 D653A2EF 		.ascii	"\326S\242\357\376\233\237\355\230S\035\274uO 0\253\013"
 392      FE9B9FED 
 392      98531DBC 
 392      754F2030 
 392      AB0B
 393 1149 6D94AF4B 		.ascii	"m\224\257KP\337\312\302\333tw\365\354\366\271\001\302"
 393      50DFCAC2 
 393      DB7477F5 
 393      ECF6B901 
 393      C2
 394 115a B6520C62 		.ascii	"\266R\014b\330J\361\335\307\235\322\351\201\016\223"
 394      D84AF1DD 
 394      C79DD2E9 
 394      810E93
 395 1169 C228E2AA 		.ascii	"\302(\342\252\025\301\003\356\366\224\031\201\016S\303"
 395      15C103EE 
 395      F6941981 
 395      0E53C3
 396 1178 D8AB0636 		.ascii	"\330\253\00661J\356>\325\271\324X\271,\025\355{\370"
 396      314AEE3E 
 396      D5B9D458 
 396      B92C15ED 
 396      7BF8
 397 118a 1B0C844E 		.ascii	"\033\014\204N\251\225\340G\011~\220\340\246\004\015"
 397      A995E047 
 397      097E90E0 
 397      A6040D
 398 1199 12D42939 		.ascii	"\022\324)9\225\333\2543\274leX\304\336\204\332\270\371"
 398      95DBAC33 
 398      BC6C6558 
 398      C4DE84DA 
 398      B8F9
 399 11ab 427DA87E 		.ascii	"B}\250~\336\204\220\213\022?fk\224\224\267\234\356\367"
 399      DE84908B 
 399      123F666B 
 399      9494B79C 
 399      EEF7
 400 11bd 10C8E4F7 		.ascii	"\020\310\344\367\004\222\361\236\362kr\030\331\362\036"
 400      0492F19E 
 400      F26B7218 
 400      D9F21E
 401 11cc 3EEBB8B5 		.ascii	">\353\270\265p\327\232P\266\206\321t\231\273v\310\202"
 401      70D79A50 
 401      B686D174 
 401      99BB76C8 
 401      82
ARM GAS  /tmp/ccsmALuX.s 			page 32


 402 11dd 49B89996 		.ascii	"I\270\231\226\340\226\004\367u>\266\255\304]\211Vc\270"
 402      E09604F7 
 402      753EB6AD 
 402      C45D8956 
 402      63B8
 403 11ef C350F48D 		.ascii	"\303P\364\215\033\011\356!V\202Gj)\230}h^8\345\205\375"
 403      1B09EE21 
 403      5682476A 
 403      29987D68 
 403      5E38E585 
 404 1204 E36D8632 		.ascii	"\343m\2062O\011\225\226\256I\273d\222\366\320\220.\313"
 404      4F099596 
 404      AE49BB64 
 404      92F6D090 
 404      2ECB
 405 1216 14360745 		.ascii	"\0246\007Eh2\261\271 )\211\260\347=\366\322C\336\352"
 405      6832B1B9 
 405      202989B0 
 405      E73DF6D2 
 405      43DEEA
 406 1229 1A39D2A6 		.ascii	"\0329\322\246\340\343\326\025\244\207\033\223/d\032"
 406      E0E3D615 
 406      A4871B93 
 406      2F641A
 407 1238 BAEE273A 		.ascii	"\272\356':\347f\036\301K\036\224\325\031\372\227M:\340"
 407      E7661EC1 
 407      4B1E94D5 
 407      19FA974D 
 407      3AE0
 408 124a 29079C79 		.ascii	")\007\234y5\343\256\341\320\255^?\257y&)q}U\346Gi29"
 408      35E3AEE1 
 408      D0AD5E3F 
 408      AF792629 
 408      717D55E6 
 409 1262 84CEAF61 		.ascii	"\204\316\257a\232\336:T_\321\336\376C\361K\311\360\216"
 409      9ADE3A54 
 409      5FD1DEFE 
 409      43F14BC9 
 409      F08E
 410 1274 1CF9E13D 		.ascii	"\034\371\341=\345\324M&\367\360\311\027\312e\231L&\367"
 410      E5D44D26 
 410      F7F0C917 
 410      CA65994C 
 410      26F7
 411 1286 145EFB7B 		.ascii	"\024^\373{\327tY\377\275k\016\303\255\\\274\254\031"
 411      D77459FF 
 411      BD6B0EC3 
 411      AD5CBCAC 
 411      19
 412 1297 ACBF77CD 		.ascii	"\254\277w\315\220\215H~L'\363\004$deO.\252\035\265\260"
 412      908D487E 
 412      4C27F304 
 412      2464654F 
 412      2EAA1DB5 
 413 12ac EA746DAB 		.ascii	"\352tm\253\007@sez\0004G\246\333\233o\252ZD=\370^ae"
 413      07407365 
 413      7A003447 
ARM GAS  /tmp/ccsmALuX.s 			page 33


 413      A6DB9B6F 
 413      AA5A443D 
 414 12c4 94F9DB39 		.ascii	"\224\371\3339\363d\006\024\310z\246\312\364\342\037"
 414      F3640614 
 414      C87AA6CA 
 414      F4E21F
 415 12d3 4F8438AE 		.ascii	"O\2048\256\266i7?#\224\311\3666\214\374\306`\344n\206"
 415      B669373F 
 415      2394C9F6 
 415      368CFCC6 
 415      60E46E86 
 416 12e7 5BBCECEC 		.ascii	"[\274\354\354\311\360\220\253f#\027\311&dY\033\034\227"
 416      C9F090AB 
 416      662317C9 
 416      2664591B 
 416      1C97
 417 12f9 1A70950C 		.ascii	"\032p\225\014\267\254~\303\212P\253\333\322e#\222\373"
 417      B7AC7EC3 
 417      8A50ABDB 
 417      D2652392 
 417      FB
 418 130a 2B8AD4F4 		.ascii	"+\212\324\364\304Z\214\324\204\324\2024\365}\366\233"
 418      C45A8CD4 
 418      84D48234 
 418      F57DF69B 
 419 131a ECC1356B 		.ascii	"\354\3015k\332\351\261Q\240\327\274l\352\221y\357\013"
 419      DAE9B151 
 419      A0D7BC6C 
 419      EA9179EF 
 419      0B
 420 132b 241D692D 		.ascii	"$\035i-\322V\244\335H\337!\235@\252B\272\214T\373\276"
 420      D256A4DD 
 420      48DF219D 
 420      40AA42BA 
 420      8C54FBBE 
 421 133f 92AA22A9 		.ascii	"\222\252\"\251\243<\273\337yrn\\O\313+u\264\000^\270"
 421      A33CBBDF 
 421      79726E5C 
 421      4FCB2B75 
 421      B4005EB8 
 422 1353 3BE744BB 		.ascii	";\347D\273,^\000\263eX!C\256\334\332\273\033M\033\326"
 422      2C5E00B3 
 422      65582143 
 422      AEDCDABB 
 422      1B4D1BD6 
 423 1367 CE602510 		.ascii	"\316`%\020\265\311a \333\233+\005\207x\255A\304z\013"
 423      B5C96120 
 423      DB9B2B05 
 423      8778AD41 
 423      C47A0B
 424 137a C254BB36 		.ascii	"\302T\2736\311\374\355\252\\\346\217}2\354\222a\253"
 424      C9FCEDAA 
 424      5CE68F7D 
 424      32EC9261 
 424      AB
 425 138b 0CDB64C8 		.ascii	"\014\333d\310\223a\207\014\333e\310\227a?\336\225a\213"
 425      9361870C 
ARM GAS  /tmp/ccsmALuX.s 			page 34


 425      DB65C897 
 425      613FDE95 
 425      618B
 426 139d 0C0532EC 		.ascii	"\014\0052\354\224a\257\014{d\245\250\225\337DA\223\303"
 426      9461AF0C 
 426      7B64A5A8 
 426      95DF4441 
 426      93C3
 427 13af E80FC96B 		.ascii	"\350\017\311k\230\240V\216\317\312t\314Z\023\306p\346"
 427      98A0568E 
 427      CFCA74CC 
 427      5A13C670 
 427      E6
 428 13c0 B45F5778 		.ascii	"\264_Wx\235Ea\245\036\337\232\306k6\006\346r\223g\214"
 428      9D4561A5 
 428      1EDF9AC6 
 428      6B3606E6 
 428      7293678C 
 429 13d4 6F991DD3 		.ascii	"o\231\035\323E\255\266\253\2438'K\227\265\301\"\213"
 429      45ADB6AB 
 429      A338274B 
 429      97B5C122 
 429      8B
 430 13e5 2F2035BA 		.ascii	"/ 5\272\250\225\366I\340F\315=\2421\331l`b|-\256Ag\223"
 430      A895F649 
 430      E046CD3D 
 430      A231D96C 
 430      60627C2D 
 431 13fd 65D798B3 		.ascii	"e\327\230\263\231=C\303|k\302\350\333\321\334L]\337"
 431      993D43C3 
 431      7C6BC2E8 
 431      DBD1DC4C 
 431      5DDF
 432 140f 8D167D39 		.ascii	"\215\026}9\340\274\016Xe\000h\357\273m\373\200\355\213"
 432      E0BC0E58 
 432      650068EF 
 432      BB6DFB80 
 432      ED8B
 433 1421 16A6AD0A 		.ascii	"\026\246\255\012\212\264\316=\024\312\177\337\354\323"
 433      8AB4CE3D 
 433      14CA7FDF 
 433      ECD3
 434 142f F7089E14 		.ascii	"\367\010\236\024gE\350%\243H\206e2\357\265\016\310\312"
 434      6745E825 
 434      A3488665 
 434      32EFB50E 
 434      C8CA
 435 1441 7A55F881 		.ascii	"zU\370\201@J\231\3709\227\257=\213\240e\243\255\327"
 435      404A99F8 
 435      3997AF3D 
 435      8BA065A3 
 435      ADD7
 436 1453 9F3B427B 		.ascii	"\237;B{\226+u\0029\216O\236A\272\2154\351C\\\361\220"
 436      962B7502 
 436      398E4F9E 
 436      41BA8D34 
 436      E9435CF1 
ARM GAS  /tmp/ccsmALuX.s 			page 35


 437 1468 D620E523 		.ascii	"\326 \345#\025#\225#\235F:\217T\213t\037)\320\013%u"
 437      15239523 
 437      9D463A8F 
 437      548B741F 
 437      29D00B25 
 438 147d 7D7EE440 		.ascii	"}~\344@m\250y_G\263f\356\315\351j\326\234\222\241\306"
 438      6DA8795F 
 438      47B366EE 
 438      CDE96AD6 
 438      9C92A1C6 
 439 1491 EA25EAC8 		.ascii	"\352%\352\310\226R\315\221G\254\020%x.\350\220c\006"
 439      9652CD91 
 439      47AC1025 
 439      782EE890 
 439      6306
 440 14a3 88E1CDB3 		.ascii	"\210\341\315\263\273:\342\250\225\211\262\235\321\021"
 440      BB3AE2A8 
 440      9589B29D 
 440      D111
 441 14b1 C72D3C14 		.ascii	"\307-<\024)\263\365\031=l\345\241\2109\24039ia\302\245"
 441      29B3F519 
 441      3D6CE5A1 
 441      8839A033 
 441      396961C2 
 442 14c6 94EB8013 		.ascii	"\224\353\200\023\026\000\017\363F\035Pn\001(YyYGTZ\020"
 442      16000FF3 
 442      461D506E 
 442      01285979 
 442      5947545A 
 443 14db 7A178131 		.ascii	"z\027\2011tP\206R\231n\377X \235\227\341\202\014\347"
 443      74508652 
 443      996EFF58 
 443      209D97E1 
 443      820CE7
 444 14ee 64A892E1 		.ascii	"d\250\222\341\222\014Wd\270(\303e\\Ld\\G\341\214\214"
 444      920C5764 
 444      B828C365 
 444      5C4C645C 
 444      47E18C8C 
 445 1502 CB289C56 		.ascii	"\313(\234V\013\310m]\304\367\026\021\312\321y\235\216"
 445      0BC86D5D 
 445      C4F71611 
 445      CAD1799D 
 445      8E
 446 1513 A8B02094 		.ascii	"\250\260 \224\343\367\247:\242\314\352\255\276X\240"
 446      E3F7A73A 
 446      A2CCEAAD 
 446      BE58A0
 447 1522 6954882F 		.ascii	"iT\210/\312\013\013\264\037\0145\235\341\232\374\277"
 447      CA0B0BB4 
 447      1F0C359D 
 447      E19AFCBF 
 448 1532 AB35C961 		.ascii	"\2535\311a\374Z{A\246VV^\220\331\316 \227\036]\235\032"
 448      FC5A7B41 
 448      A656565E 
 448      90D9CE20 
 448      971E5D9D 
ARM GAS  /tmp/ccsmALuX.s 			page 36


 449 1547 613E31BC 		.ascii	"a>1\274)k \372\252\310\326\015[%}u\371\301Pid\245\363"
 449      296B20FA 
 449      AAC8D60D 
 449      5B257D75 
 449      F9C15069 
 450 155e A8E50B7A 		.ascii	"\250\345\013z\366\307\244\220\362\354~\"\177\356Z\307"
 450      F6C7A490 
 450      F2EC7E22 
 450      7FEE5AC7 
 451 156e 6B7E51C1 		.ascii	"k~Q\301\244\256\227\241\216\316D#\263\351\276\014\315"
 451      A4AE97A1 
 451      8ECE4423 
 451      B3E9BE0C 
 451      CD
 452 157f 3234C970 		.ascii	"24\311p[\206g2\334\225\3411&\250\014Odx \303\035\031"
 452      5B866732 
 452      DC95E131 
 452      26A80C4F 
 452      647820C3 
 453 1595 1EC9F054 		.ascii	"\036\311\360T\206\2072\334\243\226]c/\301|W\370\233"
 453      868732DC 
 453      A3965D63 
 453      2FC17C57 
 453      F89B
 454 15a7 D22901BA 		.ascii	"\322)\001\272GZ \303|\231\262R\265\232%\253=_\356\225"
 454      475A20C3 
 454      7C99B252 
 454      B59A25AB 
 454      3D5FEE95 
 455 15bb D50156B8 		.ascii	"\325\001V\270\016\310P\3140j\352\033_2\274;E\253nSL"
 455      0EC850CC 
 455      306AEA1B 
 455      5F32BC3B 
 455      45AB6E53 
 456 15d0 8C26C95A 		.ascii	"\214&\311Z\2306(\223\227!\303\022\206Q^a\2259\233k\264"
 456      98362893 
 456      9721C312 
 456      86515E61 
 456      95399B6B 
 457 15e5 BE299012 		.ascii	"\276)\220\022d`\200\350?84\315\2346\237u\227\243\241"
 457      646080E8 
 457      3F3834CD 
 457      9C369F75 
 457      97A3A1
 458 15f8 C124A745 		.ascii	"\301$\247E\322\223N\321\345G\031n\2300\372\326\342\316"
 458      D2934ED1 
 458      E547196E 
 458      9830FAD6 
 458      E2CE
 459 160a 8D79AC42 		.ascii	"\215y\254B\314\224a\232A\316TY_z_N\231\301\004\241E"
 459      CC94619A 
 459      41CE5459 
 459      5F7A5F4E 
 459      99C104A1 
 460 161f 2F242397 		.ascii	"/$#\227\347\222\016j\2761O\005M\266\233\255\030\245"
 460      E7920E6A 
 460      BE314F05 
ARM GAS  /tmp/ccsmALuX.s 			page 37


 460      4DB69BAD 
 460      18A5
 461 1631 66DF6219 		.ascii	"f\337b\031\026Z\355\306\270\246>\276\255\370x\236\014"
 461      165AEDC6 
 461      B8A63EBE 
 461      ADF8789E 
 461      0C
 462 1642 B31944ED 		.ascii	"\263\031D\355\310f\311\372~\266\232\202\220\317u\031"
 462      C866C9FA 
 462      7EB69A82 
 462      90CF7519 
 463 1652 0E31909A 		.ascii	"\0161\220\232\214\372\332\331\324\242k\035\220mZ\363"
 463      8CFADAD9 
 463      D4A26B1D 
 463      906D5AF3 
 464 1662 26BEEE06 		.ascii	"&\276\356\006k\342q>3M\363\251\036\374`\270n\177\225"
 464      6BE2713E 
 464      334DF3A9 
 464      1EFC60B8 
 464      6E7F95
 465 1675 738C445A 		.ascii	"s\214DZ\203\215\276\364\365w\205\033\375_2n\327\255"
 465      838DBEF4 
 465      F577851B 
 465      FD5F326E 
 465      D7AD
 466 1687 34B4572D 		.ascii	"4\264W-\006\315d\376&QE\372\215\366:\240Zo\336_p\300"
 466      06CD64FE 
 466      265145FA 
 466      8DF63AA0 
 466      5A6FDE5F 
 467 169d 9D8BCDBB 		.ascii	"\235\213\315\273\015)4S\007\274\344\2005\015u\017\014"
 467      0D293453 
 467      07BCE480 
 467      350D750F 
 467      0C
 468 16ae 87D955FA 		.ascii	"\207\331U\372\3531\2578 ?\177\362\"\303\233\331\325"
 468      EB31AF38 
 468      203F7FF2 
 468      22C39BD9 
 468      D5
 469 16bf 3A201084 		.ascii	": \020\204\251\\\312R\371aA\321\376\020\203\351\312"
 469      A95CCA52 
 469      F96141D1 
 469      FE1083E9 
 469      CA
 470 16d0 FFA93029 		.ascii	"\377\2510)\350\377\344\377T@\276k\253\012\317\033\324"
 470      E8FFE4FF 
 470      5440BE6B 
 470      AB0ACF1B 
 470      D4
 471 16e1 9F1CA409 		.ascii	"\237\034\244\011\237\022\304\000\213\027-(1hwL\327n"
 471      9F12C400 
 471      8B172D28 
 471      3168774C 
 471      D76E
 472 16f3 2A077CB7 		.ascii	"*\007|\267\261\341\214\301\205Gu\3004\004\010\243?\376"
 472      B1E18CC1 
ARM GAS  /tmp/ccsmALuX.s 			page 38


 472      854775C0 
 472      340408A3 
 472      3FFE
 473 1705 383AC53D 		.ascii	"8:\305=6:\305\237\320\267O\364\210\221_\366\355\343"
 473      363AC59F 
 473      D0B74FF4 
 473      88915FF6 
 473      EDE3
 474 1717 1C35E20F 		.ascii	"\0345\342\017\177r\016\366\306\370\\\276\211\321\261"
 474      7F720EF6 
 474      C6F85CBE 
 474      89D1B1
 475 1726 49090949 		.ascii	"I\011\011I\211\321\251)1\023\234\014\344t{\306yc=\316"
 475      89D1A929 
 475      31139C0C 
 475      E4747BC6 
 475      79633DCE 
 476 173a D8A444BF 		.ascii	"\330\244D\277/)>\336\343K\211N\235\340t\307\272\225"
 476      2F293EDE 
 476      E34B894E 
 476      9DE074C7 
 476      BA95
 477 174c FBDE44AF 		.ascii	"\373\336D\257\337\353\212\367\376\215b\022\222\343="
 477      DFEB8AF7 
 477      FE8D6212 
 477      92E33D
 478 175b 7ECFC7B1 		.ascii	"~\317\307\261!\177\0342\252{\377O~/\004\247z\023\375"
 478      217F1C32 
 478      AA7BFF4F 
 478      7E2F04A7 
 478      7A13FD
 479 176e 9F3AFD21 		.ascii	"\237:\375!\364\363\223\3379\375=\360\341\224x\3278\217"
 479      F4F393DF 
 479      39FD3DF0 
 479      E19478D7 
 479      388F
 480 1780 D393E84E 		.ascii	"\323\223\350NN\302Q\247\337\347JL\211\363\370\234>\317"
 480      4EC251A7 
 480      DFE74A4C 
 480      89F3F89C 
 480      3ECF
 481 1792 5F533D29 		.ascii	"_S=)\376\2174\210\365\016\212t\371SS\234\311c\\)\036"
 481      FE8F3488 
 481      F50E8A74 
 481      F953539C 
 481      C9635C29 
 482 17a7 A7777462 		.ascii	"\247wtb\222\317#\217\032<t\310\037\337i\343\031\217"
 482      92CF238F 
 482      1A3C74C8 
 482      1FDF69E3 
 482      198F
 483 17b9 3F35591E 		.ascii	"?5Y\036\325\377\213~\303\337{=*.\311\207V\376->\371"
 483      D5FF8B7E 
 483      C3DF7B3D 
 483      2A2EC987 
 483      56FE2D3E 
 484 17ce DDD7     		.ascii	"\335\327"
ARM GAS  /tmp/ccsmALuX.s 			page 39


 485 17d0 63FCDE04 		.ascii	"c\374\336\004OR\252\277-Y\250\237\247\015\375\025\017"
 485      4F52AABF 
 485      2D59A89F 
 485      A70DFD15 
 485      0F
 486 17e1 7993129D 		.ascii	"y\223\022\235q\251\211\261\364K\227Q\177r\216\030\334"
 486      71A989B1 
 486      F44B9751 
 486      7F728E18 
 486      DC
 487 17f2 EFAB81CE 		.ascii	"\357\253\201\316\221\303\373\015\031\361\371\300\341"
 487      91C3FB0D 
 487      19F1F9C0 
 487      E1
 488 17ff CE112387 		.ascii	"\316\021#\207\217\352?\262\0151\314\376_\375,1\261I"
 488      8FEA3FB2 
 488      0D31CCFE 
 488      5FFD2C31 
 488      B149
 489 1811 EEB690DA 		.ascii	"\356\266\220\332@\274'q\264\177\314o^\217\364&Z\301"
 489      40BC2771 
 489      B47FCC6F 
 489      5E8FF426 
 489      5AC1
 490 1823 1FBE1EEC 		.ascii	"\037\276\036\354\212\365\247\272\342\025\334?\274\036"
 490      8AF5A7BA 
 490      E215DC3F 
 490      BC1E
 491 1831 A77C7ADC 		.ascii	"\247|z\334\012\364\3436lJ\365\371<\030-n\227\337\345"
 491      0AF4E336 
 491      6C4AF5F9 
 491      3C182D6E 
 491      97DFE5
 492 1844 6481E3F1 		.ascii	"d\201\343\361}\360z\270\021\326\343\36505\010\365Y\030"
 492      7DF07AB8 
 492      11D6E3F5 
 492      303508F5 
 492      5918
 493 1856 3864C0B0 		.ascii	"8d\300\260\241\203\206\214Tf\241[\033\276\233\230\354"
 493      A183868C 
 493      5466A15B 
 493      1BBE9B98 
 493      EC
 494 1867 E9FE53B1 		.ascii	"\351\376S\261\372\373\350\204D\177tl\264?!9\332\355"
 494      FAFBE884 
 494      447F746C 
 494      B43F2139 
 494      DAED
 495 1879 4D8E4F4A 		.ascii	"M\216OJ\030\353\212\306LJ\366\306\366\376\344#\226B"
 495      18EB8AC6 
 495      4C4AF6C6 
 495      F6FEE423 
 495      9642
 496 188b A9BFFD08 		.ascii	"\251\277\375\010\363\355#L\264\261^\377Gq\343\243]\311"
 496      F3ED234C 
 496      B4B15EFF 
 496      4771E3A3 
ARM GAS  /tmp/ccsmALuX.s 			page 40


 496      5DC9
 497 189d C9C23FFE 		.ascii	"\311\302?\376\314L\215\305\024\210\366&\306\322\244"
 497      CC4C8DC5 
 497      1488F626 
 497      C6D2A4
 498 18ac 74257B3F 		.ascii	"t%{?\036#t\261g\030\317\34175\033\007\014\374jP\377"
 498      1E2374B1 
 498      6718CFE1 
 498      37351B07 
 498      0CFC6A50 
 499 18c1 818A856F 		.ascii	"\201\212\205o\331\361\314kq\256X\317/\264G\320#\003"
 499      D9F1CC6B 
 499      71AE58CF 
 499      2FB447D0 
 499      2303
 500 18d3 877FDE4F 		.ascii	"\207\177\336O{\352\035\373S\211\236\011\272C\273\266"
 500      7BEA1DFB 
 500      53899E09 
 500      BA43BBB6 
 501 18e3 A6454AAC 		.ascii	"\246EJ\254\317\233\354O\362\265sb\301\030\235\350L\301"
 501      CF9BEC4F 
 501      F2B57362 
 501      C1189DE8 
 501      4CC1
 502 18f5 AA111A33 		.ascii	"\252\021\0323\210J\033\347\212\017\037\377\245k\302"
 502      884A1BE7 
 502      8A0F1FFF 
 502      A56BC2
 503 1904 3057EC58 		.ascii	"0W\354X\217\177\004\336\010\0325\342\213\241\303G\206"
 503      8F7F04DE 
 503      081A35E2 
 503      8BA1C347 
 503      86
 504 1915 C524F4F3 		.ascii	"\305$\364\363\373}\336\230T\277'\245C\314@\205[?\267"
 504      FB7DDE98 
 504      54BF27A5 
 504      43CC4085 
 504      5B3FB7
 505 1928 DBE74949 		.ascii	"\333\347II\211\210\031\240q\035\211\363\021\0343\230"
 505      898819A0 
 505      711D89F3 
 505      111C3398 
 506 1938 05D2DBA8 		.ascii	"\005\322\333\250\2706\223\003\006\216\350?|\320\260"
 506      B8369303 
 506      068EE83F 
 506      7CD0B0
 507 1947 9143D5D4 		.ascii	"\221C\325\324\212\262+\347qw\266\017\262tn\305\237|"
 507      8AB22BE7 
 507      7177B60F 
 507      B2746EC5 
 507      9F7C
 508 1959 6AA551C8 		.ascii	"j\245Q\310<\312\345K\030\367\351G\011\037'\270\274\211"
 508      3CCAE54B 
 508      18F7E947 
 508      091F27B8 
 508      BC89
 509 196b BF76A724 		.ascii	"\277v\247$\377:.Yh\207\263\342\367L\370(\241o_\341]"
ARM GAS  /tmp/ccsmALuX.s 			page 41


 509      FF3A2E59 
 509      6887B3E2 
 509      F74CF828 
 509      A16F5FE1 
 510 1980 E74F95CB 		.ascii	"\347O\225\3131\377\237\212\262\020\361E\277\301\316"
 510      31FF9F8A 
 510      B210F145 
 510      BFC1CE
 511 198f 61FD0738 		.ascii	"a\375\0078\007\016s\016M\366$\276A\277\177\341Jt\307"
 511      070E730E 
 511      4DF624BE 
 511      41BF7FE1 
 511      4A74C7
 512 19a2 7BA8EF06 		.ascii	"{\250\357\006x\342\336\240\210\021\314:e\344\237\354"
 512      78E2DEA0 
 512      8811CC3A 
 512      65E49FEC 
 513 19b2 CA8DFAED 		.ascii	"\312\215\372\355\204\011N\012\034\340\363\216\363\370"
 513      84094E0A 
 513      1CE0F38E 
 513      F3F8
 514 19c0 A20761F4 		.ascii	"\242\007a\364)\201\2147\306`\336'\307\2721\020;\030"
 514      29818C37 
 514      C660DE27 
 514      C7BA3110 
 514      3B18
 515 19d2 C47D1E9F 		.ascii	"\304}\036\237\2322\246+uE\252\337\033\357\365O4D\203"
 515      9A32A62B 
 515      7545AADF 
 515      1BEFF54F 
 515      344483
 516 19e5 33D9E54B 		.ascii	"3\331\345K\361\374\353\337\021\360\012/\224\365\001"
 516      F1FCEBDF 
 516      11F00A2F 
 516      94F501
 517 19f4 659D3211 		.ascii	"e\2352\021KI\202\352\034\203\200\024\277/\025+\222\317"
 517      4B4982EA 
 517      1C838014 
 517      BF2F152B 
 517      92CF
 518 1a06 F32F7F87 		.ascii	"\363/\177\207\020\316\225\332c\220\301\002\342}\313"
 518      10CE95DA 
 518      6390C102 
 518      E27DCB
 519 1a15 B52A791C 		.ascii	"\265*y\034\006J\222V\010\336\261\242b\307\270\022G{"
 519      064A9256 
 519      08DEB1A2 
 519      62C7B812 
 519      477B
 520 1a27 B405C076 		.ascii	"\264\005\300v_\325?.\325\231\200\325\273W\033\367Y\200"
 520      5FD53F2E 
 520      D59980D5 
 520      BB571BF7 
 520      5980
 521 1a39 3A135CB1 		.ascii	":\023\\\261c\274\211m\002\265\352DS\356Wm\000\335\036"
 521      63BC896D 
 521      02B5EA44 
ARM GAS  /tmp/ccsmALuX.s 			page 42


 521      53EE576D 
 521      00DD1E
 522 1a4c 3F725397 		.ascii	"?rS\227\272\017\333@\306\272\222]1\324\377^O\212\315"
 522      BA0FDB40 
 522      C6BA925D 
 522      31D4FF5E 
 522      4F8ACD
 523 1a5f 133E4F42 		.ascii	"\023>OB\022j6\3365\326\223\232\214\211\343\212\211\367"
 523      126A36DE 
 523      35D6939A 
 523      8C89E38A 
 523      89F7
 524 1a71 B86D0A9A 		.ascii	"\270m\012\232Q\032\303\211oY\201\311I\343\251\356\324"
 524      511AC389 
 524      6F5981C9 
 524      49E3A9EE 
 524      D4
 525 1a82 DA4ED67B 		.ascii	"\332N\326{)\311\036\217\333\246\200V\302\234\261\361"
 525      29C91E8F 
 525      DBA68056 
 525      C29CB1F1 
 526 1a92 AE9414A7 		.ascii	"\256\224\024\247\313\347sM\324\327\177>\210\371\023"
 526      CBE7734D 
 526      D4D77F3E 
 526      88F913
 527 1aa1 E71D9DEA 		.ascii	"\347\035\235\352s\261\245215!\306\343{\307\202\321\031"
 527      73B1A532 
 527      313521C6 
 527      E37BC782 
 527      D119
 528 1ab3 F1FB3D5E 		.ascii	"\361\373=^{\037\303\330\225\200\231\346\353j\201\370"
 528      7B1FC3D8 
 528      958099E6 
 528      EB6A81F8 
 529 1ac3 5D2963B5 		.ascii	"])c\265\351\356d\325!\336\213\313Zg\033W461\326\363"
 529      E9EE64D5 
 529      21DE8BCB 
 529      5A671B57 
 529      343631D6 
 530 1ad8 B6651CA1 		.ascii	"\266e\034\241\276\211\032\257\267\265\362\334\177p\277"
 530      BE891AAF 
 530      B7B5F2DC 
 530      7F70BF
 531 1ae7 11239CFD 		.ascii	"\021#\234\375\207~\371e\277!\003\224*g\225\304\253V"
 531      877EF965 
 531      BF210394 
 531      2A6795C4 
 531      AB56
 532 1af9 A4653411 		.ascii	"\244e4\021u\356d\341\303\237\357\362:K\303\315p\333"
 532      75EE64E1 
 532      C39FEFF2 
 532      3A4BC3CD 
 532      70DB
 533 1b0b 6C193CDE 		.ascii	"l\031<\336\323\026@\0309q\324O\343\223|c\225U\377\355"
 533      D3164018 
 533      3971D44F 
 533      E3937C63 
ARM GAS  /tmp/ccsmALuX.s 			page 43


 533      9555FFED 
 534 1b1f 3641BFB1 		.ascii	"6A\277\261\336\215\307\364Iua\006y\3356V\2668h\025l"
 534      DE8DC7F4 
 534      49756106 
 534      79DD3656 
 534      B6386815 
 535 1b34 0B6B2C10 		.ascii	"\013k,\020\336\304\3216n\335\177\012\327\3475\371ae"
 535      DEC4D136 
 535      6EDD7F0A 
 535      D7E735F9 
 535      6165
 536 1b46 E41CE31D 		.ascii	"\344\034\343\035=\206G\352\257\177\362\021\035\373\263"
 536      3D8647EA 
 536      AF7FF211 
 536      1DFBB3
 537 1b55 D9C7A5C6 		.ascii	"\331\307\245\306\307\377\\\366:\366u\331\375\223n\260"
 537      C7FF5CF6 
 537      3AF675D9 
 537      FD936EB0 
 538 1b65 E2DE6C1D 		.ascii	"\342\336l\035\360\276\026@\312\003\352\002\212\035|"
 538      F0BE1640 
 538      CA03EA02 
 538      8A1D7C
 539 1b74 5252BC92 		.ascii	"RR\274\222P\335\332F}`\275\255\205\241\211\313;?\001"
 539      50DDDA46 
 539      7D60BDAD 
 539      85A189CB 
 539      3B3F01
 540 1b87 B3DD8FF3 		.ascii	"\263\335\217\363\372R\014\235N/\353}sm\320\027\223\020"
 540      FA520C9D 
 540      4E2FEB7D 
 540      736DD017 
 540      9310
 541 1b99 DAA4D072 		.ascii	"\332\244\320r\024\356\355o\204D\306\230.\277r\305\247"
 541      14EEED6F 
 541      8444C698 
 541      2EBF72C5 
 541      A7
 542 1baa 7AC26386 		.ascii	"z\302c\206\244&\014\322\024\011\033?2\311\357\212\347"
 542      A4260CD2 
 542      14091B3F 
 542      32C9EF8A 
 542      E7
 543 1bbb 1D4A0F4C 		.ascii	"\035J\017L\242\376C\207|>\350\217\243\206\367\0339h"
 543      A2FE4387 
 543      7C3EE88F 
 543      A386F71B 
 543      3968
 544 1bcd E8107B9B 		.ascii	"\350\020{\233b3\335\254S\212'\336\023\213\275s\367V"
 544      6233DDAC 
 544      538A27DE 
 544      138BBD73 
 544      F756
 545 1bdf 60B42DD0 		.ascii	"`\264-\320\034\371K+@\267\246#\325\320\244xJ{\357\010"
 545      1CF94B2B 
 545      40B7A623 
 545      D5D0A478 
ARM GAS  /tmp/ccsmALuX.s 			page 44


 545      4A7BEF08 
 546 1bf3 8F0F9B87 		.ascii	"\217\017\233\207!\314\257!\336a\276$7\256\236\355\275"
 546      21CCAF21 
 546      DE61BE24 
 546      37AE9EED 
 546      BD
 547 1c04 5FBA1253 		.ascii	"_\272\022S\343\\l\035\365\205\306\304\272\0070f\241"
 547      E35C6C1D 
 547      F585C6C4 
 547      BA073066 
 547      A1
 548 1c15 5EB78208 		.ascii	"^\267\202\010\361\272\277b+_D\214\251\221\353M\2334"
 548      F1BABF62 
 548      2B5F448C 
 548      A991EB4D 
 548      9B34
 549 1c27 0A459C3F 		.ascii	"\012E\234?)6)^\275\036\221\032\323\237\226\2120\345"
 549      2936295E 
 549      BD1E911A 
 549      D39F968A 
 549      30E5
 550 1c39 9A5D0421 		.ascii	"\232]\004!g\\\222\337B\367(m\252\315/\235\254\366\260"
 550      675C92DF 
 550      42F7286D 
 550      AACD2F9D 
 550      ACF6B0
 551 1c4c 85E12DEB 		.ascii	"\205\341-\353\250a\321\210\260\264\276\221\266\200\215"
 551      A861D188 
 551      B0B4BE91 
 551      B6808D
 552 1c5b 35BA11FB 		.ascii	"5\272\021\373(\275\265\302\216\306\347\036\357\362y"
 552      28BDB5C2 
 552      8EC6E71E 
 552      EFF279
 553 1c6a 3A99006A 		.ascii	":\231\000j\015\216\324Y\367\037`k\251)RQ\307\245t\254"
 553      0D8ED459 
 553      F71F606B 
 553      A9295251 
 553      C7A574AC 
 554 1c7e A67BDEA4 		.ascii	"\246{\336\244\016\346k\337_\3376\015$\371G\233V\332"
 554      0EE66BDF 
 554      5FDF360D 
 554      24F9479B 
 554      56DA
 555 1c90 AEAFD392 		.ascii	"\256\257\323\222\356F\"M7y\275\247\272\250\323\216\203"
 555      EE46224D 
 555      3779BDA7 
 555      BAA8D38E 
 555      83
 556 1ca1 A6B528CC 		.ascii	"\246\265(\314\250;\333\036\374y\304\310\201_*c\334\226"
 556      A83BDB1E 
 556      FC79C4C8 
 556      815F2A63 
 556      DC96
 557 1cb3 8F7F5693 		.ascii	"\217\177V\223\243\261\214\260p\351h\352Kq\243\347M\014"
 557      A3B18CB0 
 557      70E968EA 
ARM GAS  /tmp/ccsmALuX.s 			page 45


 557      4B71A3E7 
 557      4D0C
 558 1cc5 413760C3 		.ascii	"A7`\303\357q\377\302z\317\355\365y\264E\322\362\224"
 558      EF71FFC2 
 558      7ACFEDF5 
 558      79B445D2 
 558      F294
 559 1cd7 DB33C136 		.ascii	"\3333\3016\312\346\366\315\326FSS\272X\207\325l\240"
 559      CAE6F6CD 
 559      D6465353 
 559      BA5887D5 
 559      6CA0
 560 1ce9 76F2A9A2 		.ascii	"v\362\251\242\335\337@u\316F\376_\357\302\261e\214\260"
 560      DDDF4075 
 560      CE46FE5F 
 560      EFC2B165 
 560      8CB0
 561 1cfb 2861D695 		.ascii	"(a\326\225\315\357\370D\217/\322\244\022\327\307\201"
 561      CDEFF844 
 561      8F2FD2A4 
 561      12D7C781 
 562 1d0b 4D34861E 		.ascii	"M4\206\036m\316\303\214\267;\307\270\374XP&\3226\322"
 562      6DCEC38C 
 562      B73BC7B8 
 562      FC585026 
 562      D236D2
 563 1d1e 379AAE46 		.ascii	"7\232\256F\230\222\330\207\263\023\026|\332\357\210"
 563      9892D887 
 563      B313167C 
 563      DAEF88
 564 1d2d 4F4E50C6 		.ascii	"ONP\306\332}N+4Od\351\017\003G\014\016\035<\354K\326"
 564      DA7D4E2B 
 564      344F64E9 
 564      0F03470C 
 564      0E1D3CEC 
 565 1d43 DF7BA268 		.ascii	"\337{\242hc\256])\315\276<\202\236\225\204\016\364\371"
 565      63AE5D29 
 565      CDBE3C82 
 565      9E95840E 
 565      F4F9
 566 1d55 927CFDB1 		.ascii	"\222|\375\261\365\224\331\315\016\024j\204I\203\223"
 566      F594D9CD 
 566      0E146A84 
 566      498393
 567 1d64 62C7B2CD 		.ascii	"b\307\262\315\004\375\242\014\006\015\0355\322\351I"
 567      04FDA20C 
 567      060D1D35 
 567      D2E949
 568 1d73 6E374139 		.ascii	"n7A9 p\272c\034\354{lRj\242?D\035\016e_bR\343\342B\023"
 568      2070BA63 
 568      1CEC7B6C 
 568      526AA23F 
 568      441D0E65 
 569 1d8e 5C139259 		.ascii	"\\\023\222Y\221\010s'\245b\177H\007\261\340$'\270h\252"
 569      91087327 
 569      A5627F48 
 569      07B1E024 
ARM GAS  /tmp/ccsmALuX.s 			page 46


 569      27B868AA 
 570 1da2 7CA27EE9 		.ascii	"|\242~\351\035\312\276\320\334\011\347\273z/\233c\237"
 570      1DCABED0 
 570      DC09E7BB 
 570      7A2F9B63 
 570      9F
 571 1db3 5FA2311F 		.ascii	"_\2421\037\342e\235M|\274\354\245-\012\301\345 \214"
 571      E2659D4D 
 571      7CBCECA5 
 571      2D0AC1E5 
 571      208C
 572 1dc5 C988F3E2 		.ascii	"\311\210\363\342:\347\216ie#\335\366\006\006\237\302"
 572      3AE78E69 
 572      6523DDF6 
 572      06069FC2 
 573 1dd5 39C6C96B 		.ascii	"9\306\311k\317\367.\252o\006\015\241\346aH8\225\275"
 573      CFF72EAA 
 573      6F060DA1 
 573      E6614838 
 573      95BD
 574 1de7 A7340877 		.ascii	"\2474\010wY]bR\343\307:\215\006(\335n\344\270\230T\324"
 574      595D6252 
 574      E3C73A8D 
 574      0628DD6E 
 574      E4B89854 
 575 1dfc CC939842 		.ascii	"\314\223\230B\347\210\217\331\347\216\217\263)\343_"
 575      E7888FD9 
 575      E78E8FB3 
 575      29E35F
 576 1e0b 3BC4278D 		.ascii	";\304'\215W*\227roDR\234\3725y\314D\247\327O\327\222"
 576      572A9772 
 576      6F44529C 
 576      FA3579CC 
 576      44A7D74F 
 577 1e21 604F726F 		.ascii	"`OrogBr\212\314\026r\207;\301\245`\332\177\221D\017"
 577      6742728A 
 577      CC167287 
 577      3BC1A560 
 577      DA7F9144 
 578 1e36 4B307012 		.ascii	"K0p\022=\361)\3551D\365\365\264\2637%\311I\325\261\250"
 578      3DF129ED 
 578      3144F5F5 
 578      B4B33725 
 578      C949D5B1 
 579 1e4b 1A410DA5 		.ascii	"\032A\015\245\306(\246\206\014R\272\317v\364\206j\177"
 579      C628A686 
 579      0C52BACF 
 579      76F4866A 
 579      7F
 580 1e5c F20074FE 		.ascii	"\362\000t\376\033\266\323\252\377\006\033\201%d"
 580      1BB6D3AA 
 580      FF061B81 
 580      2564
 581              		.text
 582              		.section	.gnu.lto_.symtab.9f812abb5584b760,"e",%progbits
 583 0000 5F75785F 		.ascii	"_ux_dcd_stm32_initialize_complete\000"
 583      6463645F 
ARM GAS  /tmp/ccsmALuX.s 			page 47


 583      73746D33 
 583      325F696E 
 583      69746961 
 584 0022 00       		.ascii	"\000"
 585 0023 00       		.ascii	"\000"
 586 0024 00       		.ascii	"\000"
 587 0025 00000000 		.ascii	"\000\000\000\000\000\000\000\000"
 587      00000000 
 588 002d 3C010000 		.ascii	"<\001\000\000"
 589 0031 5F75785F 		.ascii	"_ux_system_slave\000"
 589      73797374 
 589      656D5F73 
 589      6C617665 
 589      00
 590 0042 00       		.ascii	"\000"
 591 0043 02       		.ascii	"\002"
 592 0044 00       		.ascii	"\000"
 593 0045 00000000 		.ascii	"\000\000\000\000\000\000\000\000"
 593      00000000 
 594 004d 59020000 		.ascii	"Y\002\000\000"
 595 0051 5F75785F 		.ascii	"_ux_system_device_descriptor_structure\000"
 595      73797374 
 595      656D5F64 
 595      65766963 
 595      655F6465 
 596 0078 00       		.ascii	"\000"
 597 0079 02       		.ascii	"\002"
 598 007a 00       		.ascii	"\000"
 599 007b 00000000 		.ascii	"\000\000\000\000\000\000\000\000"
 599      00000000 
 600 0083 59010000 		.ascii	"Y\001\000\000"
 601 0087 48414C5F 		.ascii	"HAL_PCD_EP_Open\000"
 601      5043445F 
 601      45505F4F 
 601      70656E00 
 602 0097 00       		.ascii	"\000"
 603 0098 02       		.ascii	"\002"
 604 0099 00       		.ascii	"\000"
 605 009a 00000000 		.ascii	"\000\000\000\000\000\000\000\000"
 605      00000000 
 606 00a2 4A010000 		.ascii	"J\001\000\000"
 607 00a6 48414C5F 		.ascii	"HAL_PCD_EP_Flush\000"
 607      5043445F 
 607      45505F46 
 607      6C757368 
 607      00
 608 00b7 00       		.ascii	"\000"
 609 00b8 02       		.ascii	"\002"
 610 00b9 00       		.ascii	"\000"
 611 00ba 00000000 		.ascii	"\000\000\000\000\000\000\000\000"
 611      00000000 
 612 00c2 4F010000 		.ascii	"O\001\000\000"
 613 00c6 5F75785F 		.ascii	"_ux_utility_descriptor_parse\000"
 613      7574696C 
 613      6974795F 
 613      64657363 
 613      72697074 
ARM GAS  /tmp/ccsmALuX.s 			page 48


 614 00e3 00       		.ascii	"\000"
 615 00e4 02       		.ascii	"\002"
 616 00e5 00       		.ascii	"\000"
 617 00e6 00000000 		.ascii	"\000\000\000\000\000\000\000\000"
 617      00000000 
 618 00ee 56010000 		.ascii	"V\001\000\000"
 619              		.text
 620              		.section	.gnu.lto_.ext_symtab.9f812abb5584b760,"e",%progbits
 621 0000 01       		.ascii	"\001"
 622 0001 01       		.ascii	"\001"
 623 0002 00       		.ascii	"\000"
 624 0003 02       		.ascii	"\002"
 625 0004 01       		.ascii	"\001"
 626 0005 02       		.ascii	"\002"
 627 0006 01       		.ascii	"\001"
 628 0007 01       		.ascii	"\001"
 629 0008 00       		.ascii	"\000"
 630 0009 01       		.ascii	"\001"
 631 000a 00       		.ascii	"\000"
 632 000b 01       		.ascii	"\001"
 633 000c 00       		.ascii	"\000"
 634              		.text
 635              		.section	.gnu.lto_.opts,"e",%progbits
 636 0000 272D666E 		.ascii	"'-fno-openmp' '-fno-openacc' '-fno-pie' '-fcf-prote"
 636      6F2D6F70 
 636      656E6D70 
 636      2720272D 
 636      666E6F2D 
 637 0033 6374696F 		.ascii	"ction=none' '-mcpu=cortex-m33' '-mthumb' '-mfpu=fpv"
 637      6E3D6E6F 
 637      6E652720 
 637      272D6D63 
 637      70753D63 
 638 0066 342D7370 		.ascii	"4-sp-d16' '-mfloat-abi=hard' '-mlibarch=armv8-m.mai"
 638      2D643136 
 638      2720272D 
 638      6D666C6F 
 638      61742D61 
 639 0099 6E2B6473 		.ascii	"n+dsp+fp' '-march=armv8-m.main+dsp+fp' '-Os' '-flto"
 639      702B6670 
 639      2720272D 
 639      6D617263 
 639      683D6172 
 640 00cc 2720272D 		.ascii	"' '-fdata-sections' '-ffunction-sections' '-Xassemb"
 640      66646174 
 640      612D7365 
 640      6374696F 
 640      6E732720 
 641 00ff 6C657227 		.ascii	"ler' '-a' '-Xassembler' '-ad' '-Xassembler' '-alms="
 641      20272D61 
 641      2720272D 
 641      58617373 
 641      656D626C 
 642 0132 6275696C 		.ascii	"build/../sdk/stm32/STM32_USBX_Library/common/usbx_s"
 642      642F2E2E 
 642      2F73646B 
 642      2F73746D 
ARM GAS  /tmp/ccsmALuX.s 			page 49


 642      33322F53 
 643 0165 746D3332 		.ascii	"tm32_device_controllers/ux_dcd_stm32_initialize_com"
 643      5F646576 
 643      6963655F 
 643      636F6E74 
 643      726F6C6C 
 644 0198 706C6574 		.ascii	"plete.lst'\000"
 644      652E6C73 
 644      742700
 645              		.text
 646              		.comm	__gnu_lto_slim,1,1
 647              		.ident	"GCC: (15:10.3-2021.07-4) 10.3.1 20210621 (release)"
ARM GAS  /tmp/ccsmALuX.s 			page 50


DEFINED SYMBOLS
                            *ABS*:0000000000000000 ux_dcd_stm32_initialize_complete.c
                            *COM*:0000000000000001 __gnu_lto_slim

NO UNDEFINED SYMBOLS
