ARM GAS  /tmp/ccLkxeoK.s 			page 1


   1              		.cpu cortex-m33
   2              		.eabi_attribute 27, 1
   3              		.eabi_attribute 28, 1
   4              		.eabi_attribute 20, 1
   5              		.eabi_attribute 21, 1
   6              		.eabi_attribute 23, 3
   7              		.eabi_attribute 24, 1
   8              		.eabi_attribute 25, 1
   9              		.eabi_attribute 26, 1
  10              		.eabi_attribute 30, 4
  11              		.eabi_attribute 34, 1
  12              		.eabi_attribute 18, 4
  13              		.file	"symmetric-shake.c"
  14              		.text
  15              		.section	.text.PQCLEAN_MLDSA65_CLEAN_dilithium_shake128_stream_init,"ax",%progbits
  16              		.align	1
  17              		.global	PQCLEAN_MLDSA65_CLEAN_dilithium_shake128_stream_init
  18              		.arch armv8-m.main
  19              		.arch_extension dsp
  20              		.syntax unified
  21              		.thumb
  22              		.thumb_func
  23              		.fpu fpv4-sp-d16
  25              	PQCLEAN_MLDSA65_CLEAN_dilithium_shake128_stream_init:
  26              		@ args = 0, pretend = 0, frame = 16
  27              		@ frame_needed = 0, uses_anonymous_args = 0
  28 0000 1FB5     		push	{r0, r1, r2, r3, r4, lr}
  29 0002 0446     		mov	r4, r0
  30 0004 8DF80C20 		strb	r2, [sp, #12]
  31 0008 120A     		lsrs	r2, r2, #8
  32 000a 0191     		str	r1, [sp, #4]
  33 000c 8DF80D20 		strb	r2, [sp, #13]
  34 0010 FFF7FEFF 		bl	shake128_inc_init
  35 0014 2046     		mov	r0, r4
  36 0016 0199     		ldr	r1, [sp, #4]
  37 0018 2022     		movs	r2, #32
  38 001a FFF7FEFF 		bl	shake128_inc_absorb
  39 001e 0222     		movs	r2, #2
  40 0020 2046     		mov	r0, r4
  41 0022 03A9     		add	r1, sp, #12
  42 0024 FFF7FEFF 		bl	shake128_inc_absorb
  43 0028 2046     		mov	r0, r4
  44 002a FFF7FEFF 		bl	shake128_inc_finalize
  45 002e 04B0     		add	sp, sp, #16
  46              		@ sp needed
  47 0030 10BD     		pop	{r4, pc}
  49              		.section	.text.PQCLEAN_MLDSA65_CLEAN_dilithium_shake256_stream_init,"ax",%progbits
  50              		.align	1
  51              		.global	PQCLEAN_MLDSA65_CLEAN_dilithium_shake256_stream_init
  52              		.syntax unified
  53              		.thumb
  54              		.thumb_func
  55              		.fpu fpv4-sp-d16
  57              	PQCLEAN_MLDSA65_CLEAN_dilithium_shake256_stream_init:
  58              		@ args = 0, pretend = 0, frame = 16
  59              		@ frame_needed = 0, uses_anonymous_args = 0
  60 0000 1FB5     		push	{r0, r1, r2, r3, r4, lr}
ARM GAS  /tmp/ccLkxeoK.s 			page 2


  61 0002 0446     		mov	r4, r0
  62 0004 8DF80C20 		strb	r2, [sp, #12]
  63 0008 120A     		lsrs	r2, r2, #8
  64 000a 0191     		str	r1, [sp, #4]
  65 000c 8DF80D20 		strb	r2, [sp, #13]
  66 0010 FFF7FEFF 		bl	shake256_inc_init
  67 0014 2046     		mov	r0, r4
  68 0016 0199     		ldr	r1, [sp, #4]
  69 0018 4022     		movs	r2, #64
  70 001a FFF7FEFF 		bl	shake256_inc_absorb
  71 001e 0222     		movs	r2, #2
  72 0020 2046     		mov	r0, r4
  73 0022 03A9     		add	r1, sp, #12
  74 0024 FFF7FEFF 		bl	shake256_inc_absorb
  75 0028 2046     		mov	r0, r4
  76 002a FFF7FEFF 		bl	shake256_inc_finalize
  77 002e 04B0     		add	sp, sp, #16
  78              		@ sp needed
  79 0030 10BD     		pop	{r4, pc}
  81              		.ident	"GCC: (15:10.3-2021.07-4) 10.3.1 20210621 (release)"
ARM GAS  /tmp/ccLkxeoK.s 			page 3


DEFINED SYMBOLS
                            *ABS*:0000000000000000 symmetric-shake.c
     /tmp/ccLkxeoK.s:16     .text.PQCLEAN_MLDSA65_CLEAN_dilithium_shake128_stream_init:0000000000000000 $t
     /tmp/ccLkxeoK.s:25     .text.PQCLEAN_MLDSA65_CLEAN_dilithium_shake128_stream_init:0000000000000000 PQCLEAN_MLDSA65_CLEAN_dilithium_shake128_stream_init
     /tmp/ccLkxeoK.s:50     .text.PQCLEAN_MLDSA65_CLEAN_dilithium_shake256_stream_init:0000000000000000 $t
     /tmp/ccLkxeoK.s:57     .text.PQCLEAN_MLDSA65_CLEAN_dilithium_shake256_stream_init:0000000000000000 PQCLEAN_MLDSA65_CLEAN_dilithium_shake256_stream_init

UNDEFINED SYMBOLS
shake128_inc_init
shake128_inc_absorb
shake128_inc_finalize
shake256_inc_init
shake256_inc_absorb
shake256_inc_finalize
