ARM GAS  /tmp/ccaocVMD.s 			page 1


   1              		.cpu cortex-m33
   2              		.eabi_attribute 27, 1
   3              		.eabi_attribute 28, 1
   4              		.eabi_attribute 20, 1
   5              		.eabi_attribute 21, 1
   6              		.eabi_attribute 23, 3
   7              		.eabi_attribute 24, 1
   8              		.eabi_attribute 25, 1
   9              		.eabi_attribute 26, 1
  10              		.eabi_attribute 30, 4
  11              		.eabi_attribute 34, 1
  12              		.eabi_attribute 18, 4
  13              		.file	"verify.c"
  14              		.text
  15              		.section	.text.PQCLEAN_MLKEM768_CLEAN_verify,"ax",%progbits
  16              		.align	1
  17              		.global	PQCLEAN_MLKEM768_CLEAN_verify
  18              		.arch armv8-m.main
  19              		.arch_extension dsp
  20              		.syntax unified
  21              		.thumb
  22              		.thumb_func
  23              		.fpu fpv4-sp-d16
  25              	PQCLEAN_MLKEM768_CLEAN_verify:
  26              		@ args = 0, pretend = 0, frame = 0
  27              		@ frame_needed = 0, uses_anonymous_args = 0
  28 0000 0023     		movs	r3, #0
  29 0002 70B5     		push	{r4, r5, r6, lr}
  30 0004 1C46     		mov	r4, r3
  31              	.L2:
  32 0006 9442     		cmp	r4, r2
  33 0008 04D1     		bne	.L3
  34 000a 5B42     		negs	r3, r3
  35 000c 60EB0000 		sbc	r0, r0, r0
  36 0010 C00F     		lsrs	r0, r0, #31
  37 0012 70BD     		pop	{r4, r5, r6, pc}
  38              	.L3:
  39 0014 055D     		ldrb	r5, [r0, r4]	@ zero_extendqisi2
  40 0016 0E5D     		ldrb	r6, [r1, r4]	@ zero_extendqisi2
  41 0018 0134     		adds	r4, r4, #1
  42 001a 7540     		eors	r5, r5, r6
  43 001c 2B43     		orrs	r3, r3, r5
  44 001e F2E7     		b	.L2
  46              		.section	.text.PQCLEAN_MLKEM768_CLEAN_cmov,"ax",%progbits
  47              		.align	1
  48              		.global	PQCLEAN_MLKEM768_CLEAN_cmov
  49              		.syntax unified
  50              		.thumb
  51              		.thumb_func
  52              		.fpu fpv4-sp-d16
  54              	PQCLEAN_MLKEM768_CLEAN_cmov:
  55              		@ args = 0, pretend = 0, frame = 0
  56              		@ frame_needed = 0, uses_anonymous_args = 0
  57 0000 30B5     		push	{r4, r5, lr}
  58 0002 5B42     		rsbs	r3, r3, #0
  59 0004 DBB2     		uxtb	r3, r3
  60 0006 0139     		subs	r1, r1, #1
ARM GAS  /tmp/ccaocVMD.s 			page 2


  61 0008 0244     		add	r2, r2, r0
  62              	.L5:
  63 000a 9042     		cmp	r0, r2
  64 000c 00D1     		bne	.L6
  65 000e 30BD     		pop	{r4, r5, pc}
  66              	.L6:
  67 0010 0578     		ldrb	r5, [r0]	@ zero_extendqisi2
  68 0012 11F8014F 		ldrb	r4, [r1, #1]!	@ zero_extendqisi2
  69 0016 6C40     		eors	r4, r4, r5
  70 0018 1C40     		ands	r4, r4, r3
  71 001a 6C40     		eors	r4, r4, r5
  72 001c 00F8014B 		strb	r4, [r0], #1
  73 0020 F3E7     		b	.L5
  75              		.section	.text.PQCLEAN_MLKEM768_CLEAN_cmov_int16,"ax",%progbits
  76              		.align	1
  77              		.global	PQCLEAN_MLKEM768_CLEAN_cmov_int16
  78              		.syntax unified
  79              		.thumb
  80              		.thumb_func
  81              		.fpu fpv4-sp-d16
  83              	PQCLEAN_MLKEM768_CLEAN_cmov_int16:
  84              		@ args = 0, pretend = 0, frame = 0
  85              		@ frame_needed = 0, uses_anonymous_args = 0
  86              		@ link register save eliminated.
  87 0000 B0F90030 		ldrsh	r3, [r0]
  88 0004 5242     		rsbs	r2, r2, #0
  89 0006 5940     		eors	r1, r1, r3
  90 0008 1140     		ands	r1, r1, r2
  91 000a 5940     		eors	r1, r1, r3
  92 000c 0180     		strh	r1, [r0]	@ movhi
  93 000e 7047     		bx	lr
  95              		.ident	"GCC: (15:10.3-2021.07-4) 10.3.1 20210621 (release)"
ARM GAS  /tmp/ccaocVMD.s 			page 3


DEFINED SYMBOLS
                            *ABS*:0000000000000000 verify.c
     /tmp/ccaocVMD.s:16     .text.PQCLEAN_MLKEM768_CLEAN_verify:0000000000000000 $t
     /tmp/ccaocVMD.s:25     .text.PQCLEAN_MLKEM768_CLEAN_verify:0000000000000000 PQCLEAN_MLKEM768_CLEAN_verify
     /tmp/ccaocVMD.s:47     .text.PQCLEAN_MLKEM768_CLEAN_cmov:0000000000000000 $t
     /tmp/ccaocVMD.s:54     .text.PQCLEAN_MLKEM768_CLEAN_cmov:0000000000000000 PQCLEAN_MLKEM768_CLEAN_cmov
     /tmp/ccaocVMD.s:76     .text.PQCLEAN_MLKEM768_CLEAN_cmov_int16:0000000000000000 $t
     /tmp/ccaocVMD.s:83     .text.PQCLEAN_MLKEM768_CLEAN_cmov_int16:0000000000000000 PQCLEAN_MLKEM768_CLEAN_cmov_int16

NO UNDEFINED SYMBOLS
