ARM GAS  /tmp/ccnHTPBC.s 			page 1


   1              		.cpu cortex-m33
   2              		.eabi_attribute 27, 1
   3              		.eabi_attribute 28, 1
   4              		.eabi_attribute 20, 1
   5              		.eabi_attribute 21, 1
   6              		.eabi_attribute 23, 3
   7              		.eabi_attribute 24, 1
   8              		.eabi_attribute 25, 1
   9              		.eabi_attribute 26, 1
  10              		.eabi_attribute 30, 4
  11              		.eabi_attribute 34, 1
  12              		.eabi_attribute 18, 4
  13              		.file	"address.c"
  14              		.text
  15              		.section	.text.PQCLEAN_SPHINCSSHA2128FSIMPLE_CLEAN_set_layer_addr,"ax",%progbits
  16              		.align	1
  17              		.global	PQCLEAN_SPHINCSSHA2128FSIMPLE_CLEAN_set_layer_addr
  18              		.arch armv8-m.main
  19              		.arch_extension dsp
  20              		.syntax unified
  21              		.thumb
  22              		.thumb_func
  23              		.fpu fpv4-sp-d16
  25              	PQCLEAN_SPHINCSSHA2128FSIMPLE_CLEAN_set_layer_addr:
  26              		@ args = 0, pretend = 0, frame = 0
  27              		@ frame_needed = 0, uses_anonymous_args = 0
  28              		@ link register save eliminated.
  29 0000 0170     		strb	r1, [r0]
  30 0002 7047     		bx	lr
  32              		.section	.text.PQCLEAN_SPHINCSSHA2128FSIMPLE_CLEAN_set_tree_addr,"ax",%progbits
  33              		.align	1
  34              		.global	PQCLEAN_SPHINCSSHA2128FSIMPLE_CLEAN_set_tree_addr
  35              		.syntax unified
  36              		.thumb
  37              		.thumb_func
  38              		.fpu fpv4-sp-d16
  40              	PQCLEAN_SPHINCSSHA2128FSIMPLE_CLEAN_set_tree_addr:
  41              		@ args = 0, pretend = 0, frame = 0
  42              		@ frame_needed = 0, uses_anonymous_args = 0
  43              		@ link register save eliminated.
  44 0000 0821     		movs	r1, #8
  45 0002 0130     		adds	r0, r0, #1
  46 0004 FFF7FEBF 		b	PQCLEAN_SPHINCSSHA2128FSIMPLE_CLEAN_ull_to_bytes
  48              		.section	.text.PQCLEAN_SPHINCSSHA2128FSIMPLE_CLEAN_set_type,"ax",%progbits
  49              		.align	1
  50              		.global	PQCLEAN_SPHINCSSHA2128FSIMPLE_CLEAN_set_type
  51              		.syntax unified
  52              		.thumb
  53              		.thumb_func
  54              		.fpu fpv4-sp-d16
  56              	PQCLEAN_SPHINCSSHA2128FSIMPLE_CLEAN_set_type:
  57              		@ args = 0, pretend = 0, frame = 0
  58              		@ frame_needed = 0, uses_anonymous_args = 0
  59              		@ link register save eliminated.
  60 0000 4172     		strb	r1, [r0, #9]
  61 0002 7047     		bx	lr
  63              		.section	.text.PQCLEAN_SPHINCSSHA2128FSIMPLE_CLEAN_copy_subtree_addr,"ax",%progbits
ARM GAS  /tmp/ccnHTPBC.s 			page 2


  64              		.align	1
  65              		.global	PQCLEAN_SPHINCSSHA2128FSIMPLE_CLEAN_copy_subtree_addr
  66              		.syntax unified
  67              		.thumb
  68              		.thumb_func
  69              		.fpu fpv4-sp-d16
  71              	PQCLEAN_SPHINCSSHA2128FSIMPLE_CLEAN_copy_subtree_addr:
  72              		@ args = 0, pretend = 0, frame = 0
  73              		@ frame_needed = 0, uses_anonymous_args = 0
  74              		@ link register save eliminated.
  75 0000 0B68     		ldr	r3, [r1]	@ unaligned
  76 0002 0360     		str	r3, [r0]	@ unaligned
  77 0004 4B68     		ldr	r3, [r1, #4]	@ unaligned
  78 0006 4360     		str	r3, [r0, #4]	@ unaligned
  79 0008 0B7A     		ldrb	r3, [r1, #8]	@ zero_extendqisi2
  80 000a 0372     		strb	r3, [r0, #8]
  81 000c 7047     		bx	lr
  83              		.section	.text.PQCLEAN_SPHINCSSHA2128FSIMPLE_CLEAN_set_keypair_addr,"ax",%progbits
  84              		.align	1
  85              		.global	PQCLEAN_SPHINCSSHA2128FSIMPLE_CLEAN_set_keypair_addr
  86              		.syntax unified
  87              		.thumb
  88              		.thumb_func
  89              		.fpu fpv4-sp-d16
  91              	PQCLEAN_SPHINCSSHA2128FSIMPLE_CLEAN_set_keypair_addr:
  92              		@ args = 0, pretend = 0, frame = 0
  93              		@ frame_needed = 0, uses_anonymous_args = 0
  94              		@ link register save eliminated.
  95 0000 4173     		strb	r1, [r0, #13]
  96 0002 7047     		bx	lr
  98              		.section	.text.PQCLEAN_SPHINCSSHA2128FSIMPLE_CLEAN_copy_keypair_addr,"ax",%progbits
  99              		.align	1
 100              		.global	PQCLEAN_SPHINCSSHA2128FSIMPLE_CLEAN_copy_keypair_addr
 101              		.syntax unified
 102              		.thumb
 103              		.thumb_func
 104              		.fpu fpv4-sp-d16
 106              	PQCLEAN_SPHINCSSHA2128FSIMPLE_CLEAN_copy_keypair_addr:
 107              		@ args = 0, pretend = 0, frame = 0
 108              		@ frame_needed = 0, uses_anonymous_args = 0
 109              		@ link register save eliminated.
 110 0000 0B68     		ldr	r3, [r1]	@ unaligned
 111 0002 0360     		str	r3, [r0]	@ unaligned
 112 0004 4B68     		ldr	r3, [r1, #4]	@ unaligned
 113 0006 4360     		str	r3, [r0, #4]	@ unaligned
 114 0008 0B7A     		ldrb	r3, [r1, #8]	@ zero_extendqisi2
 115 000a 0372     		strb	r3, [r0, #8]
 116 000c 4B7B     		ldrb	r3, [r1, #13]	@ zero_extendqisi2
 117 000e 4373     		strb	r3, [r0, #13]
 118 0010 7047     		bx	lr
 120              		.section	.text.PQCLEAN_SPHINCSSHA2128FSIMPLE_CLEAN_set_chain_addr,"ax",%progbits
 121              		.align	1
 122              		.global	PQCLEAN_SPHINCSSHA2128FSIMPLE_CLEAN_set_chain_addr
 123              		.syntax unified
 124              		.thumb
 125              		.thumb_func
 126              		.fpu fpv4-sp-d16
ARM GAS  /tmp/ccnHTPBC.s 			page 3


 128              	PQCLEAN_SPHINCSSHA2128FSIMPLE_CLEAN_set_chain_addr:
 129              		@ args = 0, pretend = 0, frame = 0
 130              		@ frame_needed = 0, uses_anonymous_args = 0
 131              		@ link register save eliminated.
 132 0000 4174     		strb	r1, [r0, #17]
 133 0002 7047     		bx	lr
 135              		.section	.text.PQCLEAN_SPHINCSSHA2128FSIMPLE_CLEAN_set_hash_addr,"ax",%progbits
 136              		.align	1
 137              		.global	PQCLEAN_SPHINCSSHA2128FSIMPLE_CLEAN_set_hash_addr
 138              		.syntax unified
 139              		.thumb
 140              		.thumb_func
 141              		.fpu fpv4-sp-d16
 143              	PQCLEAN_SPHINCSSHA2128FSIMPLE_CLEAN_set_hash_addr:
 144              		@ args = 0, pretend = 0, frame = 0
 145              		@ frame_needed = 0, uses_anonymous_args = 0
 146              		@ link register save eliminated.
 147 0000 4175     		strb	r1, [r0, #21]
 148 0002 7047     		bx	lr
 150              		.section	.text.PQCLEAN_SPHINCSSHA2128FSIMPLE_CLEAN_set_tree_height,"ax",%progbits
 151              		.align	1
 152              		.global	PQCLEAN_SPHINCSSHA2128FSIMPLE_CLEAN_set_tree_height
 153              		.syntax unified
 154              		.thumb
 155              		.thumb_func
 156              		.fpu fpv4-sp-d16
 158              	PQCLEAN_SPHINCSSHA2128FSIMPLE_CLEAN_set_tree_height:
 159              		@ args = 0, pretend = 0, frame = 0
 160              		@ frame_needed = 0, uses_anonymous_args = 0
 161              		@ link register save eliminated.
 162 0000 4174     		strb	r1, [r0, #17]
 163 0002 7047     		bx	lr
 165              		.section	.text.PQCLEAN_SPHINCSSHA2128FSIMPLE_CLEAN_set_tree_index,"ax",%progbits
 166              		.align	1
 167              		.global	PQCLEAN_SPHINCSSHA2128FSIMPLE_CLEAN_set_tree_index
 168              		.syntax unified
 169              		.thumb
 170              		.thumb_func
 171              		.fpu fpv4-sp-d16
 173              	PQCLEAN_SPHINCSSHA2128FSIMPLE_CLEAN_set_tree_index:
 174              		@ args = 0, pretend = 0, frame = 0
 175              		@ frame_needed = 0, uses_anonymous_args = 0
 176              		@ link register save eliminated.
 177 0000 1230     		adds	r0, r0, #18
 178 0002 FFF7FEBF 		b	PQCLEAN_SPHINCSSHA2128FSIMPLE_CLEAN_u32_to_bytes
 180              		.ident	"GCC: (15:10.3-2021.07-4) 10.3.1 20210621 (release)"
ARM GAS  /tmp/ccnHTPBC.s 			page 4


DEFINED SYMBOLS
                            *ABS*:0000000000000000 address.c
     /tmp/ccnHTPBC.s:16     .text.PQCLEAN_SPHINCSSHA2128FSIMPLE_CLEAN_set_layer_addr:0000000000000000 $t
     /tmp/ccnHTPBC.s:25     .text.PQCLEAN_SPHINCSSHA2128FSIMPLE_CLEAN_set_layer_addr:0000000000000000 PQCLEAN_SPHINCSSHA2128FSIMPLE_CLEAN_set_layer_addr
     /tmp/ccnHTPBC.s:33     .text.PQCLEAN_SPHINCSSHA2128FSIMPLE_CLEAN_set_tree_addr:0000000000000000 $t
     /tmp/ccnHTPBC.s:40     .text.PQCLEAN_SPHINCSSHA2128FSIMPLE_CLEAN_set_tree_addr:0000000000000000 PQCLEAN_SPHINCSSHA2128FSIMPLE_CLEAN_set_tree_addr
     /tmp/ccnHTPBC.s:49     .text.PQCLEAN_SPHINCSSHA2128FSIMPLE_CLEAN_set_type:0000000000000000 $t
     /tmp/ccnHTPBC.s:56     .text.PQCLEAN_SPHINCSSHA2128FSIMPLE_CLEAN_set_type:0000000000000000 PQCLEAN_SPHINCSSHA2128FSIMPLE_CLEAN_set_type
     /tmp/ccnHTPBC.s:64     .text.PQCLEAN_SPHINCSSHA2128FSIMPLE_CLEAN_copy_subtree_addr:0000000000000000 $t
     /tmp/ccnHTPBC.s:71     .text.PQCLEAN_SPHINCSSHA2128FSIMPLE_CLEAN_copy_subtree_addr:0000000000000000 PQCLEAN_SPHINCSSHA2128FSIMPLE_CLEAN_copy_subtree_addr
     /tmp/ccnHTPBC.s:84     .text.PQCLEAN_SPHINCSSHA2128FSIMPLE_CLEAN_set_keypair_addr:0000000000000000 $t
     /tmp/ccnHTPBC.s:91     .text.PQCLEAN_SPHINCSSHA2128FSIMPLE_CLEAN_set_keypair_addr:0000000000000000 PQCLEAN_SPHINCSSHA2128FSIMPLE_CLEAN_set_keypair_addr
     /tmp/ccnHTPBC.s:99     .text.PQCLEAN_SPHINCSSHA2128FSIMPLE_CLEAN_copy_keypair_addr:0000000000000000 $t
     /tmp/ccnHTPBC.s:106    .text.PQCLEAN_SPHINCSSHA2128FSIMPLE_CLEAN_copy_keypair_addr:0000000000000000 PQCLEAN_SPHINCSSHA2128FSIMPLE_CLEAN_copy_keypair_addr
     /tmp/ccnHTPBC.s:121    .text.PQCLEAN_SPHINCSSHA2128FSIMPLE_CLEAN_set_chain_addr:0000000000000000 $t
     /tmp/ccnHTPBC.s:128    .text.PQCLEAN_SPHINCSSHA2128FSIMPLE_CLEAN_set_chain_addr:0000000000000000 PQCLEAN_SPHINCSSHA2128FSIMPLE_CLEAN_set_chain_addr
     /tmp/ccnHTPBC.s:136    .text.PQCLEAN_SPHINCSSHA2128FSIMPLE_CLEAN_set_hash_addr:0000000000000000 $t
     /tmp/ccnHTPBC.s:143    .text.PQCLEAN_SPHINCSSHA2128FSIMPLE_CLEAN_set_hash_addr:0000000000000000 PQCLEAN_SPHINCSSHA2128FSIMPLE_CLEAN_set_hash_addr
     /tmp/ccnHTPBC.s:151    .text.PQCLEAN_SPHINCSSHA2128FSIMPLE_CLEAN_set_tree_height:0000000000000000 $t
     /tmp/ccnHTPBC.s:158    .text.PQCLEAN_SPHINCSSHA2128FSIMPLE_CLEAN_set_tree_height:0000000000000000 PQCLEAN_SPHINCSSHA2128FSIMPLE_CLEAN_set_tree_height
     /tmp/ccnHTPBC.s:166    .text.PQCLEAN_SPHINCSSHA2128FSIMPLE_CLEAN_set_tree_index:0000000000000000 $t
     /tmp/ccnHTPBC.s:173    .text.PQCLEAN_SPHINCSSHA2128FSIMPLE_CLEAN_set_tree_index:0000000000000000 PQCLEAN_SPHINCSSHA2128FSIMPLE_CLEAN_set_tree_index

UNDEFINED SYMBOLS
PQCLEAN_SPHINCSSHA2128FSIMPLE_CLEAN_ull_to_bytes
PQCLEAN_SPHINCSSHA2128FSIMPLE_CLEAN_u32_to_bytes
