ARM GAS  /tmp/ccbSR6Zb.s 			page 1


   1              		.cpu cortex-m33
   2              		.eabi_attribute 27, 1
   3              		.eabi_attribute 28, 1
   4              		.eabi_attribute 20, 1
   5              		.eabi_attribute 21, 1
   6              		.eabi_attribute 23, 3
   7              		.eabi_attribute 24, 1
   8              		.eabi_attribute 25, 1
   9              		.eabi_attribute 26, 1
  10              		.eabi_attribute 30, 4
  11              		.eabi_attribute 34, 1
  12              		.eabi_attribute 18, 4
  13              		.file	"context_sha2.c"
  14              		.text
  15              		.section	.text.PQCLEAN_SPHINCSSHA2128FSIMPLE_CLEAN_initialize_hash_function,"ax",%progbits
  16              		.align	1
  17              		.global	PQCLEAN_SPHINCSSHA2128FSIMPLE_CLEAN_initialize_hash_function
  18              		.arch armv8-m.main
  19              		.arch_extension dsp
  20              		.syntax unified
  21              		.thumb
  22              		.thumb_func
  23              		.fpu fpv4-sp-d16
  25              	PQCLEAN_SPHINCSSHA2128FSIMPLE_CLEAN_initialize_hash_function:
  26              		@ args = 0, pretend = 0, frame = 136
  27              		@ frame_needed = 0, uses_anonymous_args = 0
  28 0000 70B5     		push	{r4, r5, r6, lr}
  29 0002 0346     		mov	r3, r0
  30 0004 0446     		mov	r4, r0
  31 0006 A2B0     		sub	sp, sp, #136
  32 0008 02AD     		add	r5, sp, #8
  33 000a 00F11006 		add	r6, r0, #16
  34              	.L2:
  35 000e 2A46     		mov	r2, r5
  36 0010 1868     		ldr	r0, [r3]	@ unaligned
  37 0012 5968     		ldr	r1, [r3, #4]	@ unaligned
  38 0014 0833     		adds	r3, r3, #8
  39 0016 03C2     		stmia	r2!, {r0, r1}
  40 0018 B342     		cmp	r3, r6
  41 001a 1546     		mov	r5, r2
  42 001c F7D1     		bne	.L2
  43 001e 7022     		movs	r2, #112
  44 0020 0021     		movs	r1, #0
  45 0022 06A8     		add	r0, sp, #24
  46 0024 FFF7FEFF 		bl	memset
  47 0028 04F12000 		add	r0, r4, #32
  48 002c 0190     		str	r0, [sp, #4]
  49 002e FFF7FEFF 		bl	sha256_inc_init
  50 0032 0122     		movs	r2, #1
  51 0034 0198     		ldr	r0, [sp, #4]
  52 0036 02A9     		add	r1, sp, #8
  53 0038 FFF7FEFF 		bl	sha256_inc_blocks
  54 003c 22B0     		add	sp, sp, #136
  55              		@ sp needed
  56 003e 70BD     		pop	{r4, r5, r6, pc}
  58              		.section	.text.PQCLEAN_SPHINCSSHA2128FSIMPLE_CLEAN_free_hash_function,"ax",%progbits
  59              		.align	1
ARM GAS  /tmp/ccbSR6Zb.s 			page 2


  60              		.global	PQCLEAN_SPHINCSSHA2128FSIMPLE_CLEAN_free_hash_function
  61              		.syntax unified
  62              		.thumb
  63              		.thumb_func
  64              		.fpu fpv4-sp-d16
  66              	PQCLEAN_SPHINCSSHA2128FSIMPLE_CLEAN_free_hash_function:
  67              		@ args = 0, pretend = 0, frame = 0
  68              		@ frame_needed = 0, uses_anonymous_args = 0
  69              		@ link register save eliminated.
  70 0000 2030     		adds	r0, r0, #32
  71 0002 FFF7FEBF 		b	sha256_inc_ctx_release
  73              		.ident	"GCC: (15:10.3-2021.07-4) 10.3.1 20210621 (release)"
ARM GAS  /tmp/ccbSR6Zb.s 			page 3


DEFINED SYMBOLS
                            *ABS*:0000000000000000 context_sha2.c
     /tmp/ccbSR6Zb.s:16     .text.PQCLEAN_SPHINCSSHA2128FSIMPLE_CLEAN_initialize_hash_function:0000000000000000 $t
     /tmp/ccbSR6Zb.s:25     .text.PQCLEAN_SPHINCSSHA2128FSIMPLE_CLEAN_initialize_hash_function:0000000000000000 PQCLEAN_SPHINCSSHA2128FSIMPLE_CLEAN_initialize_hash_function
     /tmp/ccbSR6Zb.s:59     .text.PQCLEAN_SPHINCSSHA2128FSIMPLE_CLEAN_free_hash_function:0000000000000000 $t
     /tmp/ccbSR6Zb.s:66     .text.PQCLEAN_SPHINCSSHA2128FSIMPLE_CLEAN_free_hash_function:0000000000000000 PQCLEAN_SPHINCSSHA2128FSIMPLE_CLEAN_free_hash_function

UNDEFINED SYMBOLS
memset
sha256_inc_init
sha256_inc_blocks
sha256_inc_ctx_release
