ARM GAS  /tmp/cc5LeCmc.s 			page 1


   1              		.cpu cortex-m33
   2              		.eabi_attribute 27, 1
   3              		.eabi_attribute 28, 1
   4              		.eabi_attribute 20, 1
   5              		.eabi_attribute 21, 1
   6              		.eabi_attribute 23, 3
   7              		.eabi_attribute 24, 1
   8              		.eabi_attribute 25, 1
   9              		.eabi_attribute 26, 1
  10              		.eabi_attribute 30, 4
  11              		.eabi_attribute 34, 1
  12              		.eabi_attribute 18, 4
  13              		.file	"merkle.c"
  14              		.text
  15              		.section	.text.PQCLEAN_SPHINCSSHA2128FSIMPLE_CLEAN_merkle_sign,"ax",%progbits
  16              		.align	1
  17              		.global	PQCLEAN_SPHINCSSHA2128FSIMPLE_CLEAN_merkle_sign
  18              		.arch armv8-m.main
  19              		.arch_extension dsp
  20              		.syntax unified
  21              		.thumb
  22              		.thumb_func
  23              		.fpu fpv4-sp-d16
  25              	PQCLEAN_SPHINCSSHA2128FSIMPLE_CLEAN_merkle_sign:
  26              		@ args = 8, pretend = 0, frame = 216
  27              		@ frame_needed = 0, uses_anonymous_args = 0
  28 0000 2DE9F047 		push	{r4, r5, r6, r7, r8, r9, r10, lr}
  29 0004 0C46     		mov	r4, r1
  30 0006 0546     		mov	r5, r0
  31 0008 1E46     		mov	r6, r3
  32 000a BCB0     		sub	sp, sp, #240
  33 000c 1746     		mov	r7, r2
  34 000e DDE94498 		ldrd	r9, r8, [sp, #272]
  35 0012 4822     		movs	r2, #72
  36 0014 0DF1640A 		add	r10, sp, #100
  37 0018 0021     		movs	r1, #0
  38 001a 07A8     		add	r0, sp, #28
  39 001c FFF7FEFF 		bl	memset
  40 0020 2146     		mov	r1, r4
  41 0022 5046     		mov	r0, r10
  42 0024 0695     		str	r5, [sp, #24]
  43 0026 FFF7FEFF 		bl	PQCLEAN_SPHINCSSHA2128FSIMPLE_CLEAN_chain_lengths
  44 002a 4846     		mov	r0, r9
  45 002c 0221     		movs	r1, #2
  46 002e CDF820A0 		str	r10, [sp, #32]
  47 0032 FFF7FEFF 		bl	PQCLEAN_SPHINCSSHA2128FSIMPLE_CLEAN_set_type
  48 0036 11A8     		add	r0, sp, #68
  49 0038 0121     		movs	r1, #1
  50 003a FFF7FEFF 		bl	PQCLEAN_SPHINCSSHA2128FSIMPLE_CLEAN_set_type
  51 003e 3146     		mov	r1, r6
  52 0040 09A8     		add	r0, sp, #36
  53 0042 FFF7FEFF 		bl	PQCLEAN_SPHINCSSHA2128FSIMPLE_CLEAN_copy_subtree_addr
  54 0046 3146     		mov	r1, r6
  55 0048 11A8     		add	r0, sp, #68
  56 004a FFF7FEFF 		bl	PQCLEAN_SPHINCSSHA2128FSIMPLE_CLEAN_copy_subtree_addr
  57 004e 06AB     		add	r3, sp, #24
  58 0050 CDE90393 		strd	r9, r3, [sp, #12]
ARM GAS  /tmp/cc5LeCmc.s 			page 2


  59 0054 084B     		ldr	r3, .L2
  60 0056 0322     		movs	r2, #3
  61 0058 0293     		str	r3, [sp, #8]
  62 005a 0023     		movs	r3, #0
  63 005c 2046     		mov	r0, r4
  64 005e CDE90032 		strd	r3, r2, [sp]
  65 0062 05F50C71 		add	r1, r5, #560
  66 0066 4346     		mov	r3, r8
  67 0068 3A46     		mov	r2, r7
  68 006a CDF81C80 		str	r8, [sp, #28]
  69 006e FFF7FEFF 		bl	PQCLEAN_SPHINCSSHA2128FSIMPLE_CLEAN_treehashx1
  70 0072 3CB0     		add	sp, sp, #240
  71              		@ sp needed
  72 0074 BDE8F087 		pop	{r4, r5, r6, r7, r8, r9, r10, pc}
  73              	.L3:
  74              		.align	2
  75              	.L2:
  76 0078 00000000 		.word	PQCLEAN_SPHINCSSHA2128FSIMPLE_CLEAN_wots_gen_leafx1
  78              		.section	.text.PQCLEAN_SPHINCSSHA2128FSIMPLE_CLEAN_merkle_gen_root,"ax",%progbits
  79              		.align	1
  80              		.global	PQCLEAN_SPHINCSSHA2128FSIMPLE_CLEAN_merkle_gen_root
  81              		.syntax unified
  82              		.thumb
  83              		.thumb_func
  84              		.fpu fpv4-sp-d16
  86              	PQCLEAN_SPHINCSSHA2128FSIMPLE_CLEAN_merkle_gen_root:
  87              		@ args = 0, pretend = 0, frame = 672
  88              		@ frame_needed = 0, uses_anonymous_args = 0
  89 0000 70B5     		push	{r4, r5, r6, lr}
  90 0002 ADF52A7D 		sub	sp, sp, #680
  91 0006 02AE     		add	r6, sp, #8
  92 0008 0446     		mov	r4, r0
  93 000a 0D46     		mov	r5, r1
  94 000c 2022     		movs	r2, #32
  95 000e 0021     		movs	r1, #0
  96 0010 3046     		mov	r0, r6
  97 0012 FFF7FEFF 		bl	memset
  98 0016 2022     		movs	r2, #32
  99 0018 0021     		movs	r1, #0
 100 001a 0AA8     		add	r0, sp, #40
 101 001c FFF7FEFF 		bl	memset
 102 0020 3046     		mov	r0, r6
 103 0022 1521     		movs	r1, #21
 104 0024 FFF7FEFF 		bl	PQCLEAN_SPHINCSSHA2128FSIMPLE_CLEAN_set_layer_addr
 105 0028 0AA8     		add	r0, sp, #40
 106 002a 1521     		movs	r1, #21
 107 002c FFF7FEFF 		bl	PQCLEAN_SPHINCSSHA2128FSIMPLE_CLEAN_set_layer_addr
 108 0030 4FF0FF33 		mov	r3, #-1
 109 0034 2A46     		mov	r2, r5
 110 0036 CDE90063 		strd	r6, r3, [sp]
 111 003a 2146     		mov	r1, r4
 112 003c 0AAB     		add	r3, sp, #40
 113 003e 12A8     		add	r0, sp, #72
 114 0040 FFF7FEFF 		bl	PQCLEAN_SPHINCSSHA2128FSIMPLE_CLEAN_merkle_sign
 115 0044 0DF52A7D 		add	sp, sp, #680
 116              		@ sp needed
 117 0048 70BD     		pop	{r4, r5, r6, pc}
ARM GAS  /tmp/cc5LeCmc.s 			page 3


 119              		.ident	"GCC: (15:10.3-2021.07-4) 10.3.1 20210621 (release)"
ARM GAS  /tmp/cc5LeCmc.s 			page 4


DEFINED SYMBOLS
                            *ABS*:0000000000000000 merkle.c
     /tmp/cc5LeCmc.s:16     .text.PQCLEAN_SPHINCSSHA2128FSIMPLE_CLEAN_merkle_sign:0000000000000000 $t
     /tmp/cc5LeCmc.s:25     .text.PQCLEAN_SPHINCSSHA2128FSIMPLE_CLEAN_merkle_sign:0000000000000000 PQCLEAN_SPHINCSSHA2128FSIMPLE_CLEAN_merkle_sign
     /tmp/cc5LeCmc.s:76     .text.PQCLEAN_SPHINCSSHA2128FSIMPLE_CLEAN_merkle_sign:0000000000000078 $d
     /tmp/cc5LeCmc.s:79     .text.PQCLEAN_SPHINCSSHA2128FSIMPLE_CLEAN_merkle_gen_root:0000000000000000 $t
     /tmp/cc5LeCmc.s:86     .text.PQCLEAN_SPHINCSSHA2128FSIMPLE_CLEAN_merkle_gen_root:0000000000000000 PQCLEAN_SPHINCSSHA2128FSIMPLE_CLEAN_merkle_gen_root

UNDEFINED SYMBOLS
memset
PQCLEAN_SPHINCSSHA2128FSIMPLE_CLEAN_chain_lengths
PQCLEAN_SPHINCSSHA2128FSIMPLE_CLEAN_set_type
PQCLEAN_SPHINCSSHA2128FSIMPLE_CLEAN_copy_subtree_addr
PQCLEAN_SPHINCSSHA2128FSIMPLE_CLEAN_treehashx1
PQCLEAN_SPHINCSSHA2128FSIMPLE_CLEAN_wots_gen_leafx1
PQCLEAN_SPHINCSSHA2128FSIMPLE_CLEAN_set_layer_addr
