ARM GAS  /tmp/ccJTjLHI.s 			page 1


   1              		.cpu cortex-m33
   2              		.eabi_attribute 27, 1
   3              		.eabi_attribute 28, 1
   4              		.eabi_attribute 20, 1
   5              		.eabi_attribute 21, 1
   6              		.eabi_attribute 23, 3
   7              		.eabi_attribute 24, 1
   8              		.eabi_attribute 25, 1
   9              		.eabi_attribute 26, 1
  10              		.eabi_attribute 30, 4
  11              		.eabi_attribute 34, 1
  12              		.eabi_attribute 18, 4
  13              		.file	"wotsx1.c"
  14              		.text
  15              		.section	.text.PQCLEAN_SPHINCSSHA2128FSIMPLE_CLEAN_wots_gen_leafx1,"ax",%progbits
  16              		.align	1
  17              		.global	PQCLEAN_SPHINCSSHA2128FSIMPLE_CLEAN_wots_gen_leafx1
  18              		.arch armv8-m.main
  19              		.arch_extension dsp
  20              		.syntax unified
  21              		.thumb
  22              		.thumb_func
  23              		.fpu fpv4-sp-d16
  25              	PQCLEAN_SPHINCSSHA2128FSIMPLE_CLEAN_wots_gen_leafx1:
  26              		@ args = 0, pretend = 0, frame = 576
  27              		@ frame_needed = 0, uses_anonymous_args = 0
  28 0000 2DE9F04F 		push	{r4, r5, r6, r7, r8, r9, r10, fp, lr}
  29 0004 03F10C05 		add	r5, r3, #12
  30 0008 03F12C0B 		add	fp, r3, #44
  31 000c 1E46     		mov	r6, r3
  32 000e 5B68     		ldr	r3, [r3, #4]
  33 0010 ADF5137D 		sub	sp, sp, #588
  34 0014 9B1A     		subs	r3, r3, r2
  35 0016 18BF     		it	ne
  36 0018 4FF0FF33 		movne	r3, #-1
  37 001c 8246     		mov	r10, r0
  38 001e 0F46     		mov	r7, r1
  39 0020 2846     		mov	r0, r5
  40 0022 1146     		mov	r1, r2
  41 0024 CDE90232 		strd	r3, r2, [sp, #8]
  42 0028 FFF7FEFF 		bl	PQCLEAN_SPHINCSSHA2128FSIMPLE_CLEAN_set_keypair_addr
  43 002c 5846     		mov	r0, fp
  44 002e 0399     		ldr	r1, [sp, #12]
  45 0030 FFF7FEFF 		bl	PQCLEAN_SPHINCSSHA2128FSIMPLE_CLEAN_set_keypair_addr
  46 0034 0024     		movs	r4, #0
  47              	.L6:
  48 0036 4FF00008 		mov	r8, #0
  49 003a 2301     		lsls	r3, r4, #4
  50 003c 0493     		str	r3, [sp, #16]
  51 003e 06AB     		add	r3, sp, #24
  52 0040 03EB0419 		add	r9, r3, r4, lsl #4
  53 0044 B368     		ldr	r3, [r6, #8]
  54 0046 029A     		ldr	r2, [sp, #8]
  55 0048 53F82430 		ldr	r3, [r3, r4, lsl #2]
  56 004c 2146     		mov	r1, r4
  57 004e 1343     		orrs	r3, r3, r2
  58 0050 2846     		mov	r0, r5
ARM GAS  /tmp/ccJTjLHI.s 			page 2


  59 0052 0393     		str	r3, [sp, #12]
  60 0054 FFF7FEFF 		bl	PQCLEAN_SPHINCSSHA2128FSIMPLE_CLEAN_set_chain_addr
  61 0058 0021     		movs	r1, #0
  62 005a 2846     		mov	r0, r5
  63 005c FFF7FEFF 		bl	PQCLEAN_SPHINCSSHA2128FSIMPLE_CLEAN_set_hash_addr
  64 0060 0521     		movs	r1, #5
  65 0062 2846     		mov	r0, r5
  66 0064 FFF7FEFF 		bl	PQCLEAN_SPHINCSSHA2128FSIMPLE_CLEAN_set_type
  67 0068 2A46     		mov	r2, r5
  68 006a 3946     		mov	r1, r7
  69 006c 4846     		mov	r0, r9
  70 006e FFF7FEFF 		bl	PQCLEAN_SPHINCSSHA2128FSIMPLE_CLEAN_prf_addr
  71 0072 0021     		movs	r1, #0
  72 0074 2846     		mov	r0, r5
  73 0076 FFF7FEFF 		bl	PQCLEAN_SPHINCSSHA2128FSIMPLE_CLEAN_set_type
  74 007a 09F11003 		add	r3, r9, #16
  75 007e 0593     		str	r3, [sp, #20]
  76              	.L5:
  77 0080 039B     		ldr	r3, [sp, #12]
  78 0082 9845     		cmp	r8, r3
  79 0084 0AD1     		bne	.L2
  80 0086 4A46     		mov	r2, r9
  81 0088 3368     		ldr	r3, [r6]
  82 008a 0499     		ldr	r1, [sp, #16]
  83 008c 0B44     		add	r3, r3, r1
  84              	.L3:
  85 008e 52F8041B 		ldr	r1, [r2], #4	@ unaligned
  86 0092 43F8041B 		str	r1, [r3], #4	@ unaligned
  87 0096 0599     		ldr	r1, [sp, #20]
  88 0098 8A42     		cmp	r2, r1
  89 009a F8D1     		bne	.L3
  90              	.L2:
  91 009c B8F10F0F 		cmp	r8, #15
  92 00a0 0DD0     		beq	.L4
  93 00a2 4146     		mov	r1, r8
  94 00a4 2846     		mov	r0, r5
  95 00a6 FFF7FEFF 		bl	PQCLEAN_SPHINCSSHA2128FSIMPLE_CLEAN_set_hash_addr
  96 00aa 3B46     		mov	r3, r7
  97 00ac 0122     		movs	r2, #1
  98 00ae 4946     		mov	r1, r9
  99 00b0 4846     		mov	r0, r9
 100 00b2 0095     		str	r5, [sp]
 101 00b4 FFF7FEFF 		bl	PQCLEAN_SPHINCSSHA2128FSIMPLE_CLEAN_thash
 102 00b8 08F10108 		add	r8, r8, #1
 103 00bc E0E7     		b	.L5
 104              	.L4:
 105 00be 0134     		adds	r4, r4, #1
 106 00c0 232C     		cmp	r4, #35
 107 00c2 B8D1     		bne	.L6
 108 00c4 3B46     		mov	r3, r7
 109 00c6 2246     		mov	r2, r4
 110 00c8 5046     		mov	r0, r10
 111 00ca CDF800B0 		str	fp, [sp]
 112 00ce 06A9     		add	r1, sp, #24
 113 00d0 FFF7FEFF 		bl	PQCLEAN_SPHINCSSHA2128FSIMPLE_CLEAN_thash
 114 00d4 0DF5137D 		add	sp, sp, #588
 115              		@ sp needed
ARM GAS  /tmp/ccJTjLHI.s 			page 3


 116 00d8 BDE8F08F 		pop	{r4, r5, r6, r7, r8, r9, r10, fp, pc}
 118              		.ident	"GCC: (15:10.3-2021.07-4) 10.3.1 20210621 (release)"
ARM GAS  /tmp/ccJTjLHI.s 			page 4


DEFINED SYMBOLS
                            *ABS*:0000000000000000 wotsx1.c
     /tmp/ccJTjLHI.s:16     .text.PQCLEAN_SPHINCSSHA2128FSIMPLE_CLEAN_wots_gen_leafx1:0000000000000000 $t
     /tmp/ccJTjLHI.s:25     .text.PQCLEAN_SPHINCSSHA2128FSIMPLE_CLEAN_wots_gen_leafx1:0000000000000000 PQCLEAN_SPHINCSSHA2128FSIMPLE_CLEAN_wots_gen_leafx1

UNDEFINED SYMBOLS
PQCLEAN_SPHINCSSHA2128FSIMPLE_CLEAN_set_keypair_addr
PQCLEAN_SPHINCSSHA2128FSIMPLE_CLEAN_set_chain_addr
PQCLEAN_SPHINCSSHA2128FSIMPLE_CLEAN_set_hash_addr
PQCLEAN_SPHINCSSHA2128FSIMPLE_CLEAN_set_type
PQCLEAN_SPHINCSSHA2128FSIMPLE_CLEAN_prf_addr
PQCLEAN_SPHINCSSHA2128FSIMPLE_CLEAN_thash
