ARM GAS  /tmp/ccKKmZDl.s 			page 1


   1              		.cpu cortex-m33
   2              		.eabi_attribute 27, 1
   3              		.eabi_attribute 28, 1
   4              		.eabi_attribute 20, 1
   5              		.eabi_attribute 21, 1
   6              		.eabi_attribute 23, 3
   7              		.eabi_attribute 24, 1
   8              		.eabi_attribute 25, 1
   9              		.eabi_attribute 26, 1
  10              		.eabi_attribute 30, 4
  11              		.eabi_attribute 34, 1
  12              		.eabi_attribute 18, 4
  13              		.file	"dma.c"
  14              		.text
  15              		.section	.text.dma_init,"ax",%progbits
  16              		.align	1
  17              		.global	dma_init
  18              		.arch armv8-m.main
  19              		.arch_extension dsp
  20              		.syntax unified
  21              		.thumb
  22              		.thumb_func
  23              		.fpu fpv4-sp-d16
  25              	dma_init:
  26              		@ args = 0, pretend = 0, frame = 8
  27              		@ frame_needed = 0, uses_anonymous_args = 0
  28              		@ link register save eliminated.
  29 0000 0120     		movs	r0, #1
  30 0002 084B     		ldr	r3, .L2
  31 0004 82B0     		sub	sp, sp, #8
  32 0006 D3F88820 		ldr	r2, [r3, #136]
  33 000a 42F00102 		orr	r2, r2, #1
  34 000e C3F88820 		str	r2, [r3, #136]
  35 0012 D3F88830 		ldr	r3, [r3, #136]
  36 0016 03F00103 		and	r3, r3, #1
  37 001a 0193     		str	r3, [sp, #4]
  38 001c 019B     		ldr	r3, [sp, #4]
  39 001e 02B0     		add	sp, sp, #8
  40              		@ sp needed
  41 0020 7047     		bx	lr
  42              	.L3:
  43 0022 00BF     		.align	2
  44              	.L2:
  45 0024 000C0246 		.word	1174539264
  47              		.section	.text.dma_init_spi_rx,"ax",%progbits
  48              		.align	1
  49              		.global	dma_init_spi_rx
  50              		.syntax unified
  51              		.thumb
  52              		.thumb_func
  53              		.fpu fpv4-sp-d16
  55              	dma_init_spi_rx:
  56              		@ args = 0, pretend = 0, frame = 112
  57              		@ frame_needed = 0, uses_anonymous_args = 0
  58 0000 10B5     		push	{r4, lr}
  59 0002 264B     		ldr	r3, .L13
  60 0004 264C     		ldr	r4, .L13+4
ARM GAS  /tmp/ccKKmZDl.s 			page 2


  61 0006 4FF40000 		mov	r0, #8388608
  62 000a 2360     		str	r3, [r4]
  63 000c 0023     		movs	r3, #0
  64 000e 4FF4003C 		mov	ip, #131072
  65 0012 C4E90E03 		strd	r0, r3, [r4, #56]
  66 0016 4FF04043 		mov	r3, #-1073741824
  67 001a C4E910C3 		strd	ip, r3, [r4, #64]
  68 001e 8023     		movs	r3, #128
  69 0020 9CB0     		sub	sp, sp, #112
  70 0022 2046     		mov	r0, r4
  71 0024 A364     		str	r3, [r4, #72]
  72 0026 FFF7FEFF 		bl	HAL_DMAEx_List_Init
  73 002a 08B1     		cbz	r0, .L5
  74 002c FFF7FEFF 		bl	Error_Handler
  75              	.L5:
  76 0030 1021     		movs	r1, #16
  77 0032 1B48     		ldr	r0, .L13+4
  78 0034 FFF7FEFF 		bl	HAL_DMA_ConfigChannelAttributes
  79 0038 08B1     		cbz	r0, .L6
  80 003a FFF7FEFF 		bl	Error_Handler
  81              	.L6:
  82 003e 0021     		movs	r1, #0
  83 0040 2320     		movs	r0, #35
  84 0042 FFF7FEFF 		bl	irq_enable
  85 0046 2122     		movs	r2, #33
  86 0048 0623     		movs	r3, #6
  87 004a CDE90123 		strd	r2, r3, [sp, #4]
  88 004e 0023     		movs	r3, #0
  89 0050 4FF40022 		mov	r2, #524288
  90 0054 CDE90623 		strd	r2, r3, [sp, #24]
  91 0058 0122     		movs	r2, #1
  92 005a 1249     		ldr	r1, .L13+8
  93 005c 01A8     		add	r0, sp, #4
  94 005e CDE90333 		strd	r3, r3, [sp, #12]
  95 0062 CDE90C33 		strd	r3, r3, [sp, #48]
  96 0066 CDE90F33 		strd	r3, r3, [sp, #60]
  97 006a CDE91933 		strd	r3, r3, [sp, #100]
  98 006e 0593     		str	r3, [sp, #20]
  99 0070 0893     		str	r3, [sp, #32]
 100 0072 1293     		str	r3, [sp, #72]
 101 0074 1B93     		str	r3, [sp, #108]
 102 0076 CDE90A22 		strd	r2, r2, [sp, #40]
 103 007a FFF7FEFF 		bl	HAL_DMAEx_List_BuildNode
 104 007e 0949     		ldr	r1, .L13+8
 105 0080 0948     		ldr	r0, .L13+12
 106 0082 FFF7FEFF 		bl	HAL_DMAEx_List_InsertNode_Tail
 107 0086 0849     		ldr	r1, .L13+12
 108 0088 0548     		ldr	r0, .L13+4
 109 008a FFF7FEFF 		bl	HAL_DMAEx_List_LinkQ
 110 008e 074B     		ldr	r3, .L13+16
 111 0090 C3F88440 		str	r4, [r3, #132]
 112 0094 E365     		str	r3, [r4, #92]
 113 0096 1CB0     		add	sp, sp, #112
 114              		@ sp needed
 115 0098 10BD     		pop	{r4, pc}
 116              	.L14:
 117 009a 00BF     		.align	2
ARM GAS  /tmp/ccKKmZDl.s 			page 3


 118              	.L13:
 119 009c 50030240 		.word	1073873744
 120 00a0 00000000 		.word	.LANCHOR0
 121 00a4 00000000 		.word	.LANCHOR1
 122 00a8 00000000 		.word	.LANCHOR2
 123 00ac 00000000 		.word	hspi1
 125              		.section	.text.dma_init_spi_tx,"ax",%progbits
 126              		.align	1
 127              		.global	dma_init_spi_tx
 128              		.syntax unified
 129              		.thumb
 130              		.thumb_func
 131              		.fpu fpv4-sp-d16
 133              	dma_init_spi_tx:
 134              		@ args = 0, pretend = 0, frame = 112
 135              		@ frame_needed = 0, uses_anonymous_args = 0
 136 0000 10B5     		push	{r4, lr}
 137 0002 274B     		ldr	r3, .L24
 138 0004 274C     		ldr	r4, .L24+4
 139 0006 4FF40000 		mov	r0, #8388608
 140 000a 2360     		str	r3, [r4]
 141 000c 0023     		movs	r3, #0
 142 000e 4FF4003C 		mov	ip, #131072
 143 0012 C4E90E03 		strd	r0, r3, [r4, #56]
 144 0016 4FF04043 		mov	r3, #-1073741824
 145 001a C4E910C3 		strd	ip, r3, [r4, #64]
 146 001e 8023     		movs	r3, #128
 147 0020 9CB0     		sub	sp, sp, #112
 148 0022 2046     		mov	r0, r4
 149 0024 A364     		str	r3, [r4, #72]
 150 0026 FFF7FEFF 		bl	HAL_DMAEx_List_Init
 151 002a 08B1     		cbz	r0, .L16
 152 002c FFF7FEFF 		bl	Error_Handler
 153              	.L16:
 154 0030 1021     		movs	r1, #16
 155 0032 1C48     		ldr	r0, .L24+4
 156 0034 FFF7FEFF 		bl	HAL_DMA_ConfigChannelAttributes
 157 0038 08B1     		cbz	r0, .L17
 158 003a FFF7FEFF 		bl	Error_Handler
 159              	.L17:
 160 003e 0021     		movs	r1, #0
 161 0040 2420     		movs	r0, #36
 162 0042 FFF7FEFF 		bl	irq_enable
 163 0046 2122     		movs	r2, #33
 164 0048 0723     		movs	r3, #7
 165 004a CDE90123 		strd	r2, r3, [sp, #4]
 166 004e 0023     		movs	r3, #0
 167 0050 4FF48062 		mov	r2, #1024
 168 0054 CDE90332 		strd	r3, r2, [sp, #12]
 169 0058 0822     		movs	r2, #8
 170 005a CDE90523 		strd	r2, r3, [sp, #20]
 171 005e 0122     		movs	r2, #1
 172 0060 CDE90A22 		strd	r2, r2, [sp, #40]
 173 0064 4FF48042 		mov	r2, #16384
 174 0068 0F49     		ldr	r1, .L24+8
 175 006a 01A8     		add	r0, sp, #4
 176 006c CDE90733 		strd	r3, r3, [sp, #28]
ARM GAS  /tmp/ccKKmZDl.s 			page 4


 177 0070 CDE90C23 		strd	r2, r3, [sp, #48]
 178 0074 CDE90F33 		strd	r3, r3, [sp, #60]
 179 0078 CDE91933 		strd	r3, r3, [sp, #100]
 180 007c 1293     		str	r3, [sp, #72]
 181 007e 1B93     		str	r3, [sp, #108]
 182 0080 FFF7FEFF 		bl	HAL_DMAEx_List_BuildNode
 183 0084 0849     		ldr	r1, .L24+8
 184 0086 0948     		ldr	r0, .L24+12
 185 0088 FFF7FEFF 		bl	HAL_DMAEx_List_InsertNode_Tail
 186 008c 0749     		ldr	r1, .L24+12
 187 008e 0548     		ldr	r0, .L24+4
 188 0090 FFF7FEFF 		bl	HAL_DMAEx_List_LinkQ
 189 0094 064B     		ldr	r3, .L24+16
 190 0096 C3F88040 		str	r4, [r3, #128]
 191 009a E365     		str	r3, [r4, #92]
 192 009c 1CB0     		add	sp, sp, #112
 193              		@ sp needed
 194 009e 10BD     		pop	{r4, pc}
 195              	.L25:
 196              		.align	2
 197              	.L24:
 198 00a0 D0030240 		.word	1073873872
 199 00a4 00000000 		.word	.LANCHOR3
 200 00a8 00000000 		.word	.LANCHOR4
 201 00ac 00000000 		.word	.LANCHOR5
 202 00b0 00000000 		.word	hspi1
 204              		.section	.text.GPDMA1_Channel6_IRQHandler,"ax",%progbits
 205              		.align	1
 206              		.global	GPDMA1_Channel6_IRQHandler
 207              		.syntax unified
 208              		.thumb
 209              		.thumb_func
 210              		.fpu fpv4-sp-d16
 212              	GPDMA1_Channel6_IRQHandler:
 213              		@ args = 0, pretend = 0, frame = 0
 214              		@ frame_needed = 0, uses_anonymous_args = 0
 215              		@ link register save eliminated.
 216 0000 0148     		ldr	r0, .L27
 217 0002 FFF7FEBF 		b	HAL_DMA_IRQHandler
 218              	.L28:
 219 0006 00BF     		.align	2
 220              	.L27:
 221 0008 00000000 		.word	.LANCHOR0
 223              		.section	.text.GPDMA1_Channel7_IRQHandler,"ax",%progbits
 224              		.align	1
 225              		.global	GPDMA1_Channel7_IRQHandler
 226              		.syntax unified
 227              		.thumb
 228              		.thumb_func
 229              		.fpu fpv4-sp-d16
 231              	GPDMA1_Channel7_IRQHandler:
 232              		@ args = 0, pretend = 0, frame = 0
 233              		@ frame_needed = 0, uses_anonymous_args = 0
 234              		@ link register save eliminated.
 235 0000 0148     		ldr	r0, .L30
 236 0002 FFF7FEBF 		b	HAL_DMA_IRQHandler
 237              	.L31:
ARM GAS  /tmp/ccKKmZDl.s 			page 5


 238 0006 00BF     		.align	2
 239              	.L30:
 240 0008 00000000 		.word	.LANCHOR3
 242              		.section	.bss.Node_rx,"aw",%nobits
 243              		.align	2
 244              		.set	.LANCHOR1,. + 0
 247              	Node_rx:
 248 0000 00000000 		.space	36
 248      00000000 
 248      00000000 
 248      00000000 
 248      00000000 
 249              		.section	.bss.Node_tx,"aw",%nobits
 250              		.align	2
 251              		.set	.LANCHOR4,. + 0
 254              	Node_tx:
 255 0000 00000000 		.space	36
 255      00000000 
 255      00000000 
 255      00000000 
 255      00000000 
 256              		.section	.bss.Queue_rx,"aw",%nobits
 257              		.align	2
 258              		.set	.LANCHOR2,. + 0
 261              	Queue_rx:
 262 0000 00000000 		.space	24
 262      00000000 
 262      00000000 
 262      00000000 
 262      00000000 
 263              		.section	.bss.Queue_tx,"aw",%nobits
 264              		.align	2
 265              		.set	.LANCHOR5,. + 0
 268              	Queue_tx:
 269 0000 00000000 		.space	24
 269      00000000 
 269      00000000 
 269      00000000 
 269      00000000 
 270              		.section	.bss.handle_GPDMA1_Channel6,"aw",%nobits
 271              		.align	2
 272              		.set	.LANCHOR0,. + 0
 275              	handle_GPDMA1_Channel6:
 276 0000 00000000 		.space	120
 276      00000000 
 276      00000000 
 276      00000000 
 276      00000000 
 277              		.section	.bss.handle_GPDMA1_Channel7,"aw",%nobits
 278              		.align	2
 279              		.set	.LANCHOR3,. + 0
 282              	handle_GPDMA1_Channel7:
 283 0000 00000000 		.space	120
 283      00000000 
 283      00000000 
 283      00000000 
 283      00000000 
ARM GAS  /tmp/ccKKmZDl.s 			page 6


 284              		.ident	"GCC: (15:10.3-2021.07-4) 10.3.1 20210621 (release)"
ARM GAS  /tmp/ccKKmZDl.s 			page 7


DEFINED SYMBOLS
                            *ABS*:0000000000000000 dma.c
     /tmp/ccKKmZDl.s:16     .text.dma_init:0000000000000000 $t
     /tmp/ccKKmZDl.s:25     .text.dma_init:0000000000000000 dma_init
     /tmp/ccKKmZDl.s:45     .text.dma_init:0000000000000024 $d
     /tmp/ccKKmZDl.s:48     .text.dma_init_spi_rx:0000000000000000 $t
     /tmp/ccKKmZDl.s:55     .text.dma_init_spi_rx:0000000000000000 dma_init_spi_rx
     /tmp/ccKKmZDl.s:119    .text.dma_init_spi_rx:000000000000009c $d
     /tmp/ccKKmZDl.s:126    .text.dma_init_spi_tx:0000000000000000 $t
     /tmp/ccKKmZDl.s:133    .text.dma_init_spi_tx:0000000000000000 dma_init_spi_tx
     /tmp/ccKKmZDl.s:198    .text.dma_init_spi_tx:00000000000000a0 $d
     /tmp/ccKKmZDl.s:205    .text.GPDMA1_Channel6_IRQHandler:0000000000000000 $t
     /tmp/ccKKmZDl.s:212    .text.GPDMA1_Channel6_IRQHandler:0000000000000000 GPDMA1_Channel6_IRQHandler
     /tmp/ccKKmZDl.s:221    .text.GPDMA1_Channel6_IRQHandler:0000000000000008 $d
     /tmp/ccKKmZDl.s:224    .text.GPDMA1_Channel7_IRQHandler:0000000000000000 $t
     /tmp/ccKKmZDl.s:231    .text.GPDMA1_Channel7_IRQHandler:0000000000000000 GPDMA1_Channel7_IRQHandler
     /tmp/ccKKmZDl.s:240    .text.GPDMA1_Channel7_IRQHandler:0000000000000008 $d
     /tmp/ccKKmZDl.s:243    .bss.Node_rx:0000000000000000 $d
     /tmp/ccKKmZDl.s:247    .bss.Node_rx:0000000000000000 Node_rx
     /tmp/ccKKmZDl.s:250    .bss.Node_tx:0000000000000000 $d
     /tmp/ccKKmZDl.s:254    .bss.Node_tx:0000000000000000 Node_tx
     /tmp/ccKKmZDl.s:257    .bss.Queue_rx:0000000000000000 $d
     /tmp/ccKKmZDl.s:261    .bss.Queue_rx:0000000000000000 Queue_rx
     /tmp/ccKKmZDl.s:264    .bss.Queue_tx:0000000000000000 $d
     /tmp/ccKKmZDl.s:268    .bss.Queue_tx:0000000000000000 Queue_tx
     /tmp/ccKKmZDl.s:271    .bss.handle_GPDMA1_Channel6:0000000000000000 $d
     /tmp/ccKKmZDl.s:275    .bss.handle_GPDMA1_Channel6:0000000000000000 handle_GPDMA1_Channel6
     /tmp/ccKKmZDl.s:278    .bss.handle_GPDMA1_Channel7:0000000000000000 $d
     /tmp/ccKKmZDl.s:282    .bss.handle_GPDMA1_Channel7:0000000000000000 handle_GPDMA1_Channel7

UNDEFINED SYMBOLS
HAL_DMAEx_List_Init
Error_Handler
HAL_DMA_ConfigChannelAttributes
irq_enable
HAL_DMAEx_List_BuildNode
HAL_DMAEx_List_InsertNode_Tail
HAL_DMAEx_List_LinkQ
hspi1
HAL_DMA_IRQHandler
