ARM GAS  /tmp/ccWqwsBO.s 			page 1


   1              		.cpu cortex-m33
   2              		.eabi_attribute 27, 1
   3              		.eabi_attribute 28, 1
   4              		.eabi_attribute 20, 1
   5              		.eabi_attribute 21, 1
   6              		.eabi_attribute 23, 3
   7              		.eabi_attribute 24, 1
   8              		.eabi_attribute 25, 1
   9              		.eabi_attribute 26, 1
  10              		.eabi_attribute 30, 4
  11              		.eabi_attribute 34, 1
  12              		.eabi_attribute 18, 4
  13              		.file	"gpio.c"
  14              		.section	.gnu.lto_.profile.e5e1233b3f429271,"e",%progbits
  15 0000 789C6362 		.ascii	"x\234cb\000\001\000\000\022\000\003"
  15      00010000 
  15      120003
  16              		.text
  17              		.section	.gnu.lto_.icf.e5e1233b3f429271,"e",%progbits
  18 0000 789C9367 		.ascii	"x\234\223g@\000V\206)m\233\005\031\017\235?\262\200"
  18      40005686 
  18      296D9B05 
  18      190F9D3F 
  18      B280
  19 0012 9BE9F9CD 		.ascii	"\233\351\371\315\353S9\231\357\337\235w\214\213e\346"
  19      EB533999 
  19      EFDF9D77 
  19      8C8B65E6 
  20 0022 FC53B3D9 		.ascii	"\374S\263\331\031\000\340\216\016\020"
  20      1900E08E 
  20      0E10
  21              		.text
  22              		.section	.gnu.lto_.ipa_sra.e5e1233b3f429271,"e",%progbits
  23 0000 789C3365 		.ascii	"x\2343e@\000\026\006F\020\305\310\010\246\230\231\231"
  23      40001606 
  23      4610C5C8 
  23      08A69899 
  23      99
  24 0011 81242B4C 		.ascii	"\201$+L\222\221\211\261\201\005\312\004)\204A\000\034"
  24      929189B1 
  24      8105CA04 
  24      29844100 
  24      1C
  25 0022 C600DE   		.ascii	"\306\000\336"
  26              		.text
  27              		.section	.gnu.lto_.inline.e5e1233b3f429271,"e",%progbits
  28 0000 789CEB62 		.ascii	"x\234\353bd\200\003\026\006\026\256\206\206\206\005"
  28      64800316 
  28      0616AE86 
  28      868605
  29 000f 4C698C0C 		.ascii	"Li\214\014L|@\326\001\346T\006\0066 \243\201)\205\211"
  29      4C7C40D6 
  29      01E65406 
  29      063620A3 
  29      81298589 
  30 0023 8109A884 		.ascii	"\201\011\250\204\221\201}\305\216\275W\230R\031\231"
  30      91817DC5 
ARM GAS  /tmp/ccWqwsBO.s 			page 2


  30      8EBD5798 
  30      521999
  31 0032 18729630 		.ascii	"\030r\22603Lb\006\022\214\374 \031 \003\010X\031\030"
  31      334C6206 
  31      128CFC20 
  31      19200308 
  31      581918
  32 0045 1A81EAEB 		.ascii	"\032\201\352\353P\364\261@\230\014\034\014L\013\037"
  32      50F4B140 
  32      980C1C0C 
  32      4C0B1F
  33 0054 7EBDC894 		.ascii	"~\275\310\224\004\264\011\301\344`\001\352c\226\020"
  33      04B409C1 
  33      E46001EA 
  33      639610
  34 0063 D9F2FEC1 		.ascii	"\331\362\376\301,\246tF\016\306\\\220\231[\200\016c"
  34      2CA67446 
  34      0EC65C90 
  34      995B800E 
  34      63
  35 0074 CC81B198 		.ascii	"\314\201\261\230\012\22603\202,c\004\271\227\251\020"
  35      0A963033 
  35      822C6304 
  35      B997A910 
  36 0084 C4D88A2A 		.ascii	"\304\330\212*\316\010\023\337\006\322\011u\016\023\220"
  36      CE0813DF 
  36      06D20975 
  36      0E1390
  37 0093 06E9E0E0 		.ascii	"\006\351\340\340\000;\001\344\235F\014g5\000\231`\307"
  37      003B01E4 
  37      9D460C67 
  37      35009960 
  37      C7
  38 00a4 2473209C 		.ascii	"$s \234\310\001\024\346@\2107\260\0009\237[^\034aNR"
  38      C80114E6 
  38      408837B0 
  38      00399F5B 
  38      5E1C614E 
  39 00b9 00F18004 		.ascii	"\000\361\200\004\323G\0207\301\001\310\004a\240\037"
  39      D3471037 
  39      C101C804 
  39      61A01F
  40 00c8 78181802 		.ascii	"x\030\030\002\200\342\023\374\200\336\343\006\232\375"
  40      80E213FC 
  40      80DEE306 
  40      9AFD
  41 00d6 81298311 		.ascii	"\201)\203\021\024l\230!\002t\031788\261R\014\000\350"
  41      146C9821 
  41      02741937 
  41      3838B152 
  41      0C00E8
  42 00e9 5B54BA   		.ascii	"[T\272"
  43              		.text
  44              		.section	.gnu.lto_.jmpfuncs.e5e1233b3f429271,"e",%progbits
  45 0000 789C558B 		.ascii	"x\234U\213\321\011\200@\014C\2236\342\247\033\25338"
  45      D1098040 
  45      0C439336 
ARM GAS  /tmp/ccWqwsBO.s 			page 3


  45      E2A71BAB 
  45      3338
  46 0012 C30DE008 		.ascii	"\303\015\340\010\016&h\257E\305Bh\363\350\333\361\215"
  46      0E2668AF 
  46      45C54268 
  46      F3E8DBF1 
  46      8D
  47 0023 4072696E 		.ascii	"@rin\254\015\3678F6\367\336\"\224f\020<DD\256\230)\304"
  47      AC0DF738 
  47      4636F7DE 
  47      22946610 
  47      3C4444AE 
  48 003a A79FBDD3 		.ascii	"\247\237\275\3236o.\262V\376\010\260\304\003\327\322"
  48      366F2EB2 
  48      56FE08B0 
  48      C403D7D2 
  49 004a D7745EAA 		.ascii	"\327t^\252\204\3721Kf?Vr\271\270\001\327\364$\253"
  49      84FA314B 
  49      663F5672 
  49      B9B801D7 
  49      F424AB
  50              		.text
  51              		.section	.gnu.lto_.pureconst.e5e1233b3f429271,"e",%progbits
  52 0000 789CE365 		.ascii	"x\234\343e```a\230\305\302\330\300\302<\203\205e\006"
  52      60606061 
  52      98C5C2D8 
  52      C0C23C83 
  52      856506
  53 0013 0B001067 		.ascii	"\013\000\020g\002t"
  53      0274
  54              		.text
  55              		.section	.gnu.lto_.lto.e5e1233b3f429271,"e",%progbits
  56 0000 09000400 		.ascii	"\011\000\004\000\001\000\000\000"
  56      01000000 
  57              		.text
  58              		.section	.gnu.lto_LL_AHB2_GRP1_EnableClock.203.e5e1233b3f429271,"e",%progbits
  59 0000 789C7550 		.ascii	"x\234uPAh\023Q\020\235\267\263\3314\036<{TD\212\207"
  59      41681351 
  59      109DB7B3 
  59      D9341E3C 
  59      7B54448A 
  60 0015 E4D79662 		.ascii	"\344\327\226b\275)xPP(T\317\241M\242]\222\264\313\356"
  60      BD297850 
  60      502854CF 
  60      A14DA25D 
  60      92B4CBEE 
  61 0029 A6F620F4 		.ascii	"\246\366 \3647\"J\020\322D(\036L\305\260x\325\213\332"
  61      37224A10 
  61      D244281E 
  61      4CC5B078 
  61      D58BDA
  62 003c 9A2AA1E0 		.ascii	"\232*\241\340]\304 \275\331\263P\212\007\255 \350\374"
  62      5DC420BD 
  62      D9B3508A 
  62      07AD20E8 
  62      FC
  63 004d 4D683DE8 		.ascii	"Mh=\350\207\031\346\315\1773of>\203\250JD'\305\300\204"
ARM GAS  /tmp/ccWqwsBO.s 			page 4


  63      8719E6CD 
  63      7F336F66 
  63      3E83A84A 
  63      4427C5C0 
  64 0062 66A36691 		.ascii	"f\243f\221\326\372|\322\302r\243\226B\0071\002-YX\302"
  64      D6FA7CD2 
  64      C272A396 
  64      42073102 
  64      2D5958C2 
  65 0076 433E2D70 		.ascii	"C>-p\377\375Z\2533Q\325w\217EL\264&\026\277\307\214"
  65      FFFD5AAB 
  65      3351D577 
  65      8F454CB4 
  65      2616BFC7 
  66 008b 26470CD8 		.ascii	"&G\014\330\203\310\302q\2118\244\341\256\326\037\366"
  66      83C8C271 
  66      8938A4E1 
  66      AED61FF6 
  67 009b D7B54E51 		.ascii	"\327\265NQ\304\214\327\220\032\274\002^\212\272$\372"
  67      C48CD790 
  67      1ABC025E 
  67      8ABA24FA 
  68 00ab B57CDBF8 		.ascii	"\265|\333\370S;Z\357=\351D;\320M\215\210ml\374\315\226"
  68      533B5AEF 
  68      3DE9443B 
  68      D04D8D88 
  68      6D6CFCCD 
  69 00c0 E710DE60 		.ascii	"\347\020\336`\240*\031\010z\3761\321\325\277~\327\265"
  69      A02A1908 
  69      7AFE31D1 
  69      D5BF7ED7 
  69      B5
  70 00d1 FEB18DC6 		.ascii	"\376\261\215\306\203\257G\217@\372&,\343\3308\3338\007"
  70      83AF478F 
  70      40FA262C 
  70      E3D838DB 
  70      3807
  71 00e3 58879920 		.ascii	"X\207\231 ATg\263\245\266\241\273D+l\365\301\262\200"
  71      415467B3 
  71      A5B6A1BB 
  71      442B6CF5 
  71      C1B280
  72 00f6 5D6C6D6E 		.ascii	"]lmn|j9m\306`\015\007t\020\351G\367_\230\365\236\231"
  72      7C6A396D 
  72      C6600D07 
  72      7410E947 
  72      F75F98F5 
  73 010c B30C459C 		.ascii	"\263\014E\234\304[`\0234r\302\214\372\016\255x\254]"
  73      C45B6013 
  73      3472C28C 
  73      FA0EAD78 
  73      AC5D
  74 011e DC69DE43 		.ascii	"\334i\336C\233-i\322f\307\364\334\253\341\277e\335~"
  74      9B2D69D2 
  74      66C7F4DC 
  74      ABE1BF65 
  74      DD7E
ARM GAS  /tmp/ccWqwsBO.s 			page 5


  75 0130 99F0FBEA 		.ascii	"\231\360\373\352\275\326D\233\371_\364\2471\264\261"
  75      BDD6449B 
  75      F95FF4A7 
  75      31B4B1
  76 013f 7528B46A 		.ascii	"u(\264j\204l\341\037\010\365\314I$g\320\352\317\236"
  76      846CE11F 
  76      08F5CC49 
  76      2467D0EA 
  76      CF9E
  77 0151 5925654E 		.ascii	"Y%eN\366\015\325/\333\337\207\342#\326\031\207\373\023"
  77      F60DD52F 
  77      DBDF87E2 
  77      23D61987 
  77      FB13
  78 0163 9D55E5B9 		.ascii	"\235U\345\271P\345TX\366T\336\365J\363\345\342\264\012"
  78      50E55458 
  78      F654DEF5 
  78      4AF3E5E2 
  78      B40A
  79 0175 FD79CFCD 		.ascii	"\375y\317\315\215\234I\007ayl\2642\236\256\0043\351"
  79      8D9C4907 
  79      61796CB4 
  79      329EAE04 
  79      33E9
  80 0187 7C61A1E8 		.ascii	"|a\241\350\206\351\033\267\324\264\347\321\271LF\005"
  80      86E91BB7 
  80      D4B4E7D1 
  80      B94C4605 
  81 0197 F9A28A19 		.ascii	"\371\242\212\031j\352\332\325\261\321\353\343\213\213"
  81      6AEADAD5 
  81      B1D1EBE3 
  81      8B8B
  82 01a5 D94B17AE 		.ascii	"\331K\027\256d/\372\356B\301W\227\347rj\320@>J\245\354"
  82      642FFAEE 
  82      42C15797 
  82      E7726AD0 
  82      403E4AA5 
  83 01ba 4C25C8CC 		.ascii	"L%\310\314Rr\262\340\273\336l\340\210\244_\270\371\007"
  83      5272B2E0 
  83      BBDE6CE0 
  83      88A45FB8 
  83      F907
  84 01cc 91BEBBB8 		.ascii	"\221\276\273\270"
  85              		.text
  86              		.section	.gnu.lto_gpio_ll_map.273.e5e1233b3f429271,"e",%progbits
  87 0000 789C4DCE 		.ascii	"x\234M\3169NCA\020E\321>\277\315<.\201-\000\021\273"
  87      394E4341 
  87      1045D13E 
  87      BFCD3C2E 
  87      812D0011 
  88 0015 FB2222B6 		.ascii	"\373\"\"\266DF@\340%`\346\301`3\330\306\206%\201\020"
  88      444640E0 
  88      2560E6C1 
  88      6033D8C6 
  88      86258110 
  89 0029 AA72AB83 		.ascii	"\252r\253\203\247\223\324=U\312\357\377{gU\267\366j"
  89      A793D43D 
ARM GAS  /tmp/ccWqwsBO.s 			page 6


  89      55CAEFFF 
  89      7B6755B7 
  89      F66A
  90 003b D1B6CDFF 		.ascii	"\321\266\315\377fgA\205n\247\016J\350V\352^\340f\342"
  90      66674185 
  90      6EA70E4A 
  90      E856EA5E 
  90      E066E2
  91 004e 6EE046E2 		.ascii	"n\340F\342j\340zb'p-\261\311\231%+\201\013!\313\201"
  91      6AE07A62 
  91      27702DB1 
  91      C999252B 
  91      810B21CB 
  92 0063 D9B11496 		.ascii	"\331\261\024\226\031\235\260\254\250a\031\221\227s9"
  92      199DB0AC 
  92      A8611991 
  92      977339
  93 0072 3A3E69CF 		.ascii	":>i\317\365jc\3377\007\276\2303\343\223)\023\306|\360"
  93      F56A63DF 
  93      3707BE98 
  93      33E39329 
  93      13C67CF0 
  94 0086 CE1BAF8C 		.ascii	"\316\033\257\214\030r\350\205g\006<\361\310\003\367"
  94      1872E885 
  94      67063CF1 
  94      C803F7
  95 0095 DC71CB0D 		.ascii	"\334q\313\015\327\\qI\237\013\345\007\271\260Xx"
  95      D75C7149 
  95      9F0BE507 
  95      B9B05878 
  96              		.text
  97              		.section	.gnu.lto_gpio_pin_code.274.e5e1233b3f429271,"e",%progbits
  98 0000 789C458F 		.ascii	"x\234E\217?H[Q\024\306\317w\317}I\273X\034\334\273\211"
  98      3F485B51 
  98      14C6CF77 
  98      CF7D49BB 
  98      581CDCBB 
  99 0015 85E4A611 		.ascii	"\205\344\246\021qu\222\322Ip\026\261\211-\217\030\363"
  99      717592D2 
  99      497016B1 
  99      892D8F18 
  99      F3
 100 0026 302F76F4 		.ascii	"0/v\364\032\023\012\021\324\250\243\0154}\224N\272\244"
 100      1A130A11 
 100      D4A8A30D 
 100      347D944E 
 100      BAA4
 101 0038 FF688580 		.ascii	"\377h\205\200\270\247..:8\026\304A\220\226\"\350\271"
 101      B8A72E2E 
 101      3A3816C4 
 101      41909622 
 101      E8B9
 102 004a AF528773 		.ascii	"\257R\207s9\037\367w\316\371\276)\020M\022\321\270\024"
 102      391FF777 
 102      CEF9BE29 
 102      104D12D1 
 102      B814
ARM GAS  /tmp/ccWqwsBO.s 			page 7


 103 005c 3CC266B3 		.ascii	"<\302f\263\241\310Z;\226T\252\326\\U\370\206\363\367"
 103      A1C85A3B 
 103      9654AAD6 
 103      5C55F886 
 103      F3F7
 104 006e 67037AA5 		.ascii	"g\003z\245\331\267}\322z\242\031\333\315\306q5\031#"
 104      D9B77DD2 
 104      7AA219DB 
 104      CDC67135 
 104      1923
 105 0080 1ACBFF71 		.ascii	"\032\313\377q\320\222b\215%l\361\016c\223#&\350\273"
 105      D092628D 
 105      256CF10E 
 105      63932326 
 105      E8BB
 106 0092 0E783CD4 		.ascii	"\016x<\324\265\366\317a\353m#Y\177\026\261\242\226|"
 106      B5F6CF61 
 106      EB6D2359 
 106      7F16B1A2 
 106      967C
 107 00a4 7F023A72 		.ascii	"\177\002:r\236H0\236\240AAz\273\035k\231\"f|\201c\206"
 107      9E48309E 
 107      A041417A 
 107      BB1D6B99 
 107      22667C81 
 108 00ba 91212785 		.ascii	"\221!'\205J\220\233r>\245\366\216\274\256\275\276Y\267"
 108      4A909B72 
 108      3EA5F68E 
 108      BCAEBDBE 
 108      59B7
 109 00cc F677FF67 		.ascii	"\366w\377g/\001a\264\222G\311\261\257\022\304\335\240"
 109      2F0161B4 
 109      9247C9B1 
 109      AF12C4DD 
 109      A0
 110 00dd 7576DEAC 		.ascii	"uv\336\254\206\355\022m\260\372'\226E\374B\355\364\340"
 110      86ED126D 
 110      B0FA2796 
 110      45FC42ED 
 110      F4E0
 111 00ef A6DB2FF1 		.ascii	"\246\333/\361\332\314\316#\343\221\333-\030\277;\273"
 111      DACCCE23 
 111      E391DB2D 
 111      18BF3BBB 
 112 00ff FAA962EC 		.ascii	"\372\251b\354\002\325\3537\222\266\315\016s\262\367"
 112      02D5EB37 
 112      92B6CD0E 
 112      73B2F7
 113 010e B0CDDE5D 		.ascii	"\260\315\336],\017\316y\015\011i?r\034\343\003t\304"
 113      2C0FCE79 
 113      0D09693F 
 113      721CE303 
 113      74C4
 114 0120 09FC00BE 		.ascii	"\011\374\000\276\203\2625k\037D\234\304\276L\307A\335"
 114      83B2356B 
 114      1F449CC4 
 114      BE4CC741 
ARM GAS  /tmp/ccWqwsBO.s 			page 8


 114      DD
 115 0131 7A7DEFE2 		.ascii	"z}\357\342\022\3251j;\247\364\027\312\255T \265V\177"
 115      12D5316A 
 115      3BA7F417 
 115      CAAD5420 
 115      B5567F
 116 0144 1EDBF278 		.ascii	"\036\333\362x\267\336'\031p\237\201h\324\024\347C\223"
 116      B7DE2719 
 116      709F8168 
 116      D414E743 
 116      93
 117 0155 33613130 		.ascii	"3a10y?\230+\025\0133&\\(\005~.\3634U\016\213\303\331"
 117      793F982B 
 117      150B3326 
 117      5C28057E 
 117      2EF33455 
 118 016d CA48AA52 		.ascii	"\312H\252R~\221\312\317.\026\3740\365\362\265\231\011"
 118      7E91CACF 
 118      2E16FC30 
 118      F5F2B599 
 118      09
 119 017e 021A48A7 		.ascii	"\002\032H\247M9_0\371\205\305\351\312\210y\025\370\245"
 119      4D395F30 
 119      F985C5E9 
 119      CA887915 
 119      F8A5
 120 0190 748E38F0 		.ascii	"t\2168\360\347o\001\323h\214\317"
 120      E76F01D3 
 120      688CCF
 121              		.text
 122              		.section	.gnu.lto_gpio_pin_init.275.e5e1233b3f429271,"e",%progbits
 123 0000 789C5552 		.ascii	"x\234URMHTQ\024\276\347\335\373f\336\3744F0a\320\302"
 123      4D485451 
 123      14BEE7DD 
 123      FB66DEFC 
 123      34463061 
 124 0016 828884F1 		.ascii	"\202\210\204\361\231\"\321&\334\205\253\204h\321&\261"
 124      9922D126 
 124      DC85AB84 
 124      68D126B1 
 125 0026 198BC1C6 		.ascii	"\031\213\301\306y\214ol\351u\034\023l1\363,*B\307\230"
 125      798C6F6C 
 125      E9751C13 
 125      6C31F32C 
 125      2A42C798 
 126 003a 1EE2A6DC 		.ascii	"\036\342\246\334X9\375\216\231\021Q\240-\332X\242\265"
 126      5839FD8E 
 126      991151A0 
 126      2DDA58A2 
 126      B5
 127 004b B0426212 		.ascii	"\260Bb\022*\003\303\316\275o\254|p\337;\367\334\357"
 127      2A03C3CE 
 127      BD6FAC7C 
 127      70DF3BF7 
 127      DCEF
 128 005d FBCE77CE 		.ascii	"\373\316w\316}\257\024Bb\204\020\216\013<\004\006\255"
 128      7DAF1442 
ARM GAS  /tmp/ccWqwsBO.s 			page 9


 128      6284108E 
 128      0B3C0406 
 128      AD
 129 006e 018570CE 		.ascii	"\001\205p\316\033\335\212\322o]T`\012Vn.\005Y\257\025"
 129      1BDD8AD2 
 129      6F5D5460 
 129      0A566E2E 
 129      0559AF15 
 130 0082 B8FC2E57 		.ascii	"\270\374.W\315\250r\301\362\015\334\316\004Y\332\012"
 130      CDA872C1 
 130      F20DDCCE 
 130      0459DA0A 
 131 0092 FC982B55 		.ascii	"\374\230+U3\246\364Y>dT\261~+ \277*\\\261\274R\303\005"
 131      33A6F459 
 131      3E6454B1 
 131      7E2B20BF 
 131      2A5CB1BC 
 132 00a9 D706F320 		.ascii	"\327\006\363 C\267\010\3678\322\032\364\224\001@\272"
 132      43B708F7 
 132      38D21AF4 
 132      940140BA 
 133 00b9 15CA5417 		.ascii	"\025\312T\027\246\272\341\022=\200\311\265\231\334-"
 133      A6BAE112 
 133      3D80C9B5 
 133      99DC2D
 134 00c8 7F5FA54D 		.ascii	"\177_\245M\011\311\341\222\317\020\205AjS\000V\216\024"
 134      09C9E192 
 134      CF108541 
 134      6A530056 
 134      8E14
 135 00da A8C28836 		.ascii	"\250\302\2106\223\375E\316g_Nr\356!6\245p\017\220\003"
 135      93FD45CE 
 135      675F4E72 
 135      EE2136A5 
 135      700F9003 
 136 00ee 7701EE00 		.ascii	"w\001\356\000\021\011\301\244'\034\324\374\004\347\024"
 136      1109C1A4 
 136      271CD4FC 
 136      04E714
 137 00fd 930C0A12 		.ascii	"\223\014\012\022U\017\265\002\303$\346\244\203Y)+\251"
 137      550FB502 
 137      C324E6A4 
 137      8359292B 
 137      A9
 138 010e F060AB92 		.ascii	"\360`\253\222\372\277\213\312\277.\212 \310\247\304"
 138      FABF8BCA 
 138      BF2E8A20 
 138      C8A7C4
 139 011d D1BE2CE7 		.ascii	"\321\276,\347\245\361U\366\2023\233\272\340\211\344"
 139      A5F155F6 
 139      82339BBA 
 139      E089E4
 140 012c 3F067804 		.ascii	"?\006x\004\262\005\027Ap\271#\314\000\356\306\337\250"
 140      B2051741 
 140      70B923CC 
 140      00EEC6DF 
 140      A8
ARM GAS  /tmp/ccWqwsBO.s 			page 10


 141 013d 45BEBE91 		.ascii	"E\276\276\221\341\374\347\216\267\276\355\200e\334\012"
 141      E1FCE78E 
 141      B7BEED80 
 141      65DC0A
 142 014c BE340DE0 		.ascii	"\2764\015\340>x\001\036\202\037`\022\321\031J6\360\241"
 142      3E78011E 
 142      821F6012 
 142      D1194A36 
 142      F0A1
 143 015e C08B8464 		.ascii	"\300\213\204d\251\342lzp\363\025R\013\277\256\026\304"
 143      A9E26C7A 
 143      70F31552 
 143      0BBFAE16 
 143      C4
 144 016f 3DA1E2E1 		.ascii	"=\241\342\341\224\206\265\311gH\277\237^\236\202<\325"
 144      9486B5C9 
 144      6748BF9F 
 144      5E9E823C 
 144      D5
 145 0180 844D0615 		.ascii	"\204M\006\025\322B\226\322\033K\337\347\224M\342z\377"
 145      D24296D2 
 145      1B4BDFE7 
 145      944DE27A 
 145      FF
 146 0191 F2474F9E 		.ascii	"\362GO\236\012\230\330\316b\254\224;\363\200h)\015."
 146      0A98D8CE 
 146      62AC943B 
 146      F3806829 
 146      0D2E
 147 01a3 0CC7A86C 		.ascii	"\014\307\250l}\024\260//\314\000<\003R\227\346\034K"
 147      7D14B02F 
 147      2FCC003C 
 147      035297E6 
 147      1C4B
 148 01b5 F9E039B2 		.ascii	"\371\3409\262e\203(P\032xMk\361\006\307v\332\324\217"
 148      65832850 
 148      1A784D6B 
 148      F106C776 
 148      DAD48F
 149 01c8 6E8645B3 		.ascii	"n\206E\263\250)\374|\232\336\020~\274B\\u&\202~X!5\361"
 149      A829FC7C 
 149      9ADE107E 
 149      BC425C75 
 149      26827E58 
 150 01df 01A41F89 		.ascii	"\001\244\037\211\031\377\362\017\003e\214:\324s\375"
 150      19FFF20F 
 150      03658C3A 
 150      D473FD
 151 01ee 1BD9F4BC 		.ascii	"\033\331\364\274\2726zD\326\330\275Y\003q\202\240IB"
 151      BA367A44 
 151      D6D8BD59 
 151      037182A0 
 151      4942
 152 0200 96BA7A17 		.ascii	"\226\272z\027\347\027\035\311\022\364-\026\202$\015"
 152      E7171DC9 
 152      12F42D16 
 152      82240D
ARM GAS  /tmp/ccWqwsBO.s 			page 11


 153 020f 8A4DB7E5 		.ascii	"\212M\267\345\0040O\375i\361;\242\365\000\222qh6\255"
 153      04304FFD 
 153      69F13BA2 
 153      F5009271 
 153      6836AD
 154 0222 40D9A70B 		.ascii	"@\331\247\013rz{\305\360\204\210\373\367\210=\"\347"
 154      727A7BC5 
 154      F08488FB 
 154      F7883D22 
 154      E7
 155 0233 04E2B030 		.ascii	"\004\342\2600\274k\313\261\206\022\234\311\343UH5:\335"
 155      BC6BCBB1 
 155      86129CC9 
 155      E3554835 
 155      3ADD
 156 0245 64283869 		.ascii	"d(8iqG\204\034\322c\035\246\036\326\315\230\241G\242"
 156      7147841C 
 156      D2631DA6 
 156      1ED6CD98 
 156      A147A2
 157 0258 C6B978AC 		.ascii	"\306\271x\254\275U7\023q#\032\256=\030\3524c\365u\311"
 157      BD553713 
 157      71231AAE 
 157      3D18EA34 
 157      63F575C9 
 158 026c 8650B2F3 		.ascii	"\206P\262\363t(\322\326\325\0365Cg\316\353\255\206A"
 158      7428D2D6 
 158      D51E3543 
 158      67CEEBAD 
 158      8641
 159 027e 8235357A 		.ascii	"\20255zg\244]\217$\272Z\222\015\372Y#\032\257\011\023"
 159      67A45D8F 
 159      24BA5A92 
 159      0DFA5923 
 159      1AAF0913 
 160 0292 66C41326 		.ascii	"f\304\023&5\242\035,\026\217\264U\034mn:\326\322\324"
 160      35A21D2C 
 160      168FB455 
 160      1C6D6E3A 
 160      D6D2D4
 161 02a5 11358F9B 		.ascii	"\0215\217\233\211d\330\374\003xA\031\316"
 161      8964D8FC 
 161      03784119 
 161      CE
 162              		.text
 163              		.section	.gnu.lto_gpio_init.276.e5e1233b3f429271,"e",%progbits
 164 0000 789C7BC4 		.ascii	"x\234{\304\300\300\340\017\304\312@\314\310\314\300"
 164      C0C0E00F 
 164      C4CA40CC 
 164      C8CCC0
 165 000f 38696217 		.ascii	"8ib\027\023CCC\203\003;\023c\343\304.N\306\255\214`"
 165      13434343 
 165      83033B13 
 165      63E3C42E 
 165      4EC6AD8C 
 166 0024 1E23433D 		.ascii	"\036#C=\023c=\343dfM \367\307\321y\367yZ%\226030\314"
 166      13633DE3 
ARM GAS  /tmp/ccWqwsBO.s 			page 12


 166      64664D20 
 166      F7C7D179 
 166      F7795A25 
 167 003d 03622860 		.ascii	"\003b(`\203\361\030\201x\375%\326\003\015\177\376\367"
 167      83F11881 
 167      78FD25D6 
 167      030D7FFE 
 167      F7
 168 004e 37341C17 		.ascii	"74\034\027\273\306\013\224\352g\006\031\333\300\302"
 168      BBC60B94 
 168      EA670619 
 168      DBC0C2
 169 005d D8708081 		.ascii	"\330p\200\201a\0023\023\204\323\010\344|`lypY\224\241"
 169      61023313 
 169      84D308E4 
 169      7C606C79 
 169      705994A1 
 170 0071 85916909 		.ascii	"\205\221i\0113\343<f\240\356I\314K\230\231\030\031\227"
 170      33E33C66 
 170      A0EE49CC 
 170      4B989918 
 170      1997
 171 0083 30338325 		.ascii	"03\203%\2570bJ2\301$\257a\221d\201I\336\300\"\331\000"
 171      AF30624A 
 171      32C124AF 
 171      61916481 
 171      49DEC022 
 172 0099 36F71363 		.ascii	"6\367\023c\323\203\333\254`w\36733\"\\\306\300`\256"
 172      D383DBAC 
 172      6077F733 
 172      33225CC6 
 172      C060AE
 173 00ac 9F9B57A2 		.ascii	"\237\233W\242\237\254_\222[\240\237\222Y\220\223\237"
 173      9FAC5F92 
 173      5BA09F92 
 173      5990939F 
 174 00bc 9B9DA85F 		.ascii	"\233\235\250_R\224_\220\231l`\250[\\\222klTj\252[Z\234"
 174      52945F90 
 174      996C60A8 
 174      5B5C926B 
 174      6C546AAA 
 175 00d3 A49B925A 		.ascii	"\244\233\222Z\226\235Y\242\233V\256\237XP\300 \252\247"
 175      969D59A2 
 175      9B56AE9F 
 175      5850C020 
 175      AAA7
 176 00e5 A75F9C92 		.ascii	"\247_\234\222\255\237RT\026_j\252\237^\220\231\257\227"
 176      AD9F5254 
 176      165F6AAA 
 176      9F5E9099 
 176      AF97
 177 00f7 CC00006E 		.ascii	"\314\000\000n\314_\203"
 177      CC5F83
 178              		.text
 179              		.section	.gnu.lto_.symbol_nodes.e5e1233b3f429271,"e",%progbits
 180 0000 789CBBC0 		.ascii	"x\234\273\300\000\004L\247\031\353\031\032\200\200\205"
 180      00044CA7 
ARM GAS  /tmp/ccWqwsBO.s 			page 13


 180      19EB191A 
 180      808085
 181 000f 71C23906 		.ascii	"q\3029\006\206z\006\206\235\015\215\215\006\014\214"
 181      867A0686 
 181      9D0D8D8D 
 181      060C8C
 182 001e 0C60D949 		.ascii	"\014`\331IL\365\214(\262\273\032\032\031\241\222\254"
 182      4CF58C28 
 182      B2BB1A1A 
 182      19A192AC 
 183 002e 1399181A 		.ascii	"\023\231\030\032\235@\252&3\3253\375\007\002f,\252\230"
 183      9D40AA26 
 183      33D533FD 
 183      0702662C 
 183      AA98
 184 0040 A630D533 		.ascii	"\2460\3253\3432\202q*S=\313\177(\220\007+`\000\271\006"
 184      E3328271 
 184      2A533DCB 
 184      7F289007 
 184      2B6000B9 
 185 0055 24CBCCCC 		.ascii	"$\313\314\314\332\374\340\366\003F\306%l\314,P'*\301"
 185      DAFCE0F6 
 185      0346C625 
 185      6CCC2C50 
 185      272AC1
 186 0068 594E7056 		.ascii	"YNpV\022\234\325\304\310\000\000s\0049G"
 186      129CD5C4 
 186      C8000073 
 186      043947
 187              		.text
 188              		.section	.gnu.lto_.refs.e5e1233b3f429271,"e",%progbits
 189 0000 789CE365 		.ascii	"x\234\343e```dd`bf`df`ba`\000\000\001c\000\037"
 189      60606064 
 189      64606266 
 189      60646660 
 189      62616000 
 190              		.text
 191              		.section	.gnu.lto_.decls.e5e1233b3f429271,"e",%progbits
 192 0000 789CDD99 		.ascii	"x\234\335\231kp\024U\026\307\357\3513\311L&A\262\022"
 192      6B701455 
 192      16C7EFE9 
 192      33C94C26 
 192      41B212
 193 0013 4BCBDAB2 		.ascii	"K\313\332\262\242\262Ev-\030fF\021\375`\201\223 )AR"
 193      A2B24576 
 193      2D186646 
 193      11FD6081 
 193      93202941 
 194 0028 13A56AFD 		.ascii	"\023\245j\375\260)\314\3045\005yTH\\\267\366K\363\016"
 194      B029CCC4 
 194      35057954 
 194      485CB7F6 
 194      4BF30E
 195 003b 9084C8AA 		.ascii	"\220\204\310\252\274\202\006\021\015\362\012\010\010"
 195      BC820611 
 195      0DF20A08 
 195      08
ARM GAS  /tmp/ccWqwsBO.s 			page 14


 196 0048 8490105E 		.ascii	"\204\220\020^\341\035\360\301C%\210\002\003\004D\011"
 196      E11DF0C1 
 196      43258802 
 196      03044409 
 197 0058 10DE7B6E 		.ascii	"\020\336{n\337;\267\273\323\221\252\335\217;\305\355"
 197      DF3BB7BB 
 197      D391AADD 
 197      8F3BC5ED 
 198 0068 BEA7FB77 		.ascii	"\276\247\373w\377\347\334\323\267\357\275\035\360Q\306"
 198      FFE7DCD3 
 198      B7EFBD1D 
 198      F051C6
 199 0077 FEE5626C 		.ascii	"\376\345bl30v\217~\361\214\261CT\370y#\225&*[\251\234"
 199      3330768F 
 199      7EF18CB1 
 199      4354F879 
 199      2395262A 
 200 008e A7728B4A 		.ascii	"\247r\213J?&~qT\220\332\270\251$S\351C\345q*\364\217"
 200      3F267E71 
 200      5490DAB8 
 200      A92453E9 
 200      43E5712A 
 201 00a4 FD0598ED 		.ascii	"\375\005\230\355\347\326\030\363\320\371-*\017RI\221"
 201      E7D618F3 
 201      D0F92D2A 
 201      0F524991 
 202 00b4 9A3BA4DE 		.ascii	"\232;\244\336~\342\367\311\266K\344\031\273i\360\337"
 202      7EE2F7C9 
 202      B64BE419 
 202      BB69F0DF 
 203 00c4 6BA483B2 		.ascii	"k\244\203\262\015\327\370s\017L\354\327[\372\214\371"
 203      0DD7F873 
 203      0F4CECD7 
 203      5BFA8CF9 
 204 00d4 6B92FD79 		.ascii	"k\222\375y\235\312\001\020m\323d{~r\377N\354\217\223"
 204      9DCA0110 
 204      6DD3647B 
 204      7E72FF4E 
 204      EC8F93
 205 00e7 4E72B7D8 		.ascii	"Nr\267\330\317[rsSj\366\353\246\313\373w\020D\316R\351"
 205      CF5B7273 
 205      536AF6EB 
 205      A6CBFB77 
 205      1044CE52 
 206 00fc 4C32EC1A 		.ascii	"L2\354\032\225N&\352\311\367\311W?\002\\\322g\033\010"
 206      954E26EA 
 206      C9F7C957 
 206      3F025CD2 
 206      671B08
 207 010f 6D4D32BC 		.ascii	"mM2\274-\317uO\371\231\215\360G\270\007\306\211\241"
 207      2DCF754F 
 207      F9998DF0 
 207      47B807C6 
 207      89A1
 208 0121 C67CBAF1 		.ascii	"\306|\272\361;\225\310`\275\3041\225-@m\336\374sS5o"
 208      3B95C860 
 208      BDC43195 
ARM GAS  /tmp/ccWqwsBO.s 			page 15


 208      2D406DDE 
 208      FC735335 
 209 0136 B3AE47F5 		.ascii	"\263\256G\365\226\011\310 \010\003\031l\000j\366%\300"
 209      9609C820 
 209      0803196C 
 209      006AF625 
 209      C0
 210 0147 3A80B55C 		.ascii	":\200\265\\\243\037\360\361\320\333\2501|\222\253?\010"
 210      A31FF0F1 
 210      D0DBA831 
 210      7C92AB3F 
 210      08
 211 0158 2E3AA640 		.ascii	".:\246@*i\034\231\273\377z\"\327\270\2547ON`\260\005"
 211      2A691C99 
 211      BBFF7A22 
 211      D7B8AC37 
 211      4F4E60B0 
 212 016d A011186C 		.ascii	"\240\021\030l\006\302I\245\001`\023`?\356\255c\307\271"
 212      06C249A5 
 212      01601360 
 212      3FEEAD63 
 212      C7B9
 213 017f 7DBD9C64 		.ascii	"}\275\234d\263\2254\304\007\032\3074\034\310[Mm>\333"
 213      B39534C4 
 213      071AC734 
 213      1CC85B4D 
 213      6D3EDB
 214 0192 E6F19EBC 		.ascii	"\346\361\236\274o+\034$\242J5\216\036#\266f\206\317"
 214      6F2B1C24 
 214      A24A358E 
 214      1E23B666 
 214      86CF
 215 01a4 F3F6EB2E 		.ascii	"\363\366\353.\335\256\217\363\352\262=\335\026\002\014"
 215      DDAE8FF3 
 215      EAB23DDD 
 215      16020C
 216 01b3 F6928A0F 		.ascii	"\366\222\212\017\006\022\262\266ao\235\366 !\223u\275"
 216      0612B2B6 
 216      616F9DF6 
 216      20219375 
 216      BD
 217 01c4 5683AD00 		.ascii	"V\203\255\000\273\001Z9C\243\221s\\\247\356\223\013"
 217      BB015A39 
 217      43A39173 
 217      5CA7EE93 
 217      0B
 218 01d5 B926B3C3 		.ascii	"\271&\263\303\311\030\276\037\301\027\030\206D=\031"
 218      C918BE1F 
 218      C1171886 
 218      443D19
 219 01e4 87331CC1 		.ascii	"\2073\034\3010\213\341h\206\177c\230'\256?m\304W\213"
 219      308BE168 
 219      867F6398 
 219      27AE3F6D 
 219      C4578B
 220 01f7 3896741F 		.ascii	"8\226t\037]\265f\351Lw_\376\353\323W\374~\324\365\256"
 220      5DB566E9 
ARM GAS  /tmp/ccWqwsBO.s 			page 16


 220      4C775FFE 
 220      EBD357FC 
 220      7ED4F5AE 
 221 020b 23BB2E4E 		.ascii	"#\273.N|a\316\224iz\365\004\344\316\332\000N\202\012"
 221      7C61CE94 
 221      697AF504 
 221      E4CEDA00 
 221      4E820A
 222 021e 9D0F30F0 		.ascii	"\235\0170\3603\002\353\177\2315MO\236\234\304\231\303"
 222      3302EB7F 
 222      99354D4F 
 222      9E9CC499 
 222      C3
 223 022f 36E6103F 		.ascii	"6\346\020?l\001\003\272aB\007\235B\022\272`B\337\332"
 223      6C0103BA 
 223      6142079D 
 223      4212BA60 
 223      42DFDA
 224 0242 209FC95C 		.ascii	" \237\311\\4\231\257mL\253\024\022\011jv18\006p\224"
 224      3499AF6D 
 224      4CAB1412 
 224      096A7631 
 224      38067094 
 225 0256 5F24881E 		.ascii	"_$\210\036\323\317\000'\000~\004h\0078\013\360=\300"
 225      D3CF0027 
 225      007E0468 
 225      07380BF0 
 225      3DC0
 226 0268 77003F00 		.ascii	"w\000?\000\234\002\370\011\3404\300\031>0\271\213\016"
 226      9C02F809 
 226      E034C019 
 226      3E30B98B 
 226      0E
 227 0279 D3C5374E 		.ascii	"\323\3057N\027~\266\210\230\233\253t\203\331\017\260"
 227      177EB688 
 227      989BAB74 
 227      83D90FB0 
 228 0289 C76062CF 		.ascii	"\307`b\317b\227\231\230[\246\316N\233\3166\2239o2G\034"
 228      62979998 
 228      5BA6CE4E 
 228      9BCE3693 
 228      396F3247 
 229 029e 5D16C86D 		.ascii	"]\026\310m\023\331\356\224\221i\271cB\307mP\213\351"
 229      13D9EE94 
 229      9169B963 
 229      42C76D50 
 229      8BE9
 230 02b0 EB92C97C 		.ascii	"\353\222\311|\345|P~\206\247\200\017\263\363\333\356"
 230      E57C507E 
 230      86A7800F 
 230      B3F3DBEE 
 231 02c0 2C72F7E9 		.ascii	",r\367\351\236F\210\302\177\225H\022\252\3314\377Bb"
 231      9E4688C2 
 231      7F954812 
 231      AAD934FF 
 231      4262
 232 02d2 92F1B6D5 		.ascii	"\222\361\266\325\266\270\340\234\351\360<\2376.\321"
ARM GAS  /tmp/ccWqwsBO.s 			page 17


 232      B6B8E09C 
 232      E9F03C9F 
 232      362ED1
 233 02e1 BB7C85CA 		.ascii	"\273|\205\312]*\2235\206\3235&^\033\300J\215\332?P\263"
 233      5D2A9335 
 233      86D33526 
 233      5E1BC04A 
 233      8DDA3F50 
 234 02f6 63427BBC 		.ascii	"cB{\274\034\225\244\322ubv\343$w\015\275CI\374\005\371"
 234      1C95A4D2 
 234      756276E3 
 234      24770DBD 
 234      4349FC05 
 235 030b 15E0AA73 		.ascii	"\025\340\252s\254\021W\277j\222\350'A\027\234\220\337"
 235      AC1157BF 
 235      6A92E827 
 235      41179C90 
 235      DF
 236 031c 602A4DE6 		.ascii	"`*M\346\222\215\361u\037E\227A\214\321\253F\347\257"
 236      928DF175 
 236      1F459741 
 236      8CD1AB46 
 236      E7AF
 237 032e 01740274 		.ascii	"\001t\002t\001\\\007\270\002\360\033\357*\327\233a\352"
 237      015C07B8 
 237      02F01BEF 
 237      2AD79B61 
 237      EA
 238 033f FDE2D013 		.ascii	"\375\342\320\023.\227\232H\207\015i\265\304\276\300"
 238      2E979A48 
 238      870D69B5 
 238      C4BEC0
 239 034e 842E3A21 		.ascii	"\204.:!zF\207yj\264\351\235s\256k}\272\007\0117\340"
 239      7A468779 
 239      6AB4E99D 
 239      73AE6B7D 
 239      BA070937 
 240 0363 3E6152B3 		.ascii	">aR\263\263s\246\267y\314'r\323\224\277%\246\230\311"
 240      B373A6B7 
 240      79CC2772 
 240      D394BF25 
 240      A698C9
 241 0376 8B4E6D77 		.ascii	"\213Nmw\235\006c\216wE\200\236\374 :x\331\353\310Rt"
 241      9D06638E 
 241      7745809E 
 241      FC203A78 
 241      D9EBC852 
 242 038b 4DD7E223 		.ascii	"M\327\342#\250y\321\213\021o+<\226\326\211C<ZZo\257"
 242      A879D18B 
 242      116F2B3C 
 242      96D68943 
 242      3C5A5A6F 
 243 03a0 A76E1B24 		.ascii	"\247n\033${\343<\232\026uG\274i7a\271V\033\237:DwE*"
 243      7BE33C9A 
 243      167547BC 
 243      693761B9 
 243      561B9F3A 
ARM GAS  /tmp/ccWqwsBO.s 			page 18


 244 03b8 1E8ABA75 		.ascii	"\036\212\272u\255\372\225\224\340\020:F\335\255\020"
 244      ADFA9594 
 244      E0103A46 
 244      DDAD10
 245 03c7 A156592E 		.ascii	"\241VY.O2\325\242no'\326V\306G\366k\345\375\250\203"
 245      4F32D5A2 
 245      6E6F27D6 
 245      56C647F6 
 245      6BE5FDA8 
 246 03dc DE482085 		.ascii	"\336H \205\2724\304\343y\254w\013\266\3400Z7=\365+\037"
 246      BA34C4E3 
 246      79AC770B 
 246      B6E0305A 
 246      373DF52B 
 247 03f1 F246DDBD 		.ascii	"\362F\335\275I\"-\222\232\034I\355\335\012q\221\210"
 247      49222D92 
 247      9A1C49ED 
 247      DD0A7191 
 247      88
 248 0402 37258D51 		.ascii	"7%\215Q\020\221@`\210\346%e\227\247\025\002\010I\001"
 248      10914060 
 248      88E62565 
 248      97A71502 
 248      084901
 249 0415 FDC70B0F 		.ascii	"\375\307\013\017{\301\233\360Xj\032c\0216L#]\274\027"
 249      7BC19BF0 
 249      586A1A63 
 249      11364C23 
 249      5DBC17
 250 0428 FB819B7C 		.ascii	"\373\201\233|FL\023 \315\253\0054|9\352\246\365LKeL"
 250      464C1320 
 250      CDAB0534 
 250      7C39EAA6 
 250      F54C4B65 
 251 043d 77799292 		.ascii	"wy\222\222@\247SB\316\313\221\254\200\227Ei\317\240"
 251      40A75342 
 251      CECB91AC 
 251      80974569 
 251      CFA0
 252 044f 69292ED0 		.ascii	"i).\32050[z\343\231Z\366\214\265\023\370?q`\334`V/\306"
 252      35305B7A 
 252      E3995AF6 
 252      8CB513F8 
 252      3F7160DC 
 253 0467 754E525E 		.ascii	"uNR^\345J\033\273\252N\262.\000\241\243\305\034@\314"
 253      E54A1BBB 
 253      AA4EB22E 
 253      00A1A3C5 
 253      1C40CC
 254 047a 0993772D 		.ascii	"\011\223w-\342f\0142\216\230N\314\217%F3Vz\302\302\211"
 254      E2660C32 
 254      8E984ECC 
 254      8F254633 
 254      567AC2C2 
 255 048f 666D63B4 		.ascii	"fmc\264\263\005nJ2%\313,\035\027\343j\355\325-\353\222"
 255      B3056E4A 
 255      3225CB2C 
ARM GAS  /tmp/ccWqwsBO.s 			page 19


 255      1D17E36A 
 255      EDD52DEB 
 256 04a4 CE50DAF4 		.ascii	"\316P\332\364\015+o%\302\003\325C\030\3404\344\267\252"
 256      0D2B6F25 
 256      C203D543 
 256      18E034E4 
 256      B7AA
 257 04b6 CBBF1EC4 		.ascii	"\313\277\036\304w\020|D\027\031\213\217f\274\345\311"
 257      77107C44 
 257      17198B8F 
 257      66BCE5C9 
 258 04c6 74EF78E5 		.ascii	"t\357x\345\274\351\356\207\251U\207\256\247\300[0A\243"
 258      BCE9EE87 
 258      A95587AE 
 258      A7C05B30 
 258      41A3
 259 04d8 24133A91 		.ascii	"$\023:\221\202\272G\342OT\317\325\273\252\027,l\030"
 259      82BA47E2 
 259      4F54CFD5 
 259      BBAA172C 
 259      6C18
 260 04ea DC3249AF 		.ascii	"\3342I\257#n8\335\202\273|\204\033\356i\346\200;\000"
 260      236E38DD 
 260      82BB7C84 
 260      1BEE69E6 
 260      803B00
 261 04fd B7690239 		.ascii	"\267i\0029.\234\255\274\371E/\303\333F\362\306/\354"
 261      2E9CADBC 
 261      F9452FC3 
 261      DB46F2C6 
 261      2FEC
 262 050f D9B9C0A3 		.ascii	"\331\271\300\243<4\201r1\225\\L\321\214\340\217-\272"
 262      3C348172 
 262      31955C4C 
 262      D18CE08F 
 262      2DBA
 263 0521 7526F189 		.ascii	"u&\361\211\032rU\377\321\302\031n\303\321\020\002`\262"
 263      1A7255FF 
 263      D1C2196E 
 263      C3D11002 
 263      60B2
 264 0533 167344D3 		.ascii	"\026sD\323S\314\321]\303\321\346\203M\327\320p\324$"
 264      53CCD15D 
 264      C3D1E683 
 264      4DD7D070 
 264      D424
 265 0545 1C5D5BD4 		.ascii	"\034][\324\330\224\020\363<]\243+\337MY]\005}\304\276"
 265      D89410F3 
 265      3C5DA32B 
 265      DF4D595D 
 265      057DC4BE 
 266 0559 A7593E84 		.ascii	"\247Y>\204\231R\221nW\034\251\271g\277\315gX\013\320"
 266      9952916E 
 266      571CA9B9 
 266      67BFCD67 
 266      580BD0
 267 056c 7E78F50A 		.ascii	"~x\365\012\257\371\256Vh\352]\255\024q\237\370\342\343"
ARM GAS  /tmp/ccWqwsBO.s 			page 20


 267      AFF9AE56 
 267      68EA5DAD 
 267      14719FF8 
 267      E2E3
 268 057e D92EC365 		.ascii	"\331.\303e\245\0063\270\313\246\223\333/\366\352!\237"
 268      A50633B8 
 268      CBA693DB 
 268      2FF6EA21 
 268      9F
 269 058f B328FC2A 		.ascii	"\263(\374*\321(\272z\335\031\367\023s\347\352\227WT"
 269      D128BA7A 
 269      DD19F713 
 269      73E7EA97 
 269      5754
 270 05a1 D04C3391 		.ascii	"\320L3\221`\027\335\207r\325\327r\263\257\025.\336d"
 270      6017DD87 
 270      72D5D772 
 270      B3AF152E 
 270      DE64
 271 05b3 5A43D55E 		.ascii	"ZC\325^o\017\252\263\011,2D\227\264\357^\324\213\213"
 271      6F0FAAB3 
 271      092C3244 
 271      97B4EF5E 
 271      D48B8B
 272 05c6 D6B76FD0 		.ascii	"\326\267o\320\3658Cs\266\006\357*\315wM\315\017\014"
 272      F5384373 
 272      B606EF2A 
 272      CD774DCD 
 272      0F0C
 273 05d8 CD9E92F3 		.ascii	"\315\236\222\363\276\331\367\316\371G\337K\260'\207"
 273      BED9F7CE 
 273      F947DF4B 
 273      B02787
 274 05e7 A6360B30 		.ascii	"\2466\0130u\333\335Cn39\037\230\311\231#\372ye}\325"
 274      75DBDD43 
 274      6E33391F 
 274      98C99923 
 274      FA79657D 
 275 05fc 1AAF919C 		.ascii	"\032\257\221\2349\032\024\341b\303\353\207\365\333o"
 275      391A14E1 
 275      62C3EB87 
 275      F5DB6F
 276 060b 24DA65E7 		.ascii	"$\332e\347i\326\234\267}\362\363\3018Sv\276)\273@\310"
 276      69D69CB7 
 276      7DF2F3C1 
 276      385376BE 
 276      29BB40C8 
 277 061f B69CDEB3 		.ascii	"\266\234\336\263E<\367\005\032\314\3459\377\362\343"
 277      453CF705 
 277      1ACCE539 
 277      FFF2E3
 278 062e 5B3BBD1E 		.ascii	"[;\275\036\276\201-?I\232\306\006\226\301BM\355_\261"
 278      BE812D3F 
 278      499AC606 
 278      96C1424D 
 278      ED5FB1
 279 0641 DEF03D7D 		.ascii	"\336\360=}\311\227g\241\033\007\037jV\222\250\305;g"
ARM GAS  /tmp/ccWqwsBO.s 			page 21


 279      C99767A1 
 279      1B071F6A 
 279      5692A8C5 
 279      3B67
 280 0653 CC3773FD 		.ascii	"\3147s\375\221\246\222]K\031\254\0211|\265\344\227v"
 280      91A6925D 
 280      4B19AC11 
 280      317CB5E4 
 280      9776
 281 0665 CAB6B120 		.ascii	"\312\266\261 V~\363\364\326I\265it\033\336S\331~\317"
 281      567EF3F4 
 281      D649B569 
 281      741BDE53 
 281      D97ECF
 282 0678 983770B3 		.ascii	"\2307p\263Kl\366\232\305\262\252\273\014\2537)\234\\"
 282      4B6CF69A 
 282      C5B2AABB 
 282      0CAB3729 
 282      9C5C
 283 068a B6E63AF4 		.ascii	"\266\346:\364\264!\375T\343\033\322%\274_\277n\336\327"
 283      B421FD54 
 283      E31BD225 
 283      BC5FBF6E 
 283      DED7
 284 069c 186FEE36 		.ascii	"\030o\3566i\230\177\242\301b\036\312g\232\001\362P\272"
 284      69987FA2 
 284      C1621ECA 
 284      679A01F2 
 284      50BA
 285 06ae 8E745C48 		.ascii	"\216t\\H2\366\323\315\277\273\363\346y\2771\261\326"
 285      32F6D3CD 
 285      BFBBF3E6 
 285      79BF31B1 
 285      D6
 286 06bf B2BBADD3 		.ascii	"\262\273\255\323z\322\252\250\270;\353\201?\325T\363"
 286      7AD2AAA8 
 286      B83BEB81 
 286      3FD554F3 
 287 06cf D770FD93 		.ascii	"\327p\375\223\364\252/\325\340c#91\230\254B\321\245"
 287      F4AA2FD5 
 287      E0632339 
 287      3198AC42 
 287      D1A5
 288 06e1 6ACD3875 		.ascii	"j\3158u\001\266\312N\306\361\227r\312\252k\256\236\272"
 288      01B6CA4E 
 288      C6F19772 
 288      CAAA6BAE 
 288      9EBA
 289 06f3 B5CAE8D6 		.ascii	"\265\312\350\326J\336\255;\023\326\356\352m\333h\307"
 289      4ADEAD3B 
 289      13D6EEEA 
 289      6DDB68C7 
 290 0703 D6F77ACD 		.ascii	"\326\367z\315\000\205\334e\300C.\206\337H\365(\340q"
 290      0085DC65 
 290      C0432E86 
 290      DF48F528 
 290      E071
ARM GAS  /tmp/ccWqwsBO.s 			page 22


 291 0715 324F4BF3 		.ascii	"2OK\363$`\007\231W\244y\024\360&\231S\342\204\331\006"
 291      24600799 
 291      57A47914 
 291      F0269953 
 291      E284D906 
 292 0729 58114703 		.ascii	"X\021G\003]\232\264\376\324\222\371\2714iw\263\216\314"
 292      5D9AB4FE 
 292      D492F9B9 
 292      346977B3 
 292      8ECC
 293 073b 66696E00 		.ascii	"fin\000\334C\346\327\322\254\007l'\363\2744\353\000"
 293      DC43E6D7 
 293      D2AC076C 
 293      27F3BC34 
 293      EB00
 294 074d 3BC9BC2B 		.ascii	";\311\274+\315Z\300\251\361\014\253\342\2059\027p\016"
 294      CD5AC0A9 
 294      F10CABE2 
 294      85391770 
 294      0E
 295 075e 99B5D2AC 		.ascii	"\231\265\322\254\006\374\234\3145\322,\007l s\2734u"
 295      06FC9CCC 
 295      35D22C07 
 295      6C2073BB 
 295      3475
 296 0770 C07D647E 		.ascii	"\300}d~+\315.\206\355dF\245y\231\341od\336\226f\224"
 296      2BCD2E86 
 296      ED6446A5 
 296      7999E16F 
 296      64DE9666 
 297 0785 E15437C3 		.ascii	"\341T7\303Yn\331_\206\363\310\\,\315\243\014\227\223"
 297      596ED95F 
 297      86F3C85C 
 297      2CCDA30C 
 297      9793
 298 0797 B95E9A6D 		.ascii	"\271^\232m\014\033\310l\226f+\303\035d\036\244r\214"
 298      0C1BC86C 
 298      96662BC3 
 298      1D641EA4 
 298      728C
 299 07a9 CA297979 		.ascii	"\312)yy0v\220u\225\312=*\345\036\206\357R\231Oe1\225"
 299      30769075 
 299      95CA3D2A 
 299      E51E86EF 
 299      52994F65 
 300 07bf A5545651 		.ascii	"\245TVQYG\245\211\312\016*\373\250|E\3458"
 300      5947A589 
 300      CA0E2AFB 
 300      A87C45E5 
 300      38
 301 07d0 959F3DB2 		.ascii	"\225\237=\262\313b\361h\376\003\236\365\320\240\231"
 301      CB62F168 
 301      FE039EF5 
 301      D0A099
 302 07df 0C5327D6 		.ascii	"\014S'\326E\241\357\375~}\356{\327\362\301\263~\346"
 302      45A1EFFD 
 302      7E7DEE7B 
ARM GAS  /tmp/ccWqwsBO.s 			page 23


 302      D7F2C1B3 
 302      7EE6
 303 07f1 DD86BEB4 		.ascii	"\335\206\276\264\320\264\322\207\035m\221\257k\360)"
 303      D0B4D287 
 303      1D6D91AF 
 303      6BF029
 304 0800 AA217455 		.ascii	"\252!tUS\333\350\037\032\213%\262\306\206\254\326\314"
 304      53DBE81F 
 304      1A8B25B2 
 304      C686ACD6 
 304      CC
 305 0811 EDF87CC5 		.ascii	"\355\370|\305\234\2611?\2332\027\033b\210\216V\304\372"
 305      9CB1313F 
 305      9B32171B 
 305      62888E56 
 305      C4FA
 306 0823 D554AE64 		.ascii	"\325T\256d:m2\213M\231\250\222\231b\2231\277\037\356"
 306      3A6D328B 
 306      4D99A892 
 306      99629331 
 306      BF1FEE
 307 0836 28A2CB26 		.ascii	"(\242\313&\322bqt\\9Zoc\326\232\216n+\231\033N\031\371"
 307      D2627174 
 307      5C395A6F 
 307      63D69A8E 
 307      6E2B991B 
 308 084d 25A890BB 		.ascii	"%\250\220\2736\304\372\215w^1\223l\361\266\2322\215"
 308      36C4FA8D 
 308      775E3193 
 308      6CF1B69A 
 308      328D
 309 085f 2A983D36 		.ascii	"*\230=6\231\335\226\004/W\314\021\033\363\215\031p\225"
 309      99DD9604 
 309      2F57CC11 
 309      1BF38D19 
 309      7095
 310 0871 423A6CC8 		.ascii	"B:l\310y\023\251T\310%\033r\321\342i\243b\332l\314A"
 310      7913A954 
 310      C8251B72 
 310      D1E269A3 
 310      62DA6CCC 
 311 0886 0BD3A498 		.ascii	"\013\323\244\230]6f\247\205\211*\246\334\326\361e\026"
 311      5D3666A7 
 311      85892AA6 
 311      DCD6F165 
 311      16
 312 0897 6681624E 		.ascii	"f\201bN;\207\215d\216)f\203\215\371\322\302\314U\314"
 312      3B878D64 
 312      8E296683 
 312      8DF9D2C2 
 312      CC55CC
 313 08aa 391B73D6 		.ascii	"9\033s\326\354\372\036\205\264\330\220f\023\231\256"
 313      ECFA1E85 
 313      B4D89066 
 313      1399AE
 314 08b9 902BCED1 		.ascii	"\220+\316\321'=}\244\230v\033s\302\302\354U\314V\247"
 314      273D7DA4 
ARM GAS  /tmp/ccWqwsBO.s 			page 24


 314      98761B73 
 314      C2C2EC55 
 314      CC56A7
 315 08cc 2BC9DC52 		.ascii	"+\311\334R\303\342\246\215\261~\343\266+\035\372\304"
 315      C3E2A68D 
 315      B17EE3B6 
 315      2B1DFAC4 
 316 08dc ED9E4111 		.ascii	"\355\236A\021\362Q\205lt&G \313\024r\314\206\034\325"
 316      F251856C 
 316      74264720 
 316      CB1472CC 
 316      861CD5
 317 08ef BA7FF94D 		.ascii	"\272\177\371MC\230\212|UD\276\012U!\264\"\374\033a+"
 317      43988A7C 
 317      5544BE0A 
 317      5521B422 
 317      FC1B612B 
 318 0903 C20E840A 		.ascii	"\302\016\204\012\2045\310\377XT\207\360\031\302\027"
 318      8435C8FF 
 318      585487F0 
 318      19C217
 319 0912 081F23BC 		.ascii	"\010\037#\274\2130\013a:\3026\204J\204\217\020V!\264"
 319      8B300B61 
 319      3AC23684 
 319      4A848F10 
 319      5621B4
 320 0925 20AC4098 		.ascii	" \254@\230\203\360\001B=\302B\204\365\0103\221\026F"
 320      83F00142 
 320      3DC24284 
 320      F5083391 
 320      1646
 321 0937 6842D889 		.ascii	"hB\330\211\260\031\241\026a9\302&\204\335\010K\020\336"
 321      B019A116 
 321      6139C226 
 321      84DD084B 
 321      10DE
 322 0949 47F81C61 		.ascii	"G\370\034a\003\302j\204\265\010s\021vQ\240\010K\021"
 322      03C26A84 
 322      B5087311 
 322      7651A008 
 322      4B11
 323 095b DE436846 		.ascii	"\336ChF\230\207\260\035\241\001\341C\204E\010{\0206"
 323      9887B01D 
 323      A101E143 
 323      8445087B 
 323      1036
 324 096d 529008CB 		.ascii	"R\220\010\313\020>A\250A\250FX\207\320\2100\003a%\302"
 324      103E41A8 
 324      41A84658 
 324      87D08830 
 324      036125C2 
 325 0981 6284F928 		.ascii	"b\204\371(\377\274qC\245\372\266-\001\273,\251\356R"
 325      FFBC7143 
 325      A5FAB62D 
 325      01BB2CA9 
 325      EE52
 326 0993 CC1D2723 		.ascii	"\314\035'#\362\270Y\345q\257\363-\025\310\012\205|\353"
ARM GAS  /tmp/ccWqwsBO.s 			page 25


 326      F2B859E5 
 326      71AFF32D 
 326      15C80A85 
 326      7CEB
 327 09a5 7C49E507 		.ascii	"|I\345\007\357A\301\320B\334`c6Y\006G\235\322\371\301"
 327      EF41C1D0 
 327      42DC6063 
 327      36590647 
 327      9DD2F9C1 
 328 09b9 C67C67BA 		.ascii	"\306|g\272\252P\310/\3167\331\317\037j\375\211F\027"
 328      AA50C82F 
 328      CE37D9CF 
 328      1F6AFD89 
 328      4617
 329 09cb 47EA3558 		.ascii	"G\3525Xa \261\205\177\271\2512C\251\374fS\271,\020\036"
 329      6120B185 
 329      7FB9A932 
 329      43A9FC66 
 329      53B92C10 
 330 09e0 EF2C15EF 		.ascii	"\357,\025\357\005\347\254\"\343]\245d\276\2621\207-"
 330      05E7AC22 
 330      E35DA564 
 330      BEB23187 
 330      2D
 331 09f1 FDBED410 		.ascii	"\375\276\324\020\323\271\347\234+E47\325C\270\345|'"
 331      D3B9E79C 
 331      2B453437 
 331      D543B8E5 
 331      7C27
 332 0a03 04B24179 		.ascii	"\004\262Ay:\344\234\234D\300\337\251\200\3279\247v\031"
 332      3AE49C9C 
 332      44C0DFA9 
 332      80D739A7 
 332      7619
 333 0a15 F03C2513 		.ascii	"\360<%\023u\316\027\2229\240\230\315\316\007%\\\255"
 333      75CE1792 
 333      39A098CD 
 333      CE07255C 
 333      AD
 334 0a26 54AEBE76 		.ascii	"T\256\276v\366[ \373\025\262\305\2064ZR\263T1\337;\037"
 334      F65B20FB 
 334      15B2C586 
 334      345A52B3 
 334      5431DF3B 
 335 0a3b B78C66B7 		.ascii	"\267\214f\267\212f\273=7\026\346C\305\234t\316M\"\177"
 335      8A66BB3D 
 335      3716E643 
 335      C59C74CE 
 335      4D227F
 336 0a4e DF2BE40B 		.ascii	"\337+\344\013\347Z.\"nP\321\354\267!\373,\021\327(\346"
 336      E75A2E22 
 336      6E50D1EC 
 336      B721FB2C 
 336      11D728E6 
 337 0a62 271BF3A3 		.ascii	"'\033\363\243\351i\213\362\324\352\\\"\004rA=\357\211"
 337      E9698BF2 
 337      D4EA5C22 
ARM GAS  /tmp/ccWqwsBO.s 			page 26


 337      0472413D 
 337      EF89
 338 0a74 CEA5517A 		.ascii	"\316\245Qz\232\251<\375\352\034\241\262\337\367\224"
 338      9AA93CFD 
 338      EA1CA1B2 
 338      DFF794
 339 0a83 CE35E71E 		.ascii	"\3165\347\036F\352\264*\235\035\316\374\211p:\224\314"
 339      46EAB42A 
 339      9D1DCEFC 
 339      89703A94 
 339      CC
 340 0a94 04E70645 		.ascii	"\004\347\006E \013U\247N9\373-\243\331\244\230\003\316"
 340      200B55A7 
 340      4E39FB2D 
 340      A3D9A498 
 340      03CE
 341 0aa6 FC89149F 		.ascii	"\374\211\024\237S\357\302d\307\036F\252|n\316\375\316"
 341      53EFC264 
 341      C71E46AA 
 341      7C6ECEFD 
 341      CE
 342 0ab7 595B04B3 		.ascii	"Y[\004\263O!M\316\241\345gx\331c\374\207C\325\244O="
 342      4F214DCE 
 342      A1E56778 
 342      D963FC87 
 342      43D5A44F 
 343 0acc 7DBA4FF2 		.ascii	"}\272O\362\260\027\377\237\246y\352\347\232\3313+,\177"
 343      B017FF9F 
 343      A679EAE7 
 343      9AD9332B 
 343      2C7F
 344 0ade 3ED867E6 		.ascii	">\330g\346c?\032\300\3219\235\207\321\004\226\232\337"
 344      633F1AC0 
 344      D1399D87 
 344      D104969A 
 344      DF
 345 0aef BA0704B0 		.ascii	"\272\007\004\260\376\200~\335\362\347\333Z\0238(\200"
 345      FE807EDD 
 345      F2E7DB5A 
 345      13382880 
 346 0aff 4527AA96 		.ascii	"E'\252\226\3652\201\211&\320\306\203H\0310\3007>2\326"
 346      F5328189 
 346      26D0C683 
 346      481930C0 
 346      373E32D6 
 347 0b13 1729793B 		.ascii	"\027)y;\247\354\031\337\337\213\363\213\006\344z^z\345"
 347      A7EC19DF 
 347      DF8BF38B 
 347      06E47A5E 
 347      7AE5
 348 0b25 B5D490FF 		.ascii	"\265\324\220\377Y\246\225\015\306\262`\300S\226_X\032"
 348      59A6950D 
 348      C6B260C0 
 348      53965F58 
 348      1A
 349 0b36 0CE494C6 		.ascii	"\014\344\224\306\015\317\0361:\214/\206\3038tX\3305"
 349      0DCF1E31 
ARM GAS  /tmp/ccWqwsBO.s 			page 27


 349      3A8C2F86 
 349      C3387458 
 349      D835
 350 0b48 22F472D8 		.ascii	"\"\364r\330\365b6Y\243\322\303\230\231\036\216\313z"
 350      F5623659 
 350      A3D2C398 
 350      991E8ECB 
 350      7A
 351 0b59 2D2B3DEC 		.ascii	"-+=\354\036\225\235\225\221\221\036\216\037\365\352"
 351      1E959D95 
 351      91911E8E 
 351      1FF5EA
 352 0b68 5FB332C2 		.ascii	"_\2632\302q#G\245g\204\335\331\031\241\320\260\227\302"
 352      712347A5 
 352      6784DDD9 
 352      19A1D0B0 
 352      97C2
 353 0b7a CFFA0A0A 		.ascii	"\317\372\012\012K}\271\276\322\202b_$\277x\\Q\301\330"
 353      4B7DB9BE 
 353      D282625F 
 353      24BF785C 
 353      51C1D8
 354 0b8d 31BED292 		.ascii	"1\276\322\222\242\342\374\334\201\376\376\343K\013\202"
 354      A2E2FCDC 
 354      81FEFEE3 
 354      4B0B82
 355 0b9c 81B267FA 		.ascii	"\201\262g\372\227\215\177\243\177$\357\355\261\371\245"
 355      978D7FA3 
 355      7F24EFED 
 355      B1F9A5
 356 0bab FDDFFC87 		.ascii	"\375\337\374\207oLq1\033$\0035\010_hdvf\266\217\210"
 356      6F4C7131 
 356      1B240335 
 356      085F6864 
 356      7666B68F 
 357 0bc0 FCDC3C5F 		.ascii	"\374\334<_\366\253#\203\201\327\236y\347\035_~a\256"
 357      F6AB2383 
 357      81D79E79 
 357      E71D5F7E 
 357      61AE
 358 0bd2 4F4A04C9 		.ascii	"OJ\004\311\036\360\026K\344=\312).*)\315)ue\225\215"
 358      1EF0164B 
 358      E43DCA29 
 358      2E2A29CD 
 358      29756595 
 359 0be7 1BE71D55 		.ascii	"\033\347\035UVZ\\V\372\352?\213\363\342\262\213\363"
 359      565A5C56 
 359      FAEA3F8B 
 359      F3E2B28B 
 359      F3
 360 0bf8 F222AE91 		.ascii	"\362\"\256\221E\221<\314\312/L\030:\2564\257\244pLi"
 360      45913CCC 
 360      CA2F4C18 
 360      3AAE34AF 
 360      A4704C69 
 361 0c0c DEF3365F 		.ascii	"\336\3636_J>g\370\320\0219\351%\371o\347\225\3702MO"
 361      4A3E67F8 
ARM GAS  /tmp/ccWqwsBO.s 			page 28


 361      D01139E9 
 361      25F96FE7 
 361      95F8324D 
 362 0c21 7463DCB8 		.ascii	"tc\334\270\034#so\261>#F\344\274\224\2259*'\2630\337"
 362      1C23736F 
 362      B13E2346 
 362      E4BC9495 
 362      392A27B3 
 363 0c37 70929EF7 		.ascii	"p\222\236\367f\312\230\222\202\267\007\367/\030P0&\277"
 363      66CA9892 
 363      82B707F7 
 363      2F185030 
 363      26BF
 364 0c49 F0A9C8F8 		.ascii	"\360\251\310\370\342\247\336,f\211\271\024S\336;\375"
 364      E2A7DE2C 
 364      6689B914 
 364      53DE3BFD 
 365 0c59 0B8241F6 		.ascii	"\013\202A\366\0105\032:\374\305@\316K\341,\177NF\341"
 365      08351A3A 
 365      FCC540CE 
 365      4BE12C7F 
 365      4E46E1
 366 0c6c 9837C6E5 		.ascii	"\2307\306\345\205\306\025\345\216}\356\177\010\344\215"
 366      85C615E5 
 366      8E7DEE7F 
 366      08E48D
 367 0c7b B2F11447 		.ascii	"\262\361\024G/\321\357\374\302\234\\\352\336C==e\013"
 367      2FD1EFFC 
 367      C29C5CEA 
 367      DE433D3D 
 367      650B
 368 0c8d 934FC126 		.ascii	"\223O\301&\030\026\257%Y\373\220d\324dO\0223JJ\212J"
 368      1816AF25 
 368      59FB9064 
 368      D4644F12 
 368      334A4A8A 
 369 0ca2 B24BC794 		.ascii	"\262K\307\224\226\215\027\231%\207\005c\212=\341\214"
 369      968D1799 
 369      25870563 
 369      8A3DE18C 
 370 0cb2 EC8CF0E8 		.ascii	"\354\214\360\350\214t\014e\323\210H\017\205\275\261"
 370      8C740C65 
 370      D388480F 
 370      85BDB1
 371 0cc1 2B7E7F7C 		.ascii	"+~\177|(\224\231\025\016\212S@\234\374\346\375\201\361"
 371      28949915 
 371      0E8A5340 
 371      9CFCE6FD 
 371      81F1
 372 0cd3 D9E1F4A1 		.ascii	"\331\341\364\241#\303\011\261+\317%\014\315z1\230=2"
 372      23C309B1 
 372      2BCF250C 
 372      CD7A3198 
 372      3D32
 373 0ce5 E39530AF 		.ascii	"\343\2250\257\005\214\232\227j~\243\0260\253~\325fp"
 373      058C9A97 
 373      6A7EA316 
ARM GAS  /tmp/ccWqwsBO.s 			page 29


 373      30AB7ED5 
 373      6670
 374 0cf7 02E52F28 		.ascii	"\002\345/(\311\341\262M\300\254\372\371}\321H\265y\326"
 374      C9E1B24D 
 374      C0ACFAF9 
 374      7DD148B5 
 374      79D6
 375 0d09 CDFDD015 		.ascii	"\315\375\320\025~\016\320\331\303\205y\273X\305\324"
 375      7E0ED0D9 
 375      C38579BB 
 375      58C5D4
 376 0d18 1FE4E6FA 		.ascii	"\037\344\346\372\0063\334`\003\261\212\237\337\361["
 376      0633DC60 
 376      03B18A9F 
 376      DFF15B
 377 0d27 759FE1CD 		.ascii	"u\237\341\315\203\341\354W\015\301\000\257\360~\370"
 377      83E1EC57 
 377      0DC100AF 
 377      F07EF8
 378 0d36 7925A06A 		.ascii	"y%\240j\246\366\323\\*(\260\341\202\017\250\232\237"
 378      A6F6D35C 
 378      2A28B0E1 
 378      820FA89A 
 378      9F
 379 0d47 DF341A28 		.ascii	"\3374\032(>\350\012e\206\302t\030\306\017\031\346\215"
 379      3EE80A65 
 379      86C27418 
 379      C60F19E6 
 379      8D
 380 0d58 4042D688 		.ascii	"@B\326\210\021\301a\341\241\241\260\207\327\3223G\207"
 380      11C161E1 
 380      A1A1B087 
 380      D7D23347 
 380      87
 381 0d69 F9A580BA 		.ascii	"\371\245\200\272\024\210]\362\253K~~\311\300\371\333"
 381      14885DF2 
 381      AB4B7E7E 
 381      C9C0F9DB 
 382 0d79 6940B18A 		.ascii	"i@\261\212\237W\342\370!h\034\003\306\321\014\334\037"
 382      9F57E2F8 
 382      21681C03 
 382      C6D10CDC 
 382      1F
 383 0d8a 170A8743 		.ascii	"\027\012\207C\341\370\314Pv\210\236\257q\012\210\223"
 383      E1F8CC50 
 383      76889EAF 
 383      710A8893 
 384 0d9a 090DD4B8 		.ascii	"\011\015\324\270\237p\346h\33661\034\012\305\306\322"
 384      9F70E668 
 384      DE36311C 
 384      0AC5C6D2 
 385 0daa 7F00D813 		.ascii	"\177\000\330\023\270Z"
 385      B85A
 386              		.text
 387              		.section	.gnu.lto_.symtab.e5e1233b3f429271,"e",%progbits
 388 0000 6770696F 		.ascii	"gpio_pin_code\000"
 388      5F70696E 
ARM GAS  /tmp/ccWqwsBO.s 			page 30


 388      5F636F64 
 388      6500
 389 000e 00       		.ascii	"\000"
 390 000f 00       		.ascii	"\000"
 391 0010 00       		.ascii	"\000"
 392 0011 00000000 		.ascii	"\000\000\000\000\000\000\000\000"
 392      00000000 
 393 0019 07010000 		.ascii	"\007\001\000\000"
 394 001d 6770696F 		.ascii	"gpio_ll_map\000"
 394      5F6C6C5F 
 394      6D617000 
 395 0029 00       		.ascii	"\000"
 396 002a 00       		.ascii	"\000"
 397 002b 00       		.ascii	"\000"
 398 002c 00000000 		.ascii	"\000\000\000\000\000\000\000\000"
 398      00000000 
 399 0034 2A010000 		.ascii	"*\001\000\000"
 400 0038 6770696F 		.ascii	"gpio_pin_init\000"
 400      5F70696E 
 400      5F696E69 
 400      7400
 401 0046 00       		.ascii	"\000"
 402 0047 00       		.ascii	"\000"
 403 0048 00       		.ascii	"\000"
 404 0049 00000000 		.ascii	"\000\000\000\000\000\000\000\000"
 404      00000000 
 405 0051 10010000 		.ascii	"\020\001\000\000"
 406 0055 6770696F 		.ascii	"gpio_init\000"
 406      5F696E69 
 406      7400
 407 005f 00       		.ascii	"\000"
 408 0060 00       		.ascii	"\000"
 409 0061 00       		.ascii	"\000"
 410 0062 00000000 		.ascii	"\000\000\000\000\000\000\000\000"
 410      00000000 
 411 006a 13010000 		.ascii	"\023\001\000\000"
 412 006e 4C4C5F47 		.ascii	"LL_GPIO_Init\000"
 412      50494F5F 
 412      496E6974 
 412      00
 413 007b 00       		.ascii	"\000"
 414 007c 02       		.ascii	"\002"
 415 007d 00       		.ascii	"\000"
 416 007e 00000000 		.ascii	"\000\000\000\000\000\000\000\000"
 416      00000000 
 417 0086 21010000 		.ascii	"!\001\000\000"
 418              		.text
 419              		.section	.gnu.lto_.ext_symtab.e5e1233b3f429271,"e",%progbits
 420 0000 01       		.ascii	"\001"
 421 0001 01       		.ascii	"\001"
 422 0002 00       		.ascii	"\000"
 423 0003 02       		.ascii	"\002"
 424 0004 00       		.ascii	"\000"
 425 0005 01       		.ascii	"\001"
 426 0006 00       		.ascii	"\000"
 427 0007 01       		.ascii	"\001"
 428 0008 00       		.ascii	"\000"
ARM GAS  /tmp/ccWqwsBO.s 			page 31


 429 0009 01       		.ascii	"\001"
 430 000a 00       		.ascii	"\000"
 431              		.text
 432              		.section	.gnu.lto_.opts,"e",%progbits
 433 0000 272D666E 		.ascii	"'-fno-openmp' '-fno-openacc' '-fno-pie' '-fcf-prote"
 433      6F2D6F70 
 433      656E6D70 
 433      2720272D 
 433      666E6F2D 
 434 0033 6374696F 		.ascii	"ction=none' '-mcpu=cortex-m33' '-mthumb' '-mfpu=fpv"
 434      6E3D6E6F 
 434      6E652720 
 434      272D6D63 
 434      70753D63 
 435 0066 342D7370 		.ascii	"4-sp-d16' '-mfloat-abi=hard' '-mlibarch=armv8-m.mai"
 435      2D643136 
 435      2720272D 
 435      6D666C6F 
 435      61742D61 
 436 0099 6E2B6473 		.ascii	"n+dsp+fp' '-march=armv8-m.main+dsp+fp' '-Os' '-flto"
 436      702B6670 
 436      2720272D 
 436      6D617263 
 436      683D6172 
 437 00cc 2720272D 		.ascii	"' '-fdata-sections' '-ffunction-sections' '-Xassemb"
 437      66646174 
 437      612D7365 
 437      6374696F 
 437      6E732720 
 438 00ff 6C657227 		.ascii	"ler' '-a' '-Xassembler' '-ad' '-Xassembler' '-alms="
 438      20272D61 
 438      2720272D 
 438      58617373 
 438      656D626C 
 439 0132 6275696C 		.ascii	"build/../sdk/drv_u5/gpio.lst'\000"
 439      642F2E2E 
 439      2F73646B 
 439      2F647276 
 439      5F75352F 
 440              		.text
 441              		.comm	__gnu_lto_slim,1,1
 442              		.ident	"GCC: (15:10.3-2021.07-4) 10.3.1 20210621 (release)"
ARM GAS  /tmp/ccWqwsBO.s 			page 32


DEFINED SYMBOLS
                            *ABS*:0000000000000000 gpio.c
                            *COM*:0000000000000001 __gnu_lto_slim

NO UNDEFINED SYMBOLS
