ARM GAS  /tmp/ccJoY9MS.s 			page 1


   1              		.cpu cortex-m33
   2              		.eabi_attribute 27, 1
   3              		.eabi_attribute 28, 1
   4              		.eabi_attribute 20, 1
   5              		.eabi_attribute 21, 1
   6              		.eabi_attribute 23, 3
   7              		.eabi_attribute 24, 1
   8              		.eabi_attribute 25, 1
   9              		.eabi_attribute 26, 1
  10              		.eabi_attribute 30, 4
  11              		.eabi_attribute 34, 1
  12              		.eabi_attribute 18, 4
  13              		.file	"irq.c"
  14              		.section	.gnu.lto_.profile.e62e6a079ef8d645,"e",%progbits
  15 0000 789C6362 		.ascii	"x\234cb\000\001\000\000\022\000\003"
  15      00010000 
  15      120003
  16              		.text
  17              		.section	.gnu.lto_.icf.e62e6a079ef8d645,"e",%progbits
  18 0000 789C5360 		.ascii	"x\234S`@\000V\206+\033\033\246\2610\336=\363q\016\027"
  18      40005686 
  18      2B1B1BA6 
  18      B130DE3D 
  18      F3710E17 
  19 0014 D3B18797 		.ascii	"\323\261\207\227Or2\267\375\271\376\201\227es\317\214"
  19      4F7232B7 
  19      FDB9FE81 
  19      976573CF 
  19      8C
  20 0025 BBCC0C00 		.ascii	"\273\314\014\000\377\332\017h"
  20      FFDA0F68 
  21              		.text
  22              		.section	.gnu.lto_.ipa_sra.e62e6a079ef8d645,"e",%progbits
  23 0000 789C0B64 		.ascii	"x\234\013d@\000V\006\006fFF\020\213\221\211\011&\310"
  23      40005606 
  23      06664646 
  23      108B9189 
  23      0926C8
  24 0013 C8CC8CA4 		.ascii	"\310\314\214\244\204\201\231\005$\003R\304\310\010V"
  24      84819905 
  24      240352C4 
  24      C80856
  25 0022 CBC8C408 		.ascii	"\313\310\304\010W\011&\031\021\212\001&\334\000\200"
  25      57092619 
  25      118A0126 
  25      DC0080
  26              		.text
  27              		.section	.gnu.lto_.inline.e62e6a079ef8d645,"e",%progbits
  28 0000 789C7D90 		.ascii	"x\234}\220\261J\003A\020\206\377\231\331\\V\214z\210"
  28      B14A0341 
  28      1086FF99 
  28      D95C568C 
  28      7A88
  29 0012 85654A1F 		.ascii	"\205eJ\037\301'\260\274w\320\273\304\200\350#\204\023"
  29      C127B0BC 
  29      77D0BBC4 
  29      80E82384 
ARM GAS  /tmp/ccJoY9MS.s 			page 2


  29      13
  30 0023 2CC4C623 		.ascii	",\304\306#X\333ha\225\312B\224@\020|\000\037A[\233\024"
  30      58DB6861 
  30      95CA4294 
  30      40107C00 
  30      1F415B9B 
  31 0038 79006776 		.ascii	"y\000gv/g\002\301-v\277\331\235\375\347\237\231\023"
  31      2F6702C1 
  31      2D76BFD9 
  31      9DFDE79F 
  31      9913
  32 004a 9AD50292 		.ascii	"\232\325\002\222\262,\247\334#\260Q)E\274*\271`\260"
  32      B22CA7DC 
  32      23B05129 
  32      45BC2AB9 
  32      60B0
  33 005c A6103A6F 		.ascii	"\246\020:o\223\273+\356\023\343\342Q0\022\335\202\004"
  33      93BB2BEE 
  33      13E3E251 
  33      3012DD82 
  33      04
  34 006d 29448D4B 		.ascii	")D\215K\315\037\256\374s\021\341\221\214\306\267\037"
  34      CD1FAEFC 
  34      7311E191 
  34      8CC6B71F 
  35 007d 923B38F8 		.ascii	"\222;8\370\357\373\2331\027\012N\3771\266\236^&s\351"
  35      EFFB9B31 
  35      170A4EFF 
  35      31B69E5E 
  35      2673E9
  36 0090 910BC2F4 		.ascii	"\221\013\302\364l\252g\015\325\362\244\247\205\033\377"
  36      6CAA670D 
  36      D5F2A4A7 
  36      851BFF
  37 009f 954991CC 		.ascii	"\225I\221\314>g\257\234{\244\036<}\377y\220c\217\356"
  37      3E67AF9C 
  37      7BA41E3C 
  37      7DFF7990 
  37      638FEE
  38 00b2 122B7E59 		.ascii	"\022+~Y\371\023\207\256\373\343%L\315\225`W%\257\371"
  38      F91387AE 
  38      FBE3254C 
  38      CD956057 
  38      25AFF9
  39 00c5 545D9D6B 		.ascii	"T]\235kek\227)\001\347f#F\355#\335kv\250\375-|r}\266"
  39      656B9729 
  39      01E76623 
  39      46ED23DD 
  39      6B76A8FD 
  40 00de D7F9DD0B 		.ascii	"\327\371\335\013\303\356\233\031{\264\252:\213E\027"
  40      C3EE9B19 
  40      7BB4AA3A 
  40      8B4517
  41 00ed FBE04039 		.ascii	"\373\340@9\016\032:T)\207\035\015*\031\020Y\025\011"
  41      0E1A3A54 
  41      29871D0D 
  41      2A191059 
ARM GAS  /tmp/ccJoY9MS.s 			page 3


  41      1509
  42 00ff C35BA3AE 		.ascii	"\303[\243\256\327\233\346\244\312\244cA\225UYk\333\232"
  42      D79BE6A4 
  42      CAA46341 
  42      9555596B 
  42      DB9A
  43 0111 328A8FC0 		.ascii	"2\212\217\300/\202Dj\341"
  43      2F82446A 
  43      E1
  44              		.text
  45              		.section	.gnu.lto_.jmpfuncs.e62e6a079ef8d645,"e",%progbits
  46 0000 789C5D8E 		.ascii	"x\234]\216\321\011\200@\014C\233\246\352\247\033{;8"
  46      D1098040 
  46      0C439BA6 
  46      EAA71B7B 
  46      3B38
  47 0012 805F0EE2 		.ascii	"\200_\016\342fg\212H\241\201\007IJi/+-\002\322\270i"
  47      66678A48 
  47      A1810749 
  47      4A692F2B 
  47      2D02D2B8 
  48 0027 EE00D308 		.ascii	"\356\000\323\010\220j\267t?\221c\377\306\3648r\363\011"
  48      906AB774 
  48      3F9163FF 
  48      C6F43872 
  48      F309
  49 0039 9818162D 		.ascii	"\230\030\026-\227\237\322nk/z\366\223\272\201\252\363"
  49      979FD26E 
  49      6B2F7AF6 
  49      93BA81AA 
  49      F3
  50 004a BB178BAD 		.ascii	"\273\027\213\255\"7"
  50      2237
  51              		.text
  52              		.section	.gnu.lto_.pureconst.e62e6a079ef8d645,"e",%progbits
  53 0000 789C1360 		.ascii	"x\234\023````e\230\305\302\270\213\225i\026\013s\003"
  53      60606065 
  53      98C5C2B8 
  53      8B956916 
  53      0B7303
  54 0013 0BCB0C16 		.ascii	"\013\313\014\026\000\033`\003;"
  54      001B6003 
  54      3B
  55              		.text
  56              		.section	.gnu.lto_.lto.e62e6a079ef8d645,"e",%progbits
  57 0000 09000400 		.ascii	"\011\000\004\000\001\000\000\000"
  57      01000000 
  58              		.text
  59              		.section	.gnu.lto___NVIC_GetPriorityGrouping.123.e62e6a079ef8d645,"e",%progbits
  60 0000 789C458E 		.ascii	"x\234E\216\315K\002Q\024\305\357\2317~\254\372\017\002"
  60      CD4B0251 
  60      14C5EF99 
  60      377EACFA 
  60      0F02
  61 0012 21105C8C 		.ascii	"!\020\\\214\317\222h\033\004Q\213V\255#l4\022\033\035"
  61      CF92681B 
  61      04518B56 
ARM GAS  /tmp/ccJoY9MS.s 			page 4


  61      AD236C34 
  61      121B1D
  62 0025 74ACA5CF 		.ascii	"t\254\245\317\244\0027\246E\213>\204d\010\202\240M\321"
  62      A40237A6 
  62      458B3E84 
  62      640882A0 
  62      4DD1
  63 0037 072DA4E8 		.ascii	"\007-\244\350\037hg\020-\245\215\213V-\204zo\224zp\037"
  63      1F686710 
  63      2DA58D8B 
  63      562D847A 
  63      6F947A70 
  64 004c F7FCB887 		.ascii	"\367\374\270\207s\202 Z\"\242\260\0340B\243^\325H\010"
  64      7382205A 
  64      22A2B01C 
  64      3042A35E 
  64      D54808
  65 005f 311DD050 		.ascii	"1\035\320P\256W\273\235\317Y\334\302\003\240\222\206"
  65      AE57BB9D 
  65      CF59DCC2 
  65      03A09286 
  66 006f 12F6D909 		.ascii	"\022\366\331\011C\203\271\362X\037n@(\322\026\342\373"
  66      4383B9F2 
  66      581F6E40 
  66      28D216E2 
  66      FB
  67 0080 A579741C 		.ascii	"\245yt\034y\256l\317\271L\243\246<\270\001\256e\200"
  67      79AE6CCF 
  67      B94CA3A6 
  67      3CB801AE 
  67      6580
  68 0092 7A7E5244 		.ascii	"z~RD\245\310\271z\365\265E\377\247&\304G\007\007\227"
  68      A5C8B97A 
  68      F5B545FF 
  68      A726C447 
  68      070797
  69 00a5 DDB00FE4 		.ascii	"\335\260\017\3442i\222\237N\312M5\246j\010\035\242M"
  69      3269929F 
  69      4ECA4D35 
  69      A66A081D 
  69      A24D
  70 00b7 B4C7B481 		.ascii	"\264\307\264\201(K\321\303\323\343\305h\213a\230\256"
  70      284BD1C3 
  70      D3E3C568 
  70      8B6198AE 
  71 00c7 83FE36F1 		.ascii	"\203\3766\361V\021#R\235\253\312A\227\371p\017\334\201"
  71      56112352 
  71      9DABCA41 
  71      97F9700F 
  71      DC81
  72 00d9 62679EF4 		.ascii	"bg\236\364\343\001\247^\213\036*\375\235w\264\230\326"
  72      E301A75E 
  72      8B1E2AFD 
  72      9D77B498 
  72      D6
  73 00ea 1A780308 		.ascii	"\032x\003\010*x\270+\231.\261b\032\002\364\205\255\220"
  73      2A78B82B 
ARM GAS  /tmp/ccJoY9MS.s 			page 5


  73      992EB162 
  73      1A02F485 
  73      AD90
  74 00fc 24CA5363 		.ascii	"$\312Sc\370\257D4\305\255\254\303M\356X6O\246\355\365"
  74      F8AF4434 
  74      C5ADACC3 
  74      4DEE5836 
  74      4FA6EDF5 
  75 0110 9C954970 		.ascii	"\234\225Ip'\237\263\323fl\334(8V|\2428i\024\013+F2\265"
  75      279FB3D3 
  75      666CDC28 
  75      38567CA2 
  75      3869140B 
  76 0128 91493BC6 		.ascii	"\221I;\306\352&O\3306\215E\243\274\220\314p\357\202"
  76      EA264FD8 
  76      368D45A3 
  76      BC90CC70 
  76      EF82
  77 013a CF2C2CCE 		.ascii	"\317,,\316/\362t\326\344f.\237Z6\255x<\272F\277\375"
  77      2FF274D6 
  77      E4662E9F 
  77      5A36AD78 
  77      3CBA46BF 
  78 014f 3972C1   		.ascii	"9r\301"
  79              		.text
  80              		.section	.gnu.lto___NVIC_EnableIRQ.124.e62e6a079ef8d645,"e",%progbits
  81 0000 789C6D51 		.ascii	"x\234mQMh\023A\024~o\336l\022E\353U\274\210\210\212"
  81      4D681341 
  81      147E6FDE 
  81      6C1245EB 
  81      55BC8888 
  82 0015 4232B141 		.ascii	"B2\261A\304\233\340Az\360\240\275+u\0231\246\233,\311"
  82      C49BE041 
  82      7AF0A0BD 
  82      2B751331 
  82      A69B2CC9 
  83 0029 56F1D449 		.ascii	"V\361\324IRS\210\20745x\261\006\214A\360R/\032\361\242"
  83      52538887 
  83      343578B1 
  83      068C41F0 
  83      522F1AF1 
  84 003e B1C59B07 		.ascii	"\261\305\233\007\021z\361\247Z\275\264`[\021\012*\221"
  84      117AF1A7 
  84      5ABDB460 
  84      5B110A2A 
  84      91
  85 004f FA66B7B6 		.ascii	"\372f\267\266\027\027fx\3377\337\367\346\315\267k\010"
  85      17176678 
  85      DF37DFF7 
  85      E6CDB76B 
  85      08
  86 0060 300C00A7 		.ascii	"0\014\000\247y\241\0058Y\257\012\320Z\237\014\013Q\256"
  86      79A10538 
  86      59AF0AD0 
  86      5A9F0C0B 
  86      51AE
  87 0072 DF14F814 		.ascii	"\337\024\370\024\277\335_8 \307\352}\215\017\315=\222"
ARM GAS  /tmp/ccJoY9MS.s 			page 6


  87      BFDD5F38 
  87      20C7EA7D 
  87      8D0FCD3D 
  87      92
  88 0083 B0B1A990 		.ascii	"\260\261\251\220X\254W\267\261\302G\010\243\202$\216"
  88      58AC57B7 
  88      B1C24708 
  88      A382248E 
  89 0093 E22D3ACC 		.ascii	"\342-:\314\304\317W\315\351;'J\372\306\3566\0014y\371"
  89      C4CF57CD 
  89      E93B274A 
  89      FAC6EE36 
  89      013479F9 
  90 00a7 DF14219D 		.ascii	"\337\024!\235\207C,x\263\364Xk\2026!>A>\307\004\306"
  90      87432C78 
  90      B3F4586B 
  90      8236213E 
  90      413EC704 
  91 00bc C1405685 		.ascii	"\301@V\205\3769\014x\364\326\352\352\336zM\353\365w"
  91      FE390C78 
  91      F4D6EAEA 
  91      DE7A4DEB 
  91      F577
  92 00ce D878BD7A 		.ascii	"\330x\275zp'\262L\010\336\310\370\2054\225e\266\220"
  92      7027B24C 
  92      08DEC8F8 
  92      85349565 
  92      B690
  93 00e0 D922881D 		.ascii	"\331\"\210\035\366\325\310L\251%\352.\300\004\211\000"
  93      F6D5C84C 
  93      A925EA2E 
  93      C0048900 
  94 00f0 14192CE1 		.ascii	"\024\031,\341\330\374\354\327\345d\213\"\223d\356\017"
  94      D8FCECD7 
  94      E5648B22 
  94      9364EE0F 
  95 0100 469B205A 		.ascii	"F\233 ZhV\247\205\257Y\305\342\227\265\316\0213\201"
  95      6856A785 
  95      AF59C5E2 
  95      97B5CE11 
  95      3381
  96 0112 CD33EF4B 		.ascii	"\3153\357KU\"m\222\322\214\364\214\365+X\352\215\177"
  96      55226D92 
  96      D28CF48C 
  96      F52B58EA 
  96      8D7F
  97 0124 7AFFF04A 		.ascii	"z\377\360J\213\220\3330.\337\036\027\320\"b\3024\025"
  97      8B90DB30 
  97      2EDF1E17 
  97      D02262C2 
  97      3415
  98 0136 B8371099 		.ascii	"\2707\020\231|Z$\370$\300s\\\312\015K\2572\307\245\305"
  98      7C5A24F8 
  98      24C0735C 
  98      CA0D4BAF 
  98      32C7A5C5 
  99 014a 84B110E7 		.ascii	"\204\261\020\347\317\344\357\31223\241\2001V&g\276W"
ARM GAS  /tmp/ccJoY9MS.s 			page 7


  99      CFE4EFCA 
  99      3233A180 
  99      31562667 
  99      BE57
 100 015c 3F5A5341 		.ascii	"?ZSAg\013a\263\3223e\335\307\350\201\371\005\213;\332"
 100      670B61B3 
 100      D23365DD 
 100      C7E881F9 
 100      058B3BDA 
 101 0170 14C21788 		.ascii	"\024\302\027\210\317}E\374\236\326<s\030\273x\327d\331"
 101      CF7D45FC 
 101      9ED63C73 
 101      18BB78D7 
 101      64D9
 102 0182 CF787157 		.ascii	"\317xqW\233\343y\311]-f\370\026\377\235\277\376\377"
 102      9BE379C9 
 102      5D2D66F8 
 102      16FF9DBF 
 102      FEFF
 103 0194 CE590C52 		.ascii	"\316Y\014R\221[\311\375\300\322\347?\235\355~\\5\302"
 103      915BC9FD 
 103      C0D2E73F 
 103      9DED7E5C 
 103      35C2
 104 01a6 AD7C018E 		.ascii	"\255|\001\216+'\353)[y\216\253\222iw8\347d\206\224\227"
 104      2B27EB29 
 104      5B798EAB 
 104      92697738 
 104      E7648694 
 105 01bb CFB9693B 		.ascii	"\317\271i;~4Z\360\234D\377\310\261\350H\341b4\231\272"
 105      7E345AF0 
 105      9C44FFC8 
 105      B1E848E1 
 105      623499BA 
 106 01cf 9A497BD1 		.ascii	"\232I{\321K\327\324\220\353\302\376XL\025\222\031\345"
 106      4BD7D490 
 106      EBC2FE58 
 106      4C159219 
 106      E5
 107 01e0 2BD4A933 		.ascii	"+\324\2513\203\003\203*\235\265\225\235\313\247.\330"
 107      8303832A 
 107      9DB5959D 
 107      CBA72ED8 
 108 01f0 4E2211BB 		.ascii	"N\"\021\273\014r\340\334\331,B\330I9\271\374u\370\013"
 108      0C72E0DC 
 108      D92C42D8 
 108      4939B9FC 
 108      75F80B
 109 0203 F5AAC70B 		.ascii	"\365\252\307\013"
 110              		.text
 111              		.section	.gnu.lto___NVIC_SetPriority.131.e62e6a079ef8d645,"e",%progbits
 112 0000 789C5D51 		.ascii	"x\234]QMh\023Q\020~\337\316\333M\322\244M\217\322\223"
 112      4D681351 
 112      107EDFCE 
 112      DB4DD2A4 
 112      4D8FD293 
 113 0014 205204D3 		.ascii	" R\004\323\255\015\"\336\004O=x\260\275+5\251\030b\232"
ARM GAS  /tmp/ccJoY9MS.s 			page 8


 113      AD0D22DE 
 113      044F3D78 
 113      B0BD2B35 
 113      A918629A 
 114 0028 90A68AA7 		.ascii	"\220\246\212\247\276&\265\205ThS\255\027k\320\355\""
 114      BE26B585 
 114      546853AD 
 114      176BD0ED 
 114      22
 115 0039 054511FF 		.ascii	"\005E\021\377-j\254D\275\024\324\243\210Z<\250(\"\202"
 115      2D6AAC44 
 115      BD14D4A3 
 115      885A3CA8 
 115      282282
 116 004c 285289F3 		.ascii	"(R\211\3636mS\\\366\015\357\233\371\346\315|3s\206\020"
 116      366D535C 
 116      F60DEF9B 
 116      F9E6CD7C 
 116      33738610 
 117 0060 4921440F 		.ascii	"I!D\017\037X\002\323\245\242!\224R{|\206Q(M\030X\300"
 117      1F5802D3 
 117      A5A22194 
 117      527B7C86 
 117      51284D18 
 118 0076 D7B9E5AD 		.ascii	"\327\271\345\255r\264\324r\346M\271M\022fJM^\\\362m"
 118      72B4D472 
 118      E64DB94D 
 118      12664A4D 
 118      5E5CF26D 
 119 008a 8D6B62A4 		.ascii	"\215kb\244T\0140\327C\020\303\006I\023\3038M\333\330"
 119      540C30D7 
 119      4310C306 
 119      4913C338 
 119      4DDBD8
 120 009d F3BB5A5E 		.ascii	"\363\273Z^\270\276;\257NnrI\2102\037\357\233%\320\001"
 120      B8BE3BAF 
 120      4E6E7249 
 120      88321FEF 
 120      9B25D001 
 121 00b1 D1CE8417 		.ascii	"\321\316\204\027_n*E\302%\340\0268\216(:\205\206\232"
 121      5F6E2A45 
 121      C225E016 
 121      388E283A 
 121      85869A
 122 00c4 334D2E19 		.ascii	"3M.\031\220\2537\302f\235\027\023\355\025\316+\026\306"
 122      90AB37C2 
 122      669D1713 
 122      ED15CE2B 
 122      16C6
 123 00d6 55AB7449 		.ascii	"U\253tI\342\236\227w\027\270\003\235)\371}k\255\026"
 123      E29E9777 
 123      17B8039D 
 123      29F97D6B 
 123      AD16
 124 00e8 7BC4B557 		.ascii	"{\304\265WfE\255\324&\225\3728\201\231+7\266\267\202"
 124      6645ADD4 
 124      2695FA38 
ARM GAS  /tmp/ccJoY9MS.s 			page 9


 124      81992B37 
 124      B6B782
 125 00fb 69A6C1C6 		.ascii	"i\246\301\306\322\225M\251\215\311\306gi\343\323\001"
 125      D2954DA9 
 125      8DC9C667 
 125      69E3D301 
 126 010b BF36011D 		.ascii	"\2776\001\035\010\002\267\021\002\356\363[\223\244E"
 126      0802B711 
 126      02EEF35B 
 126      93A445
 127 011a 2B095511 		.ascii	"+\011U\021b\212\214:\030a\360\031\243o\237\374\252\366"
 127      628A8C3A 
 127      1861F019 
 127      A36F9FFC 
 127      AAF6
 128 012c 3B14D4BD 		.ascii	";\024\324\275\002u\241SD\313\345\342U\303\343|C~e\274"
 128      0275A153 
 128      44CBE5E2 
 128      55C3E37C 
 128      437E65BC 
 129 0140 3671B9CD 		.ascii	"6q\271\315!8\024\252\343\252\341\020\377AF\205?cK\226"
 129      213814AA 
 129      E3AAE110 
 129      FF414685 
 129      3F634B96 
 130 0154 43E4D4F5 		.ascii	"C\344\324\365\372!\331\271\370\275\370\327\\\235@`}"
 130      FA21D9B9 
 130      F8BDF8D7 
 130      5C9D4060 
 130      7D
 131 0165 2A01A8C5 		.ascii	"*\001\250\305\202jatI\017\376S\310\245&<\002\036z\214"
 131      826A6174 
 131      490FFE53 
 131      C8A5263C 
 131      021E7A8C 
 132 0179 CE8B4AF9 		.ascii	"\316\213J\371]\012\242\202\363z\014]\214\347\303.\205"
 132      5D0AA282 
 132      F37A0C5D 
 132      8CE7C32E 
 132      85
 133 018a F0980BF3 		.ascii	"\360\230\013\363\332\005W\361\272\223\027\226\177\276"
 133      DA0557F1 
 133      BA931796 
 133      7FBE
 134 0198 44A3BB77 		.ascii	"D\243\273w\247twr\275\273%\276Z\253\335\235\03578\317"
 134      A7747772 
 134      BDBB25BE 
 134      5AABDD9D 
 134      1D3738CF 
 135 01ac 6487EEC0 		.ascii	"d\207\356\300\207p\235\242w\357\220\217#\2324;\266\304"
 135      87709DA2 
 135      77EF908F 
 135      239A343B 
 135      B6C4
 136 01be 0C3F3B34 		.ascii	"\014?;4\311\302J\255V\0137\264\005\370q<\300\177\272"
 136      C9C24AAD 
 136      560B37B4 
ARM GAS  /tmp/ccJoY9MS.s 			page 10


 136      05F8713C 
 136      C07FBA
 137 01d1 9AD77535 		.ascii	"\232\327u5C\275\336\240k\236u\265\340)P\335\250+\214"
 137      43BDDEA0 
 137      6B9E75B5 
 137      E02950DD 
 137      A82B8C
 138 01e4 67AC0B1B 		.ascii	"g\254\013\033u=\347\026\374\236\256\200\247\313ll\346"
 138      753DE716 
 138      FC9EAE80 
 138      A7CB6C6C 
 138      E6
 139 01f5 07F2EFCF 		.ascii	"\007\362\357\317}h\362\3261Ih\354O\210]vj g\307\354"
 139      7D68F2D6 
 139      314968EC 
 139      4F885D76 
 139      6A2067C7 
 140 020a 5C2A63C7 		.ascii	"\\*c\307\023\231\243\351T\262\317\316e\323\231D\254"
 140      1399A3E9 
 140      54B2CFCE 
 140      65D39944 
 140      AC
 141 021b 73476430 		.ascii	"sGd0\227\212v\015\355\214\014\015\036\212\304\373\217"
 141      978A760D 
 141      ED8C0C0D 
 141      1E8AC4FB 
 141      8F
 142 022c 2513B9C8 		.ascii	"%\023\271\310\341\343v_&#\266tt\330\203\361\244\355"
 142      E1E3765F 
 142      2623B674 
 142      74D883F1 
 142      A4ED
 143 023e 31ECBDFB 		.ascii	"1\354\275\373z\273{\355\304@\314\216\245\263\375\007"
 143      7ABB7BED 
 143      C440CC8E 
 143      A5B3FD07 
 144 024e 63A968B4 		.ascii	"c\251h\264\343\210\220\335=\373\007\374\231l\"\235M"
 144      E38890DD 
 144      3DFB07FC 
 144      996C229D 
 144      4D
 145 025f E44EFC03 		.ascii	"\344N\374\003\032\300\377\037"
 145      1AC0FF1F 
 146              		.text
 147              		.section	.gnu.lto_NVIC_EncodePriority.133.e62e6a079ef8d645,"e",%progbits
 148 0000 789C6D92 		.ascii	"x\234m\222MhSA\020\307g\336\276$M\2326)=\010\236\012"
 148      4D685341 
 148      10C767DE 
 148      BE244D9A 
 148      36293D08 
 149 0016 2252307D 		.ascii	"\"R0}j\020\257\242\210z\020\012\365\254\264i\304G\373"
 149      6A10AFA2 
 149      887A100A 
 149      F5ACB469 
 149      C447FB
 150 0029 9A67F2A2 		.ascii	"\232g\362\242\010B\267MM\2449\264\211\037\330\020sx"
 150      0842B74D 
ARM GAS  /tmp/ccJoY9MS.s 			page 11


 150      4DA439B4 
 150      891FD810 
 150      7378
 151 003b F4E04150 		.ascii	"\364\340AP\250\305\372\035-~\200\007E\320\203 z+R\251"
 151      A8C5FA1D 
 151      2D7E8007 
 151      45D08320 
 151      7A2B52A9 
 152 004f B50729C5 		.ascii	"\265\007)\305\022gw\333h\213\2077o\347?\277\235\231"
 152      126777DB 
 152      688B8737 
 152      6FE73FBF 
 152      9D99
 153 0061 9DDD450D 		.ascii	"\235\335E\015\340\026\000\034\242\017=\200\305\302\250"
 153      E016001C 
 153      A20F3D80 
 153      C5C2A8
 154 0070 069CF3FD 		.ascii	"\006\234\363\375>M\313\024\362\032>C\362\332\364\221"
 154      3E4DCB14 
 154      F21A3E43 
 154      F2DAF491 
 155 0080 42B3FC33 		.ascii	"B\263\3743\274R\010\310\270\216C\205\321\271\322\233"
 155      BC5208C8 
 155      B88E4385 
 155      D1B9D29B 
 156 0090 94F41006 		.ascii	"\224\364\020\0065\246\343 ^fe\206E6\311\000\365\265"
 156      35A6E320 
 156      5E666586 
 156      4536C900 
 156      F5B5
 157 00a2 15625B7B 		.ascii	"\025b[{\225\363\345\027\225\322T\373l\346\342\221I\246"
 157      95F3E517 
 157      95D254FB 
 157      6CE6E291 
 157      49A6
 158 00b4 41858069 		.ascii	"A\205\200i\304\273H\205\201@v\002v\020\364ny\206s?\020"
 158      C4BB4885 
 158      81407602 
 158      7610F46E 
 158      7986733F 
 159 00c9 81F7F01F 		.ascii	"\201\367\360\037Fl\021T\277\242nfr<\254\013\352\376"
 159      466C1154 
 159      BFA26E66 
 159      723CAC0B 
 159      EAFE
 160 00db FFA80B8A 		.ascii	"\377\250\013\212\372T\247\036n\246T\315K(~\333\211]"
 160      FA54A71E 
 160      6EA654CD 
 160      4B287EDB 
 160      895D
 161 00ed BC31F5F3 		.ascii	"\2741\365\363+\362\"G\201?\306\015\355I\266\\g\357\224"
 161      2BF22247 
 161      813FC60D 
 161      ED49B65C 
 161      67EF94
 162 0100 A7CEBCE6 		.ascii	"\247\316\274\3462\357\323M\240\027\260\212\370\004\305"
 162      32EFD34D 
ARM GAS  /tmp/ccJoY9MS.s 			page 12


 162      A017B08A 
 162      F804C5
 163 010f F1C44401 		.ascii	"\361\304D\0014%\334~\357\251\362\337\2651\316\277L\340"
 163      3425DC7E 
 163      EFA9F2DF 
 163      B531CEBF 
 163      4CE0
 164 0121 D5EFF33B 		.ascii	"\325\357\363;[\221\372\240F\3100ata<\302x\205\361\011"
 164      5B91FAA0 
 164      46C83061 
 164      74613CC2 
 164      7885F109 
 165 0135 D3208C18 		.ascii	"\323 \214\030\006\013\010\323\2108\203AQ\241\011(e\263"
 165      060B08D3 
 165      88388341 
 165      51A10928 
 165      65B3
 166 0147 D042880F 		.ascii	"\320B\210\0170\214\370\010[\324\271\306\230\270>\256"
 166      308CF808 
 166      5BD4B9C6 
 166      98B83EAE 
 167 0157 23AF028C 		.ascii	"#\257\002\2143M9C\344,`\346Znn\"\357sY\320e\215\342"
 167      334D3943 
 167      E42C60E6 
 167      5A6E6E22 
 167      EF7359D0 
 168 016e 6618FA84 		.ascii	"f\030\372\204\\\311\276*\315\207\\\272\250\347HA!-e"
 168      5CC9BE2A 
 168      CD875CBA 
 168      A8E74841 
 168      212D65
 169 0181 57359735 		.ascii	"W5\2275\271\352\006\031\352B,g\337\226\362[\\F\221 "
 169      B9EA0619 
 169      EA422C67 
 169      DF96F25B 
 169      5C469120 
 170 0195 CE227CC3 		.ascii	"\316\"|\303\221\317\263\277\232IP\220W\316`\234\261"
 170      91CFB3BF 
 170      9A495090 
 170      57CE609C 
 170      B1
 171 01a6 212AAA89 		.ascii	"!*\252\211\242(wQR\202\202\012Z\255\325j!\211\351\365"
 171      A2287751 
 171      5282820A 
 171      5AADD56A 
 171      2189E9F5 
 172 01ba DE74C256 		.ascii	"\336t\302V\262\364\230\250\011\246\260\232\300\250\003"
 172      B2F498A8 
 172      09A6B09A 
 172      C0A803
 173 01c9 AA3B7C3D 		.ascii	"\252;|=G\031t\012\2513\220\343\221~\010\344\276\017"
 173      4719740A 
 173      A93390E3 
 173      917E08E4 
 173      BE0F
 174 01db 5B5DE695 		.ascii	"[]\346\225Z@\011?d\"\037\276D%\251\004\015$\325\023"
 174      5A40093F 
ARM GAS  /tmp/ccJoY9MS.s 			page 13


 174      64221FBE 
 174      4425A904 
 174      0D24D513 
 175 01ef F8A51F16 		.ascii	"\370\245\037\026~1'^\261\313Zd\026?,\341p\033y\324\342"
 175      7E31275E 
 175      B1CB5A64 
 175      163F2CE1 
 175      701B79D4 
 176 0204 0A06A873 		.ascii	"\012\006\250sV\231\376\270\2606\006\3204\2320\376\235"
 176      5699FEB8 
 176      B03606D0 
 176      349A30FE 
 176      9D
 177 0215 30C03EC3 		.ascii	"0\300>\303\032p\214\230\341X\266\321k\332\375\011\253"
 177      1A708C98 
 177      E158B6D1 
 177      6BDAFD09 
 177      AB
 178 0226 AFDB7092 		.ascii	"\257\333p\222\011\333\214\355\332\035I9VtOzo$\235\352"
 178      09DB8CED 
 178      DA1D4939 
 178      56744F7A 
 178      6F249DEA 
 179 023a 89F4C6CF 		.ascii	"\211\364\306\317\366\231N\344\3249\243\333\266a[G\207"
 179      F6994EE4 
 179      D439A3DB 
 179      B6615B47 
 179      87
 180 024b 91EAED33 		.ascii	"\221\352\3553$a\034<\326u\264\3130\007bF,\221\214\237"
 180      24611C3C 
 180      D675B4CB 
 180      30076246 
 180      2C918C9F 
 181 025f 8C59D168 		.ascii	"\214Y\321h\307ih\352L\232\211\244\351\234?\234L\244"
 181      C76968EA 
 181      4C9A89A4 
 181      E99C3F9C 
 181      4CA4
 182 0271 ED506732 		.ascii	"\355Pg2\036\267lg]l\354J\367\254\257[7\305\016\230N"
 182      1EB76C67 
 182      5D6CEC4A 
 182      F7ACAF5B 
 182      37C50E98 
 183 0286 2ABC61F7 		.ascii	"*\274a\367q\313\376\003\034:,b"
 183      71CBFE03 
 183      1C3A2C62 
 184              		.text
 185              		.section	.gnu.lto_irq_enable.165.e62e6a079ef8d645,"e",%progbits
 186 0000 789C4D8F 		.ascii	"x\234M\217\275O\033A\020\305\347\355\234m\234\360\221"
 186      BD4F1B41 
 186      10C5E7ED 
 186      9C6D9CF0 
 186      91
 187 0011 828EC612 		.ascii	"\202\216\306\022\212\242\024\366\022\010J\2336\025\001"
 187      8AA214F6 
 187      12084A9B 
 187      361501
ARM GAS  /tmp/ccJoY9MS.s 			page 14


 188 0020 A545C8B1 		.ascii	"\245E\310\261\023t1\306\227\363\231\210\212\005\234"
 188      137431C6 
 188      97F39988 
 188      8A059C
 189 002f 2051C47C 		.ascii	" Q\304|\024i\320\025\247\353i\000\363\221HnR\242D\371"
 189      1469D015 
 189      A7EB6900 
 189      F391486E 
 189      52A244F9 
 190 0043 0BDCA48D 		.ascii	"\013\334\244\215P*\012$2{\266\024V\332\321\276}\277"
 190      502A0A24 
 190      327BB614 
 190      56DAD1BE 
 190      7DBF
 191 0055 B73BF319 		.ascii	"\267;\363\031D\357\210h\\6\230\260\267\273\255\310\030"
 191      44EF8868 
 191      5C3698B0 
 191      B7BBADC8 
 191      18
 192 0066 F33CA3B0 		.ascii	"\363<\243\260\276\273\235\3057$\012\264\246\260\206"
 192      BEBB9DC5 
 192      37240AB4 
 192      A6B086
 193 0075 7D7E2CF2 		.ascii	"}~,\362\372{\370\333\274\354 f\242Pv\262\016\030<C\217"
 193      FA7BF8DB 
 193      BCEC2066 
 193      A25076B2 
 193      0E183C43 
 194 008a C4FE7971 		.ascii	"\304\376yqd\014S\314\3001\304\307\024&\310J\313\354"
 194      640C53CC 
 194      C031C4C7 
 194      1426C84A 
 194      CBEC
 195 009c 71CC0A4E 		.ascii	"q\314\012N\377\304\310\331\334\253^\356\362\324\230"
 195      FFC4C8D9 
 195      DCAB5EEE 
 195      F2D498
 196 00ab AC800ECE 		.ascii	"\254\200\016\316\222\334)\320\206M:\375\367\347m}\330"
 196      92DC29D0 
 196      864D3AFD 
 196      F7E76D7D 
 196      D8
 197 00bc 31E6EACB 		.ascii	"1\346\352\313\346\226y\320\314\305\234\302\305]VV\232"
 197      E69679D0 
 197      CCC59CC2 
 197      C55D5656 
 197      9A
 198 00cd F015FDBE 		.ascii	"\360\025\375\276\344\006\242\016\177\245:\346\346\266"
 198      E406A20E 
 198      7FA53AE6 
 198      E6B6
 199 00db 654CBB38 		.ascii	"eL\2738v\017\362bZ\331\222\262h\0328G\0068\021\270\305"
 199      760FF262 
 199      5AD992B2 
 199      681A3847 
 199      063811B8 
 200 00f0 7678E3C0 		.ascii	"vx\343\300t\210vX\365\304\272\210+lv\017\207#N5\241"
ARM GAS  /tmp/ccJoY9MS.s 			page 15


 200      74887658 
 200      F5C4BA88 
 200      2B6C760F 
 200      87234E35 
 201 0105 62CE849C 		.ascii	"b\316\204\23446@\177\260q\263\365c6bD\234\026\352S."
 201      3436407F 
 201      B071B3F5 
 201      63366244 
 201      9C16EA53 
 202 011a 629530D9 		.ascii	"b\2250\331\220\025\221$\242\336\254\311\277\367\005"
 202      90159124 
 202      A2DEACC9 
 202      BFF705
 203 0129 F998A304 		.ascii	"\371\230\243\004\030\014\231-\220\221D\314C\3424\273"
 203      180C992D 
 203      909144CC 
 203      43E234BB 
 204 0139 4F7BD670 		.ascii	"O{\326phg\026+\346\021\372\213\215n\333Ifk1\376\367"
 204      6867162B 
 204      E611FA8B 
 204      8D6EDB49 
 204      666B31FE 
 205 014e 47F44C57 		.ascii	"G\364LW\227\003]\322A\325\323e\327[\252U+E\035\3705"
 205      97035DD2 
 205      41D5D365 
 205      D75BAA55 
 205      2B451DF8 
 206 0163 CF2D4D3C 		.ascii	"\317-M<\311\327\203\352\324dc:\337\250\277\316\227\337"
 206      C9D783EA 
 206      D464633A 
 206      DFA8BFCE 
 206      97DF
 207 0175 AC54DC20 		.ascii	"\254T\334 \377\366\203.z\036\215\026\012\272^\256\350"
 207      FFF6832E 
 207      7A1E8D16 
 207      0ABA5EAE 
 207      E8
 208 0186 B2BFB2D0 		.ascii	"\262\277\262\320\230\326\256\377\276P\"\347\305\334"
 208      98D6AEFF 
 208      BE5022E7 
 208      C5DC
 209 0194 ECF2809C 		.ascii	"\354\362\200\234\027<\337\255\015\331\342\273\301\352"
 209      173CDFAD 
 209      0DD9E2BB 
 209      C1EA
 210 01a2 A25F6B78 		.ascii	"\242_kx\377\000\361\205\222\246"
 210      FF00F185 
 210      92A6
 211              		.text
 212              		.section	.gnu.lto_.symbol_nodes.e62e6a079ef8d645,"e",%progbits
 213 0000 789C3BC8 		.ascii	"x\234;\310\000\004L\277\031\352\031\032\200\200\205"
 213      00044CBF 
 213      19EA191A 
 213      808085
 214 000f 71C23906 		.ascii	"q\3029\006 \233agCc\243\001\003#\003X\366\017C=#n\331"
 214      209B6167 
 214      4363A301 
ARM GAS  /tmp/ccJoY9MS.s 			page 16


 214      03230358 
 214      F60F433D 
 215 0026 66C67A26 		.ascii	"f\306z&\334\262\255\214\365\314\270e\2272\326\263\240"
 215      DCB2AD8C 
 215      F5CCB865 
 215      9732D6B3 
 215      A0
 216 0037 C8EE6A68 		.ascii	"\310\356jhd\204J2\263@\235\244\304\314\0025\"\211\231"
 216      64844A32 
 216      B3409DA4 
 216      C4CC0235 
 216      228999
 217 004a 056A5513 		.ascii	"\005jU\023#3\013\324M\213\030\031\0000\247/\257"
 217      23330BD4 
 217      4D8B1819 
 217      0030A72F 
 217      AF
 218              		.text
 219              		.section	.gnu.lto_.refs.e62e6a079ef8d645,"e",%progbits
 220 0000 789C6364 		.ascii	"x\234cd\000\002\000\000\012\000\002"
 220      00020000 
 220      0A0002
 221              		.text
 222              		.section	.gnu.lto_.decls.e62e6a079ef8d645,"e",%progbits
 223 0000 789CCD58 		.ascii	"x\234\315X[TT\327\031>\377\336g.\214D\250\222\225\246"
 223      5B5454D7 
 223      193EFFDE 
 223      672E8C44 
 223      A89295A6 
 224 0014 7525ACA4 		.ascii	"u%\254\244\253\322\225*\012M\342C\037\304Q\023V\324"
 224      ABD2952A 
 224      0A4DE243 
 224      1FC45113 
 224      56D4
 225 0026 D21935AB 		.ascii	"\322\0315\253}(5\014\251\254\004!\210i\362\324\203E"
 225      7D28350C 
 225      A9AC0421 
 225      8869F2D4 
 225      8345
 226 0038 4551C14B 		.ascii	"EQ\301K\024Q#\232xW@E\345&\214\210\310U\020E\274D\005"
 226      1451239A 
 226      78574045 
 226      E5268C88 
 226      C8551045 
 227 004f AF18EF8A 		.ascii	"\257\030\357\212\212(\330\177\357}\346\2349\314\324"
 227      8A28D87F 
 227      EF7DE69C 
 227      39CCD4
 228 005e 873E7516 		.ascii	"\207>u\026\373\354\263\367\371\346\373\276\375\357\013"
 228      FBECB3F7 
 228      F9E6FBBE 
 228      FDEF0B
 229 006d FF9977DF 		.ascii	"\377\231w\337\224\244\203D\222\356\203$\275\304\217"
 229      94A48344 
 229      92EE8324 
 229      BDC48F
 230 007c 5992A413 		.ascii	"Y\222\244\023Xd,\245X\334X\206c\251\226\304\307\204"
ARM GAS  /tmp/ccJoY9MS.s 			page 17


 230      58642CA5 
 230      58DC5886 
 230      63A996C4 
 230      C784
 231 008e A5014B33 		.ascii	"\245\001K3\226SX\316a\271$\371~V#\237\025\353!XB\274"
 231      965358CE 
 231      61B924F9 
 231      7E56239F 
 231      15EB2158 
 232 00a4 781660FF 		.ascii	"x\026`\377|,W\360\376/X\360V\232\011\242n\360\303\263"
 232      7C2C57F0 
 232      FE2F58F0 
 232      569A09A2 
 232      6EF0C3B3 
 233 00b8 011F0430 		.ascii	"\001\037\0040\214\352g\021\010\236\025X7bi\300\262C"
 233      8CEA6711 
 233      089E1558 
 233      376269C0 
 233      B243
 234 00ca E5631C75 		.ascii	"\345c\034u*W\263\037\256\355\370 \330\213\313\333\333"
 234      2A57B31F 
 234      AEEDF820 
 234      D88BCBDB 
 234      DB
 235 00db 30D51FE3 		.ascii	"0\325\037\343g\276<\334\233\260|\002\272\357IX0\\R\015"
 235      67BE3CDC 
 235      9BB07C02 
 235      BAEF4958 
 235      305C520D 
 236 00ef D6DFAA5A 		.ascii	"\326\337\252Z\247\374h\355\007\021\303\201\343\227T"
 236      A7FC68ED 
 236      0711C381 
 236      E39754
 237 00fe 9FE7FC7C 		.ascii	"\237\347\374|\247\362\277\370c\261?\256\216\273\031"
 237      A7F2BFF8 
 237      63B13FAE 
 237      8EBB19
 238 010d EB7AAC5B 		.ascii	"\353z\254[@p\236\305r\002\357Ob\335\212\365q\225\213"
 238      40709EC5 
 238      7202EF4F 
 238      62DD8AF5 
 238      71958B
 239 0120 CDD32535 		.ascii	"\315\323%5\246\347T\217\376b\262\234\302\033\360RT\312"
 239      A6E7548F 
 239      FE62B29C 
 239      C21BF052 
 239      54CA
 240 0132 BF2891C2 		.ascii	"\277(\221\302\025\376\251\032$\301\001\020\230\265\224"
 240      15FEA91A 
 240      24C10110 
 240      98B594
 241 0141 14AFBF58 		.ascii	"\024\257\277X\023h\305\376\256\214\0167H\020\011\243"
 241      1368C5FE 
 241      AE8C0E37 
 241      481009A3 
 242 0151 701CC500 		.ascii	"p\034\305\000\007\001\366\003\024\001}\233\301\322\316"
 242      0701F603 
ARM GAS  /tmp/ccJoY9MS.s 			page 18


 242      14017D9B 
 242      C1D2CE
 243 0160 DCDF3078 		.ascii	"\334\3370x\000\014J\300\033\210J\303\201\255\264 ~'"
 243      000C4AC0 
 243      1B884AC3 
 243      81ADB420 
 243      7E27
 244 0172 D1DF31F1 		.ascii	"\321\3371\361! \3435\004B\221\344\366\321\233\215\257"
 244      2120E335 
 244      044291E4 
 244      F6D19B8D 
 244      AF
 245 0183 D9DC8A72 		.ascii	"\331\334\212r_q\247\007HP\011P\201\\\207\000\341\310"
 245      5F71A707 
 245      48500950 
 245      815C8700 
 245      E1C8
 246 0195 520E50C6 		.ascii	"R\016P\306X\314\234\305\302\357\230\343oh\004\263\260"
 246      58CC9CC5 
 246      C2EF98E3 
 246      6F6804B3 
 246      B0
 247 01a6 B2FB659D 		.ascii	"\262\373e\235\311\246\014\374\366\021@\030~\273\012"
 247      C9A60CFC 
 247      F6114018 
 247      7EBB0A
 248 01b5 E030202C 		.ascii	"\3400 ,}\343\345j\371\032H\204\315\223\013\000\316|"
 248      7DE3E56A 
 248      F91A4884 
 248      CD930B00 
 248      CE7C
 249 01c7 80179BF4 		.ascii	"\200\027\233\364W*\205(D!f\027%6j\243.[-\274\025\326"
 249      572A8528 
 249      44216617 
 249      25366AA3 
 249      2E5B2DBC 
 250 01dd 4DC75A49 		.ascii	"M\307ZIX\220\315\272\355\010\004\333LVB\272,.[X/\354"
 250      5890CDBA 
 250      ED0804DB 
 250      4C5642BA 
 250      2C2E5B58 
 251 01f3 2279E6D0 		.ascii	"\"y\346\320\261\212\354Z\374z\227E!\331SB\"\307\342"
 251      B18AEC5A 
 251      FC7A9745 
 251      21D95342 
 251      22C7E2
 252 0206 B5CB520B 		.ascii	"\265\313R\013.\374V\214l\015\306\273.\213\255\233\346"
 252      2EFC568C 
 252      6C0DC6BB 
 252      2E8BAD9B 
 252      E6
 253 0217 2D31BB9A 		.ascii	"-1\273\232H\306p\250\005\233+\"\004\035\216\265Z\337"
 253      48C670A8 
 253      059B2B22 
 253      041D8EB5 
 253      5ADF
 254 0229 0AAAA255 		.ascii	"\012\252\242Ut\"\356\025ka\376\353\266.K\020R\204\271"
ARM GAS  /tmp/ccJoY9MS.s 			page 19


 254      7422EE15 
 254      6B61FEEB 
 254      B62E4B10 
 254      5284B9
 255 023c 42835DA1 		.ascii	"B\203]\241A\265`r\271l!a\022\232pED\214%6d\226\255\265"
 255      41B56072 
 255      B96C2161 
 255      129A7045 
 255      448C2536 
 256 0254 10412130 		.ascii	"\020A!0B\351\274\365\206\015l\001o\205\206I\222K\232"
 256      42E9BCF5 
 256      860D6C01 
 256      6F858649 
 256      924B9A
 257 0267 489097BE 		.ascii	"H\220\227\276\364|\300\202\232.\275\011\020f#\021\204"
 257      F47CC082 
 257      9A2EBD09 
 257      10662311 
 257      84
 258 0278 7ED265C1 		.ascii	"~\322e\301\365KB%I\221\255\201\201\0308\331\032\020"
 258      F54B4225 
 258      4991AD81 
 258      811838D9 
 258      1A10
 259 028a FB892B26 		.ascii	"\373\211+&\302&uY\010>\012\221A!\240\177\323f\226\300"
 259      C2267559 
 259      083E0A91 
 259      4121A07F 
 259      D36696C0 
 260 029e B358F87A 		.ascii	"\263X\370z\007\366'.\022kH\336*\274\237!1\256\352\356"
 260      07F6272E 
 260      126B48DE 
 260      2ABC9F21 
 260      31AEEAEE 
 261 02b2 F0F46A95 		.ascii	"\360\364j\225z/\000\202\207x\004\300#\"\251O\275\310"
 261      7A2F0082 
 261      877804C0 
 261      2322A94F 
 261      BDC8
 262 02c4 750FAA0F 		.ascii	"u\017\252\017\017\217G\307\313\243\356\025gX\210\020"
 262      0F8F47C7 
 262      CBA3EE15 
 262      67588810 
 263 02d4 EFEFF0EF 		.ascii	"\357\357\360\357\031\214\353\224\222F+y\015\\\354\203"
 263      198CEB94 
 263      92462B79 
 263      0D5CEC83 
 264 02e4 A2C715FB 		.ascii	"\242\307\025\373\003\257\263\365V|\376M\030\234=V\002"
 264      03AFB3F5 
 264      567CFE4D 
 264      189C3D56 
 264      02
 265 02f5 FAA958C0 		.ascii	"\372\251X\300\204/\340`\004\265-\357\257'o \346\266"
 265      842FE060 
 265      04B52DEF 
 265      AF276F20 
 265      E6B6
ARM GAS  /tmp/ccJoY9MS.s 			page 20


 266 0307 A284801B 		.ascii	"\242\204\200\033\240\016pr\220\245\036\271\223$\351"
 266      A00E7072 
 266      90A51EB9 
 266      9324E9
 267 0316 9DEC1CA5 		.ascii	"\235\354\034\245\247m\301\235\252\3376u\337W\024[\000"
 267      A76DC19D 
 267      AADF3675 
 267      DF57145B 
 267      00
 268 0327 3E80636C 		.ascii	">\200cl\213p\255c\210\252\0018\212{\003w=\362]\255i"
 268      8B70AD63 
 268      88AA0138 
 268      8A7B0377 
 268      3DF25DAD 
 269 033c 2AA7EC30 		.ascii	"*\247\3540\201R\200$\3548\334\331We\325\004fj\374\010"
 269      81528024 
 269      EC38DCD9 
 269      5765D504 
 269      666AFC08 
 270 0350 87261002 		.ascii	"\207&\020\002\367\363\327\226t\202\262\010QC\360\001"
 270      F7F3D796 
 270      7482B208 
 270      5143F001 
 271 0360 346AFC8D 		.ascii	"4j\374\215:\377%\316\237\235q\352\003N\357\026\364\025"
 271      3AFF25CE 
 271      9F9D71EA 
 271      034EEF16 
 271      F415
 272 0372 65595936 		.ascii	"eYY6\217\336\011\266[\346=\314\334\016~\004O\"U\253"
 272      8FDE09B6 
 272      5BE63DCC 
 272      DC0E7E04 
 272      4F2255AB 
 273 0386 2A5858B6 		.ascii	"*XX\266\347\253m\010\371\030{\241ESk\321\325\036\372"
 273      E7AB6D08 
 273      F9187BA1 
 273      45536BD1 
 273      D51EFA
 274 0399 55ABAF72 		.ascii	"U\253\257r\273\007{:N3\265\242\212\215seOO;\353\331"
 274      BB077B3A 
 274      4E33B5A2 
 274      8A8D7365 
 274      4F4F3BEB 
 275 03ae D2B86545 		.ascii	"\322\270eE\240\277\210\236E\3663\314\300J\034q\356\276"
 275      A0BF889E 
 275      45F633CC 
 275      C04A1C71 
 275      EEBE
 276 03c0 9BDA88CF 		.ascii	"\233\332\210\317\002\264i\036\332t\017\363\011\363P"
 276      02B4691E 
 276      DA740FF3 
 276      09F350
 277 03cf 72B360A9 		.ascii	"r\263`\251\320\254\026&\326\235\310/\320\206\374\023"
 277      D0AC1626 
 277      D69DC82F 
 277      D086FC13 
 278 03df 933CBEFF 		.ascii	"\223<\276\377\302\032\342g\310\027\221\353\002\360\305"
ARM GAS  /tmp/ccJoY9MS.s 			page 21


 278      C21AE267 
 278      C81791EB 
 278      02F0C5
 279 03ee D09FB6E2 		.ascii	"\320\237\266\342\367\357\344\340\\\266.\2776\306=\027"
 279      F7EFE4E0 
 279      5CB62EBF 
 279      36C63D17 
 280 03fe B1323E86 		.ascii	"\2612>\206\363\232\356yM\227\257\220\036\231W\367e\272"
 280      F39AEE79 
 280      4D97AF90 
 280      1E9957F7 
 280      65BA
 281 0410 85BB98EF 		.ascii	"\205\273\230\357\276\321b\265u\274\362\240\243\273\211"
 281      BED162B5 
 281      75BCF2A0 
 281      A3BB89
 282 041f F872974C 		.ascii	"\370r\227L\017\020\211\226\253\315\016\231Vc\263Qm\236"
 282      0F108996 
 282      ABCD0E99 
 282      5663B351 
 282      6D9E
 283 0431 91692B36 		.ascii	"\221i+6\317\251\315\026\231^\346\022\225\247\237T\233"
 283      CFA9CD16 
 283      995EE612 
 283      95A79F54 
 283      9B
 284 0442 B5D3109F 		.ascii	"\265\323\020\237\010\015\011\360\377=\204C8B\356\366"
 284      080D09F0 
 284      FF3D8443 
 284      3842EEF6 
 285 0452 2F3C3D78 		.ascii	"/<=x\010\207(y\204\005\327\203y\000\034'\321\333*m\255"
 285      08872879 
 285      8405D783 
 285      79001C27 
 285      D1DB2A6D 
 286 0467 4CBB51A5 		.ascii	"L\273Q\245\237S?\373\241\367\026\345\356\335\257:\246"
 286      9F533FFB 
 286      A1F716E5 
 286      EEDDAF3A 
 286      A6
 287 0478 87805BA6 		.ascii	"\207\200[\246\351T\242\213\250 QD\024\376\310\267K\007"
 287      E954A28B 
 287      A8205144 
 287      14FEC8B7 
 287      4B07
 288 048a A5D96AFF 		.ascii	"\245\331j\377`\344ljt\257\011\362g\367%\267\333\317"
 288      60E46C6A 
 288      74AF09F2 
 288      67F725B7 
 288      DBCF
 289 049c 26E649FB 		.ascii	"&\346I\373\243\245\001\314o\272\307\357\013\200\347"
 289      A3A501CC 
 289      6FBAC7EF 
 289      0B80E7
 290 04ab 0CA4100E 		.ascii	"\014\244\020\016\224h\256J\331%\014\254\024[3\357\027"
 290      9468AE4A 
 290      D9250CAC 
ARM GAS  /tmp/ccJoY9MS.s 			page 22


 290      145B33EF 
 290      17
 291 04bc 7483FAA0 		.ascii	"t\203\372\240\232\015 gG\347u\342Ol\001ab\363\011bN"
 291      9A0D2067 
 291      47E775E2 
 291      4F6C0161 
 291      62F30962 
 292 04d1 F7AEE9B7 		.ascii	"\367\256\351\267\032\304\322\011\374\033\217+\310 \034"
 292      1AC4D209 
 292      FC1B8F2B 
 292      C8201C
 293 04e0 28D1ED2A 		.ascii	"(\321\355*g\007\320|\3656[\350\236\222\204\256\211\356"
 293      6707D07C 
 293      F5365BE8 
 293      9E9284AE 
 293      89EE
 294 04f2 531F8420 		.ascii	"S\037\204 ef\303\222e\340Ov\031\227\315f\262\253\353"
 294      6566C392 
 294      65E04F76 
 294      1997CD66 
 294      B2ABEB
 295 0505 6F5FA306 		.ascii	"o_\243\006\331\245\004\2260\331\345\204\003\005]\006"
 295      D9A50496 
 295      30D9E584 
 295      03055D06 
 296 0515 D04318D9 		.ascii	"\320C\030\331#\236\310\002\255\303f\213\332\354\221"
 296      239EC802 
 296      ADC3668B 
 296      DAEC91
 297 0524 683B36CF 		.ascii	"h;6\317{\374\211\352\227\334\223\033h\247\332oB\275"
 297      7BFC89EA 
 297      97DC931B 
 297      68A7DA6F 
 297      42BD
 298 0536 F279054F 		.ascii	"\362y\005Od\177\2366rOy\314S_Z\321\261 \203\247\357"
 298      647F9E36 
 298      724F79CC 
 298      535F5AD1 
 298      B12083A7 
 299 054b 09AC679E 		.ascii	"\011\254g\2366\021\016d1\375i\336\215v\257\311y\342"
 299      36110E64 
 299      31FD69DE 
 299      8D76AFC9 
 299      79E2
 300 055d 0B12EB53 		.ascii	"\013\022\353ST\301\334\013\332\276\251z\241H\261\342"
 300      54C1DC0B 
 300      DABEA97A 
 300      A148B1E2 
 301 056d E7E70581 		.ascii	"\347\347\005\201\376\274l\347^\2661/\371\271\347\027"
 301      FEBC6CE7 
 301      5EB6312F 
 301      F9B9E717 
 302 057d 82C1CB16 		.ascii	"\202\301\313\026\002\233\231\314\016\302\201\314\313"
 302      029B99CC 
 302      0EC281CC 
 302      CB
 303 058a 95F5EDF3 		.ascii	"\225\365\355\363,\006/\003AbQK\364\001\206\251G\265"
ARM GAS  /tmp/ccJoY9MS.s 			page 23


 303      2C062F03 
 303      4162514B 
 303      F40186A9 
 303      47B5
 304 059c E0169555 		.ascii	"\340\026\225U\204I\242/)\343\332\177\367E\241\311\237"
 304      8449A22F 
 304      29E3DA7F 
 304      F745A1C9 
 304      9F
 305 05ad A97DDCD4 		.ascii	"\251}\334\324(vj\2255l#\006O{\010\0242\271\"\302q\214"
 305      28766A95 
 305      356C2306 
 305      4F7B0814 
 305      32B922C2 
 306 05c3 E7726BCF 		.ascii	"\347rk\317=0x\032\010\342\352c\350|Y\242\231\262h\215"
 306      3D30781A 
 306      08E2EA63 
 306      E87C59A2 
 306      99B2688D 
 307 05d7 A2D9D85A 		.ascii	"\242\331\330Z\245\266\302\350Zl\345\251\255P\272Y\275"
 307      A5B6C2E8 
 307      5A6CE5A9 
 307      AD50BA59 
 307      BD
 308 05e8 0B141B4A 		.ascii	"\013\024\033J\242;\325\216A\250w\252\355\344U\277\276"
 308      A23BD58E 
 308      41A877AA 
 308      EDE455BF 
 308      BE
 309 05f9 8F72DFD5 		.ascii	"\217r\337\325lg\014\303M\303+\211\026\312\314dc\315"
 309      6C670CC3 
 309      4DC32B89 
 309      16CACC64 
 309      63CD
 310 060b 12CC5130 		.ascii	"\022\314Q0\001\353R\252\322\250\232\305\325\022D\340"
 310      01EB52AA 
 310      D2A89AC5 
 310      D51244E0 
 311 061b BE3E46A0 		.ascii	"\276>F\240\206M\301\203\005{\323l\352H\376\016u\004"
 311      864DC183 
 311      057BD36C 
 311      EA48FE0E 
 311      7504
 312 062d AA081C66 		.ascii	"\252\010\034f\003\251'\234\235\021-\276\330\331\033"
 312      03A9279C 
 312      9D112DBE 
 312      D8D91B
 313 063c C48E8857 		.ascii	"\304\216\210W\021\265\326e\247\007hD\015\276D\264\030"
 313      11B5D665 
 313      A7076844 
 313      0DBE44B4 
 313      18
 314 064d C75B8EC5 		.ascii	"\307[\216\305\215\245\006K\003\226\026u\220/D\336\330"
 314      8DA5064B 
 314      03961675 
 314      902F44DE 
 314      D8
ARM GAS  /tmp/ccJoY9MS.s 			page 24


 315 065e 319C9E66 		.ascii	"1\234\236f\336\377V\376l\305f\323o^\375\031:\240\335"
 315      DEFF56FE 
 315      6CC566D3 
 315      6F5EFD19 
 315      3AA0DD
 316 0671 A9283D45 		.ascii	"\251(=E\231\317\233m\3530H\201p\005\377\351\021xL\264"
 316      99CF9B6D 
 316      EB304881 
 316      7005FFE9 
 316      11784CB4 
 317 0685 58854BEC 		.ascii	"X\205K\354t\223\256)J\341\367{\222kqfq\336r\015\220"
 317      7493AE29 
 317      4AE1F77B 
 317      926B7166 
 317      71DE720D 
 318 069a 35446090 		.ascii	"5D`\220\252\260Y`\220\246\315\200\351`\227\321\034\262"
 318      AAB05960 
 318      90A6CD80 
 318      E96097D1 
 318      1CB2
 319 06ac 5083B80D 		.ascii	"P\203\270\015\220J\242Km\320\244r\014\230U\204\323l"
 319      904AA24B 
 319      6DD0A472 
 319      0C985584 
 319      D36C
 320 06be 46C8DA3D 		.ascii	"F\310\332=2\203\354$\260\225C<\353\373G\242)-\326\224"
 320      3283EC24 
 320      B095433C 
 320      EBFB47A2 
 320      292DD694 
 321 06d2 CA0C2C25 		.ascii	"\312\014,%:\313:\301\362\003\201\015\034\342\331\261"
 321      3ACB3AC1 
 321      F203810D 
 321      1CE2D9B1 
 322 06e2 EB040467 		.ascii	"\353\004\004g\246\260B\260<\000\270\007\336,wA\367\333"
 322      A6B042B0 
 322      3C00B807 
 322      DE2C7741 
 322      F7DB
 323 06f4 9BB54009 		.ascii	"\233\265@\011\306\360\241\341V\237\360\0113\215\232"
 323      C6F0A1E1 
 323      569FF009 
 323      338D9A
 324 0703 99EB069A 		.ascii	"\231\353\006\232k\240Go\221\206\2510\260\224\353c\252"
 324      6BA0476F 
 324      9186A930 
 324      B094EB63 
 324      AA
 325 0714 D3203F1B 		.ascii	"\323 ?\033h\272@\033S\216\030\323~\002{9\213g\227\025"
 325      68BA401B 
 325      538E18D3 
 325      7E027B39 
 325      8B679715 
 326 0728 E82CBB34 		.ascii	"\350,\2734\226L\203\320\"\257\251\314\3240\207|\315"
 326      964C83D0 
 326      22AFA9CC 
 326      D430877C 
ARM GAS  /tmp/ccJoY9MS.s 			page 25


 326      CD
 327 0739 A8981D1A 		.ascii	"\250\230\035\032f\245\001\263\302\013\263M\303\254\366"
 327      66A501B3 
 327      C20BB34D 
 327      C3ACF6
 328 0748 9D4B15D3 		.ascii	"\235K\025\323\247\306\017A\315\006P\241\012b\023Q\256"
 328      A7C60F41 
 328      CD0650A1 
 328      0A621351 
 328      AE
 329 0759 4D44B761 		.ascii	"MD\267a\350\217\274\"X\240\211\245\031xz\365\365W\257"
 329      E88FBC22 
 329      58A089A5 
 329      19787AF5 
 329      F557AF
 330 076c 416EFA46 		.ascii	"An\372FP\245\251\3250\267\015\230[^\230\355\032\346"
 330      50A5A9D5 
 330      30B70D98 
 330      5B5E98ED 
 330      1AE6
 331 077e 3BDFB10B 		.ascii	";\337\261\013\251\245\032\244\330\0009\240C*5\310\035"
 331      A9A51AA4 
 331      D80039A0 
 331      432A35C8 
 331      1D
 332 078f 5F250179 		.ascii	"_%\001y\251\007\247\311@\263\331k\307\224h;\346\231"
 332      A907A7C9 
 332      40B3D96B 
 332      C794683B 
 332      E699
 333 07a1 81E7A9CE 		.ascii	"\201\347\251\316\263[\223Zh\240\231\253\2739\256A.\033"
 333      B35B935A 
 333      68A099AB 
 333      BB39AE41 
 333      2E1B
 334 07b3 583ABDD6 		.ascii	"X:\275\326\372\032M)\337@\263K\3332x\230\341q\005\247"
 334      FA1A4D29 
 334      DF40B34B 
 334      DB327898 
 334      E17105A7 
 335 07c7 089C647D 		.ascii	"\010\234d}\210\301#\357\022"
 335      88C123EF 
 335      12
 336 07d0 81D378E8 		.ascii	"\201\323x\350\023\350\"0\227\302}\002\317\010\234%\320"
 336      13E82230 
 336      97C27D02 
 336      CF089C25 
 336      D0
 337 07e1 49E01A81 		.ascii	"I\340\032\201\237\010\364\022\270K \235\302\025\002"
 337      9F08F412 
 337      B84B209D 
 337      C21502
 338 07f0 DD04FA09 		.ascii	"\335\004\372\011\234'p\201\300s\002\355\004\316\021"
 338      9C277081 
 338      C07302ED 
 338      04CE11
 339 07ff B841E00E 		.ascii	"\270A\340\016\201\353\370\202F\340*\201\207\004\236"
ARM GAS  /tmp/ccJoY9MS.s 			page 26


 339      81EBF882 
 339      46E02A81 
 339      87049E
 340 080e 12F89940 		.ascii	"\022\370\231@\037\201\007\004z\010(\024n\022H\243p\221"
 340      1F810704 
 340      7A082814 
 340      6E1248A3 
 340      7091
 341 0820 C03D02B7 		.ascii	"\300=\002\267\011\\&p\013s\026\012\035\004^\020xD\340"
 341      095C2670 
 341      0B73160A 
 341      1D045E10 
 341      7844E0
 342 0833 0C7BDD62 		.ascii	"\014{\335bC}\241G\265\305w\311\211\255\237/vR\006\201"
 342      437DA147 
 342      B5C577C9 
 342      89AD9F2F 
 342      76520681 
 343 0847 791CE2C9 		.ascii	"y\034\342\311\177\346z\005\276T\013G\217o\340\021\263"
 343      7FE67A05 
 343      BE540B47 
 343      8F6FE011 
 343      B3
 344 0858 1131197B 		.ascii	"\0211\031{\344\034\3044\0228\302y<\247\374z=\362K\264"
 344      E41CC434 
 344      1238C279 
 344      3CA7FC7A 
 344      3DF24BB4 
 345 086c C897FA9E 		.ascii	"\310\227\372\236U\252\324zMj\255\357\001,h\2324\232"
 345      55AAD47A 
 345      4D6AADEF 
 345      012C689A 
 345      349A
 346 087e ABBE1328 		.ascii	"\253\276\023(\006U,\006\205/\272}\034\342\311 {\275"
 346      06552C06 
 346      852FBA7D 
 346      1CE2C920 
 346      7BBD
 347 0890 E6385753 		.ascii	"\3468WS\332\355;\307\352v\334)x\226\023\310\342\030"
 347      DAED3BC7 
 347      EA76DC29 
 347      789613C8 
 347      E218
 348 08a2 4F96B658 		.ascii	"O\226\266X\270a4e\032\315c\337\035+\014\037\322\014"
 348      B8613465 
 348      1ACD63DF 
 348      1D2B0C1F 
 348      D20C
 349 08b4 3FF43D5D 		.ascii	"?\364=]\005\244_\237\251\343\276\353_`\0324\232\033"
 349      05A45F9F 
 349      A9E3BEEB 
 349      5F601A34 
 349      9A1B
 350 08c6 BEA7AB80 		.ascii	"\276\247\253\200di\220\203\276\233\021\307D/\360\004"
 350      64699083 
 350      BE9B11C7 
 350      442FF004 
ARM GAS  /tmp/ccJoY9MS.s 			page 27


 351 08d6 4039BFAB 		.ascii	"@9\277\253\220\014\035\270\212a\036\375?\\\307hw\327"
 351      900C1DB8 
 351      8A611EFD 
 351      3F5CC768 
 351      77D7
 352 08e8 A6BA1181 		.ascii	"\246\272\021\201\374\367\242\274*\031\346S=\221\247"
 352      FCF7A2BC 
 352      2A19E653 
 352      3D91A7
 353 08f7 ECB9396B 		.ascii	"\354\2719kW\336\025\363\257\001\360\317F`\021\3057\265"
 353      57DE15F3 
 353      AF01F0CF 
 353      466011C5 
 353      37B5
 354 0909 176F63CD 		.ascii	"\027oc\3153\034\267'1\301\223\037\3572(,\244<\2630#"
 354      331CB727 
 354      31C1931F 
 354      EF32282C 
 354      A43CB330 
 355 091e F3D6928C 		.ascii	"\363\326\222\214\206\000\177\351\323b\312\322\247L\201"
 355      86007FE9 
 355      D362CAD2 
 355      A74C81
 356 092d B4F01464 		.ascii	"\264\360\024d\014\275\316\202g\356;\325\326b\261\011"
 356      0CBDCE82 
 356      67EE3BD5 
 356      D662B109 
 357 093d B9013954 		.ascii	"\271\0019T\026\205l\312\002\270\214b\306E\260!\254d"
 357      16856CCA 
 357      02B88C62 
 357      C645B021 
 357      AC64
 358 094f B3BCF7E4 		.ascii	"\263\274\367\344\225\353UAZ\036\204\270\245\024\226"
 358      95EB5541 
 358      5A1E84B8 
 358      A51496
 359 095e 50769852 		.ascii	"Pv\230R\256\247\346\370\303\304;d\200x\321\030\"2\350"
 359      AEA7E6F8 
 359      C3C43B64 
 359      8078D118 
 359      2232E8
 360 0971 65E285E3 		.ascii	"e\342\205\343\210\314\336\257\227\355\256\264\370\363"
 360      88CCDEAF 
 360      97EDAEB4 
 360      F8F3
 361 097f BC867BCE 		.ascii	"\274\206{\316aZ\035\333s7\031s\371\325\024V11|ub@U\314"
 361      615A1DDB 
 361      73371973 
 361      F9D51456 
 361      31317C75 
 362 0997 2CC4A850 		.ascii	",\304\250Py\233\336R\263\256{\214\344\\[f\217\325\237"
 362      799BDE52 
 362      B3AE7B8C 
 362      E45C5B66 
 362      8FD59F
 363 09aa 501E17DA 		.ascii	"P\036\027\332\3000\325\245\027Z-\336Y\342z\012\353\230"
 363      C030D5A5 
ARM GAS  /tmp/ccJoY9MS.s 			page 28


 363      175A2DDE 
 363      59E27A0A 
 363      EB98
 364 09bc CE46CA71 		.ascii	"\316F\312q\374=\354\371\331f\352\235\000\016\304\210"
 364      FC3DECF9 
 364      D966EA9D 
 364      000EC488 
 365 09cc BCDC244C 		.ascii	"\274\334$L\210\267\307 6\210\235{\237\372}\221\332\302"
 365      88B7C720 
 365      36889D7B 
 365      9FFA7D91 
 365      DAC2
 366 09de F53733FD 		.ascii	"\36573\375\276\334\247\313^3\014\364G*\222\200\255\224"
 366      BEDCA7CB 
 366      5E330CF4 
 366      472A9280 
 366      AD94
 367 09f0 03D5819A 		.ascii	"\003\325\201\232\350=\276\362K\357,\276\345\225\304"
 367      E83DBEF2 
 367      4BEF2CBE 
 367      E595C4
 368 09ff 5FF1C5D3 		.ascii	"_\361\305\323n5\006n1\371\012\245\317<=\204\366\253"
 368      6E35066E 
 368      31F90AA5 
 368      CF3C3D84 
 368      F6AB
 369 0a11 B70AA119 		.ascii	"\267\012\241\031&\265\027\350\022\023\246\357X\326b"
 369      26B517E8 
 369      1213A6EF 
 369      58D662
 370 0a20 D9AC76A7 		.ascii	"\331\254v\247\017\023/\207\035\370N\033Zs\275\272=h"
 370      0F132F87 
 370      1DF84E1B 
 370      5A73BDBA 
 370      3D68
 371 0a32 6076CA0E 		.ascii	"`v\312\016\230\206\002\205\357\373\\\3122\257\303T\233"
 371      98860285 
 371      EFFB5CCA 
 371      32AFC354 
 371      9B
 372 0a43 A7EFA876 		.ascii	"\247\357\250v\230\225\251\230\255\024\012)\303x,\027"
 372      9895A998 
 372      AD140A29 
 372      C3782C17 
 373 0a53 E898021D 		.ascii	"\350\230\002\035s\300\210\021\347\007;\241kU\314\016"
 373      73C08811 
 373      E7073BA1 
 373      6B55CC0E 
 374 0a63 0ADB0D98 		.ascii	"\012\333\015\230mT\303\224\353\230|\003f\267\256uH\327"
 374      6D54C394 
 374      EB987C03 
 374      66B7AE75 
 374      48D7
 375 0a75 C27F195E 		.ascii	"\302\177\031^\230]:O\251\316\263\327\300\263G\343Q\317"
 375      985D3A4F 
 375      A9CEB3D7 
 375      C0B347E3 
ARM GAS  /tmp/ccJoY9MS.s 			page 29


 375      51CF
 376 0a87 9E120AC5 		.ascii	"\236\022\012\305\254\3570\3378u\024\312)\034\245p\204"
 376      ACEF30DF 
 376      387514CA 
 376      291CA570 
 376      84
 377 0a98 E2044019 		.ascii	"\342\004@\031\205\012\334\356\024\252(\324R8D\341\030"
 377      850ADCEE 
 377      14AA28D4 
 377      523844E1 
 377      18
 378 0aa9 851A0AA5 		.ascii	"\205\032\012\245\024\252\361K\\\252B\227\332i\220\352"
 378      14AAF14B 
 378      5CAA4297 
 378      DA6990EA 
 379 0ab9 D5FF1F94 		.ascii	"\325\377\037\224\350\226\213\014\230}TO^\365#8\215\017"
 379      E8968B0C 
 379      987D544F 
 379      5EF52338 
 379      8D0F
 380 0acb CBB3DC56 		.ascii	"\313\263\334V\352\303*\326\265\366\033xV\351a\256g\230"
 380      EAC32AD6 
 380      B5F61B78 
 380      56E961AE 
 380      6798
 381 0add B440D844 		.ascii	"\264@\330D\341{\216\361,\367\265z\010\353t?\335\340"
 381      E17B8EF1 
 381      2CF7B57A 
 381      08EB743F 
 381      DDE0
 382 0aef CDF3838E 		.ascii	"\315\363\203\216\251\3241}\006\214\232\3560\255|\335"
 382      A9D4317D 
 382      068C9AEE 
 382      30AD7CDD 
 383 0aff CF41831F 		.ascii	"\317A\203\037\221\223\323\035&\266\350W=9\2327x\350"
 383      9193D31D 
 383      26B6E857 
 383      3D399A37 
 383      78E8
 384 0b11 C090433D 		.ascii	"\300\220C=\375\337\202\216\214Ow\326?\266\351Gr\203"
 384      FDDF828E 
 384      8C4F77D6 
 384      3FB6E947 
 384      7283
 385 0b23 1EAC46B6 		.ascii	"\036\254F\266\205\212\270l{N\323\323A\276\277\3637Q"
 385      858AB86C 
 385      7B4ED3D3 
 385      41BEBFF3 
 385      3751
 386 0b35 AF1F90F8 		.ascii	"\257\037\220\370\357S\253\036Q\235\253^\377}\252Y\234"
 386      EF53AB1E 
 386      519DAB5E 
 386      FF7DAA59 
 386      9C
 387 0b46 1F7DD559 		.ascii	"\037}\325Y{\255:\340\254\016h\021\200\356\035\225\265"
 387      7BAD3AE0 
 387      AC0E6811 
ARM GAS  /tmp/ccJoY9MS.s 			page 30


 387      80EE1D95 
 387      B5
 388 0b57 013AE0A4 		.ascii	"\001:\340\244\0168!\000?>\336\332i\326\001\307u@+\033"
 388      0E382100 
 388      3F3EDEDA 
 388      69D601C7 
 388      75402B1B 
 389 0b6b D0D09123 		.ascii	"\320\320\221#\303g\273\276\010w\245|\035;\347\375\360"
 389      C367BBBE 
 389      0877A57C 
 389      1D3BE7FD 
 389      F0
 390 0b7c 8494AF46 		.ascii	"\204\224\257F\306Y?\2322-\324>\372C) \332\361\347Y\261"
 390      C6593F9A 
 390      322DD43E 
 390      FA432920 
 390      DAF1E759 
 391 0b91 53BF4D8E 		.ascii	"S\277M\216\267\316I\230\225\032\031\021\233JgGF\204"
 391      B7CE4998 
 391      951A1911 
 391      9B4A6747 
 391      4684
 392 0ba3 CC4849FC 		.ascii	"\314HI\374z\314\210\304\221\2113\022f\275\347\232\235"
 392      7ACC88C4 
 392      91893312 
 392      66BDE79A 
 392      9D
 393 0bb4 FCDEE7C9 		.ascii	"\374\336\347\311\322\240\270\244\224\324\370oF$FFJ\277"
 393      D2A0B8A4 
 393      94D4F86F 
 393      46244646 
 393      4ABF
 394 0bc6 8A8D9D32 		.ascii	"\212\215\2352=\332\036\373Q|jLJBRJB\352\267\037\245"
 394      3DDA1EFB 
 394      517C6A4C 
 394      4A42524A 
 394      42EAB71F 
 395 0bdb 24CD494E 		.ascii	"$\315IN\230\365\217\017\303\023g\245\206\307\205\247"
 395      98F58F0F 
 395      C31367A5 
 395      86C785A7 
 396 0beb 262687BB 		.ascii	"&&\207\273\022\222\277LJ\374bFxjJRrB\334\250\321#f\247"
 396      1292BF4C 
 396      4AFC6246 
 396      786A4A52 
 396      7242DCA8 
 397 0c03 264646CC 		.ascii	"&FF\314y\177\304\234\331\237\215p\305\177\375EB\352"
 397      797FC49C 
 397      D99F8D70 
 397      C57FFD45 
 397      42EA
 398 0c15 88CFFF19 		.ascii	"\210\317\377\031>#9YzW\365\311\021\341\366\311\316h"
 398      3E233959 
 398      7A57F5C9 
 398      11E1F6C9 
 398      CE68
 399 0c27 6778C2AC 		.ascii	"gx\302\254\270pT\215\217\215C\321\2213\245`Uv\302\254"
ARM GAS  /tmp/ccJoY9MS.s 			page 31


 399      B870548D 
 399      8F8D43D1 
 399      9133A560 
 399      5576C2AC 
 400 0c3b 199F7D19 		.ascii	"\031\237}\031\217\336\207\250\035N\335\307P\025\021"
 400      8FDE87A8 
 400      1D4EDDC7 
 400      501511
 401 0c4a 97E48AF7 		.ascii	"\227\344\212\367\364\331p\324\261\361\374K!~\302!\231"
 401      F4D970D4 
 401      B1F1FC4B 
 401      217EC221 
 401      99
 402 0c5b C7DBEDD1 		.ascii	"\307\333\355\321\316O\255\254\232<=\312n\302\033\347"
 402      CE4FADAC 
 402      9A3C3DCA 
 402      6EC21BE7 
 403 0c6b A716BCB2 		.ascii	"\247\026\274\262\226ZO\303\336h\336\3131\226h^O\013"
 403      965A4FC3 
 403      DE68DECB 
 403      3196685E 
 403      4F0B
 404 0c7d 704C704E 		.ascii	"pLpNpL\2370\376\003\326\0235i\222\336\363\276i\362\364"
 404      704C9F30 
 404      FE03D613 
 404      356992DE 
 404      F3BE69F2 
 405 0c92 898E087E 		.ascii	"\211\216\010~\035\315\257\243\264g\177\220\235S\243"
 405      1DCDAFA3 
 405      B4677F90 
 405      9D53A3
 406 0ca1 1D5A3352 		.ascii	"\035Z3RvN\214r\340\305\251\367}h\232\342\214\262;L\366"
 406      764E8C72 
 406      E0C5A9F7 
 406      7D689AE2 
 406      8CB23B4C 
 407 0cb6 18BC9AED 		.ascii	"\030\274\232\355N\347\204IX\331\235\321\343\035\324"
 407      4EE78449 
 407      58D99DD1 
 407      E31DD4
 408 0cc5 3E15FB27 		.ascii	">\025\373'\341\235%z|l\2643\212\327\223'Ot\230\261\216"
 408      E19D257A 
 408      7C6CB433 
 408      8AD79327 
 408      4F7498B1 
 409 0cda 12D57851 		.ascii	"\022\325xQ\305Lt\310Q\310+\217C\005\023bPg<k\177\314"
 409      C54C74C8 
 409      51C82B8F 
 409      43051362 
 409      50673C6B 
 410 0cf0 2E76BC98 		.ascii	".v\274\230\234\037\333\361\326\371q\214\303\302\226"
 410      9C1FDBF1 
 410      D6F9718C 
 410      C3C296
 411 0cff C1185C05 		.ascii	"\301\030\\\005v\273\203:Q<*\332aw\310\323\247\376\311"
 411      76BB833A 
 411      513C2ADA 
ARM GAS  /tmp/ccJoY9MS.s 			page 32


 411      6177C8D3 
 411      A7FEC9
 412 0d12 21472308 		.ascii	"!G#\010\315L\213\036o\036\027\303Fju\332\307\361\305"
 412      CD4C8B1E 
 412      6F1E17C3 
 412      466A75DA 
 412      C7F1C5
 413 0d25 23C7CD9C 		.ascii	"#\307\315\234\221B\243c\0203u\212S\216\216\032\307\320"
 413      9142A363 
 413      1033758A 
 413      538E8E1A 
 413      C7D0
 414 0d37 31FA5022 		.ascii	"1\372P\"\344hg\214\303\352\020\255\321\370p\202\376"
 414      E468678C 
 414      C3EA10AD 
 414      D1F87082 
 414      FE
 415 0d48 70143EC4 		.ascii	"p\024>\304&\2377\306F\347DF\374\007\253\354\006\245"
 415      269F37C6 
 415      46E74446 
 415      FC07ABEC 
 415      06A5
 416              		.text
 417              		.section	.gnu.lto_.symtab.e62e6a079ef8d645,"e",%progbits
 418 0000 6972715F 		.ascii	"irq_enable\000"
 418      656E6162 
 418      6C6500
 419 000b 00       		.ascii	"\000"
 420 000c 00       		.ascii	"\000"
 421 000d 00       		.ascii	"\000"
 422 000e 00000000 		.ascii	"\000\000\000\000\000\000\000\000"
 422      00000000 
 423 0016 DF000000 		.ascii	"\337\000\000\000"
 424              		.text
 425              		.section	.gnu.lto_.ext_symtab.e62e6a079ef8d645,"e",%progbits
 426 0000 01       		.ascii	"\001"
 427 0001 01       		.ascii	"\001"
 428 0002 00       		.ascii	"\000"
 429              		.text
 430              		.section	.gnu.lto_.opts,"e",%progbits
 431 0000 272D666E 		.ascii	"'-fno-openmp' '-fno-openacc' '-fno-pie' '-fcf-prote"
 431      6F2D6F70 
 431      656E6D70 
 431      2720272D 
 431      666E6F2D 
 432 0033 6374696F 		.ascii	"ction=none' '-mcpu=cortex-m33' '-mthumb' '-mfpu=fpv"
 432      6E3D6E6F 
 432      6E652720 
 432      272D6D63 
 432      70753D63 
 433 0066 342D7370 		.ascii	"4-sp-d16' '-mfloat-abi=hard' '-mlibarch=armv8-m.mai"
 433      2D643136 
 433      2720272D 
 433      6D666C6F 
 433      61742D61 
 434 0099 6E2B6473 		.ascii	"n+dsp+fp' '-march=armv8-m.main+dsp+fp' '-Os' '-flto"
 434      702B6670 
ARM GAS  /tmp/ccJoY9MS.s 			page 33


 434      2720272D 
 434      6D617263 
 434      683D6172 
 435 00cc 2720272D 		.ascii	"' '-fdata-sections' '-ffunction-sections' '-Xassemb"
 435      66646174 
 435      612D7365 
 435      6374696F 
 435      6E732720 
 436 00ff 6C657227 		.ascii	"ler' '-a' '-Xassembler' '-ad' '-Xassembler' '-alms="
 436      20272D61 
 436      2720272D 
 436      58617373 
 436      656D626C 
 437 0132 6275696C 		.ascii	"build/../sdk/drv_u5/irq.lst'\000"
 437      642F2E2E 
 437      2F73646B 
 437      2F647276 
 437      5F75352F 
 438              		.text
 439              		.comm	__gnu_lto_slim,1,1
 440              		.ident	"GCC: (15:10.3-2021.07-4) 10.3.1 20210621 (release)"
ARM GAS  /tmp/ccJoY9MS.s 			page 34


DEFINED SYMBOLS
                            *ABS*:0000000000000000 irq.c
                            *COM*:0000000000000001 __gnu_lto_slim

NO UNDEFINED SYMBOLS
