ARM GAS  /tmp/ccA0u9PM.s 			page 1


   1              		.cpu cortex-m33
   2              		.eabi_attribute 27, 1
   3              		.eabi_attribute 28, 1
   4              		.eabi_attribute 20, 1
   5              		.eabi_attribute 21, 1
   6              		.eabi_attribute 23, 3
   7              		.eabi_attribute 24, 1
   8              		.eabi_attribute 25, 1
   9              		.eabi_attribute 26, 1
  10              		.eabi_attribute 30, 4
  11              		.eabi_attribute 34, 1
  12              		.eabi_attribute 18, 4
  13              		.file	"reset.c"
  14              		.section	.gnu.lto_.profile.3e5e56dfe07e7bf7,"e",%progbits
  15 0000 789C6362 		.ascii	"x\234cb\000\001\000\000\022\000\003"
  15      00010000 
  15      120003
  16              		.text
  17              		.section	.gnu.lto_.icf.3e5e56dfe07e7bf7,"e",%progbits
  18 0000 789CE363 		.ascii	"x\234\343c@\000&\2069?;n\3621.o\336\277\213\233\001"
  18      40002686 
  18      393F3B6E 
  18      F2312E6F 
  18      DEBF8B9B 
  19 0015 002CC605 		.ascii	"\000,\306\005\304"
  19      C4
  20              		.text
  21              		.section	.gnu.lto_.ipa_sra.3e5e56dfe07e7bf7,"e",%progbits
  22 0000 789CE360 		.ascii	"x\234\343`@\000&\006\006fF\006F\006\000\000\331\000"
  22      40002606 
  22      06664606 
  22      46060000 
  22      D900
  23 0012 10       		.ascii	"\020"
  24              		.text
  25              		.section	.gnu.lto_.inline.3e5e56dfe07e7bf7,"e",%progbits
  26 0000 789C7363 		.ascii	"x\234sc@\000&\006\006\336\325;_\354bJcd`\022\271\366"
  26      40002606 
  26      06DED53B 
  26      5FEC624A 
  26      63646012 
  27 0016 E9C257E6 		.ascii	"\351\302W\346T\006\006\266\006 `Ja\002I302\260\203\270"
  27      540606B6 
  27      0620604A 
  27      61024933 
  27      3032B083 
  28 002b CCA94015 		.ascii	"\314\251@\025\034`\011t\025\014\000\323\260\021\222"
  28      1C600974 
  28      150C00D3 
  28      B01192
  29              		.text
  30              		.section	.gnu.lto_.jmpfuncs.3e5e56dfe07e7bf7,"e",%progbits
  31 0000 789CE360 		.ascii	"x\234\343`@\000& f\004b\000\000\310\000\014"
  31      40002620 
  31      66046200 
  31      00C8000C 
  32              		.text
ARM GAS  /tmp/ccA0u9PM.s 			page 2


  33              		.section	.gnu.lto_.pureconst.3e5e56dfe07e7bf7,"e",%progbits
  34 0000 789C6367 		.ascii	"x\234cg```b\230\305\3028\213\005\000\004\263\001G"
  34      60606062 
  34      98C5C238 
  34      8B050004 
  34      B30147
  35              		.text
  36              		.section	.gnu.lto_.lto.3e5e56dfe07e7bf7,"e",%progbits
  37 0000 09000400 		.ascii	"\011\000\004\000\001\000\000\000"
  37      01000000 
  38              		.text
  39              		.section	.gnu.lto_reset_get_type.165.3e5e56dfe07e7bf7,"e",%progbits
  40 0000 789C5591 		.ascii	"x\234U\221\357KSa\024\307\317y\316s\357\246\226\331"
  40      EF4B5361 
  40      14C7CF79 
  40      CE73EFA6 
  40      96D9
  41 0012 8B462F85 		.ascii	"\213F/\205\350\205\301v-\031!A\364/\364\017$k[d\272"
  41      E885C176 
  41      2D192141 
  41      F42FF40F 
  41      246B5B64 
  42 0027 36B63BA3 		.ascii	"6\266;\243W>\323\251a\202^\215\241P\013\347\212\336"
  42      573ED3A9 
  42      61825E8D 
  42      A1500BE7 
  42      8ADE
  43 0039 1549DA0F 		.ascii	"\025I\332\017\023sD\004\365\"\337\204\030\332^\224\011"
  43      13734404 
  43      F522DF84 
  43      18DA5E94 
  43      09
  44 004a 2116442B 		.ascii	"!\026D+${\236{o\323.\334\3039\347\236\317\367\374\270"
  44      247B9E7B 
  44      6FD32EDC 
  44      C339E79E 
  44      CFF7FCB8 
  45 005e 9D0CE022 		.ascii	"\235\014\340\"\000\304\345\213\036\300Qk\220\201\020"
  45      00C4E58B 
  45      1EC0516B 
  45      908110
  46 006d E28C87B1 		.ascii	"\342\214\207\261~\353:\303g\370u\252|\210\367Z\3657"
  46      7EEB3AC3 
  46      67F875AA 
  46      7C88F75A 
  46      F537
  47 007f 3EE48F71 		.ascii	">\344\217q\222\331\272\267\023\323>\236\265\352\247"
  47      92D9BAB7 
  47      13D33E9E 
  47      B5EAA7
  48 008e 3FBF69E2 		.ascii	"?\277i\342\234\365Yu\267\337\317\034\344\375V}\371\336"
  48      9CF55975 
  48      B7DFCF1C 
  48      E4FD567D 
  48      F9DE
  49 00a0 EB00D730 		.ascii	"\353\000\3270WU\3211c\015\276\032;\"u\354\030\241\233"
  49      5755D131 
ARM GAS  /tmp/ccA0u9PM.s 			page 3


  49      630DBE1A 
  49      3B2275EC 
  49      18A19B
  50 00b3 11D774EC 		.ascii	"\021\327t\354\3061jZ\020\242\3622\377\251\244\367\035"
  50      C6316A5A 
  50      10A2F232 
  50      FFA9A4F7 
  50      1D
  51 00c4 2E12409E 		.ascii	".\022@\236\000[\260\031\354\347&\341(\025\011\221\273"
  51      005BB019 
  51      ECE726E1 
  51      28150991 
  51      BB
  52 00d5 1EC346E9 		.ascii	"\036\303F\351\321Y\365\345\250$\267&\206\006DC\266\261"
  52      D159F5E5 
  52      A824B726 
  52      86064443 
  52      B6B1
  53 00e7 4884B3A8 		.ascii	"H\204\263\250\330\031\304G\370\017\246s\325\302\237"
  53      D819C447 
  53      F80FA673 
  53      D5C29F
  54 00f6 A57ED190 		.ascii	"\245~\321\220\221\205\200Opo\023\035\360)\342cT\235"
  54      9185804F 
  54      706F131D 
  54      F029E263 
  54      549D
  55 0108 D5010098 		.ascii	"\325\001\000\230\223\270\277\244-\210\355\235a!fC\255"
  55      93B8BFA4 
  55      2D88ED9D 
  55      61216643 
  55      AD
  56 0119 5E842271 		.ascii	"^\204\"q\246\014)\303\245\3214\205\312\203I\030\206"
  56      A60C29C3 
  56      A5D13485 
  56      CA834918 
  56      86
  57 012a 492D2B38 		.ascii	"I-+8\212\005\200\021bN\220\221\301&.\316\375\032j-\020"
  57      8A058011 
  57      624E9091 
  57      C1262ECE 
  57      FD1A6A2D 
  58 013f BA4BE808 		.ascii	"\272K\350\010UO\214_{\240\226\273\253N\343-\222\007"
  58      554F8C5F 
  58      7BA096BB 
  58      AB4EE32D 
  58      9207
  59 0151 9F23CE21 		.ascii	"\237#\316!4O\332\241\027\347\361\226=\327&\366\346\006"
  59      344FDAA1 
  59      17E7F196 
  59      3DD726F6 
  59      E606
  60 0163 8205F214 		.ascii	"\202\005\362\024\034\224+`\353\200\255\276\274\277@"
  60      1C942B60 
  60      EB80ADBE 
  60      BCBF40
  61 0172 CC95ACA9 		.ascii	"\314\225\254\251\212\327\240\250d\376\023\257\305E\304"
ARM GAS  /tmp/ccA0u9PM.s 			page 4


  61      8AD7A0A8 
  61      64FE13AF 
  61      C545C4
  62 0181 177BC44B 		.ascii	"\027{\304KR\\\035k\003\263_J>)\2428/\216\227\231}\232"
  62      525C1D6B 
  62      03B35F4A 
  62      3E29A238 
  62      2F8E9799 
  63 0197 11A2C9F2 		.ascii	"\021\242\311\362\217w\314]C\016\260\223\221\375i\357"
  63      8F77CC5D 
  63      430EB093 
  63      91FD69EF 
  64 01a7 084257F4 		.ascii	"\010BW\364F\351\222\314;IpY\276^YZA\227\355\331\036"
  64      46E992CC 
  64      3B497059 
  64      BE5E595A 
  64      4197EDD9 
  65 01bc 587B2841 		.ascii	"X{(A.7P\300\212\002\270\0024\027\030&m~y\375\224]?B"
  65      2E3750C0 
  65      8A02B802 
  65      34171826 
  65      6D7E79FD 
  66 01d4 FAEEFDBE 		.ascii	"\372\356\375\276c\317\307o\221\002i\262\3507j\212\001"
  66      63CFC76F 
  66      910269B2 
  66      E8376A8A 
  66      01
  67 01e5 44B63AE5 		.ascii	"D\266:\345q\\F97\011\374\317i\307#m\365\216GJ\342\356"
  67      715C4639 
  67      3709FCCF 
  67      69C7236D 
  67      F58E474A 
  68 01fb 3F013869 		.ascii	"?\0018i\304.\233F\3300c\011#\322\236\350\214\307:B\206"
  68      C42E9B46 
  68      D8306309 
  68      23D29EE8 
  68      8CC73A42 
  69 0210 998C27DA 		.ascii	"\231\214'\332\303\315\307\375)3\326r\"\035\364\247S"
  69      C3CDC7FD 
  69      2933D672 
  69      221DF4A7 
  69      53
  70 0221 E7FD9168 		.ascii	"\347\375\221hWG\273\351\277p\305\010%\022\340\013\004"
  70      5747BBE9 
  70      BF70C508 
  70      2512E00B 
  70      04
  71 0232 8C54A4C3 		.ascii	"\214T\244\303\210$\273\332\322A#\031ME\315@\030\366"
  71      8824BBDA 
  71      D2412319 
  71      4D45CD40 
  71      18F6
  72 0244 D94E5B2A 		.ascii	"\331N[*\236N\206\243\265N`^MD\377\002f\373\367\263"
  72      9E4E86A3 
  72      B54E605E 
  72      4D44FF02 
  72      66FBF7B3 
ARM GAS  /tmp/ccA0u9PM.s 			page 5


  73              		.text
  74              		.section	.gnu.lto_reset_clear.166.3e5e56dfe07e7bf7,"e",%progbits
  75 0000 789C7590 		.ascii	"x\234u\220\277J\003A\020\306\347\333\275$\012v\202\010"
  75      BF4A0341 
  75      10C6E7DB 
  75      BD240A76 
  75      8208
  76 0012 56626571 		.ascii	"Vbeq\331\250\004[\033{\337@b.B\210g\216\334%\226\331"
  76      D9A8045B 
  76      1B7BDF40 
  76      622E4288 
  76      678EDC25 
  77 0028 28A2A489 		.ascii	"(\242\244\211\306\306B#\206\303V\0335\020\377\004\301"
  77      C6C64223 
  77      86C3561B 
  77      3510FF04 
  77      C1
  78 0039 17F009EC 		.ascii	"\027\360\011\354\354\202\244\220\010B\334\275\304\210"
  78      EC82A490 
  78      0842DCBD 
  78      C488
  79 0047 850BB3B3 		.ascii	"\205\013\263\263?\230\357\233\231]\006\321\012\021\315"
  79      3F98EF9B 
  79      995D06D1 
  79      0A11CD
  80 0056 A8002754 		.ascii	"\250\000'T\017\313\214\244\224K\021\206\322ay\024\327"
  80      0FCB8CA4 
  80      944B1186 
  80      D2617914 
  80      D7
  81 0067 08085464 		.ascii	"\010\010Td(\342\210\317*\354>\327\232c\273\223>'\252"
  81      28E288CF 
  81      2AEC3ED7 
  81      9A63BB93 
  81      3E27AA
  82 007a A9189CF0 		.ascii	"\251\030\234\360\017)K\272|\011\265\344W\257\"\345\333"
  82      0F294BBA 
  82      7C09B5E4 
  82      57AF22E5 
  82      DB
  83 008b F847240C 		.ascii	"\370G$\014\3629\230\276\210*\\7\220\006d\213\350\200"
  83      F23998BE 
  83      882A5C37 
  83      9006648B 
  83      E880
  84 009d B33E9414 		.ascii	"\263>\224\024\264\361t\367Y\233\252s\234pT\271\317\031"
  84      B4F174F7 
  84      599BAA73 
  84      9C7054B9 
  84      CF19
  85 00af 68F892C7 		.ascii	"h\370\222\307\373W\206\242\013=\320\210\3179n\201\033"
  85      FB5786A2 
  85      0B3DD088 
  85      CF396E81 
  85      1B
  86 00c0 506CDAE7 		.ascii	"Pl\332\347\006\0328\015z\267\261S\335C\235\263z_\007"
  86      061A380D 
ARM GAS  /tmp/ccA0u9PM.s 			page 6


  86      7AB7B153 
  86      DD439DB3 
  86      7A5F07
  87 00d3 5D6D68E7 		.ascii	"]mh\347\3672\376U7\373j%\323\225\235\306\031\033\264"
  87      F732FE55 
  87      37FB6A25 
  87      D3959DC6 
  87      191BB4
  88 00e6 0D0D0708 		.ascii	"\015\015\007\010AvK\177\006\010\343\001\270W\026\347"
  88      41764B7F 
  88      0608E301 
  88      B85716E7 
  89 00f6 011A7854 		.ascii	"\001\032xT.j?]m\250\334\301\366k\317\010\276\246\302"
  89      2E6A3F5D 
  89      6DA8DCC1 
  89      F66BCF08 
  89      BEA6C2
  90 0109 F1BB32D1 		.ascii	"\361\2732\321\242\2607=\221\024\236\355\010+\355ld\355"
  90      A2B0373D 
  90      91149EED 
  90      082BED6C 
  90      64ED
  91 011b 4C4278B9 		.ascii	"LBx\271\254\223N\306\346L\327\263\027\346\363q3\357"
  91      AC934EC6 
  91      E64CD7B3 
  91      17E6F371 
  91      33EF
  92 012d AE9956AA 		.ascii	"\256\231V\252\220I{\346\372\226H8\016MD\243\302\265"
  92      90497BE6 
  92      FA964838 
  92      0E4D44A3 
  92      C2B5
  93 013f 32C2CA15 		.ascii	"2\302\312\025V\363q\221K\271)/\232\244o\340\234}\014"
  93      56F37191 
  93      4BB9292F 
  93      9AA46FE0 
  93      9C7D0C
  94              		.text
  95              		.section	.gnu.lto_.symbol_nodes.3e5e56dfe07e7bf7,"e",%progbits
  96 0000 789CB361 		.ascii	"x\234\263a\000\002\246\245\214\365\014\015@\300\302"
  96      0002A6A5 
  96      8CF50C0D 
  96      40C0C2
  97 000f 38E11C03 		.ascii	"8\341\034\003C=\003\303\256\206FF\006F\006\260\3442"
  97      433D03C3 
  97      AE864646 
  97      064606B0 
  97      E432
  98 0021 C67A465C 		.ascii	"\306zF\\\222\014\000\333~\015\313"
  98      920C00DB 
  98      7E0DCB
  99              		.text
 100              		.section	.gnu.lto_.refs.3e5e56dfe07e7bf7,"e",%progbits
 101 0000 789C6364 		.ascii	"x\234cd\000\002\000\000\012\000\002"
 101      00020000 
 101      0A0002
 102              		.text
ARM GAS  /tmp/ccA0u9PM.s 			page 7


 103              		.section	.gnu.lto_.decls.3e5e56dfe07e7bf7,"e",%progbits
 104 0000 789CDD99 		.ascii	"x\234\335\231kp\024U\026\307\373\3343I\206!.\254\306"
 104      6B701455 
 104      16C7FBDC 
 104      33498621 
 104      2EACC6
 105 0013 D5AAB5AC 		.ascii	"\325\252\265\254\324\356V\231-\013\206\236\221\3277"
 105      D4EE5699 
 105      2D0B869E 
 105      91D737
 106 0022 70084A29 		.ascii	"p\010J)\312N\242\037\366\013\3052aE\015\244 \270n\355"
 106      CA4EA21F 
 106      F60BC532 
 106      61450DA4 
 106      20B86EED 
 107 0036 56EDC833 		.ascii	"V\355\3103@x\210\200\341\035Q1\341\031\221w\200\204"
 107      40788880 
 107      E11D5131 
 107      E1199177 
 107      8084
 108 0048 40209200 		.ascii	"@ \222\000\341\035H\200\360\036\222\000\341!\204\004"
 108      E11D4880 
 108      F01E9200 
 108      E1218404 
 109 0058 644FF7BD 		.ascii	"dO\367\275s\272\233\246,\277\356Nq\037\247\373\327\377"
 109      73BA9BA6 
 109      2CBFEE4E 
 109      711FA7FB 
 109      D7FF
 110 006a 73EEE9DB 		.ascii	"s\356\351\333\267\373\206\037^\322\264\017=\232V\243"
 110      B7FB861F 
 110      5ED2B40F 
 110      3D9A56A3 
 111 007a 69DA63FA 		.ascii	"i\332c\372!\265\2075\353'\250\354\242\262Gs\377&\200"
 111      21B58735 
 111      EB27A8EC 
 111      A2B24773 
 111      FF2680
 112 008d A675A6B6 		.ascii	"\246u\246\266\214\312\263TR\250\354\247\362\012\225"
 112      8CCAB354 
 112      52A8ECA7 
 112      F20A95
 113 009c 6A2AFFA6 		.ascii	"j*\377\246\363\377\002\251\327Am;H\275\276\324\326S"
 113      F3FF02A9 
 113      D7416D3B 
 113      48BDBED4 
 113      D653
 114 00ae 01A5FDE4 		.ascii	"\001\245\375\344o*\235H\242\366\003\245\365kt\236\026"
 114      6F2A9D48 
 114      A2F603A5 
 114      F56B749E 
 114      16
 115 00bf DF221413 		.ascii	"\337\"\024\023\277\272\260\307s\0314A\214'\002\000u"
 115      BFBAB0C7 
 115      73193441 
 115      8C270200 
 115      75
ARM GAS  /tmp/ccA0u9PM.s 			page 8


 116 00d0 BDA8F269 		.ascii	"\275\250\362i\177E-%*\242\"1\202\302\207>\214\370\252"
 116      7F452D25 
 116      2AA22231 
 116      82C2873E 
 116      8CF8AA
 117 00e3 E0E5B4BB 		.ascii	"\340\345\264\273\330\317+\322\272\370\274E\273\241\253"
 117      D8CF2BD2 
 117      BAF8BC45 
 117      BBA1AB
 118 00f2 2FC12B44 		.ascii	"/\301+D,)\342Kk\207\325\24201\265_\324\023\311\177>"
 118      2C29E24B 
 118      6B87D5A2 
 118      3031B55F 
 118      D413C97F 
 119 0107 961415B3 		.ascii	"\226\024\025\263\337I\011\366\243:\226T\005\021\272"
 119      DF4909F6 
 119      A33A9654 
 119      0511BA
 120 0116 6A88C7DB 		.ascii	"j\210\307\333\225z\261$\337],\234\221\0309 \362^\201"
 120      957AB124 
 120      DF5D2C9C 
 120      91183920 
 120      F25E81
 121 0129 2AF04502 		.ascii	"*\360E\002)\321h\264\237\327\373r\227\012\254\300\201"
 121      29D168B4 
 121      9FD7FB72 
 121      970AACC0 
 121      81
 122 013a 9AE6F596 		.ascii	"\232\346\365\226\254}\336\027K\352B\022i\221\324\256"
 122      AC7DDE17 
 122      4BEA4212 
 122      6991D4AE 
 123 014a 91D42E55 		.ascii	"\221\324.U\220\020\211\370R\3224\012\"\022\010\364\023"
 123      901089F8 
 123      52D2340A 
 123      221208F4 
 123      13
 124 015b 3E52F678 		.ascii	">R\366x\253 \200\220\034\210\236o~\301\007\276N/\247"
 124      AB208090 
 124      1C889E6F 
 124      7EC107BE 
 124      4E2FA7
 125 016e A6695A44 		.ascii	"\246iZD\033(H\027\037\307\177\220D>#\226\011\220\346"
 125      1B284817 
 125      1FC77F90 
 125      443E2396 
 125      0990E6
 126 0181 1301816F 		.ascii	"\023\001\201o\305(\177B\244jZ\324\343MN\206(5\235\206"
 126      C5287F42 
 126      A46A5AD4 
 126      E34D4E86 
 126      28359D86 
 127 0195 BE151912 		.ascii	"\276\025\031\022\360i\261$A\247R<\020\025`]\351K4\323"
 127      F069B124 
 127      41A7523C 
 127      1015605D 
 127      E94B34D3 
ARM GAS  /tmp/ccA0u9PM.s 			page 9


 128 01a9 68FECC94 		.ascii	"h\376\314\224\202\361OV\232ahv/\346q\203\244\274\252"
 128      82F14F56 
 128      9A616876 
 128      2FE67183 
 128      A4BCAA
 129 01bc 1B103FCA 		.ascii	"\033\020?\312\215\352K@\352\210\270\003\210;\321\324"
 129      8DEA4B40 
 129      EA88B803 
 129      883BD1D4 
 130 01cc 599BB815 		.ascii	"Y\233\270\025\203\212#\256\023\367c\213\321\212\225"
 130      838A23AE 
 130      13F7638B 
 130      D18A95
 131 01db EEB07422 		.ascii	"\356\260t\"\354\327\230\3279\002\267$5\226\325l\003"
 131      ECD798D7 
 131      3902B724 
 131      3596D56C 
 131      03
 132 01ec 97D366C3 		.ascii	"\227\323f\303O;7&_\241\264E\253^\200\337\314\356\247"
 132      4F3B3726 
 132      5FA1B445 
 132      AB5E80DF 
 132      CCEEA7
 133 01ff 01FE51C3 		.ascii	"\001\376Q\303\200\346\217\232\277\361#4\330\254\256"
 133      80E68F9A 
 133      BFF12334 
 133      D8ACAE
 134 020e 9C83F02C 		.ascii	"\234\203\360,\010\252S\240+\325/\301c0\033Cf\363\362"
 134      08AA53A0 
 134      2BD52FC1 
 134      63301B43 
 134      66F3F2
 135 0221 8EBD3E6F 		.ascii	"\216\275>oy4\032\313k,'\207A\350ANv\000l\001\330\016"
 135      79341ACB 
 135      6B2C2787 
 135      41E8414E 
 135      76006C01 
 136 0237 500AF817 		.ascii	"P\012\370\027\003+=~\362\373\316O`\260\023\354 Q\007"
 136      032B3D7E 
 136      F2FBCE4F 
 136      60B013EC 
 136      205107
 137 024a F6DD7B94 		.ascii	"\366\335{\224\374\002yo\211FS\240\014`\033\300Vc<\306"
 137      FC02796F 
 137      894653A0 
 137      0C601BC0 
 137      56633CC6 
 138 025e 25A3CDB0 		.ascii	"%\243\315\260[K\0336\341\037\012\012\242m\217&\237\\"
 138      5B4B1B36 
 138      E11F0A0A 
 138      A26D8F26 
 138      9F5C
 139 0270 DE77D784 		.ascii	"\336w\327\204h\2211\377\210\200M\206\2269\306M\204o"
 139      689131FF 
 139      88804D86 
 139      9639C64D 
 139      846F
ARM GAS  /tmp/ccA0u9PM.s 			page 10


 140 0282 04D8001A 		.ascii	"\004\330\000\032\2561\243\234R:\263\332\307\302\037"
 140      AE31A39C 
 140      523AB3DA 
 140      C7C21F
 141 0291 B0EE6ED6 		.ascii	"\260\356n\326\235[\364\335\235g\014\335\326\322\374"
 141      9D5BF4DD 
 141      9D670CDD 
 141      D6D2FC
 142 02a0 29D1AEE3 		.ascii	")\321\256\343\211\365\320i\250`\321\012\026\245\301"
 142      89F5D069 
 142      A860D10A 
 142      16A5C1
 143 02af BF62CEAB 		.ascii	"\277b\316\253.fO\303\255 s\3441s\224Jr'\013\016\334"
 143      2E664FC3 
 143      AD2073E4 
 143      3173944A 
 143      72270B0E 
 144 02c4 EFECA3F1 		.ascii	"\357\354\243\361\266F\313'v\322\340G\240I\255\301> "
 144      B646CB27 
 144      76D2E047 
 144      A049ADC1 
 144      3E20
 145 02d6 9E06BC17 		.ascii	"\236\006\274\027\240\222\006\2348{\347\342&\257\357"
 145      A092069C 
 145      387BE7E2 
 145      26AFEF
 146 02e5 F700F42F 		.ascii	"\367\000\364/\372\004\254A5]Q\003p\000(\232\302=y\237"
 146      FA04AC41 
 146      355D5103 
 146      7000289A 
 146      C23D799F 
 147 02f9 2F1F9048 		.ascii	"/\037\220H\307\310xh8\377\017\220a\272\235-p\007EQi"
 147      C7C87868 
 147      38FF0F90 
 147      61BA9D2D 
 147      70074551 
 148 030e 0E7572F9 		.ascii	"\016ur\371\325Z\257\257\361I\317\265v\317\346Um\262"
 148      D55AAFAF 
 148      F149CFB5 
 148      76CFE655 
 148      6DB2
 149 0320 79D18CB9 		.ascii	"y\321\214\271\034\360\240\032D\002\211l\237\264\356"
 149      1CF0A01A 
 149      4402896C 
 149      9FB4EE
 150 032f 9EC7178F 		.ascii	"\236\307\027\217\210\016\306C:IR~8a\334\254\226\312"
 150      880EC643 
 150      3A49527E 
 150      3861DCAC 
 150      96CA
 151 0341 6B35CFB8 		.ascii	"k5\317\270\207X\353\034\242x\364\331\206}]\236%\251"
 151      8758EB1C 
 151      A278F4D9 
 151      867D5D9E 
 151      25A9
 152 0353 89340801 		.ascii	"\2114\010\001u\000\307\000\216\032Z\247\300\324\223"
 152      7500C700 
ARM GAS  /tmp/ccA0u9PM.s 			page 11


 152      8E1A5AA7 
 152      C0D493
 153 0362 5E5B01A9 		.ascii	"^[\001\251\217\365*\210\030`#\231\315\312l\004\274M"
 153      8FF52A88 
 153      18602399 
 153      CDCA6C04 
 153      BC4D
 154 0374 E60365D6 		.ascii	"\346\003e\326\001F\205\206\323\2054k\001\347\220\271"
 154      01468586 
 154      D385346B 
 154      01E790B9 
 155 0384 5899B47A 		.ascii	"X\231\264z\254 \263D\2314\264R2\367*s\013`-\231\247"
 155      AC20B344 
 155      9934B452 
 155      32F72A73 
 155      0B602D99 
 156 0399 95590278 		.ascii	"\225Y\002x\231\314Ve\026\001\266\2239\021\245Y\010\230"
 156      99CC5665 
 156      1601B693 
 156      3911A559 
 156      0898
 157 03ab 8F1ACE55 		.ascii	"\217\032\316Uf\001\340\0222W(s6`\011\231[\224\231\007"
 157      6601E012 
 157      32572873 
 157      36600999 
 157      5B949907 
 158 03bf B88BCCFD 		.ascii	"\270\213\314\375\312\214\002\036!\263A\231m\032^&\363"
 158      CA8C021E 
 158      21B34199 
 158      6D1A5E26 
 158      F3
 159 03d0 86325B35 		.ascii	"\2062[5l#s\274G\215W\303|\217\206\363\224\331\250\341"
 159      6C2373BC 
 159      478D57C3 
 159      7C8F86F3 
 159      94D9A8E1 
 160 03e4 32328B95 		.ascii	"22\213\225Y\247\341z2\267+\263V\303]d\356Uf\225\206"
 160      59A7E17A 
 160      32B72BB3 
 160      56C35D64 
 160      EE556695 
 161 03f9 D5641E57 		.ascii	"\325d\036Wf\271\206\347\310\214)\263\017\336&\253CY"
 161      66B986E7 
 161      C88C29B3 
 161      0FDE26AB 
 161      4359
 162 040b 3D705282 		.ascii	"=pR\202\2063\023\244\225\206_\222U\250\254T,&k\035\225"
 162      863313A4 
 162      95865F92 
 162      55A8AC54 
 162      2C266B1D 
 163 0420 8D544AD5 		.ascii	"\215TJ\325\321\256XIV\265\262\274x\204\254ST\032\251"
 163      D1AE5849 
 163      56B5B2BC 
 163      7884AC53 
 163      541AA9
 164 0433 34A9A305 		.ascii	"4\251\243\005rq(\377-^O\24098\021&\217/\212\301\237"
ARM GAS  /tmp/ccA0u9PM.s 			page 12


 164      727128FF 
 164      2D5E4FA0 
 164      39381126 
 164      8F2F8AC1 
 165 0448 7EE9F7DC 		.ascii	"~\351\367\334/\236U\277\363\321h[\303\315\306\262\244"
 165      2F9E55BF 
 165      F3D1685B 
 165      C3CDC6B2 
 165      A4
 166 0459 E22DD1E8 		.ascii	"\342-\321\350\324\027\3410\300W\002\216\013\236\216"
 166      D417E130 
 166      C057028E 
 166      0B9E8E
 167 0468 CB68B905 		.ascii	"\313h\271\005]#\256\344\314\216\234*Z\004\010\251\007"
 167      5D23AEE4 
 167      CC8E9C2A 
 167      5A0408A9 
 167      07
 168 0479 3B72DAA8 		.ascii	";r\332\250~\004\223Y\310\314,\207\314\014K\346zi\034"
 168      7E049359 
 168      C8CC2C87 
 168      CC0C4BE6 
 168      7A691C
 169 048c 59EB40D6 		.ascii	"Y\353@\326\010K&\217e\226:\230\305\226L\214e68\020?"
 169      084B268F 
 169      65963A98 
 169      C5964C8C 
 169      65363810 
 170 04a1 138F98F8 		.ascii	"\023\217\230\370\332A,\2679:\315\216\3169\306t\006X"
 170      DA412CB7 
 170      393ACD8E 
 170      CE39C674 
 170      0658
 171 04b3 E621CB7C 		.ascii	"\346!\313|\343\226\221\310MFV9\220\243\266\31441\263"
 171      E39691C8 
 171      4D465639 
 171      90A3B6CC 
 171      3431B3
 172 04c6 DEC19458 		.ascii	"\336\301\224X2;8\230;\216`n\333dV3\023u\310\374l\005"
 172      323B3898 
 172      3B8E606E 
 172      DB645633 
 172      1375C8FC 
 173 04dc 3C939179 		.ascii	"<\223\221y\016\344\013\313\323\014F\276t \363m\251\331"
 173      0EE40BCB 
 173      D30C46BE 
 173      7420F36D 
 173      A9D9
 174 04ee CACC0347 		.ascii	"\312\314\003G4m\266h\312\230iu07mL\214\231\315\016_"
 174      346DB668 
 174      CA986975 
 174      30376D4C 
 174      8C99CD0E 
 175 0503 076DCC22 		.ascii	"\007m\314\"ff\272\247\215bN1s\336\341\253\321\246S\300"
 175      6666BAA7 
 175      8D624E31 
 175      73DEE1AB 
ARM GAS  /tmp/ccA0u9PM.s 			page 13


 175      D1A653C0 
 176 0517 CC1C87CE 		.ascii	"\314\034\207\316lk\350\373\031iv\310\\\263\0228\225"
 176      6C6BE8FB 
 176      196976C8 
 176      5CB31238 
 176      95
 177 0528 9125EED9 		.ascii	"\221%\356\331\247<-c&\317\301L\2611\325\3144\271])\246"
 177      A73C2D63 
 177      26CFC14C 
 177      B131D5CC 
 177      34B95D29 
 178 053d 83A7C50A 		.ascii	"\203\247\305\012\207\316\2676\235s\254s\010\\\031\224"
 178      87CEB736 
 178      9D73AC73 
 178      085C1994 
 179 054d 21D73172 		.ascii	"!\3271r\301\235\034\211\254bd\274\303\323g\312\223|"
 179      C19D1C89 
 179      AC6264BC 
 179      C3D367CA 
 179      937C
 180 055f 81947BE8 		.ascii	"\201\224{\350\345.`\243q\220 z\315\354\020p_@\205\200"
 180      E52E60A3 
 180      7190207A 
 180      CDEC1070 
 180      5F408580 
 181 0573 56017705 		.ascii	"V\001w\005\224\0128/`\227\200\223\002N\010\270 \340"
 181      940A382F 
 181      60978093 
 181      024E08B8 
 181      20E0
 182 0585 B0807201 		.ascii	"\260\200r\001;\011\026p[\300v\001\007\005\234\025pK"
 182      3B091670 
 182      5BC07601 
 182      07059C15 
 182      704B
 183 0597 408380BD 		.ascii	"@\203\200\275\002*\005\234\023P#\340\262\200m\002\366"
 183      022A059C 
 183      135023E0 
 183      B2806D02 
 183      F6
 184 05a8 0BB821E0 		.ascii	"\013\270!\340'\001\315\002\016\011\250\027pM@\233\200"
 184      2701CD02 
 184      0E09A817 
 184      704D409B 
 184      80
 185 05b9 6302F608 		.ascii	"c\002\366\0108%\340\252\200F\001\027\005\354\023pO\300"
 185      3825E0AA 
 185      80460117 
 185      05EC1370 
 185      4FC0
 186 05cb 757AA709 		.ascii	"uz\247\011\330-\340&}\267\012\270#\240I\300\001\001"
 186      D82DE026 
 186      7DB70AB8 
 186      23A049C0 
 186      0101
 187 05dd B5021E08 		.ascii	"\265\002\036\010\210\011\270\"\340\264\200\243\002\252"
 187      8809B822 
ARM GAS  /tmp/ccA0u9PM.s 			page 14


 187      E0B480A3 
 187      02AA
 188 05eb 059409B8 		.ascii	"\005\224\011\270$\240E\300V\001g\004\034\241q\032\037"
 188      24A045C0 
 188      56016704 
 188      1CA1711A 
 188      1F
 189 05fc 8C46021E 		.ascii	"\214F\002\036p\252\213\035\011(\262\245\272\215\231"
 189      70AA8B1D 
 189      0928B2A5 
 189      BA8D99
 190 060b 956E46E6 		.ascii	"\225nF\346q;\347\361\256\373)\225\310\032F\036\203\353"
 190      713BE7F1 
 190      AEFB2995 
 190      C81A461E 
 190      83EB
 191 061d 21254FF4 		.ascii	"!%O\364J/9$\031z[_r0\027m\223\243\210u&;\242\231hE\223"
 191      4A2F3924 
 191      197A5B5F 
 191      7230176D 
 191      93A38875 
 192 0638 CF4881FB 		.ascii	"\317H\201\373I\326\215\233Zrv\207\307@N\221\033\323"
 192      49D68D9B 
 192      5A727687 
 192      C7404E91 
 192      1BD3
 193 064a 53FCEBE0 		.ascii	"S\374\353\340\210\025\3604VY\344PY U\214xgq\274s\335"
 193      8815F034 
 193      5659E450 
 193      5920558C 
 193      786771BC 
 194 0660 AB8A8A77 		.ascii	"\253\212\212w\035\313<t\214\251\3036\356\033\245q\235"
 194      1DCB3C74 
 194      8CA9C336 
 194      EE1BA571 
 194      9D
 195 0671 D5EEB552 		.ascii	"\325\356\265RF\323\3167\341;\3673!\221-\354\251\335"
 195      46D3CE37 
 195      E13BF733 
 195      21912DEC 
 195      A9DD
 196 0683 BD38C980 		.ascii	"\2758\311\200\3539\340\263\356\245]\005\274\200e>w\257"
 196      EB39E0B3 
 196      EEA55D05 
 196      BC80653E 
 196      77AF
 197 0695 178A39C8 		.ascii	"\027\2129\310\314e\367\215\222\256\326\262\253G\356"
 197      CC65F78D 
 197      92AED6B2 
 197      AB47EE
 198 06a4 714BE400 		.ascii	"qK\344\000#W\035\310\025[j\212\231\231\344\276\335*"
 198      23571DC8 
 198      155B6A8A 
 198      9999E4BE 
 198      DD2A
 199 06b6 9A1F399A 		.ascii	"\232\0379\232\353\016\235\026\333\250\22623\325\275"
 199      EB0E9D16 
ARM GAS  /tmp/ccA0u9PM.s 			page 15


 199      DBA89632 
 199      33D5BD
 200 06c5 36C9FC35 		.ascii	"6\311\37450\322\340~\227\313\210K9\232{\016\344'[\304"
 200      30D2E07E 
 200      97CB884B 
 200      399A7B0E 
 200      E4275BC4 
 201 06d9 8B99C977 		.ascii	"\213\231\311wx\232fy\332\311\236n\271_\021\022i\346"
 201      789A6679 
 201      DAC99E6E 
 201      B95F1112 
 201      69E6
 202 06eb FBFDBDFB 		.ascii	"\373\375\275\373\325\250<MgO\013\3353T\215\3731\353"
 202      D5A83C4D 
 202      674F0BDD 
 202      33548DFB 
 202      31EB
 203 06fd 14BABF61 		.ascii	"\024\272\277a\224N\025\353\334p\347O\206\323\3022\353"
 203      944E15EB 
 203      DC70E74F 
 203      86D3C232 
 203      EB
 204 070e DC1F2812 		.ascii	"\334\037(\022Y\302\203\232\356\036\267\212f\0333\367"
 204      59C2839A 
 204      EE1EB78A 
 204      661B33F7 
 205 071e DDF99329 		.ascii	"\335\371\223)\276\306\317\302\017\256o\030\245\262\222"
 205      BEC6CFC2 
 205      0FAE6F18 
 205      A5B292
 206 072d 5526B857 		.ascii	"U&\270Wm\031L\015#1\367\324\322i\203\226h\354Z\026\314"
 206      6D194C0D 
 206      2331F7D4 
 206      D2698396 
 206      68EC5A16 
 207 0742 9CB0C2FB 		.ascii	"\234\260\302\373\334\223\213<\264\213\377\247e\236\306"
 207      DC938B3C 
 207      B48BFFA7 
 207      659EC6
 208 0751 B97ECEF4 		.ascii	"\271~\316\364|_\262\271i*\254\360@\207\225\217\207B"
 208      7C5FB2B9 
 208      692AACF0 
 208      4087958F 
 208      8742
 209 0763 ED84DA04 		.ascii	"\355\204\332\004nMT\233\004\201\345\211\032\356SfL\340"
 209      6E4D549B 
 209      0481E589 
 209      1AEE5366 
 209      4CE0
 210 0775 41328F2B 		.ascii	"A2\217+\263Q`\003\231\027\225Y'\260\211\314[\312\254"
 210      B3516003 
 210      99179559 
 210      27B089CC 
 210      5BCAAC
 211 0788 15D846E6 		.ascii	"\025\330F\346ceV\011\234\234\244\341\214$\265I\0208"
 211      63655609 
 211      9C9CA4E1 
ARM GAS  /tmp/ccA0u9PM.s 			page 16


 211      8C24B549 
 211      1038
 212 079a 97CC45CA 		.ascii	"\227\314E\312\334\"p9\231\305\312,\021XB\346fe\026\011"
 212      DC227039 
 212      99C5CA2C 
 212      115842E6 
 212      66651609 
 213 07ae DC4966A5 		.ascii	"\334If\2452\013\005\326\220y\204J\035\225\263T.QiR\247"
 213      320B05D6 
 213      9079844A 
 213      1D95B354 
 213      2E516952 
 214 07c3 F304B692 		.ascii	"\363\004\266\222yO\231Q\201\017\311\034\357"
 214      794F9951 
 214      810FC91C 
 214      EF
 215 07d0 D5E41EC1 		.ascii	"\325\344\036\301g\036\3753\345\242r\341\352\265\317"
 215      671EFD33 
 215      E5A272E1 
 215      EAB5CF
 216 07df 3C6D93B9 		.ascii	"<m\223\271\032\215M\346*$f\335\361\306*\217c\367\270"
 216      1A8D4DE6 
 216      2A2466DD 
 216      F1C62A8F 
 216      63F7B8
 217 07f2 12E51C5D 		.ascii	"\022\345\034]\203&\250a\236R\216\312\375\254q\325\027"
 217      8326A861 
 217      9E528ECA 
 217      FDAC71D5 
 217      17
 218 0803 4D1DEB92 		.ascii	"M\035\353\222\237\246\374\275\251\\b0k\027\326O\005"
 218      9FA6FCBD 
 218      A95C6230 
 218      6B17D64F 
 218      05
 219 0814 87F23A94 		.ascii	"\207\362:\224\017\321z4A\015gy5\234Oe!\225B*\337R)\242"
 219      0FD17A34 
 219      410D6779 
 219      359C4F65 
 219      2195422A 
 220 082c B29ACA7A 		.ascii	"\262\232\312z*\233\251\224Q\251\244RM\345\020\225\243"
 220      2A9BA994 
 220      51A9A452 
 220      4DE51095 
 220      A3
 221 083d 5E356C94 		.ascii	"^5l\224A\275\210'\275t\343?\\z\355Ds\322\257\331\363"
 221      41BD8827 
 221      BD74E33F 
 221      5C7AED44 
 221      73D2AFD9 
 222 0852 B8F648E6 		.ascii	"\270\366H\346'|Y\374!\372\026\341\016\362x\276A\353"
 222      277C59FC 
 222      21FA16E1 
 222      0EF278BE 
 222      41EB
 223 0864 593CCBCC 		.ascii	"Y<\313\314F\007c\333#\315<\034Gf;\220\231\310\310\317"
 223      460763DB 
ARM GAS  /tmp/ccA0u9PM.s 			page 17


 223      23CD3C1C 
 223      47663B90 
 223      99C8C8CF 
 224 0878 ACB2D881 		.ascii	"\254\262\330\201,\264\220\016F\012\035\310F\333\362"
 224      2CB4900E 
 224      460A1DC8 
 224      46DBF2
 225 0887 B2843D4D 		.ascii	"\262\204=Mv0\223l\001\02703\303\301L\267\\\325\263\253"
 225      7630936C 
 225      01173033 
 225      C3C14CB7 
 225      5CD5B3AB 
 226 089b 2D0EC4FE 		.ascii	"-\016\304\376\375\371\210\231\245\016f\211\315U\015"
 226      FDF98899 
 226      A50E6689 
 226      CD550D
 227 08aa 33DB1D8C 		.ascii	"3\333\035\214m\321lbd\255\003\231o[\236O\227\331V\304"
 227      6DD16C62 
 227      64AD0399 
 227      6F5B9E4F 
 227      97D956C4 
 228 08be 27C3919F 		.ascii	"'\303\221\2373\327\312\314\317\231\365h|@\020\022\237"
 228      33D7CACC 
 228      CF99F568 
 228      7C401012 
 228      9F
 229 08cf 54F6AFF3 		.ascii	"T\366\257\363U<\360\335\016W\217l\314Jf~\026.FF\274"
 229      553CF0DD 
 229      0E578F6C 
 229      CC4A667E 
 229      162E4646 
 230 08e4 8C91090E 		.ascii	"\214\221\011\016\231\361\266\201\3471\263\300\301|i"
 230      99F1B681 
 230      E731B3C0 
 230      C17C69
 231 08f3 E5782A23 		.ascii	"\345x*#\005nD\311Lgf\236\203\231kc\0328\201\233\035"
 231      056E44C9 
 231      4C67669E 
 231      83996B63 
 231      1A38819B 
 232 0908 8C6D275A 		.ascii	"\214m'Z\305H\271\003\261v\305\323\330\321|\267#\211"
 232      C548B903 
 232      B176C5D3 
 232      D8D17CB7 
 232      2389
 233 091a 1C64916D 		.ascii	"\034d\221m\016\304\366\211v\235\221\"\007\362\235-\334"
 233      0EC4F689 
 233      769D9122 
 233      07F29D2D 
 233      DC
 234 092b 7CF6F485 		.ascii	"|\366\364\205\203\371\034\371^6\313{\271\006\215\267"
 234      83F91CF9 
 234      5E36CB7B 
 234      B9068DB7 
 235 093b 3A21F1A5 		.ascii	":!\361\245\307\266U-f\225\250C\345\261\355V\0261\363"
 235      C7B6552D 
 235      6695A843 
ARM GAS  /tmp/ccA0u9PM.s 			page 18


 235      E5B1ED56 
 235      1631F3
 236 094e 999B9132 		.ascii	"\231\233\2212\013\031\231\346@\362\254a/`$\337\375\264"
 236      0B1999E6 
 236      40F2AC61 
 236      2F6024DF 
 236      FDB4
 237 0960 C43FBF78 		.ascii	"\304?\277x\334e\256\374\306\267\020\214|\355@l\273\265"
 237      DC65AEFC 
 237      C6B7108C 
 237      7CED406C 
 237      BBB5
 238 0972 45EC69AA 		.ascii	"E\354i\252;\030%\323\3162_\271\327\000)3\213ef\271\027"
 238      3B1825D3 
 238      CE325FB9 
 238      D7002933 
 238      8B6566B9 
 239 0987 1B25F380 		.ascii	"\033%\363\200e\226\273\243\211\357\254\255y\345x\022"
 239      6596BBA3 
 239      89EFACAD 
 239      79E57812 
 240 0997 EC1BA36A 		.ascii	"\354\033\243jfv8tJlL\0133\305\356I\241\376\230\302\310"
 240      66763874 
 240      4A6C4C0B 
 240      33C5EE49 
 240      A1FE98C2 
 241 09ac 32F75222 		.ascii	"2\367R\"\221\033\214\254p\257\304j\017\317\310Nw0\022"
 241      911B8CAC 
 241      70AFC46A 
 241      0FCFC84E 
 241      773012
 242 09bf 39C7C806 		.ascii	"9\307\310\006\367Z\035\377\313\0043?8\030\333_\231\016"
 242      F75A1DFF 
 242      CB04333F 
 242      3818DB5F 
 242      990E
 243 09d1 3052EA5E 		.ascii	"0R\352^\326\342\237\235\314,r/\350\212Y\314\267j\212"
 243      D6E29F9D 
 243      CC2C722F 
 243      E88A59CC 
 243      B76A8A
 244 09e4 7BB5D66D 		.ascii	"{\265\326m{\357\012\204]\3061b\350\243\254\016\341\002"
 244      7BEF0A84 
 244      5DC63162 
 244      E8A3AC0E 
 244      E102
 245 09f6 C275846B 		.ascii	"\302u\204k\010\007\020Z\021N\323\023\202p\027!\206p"
 245      0807105A 
 245      114ED313 
 245      82701721 
 245      8670
 246 0a08 08A11AE1 		.ascii	"\010\241\032\341$B\033B%\302\015\204\233\010\265\010"
 246      24421B42 
 246      25C20D84 
 246      9B08B508 
 247 0a18 0711CE20 		.ascii	"\007\021\316 4!\324#\264 \354A\270\210p\025\3412B\025"
 247      3421D423 
ARM GAS  /tmp/ccA0u9PM.s 			page 19


 247      B420EC41 
 247      B8887015 
 247      E1324215 
 248 0a2c 4233420D 		.ascii	"B3B\015\302>\204[\010\307\020\216#\234B8\201\320\200"
 248      C23E845B 
 248      08C7108E 
 248      239C4238 
 248      81D080
 249 0a3f 701F612F 		.ascii	"p\037a/\302\025\204\375\010\347\021\032\021.!\334\246"
 249      C21584FD 
 249      08E7111A 
 249      112E21DC 
 249      A6
 250 0a50 6811EE21 		.ascii	"h\021\356!\034E8\207p\026\341\010\302aT\233\352:\036"
 250      1C453887 
 250      7016E108 
 250      C261549B 
 250      EA3A1E
 251 0a63 FC2170CD 		.ascii	"\374!p\315\035\231\303C\214lu/'\361-\013\347g\242{\245"
 251      1D99C343 
 251      8C6C752F 
 251      27F12D0B 
 251      E767A27B 
 252 0a78 557FB362 		.ascii	"U\177\263bd\216{9Q2g\330\325&\367\012I\014\236\365\232"
 252      648E7B39 
 252      513267D8 
 252      D526F70A 
 252      490C9EF5 
 253 0a8d FF57D272 		.ascii	"\377W\322rl\036>\367d\322\341\001\376O\244\235\006P"
 253      6C1E3EF7 
 253      64D2E101 
 253      FE4FA49D 
 253      0650
 254 0a9f B16CF785 		.ascii	"\261l\367\205.\326Gn\2735\322\016\203H\0316&\373\223"
 254      2ED6476E 
 254      BB35D20E 
 254      83481936 
 254      26FB93
 255 0ab2 3EDDB2BB 		.ascii	">\335\262\273g\017\0339\352\325\310\330\234WG\344h\235"
 255      670F1B39 
 255      EAD5C8D8 
 255      9C5747E4 
 255      689D
 256 0ac4 878F1E93 		.ascii	"\207\217\036\223\233\365i\267\354`P\373\315\230\254"
 256      9BF569B7 
 256      EC6050FB 
 256      CD98AC
 257 0ad3 B159B943 		.ascii	"\261Y\271C\377N%\367\2379Y\317w\357\356\037\033\371"
 257      FF4E25F7 
 257      9F3959CF 
 257      77EFEE1F 
 257      1BF9
 258 0ae5 C81F19F3 		.ascii	"\310\037\031\363\311\320q=\375\346\311\356\303\275o"
 258      C9D0713D 
 258      FDE6C9EE 
 258      C3BD6F
 259 0af4 BCF35E6A 		.ascii	"\274\363^jH\357\255%K\332 \207f\365\366g\217\312\365"
ARM GAS  /tmp/ccA0u9PM.s 			page 20


 259      48EFAD25 
 259      4BDA2087 
 259      66F5F667 
 259      8FCAF5
 260 0b07 0FF7E766 		.ascii	"\017\367\347f\347\370##s>\036\235\375\3210\177\356\230"
 260      E7F82323 
 260      733E1E9D 
 260      FDD1307F 
 260      EE98
 261 0b19 D1392387 		.ascii	"\3219#\207\367\320\273\215\315\315\016\006\306\365\354"
 261      F7D0BB8D 
 261      CDCD0E06 
 261      C6F5EC
 262 0b28 366EECDF 		.ascii	"6n\354\337\272E\262>\371hdn\267\021\377\360\017\313"
 262      BA45B23E 
 262      F968646E 
 262      B711FFF0 
 262      0FCB
 263 0b3a C9D17EF7 		.ascii	"\311\321~\367T\037Zg\251=\374\343\254acp\\0\220\224"
 263      541F5A67 
 263      A93DFCE3 
 263      AC616370 
 263      5C309094 
 264 0b4e 911E0A0D 		.ascii	"\221\036\012\015|#\354\0357rTn004\327\033N\317H\017"
 264      7C23EC1D 
 264      3772546E 
 264      303034D7 
 264      1B4ECF48 
 265 0b63 BF9F3E00 		.ascii	"\277\237>\000C\031a\317\353\003Ba_\374\210\256'\206"
 265      431961CF 
 265      EB034261 
 265      5FFC88AE 
 265      2786
 266 0b75 42838684 		.ascii	"B\203\206\204\203\262\011\310F\267\316\367H\314\010"
 266      83B209C8 
 266      46B7CEF7 
 266      48CC08
 267 0b84 0FE83F38 		.ascii	"\017\350?8\334)~\244o\247\376C^\017f\014N\177'l\364"
 267      DC297EA4 
 267      6FA7FE43 
 267      5E0F660C 
 267      4E7F276C 
 268 0b99 0266CF47 		.ascii	"\002f\317G=\335\354\005\254\256\316\327\364\351\324"
 268      3DDDEC05 
 268      ACAECED7 
 268      F4E9D4
 269 0ba8 FF4D758D 		.ascii	"\377Mu\215\217z\2018\031\357\352\306yy\021_\323;\311"
 269      8F7A8138 
 269      19EFEAC6 
 269      7979115F 
 269      D33BC9
 270 0bbb F043478C 		.ascii	"\360CG\2146@\255\327\0206\256\213w,\375^I\206\276\311"
 270      3640ADD7 
 270      1036AE8B 
 270      772CFD5E 
 270      4986BEC9 
 271 0bcf BC69B281 		.ascii	"\274i\262\201xG7\316\350v\335\236\306\345\301pF\246"
ARM GAS  /tmp/ccA0u9PM.s 			page 21


 271      784737CE 
 271      E876DD9E 
 271      C6E5C170 
 271      46A6
 272 0be1 2918303A 		.ascii	")\0300:\3068t\243\023\340\236\245\375\232!\025\224\330"
 272      C63874A3 
 272      13E09EA5 
 272      FD9A2115 
 272      94D8
 273 0bf3 9B920F70 		.ascii	"\233\222\017pO7N\232\0270\037\364\204\006\205\302T\015"
 273      4F374E9A 
 273      17301FF4 
 273      840685C2 
 273      540D
 274 0c05 34AA74EB 		.ascii	"4\252t\353D\240\323\220\267\337\016\016\014\367\017"
 274      44A0D390 
 274      B7DF0E0E 
 274      0CF70F
 275 0c14 85BD466F 		.ascii	"\205\275Fo\300\240\367\303\306\241\000\037\012\304\017"
 275      C0A0F7C3 
 275      C6A1001F 
 275      0AC40F
 276 0c23 E97C4837 		.ascii	"\351|H7\016\231\270yG\015(\336\321\215N\202Q\005\315"
 276      0E99B879 
 276      470D28DE 
 276      D18D4E82 
 276      5105CD
 277 0c36 3A60D656 		.ascii	":`\326V\340zB(\034\016\205\023\007\2052Bt\177\315& "
 277      E07A4228 
 277      1C0E8513 
 277      07853242 
 277      747FCD26 
 278 0c4b 1B0BEA21 		.ascii	"\033\013\352!\014?\341A\357\033\327\366R\363\313\234"
 278      0C3FE141 
 278      EF1BD7F6 
 278      52F3CB9C 
 279 0c5b 81FED0E0 		.ascii	"\201\376\320\340\214A\031~\232\201#\207g\37132\007\007"
 279      8C41197E 
 279      9A812387 
 279      67F93332 
 279      0707
 280 0c6d 03EFF5FC 		.ascii	"\003\357\365\374\364S\377\310Q\303\375j\212\006\311"
 280      F453FFC8 
 280      51C3FD6A 
 280      8A06C9
 281 0c7c EEFE81D6 		.ascii	"\356\376\201\3269\034\012\015\315\244\231= kD\342\353"
 281      391C0A0D 
 281      CDA4993D 
 281      206B44E2 
 281      EB
 282 0c8d 6F0D09F6 		.ascii	"o\015\011\366\010\033M\240\257l\372\310\246\267lz\311"
 282      081B4DA0 
 282      AF6CFAC8 
 282      A6B76C7A 
 282      C9
 283 0c9e A6A76C5E 		.ascii	"\246\247l^\223MP6\001\331\350\262\221*\272T\321\245"
 283      934D5036 
ARM GAS  /tmp/ccA0u9PM.s 			page 22


 283      01D9E8B2 
 283      912ABA54 
 283      D1A5
 284 0cb0 8A2E5574 		.ascii	"\212.Ut\251\242K\025]\252\350RE\227*\272T\321{\204\023"
 284      A9A24B15 
 284      5DAAE852 
 284      45972ABA 
 284      54D17B84 
 285 0cc5 A8E96BD6 		.ascii	"\250\351k\326}\314\272\267Y\3672\353\236f\375\232Y\007"
 285      7DCCBAB7 
 285      59F732EB 
 285      9E66FD9A 
 285      5907
 286 0cd7 CD3A60D6 		.ascii	"\315:`\326\272YS\004\351a#1\211\241w\337{'3\214\224"
 286      BA595304 
 286      E9612331 
 286      89A177DF 
 286      7B27338C 
 287 0cec BA848CC1 		.ascii	"\272\204\214\301\203\350!2*\221\021F\272\301\011\375"
 287      83E82132 
 287      2A911146 
 287      BAC109FD 
 288 0cfc 3329B19E 		.ascii	"3)\261\236\376\231\357\322T\315\314HO\037 \017\351\011"
 288      FE99EFD2 
 288      54CDCC48 
 288      4F1F200F 
 288      E909
 289 0d0e 03DFA606 		.ascii	"\003\337\246\006)\371T\002Tt3;z89\263\377\340!\361\214"
 289      29F95402 
 289      5474333B 
 289      7A3839B3 
 289      FFE021F1 
 290 0d23 FD170653 		.ascii	"\375\027\006S\213O"
 290      8B4F
 291              		.text
 292              		.section	.gnu.lto_.symtab.3e5e56dfe07e7bf7,"e",%progbits
 293 0000 72657365 		.ascii	"reset_get_type\000"
 293      745F6765 
 293      745F7479 
 293      706500
 294 000f 00       		.ascii	"\000"
 295 0010 00       		.ascii	"\000"
 296 0011 00       		.ascii	"\000"
 297 0012 00000000 		.ascii	"\000\000\000\000\000\000\000\000"
 297      00000000 
 298 001a C1000000 		.ascii	"\301\000\000\000"
 299 001e 72657365 		.ascii	"reset_clear\000"
 299      745F636C 
 299      65617200 
 300 002a 00       		.ascii	"\000"
 301 002b 00       		.ascii	"\000"
 302 002c 00       		.ascii	"\000"
 303 002d 00000000 		.ascii	"\000\000\000\000\000\000\000\000"
 303      00000000 
 304 0035 C4000000 		.ascii	"\304\000\000\000"
 305              		.text
 306              		.section	.gnu.lto_.ext_symtab.3e5e56dfe07e7bf7,"e",%progbits
ARM GAS  /tmp/ccA0u9PM.s 			page 23


 307 0000 01       		.ascii	"\001"
 308 0001 01       		.ascii	"\001"
 309 0002 00       		.ascii	"\000"
 310 0003 01       		.ascii	"\001"
 311 0004 00       		.ascii	"\000"
 312              		.text
 313              		.section	.gnu.lto_.opts,"e",%progbits
 314 0000 272D666E 		.ascii	"'-fno-openmp' '-fno-openacc' '-fno-pie' '-fcf-prote"
 314      6F2D6F70 
 314      656E6D70 
 314      2720272D 
 314      666E6F2D 
 315 0033 6374696F 		.ascii	"ction=none' '-mcpu=cortex-m33' '-mthumb' '-mfpu=fpv"
 315      6E3D6E6F 
 315      6E652720 
 315      272D6D63 
 315      70753D63 
 316 0066 342D7370 		.ascii	"4-sp-d16' '-mfloat-abi=hard' '-mlibarch=armv8-m.mai"
 316      2D643136 
 316      2720272D 
 316      6D666C6F 
 316      61742D61 
 317 0099 6E2B6473 		.ascii	"n+dsp+fp' '-march=armv8-m.main+dsp+fp' '-Os' '-flto"
 317      702B6670 
 317      2720272D 
 317      6D617263 
 317      683D6172 
 318 00cc 2720272D 		.ascii	"' '-fdata-sections' '-ffunction-sections' '-Xassemb"
 318      66646174 
 318      612D7365 
 318      6374696F 
 318      6E732720 
 319 00ff 6C657227 		.ascii	"ler' '-a' '-Xassembler' '-ad' '-Xassembler' '-alms="
 319      20272D61 
 319      2720272D 
 319      58617373 
 319      656D626C 
 320 0132 6275696C 		.ascii	"build/../sdk/drv_u5/reset.lst'\000"
 320      642F2E2E 
 320      2F73646B 
 320      2F647276 
 320      5F75352F 
 321              		.text
 322              		.comm	__gnu_lto_slim,1,1
 323              		.ident	"GCC: (15:10.3-2021.07-4) 10.3.1 20210621 (release)"
ARM GAS  /tmp/ccA0u9PM.s 			page 24


DEFINED SYMBOLS
                            *ABS*:0000000000000000 reset.c
                            *COM*:0000000000000001 __gnu_lto_slim

NO UNDEFINED SYMBOLS
