ARM GAS  /tmp/cc0lU7YH.s 			page 1


   1              		.cpu cortex-m33
   2              		.eabi_attribute 27, 1
   3              		.eabi_attribute 28, 1
   4              		.eabi_attribute 20, 1
   5              		.eabi_attribute 21, 1
   6              		.eabi_attribute 23, 3
   7              		.eabi_attribute 24, 1
   8              		.eabi_attribute 25, 1
   9              		.eabi_attribute 26, 1
  10              		.eabi_attribute 30, 4
  11              		.eabi_attribute 34, 1
  12              		.eabi_attribute 18, 4
  13              		.file	"wd.c"
  14              		.text
  15              		.section	.text.wd_init,"ax",%progbits
  16              		.align	1
  17              		.global	wd_init
  18              		.arch armv8-m.main
  19              		.arch_extension dsp
  20              		.syntax unified
  21              		.thumb
  22              		.thumb_func
  23              		.fpu fpv4-sp-d16
  25              	wd_init:
  26              		@ args = 0, pretend = 0, frame = 0
  27              		@ frame_needed = 0, uses_anonymous_args = 0
  28              		@ link register save eliminated.
  29 0000 7047     		bx	lr
  31              		.section	.text.wd_run,"ax",%progbits
  32              		.align	1
  33              		.global	wd_run
  34              		.syntax unified
  35              		.thumb
  36              		.thumb_func
  37              		.fpu fpv4-sp-d16
  39              	wd_run:
  40              		@ args = 0, pretend = 0, frame = 0
  41              		@ frame_needed = 0, uses_anonymous_args = 0
  42              		@ link register save eliminated.
  43 0000 4CF6CC42 		movw	r2, #52428
  44 0004 084B     		ldr	r3, .L5
  45 0006 1A60     		str	r2, [r3]
  46 0008 45F25552 		movw	r2, #21845
  47 000c 1A60     		str	r2, [r3]
  48 000e 0622     		movs	r2, #6
  49 0010 5A60     		str	r2, [r3, #4]
  50 0012 4FF49672 		mov	r2, #300
  51 0016 9A60     		str	r2, [r3, #8]
  52              	.L3:
  53 0018 DA68     		ldr	r2, [r3, #12]
  54 001a 002A     		cmp	r2, #0
  55 001c FCD1     		bne	.L3
  56 001e 4AF6AA22 		movw	r2, #43690
  57 0022 1A60     		str	r2, [r3]
  58 0024 7047     		bx	lr
  59              	.L6:
  60 0026 00BF     		.align	2
ARM GAS  /tmp/cc0lU7YH.s 			page 2


  61              	.L5:
  62 0028 00300040 		.word	1073754112
  64              		.section	.text.wd_reset,"ax",%progbits
  65              		.align	1
  66              		.global	wd_reset
  67              		.syntax unified
  68              		.thumb
  69              		.thumb_func
  70              		.fpu fpv4-sp-d16
  72              	wd_reset:
  73              		@ Volatile: function does not return.
  74              		@ args = 0, pretend = 0, frame = 0
  75              		@ frame_needed = 0, uses_anonymous_args = 0
  76              		@ link register save eliminated.
  77 0000 4BF29802 		movw	r2, #45208
  78 0004 094B     		ldr	r3, .L11
  79 0006 C3F80421 		str	r2, [r3, #260]
  80 000a 45F25552 		movw	r2, #21845
  81 000e C3F80001 		str	r0, [r3, #256]
  82 0012 074B     		ldr	r3, .L11+4
  83 0014 1A60     		str	r2, [r3]
  84 0016 0122     		movs	r2, #1
  85 0018 5A60     		str	r2, [r3, #4]
  86 001a 9A60     		str	r2, [r3, #8]
  87              	.L8:
  88 001c DA68     		ldr	r2, [r3, #12]
  89 001e 002A     		cmp	r2, #0
  90 0020 FCD1     		bne	.L8
  91 0022 4AF6AA22 		movw	r2, #43690
  92 0026 1A60     		str	r2, [r3]
  93              	.L9:
  94 0028 FEE7     		b	.L9
  95              	.L12:
  96 002a 00BF     		.align	2
  97              	.L11:
  98 002c 007C0046 		.word	1174436864
  99 0030 00300040 		.word	1073754112
 101              		.section	.text.wd_disable,"ax",%progbits
 102              		.align	1
 103              		.global	wd_disable
 104              		.syntax unified
 105              		.thumb
 106              		.thumb_func
 107              		.fpu fpv4-sp-d16
 109              	wd_disable:
 110              		@ args = 0, pretend = 0, frame = 0
 111              		@ frame_needed = 0, uses_anonymous_args = 0
 112              		@ link register save eliminated.
 113 0000 0022     		movs	r2, #0
 114 0002 014B     		ldr	r3, .L14
 115 0004 1A70     		strb	r2, [r3]
 116 0006 7047     		bx	lr
 117              	.L15:
 118              		.align	2
 119              	.L14:
 120 0008 00000000 		.word	.LANCHOR0
 122              		.section	.text.wd_feed,"ax",%progbits
ARM GAS  /tmp/cc0lU7YH.s 			page 3


 123              		.align	1
 124              		.global	wd_feed
 125              		.syntax unified
 126              		.thumb
 127              		.thumb_func
 128              		.fpu fpv4-sp-d16
 130              	wd_feed:
 131              		@ args = 0, pretend = 0, frame = 0
 132              		@ frame_needed = 0, uses_anonymous_args = 0
 133              		@ link register save eliminated.
 134 0000 034B     		ldr	r3, .L21
 135 0002 1B78     		ldrb	r3, [r3]	@ zero_extendqisi2
 136 0004 1BB1     		cbz	r3, .L16
 137 0006 4AF6AA22 		movw	r2, #43690
 138 000a 024B     		ldr	r3, .L21+4
 139 000c 1A60     		str	r2, [r3]
 140              	.L16:
 141 000e 7047     		bx	lr
 142              	.L22:
 143              		.align	2
 144              	.L21:
 145 0010 00000000 		.word	.LANCHOR0
 146 0014 00300040 		.word	1073754112
 148              		.section	.text.wd_set_timeout,"ax",%progbits
 149              		.align	1
 150              		.global	wd_set_timeout
 151              		.syntax unified
 152              		.thumb
 153              		.thumb_func
 154              		.fpu fpv4-sp-d16
 156              	wd_set_timeout:
 157              		@ args = 0, pretend = 0, frame = 0
 158              		@ frame_needed = 0, uses_anonymous_args = 0
 159              		@ link register save eliminated.
 160 0000 45F25552 		movw	r2, #21845
 161 0004 044B     		ldr	r3, .L26
 162 0006 1A60     		str	r2, [r3]
 163 0008 9860     		str	r0, [r3, #8]
 164              	.L24:
 165 000a DA68     		ldr	r2, [r3, #12]
 166 000c 002A     		cmp	r2, #0
 167 000e FCD1     		bne	.L24
 168 0010 4AF6AA22 		movw	r2, #43690
 169 0014 1A60     		str	r2, [r3]
 170 0016 7047     		bx	lr
 171              	.L27:
 172              		.align	2
 173              	.L26:
 174 0018 00300040 		.word	1073754112
 176              		.section	.data._wd_clr_enable,"aw"
 177              		.set	.LANCHOR0,. + 0
 180              	_wd_clr_enable:
 181 0000 01       		.byte	1
 182              		.ident	"GCC: (15:10.3-2021.07-4) 10.3.1 20210621 (release)"
ARM GAS  /tmp/cc0lU7YH.s 			page 4


DEFINED SYMBOLS
                            *ABS*:0000000000000000 wd.c
     /tmp/cc0lU7YH.s:16     .text.wd_init:0000000000000000 $t
     /tmp/cc0lU7YH.s:25     .text.wd_init:0000000000000000 wd_init
     /tmp/cc0lU7YH.s:32     .text.wd_run:0000000000000000 $t
     /tmp/cc0lU7YH.s:39     .text.wd_run:0000000000000000 wd_run
     /tmp/cc0lU7YH.s:62     .text.wd_run:0000000000000028 $d
     /tmp/cc0lU7YH.s:65     .text.wd_reset:0000000000000000 $t
     /tmp/cc0lU7YH.s:72     .text.wd_reset:0000000000000000 wd_reset
     /tmp/cc0lU7YH.s:98     .text.wd_reset:000000000000002c $d
     /tmp/cc0lU7YH.s:102    .text.wd_disable:0000000000000000 $t
     /tmp/cc0lU7YH.s:109    .text.wd_disable:0000000000000000 wd_disable
     /tmp/cc0lU7YH.s:120    .text.wd_disable:0000000000000008 $d
     /tmp/cc0lU7YH.s:123    .text.wd_feed:0000000000000000 $t
     /tmp/cc0lU7YH.s:130    .text.wd_feed:0000000000000000 wd_feed
     /tmp/cc0lU7YH.s:145    .text.wd_feed:0000000000000010 $d
     /tmp/cc0lU7YH.s:149    .text.wd_set_timeout:0000000000000000 $t
     /tmp/cc0lU7YH.s:156    .text.wd_set_timeout:0000000000000000 wd_set_timeout
     /tmp/cc0lU7YH.s:174    .text.wd_set_timeout:0000000000000018 $d
     /tmp/cc0lU7YH.s:180    .data._wd_clr_enable:0000000000000000 _wd_clr_enable

NO UNDEFINED SYMBOLS
